22:19:09.515 [Expansion Quests] Added objects set for quest ID=61001 from file=q61001
22:19:09.523 [Expansion Quests] Added objects set for quest ID=5201 from file=q5201
22:19:09.523 [Expansion Quests] Added objects set for quest ID=5202 from file=q5202
22:19:09.523 [Expansion Quests] Added objects set for quest ID=5203 from file=q5203
22:19:09.523 [Expansion Quests] Added objects set for quest ID=2201 from file=q2201
22:19:09.523 [Expansion Quests] Added objects set for quest ID=2202 from file=q2202
22:19:09.523 [Expansion Quests] Added objects set for quest ID=2203 from file=q2203
22:19:09.523 [Expansion Quests] Added objects set for quest ID=2204 from file=q2204
22:19:09.523 [Expansion Quests] Added objects set for quest ID=2205 from file=q2205
22:19:09.523 [Expansion Quests] Added objects set for quest ID=2101 from file=q2101
22:19:09.523 [Expansion Quests] Added objects set for quest ID=61601 from file=q61601
22:19:09.523 [Expansion Quests] Added objects set for quest ID=2102 from file=q2102
22:19:09.523 [Expansion Quests] Added objects set for quest ID=2103 from file=q2103
22:19:09.523 [Expansion Quests] Added objects set for quest ID=2104 from file=q2104
22:19:09.523 [Expansion Quests] Added objects set for quest ID=5101 from file=q5101
22:19:09.531 [Expansion Quests] Added objects set for quest ID=5102 from file=q5102
22:19:09.531 [Expansion Quests] Added objects set for quest ID=6601 from file=q6601
22:19:09.531 [Expansion Quests] Added objects set for quest ID=6501 from file=q6501
22:19:09.531 [Expansion Quests] Added objects set for quest ID=5301 from file=q5301
22:19:09.531 [Expansion Quests] Added objects set for quest ID=5302 from file=q5302
22:19:09.531 [Expansion Quests] Added objects set for quest ID=5303 from file=q5303
22:19:09.531 [Expansion Quests] Added objects set for quest ID=5304 from file=q5304
22:19:09.531 [Expansion Quests] Added objects set for quest ID=2105 from file=q2105
22:19:09.531 [Expansion Quests] Added objects set for quest ID=61501 from file=q61501
22:19:09.531 [Expansion Quests] Added objects set for quest ID=61502 from file=q61502
22:22:31.617 [Party] Player "Survivor (2)" (id=z63osPRVUnS8pzWmaenLtvu6c2gVxwL4gvA4elWPF5w=) joinded the party "Knight Fallen" (id=1 ownerUID=1OEPy6aKlMe0cmo8LieQDvVcsiu6iWAr2PUZdSF5eMI= ownerName=Survivor)
22:22:31.617 [Expansion Quests] Initialize quest system on the connected client with UID=z63osPRVUnS8pzWmaenLtvu6c2gVxwL4gvA4elWPF5w=
22:22:31.687 [Expansion Quests] Loaded existing player quest data for player with UID=z63osPRVUnS8pzWmaenLtvu6c2gVxwL4gvA4elWPF5w=
22:22:31.695 [Expansion Quests] Loaded existing group quest data for group with ID=1
22:22:31.695 [Expansion Quests] Check quest initialization for quest with ID=6101 | State=COMPLETED | Player UID=z63osPRVUnS8pzWmaenLtvu6c2gVxwL4gvA4elWPF5w=
22:22:31.695 [Expansion Quests] Check quest initialization for quest with ID=6401 | State=COMPLETED | Player UID=z63osPRVUnS8pzWmaenLtvu6c2gVxwL4gvA4elWPF5w=
22:22:31.695 [Expansion Quests] Check quest initialization for quest with ID=6501 | State=COMPLETED | Player UID=z63osPRVUnS8pzWmaenLtvu6c2gVxwL4gvA4elWPF5w=
22:22:31.695 [Expansion Quests] Check quest initialization for quest with ID=61101 | State=COMPLETED | Player UID=z63osPRVUnS8pzWmaenLtvu6c2gVxwL4gvA4elWPF5w=
22:22:31.695 [Expansion Quests] Check quest initialization for quest with ID=6601 | State=COMPLETED | Player UID=z63osPRVUnS8pzWmaenLtvu6c2gVxwL4gvA4elWPF5w=
22:22:31.695 [Expansion Quests] Check quest initialization for quest with ID=6901 | State=COMPLETED | Player UID=z63osPRVUnS8pzWmaenLtvu6c2gVxwL4gvA4elWPF5w=
22:22:31.695 [Expansion Quests] Check quest initialization for quest with ID=6201 | State=COMPLETED | Player UID=z63osPRVUnS8pzWmaenLtvu6c2gVxwL4gvA4elWPF5w=
22:22:31.695 [Expansion Quests] Check quest initialization for quest with ID=6701 | State=COMPLETED | Player UID=z63osPRVUnS8pzWmaenLtvu6c2gVxwL4gvA4elWPF5w=
22:22:31.695 [Expansion Quests] Check quest initialization for quest with ID=101 | State=COMPLETED | Player UID=z63osPRVUnS8pzWmaenLtvu6c2gVxwL4gvA4elWPF5w=
22:22:31.695 [Expansion Quests] Check quest initialization for quest with ID=6801 | State=COMPLETED | Player UID=z63osPRVUnS8pzWmaenLtvu6c2gVxwL4gvA4elWPF5w=
22:22:31.695 [Expansion Quests] Check quest initialization for quest with ID=61201 | State=STARTED | Player UID=z63osPRVUnS8pzWmaenLtvu6c2gVxwL4gvA4elWPF5w=
22:22:31.695 [Expansion Quests] Create new quest instance for quest with ID=61201 | Player UID=z63osPRVUnS8pzWmaenLtvu6c2gVxwL4gvA4elWPF5w=
22:22:31.695 [Expansion Quests] Check quest initialization for quest with ID=61301 | State=NONE | Player UID=z63osPRVUnS8pzWmaenLtvu6c2gVxwL4gvA4elWPF5w=
22:22:31.695 [Expansion Quests] Check quest initialization for quest with ID=6301 | State=COMPLETED | Player UID=z63osPRVUnS8pzWmaenLtvu6c2gVxwL4gvA4elWPF5w=
22:22:31.695 [Expansion Quests] Check quest initialization for quest with ID=61401 | State=NONE | Player UID=z63osPRVUnS8pzWmaenLtvu6c2gVxwL4gvA4elWPF5w=
22:22:31.695 [Expansion Quests] Check quest initialization for quest with ID=61001 | State=COMPLETED | Player UID=z63osPRVUnS8pzWmaenLtvu6c2gVxwL4gvA4elWPF5w=
22:22:31.695 [Expansion Quests] Check quest initialization for quest with ID=61501 | State=NONE | Player UID=z63osPRVUnS8pzWmaenLtvu6c2gVxwL4gvA4elWPF5w=
22:22:31.695 [Expansion Quests] Check quest initialization for quest with ID=61502 | State=COMPLETED | Player UID=z63osPRVUnS8pzWmaenLtvu6c2gVxwL4gvA4elWPF5w=
22:22:31.695 [Expansion Quests] Quest with ID=6401 is not a a valid achievement or auto start quest. Skip quest for player with UID=z63osPRVUnS8pzWmaenLtvu6c2gVxwL4gvA4elWPF5w=
22:22:31.695 [Expansion Quests] Quest with ID=61101 is not a a valid achievement or auto start quest. Skip quest for player with UID=z63osPRVUnS8pzWmaenLtvu6c2gVxwL4gvA4elWPF5w=
22:22:31.695 [Expansion Quests] Quest with ID=61001 is not a a valid achievement or auto start quest. Skip quest for player with UID=z63osPRVUnS8pzWmaenLtvu6c2gVxwL4gvA4elWPF5w=
22:22:31.695 [Expansion Quests] Quest with ID=61301 is not a a valid achievement or auto start quest. Skip quest for player with UID=z63osPRVUnS8pzWmaenLtvu6c2gVxwL4gvA4elWPF5w=
22:22:31.695 [Expansion Quests] Quest with ID=61401 is not a a valid achievement or auto start quest. Skip quest for player with UID=z63osPRVUnS8pzWmaenLtvu6c2gVxwL4gvA4elWPF5w=
22:22:31.695 [Expansion Quests] Quest with ID=6701 is not a a valid achievement or auto start quest. Skip quest for player with UID=z63osPRVUnS8pzWmaenLtvu6c2gVxwL4gvA4elWPF5w=
22:22:31.695 [Expansion Quests] Quest with ID=5201 is not a a valid achievement or auto start quest. Skip quest for player with UID=z63osPRVUnS8pzWmaenLtvu6c2gVxwL4gvA4elWPF5w=
22:22:31.695 [Expansion Quests] Quest with ID=5202 is not a a valid achievement or auto start quest. Skip quest for player with UID=z63osPRVUnS8pzWmaenLtvu6c2gVxwL4gvA4elWPF5w=
22:22:31.695 [Expansion Quests] Quest with ID=5203 is not a a valid achievement or auto start quest. Skip quest for player with UID=z63osPRVUnS8pzWmaenLtvu6c2gVxwL4gvA4elWPF5w=
22:22:31.695 [Expansion Quests] Quest with ID=6101 is not a a valid achievement or auto start quest. Skip quest for player with UID=z63osPRVUnS8pzWmaenLtvu6c2gVxwL4gvA4elWPF5w=
22:22:31.695 [Expansion Quests] Quest with ID=6801 is not a a valid achievement or auto start quest. Skip quest for player with UID=z63osPRVUnS8pzWmaenLtvu6c2gVxwL4gvA4elWPF5w=
22:22:31.695 [Expansion Quests] Quest with ID=6301 is not a a valid achievement or auto start quest. Skip quest for player with UID=z63osPRVUnS8pzWmaenLtvu6c2gVxwL4gvA4elWPF5w=
22:22:31.695 [Expansion Quests] Quest with ID=2201 is not a a valid achievement or auto start quest. Skip quest for player with UID=z63osPRVUnS8pzWmaenLtvu6c2gVxwL4gvA4elWPF5w=
22:22:31.695 [Expansion Quests] Quest with ID=2202 is not a a valid achievement or auto start quest. Skip quest for player with UID=z63osPRVUnS8pzWmaenLtvu6c2gVxwL4gvA4elWPF5w=
22:22:31.695 [Expansion Quests] Quest with ID=2203 is not a a valid achievement or auto start quest. Skip quest for player with UID=z63osPRVUnS8pzWmaenLtvu6c2gVxwL4gvA4elWPF5w=
22:22:31.695 [Expansion Quests] Quest with ID=2204 is not a a valid achievement or auto start quest. Skip quest for player with UID=z63osPRVUnS8pzWmaenLtvu6c2gVxwL4gvA4elWPF5w=
22:22:31.695 [Expansion Quests] Quest with ID=2205 is not a a valid achievement or auto start quest. Skip quest for player with UID=z63osPRVUnS8pzWmaenLtvu6c2gVxwL4gvA4elWPF5w=
22:22:31.695 [Expansion Quests] Quest with ID=2101 is not a a valid achievement or auto start quest. Skip quest for player with UID=z63osPRVUnS8pzWmaenLtvu6c2gVxwL4gvA4elWPF5w=
22:22:31.695 [Expansion Quests] Quest with ID=61601 is not a a valid achievement or auto start quest. Skip quest for player with UID=z63osPRVUnS8pzWmaenLtvu6c2gVxwL4gvA4elWPF5w=
22:22:31.695 [Expansion Quests] Quest with ID=6901 is not a a valid achievement or auto start quest. Skip quest for player with UID=z63osPRVUnS8pzWmaenLtvu6c2gVxwL4gvA4elWPF5w=
22:22:31.695 [Expansion Quests] Quest with ID=2102 is not a a valid achievement or auto start quest. Skip quest for player with UID=z63osPRVUnS8pzWmaenLtvu6c2gVxwL4gvA4elWPF5w=
22:22:31.695 [Expansion Quests] Quest with ID=2103 is not a a valid achievement or auto start quest. Skip quest for player with UID=z63osPRVUnS8pzWmaenLtvu6c2gVxwL4gvA4elWPF5w=
22:22:31.695 [Expansion Quests] Quest with ID=2104 is not a a valid achievement or auto start quest. Skip quest for player with UID=z63osPRVUnS8pzWmaenLtvu6c2gVxwL4gvA4elWPF5w=
22:22:31.695 [Expansion Quests] Quest with ID=6201 is not a a valid achievement or auto start quest. Skip quest for player with UID=z63osPRVUnS8pzWmaenLtvu6c2gVxwL4gvA4elWPF5w=
22:22:31.695 [Expansion Quests] Quest with ID=5101 is not a a valid achievement or auto start quest. Skip quest for player with UID=z63osPRVUnS8pzWmaenLtvu6c2gVxwL4gvA4elWPF5w=
22:22:31.695 [Expansion Quests] Quest with ID=5102 is not a a valid achievement or auto start quest. Skip quest for player with UID=z63osPRVUnS8pzWmaenLtvu6c2gVxwL4gvA4elWPF5w=
22:22:31.695 [Expansion Quests] Quest with ID=6601 is not a a valid achievement or auto start quest. Skip quest for player with UID=z63osPRVUnS8pzWmaenLtvu6c2gVxwL4gvA4elWPF5w=
22:22:31.695 [Expansion Quests] Quest with ID=6501 is not a a valid achievement or auto start quest. Skip quest for player with UID=z63osPRVUnS8pzWmaenLtvu6c2gVxwL4gvA4elWPF5w=
22:22:31.695 [Expansion Quests] Quest with ID=62001 is not a a valid achievement or auto start quest. Skip quest for player with UID=z63osPRVUnS8pzWmaenLtvu6c2gVxwL4gvA4elWPF5w=
22:22:31.695 [Expansion Quests] Quest with ID=5301 is not a a valid achievement or auto start quest. Skip quest for player with UID=z63osPRVUnS8pzWmaenLtvu6c2gVxwL4gvA4elWPF5w=
22:22:31.695 [Expansion Quests] Quest with ID=5302 is not a a valid achievement or auto start quest. Skip quest for player with UID=z63osPRVUnS8pzWmaenLtvu6c2gVxwL4gvA4elWPF5w=
22:22:31.695 [Expansion Quests] Quest with ID=5303 is not a a valid achievement or auto start quest. Skip quest for player with UID=z63osPRVUnS8pzWmaenLtvu6c2gVxwL4gvA4elWPF5w=
22:22:31.695 [Expansion Quests] Quest with ID=5304 is not a a valid achievement or auto start quest. Skip quest for player with UID=z63osPRVUnS8pzWmaenLtvu6c2gVxwL4gvA4elWPF5w=
22:22:31.695 [Expansion Quests] Quest with ID=2105 is not a a valid achievement or auto start quest. Skip quest for player with UID=z63osPRVUnS8pzWmaenLtvu6c2gVxwL4gvA4elWPF5w=
22:22:31.695 [Expansion Quests] Quest with ID=61501 is not a a valid achievement or auto start quest. Skip quest for player with UID=z63osPRVUnS8pzWmaenLtvu6c2gVxwL4gvA4elWPF5w=
22:22:31.695 [Expansion Quests] Quest with ID=61502 is not a a valid achievement or auto start quest. Skip quest for player with UID=z63osPRVUnS8pzWmaenLtvu6c2gVxwL4gvA4elWPF5w=
22:22:31.703 [Expansion Quests] Sending z63osPRVUnS8pzWmaenLtvu6c2gVxwL4gvA4elWPF5w= quest configs to client for player with UID=z63osPRVUnS8pzWmaenLtvu6c2gVxwL4gvA4elWPF5w=
22:22:31.703 [Expansion Quests] Sending player quest data for 17 quests to player with UID=z63osPRVUnS8pzWmaenLtvu6c2gVxwL4gvA4elWPF5w=
22:22:31.703 [AI Patrol 00098] Spawning 2 Nagornoye_Tier1 (Raiders) bots at <9509.759766, 259.908875, 14781.435547>
22:22:31.718 [AI Patrol 00098] Global patrol count: 1
22:22:31.718 [AI Patrol 00155] Spawning 1 Arsenyevo_Tier2RR (Raiders) bots at <8338.174805, 214.774826, 14038.480469>
22:22:31.734 [AI Patrol 00155] Global patrol count: 2
22:22:31.734 [AI Patrol 00152] Spawning 2 MilitaryKamensk_Tier3 (Raiders) bots at <8042.309082, 344.954254, 14704.379883>
22:22:31.750 [AI Patrol 00152] Global patrol count: 3
22:22:31.750 [AI Object Patrol 00190] Spawning 1 WaterPump_Tier0 (Raiders) bots at <8476.114258, 203.767075, 13946.562500>
22:22:31.757 [AI Object Patrol 00190] Global patrol count: 4
22:22:32.593 [Expansion Quests] - LoadGroupQuestData - Got cached group quest data for group with ID=1
22:22:58.984 [Party] Player "Survivor" (id=1OEPy6aKlMe0cmo8LieQDvVcsiu6iWAr2PUZdSF5eMI=) joinded the party "Knight Fallen" (id=1 ownerUID=1OEPy6aKlMe0cmo8LieQDvVcsiu6iWAr2PUZdSF5eMI= ownerName=Survivor)
22:22:58.984 [Expansion Quests] Initialize quest system on the connected client with UID=1OEPy6aKlMe0cmo8LieQDvVcsiu6iWAr2PUZdSF5eMI=
22:22:59.054 [Expansion Quests] Loaded existing player quest data for player with UID=1OEPy6aKlMe0cmo8LieQDvVcsiu6iWAr2PUZdSF5eMI=
22:22:59.054 [Expansion Quests] - LoadGroupQuestData - Got cached group quest data for group with ID=1
22:22:59.054 [Expansion Quests] Check quest initialization for quest with ID=6101 | State=COMPLETED | Player UID=1OEPy6aKlMe0cmo8LieQDvVcsiu6iWAr2PUZdSF5eMI=
22:22:59.054 [Expansion Quests] Check quest initialization for quest with ID=6401 | State=COMPLETED | Player UID=1OEPy6aKlMe0cmo8LieQDvVcsiu6iWAr2PUZdSF5eMI=
22:22:59.054 [Expansion Quests] Check quest initialization for quest with ID=101 | State=COMPLETED | Player UID=1OEPy6aKlMe0cmo8LieQDvVcsiu6iWAr2PUZdSF5eMI=
22:22:59.054 [Expansion Quests] Check quest initialization for quest with ID=61101 | State=COMPLETED | Player UID=1OEPy6aKlMe0cmo8LieQDvVcsiu6iWAr2PUZdSF5eMI=
22:22:59.054 [Expansion Quests] Check quest initialization for quest with ID=6601 | State=COMPLETED | Player UID=1OEPy6aKlMe0cmo8LieQDvVcsiu6iWAr2PUZdSF5eMI=
22:22:59.054 [Expansion Quests] Check quest initialization for quest with ID=6901 | State=COMPLETED | Player UID=1OEPy6aKlMe0cmo8LieQDvVcsiu6iWAr2PUZdSF5eMI=
22:22:59.054 [Expansion Quests] Check quest initialization for quest with ID=6701 | State=COMPLETED | Player UID=1OEPy6aKlMe0cmo8LieQDvVcsiu6iWAr2PUZdSF5eMI=
22:22:59.054 [Expansion Quests] Check quest initialization for quest with ID=6501 | State=COMPLETED | Player UID=1OEPy6aKlMe0cmo8LieQDvVcsiu6iWAr2PUZdSF5eMI=
22:22:59.054 [Expansion Quests] Check quest initialization for quest with ID=6801 | State=COMPLETED | Player UID=1OEPy6aKlMe0cmo8LieQDvVcsiu6iWAr2PUZdSF5eMI=
22:22:59.054 [Expansion Quests] Check quest initialization for quest with ID=61301 | State=NONE | Player UID=1OEPy6aKlMe0cmo8LieQDvVcsiu6iWAr2PUZdSF5eMI=
22:22:59.054 [Expansion Quests] Check quest initialization for quest with ID=61501 | State=NONE | Player UID=1OEPy6aKlMe0cmo8LieQDvVcsiu6iWAr2PUZdSF5eMI=
22:22:59.054 [Expansion Quests] Check quest initialization for quest with ID=6201 | State=COMPLETED | Player UID=1OEPy6aKlMe0cmo8LieQDvVcsiu6iWAr2PUZdSF5eMI=
22:22:59.054 [Expansion Quests] Check quest initialization for quest with ID=61001 | State=COMPLETED | Player UID=1OEPy6aKlMe0cmo8LieQDvVcsiu6iWAr2PUZdSF5eMI=
22:22:59.054 [Expansion Quests] Check quest initialization for quest with ID=6301 | State=COMPLETED | Player UID=1OEPy6aKlMe0cmo8LieQDvVcsiu6iWAr2PUZdSF5eMI=
22:22:59.054 [Expansion Quests] Check quest initialization for quest with ID=61502 | State=COMPLETED | Player UID=1OEPy6aKlMe0cmo8LieQDvVcsiu6iWAr2PUZdSF5eMI=
22:22:59.054 [Expansion Quests] Quest with ID=6401 is not a a valid achievement or auto start quest. Skip quest for player with UID=1OEPy6aKlMe0cmo8LieQDvVcsiu6iWAr2PUZdSF5eMI=
22:22:59.054 [Expansion Quests] Quest with ID=61101 is not a a valid achievement or auto start quest. Skip quest for player with UID=1OEPy6aKlMe0cmo8LieQDvVcsiu6iWAr2PUZdSF5eMI=
22:22:59.054 [Expansion Quests] Quest with ID=61001 is not a a valid achievement or auto start quest. Skip quest for player with UID=1OEPy6aKlMe0cmo8LieQDvVcsiu6iWAr2PUZdSF5eMI=
22:22:59.054 [Expansion Quests] Quest with ID=61301 is not a a valid achievement or auto start quest. Skip quest for player with UID=1OEPy6aKlMe0cmo8LieQDvVcsiu6iWAr2PUZdSF5eMI=
22:22:59.054 [Expansion Quests] Quest with ID=61401 is not a a valid achievement or auto start quest. Skip quest for player with UID=1OEPy6aKlMe0cmo8LieQDvVcsiu6iWAr2PUZdSF5eMI=
22:22:59.054 [Expansion Quests] Quest with ID=6701 is not a a valid achievement or auto start quest. Skip quest for player with UID=1OEPy6aKlMe0cmo8LieQDvVcsiu6iWAr2PUZdSF5eMI=
22:22:59.054 [Expansion Quests] Quest with ID=5201 is not a a valid achievement or auto start quest. Skip quest for player with UID=1OEPy6aKlMe0cmo8LieQDvVcsiu6iWAr2PUZdSF5eMI=
22:22:59.054 [Expansion Quests] Quest with ID=5202 is not a a valid achievement or auto start quest. Skip quest for player with UID=1OEPy6aKlMe0cmo8LieQDvVcsiu6iWAr2PUZdSF5eMI=
22:22:59.054 [Expansion Quests] Quest with ID=5203 is not a a valid achievement or auto start quest. Skip quest for player with UID=1OEPy6aKlMe0cmo8LieQDvVcsiu6iWAr2PUZdSF5eMI=
22:22:59.054 [Expansion Quests] Quest with ID=6101 is not a a valid achievement or auto start quest. Skip quest for player with UID=1OEPy6aKlMe0cmo8LieQDvVcsiu6iWAr2PUZdSF5eMI=
22:22:59.054 [Expansion Quests] Quest with ID=6801 is not a a valid achievement or auto start quest. Skip quest for player with UID=1OEPy6aKlMe0cmo8LieQDvVcsiu6iWAr2PUZdSF5eMI=
22:22:59.054 [Expansion Quests] Quest with ID=6301 is not a a valid achievement or auto start quest. Skip quest for player with UID=1OEPy6aKlMe0cmo8LieQDvVcsiu6iWAr2PUZdSF5eMI=
22:22:59.054 [Expansion Quests] Quest with ID=2201 is not a a valid achievement or auto start quest. Skip quest for player with UID=1OEPy6aKlMe0cmo8LieQDvVcsiu6iWAr2PUZdSF5eMI=
22:22:59.054 [Expansion Quests] Quest with ID=2202 is not a a valid achievement or auto start quest. Skip quest for player with UID=1OEPy6aKlMe0cmo8LieQDvVcsiu6iWAr2PUZdSF5eMI=
22:22:59.054 [Expansion Quests] Quest with ID=2203 is not a a valid achievement or auto start quest. Skip quest for player with UID=1OEPy6aKlMe0cmo8LieQDvVcsiu6iWAr2PUZdSF5eMI=
22:22:59.054 [Expansion Quests] Quest with ID=2204 is not a a valid achievement or auto start quest. Skip quest for player with UID=1OEPy6aKlMe0cmo8LieQDvVcsiu6iWAr2PUZdSF5eMI=
22:22:59.054 [Expansion Quests] Quest with ID=2205 is not a a valid achievement or auto start quest. Skip quest for player with UID=1OEPy6aKlMe0cmo8LieQDvVcsiu6iWAr2PUZdSF5eMI=
22:22:59.054 [Expansion Quests] Quest with ID=2101 is not a a valid achievement or auto start quest. Skip quest for player with UID=1OEPy6aKlMe0cmo8LieQDvVcsiu6iWAr2PUZdSF5eMI=
22:22:59.054 [Expansion Quests] Quest with ID=61601 is not a a valid achievement or auto start quest. Skip quest for player with UID=1OEPy6aKlMe0cmo8LieQDvVcsiu6iWAr2PUZdSF5eMI=
22:22:59.054 [Expansion Quests] Quest with ID=6901 is not a a valid achievement or auto start quest. Skip quest for player with UID=1OEPy6aKlMe0cmo8LieQDvVcsiu6iWAr2PUZdSF5eMI=
22:22:59.054 [Expansion Quests] Quest with ID=2102 is not a a valid achievement or auto start quest. Skip quest for player with UID=1OEPy6aKlMe0cmo8LieQDvVcsiu6iWAr2PUZdSF5eMI=
22:22:59.054 [Expansion Quests] Quest with ID=2103 is not a a valid achievement or auto start quest. Skip quest for player with UID=1OEPy6aKlMe0cmo8LieQDvVcsiu6iWAr2PUZdSF5eMI=
22:22:59.054 [Expansion Quests] Quest with ID=2104 is not a a valid achievement or auto start quest. Skip quest for player with UID=1OEPy6aKlMe0cmo8LieQDvVcsiu6iWAr2PUZdSF5eMI=
22:22:59.054 [Expansion Quests] Quest with ID=6201 is not a a valid achievement or auto start quest. Skip quest for player with UID=1OEPy6aKlMe0cmo8LieQDvVcsiu6iWAr2PUZdSF5eMI=
22:22:59.054 [Expansion Quests] Quest with ID=5101 is not a a valid achievement or auto start quest. Skip quest for player with UID=1OEPy6aKlMe0cmo8LieQDvVcsiu6iWAr2PUZdSF5eMI=
22:22:59.054 [Expansion Quests] Quest with ID=5102 is not a a valid achievement or auto start quest. Skip quest for player with UID=1OEPy6aKlMe0cmo8LieQDvVcsiu6iWAr2PUZdSF5eMI=
22:22:59.054 [Expansion Quests] Quest with ID=6601 is not a a valid achievement or auto start quest. Skip quest for player with UID=1OEPy6aKlMe0cmo8LieQDvVcsiu6iWAr2PUZdSF5eMI=
22:22:59.054 [Expansion Quests] Quest with ID=6501 is not a a valid achievement or auto start quest. Skip quest for player with UID=1OEPy6aKlMe0cmo8LieQDvVcsiu6iWAr2PUZdSF5eMI=
22:22:59.054 [Expansion Quests] Quest with ID=62001 is not a a valid achievement or auto start quest. Skip quest for player with UID=1OEPy6aKlMe0cmo8LieQDvVcsiu6iWAr2PUZdSF5eMI=
22:22:59.054 [Expansion Quests] Quest with ID=61201 is not a a valid achievement or auto start quest. Skip quest for player with UID=1OEPy6aKlMe0cmo8LieQDvVcsiu6iWAr2PUZdSF5eMI=
22:22:59.054 [Expansion Quests] Quest with ID=5301 is not a a valid achievement or auto start quest. Skip quest for player with UID=1OEPy6aKlMe0cmo8LieQDvVcsiu6iWAr2PUZdSF5eMI=
22:22:59.054 [Expansion Quests] Quest with ID=5302 is not a a valid achievement or auto start quest. Skip quest for player with UID=1OEPy6aKlMe0cmo8LieQDvVcsiu6iWAr2PUZdSF5eMI=
22:22:59.054 [Expansion Quests] Quest with ID=5303 is not a a valid achievement or auto start quest. Skip quest for player with UID=1OEPy6aKlMe0cmo8LieQDvVcsiu6iWAr2PUZdSF5eMI=
22:22:59.054 [Expansion Quests] Quest with ID=5304 is not a a valid achievement or auto start quest. Skip quest for player with UID=1OEPy6aKlMe0cmo8LieQDvVcsiu6iWAr2PUZdSF5eMI=
22:22:59.054 [Expansion Quests] Quest with ID=2105 is not a a valid achievement or auto start quest. Skip quest for player with UID=1OEPy6aKlMe0cmo8LieQDvVcsiu6iWAr2PUZdSF5eMI=
22:22:59.054 [Expansion Quests] Quest with ID=61501 is not a a valid achievement or auto start quest. Skip quest for player with UID=1OEPy6aKlMe0cmo8LieQDvVcsiu6iWAr2PUZdSF5eMI=
22:22:59.054 [Expansion Quests] Quest with ID=61502 is not a a valid achievement or auto start quest. Skip quest for player with UID=1OEPy6aKlMe0cmo8LieQDvVcsiu6iWAr2PUZdSF5eMI=
22:22:59.062 [Expansion Quests] Sending 1OEPy6aKlMe0cmo8LieQDvVcsiu6iWAr2PUZdSF5eMI= quest configs to client for player with UID=1OEPy6aKlMe0cmo8LieQDvVcsiu6iWAr2PUZdSF5eMI=
22:22:59.062 [Expansion Quests] Sending player quest data for 15 quests to player with UID=1OEPy6aKlMe0cmo8LieQDvVcsiu6iWAr2PUZdSF5eMI=
22:22:59.953 [Expansion Quests] - LoadGroupQuestData - Got cached group quest data for group with ID=1
22:24:12.656 [Party] Player "acey" (id=zc8VdK3LmE4uE8VdKbx2bOGlKghmh6pN2ye-63D6kCk=) joinded the party "Knight Fallen" (id=1 ownerUID=1OEPy6aKlMe0cmo8LieQDvVcsiu6iWAr2PUZdSF5eMI= ownerName=Survivor)
22:24:12.656 [Expansion Quests] Initialize quest system on the connected client with UID=zc8VdK3LmE4uE8VdKbx2bOGlKghmh6pN2ye-63D6kCk=
22:24:12.726 [Expansion Quests] Loaded existing player quest data for player with UID=zc8VdK3LmE4uE8VdKbx2bOGlKghmh6pN2ye-63D6kCk=
22:24:12.726 [Expansion Quests] - LoadGroupQuestData - Got cached group quest data for group with ID=1
22:24:12.726 [Expansion Quests] Check quest initialization for quest with ID=6101 | State=COMPLETED | Player UID=zc8VdK3LmE4uE8VdKbx2bOGlKghmh6pN2ye-63D6kCk=
22:24:12.726 [Expansion Quests] Check quest initialization for quest with ID=6401 | State=COMPLETED | Player UID=zc8VdK3LmE4uE8VdKbx2bOGlKghmh6pN2ye-63D6kCk=
22:24:12.726 [Expansion Quests] Check quest initialization for quest with ID=101 | State=COMPLETED | Player UID=zc8VdK3LmE4uE8VdKbx2bOGlKghmh6pN2ye-63D6kCk=
22:24:12.726 [Expansion Quests] Check quest initialization for quest with ID=61101 | State=COMPLETED | Player UID=zc8VdK3LmE4uE8VdKbx2bOGlKghmh6pN2ye-63D6kCk=
22:24:12.726 [Expansion Quests] Check quest initialization for quest with ID=6601 | State=COMPLETED | Player UID=zc8VdK3LmE4uE8VdKbx2bOGlKghmh6pN2ye-63D6kCk=
22:24:12.726 [Expansion Quests] Check quest initialization for quest with ID=6901 | State=COMPLETED | Player UID=zc8VdK3LmE4uE8VdKbx2bOGlKghmh6pN2ye-63D6kCk=
22:24:12.726 [Expansion Quests] Check quest initialization for quest with ID=6701 | State=COMPLETED | Player UID=zc8VdK3LmE4uE8VdKbx2bOGlKghmh6pN2ye-63D6kCk=
22:24:12.726 [Expansion Quests] Check quest initialization for quest with ID=6501 | State=COMPLETED | Player UID=zc8VdK3LmE4uE8VdKbx2bOGlKghmh6pN2ye-63D6kCk=
22:24:12.726 [Expansion Quests] Check quest initialization for quest with ID=6801 | State=COMPLETED | Player UID=zc8VdK3LmE4uE8VdKbx2bOGlKghmh6pN2ye-63D6kCk=
22:24:12.726 [Expansion Quests] Check quest initialization for quest with ID=61301 | State=NONE | Player UID=zc8VdK3LmE4uE8VdKbx2bOGlKghmh6pN2ye-63D6kCk=
22:24:12.726 [Expansion Quests] Check quest initialization for quest with ID=61501 | State=NONE | Player UID=zc8VdK3LmE4uE8VdKbx2bOGlKghmh6pN2ye-63D6kCk=
22:24:12.726 [Expansion Quests] Check quest initialization for quest with ID=6201 | State=COMPLETED | Player UID=zc8VdK3LmE4uE8VdKbx2bOGlKghmh6pN2ye-63D6kCk=
22:24:12.726 [Expansion Quests] Check quest initialization for quest with ID=61001 | State=COMPLETED | Player UID=zc8VdK3LmE4uE8VdKbx2bOGlKghmh6pN2ye-63D6kCk=
22:24:12.726 [Expansion Quests] Check quest initialization for quest with ID=6301 | State=COMPLETED | Player UID=zc8VdK3LmE4uE8VdKbx2bOGlKghmh6pN2ye-63D6kCk=
22:24:12.726 [Expansion Quests] Check quest initialization for quest with ID=61502 | State=COMPLETED | Player UID=zc8VdK3LmE4uE8VdKbx2bOGlKghmh6pN2ye-63D6kCk=
22:24:12.726 [Expansion Quests] Quest with ID=6401 is not a a valid achievement or auto start quest. Skip quest for player with UID=zc8VdK3LmE4uE8VdKbx2bOGlKghmh6pN2ye-63D6kCk=
22:24:12.734 [Expansion Quests] Quest with ID=61101 is not a a valid achievement or auto start quest. Skip quest for player with UID=zc8VdK3LmE4uE8VdKbx2bOGlKghmh6pN2ye-63D6kCk=
22:24:12.734 [Expansion Quests] Quest with ID=61001 is not a a valid achievement or auto start quest. Skip quest for player with UID=zc8VdK3LmE4uE8VdKbx2bOGlKghmh6pN2ye-63D6kCk=
22:24:12.734 [Expansion Quests] Quest with ID=61301 is not a a valid achievement or auto start quest. Skip quest for player with UID=zc8VdK3LmE4uE8VdKbx2bOGlKghmh6pN2ye-63D6kCk=
22:24:12.734 [Expansion Quests] Quest with ID=61401 is not a a valid achievement or auto start quest. Skip quest for player with UID=zc8VdK3LmE4uE8VdKbx2bOGlKghmh6pN2ye-63D6kCk=
22:24:12.734 [Expansion Quests] Quest with ID=6701 is not a a valid achievement or auto start quest. Skip quest for player with UID=zc8VdK3LmE4uE8VdKbx2bOGlKghmh6pN2ye-63D6kCk=
22:24:12.734 [Expansion Quests] Quest with ID=5201 is not a a valid achievement or auto start quest. Skip quest for player with UID=zc8VdK3LmE4uE8VdKbx2bOGlKghmh6pN2ye-63D6kCk=
22:24:12.734 [Expansion Quests] Quest with ID=5202 is not a a valid achievement or auto start quest. Skip quest for player with UID=zc8VdK3LmE4uE8VdKbx2bOGlKghmh6pN2ye-63D6kCk=
22:24:12.734 [Expansion Quests] Quest with ID=5203 is not a a valid achievement or auto start quest. Skip quest for player with UID=zc8VdK3LmE4uE8VdKbx2bOGlKghmh6pN2ye-63D6kCk=
22:24:12.734 [Expansion Quests] Quest with ID=6101 is not a a valid achievement or auto start quest. Skip quest for player with UID=zc8VdK3LmE4uE8VdKbx2bOGlKghmh6pN2ye-63D6kCk=
22:24:12.734 [Expansion Quests] Quest with ID=6801 is not a a valid achievement or auto start quest. Skip quest for player with UID=zc8VdK3LmE4uE8VdKbx2bOGlKghmh6pN2ye-63D6kCk=
22:24:12.734 [Expansion Quests] Quest with ID=6301 is not a a valid achievement or auto start quest. Skip quest for player with UID=zc8VdK3LmE4uE8VdKbx2bOGlKghmh6pN2ye-63D6kCk=
22:24:12.734 [Expansion Quests] Quest with ID=2201 is not a a valid achievement or auto start quest. Skip quest for player with UID=zc8VdK3LmE4uE8VdKbx2bOGlKghmh6pN2ye-63D6kCk=
22:24:12.734 [Expansion Quests] Quest with ID=2202 is not a a valid achievement or auto start quest. Skip quest for player with UID=zc8VdK3LmE4uE8VdKbx2bOGlKghmh6pN2ye-63D6kCk=
22:24:12.734 [Expansion Quests] Quest with ID=2203 is not a a valid achievement or auto start quest. Skip quest for player with UID=zc8VdK3LmE4uE8VdKbx2bOGlKghmh6pN2ye-63D6kCk=
22:24:12.734 [Expansion Quests] Quest with ID=2204 is not a a valid achievement or auto start quest. Skip quest for player with UID=zc8VdK3LmE4uE8VdKbx2bOGlKghmh6pN2ye-63D6kCk=
22:24:12.734 [Expansion Quests] Quest with ID=2205 is not a a valid achievement or auto start quest. Skip quest for player with UID=zc8VdK3LmE4uE8VdKbx2bOGlKghmh6pN2ye-63D6kCk=
22:24:12.734 [Expansion Quests] Quest with ID=2101 is not a a valid achievement or auto start quest. Skip quest for player with UID=zc8VdK3LmE4uE8VdKbx2bOGlKghmh6pN2ye-63D6kCk=
22:24:12.734 [Expansion Quests] Quest with ID=61601 is not a a valid achievement or auto start quest. Skip quest for player with UID=zc8VdK3LmE4uE8VdKbx2bOGlKghmh6pN2ye-63D6kCk=
22:24:12.734 [Expansion Quests] Quest with ID=6901 is not a a valid achievement or auto start quest. Skip quest for player with UID=zc8VdK3LmE4uE8VdKbx2bOGlKghmh6pN2ye-63D6kCk=
22:24:12.734 [Expansion Quests] Quest with ID=2102 is not a a valid achievement or auto start quest. Skip quest for player with UID=zc8VdK3LmE4uE8VdKbx2bOGlKghmh6pN2ye-63D6kCk=
22:24:12.734 [Expansion Quests] Quest with ID=2103 is not a a valid achievement or auto start quest. Skip quest for player with UID=zc8VdK3LmE4uE8VdKbx2bOGlKghmh6pN2ye-63D6kCk=
22:24:12.734 [Expansion Quests] Quest with ID=2104 is not a a valid achievement or auto start quest. Skip quest for player with UID=zc8VdK3LmE4uE8VdKbx2bOGlKghmh6pN2ye-63D6kCk=
22:24:12.734 [Expansion Quests] Quest with ID=6201 is not a a valid achievement or auto start quest. Skip quest for player with UID=zc8VdK3LmE4uE8VdKbx2bOGlKghmh6pN2ye-63D6kCk=
22:24:12.734 [Expansion Quests] Quest with ID=5101 is not a a valid achievement or auto start quest. Skip quest for player with UID=zc8VdK3LmE4uE8VdKbx2bOGlKghmh6pN2ye-63D6kCk=
22:24:12.734 [Expansion Quests] Quest with ID=5102 is not a a valid achievement or auto start quest. Skip quest for player with UID=zc8VdK3LmE4uE8VdKbx2bOGlKghmh6pN2ye-63D6kCk=
22:24:12.734 [Expansion Quests] Quest with ID=6601 is not a a valid achievement or auto start quest. Skip quest for player with UID=zc8VdK3LmE4uE8VdKbx2bOGlKghmh6pN2ye-63D6kCk=
22:24:12.734 [Expansion Quests] Quest with ID=6501 is not a a valid achievement or auto start quest. Skip quest for player with UID=zc8VdK3LmE4uE8VdKbx2bOGlKghmh6pN2ye-63D6kCk=
22:24:12.734 [Expansion Quests] Quest with ID=62001 is not a a valid achievement or auto start quest. Skip quest for player with UID=zc8VdK3LmE4uE8VdKbx2bOGlKghmh6pN2ye-63D6kCk=
22:24:12.734 [Expansion Quests] Quest with ID=61201 is not a a valid achievement or auto start quest. Skip quest for player with UID=zc8VdK3LmE4uE8VdKbx2bOGlKghmh6pN2ye-63D6kCk=
22:24:12.734 [Expansion Quests] Quest with ID=5301 is not a a valid achievement or auto start quest. Skip quest for player with UID=zc8VdK3LmE4uE8VdKbx2bOGlKghmh6pN2ye-63D6kCk=
22:24:12.734 [Expansion Quests] Quest with ID=5302 is not a a valid achievement or auto start quest. Skip quest for player with UID=zc8VdK3LmE4uE8VdKbx2bOGlKghmh6pN2ye-63D6kCk=
22:24:12.734 [Expansion Quests] Quest with ID=5303 is not a a valid achievement or auto start quest. Skip quest for player with UID=zc8VdK3LmE4uE8VdKbx2bOGlKghmh6pN2ye-63D6kCk=
22:24:12.734 [Expansion Quests] Quest with ID=5304 is not a a valid achievement or auto start quest. Skip quest for player with UID=zc8VdK3LmE4uE8VdKbx2bOGlKghmh6pN2ye-63D6kCk=
22:24:12.734 [Expansion Quests] Quest with ID=2105 is not a a valid achievement or auto start quest. Skip quest for player with UID=zc8VdK3LmE4uE8VdKbx2bOGlKghmh6pN2ye-63D6kCk=
22:24:12.734 [Expansion Quests] Quest with ID=61501 is not a a valid achievement or auto start quest. Skip quest for player with UID=zc8VdK3LmE4uE8VdKbx2bOGlKghmh6pN2ye-63D6kCk=
22:24:12.734 [Expansion Quests] Quest with ID=61502 is not a a valid achievement or auto start quest. Skip quest for player with UID=zc8VdK3LmE4uE8VdKbx2bOGlKghmh6pN2ye-63D6kCk=
22:24:12.734 [Expansion Quests] Sending zc8VdK3LmE4uE8VdKbx2bOGlKghmh6pN2ye-63D6kCk= quest configs to client for player with UID=zc8VdK3LmE4uE8VdKbx2bOGlKghmh6pN2ye-63D6kCk=
22:24:12.742 [Expansion Quests] Sending player quest data for 15 quests to player with UID=zc8VdK3LmE4uE8VdKbx2bOGlKghmh6pN2ye-63D6kCk=
22:24:13.617 [Expansion Quests] - LoadGroupQuestData - Got cached group quest data for group with ID=1
22:24:41.468 [MissionAirdrop] An airdrop is heading towards "Novy Sobor" (pos=<7436.000000, 0.000000, 7720.000000> type=Random_Novy Sobor) with a ExpansionAirdropContainer_Medical
22:24:42.367 [VehicleEnter] Player acey [uid=zc8VdK3LmE4uE8VdKbx2bOGlKghmh6pN2ye-63D6kCk=] entered vehicle Gunter 2 (id=D8779D4FE8475A234507A9A7CFBEFA23 pos=<8834.433594, 281.328369, 14622.099609>) as driver
22:24:51.179 [VehicleEngine] Player "acey" [uid=zc8VdK3LmE4uE8VdKbx2bOGlKghmh6pN2ye-63D6kCk=] started vehicle Gunter 2 (id=D8779D4FE8475A234507A9A7CFBEFA23 pos=<8834.433594, 281.328369, 14622.099609>)
22:25:19.640 [VehicleEnter] Player Survivor (2) [uid=z63osPRVUnS8pzWmaenLtvu6c2gVxwL4gvA4elWPF5w=] entered vehicle Gunter 2 (id=D8779D4FE8475A234507A9A7CFBEFA23 pos=<8852.478516, 280.715424, 14631.286133>) as passenger
22:25:20.453 [VehicleEnter] Player Survivor [uid=1OEPy6aKlMe0cmo8LieQDvVcsiu6iWAr2PUZdSF5eMI=] entered vehicle Gunter 2 (id=D8779D4FE8475A234507A9A7CFBEFA23 pos=<8852.478516, 280.715302, 14631.282227>) as passenger
22:26:06.156 [AI Patrol 00118] Spawning 1 Svirigino_Tier2 (Raiders) bots at <9194.356445, 81.667458, 13621.220703>
22:26:06.250 [AI Patrol 00118] Global patrol count: 5
22:26:12.937 [AI Patrol 00104] Spawning 1 Svergino_Tier2RR (Raiders) bots at <9691.614258, 74.510788, 13756.275391>
22:26:12.960 [AI Patrol 00104] Global patrol count: 6
22:26:21.726 [VehicleLeave] Player Survivor [uid=1OEPy6aKlMe0cmo8LieQDvVcsiu6iWAr2PUZdSF5eMI=] left vehicle Gunter 2 (id=D8779D4FE8475A234507A9A7CFBEFA23 pos=<9025.466797, 227.262466, 14392.685547>)
22:26:22.351 [VehicleLeave] Player acey [uid=zc8VdK3LmE4uE8VdKbx2bOGlKghmh6pN2ye-63D6kCk=] left vehicle Gunter 2 (id=D8779D4FE8475A234507A9A7CFBEFA23 pos=<9025.491211, 227.255112, 14392.636719>)
22:26:27.890 [VehicleEnter] Player Survivor [uid=1OEPy6aKlMe0cmo8LieQDvVcsiu6iWAr2PUZdSF5eMI=] entered vehicle Gunter 2 (id=D8779D4FE8475A234507A9A7CFBEFA23 pos=<9025.573242, 227.230698, 14392.472656>) as driver
22:26:28.101 [VehicleEnter] Player acey [uid=zc8VdK3LmE4uE8VdKbx2bOGlKghmh6pN2ye-63D6kCk=] entered vehicle Gunter 2 (id=D8779D4FE8475A234507A9A7CFBEFA23 pos=<9025.581055, 227.228287, 14392.457031>) as passenger
22:26:30.734 [VehicleEngine] Player "Survivor" [uid=1OEPy6aKlMe0cmo8LieQDvVcsiu6iWAr2PUZdSF5eMI=] started vehicle Gunter 2 (id=D8779D4FE8475A234507A9A7CFBEFA23 pos=<9025.683594, 227.197739, 14392.252930>)
22:28:09.453 [VehicleLeave] Player Survivor (2) [uid=z63osPRVUnS8pzWmaenLtvu6c2gVxwL4gvA4elWPF5w=] left vehicle Gunter 2 (id=D8779D4FE8475A234507A9A7CFBEFA23 pos=<9704.248047, 136.248550, 14080.041992>)
22:28:12.632 [VehicleLeave] Player acey [uid=zc8VdK3LmE4uE8VdKbx2bOGlKghmh6pN2ye-63D6kCk=] left vehicle Gunter 2 (id=D8779D4FE8475A234507A9A7CFBEFA23 pos=<9704.247070, 136.246506, 14080.002930>)
22:28:32.804 [VehicleEngine] Player "Survivor" [uid=1OEPy6aKlMe0cmo8LieQDvVcsiu6iWAr2PUZdSF5eMI=] stopped vehicle Gunter 2 (id=D8779D4FE8475A234507A9A7CFBEFA23 pos=<9650.582031, 128.022858, 14028.923828>)
22:28:45.460 [VehicleLeave] Player Survivor [uid=1OEPy6aKlMe0cmo8LieQDvVcsiu6iWAr2PUZdSF5eMI=] left vehicle Gunter 2 (id=D8779D4FE8475A234507A9A7CFBEFA23 pos=<9650.503906, 128.017426, 14028.917969>)
22:29:14.234 [VehicleEnter] Player acey [uid=zc8VdK3LmE4uE8VdKbx2bOGlKghmh6pN2ye-63D6kCk=] entered vehicle Gunter 2 (id=D8779D4FE8475A234507A9A7CFBEFA23 pos=<9650.500977, 128.017197, 14028.916992>) as passenger
22:29:14.593 [VehicleEnter] Player Survivor [uid=1OEPy6aKlMe0cmo8LieQDvVcsiu6iWAr2PUZdSF5eMI=] entered vehicle Gunter 2 (id=D8779D4FE8475A234507A9A7CFBEFA23 pos=<9650.500000, 128.017120, 14028.916992>) as driver
22:29:17.109 [VehicleEngine] Player "Survivor" [uid=1OEPy6aKlMe0cmo8LieQDvVcsiu6iWAr2PUZdSF5eMI=] started vehicle Gunter 2 (id=D8779D4FE8475A234507A9A7CFBEFA23 pos=<9650.496094, 128.016815, 14028.916016>)
22:29:38.859 [VehicleEnter] Player Survivor (2) [uid=z63osPRVUnS8pzWmaenLtvu6c2gVxwL4gvA4elWPF5w=] entered vehicle Gunter 2 (id=D8779D4FE8475A234507A9A7CFBEFA23 pos=<9615.065430, 126.653687, 14030.508789>) as passenger
22:29:41.593 [VehicleLeave] Player Survivor (2) [uid=z63osPRVUnS8pzWmaenLtvu6c2gVxwL4gvA4elWPF5w=] left vehicle Gunter 2 (id=D8779D4FE8475A234507A9A7CFBEFA23 pos=<9615.052734, 126.652870, 14030.507813>)
22:29:47.820 [VehicleEnter] Player Survivor (2) [uid=z63osPRVUnS8pzWmaenLtvu6c2gVxwL4gvA4elWPF5w=] entered vehicle Gunter 2 (id=D8779D4FE8475A234507A9A7CFBEFA23 pos=<9615.052734, 126.652870, 14030.507813>) as passenger
22:30:32.828 [VehicleLeave] Player acey [uid=zc8VdK3LmE4uE8VdKbx2bOGlKghmh6pN2ye-63D6kCk=] left vehicle Gunter 2 (id=D8779D4FE8475A234507A9A7CFBEFA23 pos=<9596.201172, 81.149673, 13731.816406>)
22:30:32.968 [VehicleLeave] Player Survivor [uid=1OEPy6aKlMe0cmo8LieQDvVcsiu6iWAr2PUZdSF5eMI=] left vehicle Gunter 2 (id=D8779D4FE8475A234507A9A7CFBEFA23 pos=<9596.201172, 81.149689, 13731.816406>)
22:30:34.093 [VehicleLeave] Player Survivor (2) [uid=z63osPRVUnS8pzWmaenLtvu6c2gVxwL4gvA4elWPF5w=] left vehicle Gunter 2 (id=D8779D4FE8475A234507A9A7CFBEFA23 pos=<9596.201172, 81.149658, 13731.816406>)
22:30:50.296 [Killfeed] AI Linda (Svergino_Tier2RR) был убит [Knigh] acey с КА-74 из 46 м расстояние.
22:30:52.015 [AI Patrol 00104] Svergino_Tier2RR (Raiders) bots were wiped out (spawn position <9691.614258, 74.510788, 13756.275391>, 1/1 deceased)
22:30:52.015 [AI Patrol 00104] Global patrol count: 5
22:32:08.062 [VehicleEnter] Player Survivor [uid=1OEPy6aKlMe0cmo8LieQDvVcsiu6iWAr2PUZdSF5eMI=] entered vehicle Gunter 2 (id=0A4AFF942048FF4BF55EC3BC9FCE25E8 pos=<9514.153320, 84.975349, 13691.837891>) as driver
22:32:09.757 [VehicleLeave] Player Survivor [uid=1OEPy6aKlMe0cmo8LieQDvVcsiu6iWAr2PUZdSF5eMI=] left vehicle Gunter 2 (id=0A4AFF942048FF4BF55EC3BC9FCE25E8 pos=<9514.153320, 84.975517, 13691.837891>)
22:34:27.242 [VehicleEnter] Player acey [uid=zc8VdK3LmE4uE8VdKbx2bOGlKghmh6pN2ye-63D6kCk=] entered vehicle Gunter 2 (id=0A4AFF942048FF4BF55EC3BC9FCE25E8 pos=<9514.152344, 85.024521, 13691.837891>) as driver
22:34:51.148 [VehicleLeave] Player acey [uid=zc8VdK3LmE4uE8VdKbx2bOGlKghmh6pN2ye-63D6kCk=] left vehicle Gunter 2 (id=0A4AFF942048FF4BF55EC3BC9FCE25E8 pos=<9514.151367, 85.024727, 13691.837891>)
22:34:55.984 [VehicleEnter] Player Survivor [uid=1OEPy6aKlMe0cmo8LieQDvVcsiu6iWAr2PUZdSF5eMI=] entered vehicle Gunter 2 (id=0A4AFF942048FF4BF55EC3BC9FCE25E8 pos=<9514.151367, 85.024719, 13691.837891>) as driver
22:34:56.054 [VehicleEnter] Player Survivor (2) [uid=z63osPRVUnS8pzWmaenLtvu6c2gVxwL4gvA4elWPF5w=] entered vehicle Gunter 2 (id=0A4AFF942048FF4BF55EC3BC9FCE25E8 pos=<9514.151367, 85.024704, 13691.837891>) as passenger
22:34:58.585 [VehicleEngine] Player "Survivor" [uid=1OEPy6aKlMe0cmo8LieQDvVcsiu6iWAr2PUZdSF5eMI=] started vehicle Gunter 2 (id=0A4AFF942048FF4BF55EC3BC9FCE25E8 pos=<9514.151367, 85.024727, 13691.837891>)
22:35:12.453 [VehicleEnter] Player acey [uid=zc8VdK3LmE4uE8VdKbx2bOGlKghmh6pN2ye-63D6kCk=] entered vehicle Gunter 2 (id=D8779D4FE8475A234507A9A7CFBEFA23 pos=<9596.201172, 81.149689, 13731.816406>) as driver
22:35:15.960 [VehicleLeave] Player Survivor (2) [uid=z63osPRVUnS8pzWmaenLtvu6c2gVxwL4gvA4elWPF5w=] left vehicle Gunter 2 (id=0A4AFF942048FF4BF55EC3BC9FCE25E8 pos=<9557.418945, 83.919037, 13685.919922>)
22:35:16.250 [VehicleEngine] Player "acey" [uid=zc8VdK3LmE4uE8VdKbx2bOGlKghmh6pN2ye-63D6kCk=] started vehicle Gunter 2 (id=D8779D4FE8475A234507A9A7CFBEFA23 pos=<9596.201172, 81.149658, 13731.816406>)
22:35:26.195 [VehicleEnter] Player Survivor (2) [uid=z63osPRVUnS8pzWmaenLtvu6c2gVxwL4gvA4elWPF5w=] entered vehicle Gunter 2 (id=0A4AFF942048FF4BF55EC3BC9FCE25E8 pos=<9557.563477, 83.879158, 13686.828125>) as passenger
22:37:07.085 [AI Patrol 00152] Despawning 2 MilitaryKamensk_Tier3 (Raiders) bots (spawn position <8042.309082, 344.954254, 14704.379883>, 0/2 deceased)
22:37:07.085 [AI Patrol 00152] Global patrol count: 4
22:37:12.070 [AI Patrol 00155] Despawning 1 Arsenyevo_Tier2RR (Raiders) bots (spawn position <8338.174805, 214.774826, 14038.480469>, 0/1 deceased)
22:37:12.078 [AI Patrol 00155] Global patrol count: 3
22:37:12.921 [AI Object Patrol 00190] Despawning 1 WaterPump_Tier0 (Raiders) bots (spawn position <8476.114258, 203.767075, 13946.562500>, 0/1 deceased)
22:37:12.921 [AI Object Patrol 00190] Global patrol count: 2
22:39:46.398 [AI Patrol 00105] Spawning 2 Gvozdno_Tier2 (Raiders) bots at <9518.516602, 239.848221, 11732.095703>
22:39:46.437 [AI Patrol 00105] Global patrol count: 3
22:41:05.171 [AI Object Patrol 00037] Spawning 1 WaterPump_Tier0 (Raiders) bots at <8603.416992, 195.915451, 11920.273438>
22:41:05.187 [AI Object Patrol 00037] Global patrol count: 4
22:41:39.789 [VehicleLeave] Player Survivor (2) [uid=z63osPRVUnS8pzWmaenLtvu6c2gVxwL4gvA4elWPF5w=] left vehicle Gunter 2 (id=0A4AFF942048FF4BF55EC3BC9FCE25E8 pos=<9303.971680, 228.938965, 11714.423828>)
22:41:40.375 [VehicleLeave] Player Survivor [uid=1OEPy6aKlMe0cmo8LieQDvVcsiu6iWAr2PUZdSF5eMI=] left vehicle Gunter 2 (id=0A4AFF942048FF4BF55EC3BC9FCE25E8 pos=<9303.970703, 228.938889, 11714.423828>)
22:41:44.953 [VehicleLeave] Player acey [uid=zc8VdK3LmE4uE8VdKbx2bOGlKghmh6pN2ye-63D6kCk=] left vehicle Gunter 2 (id=D8779D4FE8475A234507A9A7CFBEFA23 pos=<9229.288086, 225.421600, 11709.481445>)
22:42:06.632 [Killfeed] AI Indar (Gvozdno_Tier2) был убит [Knigh] Survivor (2) с M70 Tundra из 80 м расстояние.
22:42:20.531 [Killfeed] AI Gabi (Gvozdno_Tier2) был убит [Knigh] Survivor с M16A4 из 65 м расстояние.
22:42:21.835 [AI Patrol 00105] Gvozdno_Tier2 (Raiders) bots were wiped out (spawn position <9518.516602, 239.848221, 11732.095703>, 2/2 deceased)
22:42:21.835 [AI Patrol 00105] Global patrol count: 3
22:43:31.179 [VehicleEnter] Player Survivor [uid=1OEPy6aKlMe0cmo8LieQDvVcsiu6iWAr2PUZdSF5eMI=] entered vehicle Gunter 2 (id=0A4AFF942048FF4BF55EC3BC9FCE25E8 pos=<9303.968750, 228.938736, 11714.422852>) as driver
22:43:34.429 [VehicleEngine] Player "Survivor" [uid=1OEPy6aKlMe0cmo8LieQDvVcsiu6iWAr2PUZdSF5eMI=] started vehicle Gunter 2 (id=0A4AFF942048FF4BF55EC3BC9FCE25E8 pos=<9303.956055, 228.938019, 11714.420898>)
22:43:35.375 [VehicleEnter] Player Survivor (2) [uid=z63osPRVUnS8pzWmaenLtvu6c2gVxwL4gvA4elWPF5w=] entered vehicle Gunter 2 (id=0A4AFF942048FF4BF55EC3BC9FCE25E8 pos=<9303.956055, 228.938004, 11714.419922>) as passenger
22:43:46.320 [VehicleEnter] Player acey [uid=zc8VdK3LmE4uE8VdKbx2bOGlKghmh6pN2ye-63D6kCk=] entered vehicle Gunter 2 (id=D8779D4FE8475A234507A9A7CFBEFA23 pos=<9228.889648, 225.409821, 11710.195313>) as driver
22:43:50.398 [VehicleEngine] Player "acey" [uid=zc8VdK3LmE4uE8VdKbx2bOGlKghmh6pN2ye-63D6kCk=] started vehicle Gunter 2 (id=D8779D4FE8475A234507A9A7CFBEFA23 pos=<9228.890625, 225.409805, 11710.195313>)
22:43:58.023 [AI Object Patrol 00184] Spawning 1 WaterPump_Tier0 (Raiders) bots at <8182.826172, 182.502808, 11571.378906>
22:43:58.039 [AI Object Patrol 00184] Global patrol count: 4
22:44:22.601 [AI Patrol 00119] Spawning 2 Severograd_Tier3 (Raiders) bots at <8189.929688, 114.350548, 12658.350586>
22:44:22.625 [AI Patrol 00119] Global patrol count: 5
22:44:27.968 [AI Object Patrol 00039] Spawning 1 WaterPump_Tier0 (Raiders) bots at <8079.658691, 118.291138, 12630.982422>
22:44:27.976 [AI Object Patrol 00039] Global patrol count: 6
22:45:00.218 [AI Object Patrol 00181] Spawning 1 WaterPump_Tier0 (Raiders) bots at <8083.917480, 254.564301, 10935.790039>
22:45:00.226 [AI Object Patrol 00181] Global patrol count: 7
22:45:10.398 [VehicleEngine] Player "acey" [uid=zc8VdK3LmE4uE8VdKbx2bOGlKghmh6pN2ye-63D6kCk=] stopped vehicle Gunter 2 (id=D8779D4FE8475A234507A9A7CFBEFA23 pos=<8704.750977, 221.457306, 11643.269531>)
22:45:13.859 [VehicleLeave] Player acey [uid=zc8VdK3LmE4uE8VdKbx2bOGlKghmh6pN2ye-63D6kCk=] left vehicle Gunter 2 (id=D8779D4FE8475A234507A9A7CFBEFA23 pos=<8704.750977, 221.457367, 11643.269531>)
22:45:17.265 [VehicleLeave] Player Survivor (2) [uid=z63osPRVUnS8pzWmaenLtvu6c2gVxwL4gvA4elWPF5w=] left vehicle Gunter 2 (id=0A4AFF942048FF4BF55EC3BC9FCE25E8 pos=<8709.974609, 221.648117, 11635.299805>)
22:45:17.414 [Killfeed] AI Helga (Svirigino_Tier2) был убит AI Eva (WaterPump_Tier0) голыми руками.
22:45:20.875 [VehicleLeave] Player Survivor [uid=1OEPy6aKlMe0cmo8LieQDvVcsiu6iWAr2PUZdSF5eMI=] left vehicle Gunter 2 (id=0A4AFF942048FF4BF55EC3BC9FCE25E8 pos=<8709.974609, 221.648102, 11635.299805>)
22:45:22.375 [AI Patrol 00118] Svirigino_Tier2 (Raiders) bots were wiped out (spawn position <9194.356445, 81.667458, 13621.220703>, 1/1 deceased)
22:45:22.375 [AI Patrol 00118] Global patrol count: 6
22:46:11.226 [VehicleEnter] Player Survivor (2) [uid=z63osPRVUnS8pzWmaenLtvu6c2gVxwL4gvA4elWPF5w=] entered vehicle Gunter 2 (id=0A4AFF942048FF4BF55EC3BC9FCE25E8 pos=<8709.974609, 221.648056, 11635.299805>) as passenger
22:46:12.601 [VehicleEnter] Player Survivor [uid=1OEPy6aKlMe0cmo8LieQDvVcsiu6iWAr2PUZdSF5eMI=] entered vehicle Gunter 2 (id=0A4AFF942048FF4BF55EC3BC9FCE25E8 pos=<8709.974609, 221.648117, 11635.299805>) as driver
22:46:15.226 [VehicleEngine] Player "Survivor" [uid=1OEPy6aKlMe0cmo8LieQDvVcsiu6iWAr2PUZdSF5eMI=] started vehicle Gunter 2 (id=0A4AFF942048FF4BF55EC3BC9FCE25E8 pos=<8709.974609, 221.648117, 11635.299805>)
22:46:16.578 [VehicleEnter] Player acey [uid=zc8VdK3LmE4uE8VdKbx2bOGlKghmh6pN2ye-63D6kCk=] entered vehicle Gunter 2 (id=D8779D4FE8475A234507A9A7CFBEFA23 pos=<8704.750977, 221.457367, 11643.269531>) as driver
22:46:17.882 [VehicleEngine] Player "acey" [uid=zc8VdK3LmE4uE8VdKbx2bOGlKghmh6pN2ye-63D6kCk=] started vehicle Gunter 2 (id=D8779D4FE8475A234507A9A7CFBEFA23 pos=<8704.750977, 221.457352, 11643.269531>)
22:46:17.953 [Killfeed] AI Eva (WaterPump_Tier0) был убит AI Taiki (Severograd_Tier3) при помощи.
22:46:22.109 [AI Object Patrol 00039] WaterPump_Tier0 (Raiders) bots were wiped out (spawn position <8079.658691, 118.291138, 12630.982422>, 1/1 deceased)
22:46:22.109 [AI Object Patrol 00039] Global patrol count: 5
22:48:40.601 [Killfeed] AI Taiki (Severograd_Tier3) умер от потери крови.
22:48:41.976 [AI Patrol 00098] Despawning 2 Nagornoye_Tier1 (Raiders) bots (spawn position <9509.759766, 259.908875, 14781.435547>, 0/2 deceased)
22:48:41.976 [AI Patrol 00098] Global patrol count: 4
22:49:10.539 [AI Patrol 00130] Spawning 3 RadioZenit_Tier3 (Raiders) bots at <8062.579590, 452.031433, 9391.289063>
22:49:10.578 [AI Patrol 00130] Global patrol count: 5
22:52:21.296 [AI Object Patrol 00030] Spawning 1 WaterPump_Tier0 (Raiders) bots at <9445.887695, 303.918427, 8821.545898>
22:52:21.304 [AI Object Patrol 00030] Global patrol count: 6
22:52:25.898 [AI Object Patrol 00029] Spawning 3 PoliceStation_Tier1 (Raiders) bots at <9536.500000, 311.050842, 8799.065430>
22:52:25.921 [AI Object Patrol 00029] Global patrol count: 7
22:52:29.484 [AI Patrol 00112] Spawning 1 Gorka_Tier2 (Raiders) bots at <9611.296875, 296.255585, 8812.163086>
22:52:29.500 [AI Patrol 00112] Global patrol count: 8
22:53:02.843 [AI Object Patrol 00053] Spawning 1 WaterPump_Tier0 (Raiders) bots at <9094.321289, 243.300049, 8049.835449>
22:53:02.851 [AI Object Patrol 00053] Global patrol count: 9
22:53:10.109 [AI Object Patrol 00202] Spawning 3 Mercenaries bots at <7999.045898, 399.149078, 8171.955566>
22:53:10.140 [AI Object Patrol 00202] Global patrol count: 10
22:54:23.718 [VehicleLeave] Player Survivor [uid=1OEPy6aKlMe0cmo8LieQDvVcsiu6iWAr2PUZdSF5eMI=] left vehicle Gunter 2 (id=0A4AFF942048FF4BF55EC3BC9FCE25E8 pos=<8024.136230, 404.507233, 8420.119141>)
22:54:24.640 [VehicleLeave] Player Survivor (2) [uid=z63osPRVUnS8pzWmaenLtvu6c2gVxwL4gvA4elWPF5w=] left vehicle Gunter 2 (id=0A4AFF942048FF4BF55EC3BC9FCE25E8 pos=<8024.135742, 404.507263, 8420.119141>)
22:54:26.054 [VehicleLeave] Player acey [uid=zc8VdK3LmE4uE8VdKbx2bOGlKghmh6pN2ye-63D6kCk=] left vehicle Gunter 2 (id=D8779D4FE8475A234507A9A7CFBEFA23 pos=<8018.108887, 407.844849, 8475.606445>)
22:54:45.820 [Killfeed] AI Lewis (Наёмники) был убит [Knigh] Survivor с M16A4 из 298 м расстояние.
22:55:15.640 [Killfeed] AI Keiko (Наёмники) был убит [Knigh] Survivor (2) с M70 Tundra из 286 м расстояние.
22:55:26.281 [Killfeed] AI Quinn (Наёмники) был убит [Knigh] acey с CR-550 Savanna из 210 м расстояние.
22:55:27.054 [AI Patrol 00119] Despawning 1 Severograd_Tier3 (Raiders) bots (spawn position <8189.929688, 114.350548, 12658.350586>, 1/2 deceased)
22:55:27.054 [AI Patrol 00119] Global patrol count: 9
22:55:27.289 [AI Object Patrol 00202] Mercenaries bots were wiped out (spawn position <7999.045898, 399.149078, 8171.955566>, 3/3 deceased)
22:55:27.289 [AI Object Patrol 00202] Global patrol count: 8
22:55:57.250 [VehicleEnter] Player Survivor [uid=1OEPy6aKlMe0cmo8LieQDvVcsiu6iWAr2PUZdSF5eMI=] entered vehicle Gunter 2 (id=0A4AFF942048FF4BF55EC3BC9FCE25E8 pos=<8024.135742, 404.507294, 8420.119141>) as driver
22:55:59.453 [VehicleEngine] Player "Survivor" [uid=1OEPy6aKlMe0cmo8LieQDvVcsiu6iWAr2PUZdSF5eMI=] started vehicle Gunter 2 (id=0A4AFF942048FF4BF55EC3BC9FCE25E8 pos=<8024.134766, 404.507263, 8420.119141>)
22:56:01.648 [AI Object Patrol 00019] Spawning 1 PoliceStation_Tier1 (Raiders) bots at <7177.262695, 301.450623, 7670.852539>
22:56:01.679 [AI Object Patrol 00019] Global patrol count: 9
22:56:21.554 [VehicleEngine] Player "Survivor" [uid=1OEPy6aKlMe0cmo8LieQDvVcsiu6iWAr2PUZdSF5eMI=] stopped vehicle Gunter 2 (id=0A4AFF942048FF4BF55EC3BC9FCE25E8 pos=<8052.357422, 401.770477, 8315.839844>)
22:56:24.617 [VehicleLeave] Player Survivor [uid=1OEPy6aKlMe0cmo8LieQDvVcsiu6iWAr2PUZdSF5eMI=] left vehicle Gunter 2 (id=0A4AFF942048FF4BF55EC3BC9FCE25E8 pos=<8052.357422, 401.770630, 8315.839844>)
22:58:36.820 [AI Object Patrol 00037] Despawning 1 WaterPump_Tier0 (Raiders) bots (spawn position <8603.416992, 195.915451, 11920.273438>, 0/1 deceased)
22:58:36.820 [AI Object Patrol 00037] Global patrol count: 8
22:58:59.343 [AI Object Patrol 00184] Despawning 1 WaterPump_Tier0 (Raiders) bots (spawn position <8182.826172, 182.502808, 11571.378906>, 0/1 deceased)
22:58:59.343 [AI Object Patrol 00184] Global patrol count: 7
22:59:19.929 [VehicleEnter] Player acey [uid=zc8VdK3LmE4uE8VdKbx2bOGlKghmh6pN2ye-63D6kCk=] entered vehicle Gunter 2 (id=D8779D4FE8475A234507A9A7CFBEFA23 pos=<8018.062500, 407.843292, 8475.664063>) as driver
22:59:22.156 [VehicleEngine] Player "acey" [uid=zc8VdK3LmE4uE8VdKbx2bOGlKghmh6pN2ye-63D6kCk=] started vehicle Gunter 2 (id=D8779D4FE8475A234507A9A7CFBEFA23 pos=<8018.014648, 407.843201, 8475.746094>)
22:59:29.812 [Killfeed] AI Rolf (WaterPump_Tier0) был убит AI Guo (Gorka_Tier2) с M9 из 5 м расстояние.
22:59:31.820 [AI Object Patrol 00030] WaterPump_Tier0 (Raiders) bots were wiped out (spawn position <9445.887695, 303.918427, 8821.545898>, 1/1 deceased)
22:59:31.820 [AI Object Patrol 00030] Global patrol count: 6
22:59:56.898 [VehicleLeave] Player acey [uid=zc8VdK3LmE4uE8VdKbx2bOGlKghmh6pN2ye-63D6kCk=] left vehicle Gunter 2 (id=D8779D4FE8475A234507A9A7CFBEFA23 pos=<7995.303223, 398.750793, 8175.966797>)
23:00:36.960 [Killfeed] AI Guo (Gorka_Tier2) был убит AI Baty (PoliceStation_Tier1) при помощи.
23:00:38.007 [VehicleEnter] Player Survivor [uid=1OEPy6aKlMe0cmo8LieQDvVcsiu6iWAr2PUZdSF5eMI=] entered vehicle Gunter 2 (id=0A4AFF942048FF4BF55EC3BC9FCE25E8 pos=<8052.357422, 401.770599, 8315.839844>) as driver
23:00:39.710 [VehicleEngine] Player "Survivor" [uid=1OEPy6aKlMe0cmo8LieQDvVcsiu6iWAr2PUZdSF5eMI=] started vehicle Gunter 2 (id=0A4AFF942048FF4BF55EC3BC9FCE25E8 pos=<8052.356934, 401.770538, 8315.838867>)
23:00:41.898 [AI Patrol 00112] Gorka_Tier2 (Raiders) bots were wiped out (spawn position <9611.296875, 296.255585, 8812.163086>, 1/1 deceased)
23:00:41.898 [AI Patrol 00112] Global patrol count: 5
23:00:58.539 [VehicleEngine] Player "Survivor" [uid=1OEPy6aKlMe0cmo8LieQDvVcsiu6iWAr2PUZdSF5eMI=] stopped vehicle Gunter 2 (id=0A4AFF942048FF4BF55EC3BC9FCE25E8 pos=<8007.301758, 399.838959, 8164.350586>)
23:01:01.718 [VehicleLeave] Player Survivor [uid=1OEPy6aKlMe0cmo8LieQDvVcsiu6iWAr2PUZdSF5eMI=] left vehicle Gunter 2 (id=0A4AFF942048FF4BF55EC3BC9FCE25E8 pos=<8007.301758, 399.839294, 8164.350098>)
23:01:24.960 [AI Object Patrol 00181] Despawning 1 WaterPump_Tier0 (Raiders) bots (spawn position <8083.917480, 254.564301, 10935.790039>, 0/1 deceased)
23:01:24.960 [AI Object Patrol 00181] Global patrol count: 4
23:02:53.890 [Killfeed] AI Baty (PoliceStation_Tier1) умер от потери крови.
23:03:37.476 [AI Object Patrol 00029] Despawning 2 PoliceStation_Tier1 (Raiders) bots (spawn position <9536.500000, 311.050842, 8799.065430>, 1/3 deceased)
23:03:37.484 [AI Object Patrol 00029] Global patrol count: 3
23:03:53.046 [VehicleEnter] Player acey [uid=zc8VdK3LmE4uE8VdKbx2bOGlKghmh6pN2ye-63D6kCk=] entered vehicle Gunter 2 (id=D8779D4FE8475A234507A9A7CFBEFA23 pos=<7995.258301, 398.742554, 8176.051270>) as driver
23:03:56.515 [VehicleEnter] Player Survivor (2) [uid=z63osPRVUnS8pzWmaenLtvu6c2gVxwL4gvA4elWPF5w=] entered vehicle Gunter 2 (id=0A4AFF942048FF4BF55EC3BC9FCE25E8 pos=<8007.301758, 399.839203, 8164.350098>) as passenger
23:03:58.343 [VehicleEnter] Player Survivor [uid=1OEPy6aKlMe0cmo8LieQDvVcsiu6iWAr2PUZdSF5eMI=] entered vehicle Gunter 2 (id=0A4AFF942048FF4BF55EC3BC9FCE25E8 pos=<8007.302734, 399.839264, 8164.350098>) as driver
23:04:01.140 [VehicleEngine] Player "Survivor" [uid=1OEPy6aKlMe0cmo8LieQDvVcsiu6iWAr2PUZdSF5eMI=] started vehicle Gunter 2 (id=0A4AFF942048FF4BF55EC3BC9FCE25E8 pos=<8007.305664, 399.839172, 8164.350586>)
23:04:03.117 [VehicleEngine] Player "acey" [uid=zc8VdK3LmE4uE8VdKbx2bOGlKghmh6pN2ye-63D6kCk=] started vehicle Gunter 2 (id=D8779D4FE8475A234507A9A7CFBEFA23 pos=<7995.070313, 398.704498, 8176.447754>)
23:04:42.421 [VehicleLeave] Player Survivor (2) [uid=z63osPRVUnS8pzWmaenLtvu6c2gVxwL4gvA4elWPF5w=] left vehicle Gunter 2 (id=0A4AFF942048FF4BF55EC3BC9FCE25E8 pos=<7960.005859, 392.584229, 8285.708008>)
23:04:42.710 [VehicleLeave] Player acey [uid=zc8VdK3LmE4uE8VdKbx2bOGlKghmh6pN2ye-63D6kCk=] left vehicle Gunter 2 (id=D8779D4FE8475A234507A9A7CFBEFA23 pos=<7982.805664, 397.030884, 8217.512695>)
23:04:46.054 [VehicleLeave] Player Survivor [uid=1OEPy6aKlMe0cmo8LieQDvVcsiu6iWAr2PUZdSF5eMI=] left vehicle Gunter 2 (id=0A4AFF942048FF4BF55EC3BC9FCE25E8 pos=<7959.030273, 392.294006, 8291.493164>)
23:04:59.398 [Killfeed] AI Denis (RadioZenit_Tier3) был убит [Knigh] Survivor с M4-A1 из 53 м расстояние.
23:05:05.351 [Killfeed] AI Irena (RadioZenit_Tier3) был убит [Knigh] Survivor с M4-A1 из 47 м расстояние.
23:05:08.421 [Killfeed] AI Kaito (RadioZenit_Tier3) был убит [Knigh] Survivor с M4-A1 из 6 м расстояние.
23:05:11.531 [AI Patrol 00130] RadioZenit_Tier3 (Raiders) bots were wiped out (spawn position <8062.579590, 452.031433, 9391.289063>, 3/3 deceased)
23:05:11.531 [AI Patrol 00130] Global patrol count: 2
23:06:06.632 [VehicleEnter] Player acey [uid=zc8VdK3LmE4uE8VdKbx2bOGlKghmh6pN2ye-63D6kCk=] entered vehicle Gunter 2 (id=D8779D4FE8475A234507A9A7CFBEFA23 pos=<7982.807129, 397.030975, 8217.513672>) as driver
23:06:10.835 [VehicleLeave] Player acey [uid=zc8VdK3LmE4uE8VdKbx2bOGlKghmh6pN2ye-63D6kCk=] left vehicle Gunter 2 (id=D8779D4FE8475A234507A9A7CFBEFA23 pos=<7982.807129, 397.031097, 8217.514648>)
23:06:20.507 [Killfeed] AI Cyril (PoliceStation_Tier1) был убит [Knigh] acey с КА-74 из 22 м расстояние.
23:06:22.398 [AI Object Patrol 00019] PoliceStation_Tier1 (Raiders) bots were wiped out (spawn position <7177.262695, 301.450623, 7670.852539>, 1/1 deceased)
23:06:22.398 [AI Object Patrol 00019] Global patrol count: 1
23:07:31.476 [VehicleEnter] Player acey [uid=zc8VdK3LmE4uE8VdKbx2bOGlKghmh6pN2ye-63D6kCk=] entered vehicle Gunter 2 (id=D8779D4FE8475A234507A9A7CFBEFA23 pos=<7982.807617, 397.031097, 8217.514648>) as driver
23:07:33.171 [VehicleEngine] Player "acey" [uid=zc8VdK3LmE4uE8VdKbx2bOGlKghmh6pN2ye-63D6kCk=] started vehicle Gunter 2 (id=D8779D4FE8475A234507A9A7CFBEFA23 pos=<7982.808105, 397.031219, 8217.514648>)
23:07:50.414 [VehicleLeave] Player acey [uid=zc8VdK3LmE4uE8VdKbx2bOGlKghmh6pN2ye-63D6kCk=] left vehicle Gunter 2 (id=D8779D4FE8475A234507A9A7CFBEFA23 pos=<7962.080566, 392.917084, 8286.453125>)
23:12:37.312 [AI Object Patrol 00053] Despawning 1 WaterPump_Tier0 (Raiders) bots (spawn position <9094.321289, 243.300049, 8049.835449>, 0/1 deceased)
23:12:37.312 [AI Object Patrol 00053] Global patrol count: 0
23:14:02.882 [VehicleEnter] Player acey [uid=zc8VdK3LmE4uE8VdKbx2bOGlKghmh6pN2ye-63D6kCk=] entered vehicle Gunter 2 (id=D8779D4FE8475A234507A9A7CFBEFA23 pos=<7962.080566, 392.917053, 8286.453125>) as driver
23:14:16.023 [VehicleLeave] Player acey [uid=zc8VdK3LmE4uE8VdKbx2bOGlKghmh6pN2ye-63D6kCk=] left vehicle Gunter 2 (id=D8779D4FE8475A234507A9A7CFBEFA23 pos=<7962.080566, 392.917053, 8286.453125>)
23:14:45.625 [VehicleEnter] Player acey [uid=zc8VdK3LmE4uE8VdKbx2bOGlKghmh6pN2ye-63D6kCk=] entered vehicle Gunter 2 (id=D8779D4FE8475A234507A9A7CFBEFA23 pos=<7962.080566, 392.917053, 8286.453125>) as driver
23:15:02.429 [VehicleLeave] Player acey [uid=zc8VdK3LmE4uE8VdKbx2bOGlKghmh6pN2ye-63D6kCk=] left vehicle Gunter 2 (id=D8779D4FE8475A234507A9A7CFBEFA23 pos=<7962.081055, 392.917084, 8286.453125>)
23:15:09.734 [VehicleEnter] Player acey [uid=zc8VdK3LmE4uE8VdKbx2bOGlKghmh6pN2ye-63D6kCk=] entered vehicle Gunter 2 (id=D8779D4FE8475A234507A9A7CFBEFA23 pos=<7962.080566, 392.917053, 8286.453125>) as driver
23:15:32.390 [VehicleEnter] Player Survivor (2) [uid=z63osPRVUnS8pzWmaenLtvu6c2gVxwL4gvA4elWPF5w=] entered vehicle Gunter 2 (id=D8779D4FE8475A234507A9A7CFBEFA23 pos=<7962.081543, 392.917145, 8286.453125>) as passenger
23:15:34.554 [VehicleAttachments] Player Survivor (uid=1OEPy6aKlMe0cmo8LieQDvVcsiu6iWAr2PUZdSF5eMI=) detached Колесо Gunter 2 (type=Hatchback_02_Wheel) from vehicle Gunter 2(id=0A4AFF942048FF4BF55EC3BC9FCE25E8 pos=<7958.990234, 392.288788, 8291.538086>)
23:15:36.054 [VehicleLeave] Player Survivor (2) [uid=z63osPRVUnS8pzWmaenLtvu6c2gVxwL4gvA4elWPF5w=] left vehicle Gunter 2 (id=D8779D4FE8475A234507A9A7CFBEFA23 pos=<7962.081055, 392.917175, 8286.453125>)
23:15:44.140 [VehicleLeave] Player acey [uid=zc8VdK3LmE4uE8VdKbx2bOGlKghmh6pN2ye-63D6kCk=] left vehicle Gunter 2 (id=D8779D4FE8475A234507A9A7CFBEFA23 pos=<7962.081055, 392.917206, 8286.453125>)
23:16:14.953 [VehicleEnter] Player acey [uid=zc8VdK3LmE4uE8VdKbx2bOGlKghmh6pN2ye-63D6kCk=] entered vehicle Gunter 2 (id=D8779D4FE8475A234507A9A7CFBEFA23 pos=<7962.081543, 392.917206, 8286.453125>) as driver
23:16:15.960 [VehicleEnter] Player Survivor (2) [uid=z63osPRVUnS8pzWmaenLtvu6c2gVxwL4gvA4elWPF5w=] entered vehicle Gunter 2 (id=D8779D4FE8475A234507A9A7CFBEFA23 pos=<7962.081055, 392.917206, 8286.453125>) as passenger
23:16:18.359 [VehicleEnter] Player Survivor [uid=1OEPy6aKlMe0cmo8LieQDvVcsiu6iWAr2PUZdSF5eMI=] entered vehicle Gunter 2 (id=D8779D4FE8475A234507A9A7CFBEFA23 pos=<7962.081543, 392.917145, 8286.453125>) as passenger
23:16:20.695 [VehicleEngine] Player "acey" [uid=zc8VdK3LmE4uE8VdKbx2bOGlKghmh6pN2ye-63D6kCk=] started vehicle Gunter 2 (id=D8779D4FE8475A234507A9A7CFBEFA23 pos=<7962.081543, 392.917175, 8286.453125>)
23:18:59.304 [AI Object Patrol 00172] Spawning 1 WaterPump_Tier0 (Raiders) bots at <6108.185059, 300.989990, 7726.721191>
23:18:59.320 [AI Object Patrol 00172] Global patrol count: 1
23:19:09.468 [AI Patrol 00106] Spawning 3 StarSobor_Tier2 (Raiders) bots at <6004.458008, 300.825317, 7863.366699>
23:19:09.515 [AI Patrol 00106] Global patrol count: 2
23:19:24.406 [VehicleEngine] Player "acey" [uid=zc8VdK3LmE4uE8VdKbx2bOGlKghmh6pN2ye-63D6kCk=] stopped vehicle Gunter 2 (id=D8779D4FE8475A234507A9A7CFBEFA23 pos=<6887.286621, 273.433685, 7442.263672>)
23:19:26.468 [VehicleLeave] Player Survivor [uid=1OEPy6aKlMe0cmo8LieQDvVcsiu6iWAr2PUZdSF5eMI=] left vehicle Gunter 2 (id=D8779D4FE8475A234507A9A7CFBEFA23 pos=<6887.286621, 273.433716, 7442.263672>)
23:19:26.625 [VehicleLeave] Player acey [uid=zc8VdK3LmE4uE8VdKbx2bOGlKghmh6pN2ye-63D6kCk=] left vehicle Gunter 2 (id=D8779D4FE8475A234507A9A7CFBEFA23 pos=<6887.286621, 273.433685, 7442.263672>)
23:19:28.726 [VehicleLeave] Player Survivor (2) [uid=z63osPRVUnS8pzWmaenLtvu6c2gVxwL4gvA4elWPF5w=] left vehicle Gunter 2 (id=D8779D4FE8475A234507A9A7CFBEFA23 pos=<6887.286621, 273.433685, 7442.263672>)
23:19:58.726 [VehicleEnter] Player acey [uid=zc8VdK3LmE4uE8VdKbx2bOGlKghmh6pN2ye-63D6kCk=] entered vehicle Gunter 2 (id=D8779D4FE8475A234507A9A7CFBEFA23 pos=<6887.286621, 273.433716, 7442.263672>) as driver
23:20:02.476 [VehicleLeave] Player acey [uid=zc8VdK3LmE4uE8VdKbx2bOGlKghmh6pN2ye-63D6kCk=] left vehicle Gunter 2 (id=D8779D4FE8475A234507A9A7CFBEFA23 pos=<6887.286133, 273.433716, 7442.263184>)
23:21:22.867 [VehicleEnter] Player Survivor (2) [uid=z63osPRVUnS8pzWmaenLtvu6c2gVxwL4gvA4elWPF5w=] entered vehicle Gunter 2 (id=D8779D4FE8475A234507A9A7CFBEFA23 pos=<6887.286133, 273.433716, 7442.263184>) as passenger
23:21:25.203 [VehicleLeave] Player Survivor (2) [uid=z63osPRVUnS8pzWmaenLtvu6c2gVxwL4gvA4elWPF5w=] left vehicle Gunter 2 (id=D8779D4FE8475A234507A9A7CFBEFA23 pos=<6887.286133, 273.433716, 7442.263184>)
23:21:31.437 [VehicleEnter] Player Survivor (2) [uid=z63osPRVUnS8pzWmaenLtvu6c2gVxwL4gvA4elWPF5w=] entered vehicle Gunter 2 (id=D8779D4FE8475A234507A9A7CFBEFA23 pos=<6887.286133, 273.433716, 7442.263184>) as passenger
23:21:33.101 [VehicleEnter] Player acey [uid=zc8VdK3LmE4uE8VdKbx2bOGlKghmh6pN2ye-63D6kCk=] entered vehicle Gunter 2 (id=D8779D4FE8475A234507A9A7CFBEFA23 pos=<6887.286133, 273.433685, 7442.263672>) as driver
23:21:33.359 [VehicleLeave] Player Survivor (2) [uid=z63osPRVUnS8pzWmaenLtvu6c2gVxwL4gvA4elWPF5w=] left vehicle Gunter 2 (id=D8779D4FE8475A234507A9A7CFBEFA23 pos=<6887.286133, 273.433746, 7442.263184>)
23:21:36.070 [VehicleLeave] Player acey [uid=zc8VdK3LmE4uE8VdKbx2bOGlKghmh6pN2ye-63D6kCk=] left vehicle Gunter 2 (id=D8779D4FE8475A234507A9A7CFBEFA23 pos=<6887.286133, 273.433655, 7442.263184>)
23:21:39.523 [VehicleEnter] Player Survivor (2) [uid=z63osPRVUnS8pzWmaenLtvu6c2gVxwL4gvA4elWPF5w=] entered vehicle Gunter 2 (id=D8779D4FE8475A234507A9A7CFBEFA23 pos=<6887.286133, 273.433685, 7442.263184>) as passenger
23:21:39.742 [VehicleEnter] Player Survivor [uid=1OEPy6aKlMe0cmo8LieQDvVcsiu6iWAr2PUZdSF5eMI=] entered vehicle Gunter 2 (id=D8779D4FE8475A234507A9A7CFBEFA23 pos=<6887.286133, 273.433655, 7442.263184>) as driver
23:21:42.367 [VehicleLeave] Player Survivor (2) [uid=z63osPRVUnS8pzWmaenLtvu6c2gVxwL4gvA4elWPF5w=] left vehicle Gunter 2 (id=D8779D4FE8475A234507A9A7CFBEFA23 pos=<6887.286621, 273.433746, 7442.263184>)
23:21:45.445 [VehicleEnter] Player acey [uid=zc8VdK3LmE4uE8VdKbx2bOGlKghmh6pN2ye-63D6kCk=] entered vehicle Gunter 2 (id=D8779D4FE8475A234507A9A7CFBEFA23 pos=<6887.286621, 273.433716, 7442.263184>) as passenger
23:21:49.687 [VehicleEngine] Player "Survivor" [uid=1OEPy6aKlMe0cmo8LieQDvVcsiu6iWAr2PUZdSF5eMI=] started vehicle Gunter 2 (id=D8779D4FE8475A234507A9A7CFBEFA23 pos=<6887.286621, 273.433685, 7442.263184>)
23:21:51.031 [AI Object Patrol 00202] Despawning 0 Mercenaries bots (spawn position <8011.105469, 399.513855, 8169.859375>, 3/3 deceased)
23:21:51.968 [VehicleEnter] Player Survivor (2) [uid=z63osPRVUnS8pzWmaenLtvu6c2gVxwL4gvA4elWPF5w=] entered vehicle Gunter 2 (id=D8779D4FE8475A234507A9A7CFBEFA23 pos=<6887.286133, 273.433655, 7442.263184>) as passenger
23:24:19.234 [AI Object Patrol 00170] Spawning 1 WaterPump_Tier0 (Raiders) bots at <4799.712891, 270.324707, 6819.708496>
23:24:19.250 [AI Object Patrol 00170] Global patrol count: 3
23:24:26.000 [AI Patrol 00150] Spawning 2 Rogovo_Tier2 (Raiders) bots at <4720.458984, 270.850525, 6730.858398>
23:24:26.015 [AI Patrol 00150] Global patrol count: 4
23:25:28.750 [AI Patrol 00158] Spawning 8 West bots at <4680.029297, 312.848480, 5799.885254>
23:25:28.757 [AI Patrol 00158] Global patrol count: 5
23:26:15.601 [VehicleLeave] Player acey [uid=zc8VdK3LmE4uE8VdKbx2bOGlKghmh6pN2ye-63D6kCk=] left vehicle Gunter 2 (id=D8779D4FE8475A234507A9A7CFBEFA23 pos=<4770.590332, 261.429474, 6625.974121>)
23:26:16.828 [Killfeed] AI Boris (WaterPump_Tier0) был убит AI Maria (StarSobor_Tier2) с SG5-K из 3 м расстояние.
23:26:18.773 [AI Object Patrol 00172] WaterPump_Tier0 (Raiders) bots were wiped out (spawn position <6108.185059, 300.989990, 7726.721191>, 1/1 deceased)
23:26:18.773 [AI Object Patrol 00172] Global patrol count: 4
23:26:29.710 [VehicleEnter] Player acey [uid=zc8VdK3LmE4uE8VdKbx2bOGlKghmh6pN2ye-63D6kCk=] entered vehicle Gunter 2 (id=D8779D4FE8475A234507A9A7CFBEFA23 pos=<4770.593262, 261.430878, 6625.967285>) as passenger
23:26:31.609 [VehicleLeave] Player acey [uid=zc8VdK3LmE4uE8VdKbx2bOGlKghmh6pN2ye-63D6kCk=] left vehicle Gunter 2 (id=D8779D4FE8475A234507A9A7CFBEFA23 pos=<4770.593750, 261.430878, 6625.967773>)
23:26:32.898 [VehicleLeave] Player Survivor (2) [uid=z63osPRVUnS8pzWmaenLtvu6c2gVxwL4gvA4elWPF5w=] left vehicle Gunter 2 (id=D8779D4FE8475A234507A9A7CFBEFA23 pos=<4770.593750, 261.430847, 6625.967773>)
23:27:38.296 [VehicleEnter] Player Survivor (2) [uid=z63osPRVUnS8pzWmaenLtvu6c2gVxwL4gvA4elWPF5w=] entered vehicle Gunter 2 (id=D8779D4FE8475A234507A9A7CFBEFA23 pos=<4774.716797, 282.046082, 6443.267578>) as passenger
23:27:40.679 [VehicleEnter] Player acey [uid=zc8VdK3LmE4uE8VdKbx2bOGlKghmh6pN2ye-63D6kCk=] entered vehicle Gunter 2 (id=D8779D4FE8475A234507A9A7CFBEFA23 pos=<4774.715820, 282.043701, 6443.311523>) as passenger
23:28:00.359 [AI Patrol 00069] Spawning 2 GM_Trader (InvincibleObservers) bots at <3779.608643, 403.082001, 5986.360352>
23:28:00.375 [AI Patrol 00069] Global patrol count: 5
23:28:29.390 [AI Object Patrol 00209] Spawning 3 OilStation_Tier2RR (Raiders) bots at <4725.805176, 281.209564, 6396.524414>
23:28:29.406 [AI Object Patrol 00209] Global patrol count: 6
23:28:55.828 [AI Patrol 00109] Spawning 1 Kozlovka_Tier2 (Raiders) bots at <4462.322266, 244.682220, 4703.879395>
23:28:55.843 [AI Patrol 00109] Global patrol count: 7
23:28:57.132 [AI Object Patrol 00015] Spawning 1 WaterPump_Tier0 (Raiders) bots at <4361.369629, 232.638229, 4672.752441>
23:28:57.140 [AI Object Patrol 00015] Global patrol count: 8
23:28:57.781 [AI Patrol 00108] Spawning 1 Kozlovka_Tier2 (Raiders) bots at <4437.578125, 235.826523, 4659.961426>
23:28:57.796 [AI Patrol 00108] Global patrol count: 9
23:29:04.585 [AI Patrol 00114] Spawning 1 Drozhino_Tier2RR (Raiders) bots at <3495.625977, 259.425629, 5022.118164>
23:29:04.601 [AI Patrol 00114] Global patrol count: 10
23:29:37.500 [Safezone] Player "acey" (id=zc8VdK3LmE4uE8VdKbx2bOGlKghmh6pN2ye-63D6kCk= pos=<4099.186523, 353.159271, 5676.505371>) Entered the safezone
23:29:37.500 [Safezone] Player "Survivor" (id=1OEPy6aKlMe0cmo8LieQDvVcsiu6iWAr2PUZdSF5eMI= pos=<4098.141602, 353.267975, 5676.603027>) Entered the safezone
23:29:37.554 [Safezone] Player "Survivor (2)" (id=z63osPRVUnS8pzWmaenLtvu6c2gVxwL4gvA4elWPF5w= pos=<4098.502930, 353.239655, 5676.226563>) Entered the safezone
23:29:39.570 [VehicleLeave] Player acey [uid=zc8VdK3LmE4uE8VdKbx2bOGlKghmh6pN2ye-63D6kCk=] left vehicle Gunter 2 (id=D8779D4FE8475A234507A9A7CFBEFA23 pos=<4096.621094, 352.996307, 5678.133789>)
23:29:40.609 [VehicleLeave] Player Survivor (2) [uid=z63osPRVUnS8pzWmaenLtvu6c2gVxwL4gvA4elWPF5w=] left vehicle Gunter 2 (id=D8779D4FE8475A234507A9A7CFBEFA23 pos=<4096.680664, 352.988861, 5678.112793>)
23:30:03.109 [Safezone] Player "acey" (id=zc8VdK3LmE4uE8VdKbx2bOGlKghmh6pN2ye-63D6kCk= pos=<4118.020020, 349.569855, 5661.157227>) Left the safezone
23:30:11.796 [Safezone] Player "Survivor (2)" (id=z63osPRVUnS8pzWmaenLtvu6c2gVxwL4gvA4elWPF5w= pos=<4105.406738, 352.412109, 5681.343262>) Entered the safezone
23:30:22.859 [Safezone] Player "Survivor (2)" (id=z63osPRVUnS8pzWmaenLtvu6c2gVxwL4gvA4elWPF5w= pos=<4109.517578, 351.962616, 5680.677246>) Entered the safezone
23:30:32.179 [Killfeed] AI Elias (Rogovo_Tier2) был убит AI Helga (OilStation_Tier2RR) с БК-43 из 17 м расстояние.
23:30:49.125 [Killfeed] AI Manua (WaterPump_Tier0) был убит AI Denis (Kozlovka_Tier2) с CR-550 Savanna из 2 м расстояние.
23:30:50.609 [Safezone] Player "acey" (id=zc8VdK3LmE4uE8VdKbx2bOGlKghmh6pN2ye-63D6kCk= pos=<4105.717773, 351.940430, 5676.277832>) Entered the safezone
23:30:52.335 [AI Object Patrol 00015] WaterPump_Tier0 (Raiders) bots were wiped out (spawn position <4361.369629, 232.638229, 4672.752441>, 1/1 deceased)
23:30:52.343 [AI Object Patrol 00015] Global patrol count: 9
23:30:54.585 [Safezone] Player "Survivor (2)" (id=z63osPRVUnS8pzWmaenLtvu6c2gVxwL4gvA4elWPF5w= pos=<4114.214355, 350.668640, 5670.470703>) Left the safezone
23:31:06.937 [Safezone] Player "acey" (id=zc8VdK3LmE4uE8VdKbx2bOGlKghmh6pN2ye-63D6kCk= pos=<4113.516113, 350.760925, 5670.821289>) Left the safezone
23:31:16.625 [Safezone] Player "acey" (id=zc8VdK3LmE4uE8VdKbx2bOGlKghmh6pN2ye-63D6kCk= pos=<4100.292480, 352.432343, 5676.061035>) Entered the safezone
23:31:18.187 [Safezone] Player "Survivor (2)" (id=z63osPRVUnS8pzWmaenLtvu6c2gVxwL4gvA4elWPF5w= pos=<4102.036621, 352.341675, 5676.945801>) Entered the safezone
23:31:31.234 [VehicleEnter] Player acey [uid=zc8VdK3LmE4uE8VdKbx2bOGlKghmh6pN2ye-63D6kCk=] entered vehicle Gunter 2 (id=D8779D4FE8475A234507A9A7CFBEFA23 pos=<4097.583496, 352.801453, 5676.971680>) as passenger
23:31:33.742 [VehicleEnter] Player Survivor (2) [uid=z63osPRVUnS8pzWmaenLtvu6c2gVxwL4gvA4elWPF5w=] entered vehicle Gunter 2 (id=D8779D4FE8475A234507A9A7CFBEFA23 pos=<4097.609863, 352.796600, 5676.947266>) as passenger
23:31:55.632 [Killfeed] AI Jose (WaterPump_Tier0) был убит AI Helga (OilStation_Tier2RR) с БК-43 из 11 м расстояние.
23:31:59.101 [AI Object Patrol 00170] WaterPump_Tier0 (Raiders) bots were wiped out (spawn position <4799.712891, 270.324707, 6819.708496>, 1/1 deceased)
23:31:59.101 [AI Object Patrol 00170] Global patrol count: 8
23:32:27.046 [AI Patrol 00117] Spawning 2 Zelenogorsk_Tier2 (Raiders) bots at <3021.148682, 230.156937, 5291.370605>
23:32:27.062 [AI Patrol 00117] Global patrol count: 9
23:32:31.351 [VehicleLeave] Player acey [uid=zc8VdK3LmE4uE8VdKbx2bOGlKghmh6pN2ye-63D6kCk=] left vehicle Gunter 2 (id=D8779D4FE8475A234507A9A7CFBEFA23 pos=<3704.541748, 402.043549, 5990.921387>)
23:32:32.296 [VehicleEngine] Player "Survivor" [uid=1OEPy6aKlMe0cmo8LieQDvVcsiu6iWAr2PUZdSF5eMI=] stopped vehicle Gunter 2 (id=D8779D4FE8475A234507A9A7CFBEFA23 pos=<3704.542480, 402.043549, 5990.921387>)
23:32:32.468 [VehicleLeave] Player Survivor (2) [uid=z63osPRVUnS8pzWmaenLtvu6c2gVxwL4gvA4elWPF5w=] left vehicle Gunter 2 (id=D8779D4FE8475A234507A9A7CFBEFA23 pos=<3704.542236, 402.043610, 5990.921387>)
23:32:36.101 [VehicleLeave] Player Survivor [uid=1OEPy6aKlMe0cmo8LieQDvVcsiu6iWAr2PUZdSF5eMI=] left vehicle Gunter 2 (id=D8779D4FE8475A234507A9A7CFBEFA23 pos=<3704.542969, 402.043549, 5990.921387>)
23:33:32.367 [Market] Player "acey" (id=zc8VdK3LmE4uE8VdKbx2bOGlKghmh6pN2ye-63D6kCk=) has sold saiga x1 (4a0d2310, Saiga_Bttstck<4ff9d560>) at the trader "Weapons (Naomi [#STR_EXPANSION_MARKET_TRADER_WEAPONS])" in market zone "Green Mountain Trading Zone" (pos=<3728.270020, 403.000000, 6003.600098>) and got 1800.
23:33:37.132 [AI Patrol 00106] Despawning 3 StarSobor_Tier2 (Raiders) bots (spawn position <6004.458008, 300.825317, 7863.366699>, 0/3 deceased)
23:33:37.132 [AI Patrol 00106] Global patrol count: 8
23:33:46.085 [Market] Player "acey" (id=zc8VdK3LmE4uE8VdKbx2bOGlKghmh6pN2ye-63D6kCk=) has sold pp19 x1 (4a0d1600, PP19_Bttstck<4ffa7740>, PSO1Optic<4c7e6d00>, Mag_PP19_64Rnd<4ffa6bb0>, ammo_380 x14) at the trader "Weapons (Naomi [#STR_EXPANSION_MARKET_TRADER_WEAPONS])" in market zone "Green Mountain Trading Zone" (pos=<3728.270020, 403.000000, 6003.600098>) and got 4663.
23:33:46.968 [Market] Player "Survivor" (id=1OEPy6aKlMe0cmo8LieQDvVcsiu6iWAr2PUZdSF5eMI=) has sold ak74 x1 (4a0cfbe0, AK74_WoodBttstck<4fa56900>, AK74_Hndgrd<4fa54650>, KashtanOptic<4c7e1890>) at the trader "Weapons (Naomi [#STR_EXPANSION_MARKET_TRADER_WEAPONS])" in market zone "Green Mountain Trading Zone" (pos=<3728.270020, 403.000000, 6003.600098>) and got 8393.
23:34:01.273 [Market] Player "Survivor" (id=1OEPy6aKlMe0cmo8LieQDvVcsiu6iWAr2PUZdSF5eMI=) has sold ak74 x1 (927f3940, AK74_WoodBttstck<a46dba70>, AK74_Hndgrd<a46daee0>, Mag_AK74_45Rnd<a46da350>, ammo_545x39 x10) at the trader "Weapons (Naomi [#STR_EXPANSION_MARKET_TRADER_WEAPONS])" in market zone "Green Mountain Trading Zone" (pos=<3728.270020, 403.000000, 6003.600098>) and got 6374.
23:34:39.460 [Market] Player "Survivor" (id=1OEPy6aKlMe0cmo8LieQDvVcsiu6iWAr2PUZdSF5eMI=) has sold mag_fnx45_15rnd x1 (a46c6b20, ammo_45acp x15) at the trader "Attachments (Seth [#STR_EXPANSION_MARKET_TRADER_ATTACHMENTS])" in market zone "Green Mountain Trading Zone" (pos=<3728.270020, 403.000000, 6003.600098>) and got 397.
23:34:42.281 [Market] Player "Survivor" (id=1OEPy6aKlMe0cmo8LieQDvVcsiu6iWAr2PUZdSF5eMI=) has sold mag_stanag_30rnd x1 (c01d19b0, ammo_556x45 x30) at the trader "Attachments (Seth [#STR_EXPANSION_MARKET_TRADER_ATTACHMENTS])" in market zone "Green Mountain Trading Zone" (pos=<3728.270020, 403.000000, 6003.600098>) and got 850.
23:34:42.562 [Market] Player "Survivor" (id=1OEPy6aKlMe0cmo8LieQDvVcsiu6iWAr2PUZdSF5eMI=) has sold mag_stanag_30rnd x1 (c01d30d0, ammo_556x45 x30) at the trader "Attachments (Seth [#STR_EXPANSION_MARKET_TRADER_ATTACHMENTS])" in market zone "Green Mountain Trading Zone" (pos=<3728.270020, 403.000000, 6003.600098>) and got 850.
23:34:45.156 [Market] Player "Survivor" (id=1OEPy6aKlMe0cmo8LieQDvVcsiu6iWAr2PUZdSF5eMI=) has sold mag_fnx45_15rnd x1 (a46d2420, ammo_45acp x15) at the trader "Attachments (Seth [#STR_EXPANSION_MARKET_TRADER_ATTACHMENTS])" in market zone "Green Mountain Trading Zone" (pos=<3728.270020, 403.000000, 6003.600098>) and got 228.
23:34:45.578 [Market] Player "Survivor" (id=1OEPy6aKlMe0cmo8LieQDvVcsiu6iWAr2PUZdSF5eMI=) has sold mag_fnx45_15rnd x1 (a46cf5e0, ammo_45acp x15) at the trader "Attachments (Seth [#STR_EXPANSION_MARKET_TRADER_ATTACHMENTS])" in market zone "Green Mountain Trading Zone" (pos=<3728.270020, 403.000000, 6003.600098>) and got 397.
23:34:53.179 [Market] Player "acey" (id=zc8VdK3LmE4uE8VdKbx2bOGlKghmh6pN2ye-63D6kCk=) has sold acogoptic x1 (4c7e60f0) at the trader "Attachments (Seth [#STR_EXPANSION_MARKET_TRADER_ATTACHMENTS])" in market zone "Green Mountain Trading Zone" (pos=<3728.270020, 403.000000, 6003.600098>) and got 3750.
23:34:55.062 [Market] Player "acey" (id=zc8VdK3LmE4uE8VdKbx2bOGlKghmh6pN2ye-63D6kCk=) has sold pso11optic x1 (7cf35b70) at the trader "Attachments (Seth [#STR_EXPANSION_MARKET_TRADER_ATTACHMENTS])" in market zone "Green Mountain Trading Zone" (pos=<3728.270020, 403.000000, 6003.600098>) and got 1875.
23:35:08.656 [Market] Player "Survivor" (id=1OEPy6aKlMe0cmo8LieQDvVcsiu6iWAr2PUZdSF5eMI=) has sold mag_fnx45_15rnd x1 (4fa58020, ammo_45acp x15) at the trader "Attachments (Seth [#STR_EXPANSION_MARKET_TRADER_ATTACHMENTS])" in market zone "Green Mountain Trading Zone" (pos=<3728.270020, 403.000000, 6003.600098>) and got 397.
23:35:10.562 [Market] Player "Survivor" (id=1OEPy6aKlMe0cmo8LieQDvVcsiu6iWAr2PUZdSF5eMI=) has sold mag_fnx45_15rnd x1 (4ff99000, ammo_45acp x11) at the trader "Attachments (Seth [#STR_EXPANSION_MARKET_TRADER_ATTACHMENTS])" in market zone "Green Mountain Trading Zone" (pos=<3728.270020, 403.000000, 6003.600098>) and got 128.
23:35:22.351 [Market] Player "acey" (id=zc8VdK3LmE4uE8VdKbx2bOGlKghmh6pN2ye-63D6kCk=) has sold ammo_40mm_explosive x1 (f86b1060) at the trader "Weapons (Naomi [#STR_EXPANSION_MARKET_TRADER_WEAPONS])" in market zone "Green Mountain Trading Zone" (pos=<3728.270020, 403.000000, 6003.600098>) and got 50.
23:35:54.015 [Market] Player "Survivor" (id=1OEPy6aKlMe0cmo8LieQDvVcsiu6iWAr2PUZdSF5eMI=) has sold fnx45 x1 (4a0cd4b0) at the trader "Weapons (Naomi [#STR_EXPANSION_MARKET_TRADER_WEAPONS])" in market zone "Green Mountain Trading Zone" (pos=<3728.270020, 403.000000, 6003.600098>) and got 2587.
23:35:54.445 [Market] Player "Survivor" (id=1OEPy6aKlMe0cmo8LieQDvVcsiu6iWAr2PUZdSF5eMI=) has sold fnx45 x1 (4a0d3d30) at the trader "Weapons (Naomi [#STR_EXPANSION_MARKET_TRADER_WEAPONS])" in market zone "Green Mountain Trading Zone" (pos=<3728.270020, 403.000000, 6003.600098>) and got 1940.
23:36:22.132 [Market] Player "acey" (id=zc8VdK3LmE4uE8VdKbx2bOGlKghmh6pN2ye-63D6kCk=) has sold mag_pp19_64rnd x1 (4fa5a2d0, ammo_380 x7) at the trader "Attachments (Seth [#STR_EXPANSION_MARKET_TRADER_ATTACHMENTS])" in market zone "Green Mountain Trading Zone" (pos=<3728.270020, 403.000000, 6003.600098>) and got 307.
23:39:34.109 [Market] Player "acey" (id=zc8VdK3LmE4uE8VdKbx2bOGlKghmh6pN2ye-63D6kCk=) has bought carradiator x1 (39319ec0) from the trader "Vehicle_Parts (Naomi [#STR_EXPANSION_MARKET_TRADER_VEHICLE_PARTS])" in market zone "Green Mountain Trading Zone" (pos=<3728.270020, 403.000000, 6003.600098>) for a price of 4400.
23:40:27.132 [Killfeed] AI Linda (Zelenogorsk_Tier2) был убит AI Judy (Drozhino_Tier2RR) с БK-12 из 14 м расстояние.
23:40:32.484 [Market] Player "Survivor (2)" (id=z63osPRVUnS8pzWmaenLtvu6c2gVxwL4gvA4elWPF5w=) has bought militarybelt x1 (4af1a540) from the trader "Clothing_Accessories (Maria [#STR_EXPANSION_MARKET_TRADER_CLOTHING_ACCESSORIES])" in market zone "Green Mountain Trading Zone" (pos=<3728.270020, 403.000000, 6003.600098>) for a price of 700.
23:40:37.593 [Market] Player "Survivor (2)" (id=z63osPRVUnS8pzWmaenLtvu6c2gVxwL4gvA4elWPF5w=) has bought ukassvest_black x1 (41044500) from the trader "Clothing_Accessories (Maria [#STR_EXPANSION_MARKET_TRADER_CLOTHING_ACCESSORIES])" in market zone "Green Mountain Trading Zone" (pos=<3728.270020, 403.000000, 6003.600098>) for a price of 2200.
23:40:42.054 [AI Patrol 00150] Despawning 1 Rogovo_Tier2 (Raiders) bots (spawn position <4720.458984, 270.850525, 6730.858398>, 1/2 deceased)
23:40:42.054 [AI Patrol 00150] Global patrol count: 7
23:40:49.062 [Killfeed] AI Kaito (Zelenogorsk_Tier2) был убит AI Judy (Drozhino_Tier2RR) с БK-12 из 1 м расстояние.
23:40:51.632 [AI Patrol 00117] Zelenogorsk_Tier2 (Raiders) bots were wiped out (spawn position <3021.148682, 230.156937, 5291.370605>, 2/2 deceased)
23:40:51.632 [AI Patrol 00117] Global patrol count: 6
23:40:56.476 [Market] Player "Survivor (2)" (id=z63osPRVUnS8pzWmaenLtvu6c2gVxwL4gvA4elWPF5w=) has bought platecarrierpouches x1 (4104a180) from the trader "Clothing_Accessories (Maria [#STR_EXPANSION_MARKET_TRADER_CLOTHING_ACCESSORIES])" in market zone "Green Mountain Trading Zone" (pos=<3728.270020, 403.000000, 6003.600098>) for a price of 1200.
23:41:06.992 [Killfeed] AI Denis (Kozlovka_Tier2) был убит AI Rolf (Kozlovka_Tier2) при помощи.
23:41:11.671 [AI Patrol 00108] Kozlovka_Tier2 (Raiders) bots were wiped out (spawn position <4437.578125, 235.826523, 4659.961426>, 1/1 deceased)
23:41:11.671 [AI Patrol 00108] Global patrol count: 5
23:41:28.031 [Market] Player "Survivor (2)" (id=z63osPRVUnS8pzWmaenLtvu6c2gVxwL4gvA4elWPF5w=) has sold platecarrierpouches x1 (4104a180) at the trader "Clothing_Accessories (Maria [#STR_EXPANSION_MARKET_TRADER_CLOTHING_ACCESSORIES])" in market zone "Green Mountain Trading Zone" (pos=<3728.270020, 403.000000, 6003.600098>) and got 300.
23:41:46.062 [Market] Player "Survivor" (id=1OEPy6aKlMe0cmo8LieQDvVcsiu6iWAr2PUZdSF5eMI=) has sold ammobox_762x54_20rnd x1 (a46cbc10) at the trader "Weapons (Naomi [#STR_EXPANSION_MARKET_TRADER_WEAPONS])" in market zone "Green Mountain Trading Zone" (pos=<3728.270020, 403.000000, 6003.600098>) and got 325.
23:42:31.445 [Market] Player "Survivor (2)" (id=z63osPRVUnS8pzWmaenLtvu6c2gVxwL4gvA4elWPF5w=) has sold militarybelt x1 (4af1a540) at the trader "Clothing_Accessories (Maria [#STR_EXPANSION_MARKET_TRADER_CLOTHING_ACCESSORIES])" in market zone "Green Mountain Trading Zone" (pos=<3728.270020, 403.000000, 6003.600098>) and got 175.
23:44:14.468 [Market] Player "acey" (id=zc8VdK3LmE4uE8VdKbx2bOGlKghmh6pN2ye-63D6kCk=) has sold fnx45 x1 (927fa1c0) at the trader "Weapons (Naomi [#STR_EXPANSION_MARKET_TRADER_WEAPONS])" in market zone "Green Mountain Trading Zone" (pos=<3728.270020, 403.000000, 6003.600098>) and got 1940.
23:46:00.375 [Market] Player "Survivor" (id=1OEPy6aKlMe0cmo8LieQDvVcsiu6iWAr2PUZdSF5eMI=) has bought m4_mpbttstck x1 (42352350) from the trader "Attachments (Seth [#STR_EXPANSION_MARKET_TRADER_ATTACHMENTS])" in market zone "Green Mountain Trading Zone" (pos=<3728.270020, 403.000000, 6003.600098>) for a price of 5000.
23:46:07.195 [Market] Player "Survivor" (id=1OEPy6aKlMe0cmo8LieQDvVcsiu6iWAr2PUZdSF5eMI=) has bought m4_rishndgrd x1 (4234f510) from the trader "Attachments (Seth [#STR_EXPANSION_MARKET_TRADER_ATTACHMENTS])" in market zone "Green Mountain Trading Zone" (pos=<3728.270020, 403.000000, 6003.600098>) for a price of 4300.
23:46:36.257 [Market] Player "Survivor" (id=1OEPy6aKlMe0cmo8LieQDvVcsiu6iWAr2PUZdSF5eMI=) has sold m4_oebttstck x1 (c07060f0) at the trader "Attachments (Seth [#STR_EXPANSION_MARKET_TRADER_ATTACHMENTS])" in market zone "Green Mountain Trading Zone" (pos=<3728.270020, 403.000000, 6003.600098>) and got 375.
23:46:37.195 [Market] Player "Survivor (2)" (id=z63osPRVUnS8pzWmaenLtvu6c2gVxwL4gvA4elWPF5w=) has bought ad_pilad x1 (37793220, Battery9V<37f44170>) from the trader "Attachments (Seth [#STR_EXPANSION_MARKET_TRADER_ATTACHMENTS])" in market zone "Green Mountain Trading Zone" (pos=<3728.270020, 403.000000, 6003.600098>) for a price of 3325.
23:46:39.148 [Market] Player "Survivor" (id=1OEPy6aKlMe0cmo8LieQDvVcsiu6iWAr2PUZdSF5eMI=) has sold m4_plastichndgrd x1 (c0705560) at the trader "Attachments (Seth [#STR_EXPANSION_MARKET_TRADER_ATTACHMENTS])" in market zone "Green Mountain Trading Zone" (pos=<3728.270020, 403.000000, 6003.600098>) and got 325.
23:47:42.796 [Market] Player "Survivor" (id=1OEPy6aKlMe0cmo8LieQDvVcsiu6iWAr2PUZdSF5eMI=) has bought ad_acog_rmr x1 (37799eb0, Battery9V<354b15f0>) from the trader "Attachments (Seth [#STR_EXPANSION_MARKET_TRADER_ATTACHMENTS])" in market zone "Green Mountain Trading Zone" (pos=<3728.270020, 403.000000, 6003.600098>) for a price of 21125.
23:48:15.718 [Market] Player "Survivor" (id=1OEPy6aKlMe0cmo8LieQDvVcsiu6iWAr2PUZdSF5eMI=) has sold acogoptic x1 (7cf215c0) at the trader "Attachments (Seth [#STR_EXPANSION_MARKET_TRADER_ATTACHMENTS])" in market zone "Green Mountain Trading Zone" (pos=<3728.270020, 403.000000, 6003.600098>) and got 3750.
23:48:43.687 [Market] Player "acey" (id=zc8VdK3LmE4uE8VdKbx2bOGlKghmh6pN2ye-63D6kCk=) has sold winchester70 x1 (927f0500) at the trader "Weapons (Naomi [#STR_EXPANSION_MARKET_TRADER_WEAPONS])" in market zone "Green Mountain Trading Zone" (pos=<3728.270020, 403.000000, 6003.600098>) and got 7125.
23:48:53.265 [Market] Player "acey" (id=zc8VdK3LmE4uE8VdKbx2bOGlKghmh6pN2ye-63D6kCk=) has sold huntingoptic x1 (7cf27640) at the trader "Attachments (Seth [#STR_EXPANSION_MARKET_TRADER_ATTACHMENTS])" in market zone "Green Mountain Trading Zone" (pos=<3728.270020, 403.000000, 6003.600098>) and got 1875.
23:49:05.085 [Market] Player "Survivor (2)" (id=z63osPRVUnS8pzWmaenLtvu6c2gVxwL4gvA4elWPF5w=) has sold m4_t3nrdsoptic x1 (7cf13ca0) at the trader "Attachments (Seth [#STR_EXPANSION_MARKET_TRADER_ATTACHMENTS])" in market zone "Green Mountain Trading Zone" (pos=<3728.270020, 403.000000, 6003.600098>) and got 31.
23:49:08.210 [Market] Player "Survivor (2)" (id=z63osPRVUnS8pzWmaenLtvu6c2gVxwL4gvA4elWPF5w=) has sold pso11optic x1 (7cf093c0, Battery9V<bbb17650>) at the trader "Attachments (Seth [#STR_EXPANSION_MARKET_TRADER_ATTACHMENTS])" in market zone "Green Mountain Trading Zone" (pos=<3728.270020, 403.000000, 6003.600098>) and got 1906.
23:49:09.054 [Market] Player "Survivor" (id=1OEPy6aKlMe0cmo8LieQDvVcsiu6iWAr2PUZdSF5eMI=) has sold bandagedressing x1 (72ba6cf0) at the trader "Medicals (Judy [#STR_EXPANSION_MARKET_TRADER_MEDICALS])" in market zone "Green Mountain Trading Zone" (pos=<3728.270020, 403.000000, 6003.600098>) and got 100.
23:49:16.445 [Market] Player "Survivor (2)" (id=z63osPRVUnS8pzWmaenLtvu6c2gVxwL4gvA4elWPF5w=) has bought mag_m14_10rnd x1 (47bee710, ammo_308win x10) from the trader "Attachments (Seth [#STR_EXPANSION_MARKET_TRADER_ATTACHMENTS])" in market zone "Green Mountain Trading Zone" (pos=<3728.270020, 403.000000, 6003.600098>) for a price of 3930.
23:50:22.140 [MissionAirdrop] An airdrop is heading towards "Elektrozavodsk" (pos=<9371.000000, 0.000000, 2229.000000> type=Random_Elektrozavodsk) with a ExpansionAirdropContainer_Military
23:50:35.031 [Market] Player "acey" (id=zc8VdK3LmE4uE8VdKbx2bOGlKghmh6pN2ye-63D6kCk=) has sold mag_ak74_30rnd x1 (a4e8a270) at the trader "Attachments (Seth [#STR_EXPANSION_MARKET_TRADER_ATTACHMENTS])" in market zone "Green Mountain Trading Zone" (pos=<3728.270020, 403.000000, 6003.600098>) and got 450.
23:50:35.937 [Market] Player "acey" (id=zc8VdK3LmE4uE8VdKbx2bOGlKghmh6pN2ye-63D6kCk=) has sold mag_ak74_30rnd x1 (a4f96fa0) at the trader "Attachments (Seth [#STR_EXPANSION_MARKET_TRADER_ATTACHMENTS])" in market zone "Green Mountain Trading Zone" (pos=<3728.270020, 403.000000, 6003.600098>) and got 900.
23:54:11.640 [Party] Player "acey" (id=zc8VdK3LmE4uE8VdKbx2bOGlKghmh6pN2ye-63D6kCk=) left the party "Knight Fallen" (id=1 ownerUID=1OEPy6aKlMe0cmo8LieQDvVcsiu6iWAr2PUZdSF5eMI= ownerName=Survivor)
23:56:26.656 [Safezone] Player "acey" (id=zc8VdK3LmE4uE8VdKbx2bOGlKghmh6pN2ye-63D6kCk= pos=<3704.728760, 403.602753, 5991.640625>) Entered the safezone
23:56:26.656 [Party] Player "acey" (id=zc8VdK3LmE4uE8VdKbx2bOGlKghmh6pN2ye-63D6kCk=) joinded the party "Knight Fallen" (id=1 ownerUID=1OEPy6aKlMe0cmo8LieQDvVcsiu6iWAr2PUZdSF5eMI= ownerName=Survivor)
23:56:26.656 [Expansion Quests] Initialize quest system on the connected client with UID=zc8VdK3LmE4uE8VdKbx2bOGlKghmh6pN2ye-63D6kCk=
23:56:26.687 [Expansion Quests] Loaded existing player quest data for player with UID=zc8VdK3LmE4uE8VdKbx2bOGlKghmh6pN2ye-63D6kCk=
23:56:26.687 [Expansion Quests] - LoadGroupQuestData - Got cached group quest data for group with ID=1
23:56:26.687 [Expansion Quests] Check quest initialization for quest with ID=6901 | State=COMPLETED | Player UID=zc8VdK3LmE4uE8VdKbx2bOGlKghmh6pN2ye-63D6kCk=
23:56:26.687 [Expansion Quests] Check quest initialization for quest with ID=6401 | State=COMPLETED | Player UID=zc8VdK3LmE4uE8VdKbx2bOGlKghmh6pN2ye-63D6kCk=
23:56:26.687 [Expansion Quests] Check quest initialization for quest with ID=101 | State=COMPLETED | Player UID=zc8VdK3LmE4uE8VdKbx2bOGlKghmh6pN2ye-63D6kCk=
23:56:26.687 [Expansion Quests] Check quest initialization for quest with ID=61101 | State=COMPLETED | Player UID=zc8VdK3LmE4uE8VdKbx2bOGlKghmh6pN2ye-63D6kCk=
23:56:26.687 [Expansion Quests] Check quest initialization for quest with ID=6601 | State=COMPLETED | Player UID=zc8VdK3LmE4uE8VdKbx2bOGlKghmh6pN2ye-63D6kCk=
23:56:26.687 [Expansion Quests] Check quest initialization for quest with ID=61301 | State=NONE | Player UID=zc8VdK3LmE4uE8VdKbx2bOGlKghmh6pN2ye-63D6kCk=
23:56:26.687 [Expansion Quests] Check quest initialization for quest with ID=6701 | State=COMPLETED | Player UID=zc8VdK3LmE4uE8VdKbx2bOGlKghmh6pN2ye-63D6kCk=
23:56:26.687 [Expansion Quests] Check quest initialization for quest with ID=6501 | State=COMPLETED | Player UID=zc8VdK3LmE4uE8VdKbx2bOGlKghmh6pN2ye-63D6kCk=
23:56:26.687 [Expansion Quests] Check quest initialization for quest with ID=6801 | State=COMPLETED | Player UID=zc8VdK3LmE4uE8VdKbx2bOGlKghmh6pN2ye-63D6kCk=
23:56:26.687 [Expansion Quests] Check quest initialization for quest with ID=6101 | State=COMPLETED | Player UID=zc8VdK3LmE4uE8VdKbx2bOGlKghmh6pN2ye-63D6kCk=
23:56:26.687 [Expansion Quests] Check quest initialization for quest with ID=6301 | State=COMPLETED | Player UID=zc8VdK3LmE4uE8VdKbx2bOGlKghmh6pN2ye-63D6kCk=
23:56:26.687 [Expansion Quests] Check quest initialization for quest with ID=6201 | State=COMPLETED | Player UID=zc8VdK3LmE4uE8VdKbx2bOGlKghmh6pN2ye-63D6kCk=
23:56:26.687 [Expansion Quests] Check quest initialization for quest with ID=61001 | State=COMPLETED | Player UID=zc8VdK3LmE4uE8VdKbx2bOGlKghmh6pN2ye-63D6kCk=
23:56:26.687 [Expansion Quests] Check quest initialization for quest with ID=61501 | State=NONE | Player UID=zc8VdK3LmE4uE8VdKbx2bOGlKghmh6pN2ye-63D6kCk=
23:56:26.687 [Expansion Quests] Check quest initialization for quest with ID=61502 | State=COMPLETED | Player UID=zc8VdK3LmE4uE8VdKbx2bOGlKghmh6pN2ye-63D6kCk=
23:56:26.687 [Expansion Quests] Quest with ID=6401 is not a a valid achievement or auto start quest. Skip quest for player with UID=zc8VdK3LmE4uE8VdKbx2bOGlKghmh6pN2ye-63D6kCk=
23:56:26.687 [Expansion Quests] Quest with ID=61101 is not a a valid achievement or auto start quest. Skip quest for player with UID=zc8VdK3LmE4uE8VdKbx2bOGlKghmh6pN2ye-63D6kCk=
23:56:26.695 [Expansion Quests] Quest with ID=61001 is not a a valid achievement or auto start quest. Skip quest for player with UID=zc8VdK3LmE4uE8VdKbx2bOGlKghmh6pN2ye-63D6kCk=
23:56:26.695 [Expansion Quests] Quest with ID=61301 is not a a valid achievement or auto start quest. Skip quest for player with UID=zc8VdK3LmE4uE8VdKbx2bOGlKghmh6pN2ye-63D6kCk=
23:56:26.695 [Expansion Quests] Quest with ID=61401 is not a a valid achievement or auto start quest. Skip quest for player with UID=zc8VdK3LmE4uE8VdKbx2bOGlKghmh6pN2ye-63D6kCk=
23:56:26.695 [Expansion Quests] Quest with ID=6701 is not a a valid achievement or auto start quest. Skip quest for player with UID=zc8VdK3LmE4uE8VdKbx2bOGlKghmh6pN2ye-63D6kCk=
23:56:26.695 [Expansion Quests] Quest with ID=5201 is not a a valid achievement or auto start quest. Skip quest for player with UID=zc8VdK3LmE4uE8VdKbx2bOGlKghmh6pN2ye-63D6kCk=
23:56:26.695 [Expansion Quests] Quest with ID=5202 is not a a valid achievement or auto start quest. Skip quest for player with UID=zc8VdK3LmE4uE8VdKbx2bOGlKghmh6pN2ye-63D6kCk=
23:56:26.695 [Expansion Quests] Quest with ID=5203 is not a a valid achievement or auto start quest. Skip quest for player with UID=zc8VdK3LmE4uE8VdKbx2bOGlKghmh6pN2ye-63D6kCk=
23:56:26.695 [Expansion Quests] Quest with ID=6101 is not a a valid achievement or auto start quest. Skip quest for player with UID=zc8VdK3LmE4uE8VdKbx2bOGlKghmh6pN2ye-63D6kCk=
23:56:26.695 [Expansion Quests] Quest with ID=6801 is not a a valid achievement or auto start quest. Skip quest for player with UID=zc8VdK3LmE4uE8VdKbx2bOGlKghmh6pN2ye-63D6kCk=
23:56:26.695 [Expansion Quests] Quest with ID=6301 is not a a valid achievement or auto start quest. Skip quest for player with UID=zc8VdK3LmE4uE8VdKbx2bOGlKghmh6pN2ye-63D6kCk=
23:56:26.695 [Expansion Quests] Quest with ID=2201 is not a a valid achievement or auto start quest. Skip quest for player with UID=zc8VdK3LmE4uE8VdKbx2bOGlKghmh6pN2ye-63D6kCk=
23:56:26.695 [Expansion Quests] Quest with ID=2202 is not a a valid achievement or auto start quest. Skip quest for player with UID=zc8VdK3LmE4uE8VdKbx2bOGlKghmh6pN2ye-63D6kCk=
23:56:26.695 [Expansion Quests] Quest with ID=2203 is not a a valid achievement or auto start quest. Skip quest for player with UID=zc8VdK3LmE4uE8VdKbx2bOGlKghmh6pN2ye-63D6kCk=
23:56:26.695 [Expansion Quests] Quest with ID=2204 is not a a valid achievement or auto start quest. Skip quest for player with UID=zc8VdK3LmE4uE8VdKbx2bOGlKghmh6pN2ye-63D6kCk=
23:56:26.695 [Expansion Quests] Quest with ID=2205 is not a a valid achievement or auto start quest. Skip quest for player with UID=zc8VdK3LmE4uE8VdKbx2bOGlKghmh6pN2ye-63D6kCk=
23:56:26.695 [Expansion Quests] Quest with ID=2101 is not a a valid achievement or auto start quest. Skip quest for player with UID=zc8VdK3LmE4uE8VdKbx2bOGlKghmh6pN2ye-63D6kCk=
23:56:26.695 [Expansion Quests] Quest with ID=61601 is not a a valid achievement or auto start quest. Skip quest for player with UID=zc8VdK3LmE4uE8VdKbx2bOGlKghmh6pN2ye-63D6kCk=
23:56:26.695 [Expansion Quests] Quest with ID=6901 is not a a valid achievement or auto start quest. Skip quest for player with UID=zc8VdK3LmE4uE8VdKbx2bOGlKghmh6pN2ye-63D6kCk=
23:56:26.695 [Expansion Quests] Quest with ID=2102 is not a a valid achievement or auto start quest. Skip quest for player with UID=zc8VdK3LmE4uE8VdKbx2bOGlKghmh6pN2ye-63D6kCk=
23:56:26.695 [Expansion Quests] Quest with ID=2103 is not a a valid achievement or auto start quest. Skip quest for player with UID=zc8VdK3LmE4uE8VdKbx2bOGlKghmh6pN2ye-63D6kCk=
23:56:26.695 [Expansion Quests] Quest with ID=2104 is not a a valid achievement or auto start quest. Skip quest for player with UID=zc8VdK3LmE4uE8VdKbx2bOGlKghmh6pN2ye-63D6kCk=
23:56:26.695 [Expansion Quests] Quest with ID=6201 is not a a valid achievement or auto start quest. Skip quest for player with UID=zc8VdK3LmE4uE8VdKbx2bOGlKghmh6pN2ye-63D6kCk=
23:56:26.695 [Expansion Quests] Quest with ID=5101 is not a a valid achievement or auto start quest. Skip quest for player with UID=zc8VdK3LmE4uE8VdKbx2bOGlKghmh6pN2ye-63D6kCk=
23:56:26.695 [Expansion Quests] Quest with ID=5102 is not a a valid achievement or auto start quest. Skip quest for player with UID=zc8VdK3LmE4uE8VdKbx2bOGlKghmh6pN2ye-63D6kCk=
23:56:26.695 [Expansion Quests] Quest with ID=6601 is not a a valid achievement or auto start quest. Skip quest for player with UID=zc8VdK3LmE4uE8VdKbx2bOGlKghmh6pN2ye-63D6kCk=
23:56:26.695 [Expansion Quests] Quest with ID=6501 is not a a valid achievement or auto start quest. Skip quest for player with UID=zc8VdK3LmE4uE8VdKbx2bOGlKghmh6pN2ye-63D6kCk=
23:56:26.695 [Expansion Quests] Quest with ID=62001 is not a a valid achievement or auto start quest. Skip quest for player with UID=zc8VdK3LmE4uE8VdKbx2bOGlKghmh6pN2ye-63D6kCk=
23:56:26.695 [Expansion Quests] Quest with ID=61201 is not a a valid achievement or auto start quest. Skip quest for player with UID=zc8VdK3LmE4uE8VdKbx2bOGlKghmh6pN2ye-63D6kCk=
23:56:26.695 [Expansion Quests] Quest with ID=5301 is not a a valid achievement or auto start quest. Skip quest for player with UID=zc8VdK3LmE4uE8VdKbx2bOGlKghmh6pN2ye-63D6kCk=
23:56:26.695 [Expansion Quests] Quest with ID=5302 is not a a valid achievement or auto start quest. Skip quest for player with UID=zc8VdK3LmE4uE8VdKbx2bOGlKghmh6pN2ye-63D6kCk=
23:56:26.695 [Expansion Quests] Quest with ID=5303 is not a a valid achievement or auto start quest. Skip quest for player with UID=zc8VdK3LmE4uE8VdKbx2bOGlKghmh6pN2ye-63D6kCk=
23:56:26.695 [Expansion Quests] Quest with ID=5304 is not a a valid achievement or auto start quest. Skip quest for player with UID=zc8VdK3LmE4uE8VdKbx2bOGlKghmh6pN2ye-63D6kCk=
23:56:26.695 [Expansion Quests] Quest with ID=2105 is not a a valid achievement or auto start quest. Skip quest for player with UID=zc8VdK3LmE4uE8VdKbx2bOGlKghmh6pN2ye-63D6kCk=
23:56:26.695 [Expansion Quests] Quest with ID=61501 is not a a valid achievement or auto start quest. Skip quest for player with UID=zc8VdK3LmE4uE8VdKbx2bOGlKghmh6pN2ye-63D6kCk=
23:56:26.695 [Expansion Quests] Quest with ID=61502 is not a a valid achievement or auto start quest. Skip quest for player with UID=zc8VdK3LmE4uE8VdKbx2bOGlKghmh6pN2ye-63D6kCk=
23:56:26.695 [Expansion Quests] Sending zc8VdK3LmE4uE8VdKbx2bOGlKghmh6pN2ye-63D6kCk= quest configs to client for player with UID=zc8VdK3LmE4uE8VdKbx2bOGlKghmh6pN2ye-63D6kCk=
23:56:26.703 [Expansion Quests] Sending player quest data for 15 quests to player with UID=zc8VdK3LmE4uE8VdKbx2bOGlKghmh6pN2ye-63D6kCk=
23:56:27.609 [Expansion Quests] - LoadGroupQuestData - Got cached group quest data for group with ID=1
23:57:07.226 [Market] Player "acey" (id=zc8VdK3LmE4uE8VdKbx2bOGlKghmh6pN2ye-63D6kCk=) has bought hatchback_02_hood_black x1 (32e24c00) from the trader "Vehicle_Parts (Naomi [#STR_EXPANSION_MARKET_TRADER_VEHICLE_PARTS])" in market zone "Green Mountain Trading Zone" (pos=<3728.270020, 403.000000, 6003.600098>) for a price of 2600.
