18:21:07.234 [Expansion Quests] Added objects set for quest ID=61001 from file=q61001
18:21:07.234 [Expansion Quests] Added objects set for quest ID=5201 from file=q5201
18:21:07.234 [Expansion Quests] Added objects set for quest ID=5202 from file=q5202
18:21:07.234 [Expansion Quests] Added objects set for quest ID=5203 from file=q5203
18:21:07.234 [Expansion Quests] Added objects set for quest ID=2201 from file=q2201
18:21:07.234 [Expansion Quests] Added objects set for quest ID=2202 from file=q2202
18:21:07.234 [Expansion Quests] Added objects set for quest ID=2203 from file=q2203
18:21:07.234 [Expansion Quests] Added objects set for quest ID=2204 from file=q2204
18:21:07.234 [Expansion Quests] Added objects set for quest ID=2205 from file=q2205
18:21:07.234 [Expansion Quests] Added objects set for quest ID=2101 from file=q2101
18:21:07.234 [Expansion Quests] Added objects set for quest ID=61601 from file=q61601
18:21:07.234 [Expansion Quests] Added objects set for quest ID=2102 from file=q2102
18:21:07.234 [Expansion Quests] Added objects set for quest ID=2103 from file=q2103
18:21:07.242 [Expansion Quests] Added objects set for quest ID=2104 from file=q2104
18:21:07.242 [Expansion Quests] Added objects set for quest ID=5101 from file=q5101
18:21:07.242 [Expansion Quests] Added objects set for quest ID=5102 from file=q5102
18:21:07.242 [Expansion Quests] Added objects set for quest ID=6601 from file=q6601
18:21:07.242 [Expansion Quests] Added objects set for quest ID=6501 from file=q6501
18:21:07.242 [Expansion Quests] Added objects set for quest ID=5301 from file=q5301
18:21:07.242 [Expansion Quests] Added objects set for quest ID=5302 from file=q5302
18:21:07.242 [Expansion Quests] Added objects set for quest ID=5303 from file=q5303
18:21:07.242 [Expansion Quests] Added objects set for quest ID=5304 from file=q5304
18:21:07.242 [Expansion Quests] Added objects set for quest ID=2105 from file=q2105
18:21:07.242 [Expansion Quests] Added objects set for quest ID=61501 from file=q61501
18:21:07.242 [Expansion Quests] Added objects set for quest ID=61502 from file=q61502
18:21:53.062 [Party] Player "Survivor" (id=1OEPy6aKlMe0cmo8LieQDvVcsiu6iWAr2PUZdSF5eMI=) joinded the party "Knight Fallen" (id=1 ownerUID=1OEPy6aKlMe0cmo8LieQDvVcsiu6iWAr2PUZdSF5eMI= ownerName=Survivor)
18:21:53.062 [Expansion Quests] Initialize quest system on the connected client with UID=1OEPy6aKlMe0cmo8LieQDvVcsiu6iWAr2PUZdSF5eMI=
18:21:53.117 [Expansion Quests] Loaded existing player quest data for player with UID=1OEPy6aKlMe0cmo8LieQDvVcsiu6iWAr2PUZdSF5eMI=
18:21:53.117 [Expansion Quests] Loaded existing group quest data for group with ID=1
18:21:53.117 [Expansion Quests] Check quest initialization for quest with ID=6101 | State=COMPLETED | Player UID=1OEPy6aKlMe0cmo8LieQDvVcsiu6iWAr2PUZdSF5eMI=
18:21:53.117 [Expansion Quests] Check quest initialization for quest with ID=6401 | State=COMPLETED | Player UID=1OEPy6aKlMe0cmo8LieQDvVcsiu6iWAr2PUZdSF5eMI=
18:21:53.117 [Expansion Quests] Check quest initialization for quest with ID=5101 | State=NONE | Player UID=1OEPy6aKlMe0cmo8LieQDvVcsiu6iWAr2PUZdSF5eMI=
18:21:53.117 [Expansion Quests] Check quest initialization for quest with ID=101 | State=COMPLETED | Player UID=1OEPy6aKlMe0cmo8LieQDvVcsiu6iWAr2PUZdSF5eMI=
18:21:53.117 [Expansion Quests] Check quest initialization for quest with ID=61101 | State=COMPLETED | Player UID=1OEPy6aKlMe0cmo8LieQDvVcsiu6iWAr2PUZdSF5eMI=
18:21:53.117 [Expansion Quests] Check quest initialization for quest with ID=6601 | State=COMPLETED | Player UID=1OEPy6aKlMe0cmo8LieQDvVcsiu6iWAr2PUZdSF5eMI=
18:21:53.117 [Expansion Quests] Check quest initialization for quest with ID=6901 | State=COMPLETED | Player UID=1OEPy6aKlMe0cmo8LieQDvVcsiu6iWAr2PUZdSF5eMI=
18:21:53.117 [Expansion Quests] Check quest initialization for quest with ID=6701 | State=COMPLETED | Player UID=1OEPy6aKlMe0cmo8LieQDvVcsiu6iWAr2PUZdSF5eMI=
18:21:53.117 [Expansion Quests] Check quest initialization for quest with ID=6501 | State=COMPLETED | Player UID=1OEPy6aKlMe0cmo8LieQDvVcsiu6iWAr2PUZdSF5eMI=
18:21:53.117 [Expansion Quests] Check quest initialization for quest with ID=6801 | State=COMPLETED | Player UID=1OEPy6aKlMe0cmo8LieQDvVcsiu6iWAr2PUZdSF5eMI=
18:21:53.117 [Expansion Quests] Check quest initialization for quest with ID=61301 | State=NONE | Player UID=1OEPy6aKlMe0cmo8LieQDvVcsiu6iWAr2PUZdSF5eMI=
18:21:53.117 [Expansion Quests] Check quest initialization for quest with ID=2101 | State=COMPLETED | Player UID=1OEPy6aKlMe0cmo8LieQDvVcsiu6iWAr2PUZdSF5eMI=
18:21:53.117 [Expansion Quests] Check quest initialization for quest with ID=6301 | State=COMPLETED | Player UID=1OEPy6aKlMe0cmo8LieQDvVcsiu6iWAr2PUZdSF5eMI=
18:21:53.117 [Expansion Quests] Check quest initialization for quest with ID=6201 | State=COMPLETED | Player UID=1OEPy6aKlMe0cmo8LieQDvVcsiu6iWAr2PUZdSF5eMI=
18:21:53.117 [Expansion Quests] Check quest initialization for quest with ID=61001 | State=COMPLETED | Player UID=1OEPy6aKlMe0cmo8LieQDvVcsiu6iWAr2PUZdSF5eMI=
18:21:53.117 [Expansion Quests] Check quest initialization for quest with ID=61501 | State=NONE | Player UID=1OEPy6aKlMe0cmo8LieQDvVcsiu6iWAr2PUZdSF5eMI=
18:21:53.117 [Expansion Quests] Check quest initialization for quest with ID=61502 | State=COMPLETED | Player UID=1OEPy6aKlMe0cmo8LieQDvVcsiu6iWAr2PUZdSF5eMI=
18:21:53.117 [Expansion Quests] Quest with ID=6401 is not a a valid achievement or auto start quest. Skip quest for player with UID=1OEPy6aKlMe0cmo8LieQDvVcsiu6iWAr2PUZdSF5eMI=
18:21:53.117 [Expansion Quests] Quest with ID=61101 is not a a valid achievement or auto start quest. Skip quest for player with UID=1OEPy6aKlMe0cmo8LieQDvVcsiu6iWAr2PUZdSF5eMI=
18:21:53.117 [Expansion Quests] Quest with ID=61001 is not a a valid achievement or auto start quest. Skip quest for player with UID=1OEPy6aKlMe0cmo8LieQDvVcsiu6iWAr2PUZdSF5eMI=
18:21:53.117 [Expansion Quests] Quest with ID=61301 is not a a valid achievement or auto start quest. Skip quest for player with UID=1OEPy6aKlMe0cmo8LieQDvVcsiu6iWAr2PUZdSF5eMI=
18:21:53.117 [Expansion Quests] Quest with ID=61401 is not a a valid achievement or auto start quest. Skip quest for player with UID=1OEPy6aKlMe0cmo8LieQDvVcsiu6iWAr2PUZdSF5eMI=
18:21:53.117 [Expansion Quests] Quest with ID=6701 is not a a valid achievement or auto start quest. Skip quest for player with UID=1OEPy6aKlMe0cmo8LieQDvVcsiu6iWAr2PUZdSF5eMI=
18:21:53.117 [Expansion Quests] Quest with ID=5201 is not a a valid achievement or auto start quest. Skip quest for player with UID=1OEPy6aKlMe0cmo8LieQDvVcsiu6iWAr2PUZdSF5eMI=
18:21:53.117 [Expansion Quests] Quest with ID=5202 is not a a valid achievement or auto start quest. Skip quest for player with UID=1OEPy6aKlMe0cmo8LieQDvVcsiu6iWAr2PUZdSF5eMI=
18:21:53.117 [Expansion Quests] Quest with ID=5203 is not a a valid achievement or auto start quest. Skip quest for player with UID=1OEPy6aKlMe0cmo8LieQDvVcsiu6iWAr2PUZdSF5eMI=
18:21:53.117 [Expansion Quests] Quest with ID=6101 is not a a valid achievement or auto start quest. Skip quest for player with UID=1OEPy6aKlMe0cmo8LieQDvVcsiu6iWAr2PUZdSF5eMI=
18:21:53.117 [Expansion Quests] Quest with ID=6801 is not a a valid achievement or auto start quest. Skip quest for player with UID=1OEPy6aKlMe0cmo8LieQDvVcsiu6iWAr2PUZdSF5eMI=
18:21:53.117 [Expansion Quests] Quest with ID=6301 is not a a valid achievement or auto start quest. Skip quest for player with UID=1OEPy6aKlMe0cmo8LieQDvVcsiu6iWAr2PUZdSF5eMI=
18:21:53.117 [Expansion Quests] Quest with ID=2201 is not a a valid achievement or auto start quest. Skip quest for player with UID=1OEPy6aKlMe0cmo8LieQDvVcsiu6iWAr2PUZdSF5eMI=
18:21:53.117 [Expansion Quests] Quest with ID=2202 is not a a valid achievement or auto start quest. Skip quest for player with UID=1OEPy6aKlMe0cmo8LieQDvVcsiu6iWAr2PUZdSF5eMI=
18:21:53.117 [Expansion Quests] Quest with ID=2203 is not a a valid achievement or auto start quest. Skip quest for player with UID=1OEPy6aKlMe0cmo8LieQDvVcsiu6iWAr2PUZdSF5eMI=
18:21:53.117 [Expansion Quests] Quest with ID=2204 is not a a valid achievement or auto start quest. Skip quest for player with UID=1OEPy6aKlMe0cmo8LieQDvVcsiu6iWAr2PUZdSF5eMI=
18:21:53.117 [Expansion Quests] Quest with ID=2205 is not a a valid achievement or auto start quest. Skip quest for player with UID=1OEPy6aKlMe0cmo8LieQDvVcsiu6iWAr2PUZdSF5eMI=
18:21:53.117 [Expansion Quests] Quest with ID=2101 is not a a valid achievement or auto start quest. Skip quest for player with UID=1OEPy6aKlMe0cmo8LieQDvVcsiu6iWAr2PUZdSF5eMI=
18:21:53.117 [Expansion Quests] Quest with ID=61601 is not a a valid achievement or auto start quest. Skip quest for player with UID=1OEPy6aKlMe0cmo8LieQDvVcsiu6iWAr2PUZdSF5eMI=
18:21:53.117 [Expansion Quests] Quest with ID=6901 is not a a valid achievement or auto start quest. Skip quest for player with UID=1OEPy6aKlMe0cmo8LieQDvVcsiu6iWAr2PUZdSF5eMI=
18:21:53.117 [Expansion Quests] Quest with ID=2102 is not a a valid achievement or auto start quest. Skip quest for player with UID=1OEPy6aKlMe0cmo8LieQDvVcsiu6iWAr2PUZdSF5eMI=
18:21:53.117 [Expansion Quests] Quest with ID=2103 is not a a valid achievement or auto start quest. Skip quest for player with UID=1OEPy6aKlMe0cmo8LieQDvVcsiu6iWAr2PUZdSF5eMI=
18:21:53.117 [Expansion Quests] Quest with ID=2104 is not a a valid achievement or auto start quest. Skip quest for player with UID=1OEPy6aKlMe0cmo8LieQDvVcsiu6iWAr2PUZdSF5eMI=
18:21:53.117 [Expansion Quests] Quest with ID=6201 is not a a valid achievement or auto start quest. Skip quest for player with UID=1OEPy6aKlMe0cmo8LieQDvVcsiu6iWAr2PUZdSF5eMI=
18:21:53.117 [Expansion Quests] Quest with ID=5101 is not a a valid achievement or auto start quest. Skip quest for player with UID=1OEPy6aKlMe0cmo8LieQDvVcsiu6iWAr2PUZdSF5eMI=
18:21:53.117 [Expansion Quests] Quest with ID=5102 is not a a valid achievement or auto start quest. Skip quest for player with UID=1OEPy6aKlMe0cmo8LieQDvVcsiu6iWAr2PUZdSF5eMI=
18:21:53.117 [Expansion Quests] Quest with ID=6601 is not a a valid achievement or auto start quest. Skip quest for player with UID=1OEPy6aKlMe0cmo8LieQDvVcsiu6iWAr2PUZdSF5eMI=
18:21:53.117 [Expansion Quests] Quest with ID=6501 is not a a valid achievement or auto start quest. Skip quest for player with UID=1OEPy6aKlMe0cmo8LieQDvVcsiu6iWAr2PUZdSF5eMI=
18:21:53.125 [Expansion Quests] Quest with ID=62001 is not a a valid achievement or auto start quest. Skip quest for player with UID=1OEPy6aKlMe0cmo8LieQDvVcsiu6iWAr2PUZdSF5eMI=
18:21:53.125 [Expansion Quests] Quest with ID=61201 is not a a valid achievement or auto start quest. Skip quest for player with UID=1OEPy6aKlMe0cmo8LieQDvVcsiu6iWAr2PUZdSF5eMI=
18:21:53.125 [Expansion Quests] Quest with ID=5301 is not a a valid achievement or auto start quest. Skip quest for player with UID=1OEPy6aKlMe0cmo8LieQDvVcsiu6iWAr2PUZdSF5eMI=
18:21:53.125 [Expansion Quests] Quest with ID=5302 is not a a valid achievement or auto start quest. Skip quest for player with UID=1OEPy6aKlMe0cmo8LieQDvVcsiu6iWAr2PUZdSF5eMI=
18:21:53.125 [Expansion Quests] Quest with ID=5303 is not a a valid achievement or auto start quest. Skip quest for player with UID=1OEPy6aKlMe0cmo8LieQDvVcsiu6iWAr2PUZdSF5eMI=
18:21:53.125 [Expansion Quests] Quest with ID=5304 is not a a valid achievement or auto start quest. Skip quest for player with UID=1OEPy6aKlMe0cmo8LieQDvVcsiu6iWAr2PUZdSF5eMI=
18:21:53.125 [Expansion Quests] Quest with ID=2105 is not a a valid achievement or auto start quest. Skip quest for player with UID=1OEPy6aKlMe0cmo8LieQDvVcsiu6iWAr2PUZdSF5eMI=
18:21:53.125 [Expansion Quests] Quest with ID=61501 is not a a valid achievement or auto start quest. Skip quest for player with UID=1OEPy6aKlMe0cmo8LieQDvVcsiu6iWAr2PUZdSF5eMI=
18:21:53.125 [Expansion Quests] Quest with ID=61502 is not a a valid achievement or auto start quest. Skip quest for player with UID=1OEPy6aKlMe0cmo8LieQDvVcsiu6iWAr2PUZdSF5eMI=
18:21:53.125 [Expansion Quests] Sending 1OEPy6aKlMe0cmo8LieQDvVcsiu6iWAr2PUZdSF5eMI= quest configs to client for player with UID=1OEPy6aKlMe0cmo8LieQDvVcsiu6iWAr2PUZdSF5eMI=
18:21:53.125 [Expansion Quests] Sending player quest data for 17 quests to player with UID=1OEPy6aKlMe0cmo8LieQDvVcsiu6iWAr2PUZdSF5eMI=
18:21:53.132 [AI Patrol 00114] Spawning 1 Drozhino_Tier2RR (Raiders) bots at <3528.441650, 253.919800, 4983.788574>
18:21:53.156 [AI Patrol 00114] Global patrol count: 1
18:21:53.156 [AI Patrol 00109] Spawning 1 Kozlovka_Tier2 (Raiders) bots at <4403.732910, 235.428528, 4664.414551>
18:21:53.171 [AI Patrol 00109] Global patrol count: 2
18:21:53.171 [AI Patrol 00108] Spawning 1 Kozlovka_Tier2 (Raiders) bots at <4416.325195, 249.191299, 4745.339355>
18:21:53.210 [AI Patrol 00108] Global patrol count: 3
18:21:54.007 [Expansion Quests] - LoadGroupQuestData - Got cached group quest data for group with ID=1
18:23:00.210 [AI Object Patrol 00167] Spawning 3 West bots at <4919.838867, 321.893799, 5614.818848>
18:23:00.234 [AI Object Patrol 00167] Global patrol count: 4
18:23:01.687 [AI Object Patrol 00166] Spawning 1 WaterPump_Tier0 (Raiders) bots at <4890.935059, 321.704742, 5665.142578>
18:23:01.703 [AI Object Patrol 00166] Global patrol count: 5
18:23:02.054 [AI Patrol 00158] Spawning 8 West bots at <4782.008301, 318.154541, 5743.651367>
18:23:02.070 [AI Patrol 00158] Global patrol count: 6
18:23:14.718 [AI Object Patrol 00015] Spawning 1 WaterPump_Tier0 (Raiders) bots at <4367.910156, 231.984894, 4653.775391>
18:23:14.726 [AI Object Patrol 00015] Global patrol count: 7
18:23:31.914 [AI Patrol 00088] Spawning 1 Novoselki_Tier1 (Raiders) bots at <6202.554199, 69.502998, 3344.480713>
18:23:31.953 [AI Patrol 00088] Global patrol count: 8
18:23:31.953 [AI Patrol 00093] Spawning 1 Vysotovo_Tier1 (Raiders) bots at <5826.163574, 97.502998, 2716.956299>
18:23:31.976 [AI Patrol 00093] Global patrol count: 9
18:23:31.976 [AI Patrol 00089] Spawning 1 Novoselki_Tier1 (Raiders) bots at <6150.425781, 96.502998, 3135.324707>
18:23:31.992 [AI Patrol 00089] Global patrol count: 10
18:23:33.960 [AI Patrol 00094] Spawning 1 Vysotovo_Tier1 (Raiders) bots at <5861.150879, 121.502998, 2677.757324>
18:23:33.984 [AI Patrol 00094] Global patrol count: 11
18:23:37.500 [AI Object Patrol 00009] Spawning 1 PoliceStation_Tier1 (Raiders) bots at <6210.118652, 25.688414, 2922.196045>
18:23:37.515 [AI Object Patrol 00009] Global patrol count: 12
18:23:39.421 [AI Object Patrol 00005] Spawning 2 OilStation_Tier2RR (Raiders) bots at <5867.583008, 9.023444, 2195.659424>
18:23:39.453 [AI Object Patrol 00005] Global patrol count: 13
18:23:39.484 [AI Patrol 00095] Spawning 1 Vysotovo_Tier1 (Raiders) bots at <5699.555176, 105.502998, 2381.887451>
18:23:39.507 [AI Patrol 00095] Global patrol count: 14
18:23:39.507 [AI Object Patrol 00162] Spawning 2 FirelStation_Tier2 (Raiders) bots at <6266.902344, 8.657248, 2726.583496>
18:23:39.515 [AI Object Patrol 00162] Global patrol count: 15
18:23:49.968 [AI Object Patrol 00060] Spawning 1 WaterPump_Tier0 (Raiders) bots at <4386.423828, 10.421883, 2479.244141>
18:23:49.976 [AI Object Patrol 00060] Global patrol count: 16
18:24:36.203 [Killfeed] AI Baty (WaterPump_Tier0) был убит AI Indar (Запад) с КА-101 из 27 м расстояние.
18:24:40.859 [AI Object Patrol 00166] WaterPump_Tier0 (Raiders) bots were wiped out (spawn position <4890.935059, 321.704742, 5665.142578>, 1/1 deceased)
18:24:40.859 [AI Object Patrol 00166] Global patrol count: 15
18:25:02.078 [AI Object Patrol 00004] Spawning 1 WaterPump_Tier0 (Raiders) bots at <3653.744629, 6.901110, 2472.716309>
18:25:02.085 [AI Object Patrol 00004] Global patrol count: 16
18:25:03.875 [AI Object Patrol 00003] Spawning 3 PoliceStation_Tier1 (Raiders) bots at <3558.289307, 6.298026, 2444.958740>
18:25:03.890 [AI Object Patrol 00003] Global patrol count: 17
18:25:31.937 [AI Object Patrol 00051] Spawning 1 HospitalStation_Tier2 (Raiders) bots at <2159.768799, 91.565651, 3373.332031>
18:25:31.960 [AI Object Patrol 00051] Global patrol count: 18
18:25:32.742 [AI Object Patrol 00052] Spawning 2 West bots at <2160.303467, 106.489517, 3436.819092>
18:25:32.757 [AI Object Patrol 00052] Global patrol count: 19
18:25:37.742 [Killfeed] AI Guo (WaterPump_Tier0) был убит AI Frida (Kozlovka_Tier2) при помощи.
18:25:40.656 [AI Object Patrol 00015] WaterPump_Tier0 (Raiders) bots were wiped out (spawn position <4367.910156, 231.984894, 4653.775391>, 1/1 deceased)
18:25:40.656 [AI Object Patrol 00015] Global patrol count: 18
18:25:41.789 [AI Object Patrol 00050] Spawning 3 West bots at <2068.053955, 109.536263, 3488.637939>
18:25:41.796 [AI Object Patrol 00050] Global patrol count: 19
18:25:46.265 [AI Object Patrol 00054] Spawning 2 CampHouse_Tier2CB (Mercenaries) bots at <1154.294678, 6.433652, 2407.573730>
18:25:46.273 [AI Object Patrol 00054] Global patrol count: 20
18:25:46.273 [AI Object Patrol 00064] Spawning 3 OilStation_Tier2RR (Raiders) bots at <1129.222534, 6.128074, 2399.032227>
18:25:46.281 [AI Object Patrol 00064] Global patrol count: 21
18:25:46.281 [AI Object Patrol 00160] Spawning 1 WaterPump_Tier0 (Raiders) bots at <1900.328491, 5.986175, 2218.456299>
18:25:46.289 [AI Object Patrol 00160] Global patrol count: 22
18:25:54.867 [AI Patrol 00107] Spawning 2 Pavlovo_Tier2 (Raiders) bots at <1741.847534, 143.262787, 3764.036621>
18:25:54.875 [AI Patrol 00107] Global patrol count: 23
18:26:40.062 [MissionAirdrop] An airdrop is heading towards "Stary Sobor" (pos=<5823.000000, 0.000000, 7764.000000> type=Random_Stary Sobor) with a ExpansionAirdropContainer_Medical
18:27:05.562 [AI Object Patrol 00013] Spawning 1 FirelStation_Tier2 (Raiders) bots at <2573.135498, 194.739685, 5099.385742>
18:27:05.578 [AI Object Patrol 00013] Global patrol count: 24
18:27:05.578 [AI Patrol 00115] Spawning 1 Zelenogorsk_Tier2 (Raiders) bots at <2193.903809, 185.303345, 5150.735840>
18:27:05.593 [AI Patrol 00115] Global patrol count: 25
18:27:05.593 [AI Patrol 00116] Spawning 1 Zelenogorsk_Tier3 (Raiders) bots at <2544.291260, 191.503601, 5188.714355>
18:27:05.609 [AI Patrol 00116] Global patrol count: 26
18:27:05.609 [AI Object Patrol 00164] Spawning 1 WaterPump_Tier0 (Raiders) bots at <3330.740479, 186.017624, 3915.588379>
18:27:05.609 [AI Object Patrol 00164] Global patrol count: 27
18:27:15.210 [Killfeed] AI Peter (HospitalStation_Tier2) умер от Химическое отравление.
18:27:15.367 [AI Object Patrol 00051] HospitalStation_Tier2 (Raiders) bots were wiped out (spawn position <2159.768799, 91.565651, 3373.332031>, 1/1 deceased)
18:27:15.367 [AI Object Patrol 00051] Global patrol count: 26
18:27:43.000 [AI Object Patrol 00008] Spawning 1 HospitalStation_Tier2 (Raiders) bots at <6460.022949, 9.310000, 2711.293701>
18:27:43.007 [AI Object Patrol 00008] Global patrol count: 27
18:27:43.007 [AI Patrol 00092] Spawning 1 Dubovo_Tier1 (Raiders) bots at <6836.405273, 78.502998, 3594.759521>
18:27:43.023 [AI Patrol 00092] Global patrol count: 28
18:27:43.023 [AI Patrol 00090] Spawning 1 Dubovo_Tier1 (Raiders) bots at <6665.900391, 103.502998, 3591.500244>
18:27:43.031 [AI Patrol 00090] Global patrol count: 29
18:27:43.039 [AI Patrol 00091] Spawning 1 Dubovo_Tier1 (Raiders) bots at <6700.790039, 100.502998, 3632.167969>
18:27:43.046 [AI Patrol 00091] Global patrol count: 30
18:27:45.585 [AI Object Patrol 00017] Spawning 1 WaterPump_Tier0 (Raiders) bots at <5879.065918, 134.430710, 4815.685547>
18:27:45.585 [AI Object Patrol 00017] Global patrol count: 31
18:27:45.585 [AI Object Patrol 00016] Spawning 3 PoliceStation_Tier1 (Raiders) bots at <5866.418945, 138.376053, 4661.115723>
18:27:45.601 [AI Object Patrol 00016] Global patrol count: 32
18:27:54.757 [AI Object Patrol 00018] Spawning 1 WaterPump_Tier0 (Raiders) bots at <7551.429688, 213.989288, 5144.461426>
18:27:54.765 [AI Object Patrol 00018] Global patrol count: 33
18:27:54.765 [AI Patrol 00149] Spawning 2 Mogilevka_Tier2 (Raiders) bots at <7469.479980, 216.154144, 5186.636230>
18:27:54.773 [AI Patrol 00149] Global patrol count: 34
18:28:34.140 [AI Object Patrol 00199] Spawning 1 WaterPump_Tier0 (Raiders) bots at <6542.329102, 321.724182, 6071.328125>
18:28:34.140 [AI Object Patrol 00199] Global patrol count: 35
18:28:36.921 [AI Object Patrol 00176] Spawning 1 WaterPump_Tier0 (Raiders) bots at <6097.282715, 301.164917, 7732.071777>
18:28:36.929 [AI Object Patrol 00176] Global patrol count: 36
18:28:36.929 [AI Patrol 00106] Spawning 1 StarSobor_Tier2 (Raiders) bots at <6069.553223, 300.954956, 7861.574707>
18:28:36.937 [AI Patrol 00106] Global patrol count: 37
18:28:42.390 [AI Object Patrol 00019] Spawning 3 PoliceStation_Tier1 (Raiders) bots at <7175.970215, 293.979004, 7687.209473>
18:28:42.398 [AI Object Patrol 00019] Global patrol count: 38
18:29:02.867 [AI Patrol 00130] Spawning 3 RadioZenit_Tier3 (Raiders) bots at <8053.983887, 458.986725, 9278.967773>
18:29:02.906 [AI Patrol 00130] Global patrol count: 39
18:29:22.679 [Killfeed] AI Kaito (Запад) умер от Химическое отравление.
18:30:26.257 [Killfeed] AI Helga (Dubovo_Tier1) был убит AI Peter (Dubovo_Tier1) с БK-18 из 40 м расстояние.
18:30:30.976 [AI Patrol 00092] Dubovo_Tier1 (Raiders) bots were wiped out (spawn position <6836.405273, 78.502998, 3594.759521>, 1/1 deceased)
18:30:30.976 [AI Patrol 00092] Global patrol count: 38
18:31:02.593 [Killfeed] AI Judy (WaterPump_Tier0) был убит AI Cyril (PoliceStation_Tier1) с Обрез БК-43 из 10 м расстояние.
18:31:06.085 [AI Object Patrol 00017] WaterPump_Tier0 (Raiders) bots were wiped out (spawn position <5879.065918, 134.430710, 4815.685547>, 1/1 deceased)
18:31:06.085 [AI Object Patrol 00017] Global patrol count: 37
18:31:10.945 [Killfeed] AI Eva (Novoselki_Tier1) был убит AI Seth (FirelStation_Tier2) с Обрез Мосин 91/30 из 5 м расстояние.
18:31:15.812 [AI Patrol 00089] Novoselki_Tier1 (Raiders) bots were wiped out (spawn position <6150.425781, 96.502998, 3135.324707>, 1/1 deceased)
18:31:15.812 [AI Patrol 00089] Global patrol count: 36
18:31:54.695 [Killfeed] AI Niki (WaterPump_Tier0) был убит AI Oliver (PoliceStation_Tier1) голыми руками.
18:31:55.812 [AI Object Patrol 00004] WaterPump_Tier0 (Raiders) bots were wiped out (spawn position <3653.744629, 6.901110, 2472.716309>, 1/1 deceased)
18:31:55.812 [AI Object Patrol 00004] Global patrol count: 35
18:32:23.640 [Killfeed] AI Seth (FirelStation_Tier2) был убит AI Manua (HospitalStation_Tier2) с CR-61 Skorpion из 2 м расстояние.
18:32:41.781 [AI Object Patrol 00030] Spawning 1 WaterPump_Tier0 (Raiders) bots at <9455.709961, 303.953003, 8830.237305>
18:32:41.789 [AI Object Patrol 00030] Global patrol count: 36
18:32:41.789 [AI Object Patrol 00029] Spawning 2 PoliceStation_Tier1 (Raiders) bots at <9520.178711, 302.945404, 8781.875000>
18:32:41.812 [AI Object Patrol 00029] Global patrol count: 37
18:32:57.750 [AI Object Patrol 00185] Spawning 1 WaterPump_Tier0 (Raiders) bots at <8064.674316, 255.303619, 10911.022461>
18:32:57.757 [AI Object Patrol 00185] Global patrol count: 38
18:32:57.757 [AI Object Patrol 00186] Spawning 1 CampHouse_Tier2CB (Mercenaries) bots at <8103.368652, 254.993210, 10932.179688>
18:32:57.765 [AI Object Patrol 00186] Global patrol count: 39
18:33:05.710 [AI Patrol 00114] Despawning 1 Drozhino_Tier2RR (Raiders) bots (spawn position <3528.441650, 253.919800, 4983.788574>, 0/1 deceased)
18:33:05.710 [AI Patrol 00114] Global patrol count: 38
18:33:11.312 [AI Patrol 00158] Despawning 8 West bots (spawn position <4782.008301, 318.154541, 5743.651367>, 0/8 deceased)
18:33:11.312 [AI Patrol 00158] Global patrol count: 37
18:33:11.429 [AI Object Patrol 00167] Despawning 3 West bots (spawn position <4919.838867, 321.893799, 5614.818848>, 0/3 deceased)
18:33:11.429 [AI Object Patrol 00167] Global patrol count: 36
18:33:21.148 [AI Patrol 00109] Despawning 1 Kozlovka_Tier2 (Raiders) bots (spawn position <4403.732910, 235.428528, 4664.414551>, 0/1 deceased)
18:33:21.148 [AI Patrol 00109] Global patrol count: 35
18:33:21.484 [AI Patrol 00108] Despawning 1 Kozlovka_Tier2 (Raiders) bots (spawn position <4416.325195, 249.191299, 4745.339355>, 0/1 deceased)
18:33:21.484 [AI Patrol 00108] Global patrol count: 34
18:33:45.851 [AI Object Patrol 00005] Despawning 2 OilStation_Tier2RR (Raiders) bots (spawn position <5867.583008, 9.023444, 2195.659424>, 0/2 deceased)
18:33:45.851 [AI Object Patrol 00005] Global patrol count: 33
18:33:50.531 [AI Patrol 00095] Despawning 1 Vysotovo_Tier1 (Raiders) bots (spawn position <5699.555176, 105.502998, 2381.887451>, 0/1 deceased)
18:33:50.531 [AI Patrol 00095] Global patrol count: 32
18:33:56.523 [AI Patrol 00094] Despawning 1 Vysotovo_Tier1 (Raiders) bots (spawn position <5861.150879, 121.502998, 2677.757324>, 0/1 deceased)
18:33:56.523 [AI Patrol 00094] Global patrol count: 31
18:34:00.390 [AI Object Patrol 00162] Despawning 1 FirelStation_Tier2 (Raiders) bots (spawn position <6266.902344, 8.657248, 2726.583496>, 1/2 deceased)
18:34:00.390 [AI Object Patrol 00162] Global patrol count: 30
18:34:00.554 [AI Patrol 00088] Despawning 1 Novoselki_Tier1 (Raiders) bots (spawn position <6202.554199, 69.502998, 3344.480713>, 0/1 deceased)
18:34:00.554 [AI Patrol 00088] Global patrol count: 29
18:34:01.750 [AI Object Patrol 00009] Despawning 1 PoliceStation_Tier1 (Raiders) bots (spawn position <6210.118652, 25.688414, 2922.196045>, 0/1 deceased)
18:34:01.750 [AI Object Patrol 00009] Global patrol count: 28
18:34:10.835 [AI Patrol 00093] Despawning 1 Vysotovo_Tier1 (Raiders) bots (spawn position <5826.163574, 97.502998, 2716.956299>, 0/1 deceased)
18:34:10.835 [AI Patrol 00093] Global patrol count: 27
18:35:36.531 [AI Object Patrol 00060] Despawning 1 WaterPump_Tier0 (Raiders) bots (spawn position <4386.423828, 10.421883, 2479.244141>, 0/1 deceased)
18:35:36.531 [AI Object Patrol 00060] Global patrol count: 26
18:35:51.750 [AI Object Patrol 00064] Despawning 3 OilStation_Tier2RR (Raiders) bots (spawn position <1129.222534, 6.128074, 2399.032227>, 0/3 deceased)
18:35:51.750 [AI Object Patrol 00064] Global patrol count: 25
18:35:55.843 [AI Object Patrol 00003] Despawning 3 PoliceStation_Tier1 (Raiders) bots (spawn position <3558.289307, 6.298026, 2444.958740>, 0/3 deceased)
18:35:55.843 [AI Object Patrol 00003] Global patrol count: 24
18:36:01.250 [AI Object Patrol 00054] Despawning 2 CampHouse_Tier2CB (Mercenaries) bots (spawn position <1154.294678, 6.433652, 2407.573730>, 0/2 deceased)
18:36:01.250 [AI Object Patrol 00054] Global patrol count: 23
18:36:03.390 [AI Object Patrol 00160] Despawning 1 WaterPump_Tier0 (Raiders) bots (spawn position <1900.328491, 5.986175, 2218.456299>, 0/1 deceased)
18:36:03.390 [AI Object Patrol 00160] Global patrol count: 22
18:36:45.828 [AI Object Patrol 00052] Despawning 1 West bots (spawn position <2160.303467, 106.489517, 3436.819092>, 1/2 deceased)
18:36:45.828 [AI Object Patrol 00052] Global patrol count: 21
18:36:46.125 [AI Object Patrol 00050] Despawning 3 West bots (spawn position <2068.053955, 109.536263, 3488.637939>, 0/3 deceased)
18:36:46.125 [AI Object Patrol 00050] Global patrol count: 20
18:36:51.320 [AI Patrol 00107] Despawning 2 Pavlovo_Tier2 (Raiders) bots (spawn position <1741.847534, 143.262787, 3764.036621>, 0/2 deceased)
18:36:51.320 [AI Patrol 00107] Global patrol count: 19
18:37:05.523 [AI Patrol 00115] Despawning 1 Zelenogorsk_Tier2 (Raiders) bots (spawn position <2193.903809, 185.303345, 5150.735840>, 0/1 deceased)
18:37:05.523 [AI Patrol 00115] Global patrol count: 18
18:37:05.820 [AI Object Patrol 00013] Despawning 1 FirelStation_Tier2 (Raiders) bots (spawn position <2573.135498, 194.739685, 5099.385742>, 0/1 deceased)
18:37:05.820 [AI Object Patrol 00013] Global patrol count: 17
18:37:05.828 [AI Patrol 00116] Despawning 1 Zelenogorsk_Tier3 (Raiders) bots (spawn position <2544.291260, 191.503601, 5188.714355>, 0/1 deceased)
18:37:05.828 [AI Patrol 00116] Global patrol count: 16
18:37:18.218 [AI Object Patrol 00164] Despawning 1 WaterPump_Tier0 (Raiders) bots (spawn position <3330.740479, 186.017624, 3915.588379>, 0/1 deceased)
18:37:18.218 [AI Object Patrol 00164] Global patrol count: 15
18:37:41.742 [AI Object Patrol 00008] Despawning 1 HospitalStation_Tier2 (Raiders) bots (spawn position <6460.022949, 9.310000, 2711.293701>, 0/1 deceased)
18:37:41.742 [AI Object Patrol 00008] Global patrol count: 14
18:37:43.906 [Killfeed] AI Niki (WaterPump_Tier0) был убит AI Hassan (PoliceStation_Tier1) с CR-61 Skorpion из 16 м расстояние.
18:37:46.125 [AI Object Patrol 00030] WaterPump_Tier0 (Raiders) bots were wiped out (spawn position <9455.709961, 303.953003, 8830.237305>, 1/1 deceased)
18:37:46.125 [AI Object Patrol 00030] Global patrol count: 13
18:38:01.273 [AI Patrol 00090] Despawning 1 Dubovo_Tier1 (Raiders) bots (spawn position <6665.900391, 103.502998, 3591.500244>, 0/1 deceased)
18:38:01.273 [AI Patrol 00090] Global patrol count: 12
18:38:01.453 [AI Patrol 00091] Despawning 1 Dubovo_Tier1 (Raiders) bots (spawn position <6700.790039, 100.502998, 3632.167969>, 0/1 deceased)
18:38:01.453 [AI Patrol 00091] Global patrol count: 11
18:38:01.539 [AI Object Patrol 00016] Despawning 3 PoliceStation_Tier1 (Raiders) bots (spawn position <5866.418945, 138.376053, 4661.115723>, 0/3 deceased)
18:38:01.539 [AI Object Patrol 00016] Global patrol count: 10
18:38:06.757 [Killfeed] AI Quinn (PoliceStation_Tier1) умер от потери крови.
18:38:15.523 [AI Patrol 00149] Despawning 2 Mogilevka_Tier2 (Raiders) bots (spawn position <7469.479980, 216.154144, 5186.636230>, 0/2 deceased)
18:38:15.523 [AI Patrol 00149] Global patrol count: 9
18:38:16.406 [AI Object Patrol 00018] Despawning 1 WaterPump_Tier0 (Raiders) bots (spawn position <7551.429688, 213.989288, 5144.461426>, 0/1 deceased)
18:38:16.406 [AI Object Patrol 00018] Global patrol count: 8
18:38:40.460 [AI Object Patrol 00199] Despawning 1 WaterPump_Tier0 (Raiders) bots (spawn position <6542.329102, 321.724182, 6071.328125>, 0/1 deceased)
18:38:40.460 [AI Object Patrol 00199] Global patrol count: 7
18:38:55.570 [AI Object Patrol 00176] Despawning 1 WaterPump_Tier0 (Raiders) bots (spawn position <6097.282715, 301.164917, 7732.071777>, 0/1 deceased)
18:38:55.570 [AI Object Patrol 00176] Global patrol count: 6
18:38:56.312 [AI Patrol 00106] Despawning 1 StarSobor_Tier2 (Raiders) bots (spawn position <6069.553223, 300.954956, 7861.574707>, 0/1 deceased)
18:38:56.312 [AI Patrol 00106] Global patrol count: 5
18:41:03.500 [Party] Player "Survivor" (id=1OEPy6aKlMe0cmo8LieQDvVcsiu6iWAr2PUZdSF5eMI=) left the party "Knight Fallen" (id=1 ownerUID=1OEPy6aKlMe0cmo8LieQDvVcsiu6iWAr2PUZdSF5eMI= ownerName=Survivor)
