21:51:44.515 [Safezone] Player "Da da Ya" (id=1OEPy6aKlMe0cmo8LieQDvVcsiu6iWAr2PUZdSF5eMI= pos=<3705.590332, 402.012451, 5986.521973>) Entered the safezone
21:51:44.515 [Expansion Quests] Initialize quest system on the connected client with UID=1OEPy6aKlMe0cmo8LieQDvVcsiu6iWAr2PUZdSF5eMI=
21:51:44.578 [Expansion Quests] Loaded existing player quest data for player with UID=1OEPy6aKlMe0cmo8LieQDvVcsiu6iWAr2PUZdSF5eMI=
21:51:44.578 [Expansion Quests] Check quest initialization for quest with ID=20 | State=NONE | Player UID=1OEPy6aKlMe0cmo8LieQDvVcsiu6iWAr2PUZdSF5eMI=
21:51:44.578 [Expansion Quests] Check quest initialization for quest with ID=101 | State=NONE | Player UID=1OEPy6aKlMe0cmo8LieQDvVcsiu6iWAr2PUZdSF5eMI=
21:51:44.578 [Expansion Quests] Check quest initialization for quest with ID=22 | State=COMPLETED | Player UID=1OEPy6aKlMe0cmo8LieQDvVcsiu6iWAr2PUZdSF5eMI=
21:51:44.578 [Expansion Quests] Check quest initialization for quest with ID=23 | State=NONE | Player UID=1OEPy6aKlMe0cmo8LieQDvVcsiu6iWAr2PUZdSF5eMI=
21:51:44.578 [Expansion Quests] Check quest initialization for quest with ID=8 | State=STARTED | Player UID=1OEPy6aKlMe0cmo8LieQDvVcsiu6iWAr2PUZdSF5eMI=
21:51:44.578 [Expansion Quests] Create new quest instance for quest with ID=8 | Player UID=1OEPy6aKlMe0cmo8LieQDvVcsiu6iWAr2PUZdSF5eMI=
21:51:44.578 [Expansion Quests] Check quest initialization for quest with ID=9 | State=STARTED | Player UID=1OEPy6aKlMe0cmo8LieQDvVcsiu6iWAr2PUZdSF5eMI=
21:51:44.578 [Expansion Quests] Create new quest instance for quest with ID=9 | Player UID=1OEPy6aKlMe0cmo8LieQDvVcsiu6iWAr2PUZdSF5eMI=
21:51:44.578 [Expansion Quests] Check quest initialization for quest with ID=11 | State=STARTED | Player UID=1OEPy6aKlMe0cmo8LieQDvVcsiu6iWAr2PUZdSF5eMI=
21:51:44.578 [Expansion Quests] Create new quest instance for quest with ID=11 | Player UID=1OEPy6aKlMe0cmo8LieQDvVcsiu6iWAr2PUZdSF5eMI=
21:51:44.578 [Expansion Quests] Check quest initialization for quest with ID=28 | State=NONE | Player UID=1OEPy6aKlMe0cmo8LieQDvVcsiu6iWAr2PUZdSF5eMI=
21:51:44.578 [Expansion Quests] Check quest initialization for quest with ID=14 | State=COMPLETED | Player UID=1OEPy6aKlMe0cmo8LieQDvVcsiu6iWAr2PUZdSF5eMI=
21:51:44.578 [Expansion Quests] Check quest initialization for quest with ID=31 | State=NONE | Player UID=1OEPy6aKlMe0cmo8LieQDvVcsiu6iWAr2PUZdSF5eMI=
21:51:44.578 [Expansion Quests] Quest with ID=1 is not a a valid achievement or auto start quest. Skip quest for player with UID=1OEPy6aKlMe0cmo8LieQDvVcsiu6iWAr2PUZdSF5eMI=
21:51:44.578 [Expansion Quests] Quest with ID=2 is not a a valid achievement or auto start quest. Skip quest for player with UID=1OEPy6aKlMe0cmo8LieQDvVcsiu6iWAr2PUZdSF5eMI=
21:51:44.578 [Expansion Quests] Quest with ID=3 is not a a valid achievement or auto start quest. Skip quest for player with UID=1OEPy6aKlMe0cmo8LieQDvVcsiu6iWAr2PUZdSF5eMI=
21:51:44.578 [Expansion Quests] Quest with ID=4 is not a a valid achievement or auto start quest. Skip quest for player with UID=1OEPy6aKlMe0cmo8LieQDvVcsiu6iWAr2PUZdSF5eMI=
21:51:44.578 [Expansion Quests] Quest with ID=5 is not a a valid achievement or auto start quest. Skip quest for player with UID=1OEPy6aKlMe0cmo8LieQDvVcsiu6iWAr2PUZdSF5eMI=
21:51:44.578 [Expansion Quests] Quest with ID=6 is not a a valid achievement or auto start quest. Skip quest for player with UID=1OEPy6aKlMe0cmo8LieQDvVcsiu6iWAr2PUZdSF5eMI=
21:51:44.578 [Expansion Quests] Quest with ID=7 is not a a valid achievement or auto start quest. Skip quest for player with UID=1OEPy6aKlMe0cmo8LieQDvVcsiu6iWAr2PUZdSF5eMI=
21:51:44.578 [Expansion Quests] Quest with ID=10 is not a a valid achievement or auto start quest. Skip quest for player with UID=1OEPy6aKlMe0cmo8LieQDvVcsiu6iWAr2PUZdSF5eMI=
21:51:44.578 [Expansion Quests] Quest with ID=12 is not a a valid achievement or auto start quest. Skip quest for player with UID=1OEPy6aKlMe0cmo8LieQDvVcsiu6iWAr2PUZdSF5eMI=
21:51:44.578 [Expansion Quests] Quest with ID=13 is not a a valid achievement or auto start quest. Skip quest for player with UID=1OEPy6aKlMe0cmo8LieQDvVcsiu6iWAr2PUZdSF5eMI=
21:51:44.578 [Expansion Quests] Quest with ID=15 is not a a valid achievement or auto start quest. Skip quest for player with UID=1OEPy6aKlMe0cmo8LieQDvVcsiu6iWAr2PUZdSF5eMI=
21:51:44.578 [Expansion Quests] Quest with ID=16 is not a a valid achievement or auto start quest. Skip quest for player with UID=1OEPy6aKlMe0cmo8LieQDvVcsiu6iWAr2PUZdSF5eMI=
21:51:44.578 [Expansion Quests] Quest with ID=17 is not a a valid achievement or auto start quest. Skip quest for player with UID=1OEPy6aKlMe0cmo8LieQDvVcsiu6iWAr2PUZdSF5eMI=
21:51:44.578 [Expansion Quests] Quest with ID=18 is not a a valid achievement or auto start quest. Skip quest for player with UID=1OEPy6aKlMe0cmo8LieQDvVcsiu6iWAr2PUZdSF5eMI=
21:51:44.578 [Expansion Quests] Quest with ID=19 is not a a valid achievement or auto start quest. Skip quest for player with UID=1OEPy6aKlMe0cmo8LieQDvVcsiu6iWAr2PUZdSF5eMI=
21:51:44.578 [Expansion Quests] Quest with ID=20 is not a a valid achievement or auto start quest. Skip quest for player with UID=1OEPy6aKlMe0cmo8LieQDvVcsiu6iWAr2PUZdSF5eMI=
21:51:44.578 [Expansion Quests] Quest with ID=21 is not a a valid achievement or auto start quest. Skip quest for player with UID=1OEPy6aKlMe0cmo8LieQDvVcsiu6iWAr2PUZdSF5eMI=
21:51:44.578 [Expansion Quests] Quest with ID=22 is not a a valid achievement or auto start quest. Skip quest for player with UID=1OEPy6aKlMe0cmo8LieQDvVcsiu6iWAr2PUZdSF5eMI=
21:51:44.578 [Expansion Quests] Quest with ID=23 is not a a valid achievement or auto start quest. Skip quest for player with UID=1OEPy6aKlMe0cmo8LieQDvVcsiu6iWAr2PUZdSF5eMI=
21:51:44.578 [Expansion Quests] Quest with ID=26 is not a a valid achievement or auto start quest. Skip quest for player with UID=1OEPy6aKlMe0cmo8LieQDvVcsiu6iWAr2PUZdSF5eMI=
21:51:44.578 [Expansion Quests] Quest with ID=28 is not a a valid achievement or auto start quest. Skip quest for player with UID=1OEPy6aKlMe0cmo8LieQDvVcsiu6iWAr2PUZdSF5eMI=
21:51:44.578 [Expansion Quests] Quest with ID=29 is not a a valid achievement or auto start quest. Skip quest for player with UID=1OEPy6aKlMe0cmo8LieQDvVcsiu6iWAr2PUZdSF5eMI=
21:51:44.578 [Expansion Quests] Quest with ID=31 is not a a valid achievement or auto start quest. Skip quest for player with UID=1OEPy6aKlMe0cmo8LieQDvVcsiu6iWAr2PUZdSF5eMI=
21:51:44.578 [Expansion Quests] Quest with ID=101 is not a a valid achievement or auto start quest. Skip quest for player with UID=1OEPy6aKlMe0cmo8LieQDvVcsiu6iWAr2PUZdSF5eMI=
21:51:44.585 [Expansion Quests] Sending 1OEPy6aKlMe0cmo8LieQDvVcsiu6iWAr2PUZdSF5eMI= quest configs to client for player with UID=1OEPy6aKlMe0cmo8LieQDvVcsiu6iWAr2PUZdSF5eMI=
21:51:44.585 [Expansion Quests] Sending player quest data for 10 quests to player with UID=1OEPy6aKlMe0cmo8LieQDvVcsiu6iWAr2PUZdSF5eMI=
21:51:54.835 [Expansion Quests] Added new objective data for type=TRAVEL | Key=1OEPy6aKlMe0cmo8LieQDvVcsiu6iWAr2PUZdSF5eMI= | ID=101
21:51:54.843 [Expansion Quests] Updated and saved persistent player quest data for player with UID=1OEPy6aKlMe0cmo8LieQDvVcsiu6iWAr2PUZdSF5eMI= | Quest ID=101
21:51:54.843 [Expansion Quests] Created new quest instance with instance key=1OEPy6aKlMe0cmo8LieQDvVcsiu6iWAr2PUZdSF5eMI= for quest with ID=101
21:51:55.335 [Expansion Quests] Added new objective data for type=TRAVEL | Key=1OEPy6aKlMe0cmo8LieQDvVcsiu6iWAr2PUZdSF5eMI= | ID=101
21:51:55.343 [Expansion Quests] Updated and saved persistent player quest data for player with UID=1OEPy6aKlMe0cmo8LieQDvVcsiu6iWAr2PUZdSF5eMI= | Quest ID=101
21:56:26.156 [MissionAirdrop] An airdrop is heading towards "Sosnovka" (pos=<2700.000000, 0.000000, 6193.000000> type=Random_Sosnovka) with a ExpansionAirdropContainer_Basebuilding
