20:47:59.429 [Party] Player "Survivor" (id=1OEPy6aKlMe0cmo8LieQDvVcsiu6iWAr2PUZdSF5eMI=) joinded the party "Falcon Resolute" (id=1 ownerUID=z63osPRVUnS8pzWmaenLtvu6c2gVxwL4gvA4elWPF5w= ownerName=Survivor (2))
20:47:59.429 [Expansion Quests] Initialize quest system on the connected client with UID=1OEPy6aKlMe0cmo8LieQDvVcsiu6iWAr2PUZdSF5eMI=
20:47:59.492 [Expansion Quests] Loaded existing player quest data for player with UID=1OEPy6aKlMe0cmo8LieQDvVcsiu6iWAr2PUZdSF5eMI=
20:47:59.492 [Expansion Quests] Loaded existing group quest data for group with ID=1
20:47:59.492 [Expansion Quests] Sending 1OEPy6aKlMe0cmo8LieQDvVcsiu6iWAr2PUZdSF5eMI= quest configs to client for player with UID=1OEPy6aKlMe0cmo8LieQDvVcsiu6iWAr2PUZdSF5eMI=
20:47:59.492 [Expansion Quests] Sending player quest data for 0 quests to player with UID=1OEPy6aKlMe0cmo8LieQDvVcsiu6iWAr2PUZdSF5eMI=
20:48:00.406 [Expansion Quests] - LoadGroupQuestData - Got cached group quest data for group with ID=1
20:48:24.546 [AI Patrol 00121] Spawning 3 GrozovyPereval_Tier4 (Raiders) bots at <3347.094971, 329.831879, 15234.069336>
20:48:24.648 [AI Patrol 00121] Global patrol count: 1
20:48:39.046 [AI Object Patrol 00035] Spawning 1 WaterPump_Tier0 (Raiders) bots at <3419.807373, 192.892120, 13054.161133>
20:48:39.062 [AI Object Patrol 00035] Global patrol count: 2
20:48:39.062 [AI Patrol 00119] Spawning 1 NovayaPetrovka_Tier3 (Raiders) bots at <3639.938721, 190.224136, 13099.905273>
20:48:39.226 [AI Patrol 00119] Global patrol count: 3
20:48:41.625 [AI Object Patrol 00177] Spawning 2 PoliceStation_Tier1 (Raiders) bots at <3417.578857, 192.734253, 13030.826172>
20:48:41.648 [AI Object Patrol 00177] Global patrol count: 4
20:49:13.054 [Killfeed] AI Maria (WaterPump_Tier0) был убит AI Kaito (PoliceStation_Tier1) с M9 из 3 м расстояние.
20:49:17.523 [AI Object Patrol 00035] WaterPump_Tier0 (Raiders) bots were wiped out (spawn position <3419.807373, 192.892120, 13054.161133>, 1/1 deceased)
20:49:17.523 [AI Object Patrol 00035] Global patrol count: 3
20:51:26.742 [MissionAirdrop] An airdrop is heading towards "Novy Sobor" (pos=<7436.000000, 0.000000, 7720.000000> type=Random_Novy Sobor) with a ExpansionAirdropContainer
20:54:17.234 [Killfeed] AI Helga (PoliceStation_Tier1) был убит AI Linda (NovayaPetrovka_Tier3) с Бизон из 2 м расстояние.
20:54:22.750 [Party] Player "Survivor" (id=1OEPy6aKlMe0cmo8LieQDvVcsiu6iWAr2PUZdSF5eMI=) left the party "Falcon Resolute" (id=1 ownerUID=z63osPRVUnS8pzWmaenLtvu6c2gVxwL4gvA4elWPF5w= ownerName=Survivor (2))
20:55:58.750 [Killfeed] AI Kaito (PoliceStation_Tier1) умер от потери крови.
20:56:01.546 [AI Object Patrol 00177] PoliceStation_Tier1 (Raiders) bots were wiped out (spawn position <3417.578857, 192.734253, 13030.826172>, 2/2 deceased)
20:56:01.546 [AI Object Patrol 00177] Global patrol count: 2
