11:02:12.183 [Expansion Quests] Initialize quest system on the connected client with UID=1OEPy6aKlMe0cmo8LieQDvVcsiu6iWAr2PUZdSF5eMI=
11:02:12.234 [Expansion Quests] Loaded existing player quest data for player with UID=1OEPy6aKlMe0cmo8LieQDvVcsiu6iWAr2PUZdSF5eMI=
11:02:12.234 [Expansion Quests] Check quest initialization for quest with ID=102 | State=NONE | Player UID=1OEPy6aKlMe0cmo8LieQDvVcsiu6iWAr2PUZdSF5eMI=
11:02:12.234 [Expansion Quests] Check quest initialization for quest with ID=20 | State=NONE | Player UID=1OEPy6aKlMe0cmo8LieQDvVcsiu6iWAr2PUZdSF5eMI=
11:02:12.234 [Expansion Quests] Check quest initialization for quest with ID=101 | State=NONE | Player UID=1OEPy6aKlMe0cmo8LieQDvVcsiu6iWAr2PUZdSF5eMI=
11:02:12.234 [Expansion Quests] Check quest initialization for quest with ID=22 | State=COMPLETED | Player UID=1OEPy6aKlMe0cmo8LieQDvVcsiu6iWAr2PUZdSF5eMI=
11:02:12.234 [Expansion Quests] Check quest initialization for quest with ID=23 | State=NONE | Player UID=1OEPy6aKlMe0cmo8LieQDvVcsiu6iWAr2PUZdSF5eMI=
11:02:12.234 [Expansion Quests] Check quest initialization for quest with ID=8 | State=STARTED | Player UID=1OEPy6aKlMe0cmo8LieQDvVcsiu6iWAr2PUZdSF5eMI=
11:02:12.234 [Expansion Quests] Create new quest instance for quest with ID=8 | Player UID=1OEPy6aKlMe0cmo8LieQDvVcsiu6iWAr2PUZdSF5eMI=
11:02:12.234 [Expansion Quests] Check quest initialization for quest with ID=9 | State=STARTED | Player UID=1OEPy6aKlMe0cmo8LieQDvVcsiu6iWAr2PUZdSF5eMI=
11:02:12.234 [Expansion Quests] Create new quest instance for quest with ID=9 | Player UID=1OEPy6aKlMe0cmo8LieQDvVcsiu6iWAr2PUZdSF5eMI=
11:02:12.234 [Expansion Quests] Check quest initialization for quest with ID=11 | State=STARTED | Player UID=1OEPy6aKlMe0cmo8LieQDvVcsiu6iWAr2PUZdSF5eMI=
11:02:12.234 [Expansion Quests] Create new quest instance for quest with ID=11 | Player UID=1OEPy6aKlMe0cmo8LieQDvVcsiu6iWAr2PUZdSF5eMI=
11:02:12.234 [Expansion Quests] Check quest initialization for quest with ID=28 | State=NONE | Player UID=1OEPy6aKlMe0cmo8LieQDvVcsiu6iWAr2PUZdSF5eMI=
11:02:12.234 [Expansion Quests] Check quest initialization for quest with ID=14 | State=COMPLETED | Player UID=1OEPy6aKlMe0cmo8LieQDvVcsiu6iWAr2PUZdSF5eMI=
11:02:12.234 [Expansion Quests] Check quest initialization for quest with ID=31 | State=NONE | Player UID=1OEPy6aKlMe0cmo8LieQDvVcsiu6iWAr2PUZdSF5eMI=
11:02:12.234 [Expansion Quests] Quest with ID=1 is not a a valid achievement or auto start quest. Skip quest for player with UID=1OEPy6aKlMe0cmo8LieQDvVcsiu6iWAr2PUZdSF5eMI=
11:02:12.234 [Expansion Quests] Quest with ID=2 is not a a valid achievement or auto start quest. Skip quest for player with UID=1OEPy6aKlMe0cmo8LieQDvVcsiu6iWAr2PUZdSF5eMI=
11:02:12.234 [Expansion Quests] Quest with ID=3 is not a a valid achievement or auto start quest. Skip quest for player with UID=1OEPy6aKlMe0cmo8LieQDvVcsiu6iWAr2PUZdSF5eMI=
11:02:12.234 [Expansion Quests] Quest with ID=4 is not a a valid achievement or auto start quest. Skip quest for player with UID=1OEPy6aKlMe0cmo8LieQDvVcsiu6iWAr2PUZdSF5eMI=
11:02:12.234 [Expansion Quests] Quest with ID=5 is not a a valid achievement or auto start quest. Skip quest for player with UID=1OEPy6aKlMe0cmo8LieQDvVcsiu6iWAr2PUZdSF5eMI=
11:02:12.234 [Expansion Quests] Quest with ID=6 is not a a valid achievement or auto start quest. Skip quest for player with UID=1OEPy6aKlMe0cmo8LieQDvVcsiu6iWAr2PUZdSF5eMI=
11:02:12.234 [Expansion Quests] Quest with ID=7 is not a a valid achievement or auto start quest. Skip quest for player with UID=1OEPy6aKlMe0cmo8LieQDvVcsiu6iWAr2PUZdSF5eMI=
11:02:12.234 [Expansion Quests] Quest with ID=10 is not a a valid achievement or auto start quest. Skip quest for player with UID=1OEPy6aKlMe0cmo8LieQDvVcsiu6iWAr2PUZdSF5eMI=
11:02:12.234 [Expansion Quests] Quest with ID=12 is not a a valid achievement or auto start quest. Skip quest for player with UID=1OEPy6aKlMe0cmo8LieQDvVcsiu6iWAr2PUZdSF5eMI=
11:02:12.234 [Expansion Quests] Quest with ID=13 is not a a valid achievement or auto start quest. Skip quest for player with UID=1OEPy6aKlMe0cmo8LieQDvVcsiu6iWAr2PUZdSF5eMI=
11:02:12.238 [Expansion Quests] Quest with ID=15 is not a a valid achievement or auto start quest. Skip quest for player with UID=1OEPy6aKlMe0cmo8LieQDvVcsiu6iWAr2PUZdSF5eMI=
11:02:12.238 [Expansion Quests] Quest with ID=16 is not a a valid achievement or auto start quest. Skip quest for player with UID=1OEPy6aKlMe0cmo8LieQDvVcsiu6iWAr2PUZdSF5eMI=
11:02:12.238 [Expansion Quests] Quest with ID=17 is not a a valid achievement or auto start quest. Skip quest for player with UID=1OEPy6aKlMe0cmo8LieQDvVcsiu6iWAr2PUZdSF5eMI=
11:02:12.238 [Expansion Quests] Quest with ID=18 is not a a valid achievement or auto start quest. Skip quest for player with UID=1OEPy6aKlMe0cmo8LieQDvVcsiu6iWAr2PUZdSF5eMI=
11:02:12.238 [Expansion Quests] Quest with ID=19 is not a a valid achievement or auto start quest. Skip quest for player with UID=1OEPy6aKlMe0cmo8LieQDvVcsiu6iWAr2PUZdSF5eMI=
11:02:12.238 [Expansion Quests] Quest with ID=20 is not a a valid achievement or auto start quest. Skip quest for player with UID=1OEPy6aKlMe0cmo8LieQDvVcsiu6iWAr2PUZdSF5eMI=
11:02:12.238 [Expansion Quests] Quest with ID=21 is not a a valid achievement or auto start quest. Skip quest for player with UID=1OEPy6aKlMe0cmo8LieQDvVcsiu6iWAr2PUZdSF5eMI=
11:02:12.238 [Expansion Quests] Quest with ID=22 is not a a valid achievement or auto start quest. Skip quest for player with UID=1OEPy6aKlMe0cmo8LieQDvVcsiu6iWAr2PUZdSF5eMI=
11:02:12.238 [Expansion Quests] Quest with ID=23 is not a a valid achievement or auto start quest. Skip quest for player with UID=1OEPy6aKlMe0cmo8LieQDvVcsiu6iWAr2PUZdSF5eMI=
11:02:12.238 [Expansion Quests] Quest with ID=26 is not a a valid achievement or auto start quest. Skip quest for player with UID=1OEPy6aKlMe0cmo8LieQDvVcsiu6iWAr2PUZdSF5eMI=
11:02:12.238 [Expansion Quests] Quest with ID=28 is not a a valid achievement or auto start quest. Skip quest for player with UID=1OEPy6aKlMe0cmo8LieQDvVcsiu6iWAr2PUZdSF5eMI=
11:02:12.238 [Expansion Quests] Quest with ID=29 is not a a valid achievement or auto start quest. Skip quest for player with UID=1OEPy6aKlMe0cmo8LieQDvVcsiu6iWAr2PUZdSF5eMI=
11:02:12.238 [Expansion Quests] Quest with ID=31 is not a a valid achievement or auto start quest. Skip quest for player with UID=1OEPy6aKlMe0cmo8LieQDvVcsiu6iWAr2PUZdSF5eMI=
11:02:12.238 [Expansion Quests] Quest with ID=101 is not a a valid achievement or auto start quest. Skip quest for player with UID=1OEPy6aKlMe0cmo8LieQDvVcsiu6iWAr2PUZdSF5eMI=
11:02:12.238 [Expansion Quests] Quest with ID=102 is not a a valid achievement or auto start quest. Skip quest for player with UID=1OEPy6aKlMe0cmo8LieQDvVcsiu6iWAr2PUZdSF5eMI=
11:02:12.238 [Expansion Quests] Sending 1OEPy6aKlMe0cmo8LieQDvVcsiu6iWAr2PUZdSF5eMI= quest configs to client for player with UID=1OEPy6aKlMe0cmo8LieQDvVcsiu6iWAr2PUZdSF5eMI=
11:02:12.238 [Expansion Quests] Sending player quest data for 11 quests to player with UID=1OEPy6aKlMe0cmo8LieQDvVcsiu6iWAr2PUZdSF5eMI=
11:02:12.242 [AI Object Patrol 00047] Spawning 1 FireStationScavs_Tier1 (Raiders) bots at <6262.113281, 8.619924, 2721.123047>
11:02:12.257 [AI Object Patrol 00047] Global patrol count: 1
11:02:12.257 [AI Patrol 00059] Spawning 1 Ordinary_Scavengers_Tier_1(Cherno_Exit) (Raiders) bots at <6610.428711, 13.870078, 3012.692871>
11:02:12.316 [AI Patrol 00059] Global patrol count: 2
11:02:12.316 [AI Patrol 00055] Spawning 1 Ordinary_Scavengers_Tier_1(Vysotovo) (Raiders) bots at <5932.937012, 68.093033, 2623.044189>
11:02:12.347 [AI Patrol 00055] Global patrol count: 3
11:02:12.347 [AI Patrol 00056] Spawning 1 Ordinary_Scavengers_Tier_1(Cherno_Oil) (Raiders) bots at <5885.158203, 9.016878, 2214.140137>
11:02:12.363 [AI Patrol 00056] Global patrol count: 4
11:02:34.699 [AI Patrol 00054] Spawning 1 Ordinary_Scavengers_Tier_1(Vysotovo) (Raiders) bots at <5514.293945, 62.294388, 2537.831299>
11:02:34.746 [AI Patrol 00054] Global patrol count: 5
11:02:39.585 [AI Patrol 00058] Spawning 2 Ordinary_Scavengers_Tier_2(Hotel_Cherno) (Raiders) bots at <6614.918457, 5.936840, 2295.729492>
11:02:39.609 [AI Patrol 00058] Global patrol count: 6
11:02:43.937 [AI Patrol 00057] Spawning 1 Ordinary_Scavengers_Tier_1(Cherno_Med) (Raiders) bots at <6491.103027, 9.787504, 2708.250732>
11:02:43.964 [AI Patrol 00057] Global patrol count: 7
11:02:44.074 [AI Object Patrol 00004] Spawning 2 PoliceStationScavs_Tier_1 (Raiders) bots at <6633.093262, 13.969685, 2586.646240>
11:02:44.117 [AI Object Patrol 00004] Global patrol count: 8
11:02:44.718 [AI Object Patrol 00048] Spawning 2 Ordinary_Civilian (Civilian) bots at <6515.262207, 6.533941, 2307.472656>
11:02:44.734 [AI Object Patrol 00048] Global patrol count: 9
11:02:54.765 [AI Object Patrol 00080] Spawning 1 PoliceStationScavs_Tier_1 (Raiders) bots at <6202.298340, 32.781120, 2920.927002>
11:02:54.785 [AI Object Patrol 00080] Global patrol count: 10
11:03:06.570 [Killfeed] AI Keiko (Ordinary_Scavengers_Tier_2(Hotel_Cherno)) был убит Da da Ya с КА-74 из 4 м расстояние.
11:03:28.902 [Killfeed] AI Jose (Ordinary_Scavengers_Tier_2(Hotel_Cherno)) был убит Da da Ya с КА-74 из 0 м расстояние.
11:03:32.515 [AI Patrol 00058] Ordinary_Scavengers_Tier_2(Hotel_Cherno) (Raiders) bots were wiped out (spawn position <6614.918457, 5.936840, 2295.729492>, 2/2 deceased)
11:03:32.515 [AI Patrol 00058] Global patrol count: 9
11:04:16.457 [Killfeed] AI Elias (Ordinary_Scavengers_Tier_1(Vysotovo)) был убит AI Mirek (Ordinary_Scavengers_Tier_1(Vysotovo)) голыми руками.
11:04:17.136 [AI Patrol 00055] Ordinary_Scavengers_Tier_1(Vysotovo) (Raiders) bots were wiped out (spawn position <5932.937012, 68.093033, 2623.044189>, 1/1 deceased)
11:04:17.136 [AI Patrol 00055] Global patrol count: 8
11:04:37.398 [Killfeed] AI Mirek (Ordinary_Scavengers_Tier_1(Vysotovo)) был убит AI Irena (Ordinary_Scavengers_Tier_1(Cherno_Oil)) с CR-61 Skorpion из 3 м расстояние.
11:04:37.765 [AI Patrol 00054] Ordinary_Scavengers_Tier_1(Vysotovo) (Raiders) bots were wiped out (spawn position <5514.293945, 62.294388, 2537.831299>, 1/1 deceased)
11:04:37.765 [AI Patrol 00054] Global patrol count: 7
11:06:51.996 [MissionAirdrop] An airdrop is heading towards "Myshkinko" (pos=<2036.000000, 0.000000, 7491.000000> type=Random_Myshkinko) with a ExpansionAirdropContainer
11:09:03.105 [Killfeed] AI Niki (PoliceStationScavs_Tier_1) был убит AI Oliver (Ordinary_Civilian) при помощи.
11:11:14.375 [Killfeed] AI Oliver (Ordinary_Civilian) умер от потери крови.
11:11:38.078 [Killfeed] AI Rolf (Ordinary_Scavengers_Tier_1(Cherno_Med)) был убит AI Kaito (Ordinary_Civilian) при помощи.
11:11:42.878 [AI Patrol 00057] Ordinary_Scavengers_Tier_1(Cherno_Med) (Raiders) bots were wiped out (spawn position <6491.103027, 9.787504, 2708.250732>, 1/1 deceased)
11:11:42.878 [AI Patrol 00057] Global patrol count: 6
11:15:26.007 [Killfeed] AI Helga (PoliceStationScavs_Tier_1) был убит Da da Ya с DT11 из 12 м расстояние.
11:15:28.023 [AI Object Patrol 00004] PoliceStationScavs_Tier_1 (Raiders) bots were wiped out (spawn position <6633.093262, 13.969685, 2586.646240>, 2/2 deceased)
11:15:28.023 [AI Object Patrol 00004] Global patrol count: 5
11:15:32.230 [AI Patrol 00056] Despawning 1 Ordinary_Scavengers_Tier_1(Cherno_Oil) (Raiders) bots (spawn position <5885.158203, 9.016878, 2214.140137>, 0/1 deceased)
11:15:32.230 [AI Patrol 00056] Global patrol count: 4
11:21:03.285 [Killfeed] AI Kaito (Ordinary_Civilian) был убит AI Boris (Ordinary_Scavengers_Tier_1(Cherno_Exit)) с ИЖ-70 из 1 м расстояние.
11:21:03.671 [AI Object Patrol 00048] Ordinary_Civilian (Civilian) bots were wiped out (spawn position <6515.262207, 6.533941, 2307.472656>, 2/2 deceased)
11:21:03.671 [AI Object Patrol 00048] Global patrol count: 3
11:24:50.671 [Killfeed] AI Boris (Ordinary_Scavengers_Tier_1(Cherno_Exit)) был убит AI Naomi (FireStationScavs_Tier1) при помощи.
11:24:52.125 [AI Patrol 00059] Ordinary_Scavengers_Tier_1(Cherno_Exit) (Raiders) bots were wiped out (spawn position <6610.428711, 13.870078, 3012.692871>, 1/1 deceased)
11:24:52.125 [AI Patrol 00059] Global patrol count: 2
11:28:37.730 [AI Object Patrol 00080] Despawning 1 PoliceStationScavs_Tier_1 (Raiders) bots (spawn position <6202.298340, 32.781120, 2920.927002>, 0/1 deceased)
11:28:37.730 [AI Object Patrol 00080] Global patrol count: 1
