22:36:36.906 [Expansion Quests] Added objects set for quest ID=5401 from file=q5301
22:36:36.906 [Expansion Quests] Added objects set for quest ID=2202 from file=q2202
22:36:36.914 [Expansion Quests] Added objects set for quest ID=2203 from file=q2203
22:36:36.914 [Expansion Quests] Added objects set for quest ID=2204 from file=q2204
22:36:36.914 [Expansion Quests] Added objects set for quest ID=2101 from file=q2101
22:36:36.914 [Expansion Quests] Added objects set for quest ID=61601 from file=q61601
22:36:36.914 [Expansion Quests] Added objects set for quest ID=2102 from file=q2102
22:36:36.914 [Expansion Quests] Added objects set for quest ID=2103 from file=q2103
22:36:36.914 [Expansion Quests] Added objects set for quest ID=2104 from file=q2104
22:36:36.914 [Expansion Quests] Added objects set for quest ID=2105 from file=q2105
22:36:36.914 [Expansion Quests] Added objects set for quest ID=6501 from file=q6501
22:36:36.914 [Expansion Quests] Added objects set for quest ID=5301 from file=q5301
22:36:36.914 [Expansion Quests] Added objects set for quest ID=5302 from file=q5302
22:36:36.914 [Expansion Quests] Added objects set for quest ID=5303 from file=q5303
22:36:36.914 [Expansion Quests] Added objects set for quest ID=5304 from file=q5304
22:36:36.914 [Expansion Quests] Added objects set for quest ID=61501 from file=q61501
22:36:36.914 [Expansion Quests] Added objects set for quest ID=61502 from file=q61502
22:36:36.914 [Expansion Quests] Added objects set for quest ID=61001 from file=q61001
22:36:36.914 [Expansion Quests] Added objects set for quest ID=2201 from file=q2201
22:36:36.914 [Expansion Quests] Added objects set for quest ID=1101 from file=q1101
22:36:36.914 [Expansion Quests] Added objects set for quest ID=1102 from file=q1102
22:36:36.914 [Expansion Quests] Added objects set for quest ID=1103 from file=q1102
22:36:36.914 [Expansion Quests] Added objects set for quest ID=1104 from file=q1104
22:36:36.914 [Expansion Quests] Added objects set for quest ID=1105 from file=q1105
22:36:36.914 [Expansion Quests] Added objects set for quest ID=5202 from file=q5202
22:36:36.914 [Expansion Quests] Added objects set for quest ID=5203 from file=q5203
22:36:36.914 [Expansion Quests] Added objects set for quest ID=2205 from file=q2205
22:36:36.914 [Expansion Quests] Added objects set for quest ID=6601 from file=q6601
22:36:36.914 [Expansion Quests] Added objects set for quest ID=5101 from file=q5101
22:36:36.914 [Expansion Quests] Added objects set for quest ID=5102 from file=q5102
22:36:36.914 [Expansion Quests] Added objects set for quest ID=5201 from file=q5201
22:38:44.671 [Party] Player "Tonby" (id=1OEPy6aKlMe0cmo8LieQDvVcsiu6iWAr2PUZdSF5eMI=) joinded the party "Knight Fallen" (id=1 ownerUID=1OEPy6aKlMe0cmo8LieQDvVcsiu6iWAr2PUZdSF5eMI= ownerName=Survivor)
22:38:44.671 [Expansion Quests] Initialize quest system on the connected client with UID=1OEPy6aKlMe0cmo8LieQDvVcsiu6iWAr2PUZdSF5eMI=
22:38:44.859 [Expansion Quests] Loaded existing player quest data for player with UID=1OEPy6aKlMe0cmo8LieQDvVcsiu6iWAr2PUZdSF5eMI=
22:38:44.859 [Expansion Quests] Loaded existing group quest data for group with ID=1
22:38:44.859 [Expansion Quests] Check quest initialization for quest with ID=61301 | State=NONE | Player UID=1OEPy6aKlMe0cmo8LieQDvVcsiu6iWAr2PUZdSF5eMI=
22:38:44.859 [Expansion Quests] Check quest initialization for quest with ID=6401 | State=COMPLETED | Player UID=1OEPy6aKlMe0cmo8LieQDvVcsiu6iWAr2PUZdSF5eMI=
22:38:44.859 [Expansion Quests] Check quest initialization for quest with ID=5101 | State=NONE | Player UID=1OEPy6aKlMe0cmo8LieQDvVcsiu6iWAr2PUZdSF5eMI=
22:38:44.859 [Expansion Quests] Check quest initialization for quest with ID=101 | State=COMPLETED | Player UID=1OEPy6aKlMe0cmo8LieQDvVcsiu6iWAr2PUZdSF5eMI=
22:38:44.859 [Expansion Quests] Check quest initialization for quest with ID=61101 | State=COMPLETED | Player UID=1OEPy6aKlMe0cmo8LieQDvVcsiu6iWAr2PUZdSF5eMI=
22:38:44.859 [Expansion Quests] Check quest initialization for quest with ID=6601 | State=COMPLETED | Player UID=1OEPy6aKlMe0cmo8LieQDvVcsiu6iWAr2PUZdSF5eMI=
22:38:44.859 [Expansion Quests] Check quest initialization for quest with ID=6101 | State=COMPLETED | Player UID=1OEPy6aKlMe0cmo8LieQDvVcsiu6iWAr2PUZdSF5eMI=
22:38:44.859 [Expansion Quests] Check quest initialization for quest with ID=6701 | State=COMPLETED | Player UID=1OEPy6aKlMe0cmo8LieQDvVcsiu6iWAr2PUZdSF5eMI=
22:38:44.859 [Expansion Quests] Check quest initialization for quest with ID=1102 | State=NONE | Player UID=1OEPy6aKlMe0cmo8LieQDvVcsiu6iWAr2PUZdSF5eMI=
22:38:44.859 [Expansion Quests] Check quest initialization for quest with ID=1103 | State=NONE | Player UID=1OEPy6aKlMe0cmo8LieQDvVcsiu6iWAr2PUZdSF5eMI=
22:38:44.859 [Expansion Quests] Check quest initialization for quest with ID=6501 | State=COMPLETED | Player UID=1OEPy6aKlMe0cmo8LieQDvVcsiu6iWAr2PUZdSF5eMI=
22:38:44.859 [Expansion Quests] Check quest initialization for quest with ID=6801 | State=COMPLETED | Player UID=1OEPy6aKlMe0cmo8LieQDvVcsiu6iWAr2PUZdSF5eMI=
22:38:44.859 [Expansion Quests] Check quest initialization for quest with ID=1104 | State=NONE | Player UID=1OEPy6aKlMe0cmo8LieQDvVcsiu6iWAr2PUZdSF5eMI=
22:38:44.859 [Expansion Quests] Check quest initialization for quest with ID=6901 | State=COMPLETED | Player UID=1OEPy6aKlMe0cmo8LieQDvVcsiu6iWAr2PUZdSF5eMI=
22:38:44.859 [Expansion Quests] Check quest initialization for quest with ID=2101 | State=COMPLETED | Player UID=1OEPy6aKlMe0cmo8LieQDvVcsiu6iWAr2PUZdSF5eMI=
22:38:44.859 [Expansion Quests] Check quest initialization for quest with ID=6301 | State=COMPLETED | Player UID=1OEPy6aKlMe0cmo8LieQDvVcsiu6iWAr2PUZdSF5eMI=
22:38:44.859 [Expansion Quests] Check quest initialization for quest with ID=6201 | State=COMPLETED | Player UID=1OEPy6aKlMe0cmo8LieQDvVcsiu6iWAr2PUZdSF5eMI=
22:38:44.859 [Expansion Quests] Check quest initialization for quest with ID=61502 | State=COMPLETED | Player UID=1OEPy6aKlMe0cmo8LieQDvVcsiu6iWAr2PUZdSF5eMI=
22:38:44.859 [Expansion Quests] Check quest initialization for quest with ID=61001 | State=COMPLETED | Player UID=1OEPy6aKlMe0cmo8LieQDvVcsiu6iWAr2PUZdSF5eMI=
22:38:44.859 [Expansion Quests] Check quest initialization for quest with ID=61501 | State=NONE | Player UID=1OEPy6aKlMe0cmo8LieQDvVcsiu6iWAr2PUZdSF5eMI=
22:38:44.859 [Expansion Quests] Check quest initialization for quest with ID=1101 | State=NONE | Player UID=1OEPy6aKlMe0cmo8LieQDvVcsiu6iWAr2PUZdSF5eMI=
22:38:44.859 [Expansion Quests] Quest with ID=6401 is not a a valid achievement or auto start quest. Skip quest for player with UID=1OEPy6aKlMe0cmo8LieQDvVcsiu6iWAr2PUZdSF5eMI=
22:38:44.859 [Expansion Quests] Quest with ID=6701 is not a a valid achievement or auto start quest. Skip quest for player with UID=1OEPy6aKlMe0cmo8LieQDvVcsiu6iWAr2PUZdSF5eMI=
22:38:44.867 [Expansion Quests] Quest with ID=61201 is not a a valid achievement or auto start quest. Skip quest for player with UID=1OEPy6aKlMe0cmo8LieQDvVcsiu6iWAr2PUZdSF5eMI=
22:38:44.867 [Expansion Quests] Quest with ID=5401 is not a a valid achievement or auto start quest. Skip quest for player with UID=1OEPy6aKlMe0cmo8LieQDvVcsiu6iWAr2PUZdSF5eMI=
22:38:44.867 [Expansion Quests] Quest with ID=2202 is not a a valid achievement or auto start quest. Skip quest for player with UID=1OEPy6aKlMe0cmo8LieQDvVcsiu6iWAr2PUZdSF5eMI=
22:38:44.867 [Expansion Quests] Quest with ID=2203 is not a a valid achievement or auto start quest. Skip quest for player with UID=1OEPy6aKlMe0cmo8LieQDvVcsiu6iWAr2PUZdSF5eMI=
22:38:44.867 [Expansion Quests] Quest with ID=2204 is not a a valid achievement or auto start quest. Skip quest for player with UID=1OEPy6aKlMe0cmo8LieQDvVcsiu6iWAr2PUZdSF5eMI=
22:38:44.867 [Expansion Quests] Quest with ID=6301 is not a a valid achievement or auto start quest. Skip quest for player with UID=1OEPy6aKlMe0cmo8LieQDvVcsiu6iWAr2PUZdSF5eMI=
22:38:44.867 [Expansion Quests] Quest with ID=2101 is not a a valid achievement or auto start quest. Skip quest for player with UID=1OEPy6aKlMe0cmo8LieQDvVcsiu6iWAr2PUZdSF5eMI=
22:38:44.867 [Expansion Quests] Quest with ID=61601 is not a a valid achievement or auto start quest. Skip quest for player with UID=1OEPy6aKlMe0cmo8LieQDvVcsiu6iWAr2PUZdSF5eMI=
22:38:44.867 [Expansion Quests] Quest with ID=2102 is not a a valid achievement or auto start quest. Skip quest for player with UID=1OEPy6aKlMe0cmo8LieQDvVcsiu6iWAr2PUZdSF5eMI=
22:38:44.867 [Expansion Quests] Quest with ID=2103 is not a a valid achievement or auto start quest. Skip quest for player with UID=1OEPy6aKlMe0cmo8LieQDvVcsiu6iWAr2PUZdSF5eMI=
22:38:44.867 [Expansion Quests] Quest with ID=2104 is not a a valid achievement or auto start quest. Skip quest for player with UID=1OEPy6aKlMe0cmo8LieQDvVcsiu6iWAr2PUZdSF5eMI=
22:38:44.867 [Expansion Quests] Quest with ID=2105 is not a a valid achievement or auto start quest. Skip quest for player with UID=1OEPy6aKlMe0cmo8LieQDvVcsiu6iWAr2PUZdSF5eMI=
22:38:44.867 [Expansion Quests] Quest with ID=61101 is not a a valid achievement or auto start quest. Skip quest for player with UID=1OEPy6aKlMe0cmo8LieQDvVcsiu6iWAr2PUZdSF5eMI=
22:38:44.867 [Expansion Quests] Quest with ID=6501 is not a a valid achievement or auto start quest. Skip quest for player with UID=1OEPy6aKlMe0cmo8LieQDvVcsiu6iWAr2PUZdSF5eMI=
22:38:44.867 [Expansion Quests] Quest with ID=62001 is not a a valid achievement or auto start quest. Skip quest for player with UID=1OEPy6aKlMe0cmo8LieQDvVcsiu6iWAr2PUZdSF5eMI=
22:38:44.867 [Expansion Quests] Quest with ID=6801 is not a a valid achievement or auto start quest. Skip quest for player with UID=1OEPy6aKlMe0cmo8LieQDvVcsiu6iWAr2PUZdSF5eMI=
22:38:44.867 [Expansion Quests] Quest with ID=5301 is not a a valid achievement or auto start quest. Skip quest for player with UID=1OEPy6aKlMe0cmo8LieQDvVcsiu6iWAr2PUZdSF5eMI=
22:38:44.867 [Expansion Quests] Quest with ID=5302 is not a a valid achievement or auto start quest. Skip quest for player with UID=1OEPy6aKlMe0cmo8LieQDvVcsiu6iWAr2PUZdSF5eMI=
22:38:44.867 [Expansion Quests] Quest with ID=5303 is not a a valid achievement or auto start quest. Skip quest for player with UID=1OEPy6aKlMe0cmo8LieQDvVcsiu6iWAr2PUZdSF5eMI=
22:38:44.867 [Expansion Quests] Quest with ID=5304 is not a a valid achievement or auto start quest. Skip quest for player with UID=1OEPy6aKlMe0cmo8LieQDvVcsiu6iWAr2PUZdSF5eMI=
22:38:44.867 [Expansion Quests] Quest with ID=6201 is not a a valid achievement or auto start quest. Skip quest for player with UID=1OEPy6aKlMe0cmo8LieQDvVcsiu6iWAr2PUZdSF5eMI=
22:38:44.867 [Expansion Quests] Quest with ID=61501 is not a a valid achievement or auto start quest. Skip quest for player with UID=1OEPy6aKlMe0cmo8LieQDvVcsiu6iWAr2PUZdSF5eMI=
22:38:44.867 [Expansion Quests] Quest with ID=61502 is not a a valid achievement or auto start quest. Skip quest for player with UID=1OEPy6aKlMe0cmo8LieQDvVcsiu6iWAr2PUZdSF5eMI=
22:38:44.867 [Expansion Quests] Quest with ID=61001 is not a a valid achievement or auto start quest. Skip quest for player with UID=1OEPy6aKlMe0cmo8LieQDvVcsiu6iWAr2PUZdSF5eMI=
22:38:44.867 [Expansion Quests] Quest with ID=2201 is not a a valid achievement or auto start quest. Skip quest for player with UID=1OEPy6aKlMe0cmo8LieQDvVcsiu6iWAr2PUZdSF5eMI=
22:38:44.867 [Expansion Quests] Quest with ID=1101 is not a a valid achievement or auto start quest. Skip quest for player with UID=1OEPy6aKlMe0cmo8LieQDvVcsiu6iWAr2PUZdSF5eMI=
22:38:44.867 [Expansion Quests] Quest with ID=1102 is not a a valid achievement or auto start quest. Skip quest for player with UID=1OEPy6aKlMe0cmo8LieQDvVcsiu6iWAr2PUZdSF5eMI=
22:38:44.867 [Expansion Quests] Quest with ID=1103 is not a a valid achievement or auto start quest. Skip quest for player with UID=1OEPy6aKlMe0cmo8LieQDvVcsiu6iWAr2PUZdSF5eMI=
22:38:44.867 [Expansion Quests] Quest with ID=1104 is not a a valid achievement or auto start quest. Skip quest for player with UID=1OEPy6aKlMe0cmo8LieQDvVcsiu6iWAr2PUZdSF5eMI=
22:38:44.867 [Expansion Quests] Quest with ID=1105 is not a a valid achievement or auto start quest. Skip quest for player with UID=1OEPy6aKlMe0cmo8LieQDvVcsiu6iWAr2PUZdSF5eMI=
22:38:44.867 [Expansion Quests] Quest with ID=5202 is not a a valid achievement or auto start quest. Skip quest for player with UID=1OEPy6aKlMe0cmo8LieQDvVcsiu6iWAr2PUZdSF5eMI=
22:38:44.867 [Expansion Quests] Quest with ID=5203 is not a a valid achievement or auto start quest. Skip quest for player with UID=1OEPy6aKlMe0cmo8LieQDvVcsiu6iWAr2PUZdSF5eMI=
22:38:44.867 [Expansion Quests] Quest with ID=6101 is not a a valid achievement or auto start quest. Skip quest for player with UID=1OEPy6aKlMe0cmo8LieQDvVcsiu6iWAr2PUZdSF5eMI=
22:38:44.867 [Expansion Quests] Quest with ID=2205 is not a a valid achievement or auto start quest. Skip quest for player with UID=1OEPy6aKlMe0cmo8LieQDvVcsiu6iWAr2PUZdSF5eMI=
22:38:44.867 [Expansion Quests] Quest with ID=61401 is not a a valid achievement or auto start quest. Skip quest for player with UID=1OEPy6aKlMe0cmo8LieQDvVcsiu6iWAr2PUZdSF5eMI=
22:38:44.867 [Expansion Quests] Quest with ID=6601 is not a a valid achievement or auto start quest. Skip quest for player with UID=1OEPy6aKlMe0cmo8LieQDvVcsiu6iWAr2PUZdSF5eMI=
22:38:44.867 [Expansion Quests] Quest with ID=6901 is not a a valid achievement or auto start quest. Skip quest for player with UID=1OEPy6aKlMe0cmo8LieQDvVcsiu6iWAr2PUZdSF5eMI=
22:38:44.867 [Expansion Quests] Quest with ID=5101 is not a a valid achievement or auto start quest. Skip quest for player with UID=1OEPy6aKlMe0cmo8LieQDvVcsiu6iWAr2PUZdSF5eMI=
22:38:44.867 [Expansion Quests] Quest with ID=5102 is not a a valid achievement or auto start quest. Skip quest for player with UID=1OEPy6aKlMe0cmo8LieQDvVcsiu6iWAr2PUZdSF5eMI=
22:38:44.867 [Expansion Quests] Quest with ID=5201 is not a a valid achievement or auto start quest. Skip quest for player with UID=1OEPy6aKlMe0cmo8LieQDvVcsiu6iWAr2PUZdSF5eMI=
22:38:44.867 [Expansion Quests] Quest with ID=61301 is not a a valid achievement or auto start quest. Skip quest for player with UID=1OEPy6aKlMe0cmo8LieQDvVcsiu6iWAr2PUZdSF5eMI=
22:38:44.867 [Expansion Quests] Quest with ID=2301 is not a a valid achievement or auto start quest. Skip quest for player with UID=1OEPy6aKlMe0cmo8LieQDvVcsiu6iWAr2PUZdSF5eMI=
22:38:44.875 [Expansion Quests] Sending 1OEPy6aKlMe0cmo8LieQDvVcsiu6iWAr2PUZdSF5eMI= quest configs to client for player with UID=1OEPy6aKlMe0cmo8LieQDvVcsiu6iWAr2PUZdSF5eMI=
22:38:44.875 [Expansion Quests] Sending player quest data for 21 quests to player with UID=1OEPy6aKlMe0cmo8LieQDvVcsiu6iWAr2PUZdSF5eMI=
22:38:44.882 [AI Object Patrol 00009] Spawning 1 PoliceStation_Tier1 (Raiders) bots at <6192.675293, 34.313686, 2918.566162>
22:38:44.906 [AI Object Patrol 00009] Global patrol count: 1
22:38:44.906 [AI Object Patrol 00048] Spawning 3 ContaminatedArea_Tier4 (Raiders) bots at <6586.958496, 7.177145, 2315.074463>
22:38:44.937 [AI Object Patrol 00048] Global patrol count: 2
22:38:44.937 [AI Object Patrol 00006] Spawning 1 WaterPump_Tier0 (Raiders) bots at <6517.949707, 6.145489, 2311.691650>
22:38:44.953 [AI Object Patrol 00006] Global patrol count: 3
22:38:44.953 [AI Patrol 00110] Spawning 1 Komarovo_Tier1 (Raiders) bots at <6508.117188, 7.001493, 2555.633057>
22:38:44.968 [AI Patrol 00110] Global patrol count: 4
22:38:44.968 [AI Patrol 00105] Spawning 1 Dubovo_Tier1 (Raiders) bots at <6684.894043, 100.502998, 3498.681641>
22:38:44.992 [AI Patrol 00105] Global patrol count: 5
22:38:44.992 [AI Patrol 00102] Spawning 1 Novoselki_Tier1 (Raiders) bots at <6241.208984, 69.502998, 3244.375488>
22:38:45.054 [AI Patrol 00102] Global patrol count: 6
22:38:45.054 [AI Patrol 00101] Spawning 1 Chernogorsk_Tier1 (Raiders) bots at <6585.353027, 6.000000, 2413.543457>
22:38:45.132 [AI Patrol 00101] Global patrol count: 7
22:38:45.140 [AI Patrol 00104] Spawning 1 Dubovo_Tier1 (Raiders) bots at <6614.185547, 103.502998, 3529.826416>
22:38:45.148 [AI Patrol 00104] Global patrol count: 8
22:38:45.148 [AI Patrol 00100] Spawning 1 Chernogorsk_Tier1 (Raiders) bots at <6472.675293, 8.107461, 2353.550049>
22:38:45.164 [AI Patrol 00100] Global patrol count: 9
22:38:45.164 [AI Patrol 00103] Spawning 1 Novoselki_Tier1 (Raiders) bots at <6170.259766, 96.502998, 3154.666260>
22:38:45.179 [AI Patrol 00103] Global patrol count: 10
22:38:45.179 [AI Patrol 00098] Spawning 2 Prigorodki_Tier1 (Raiders) bots at <7314.759766, 16.503000, 2800.935059>
22:38:45.195 [AI Patrol 00098] Global patrol count: 11
22:38:45.195 [AI Patrol 00099] Spawning 1 Chernogorsk_Tier1 (Raiders) bots at <7438.147949, 16.503000, 2810.055176>
22:38:45.210 [AI Patrol 00099] Global patrol count: 12
22:38:45.898 [Expansion Quests] - LoadGroupQuestData - Got cached group quest data for group with ID=1
22:39:23.578 [AI Object Patrol 00186] Spawning 1 FirelStation_Tier2 (Raiders) bots at <6266.325684, 8.592425, 2739.806152>
22:39:23.601 [AI Object Patrol 00186] Global patrol count: 13
22:39:52.414 [AI Object Patrol 00007] Spawning 2 PoliceStation_Tier2 (Raiders) bots at <6650.818848, 7.087641, 2593.564941>
22:39:52.445 [AI Object Patrol 00007] Global patrol count: 14
22:39:52.445 [AI Object Patrol 00008] Spawning 1 HospitalStation_Tier2 (Raiders) bots at <6465.034668, 9.309433, 2707.890137>
22:39:52.539 [AI Object Patrol 00008] Global patrol count: 15
22:40:04.570 [AI Object Patrol 00011] Spawning 1 WaterPump_Tier0 (Raiders) bots at <8135.227051, 6.000000, 3220.985840>
22:40:04.578 [AI Object Patrol 00011] Global patrol count: 16
22:40:04.578 [AI Patrol 00106] Spawning 1 Dubovo_Tier1 (Raiders) bots at <6828.750977, 78.502998, 3708.201660>
22:40:04.593 [AI Patrol 00106] Global patrol count: 17
22:40:05.921 [AI Object Patrol 00188] Spawning 1 OilStation_Tier2RR (Raiders) bots at <6884.953613, 13.602816, 3080.334961>
22:40:05.945 [AI Object Patrol 00188] Global patrol count: 18
22:40:29.820 [AI Object Patrol 00062] Spawning 1 WaterPump_Tier0 (Raiders) bots at <9787.077148, 29.794096, 2216.449219>
22:40:29.835 [AI Object Patrol 00062] Global patrol count: 19
22:40:29.835 [AI Patrol 00097] Spawning 1 Electro_Tier1 (Raiders) bots at <10062.357422, 6.000000, 1821.244751>
22:40:29.851 [AI Patrol 00097] Global patrol count: 20
22:40:43.601 [AI Object Patrol 00010] Spawning 1 WaterPump_Tier0 (Raiders) bots at <10406.188477, 6.246244, 2215.112061>
22:40:43.609 [AI Object Patrol 00010] Global patrol count: 21
22:40:43.609 [AI Object Patrol 00179] Spawning 2 HospitalStation_Tier2 (Raiders) bots at <10278.629883, 20.061729, 2302.498291>
22:40:43.625 [AI Object Patrol 00179] Global patrol count: 22
22:40:43.625 [AI Object Patrol 00178] Spawning 2 PoliceStation_Tier2 (Raiders) bots at <10457.671875, 6.000000, 2256.790039>
22:40:43.640 [AI Object Patrol 00178] Global patrol count: 23
22:40:43.640 [AI Patrol 00095] Spawning 1 Electro_Tier2 (Raiders) bots at <10495.093750, 6.000000, 2276.769531>
22:40:43.656 [AI Patrol 00095] Global patrol count: 24
22:40:43.656 [AI Patrol 00096] Spawning 1 Electro_Tier1 (Raiders) bots at <10299.050781, 40.502998, 2496.881836>
22:40:43.671 [AI Patrol 00096] Global patrol count: 25
22:40:43.960 [AI Object Patrol 00061] Spawning 3 OilStation_Tier2RR (Raiders) bots at <9528.477539, 5.655355, 1998.348145>
22:40:43.984 [AI Object Patrol 00061] Global patrol count: 26
22:42:00.117 [AI Patrol 00092] Spawning 2 Berezino_Tier1 (Raiders) bots at <12294.900391, 17.089960, 9502.969727>
22:42:00.140 [AI Patrol 00092] Global patrol count: 27
22:42:00.195 [AI Object Patrol 00034] Spawning 1 PoliceStation_Tier1 (Raiders) bots at <12929.569336, 5.980000, 10201.300781>
22:42:00.210 [AI Object Patrol 00034] Global patrol count: 28
22:42:00.453 [AI Object Patrol 00033] Spawning 3 OilStation_Tier2RR (Raiders) bots at <12988.212891, 6.000000, 10095.055664>
22:42:00.476 [AI Object Patrol 00033] Global patrol count: 29
22:42:00.828 [AI Patrol 00091] Spawning 2 Berezhino_Tier1 (Raiders) bots at <13009.951172, 6.071171, 10095.341797>
22:42:00.843 [AI Patrol 00091] Global patrol count: 30
22:42:00.984 [AI Object Patrol 00192] Spawning 2 FirelStation_Tier2 (Raiders) bots at <12812.106445, 6.129560, 9967.933594>
22:42:00.992 [AI Object Patrol 00192] Global patrol count: 31
22:42:08.796 [AI Patrol 00093] Spawning 1 Berezino_Tier1 (Raiders) bots at <12100.674805, 14.010913, 9635.941406>
22:42:08.820 [AI Patrol 00093] Global patrol count: 32
22:42:35.835 [Killfeed] AI Maria (WaterPump_Tier0) был убит AI Naomi (PoliceStation_Tier2) с Обрез Мосин 91/30 из 17 м расстояние.
22:42:40.492 [AI Object Patrol 00010] WaterPump_Tier0 (Raiders) bots were wiped out (spawn position <10406.188477, 6.246244, 2215.112061>, 1/1 deceased)
22:42:40.492 [AI Object Patrol 00010] Global patrol count: 31
22:42:48.929 [Killfeed] AI Keiko (Chernogorsk_Tier1) был убит AI Judy (ContaminatedArea_Tier4) с Вихрь из 10 м расстояние.
22:42:52.343 [AI Patrol 00101] Chernogorsk_Tier1 (Raiders) bots were wiped out (spawn position <6585.353027, 6.000000, 2413.543457>, 1/1 deceased)
22:42:52.343 [AI Patrol 00101] Global patrol count: 30
22:42:52.554 [Killfeed] AI Eva (WaterPump_Tier0) умер от Химическое отравление.
22:42:52.679 [AI Object Patrol 00006] WaterPump_Tier0 (Raiders) bots were wiped out (spawn position <6517.949707, 6.145489, 2311.691650>, 1/1 deceased)
22:42:52.679 [AI Object Patrol 00006] Global patrol count: 29
22:42:55.789 [AI Object Patrol 00051] Spawning 1 ContaminatedArea_Tier4 (Raiders) bots at <13766.872070, 1.256028, 11170.538086>
22:42:55.812 [AI Object Patrol 00051] Global patrol count: 30
22:42:55.812 [AI Object Patrol 00050] Spawning 1 ContaminatedArea_Tier4 (Raiders) bots at <13883.034180, -1.449813, 11153.286133>
22:42:55.835 [AI Object Patrol 00050] Global patrol count: 31
22:42:55.835 [AI Patrol 00090] Spawning 1 Berezino_Tier1 (Raiders) bots at <13097.033203, 5.990000, 10372.904297>
22:42:55.851 [AI Patrol 00090] Global patrol count: 32
22:43:04.320 [MissionAirdrop] An airdrop is heading towards "Balota" (pos=<5043.000000, 0.000000, 2505.000000> type=Random_Balota) with a ExpansionAirdropContainer_Basebuilding
22:43:15.750 [AI Object Patrol 00046] Spawning 1 WaterPump_Tier0 (Raiders) bots at <13794.983398, 20.059999, 13291.954102>
22:43:15.757 [AI Object Patrol 00046] Global patrol count: 33
22:43:15.757 [AI Object Patrol 00044] Spawning 1 WaterPump_Tier0 (Raiders) bots at <13377.439453, 96.358185, 12862.325195>
22:43:15.765 [AI Object Patrol 00044] Global patrol count: 34
22:43:15.765 [AI Patrol 00086] Spawning 1 Svetloyarsk_Tier1 (Raiders) bots at <13909.737305, 4.431839, 13468.657227>
22:43:15.781 [AI Patrol 00086] Global patrol count: 35
22:43:52.523 [Killfeed] AI Lewis (OilStation_Tier2RR) был убит AI Judy (FirelStation_Tier2) с CR-75 из 1 м расстояние.
22:43:56.492 [Killfeed] AI Indar (FirelStation_Tier2) был убит AI Gabi (ContaminatedArea_Tier4) с Вайга из 17 м расстояние.
22:44:00.554 [AI Object Patrol 00186] FirelStation_Tier2 (Raiders) bots were wiped out (spawn position <6266.325684, 8.592425, 2739.806152>, 1/1 deceased)
22:44:00.554 [AI Object Patrol 00186] Global patrol count: 34
22:44:24.242 [Killfeed] AI Frida (OilStation_Tier2RR) был убит AI Judy (FirelStation_Tier2) с CR-75 из 1 м расстояние.
22:44:27.289 [Killfeed] AI Peter (FirelStation_Tier2) был убит AI Gabi (Berezhino_Tier1) при помощи.
22:44:27.289 [Killfeed] AI Gabi (Berezhino_Tier1) был убит AI Peter (FirelStation_Tier2) при помощи.
22:44:42.539 [Killfeed] AI Naomi (Chernogorsk_Tier1) был убит AI Judy (ContaminatedArea_Tier4) с Вихрь из 27 м расстояние.
22:44:43.203 [AI Patrol 00100] Chernogorsk_Tier1 (Raiders) bots were wiped out (spawn position <6472.675293, 8.107461, 2353.550049>, 1/1 deceased)
22:44:43.203 [AI Patrol 00100] Global patrol count: 33
22:44:57.789 [Killfeed] AI Naomi (PoliceStation_Tier2) был убит AI Irena (Electro_Tier1) с БК-43 из 34 м расстояние.
22:44:59.304 [Killfeed] AI Judy (OilStation_Tier2RR) был убит AI Keiko (Berezino_Tier1) с Sporter 22 из 10 м расстояние.
22:45:03.726 [AI Object Patrol 00033] OilStation_Tier2RR (Raiders) bots were wiped out (spawn position <12988.212891, 6.000000, 10095.055664>, 3/3 deceased)
22:45:03.726 [AI Object Patrol 00033] Global patrol count: 32
22:45:21.218 [Killfeed] AI Irena (Berezhino_Tier1) был убит AI Keiko (PoliceStation_Tier1) с CR-527 из 13 м расстояние.
22:45:22.218 [Killfeed] AI Helga (PoliceStation_Tier2) был убит AI Judy (ContaminatedArea_Tier4) с Вихрь из 40 м расстояние.
22:45:24.312 [Killfeed] AI Eva (Dubovo_Tier1) был убит.
22:45:25.046 [AI Patrol 00106] Dubovo_Tier1 (Raiders) bots were wiped out (spawn position <6828.750977, 78.502998, 3708.201660>, 1/1 deceased)
22:45:25.046 [AI Patrol 00106] Global patrol count: 31
22:45:25.882 [AI Patrol 00091] Berezhino_Tier1 (Raiders) bots were wiped out (spawn position <13009.951172, 6.071171, 10095.341797>, 2/2 deceased)
22:45:25.882 [AI Patrol 00091] Global patrol count: 30
22:45:36.796 [Killfeed] AI Hassan (WaterPump_Tier0) был убит AI Gabi (HospitalStation_Tier2) с КАС-74У из 39 м расстояние.
22:45:37.468 [AI Object Patrol 00062] WaterPump_Tier0 (Raiders) bots were wiped out (spawn position <9787.077148, 29.794096, 2216.449219>, 1/1 deceased)
22:45:37.468 [AI Object Patrol 00062] Global patrol count: 29
22:45:43.171 [Party] Player "Tonby" (id=1OEPy6aKlMe0cmo8LieQDvVcsiu6iWAr2PUZdSF5eMI=) left the party "Knight Fallen" (id=1 ownerUID=1OEPy6aKlMe0cmo8LieQDvVcsiu6iWAr2PUZdSF5eMI= ownerName=Survivor)
22:46:03.023 [Killfeed] AI Denis (HospitalStation_Tier2) был убит AI Boris (Electro_Tier2) с ПП-91 Кедр из 8 м расстояние.
22:46:18.992 [Party] Player "Tonby" (id=1OEPy6aKlMe0cmo8LieQDvVcsiu6iWAr2PUZdSF5eMI=) joinded the party "Knight Fallen" (id=1 ownerUID=1OEPy6aKlMe0cmo8LieQDvVcsiu6iWAr2PUZdSF5eMI= ownerName=Survivor)
22:46:19.000 [Expansion Quests] Initialize quest system on the connected client with UID=1OEPy6aKlMe0cmo8LieQDvVcsiu6iWAr2PUZdSF5eMI=
22:46:19.062 [Expansion Quests] Loaded existing player quest data for player with UID=1OEPy6aKlMe0cmo8LieQDvVcsiu6iWAr2PUZdSF5eMI=
22:46:19.062 [Expansion Quests] - LoadGroupQuestData - Got cached group quest data for group with ID=1
22:46:19.062 [Expansion Quests] Check quest initialization for quest with ID=6101 | State=COMPLETED | Player UID=1OEPy6aKlMe0cmo8LieQDvVcsiu6iWAr2PUZdSF5eMI=
22:46:19.062 [Expansion Quests] Check quest initialization for quest with ID=6401 | State=COMPLETED | Player UID=1OEPy6aKlMe0cmo8LieQDvVcsiu6iWAr2PUZdSF5eMI=
22:46:19.062 [Expansion Quests] Check quest initialization for quest with ID=5101 | State=NONE | Player UID=1OEPy6aKlMe0cmo8LieQDvVcsiu6iWAr2PUZdSF5eMI=
22:46:19.062 [Expansion Quests] Check quest initialization for quest with ID=101 | State=COMPLETED | Player UID=1OEPy6aKlMe0cmo8LieQDvVcsiu6iWAr2PUZdSF5eMI=
22:46:19.062 [Expansion Quests] Check quest initialization for quest with ID=61101 | State=COMPLETED | Player UID=1OEPy6aKlMe0cmo8LieQDvVcsiu6iWAr2PUZdSF5eMI=
22:46:19.062 [Expansion Quests] Check quest initialization for quest with ID=6601 | State=COMPLETED | Player UID=1OEPy6aKlMe0cmo8LieQDvVcsiu6iWAr2PUZdSF5eMI=
22:46:19.062 [Expansion Quests] Check quest initialization for quest with ID=6901 | State=COMPLETED | Player UID=1OEPy6aKlMe0cmo8LieQDvVcsiu6iWAr2PUZdSF5eMI=
22:46:19.062 [Expansion Quests] Check quest initialization for quest with ID=6701 | State=COMPLETED | Player UID=1OEPy6aKlMe0cmo8LieQDvVcsiu6iWAr2PUZdSF5eMI=
22:46:19.062 [Expansion Quests] Check quest initialization for quest with ID=1102 | State=NONE | Player UID=1OEPy6aKlMe0cmo8LieQDvVcsiu6iWAr2PUZdSF5eMI=
22:46:19.062 [Expansion Quests] Check quest initialization for quest with ID=1103 | State=NONE | Player UID=1OEPy6aKlMe0cmo8LieQDvVcsiu6iWAr2PUZdSF5eMI=
22:46:19.062 [Expansion Quests] Check quest initialization for quest with ID=6501 | State=COMPLETED | Player UID=1OEPy6aKlMe0cmo8LieQDvVcsiu6iWAr2PUZdSF5eMI=
22:46:19.062 [Expansion Quests] Check quest initialization for quest with ID=6801 | State=COMPLETED | Player UID=1OEPy6aKlMe0cmo8LieQDvVcsiu6iWAr2PUZdSF5eMI=
22:46:19.062 [Expansion Quests] Check quest initialization for quest with ID=1104 | State=NONE | Player UID=1OEPy6aKlMe0cmo8LieQDvVcsiu6iWAr2PUZdSF5eMI=
22:46:19.062 [Expansion Quests] Check quest initialization for quest with ID=1101 | State=NONE | Player UID=1OEPy6aKlMe0cmo8LieQDvVcsiu6iWAr2PUZdSF5eMI=
22:46:19.062 [Expansion Quests] Check quest initialization for quest with ID=61301 | State=NONE | Player UID=1OEPy6aKlMe0cmo8LieQDvVcsiu6iWAr2PUZdSF5eMI=
22:46:19.062 [Expansion Quests] Check quest initialization for quest with ID=2101 | State=COMPLETED | Player UID=1OEPy6aKlMe0cmo8LieQDvVcsiu6iWAr2PUZdSF5eMI=
22:46:19.062 [Expansion Quests] Check quest initialization for quest with ID=61501 | State=NONE | Player UID=1OEPy6aKlMe0cmo8LieQDvVcsiu6iWAr2PUZdSF5eMI=
22:46:19.062 [Expansion Quests] Check quest initialization for quest with ID=6201 | State=COMPLETED | Player UID=1OEPy6aKlMe0cmo8LieQDvVcsiu6iWAr2PUZdSF5eMI=
22:46:19.062 [Expansion Quests] Check quest initialization for quest with ID=61001 | State=COMPLETED | Player UID=1OEPy6aKlMe0cmo8LieQDvVcsiu6iWAr2PUZdSF5eMI=
22:46:19.062 [Expansion Quests] Check quest initialization for quest with ID=6301 | State=COMPLETED | Player UID=1OEPy6aKlMe0cmo8LieQDvVcsiu6iWAr2PUZdSF5eMI=
22:46:19.062 [Expansion Quests] Check quest initialization for quest with ID=61502 | State=COMPLETED | Player UID=1OEPy6aKlMe0cmo8LieQDvVcsiu6iWAr2PUZdSF5eMI=
22:46:19.062 [Expansion Quests] Quest with ID=6401 is not a a valid achievement or auto start quest. Skip quest for player with UID=1OEPy6aKlMe0cmo8LieQDvVcsiu6iWAr2PUZdSF5eMI=
22:46:19.062 [Expansion Quests] Quest with ID=6701 is not a a valid achievement or auto start quest. Skip quest for player with UID=1OEPy6aKlMe0cmo8LieQDvVcsiu6iWAr2PUZdSF5eMI=
22:46:19.062 [Expansion Quests] Quest with ID=61201 is not a a valid achievement or auto start quest. Skip quest for player with UID=1OEPy6aKlMe0cmo8LieQDvVcsiu6iWAr2PUZdSF5eMI=
22:46:19.062 [Expansion Quests] Quest with ID=5401 is not a a valid achievement or auto start quest. Skip quest for player with UID=1OEPy6aKlMe0cmo8LieQDvVcsiu6iWAr2PUZdSF5eMI=
22:46:19.062 [Expansion Quests] Quest with ID=2202 is not a a valid achievement or auto start quest. Skip quest for player with UID=1OEPy6aKlMe0cmo8LieQDvVcsiu6iWAr2PUZdSF5eMI=
22:46:19.070 [Expansion Quests] Quest with ID=2203 is not a a valid achievement or auto start quest. Skip quest for player with UID=1OEPy6aKlMe0cmo8LieQDvVcsiu6iWAr2PUZdSF5eMI=
22:46:19.070 [Expansion Quests] Quest with ID=2204 is not a a valid achievement or auto start quest. Skip quest for player with UID=1OEPy6aKlMe0cmo8LieQDvVcsiu6iWAr2PUZdSF5eMI=
22:46:19.070 [Expansion Quests] Quest with ID=6301 is not a a valid achievement or auto start quest. Skip quest for player with UID=1OEPy6aKlMe0cmo8LieQDvVcsiu6iWAr2PUZdSF5eMI=
22:46:19.070 [Expansion Quests] Quest with ID=2101 is not a a valid achievement or auto start quest. Skip quest for player with UID=1OEPy6aKlMe0cmo8LieQDvVcsiu6iWAr2PUZdSF5eMI=
22:46:19.070 [Expansion Quests] Quest with ID=61601 is not a a valid achievement or auto start quest. Skip quest for player with UID=1OEPy6aKlMe0cmo8LieQDvVcsiu6iWAr2PUZdSF5eMI=
22:46:19.070 [Expansion Quests] Quest with ID=2102 is not a a valid achievement or auto start quest. Skip quest for player with UID=1OEPy6aKlMe0cmo8LieQDvVcsiu6iWAr2PUZdSF5eMI=
22:46:19.070 [Expansion Quests] Quest with ID=2103 is not a a valid achievement or auto start quest. Skip quest for player with UID=1OEPy6aKlMe0cmo8LieQDvVcsiu6iWAr2PUZdSF5eMI=
22:46:19.070 [Expansion Quests] Quest with ID=2104 is not a a valid achievement or auto start quest. Skip quest for player with UID=1OEPy6aKlMe0cmo8LieQDvVcsiu6iWAr2PUZdSF5eMI=
22:46:19.070 [Expansion Quests] Quest with ID=2105 is not a a valid achievement or auto start quest. Skip quest for player with UID=1OEPy6aKlMe0cmo8LieQDvVcsiu6iWAr2PUZdSF5eMI=
22:46:19.070 [Expansion Quests] Quest with ID=61101 is not a a valid achievement or auto start quest. Skip quest for player with UID=1OEPy6aKlMe0cmo8LieQDvVcsiu6iWAr2PUZdSF5eMI=
22:46:19.070 [Expansion Quests] Quest with ID=6501 is not a a valid achievement or auto start quest. Skip quest for player with UID=1OEPy6aKlMe0cmo8LieQDvVcsiu6iWAr2PUZdSF5eMI=
22:46:19.070 [Expansion Quests] Quest with ID=62001 is not a a valid achievement or auto start quest. Skip quest for player with UID=1OEPy6aKlMe0cmo8LieQDvVcsiu6iWAr2PUZdSF5eMI=
22:46:19.070 [Expansion Quests] Quest with ID=6801 is not a a valid achievement or auto start quest. Skip quest for player with UID=1OEPy6aKlMe0cmo8LieQDvVcsiu6iWAr2PUZdSF5eMI=
22:46:19.070 [Expansion Quests] Quest with ID=5301 is not a a valid achievement or auto start quest. Skip quest for player with UID=1OEPy6aKlMe0cmo8LieQDvVcsiu6iWAr2PUZdSF5eMI=
22:46:19.070 [Expansion Quests] Quest with ID=5302 is not a a valid achievement or auto start quest. Skip quest for player with UID=1OEPy6aKlMe0cmo8LieQDvVcsiu6iWAr2PUZdSF5eMI=
22:46:19.070 [Expansion Quests] Quest with ID=5303 is not a a valid achievement or auto start quest. Skip quest for player with UID=1OEPy6aKlMe0cmo8LieQDvVcsiu6iWAr2PUZdSF5eMI=
22:46:19.070 [Expansion Quests] Quest with ID=5304 is not a a valid achievement or auto start quest. Skip quest for player with UID=1OEPy6aKlMe0cmo8LieQDvVcsiu6iWAr2PUZdSF5eMI=
22:46:19.070 [Expansion Quests] Quest with ID=6201 is not a a valid achievement or auto start quest. Skip quest for player with UID=1OEPy6aKlMe0cmo8LieQDvVcsiu6iWAr2PUZdSF5eMI=
22:46:19.070 [Expansion Quests] Quest with ID=61501 is not a a valid achievement or auto start quest. Skip quest for player with UID=1OEPy6aKlMe0cmo8LieQDvVcsiu6iWAr2PUZdSF5eMI=
22:46:19.070 [Expansion Quests] Quest with ID=61502 is not a a valid achievement or auto start quest. Skip quest for player with UID=1OEPy6aKlMe0cmo8LieQDvVcsiu6iWAr2PUZdSF5eMI=
22:46:19.070 [Expansion Quests] Quest with ID=61001 is not a a valid achievement or auto start quest. Skip quest for player with UID=1OEPy6aKlMe0cmo8LieQDvVcsiu6iWAr2PUZdSF5eMI=
22:46:19.070 [Expansion Quests] Quest with ID=2201 is not a a valid achievement or auto start quest. Skip quest for player with UID=1OEPy6aKlMe0cmo8LieQDvVcsiu6iWAr2PUZdSF5eMI=
22:46:19.070 [Expansion Quests] Quest with ID=1101 is not a a valid achievement or auto start quest. Skip quest for player with UID=1OEPy6aKlMe0cmo8LieQDvVcsiu6iWAr2PUZdSF5eMI=
22:46:19.070 [Expansion Quests] Quest with ID=1102 is not a a valid achievement or auto start quest. Skip quest for player with UID=1OEPy6aKlMe0cmo8LieQDvVcsiu6iWAr2PUZdSF5eMI=
22:46:19.070 [Expansion Quests] Quest with ID=1103 is not a a valid achievement or auto start quest. Skip quest for player with UID=1OEPy6aKlMe0cmo8LieQDvVcsiu6iWAr2PUZdSF5eMI=
22:46:19.070 [Expansion Quests] Quest with ID=1104 is not a a valid achievement or auto start quest. Skip quest for player with UID=1OEPy6aKlMe0cmo8LieQDvVcsiu6iWAr2PUZdSF5eMI=
22:46:19.070 [Expansion Quests] Quest with ID=1105 is not a a valid achievement or auto start quest. Skip quest for player with UID=1OEPy6aKlMe0cmo8LieQDvVcsiu6iWAr2PUZdSF5eMI=
22:46:19.070 [Expansion Quests] Quest with ID=5202 is not a a valid achievement or auto start quest. Skip quest for player with UID=1OEPy6aKlMe0cmo8LieQDvVcsiu6iWAr2PUZdSF5eMI=
22:46:19.070 [Expansion Quests] Quest with ID=5203 is not a a valid achievement or auto start quest. Skip quest for player with UID=1OEPy6aKlMe0cmo8LieQDvVcsiu6iWAr2PUZdSF5eMI=
22:46:19.070 [Expansion Quests] Quest with ID=6101 is not a a valid achievement or auto start quest. Skip quest for player with UID=1OEPy6aKlMe0cmo8LieQDvVcsiu6iWAr2PUZdSF5eMI=
22:46:19.070 [Expansion Quests] Quest with ID=2205 is not a a valid achievement or auto start quest. Skip quest for player with UID=1OEPy6aKlMe0cmo8LieQDvVcsiu6iWAr2PUZdSF5eMI=
22:46:19.070 [Expansion Quests] Quest with ID=61401 is not a a valid achievement or auto start quest. Skip quest for player with UID=1OEPy6aKlMe0cmo8LieQDvVcsiu6iWAr2PUZdSF5eMI=
22:46:19.070 [Expansion Quests] Quest with ID=6601 is not a a valid achievement or auto start quest. Skip quest for player with UID=1OEPy6aKlMe0cmo8LieQDvVcsiu6iWAr2PUZdSF5eMI=
22:46:19.070 [Expansion Quests] Quest with ID=6901 is not a a valid achievement or auto start quest. Skip quest for player with UID=1OEPy6aKlMe0cmo8LieQDvVcsiu6iWAr2PUZdSF5eMI=
22:46:19.070 [Expansion Quests] Quest with ID=5101 is not a a valid achievement or auto start quest. Skip quest for player with UID=1OEPy6aKlMe0cmo8LieQDvVcsiu6iWAr2PUZdSF5eMI=
22:46:19.070 [Expansion Quests] Quest with ID=5102 is not a a valid achievement or auto start quest. Skip quest for player with UID=1OEPy6aKlMe0cmo8LieQDvVcsiu6iWAr2PUZdSF5eMI=
22:46:19.070 [Expansion Quests] Quest with ID=5201 is not a a valid achievement or auto start quest. Skip quest for player with UID=1OEPy6aKlMe0cmo8LieQDvVcsiu6iWAr2PUZdSF5eMI=
22:46:19.070 [Expansion Quests] Quest with ID=61301 is not a a valid achievement or auto start quest. Skip quest for player with UID=1OEPy6aKlMe0cmo8LieQDvVcsiu6iWAr2PUZdSF5eMI=
22:46:19.070 [Expansion Quests] Quest with ID=2301 is not a a valid achievement or auto start quest. Skip quest for player with UID=1OEPy6aKlMe0cmo8LieQDvVcsiu6iWAr2PUZdSF5eMI=
22:46:19.078 [Expansion Quests] Sending 1OEPy6aKlMe0cmo8LieQDvVcsiu6iWAr2PUZdSF5eMI= quest configs to client for player with UID=1OEPy6aKlMe0cmo8LieQDvVcsiu6iWAr2PUZdSF5eMI=
22:46:19.078 [Expansion Quests] Sending player quest data for 21 quests to player with UID=1OEPy6aKlMe0cmo8LieQDvVcsiu6iWAr2PUZdSF5eMI=
22:46:19.984 [Expansion Quests] - LoadGroupQuestData - Got cached group quest data for group with ID=1
22:46:26.164 [Killfeed] AI Keiko (PoliceStation_Tier1) был убит AI Judy (FirelStation_Tier2) с CR-75 из 11 м расстояние.
22:46:27.375 [AI Object Patrol 00034] PoliceStation_Tier1 (Raiders) bots were wiped out (spawn position <12929.569336, 5.980000, 10201.300781>, 1/1 deceased)
22:46:27.375 [AI Object Patrol 00034] Global patrol count: 28
22:46:39.695 [Killfeed] AI Keiko (Berezino_Tier1) был убит AI Judy (FirelStation_Tier2) с CR-75 из 33 м расстояние.
22:46:42.875 [AI Patrol 00090] Berezino_Tier1 (Raiders) bots were wiped out (spawn position <13097.033203, 5.990000, 10372.904297>, 1/1 deceased)
22:46:42.875 [AI Patrol 00090] Global patrol count: 27
22:47:06.789 [Killfeed] AI Niki (PoliceStation_Tier1) был убит AI Mirek (HospitalStation_Tier2) с КАС-74У из 19 м расстояние.
22:47:08.625 [AI Object Patrol 00009] PoliceStation_Tier1 (Raiders) bots were wiped out (spawn position <6192.675293, 34.313686, 2918.566162>, 1/1 deceased)
22:47:08.625 [AI Object Patrol 00009] Global patrol count: 26
22:47:10.460 [Killfeed] AI Helga (PoliceStation_Tier2) был убит AI Boris (Electro_Tier2) с ПП-91 Кедр из 8 м расстояние.
22:47:15.015 [AI Object Patrol 00178] PoliceStation_Tier2 (Raiders) bots were wiped out (spawn position <10457.671875, 6.000000, 2256.790039>, 2/2 deceased)
22:47:15.015 [AI Object Patrol 00178] Global patrol count: 25
22:47:26.703 [Killfeed] AI Linda (Komarovo_Tier1) умер от потери крови.
22:47:28.453 [AI Patrol 00110] Komarovo_Tier1 (Raiders) bots were wiped out (spawn position <6508.117188, 7.001493, 2555.633057>, 1/1 deceased)
22:47:28.453 [AI Patrol 00110] Global patrol count: 24
