20:19:58.398 [Expansion Quests] Added objects set for quest ID=61001 from file=q61001
20:19:58.398 [Expansion Quests] Added objects set for quest ID=2201 from file=q2201
20:19:58.398 [Expansion Quests] Added objects set for quest ID=2202 from file=q2202
20:19:58.398 [Expansion Quests] Added objects set for quest ID=2203 from file=q2203
20:19:58.398 [Expansion Quests] Added objects set for quest ID=2204 from file=q2204
20:19:58.398 [Expansion Quests] Added objects set for quest ID=2205 from file=q2205
20:19:58.398 [Expansion Quests] Added objects set for quest ID=2101 from file=q2101
20:19:58.398 [Expansion Quests] Added objects set for quest ID=61601 from file=q61601
20:19:58.398 [Expansion Quests] Added objects set for quest ID=2105 from file=q2105
20:19:58.398 [Expansion Quests] Added objects set for quest ID=6601 from file=q6601
20:19:58.398 [Expansion Quests] Added objects set for quest ID=6501 from file=q6501
20:19:58.398 [Expansion Quests] Added objects set for quest ID=2102 from file=q2102
20:19:58.398 [Expansion Quests] Added objects set for quest ID=2103 from file=q2103
20:19:58.398 [Expansion Quests] Added objects set for quest ID=2104 from file=q2104
20:19:58.398 [Expansion Quests] Added objects set for quest ID=61501 from file=q61501
20:19:58.398 [Expansion Quests] Added objects set for quest ID=61502 from file=q61502
20:23:30.468 [Party] Player "Survivor" (id=1OEPy6aKlMe0cmo8LieQDvVcsiu6iWAr2PUZdSF5eMI=) joinded the party "Falcon Resolute" (id=1 ownerUID=z63osPRVUnS8pzWmaenLtvu6c2gVxwL4gvA4elWPF5w= ownerName=Survivor (2))
20:23:30.468 [Expansion Quests] Initialize quest system on the connected client with UID=1OEPy6aKlMe0cmo8LieQDvVcsiu6iWAr2PUZdSF5eMI=
20:23:30.546 [Expansion Quests] Loaded existing player quest data for player with UID=1OEPy6aKlMe0cmo8LieQDvVcsiu6iWAr2PUZdSF5eMI=
20:23:30.554 [Expansion Quests] Loaded existing group quest data for group with ID=1
20:23:30.554 [Expansion Quests] Check quest initialization for quest with ID=6501 | State=NONE | Player UID=1OEPy6aKlMe0cmo8LieQDvVcsiu6iWAr2PUZdSF5eMI=
20:23:30.554 [Expansion Quests] Check quest initialization for quest with ID=61001 | State=NONE | Player UID=1OEPy6aKlMe0cmo8LieQDvVcsiu6iWAr2PUZdSF5eMI=
20:23:30.554 [Expansion Quests] Check quest initialization for quest with ID=61401 | State=NONE | Player UID=1OEPy6aKlMe0cmo8LieQDvVcsiu6iWAr2PUZdSF5eMI=
20:23:30.554 [Expansion Quests] Check quest initialization for quest with ID=61101 | State=NONE | Player UID=1OEPy6aKlMe0cmo8LieQDvVcsiu6iWAr2PUZdSF5eMI=
20:23:30.554 [Expansion Quests] Check quest initialization for quest with ID=101 | State=COMPLETED | Player UID=1OEPy6aKlMe0cmo8LieQDvVcsiu6iWAr2PUZdSF5eMI=
20:23:30.554 [Expansion Quests] Check quest initialization for quest with ID=62001 | State=NONE | Player UID=1OEPy6aKlMe0cmo8LieQDvVcsiu6iWAr2PUZdSF5eMI=
20:23:30.554 [Expansion Quests] Check quest initialization for quest with ID=2101 | State=NONE | Player UID=1OEPy6aKlMe0cmo8LieQDvVcsiu6iWAr2PUZdSF5eMI=
20:23:30.554 [Expansion Quests] Check quest initialization for quest with ID=2104 | State=NONE | Player UID=1OEPy6aKlMe0cmo8LieQDvVcsiu6iWAr2PUZdSF5eMI=
20:23:30.554 [Expansion Quests] Check quest initialization for quest with ID=2201 | State=NONE | Player UID=1OEPy6aKlMe0cmo8LieQDvVcsiu6iWAr2PUZdSF5eMI=
20:23:30.554 [Expansion Quests] Check quest initialization for quest with ID=6601 | State=NONE | Player UID=1OEPy6aKlMe0cmo8LieQDvVcsiu6iWAr2PUZdSF5eMI=
20:23:30.554 [Expansion Quests] Check quest initialization for quest with ID=61501 | State=NONE | Player UID=1OEPy6aKlMe0cmo8LieQDvVcsiu6iWAr2PUZdSF5eMI=
20:23:30.554 [Expansion Quests] Check quest initialization for quest with ID=61502 | State=NONE | Player UID=1OEPy6aKlMe0cmo8LieQDvVcsiu6iWAr2PUZdSF5eMI=
20:23:30.554 [Expansion Quests] Quest with ID=6401 is not a a valid achievement or auto start quest. Skip quest for player with UID=1OEPy6aKlMe0cmo8LieQDvVcsiu6iWAr2PUZdSF5eMI=
20:23:30.554 [Expansion Quests] Quest with ID=6701 is not a a valid achievement or auto start quest. Skip quest for player with UID=1OEPy6aKlMe0cmo8LieQDvVcsiu6iWAr2PUZdSF5eMI=
20:23:30.554 [Expansion Quests] Quest with ID=61001 is not a a valid achievement or auto start quest. Skip quest for player with UID=1OEPy6aKlMe0cmo8LieQDvVcsiu6iWAr2PUZdSF5eMI=
20:23:30.554 [Expansion Quests] Quest with ID=6901 is not a a valid achievement or auto start quest. Skip quest for player with UID=1OEPy6aKlMe0cmo8LieQDvVcsiu6iWAr2PUZdSF5eMI=
20:23:30.554 [Expansion Quests] Quest with ID=61401 is not a a valid achievement or auto start quest. Skip quest for player with UID=1OEPy6aKlMe0cmo8LieQDvVcsiu6iWAr2PUZdSF5eMI=
20:23:30.554 [Expansion Quests] Quest with ID=61201 is not a a valid achievement or auto start quest. Skip quest for player with UID=1OEPy6aKlMe0cmo8LieQDvVcsiu6iWAr2PUZdSF5eMI=
20:23:30.554 [Expansion Quests] Quest with ID=6101 is not a a valid achievement or auto start quest. Skip quest for player with UID=1OEPy6aKlMe0cmo8LieQDvVcsiu6iWAr2PUZdSF5eMI=
20:23:30.554 [Expansion Quests] Quest with ID=6301 is not a a valid achievement or auto start quest. Skip quest for player with UID=1OEPy6aKlMe0cmo8LieQDvVcsiu6iWAr2PUZdSF5eMI=
20:23:30.554 [Expansion Quests] Quest with ID=2201 is not a a valid achievement or auto start quest. Skip quest for player with UID=1OEPy6aKlMe0cmo8LieQDvVcsiu6iWAr2PUZdSF5eMI=
20:23:30.554 [Expansion Quests] Quest with ID=2202 is not a a valid achievement or auto start quest. Skip quest for player with UID=1OEPy6aKlMe0cmo8LieQDvVcsiu6iWAr2PUZdSF5eMI=
20:23:30.554 [Expansion Quests] Quest with ID=2203 is not a a valid achievement or auto start quest. Skip quest for player with UID=1OEPy6aKlMe0cmo8LieQDvVcsiu6iWAr2PUZdSF5eMI=
20:23:30.554 [Expansion Quests] Quest with ID=2204 is not a a valid achievement or auto start quest. Skip quest for player with UID=1OEPy6aKlMe0cmo8LieQDvVcsiu6iWAr2PUZdSF5eMI=
20:23:30.554 [Expansion Quests] Quest with ID=2205 is not a a valid achievement or auto start quest. Skip quest for player with UID=1OEPy6aKlMe0cmo8LieQDvVcsiu6iWAr2PUZdSF5eMI=
20:23:30.554 [Expansion Quests] Quest with ID=2101 is not a a valid achievement or auto start quest. Skip quest for player with UID=1OEPy6aKlMe0cmo8LieQDvVcsiu6iWAr2PUZdSF5eMI=
20:23:30.554 [Expansion Quests] Quest with ID=61601 is not a a valid achievement or auto start quest. Skip quest for player with UID=1OEPy6aKlMe0cmo8LieQDvVcsiu6iWAr2PUZdSF5eMI=
20:23:30.554 [Expansion Quests] Quest with ID=2105 is not a a valid achievement or auto start quest. Skip quest for player with UID=1OEPy6aKlMe0cmo8LieQDvVcsiu6iWAr2PUZdSF5eMI=
20:23:30.554 [Expansion Quests] Quest with ID=61101 is not a a valid achievement or auto start quest. Skip quest for player with UID=1OEPy6aKlMe0cmo8LieQDvVcsiu6iWAr2PUZdSF5eMI=
20:23:30.554 [Expansion Quests] Quest with ID=6601 is not a a valid achievement or auto start quest. Skip quest for player with UID=1OEPy6aKlMe0cmo8LieQDvVcsiu6iWAr2PUZdSF5eMI=
20:23:30.554 [Expansion Quests] Quest with ID=6501 is not a a valid achievement or auto start quest. Skip quest for player with UID=1OEPy6aKlMe0cmo8LieQDvVcsiu6iWAr2PUZdSF5eMI=
20:23:30.554 [Expansion Quests] Quest with ID=62001 is not a a valid achievement or auto start quest. Skip quest for player with UID=1OEPy6aKlMe0cmo8LieQDvVcsiu6iWAr2PUZdSF5eMI=
20:23:30.554 [Expansion Quests] Quest with ID=6801 is not a a valid achievement or auto start quest. Skip quest for player with UID=1OEPy6aKlMe0cmo8LieQDvVcsiu6iWAr2PUZdSF5eMI=
20:23:30.554 [Expansion Quests] Quest with ID=61301 is not a a valid achievement or auto start quest. Skip quest for player with UID=1OEPy6aKlMe0cmo8LieQDvVcsiu6iWAr2PUZdSF5eMI=
20:23:30.554 [Expansion Quests] Quest with ID=2102 is not a a valid achievement or auto start quest. Skip quest for player with UID=1OEPy6aKlMe0cmo8LieQDvVcsiu6iWAr2PUZdSF5eMI=
20:23:30.554 [Expansion Quests] Quest with ID=2103 is not a a valid achievement or auto start quest. Skip quest for player with UID=1OEPy6aKlMe0cmo8LieQDvVcsiu6iWAr2PUZdSF5eMI=
20:23:30.554 [Expansion Quests] Quest with ID=2104 is not a a valid achievement or auto start quest. Skip quest for player with UID=1OEPy6aKlMe0cmo8LieQDvVcsiu6iWAr2PUZdSF5eMI=
20:23:30.554 [Expansion Quests] Quest with ID=6201 is not a a valid achievement or auto start quest. Skip quest for player with UID=1OEPy6aKlMe0cmo8LieQDvVcsiu6iWAr2PUZdSF5eMI=
20:23:30.554 [Expansion Quests] Quest with ID=61501 is not a a valid achievement or auto start quest. Skip quest for player with UID=1OEPy6aKlMe0cmo8LieQDvVcsiu6iWAr2PUZdSF5eMI=
20:23:30.554 [Expansion Quests] Quest with ID=61502 is not a a valid achievement or auto start quest. Skip quest for player with UID=1OEPy6aKlMe0cmo8LieQDvVcsiu6iWAr2PUZdSF5eMI=
20:23:30.554 [Expansion Quests] Sending 1OEPy6aKlMe0cmo8LieQDvVcsiu6iWAr2PUZdSF5eMI= quest configs to client for player with UID=1OEPy6aKlMe0cmo8LieQDvVcsiu6iWAr2PUZdSF5eMI=
20:23:30.554 [Expansion Quests] Sending player quest data for 12 quests to player with UID=1OEPy6aKlMe0cmo8LieQDvVcsiu6iWAr2PUZdSF5eMI=
20:23:30.562 [AI Object Patrol 00037] Spawning 1 WaterPump_Tier0 (Raiders) bots at <8587.541016, 194.444946, 11930.866211>
20:23:30.570 [AI Object Patrol 00037] Global patrol count: 1
20:23:30.570 [AI Object Patrol 00068] Spawning 1 WaterPump_Tier0 (Raiders) bots at <9970.586914, 154.424911, 10393.668945>
20:23:30.585 [AI Object Patrol 00068] Global patrol count: 2
20:23:30.585 [AI Patrol 00105] Spawning 1 Gvozdno_Tier2 (Raiders) bots at <9508.678711, 239.862244, 11750.749023>
20:23:30.601 [AI Patrol 00105] Global patrol count: 3
20:23:30.601 [AI Object Patrol 00179] Spawning 1 WaterPump_Tier0 (Raiders) bots at <8199.576172, 180.836060, 11585.081055>
20:23:30.609 [AI Object Patrol 00179] Global patrol count: 4
20:23:31.445 [Expansion Quests] - LoadGroupQuestData - Got cached group quest data for group with ID=1
20:24:39.593 [AI Patrol 00114] Spawning 1 Drozhino_Tier2RR (Raiders) bots at <3458.882080, 255.189514, 5026.231445>
20:24:39.609 [AI Patrol 00114] Global patrol count: 5
20:24:39.609 [AI Patrol 00158] Spawning 8 West bots at <4762.339355, 311.352661, 5824.160156>
20:24:39.617 [AI Patrol 00158] Global patrol count: 6
20:24:39.617 [AI Patrol 00117] Spawning 2 Zelenogorsk_Tier2 (Raiders) bots at <2948.996094, 213.784515, 5209.214355>
20:24:39.632 [AI Patrol 00117] Global patrol count: 7
20:24:39.812 [Safezone] Player "Survivor" (id=1OEPy6aKlMe0cmo8LieQDvVcsiu6iWAr2PUZdSF5eMI= pos=<3726.737549, 401.497467, 6013.203613>) Entered the safezone
20:25:31.789 [MissionAirdrop] An airdrop is heading towards "Novy Sobor" (pos=<7436.000000, 0.000000, 7720.000000> type=Random_Novy Sobor) with a ExpansionAirdropContainer
20:25:42.359 [Expansion Quests] Spawned objects from set for quest ID=2202 from file=$mission:expansion\quests\\objects\q2202.map
20:25:42.359 [Expansion Quests] Added new objective data for type=TRAVEL | Key=1OEPy6aKlMe0cmo8LieQDvVcsiu6iWAr2PUZdSF5eMI= | ID=1002
20:25:42.359 [Expansion Quests] Added new objective data for type=AIESCORT | Key=1OEPy6aKlMe0cmo8LieQDvVcsiu6iWAr2PUZdSF5eMI= | ID=501
20:25:42.367 [Expansion Quests] Updated and saved persistent player quest data for player with UID=1OEPy6aKlMe0cmo8LieQDvVcsiu6iWAr2PUZdSF5eMI= | Quest ID=2202
20:25:42.367 [Expansion Quests] Created new quest instance with instance key=1OEPy6aKlMe0cmo8LieQDvVcsiu6iWAr2PUZdSF5eMI= for quest with ID=2202
20:25:42.796 [Expansion Quests] Added new objective data for type=TRAVEL | Key=1OEPy6aKlMe0cmo8LieQDvVcsiu6iWAr2PUZdSF5eMI= | ID=1002
20:25:42.796 [Expansion Quests] Added new objective data for type=AIESCORT | Key=1OEPy6aKlMe0cmo8LieQDvVcsiu6iWAr2PUZdSF5eMI= | ID=501
20:25:42.796 [Expansion Quests] Updated and saved persistent player quest data for player with UID=1OEPy6aKlMe0cmo8LieQDvVcsiu6iWAr2PUZdSF5eMI= | Quest ID=2202
20:26:34.757 [AI Object Patrol 00028] Spawning 1 PoliceStation_Tier1 (Raiders) bots at <6000.875977, 267.029083, 10335.258789>
20:26:34.773 [AI Object Patrol 00028] Global patrol count: 8
20:26:34.773 [AI Object Patrol 00027] Spawning 1 WaterPump_Tier0 (Raiders) bots at <5957.919922, 267.368744, 10315.005859>
20:26:34.789 [AI Object Patrol 00027] Global patrol count: 9
20:26:34.789 [AI Patrol 00141] Spawning 2 Vybor_Tier3 (Raiders) bots at <4532.979492, 339.980957, 10643.041992>
20:26:34.804 [AI Patrol 00141] Global patrol count: 10
20:26:34.804 [AI Patrol 00142] Spawning 1 Vybor_Tier3 (Raiders) bots at <4681.301758, 339.596069, 10580.617188>
20:26:34.835 [AI Patrol 00142] Global patrol count: 11
20:26:34.835 [AI Object Patrol 00192] Spawning 1 QuestEnemyTier3 (Mercenaries) bots at <5340.413574, 261.287567, 11312.083008>
20:26:34.859 [AI Object Patrol 00192] Global patrol count: 12
20:26:34.859 [AI Object Patrol 00189] Spawning 1 QuestEnemyTier2 (Mercenaries) bots at <5321.623047, 257.809875, 11336.840820>
20:26:34.882 [AI Object Patrol 00189] Global patrol count: 13
20:26:34.882 [AI Object Patrol 00193] Spawning 1 QuestEnemyTier2 (Mercenaries) bots at <5345.485352, 260.956543, 11298.046875>
20:26:34.898 [AI Object Patrol 00193] Global patrol count: 14
20:26:34.898 [AI Object Patrol 00191] Spawning 1 QuestEnemyTier2 (Mercenaries) bots at <5339.546875, 261.259186, 11327.267578>
20:26:34.914 [AI Object Patrol 00191] Global patrol count: 15
20:26:34.914 [AI Object Patrol 00190] Spawning 1 QuestEnemyTier2 (Mercenaries) bots at <5348.899414, 257.766479, 11337.263672>
20:26:34.921 [AI Object Patrol 00190] Global patrol count: 16
20:26:45.781 [Safezone] Player "Survivor" (id=1OEPy6aKlMe0cmo8LieQDvVcsiu6iWAr2PUZdSF5eMI= pos=<5356.936523, 260.480865, 11314.062500>) Left the safezone
20:26:49.046 [Killfeed] AI Kaito (QuestEnemyTier3) был убит [Falco] Survivor с КАС-74У из 15 м расстояние.
20:26:52.429 [AI Object Patrol 00192] QuestEnemyTier3 (Mercenaries) bots were wiped out (spawn position <5340.413574, 261.287567, 11312.083008>, 1/1 deceased)
20:26:52.429 [AI Object Patrol 00192] Global patrol count: 15
20:26:56.757 [Killfeed] AI Denis (QuestEnemyTier2) был убит [Falco] Survivor с КАС-74У из 12 м расстояние.
20:26:57.718 [AI Object Patrol 00191] QuestEnemyTier2 (Mercenaries) bots were wiped out (spawn position <5339.546875, 261.259186, 11327.267578>, 1/1 deceased)
20:26:57.718 [AI Object Patrol 00191] Global patrol count: 14
20:27:13.351 [Expansion Quests] Added new objective data for type=TRAVEL | Key=1OEPy6aKlMe0cmo8LieQDvVcsiu6iWAr2PUZdSF5eMI= | ID=1002
20:27:13.351 [Expansion Quests] Added new objective data for type=AIESCORT | Key=1OEPy6aKlMe0cmo8LieQDvVcsiu6iWAr2PUZdSF5eMI= | ID=501
20:27:13.351 [Expansion Quests] Updated and saved persistent player quest data for player with UID=1OEPy6aKlMe0cmo8LieQDvVcsiu6iWAr2PUZdSF5eMI= | Quest ID=2202
20:27:23.320 [Expansion Quests] Added new objective data for type=TRAVEL | Key=1OEPy6aKlMe0cmo8LieQDvVcsiu6iWAr2PUZdSF5eMI= | ID=1002
20:27:23.320 [Expansion Quests] Added new objective data for type=AIESCORT | Key=1OEPy6aKlMe0cmo8LieQDvVcsiu6iWAr2PUZdSF5eMI= | ID=501
20:27:23.320 [Expansion Quests] Updated and saved persistent player quest data for player with UID=1OEPy6aKlMe0cmo8LieQDvVcsiu6iWAr2PUZdSF5eMI= | Quest ID=2202
20:27:25.085 [Killfeed] AI Linda (QuestEnemyTier2) был убит [Falco] Survivor с КАС-74У из 20 м расстояние.
20:27:27.703 [AI Object Patrol 00193] QuestEnemyTier2 (Mercenaries) bots were wiped out (spawn position <5345.485352, 260.956543, 11298.046875>, 1/1 deceased)
20:27:27.703 [AI Object Patrol 00193] Global patrol count: 13
20:27:33.312 [Expansion Quests] Added new objective data for type=TRAVEL | Key=1OEPy6aKlMe0cmo8LieQDvVcsiu6iWAr2PUZdSF5eMI= | ID=1002
20:27:33.312 [Expansion Quests] Added new objective data for type=AIESCORT | Key=1OEPy6aKlMe0cmo8LieQDvVcsiu6iWAr2PUZdSF5eMI= | ID=501
20:27:33.320 [Expansion Quests] Updated and saved persistent player quest data for player with UID=1OEPy6aKlMe0cmo8LieQDvVcsiu6iWAr2PUZdSF5eMI= | Quest ID=2202
20:27:43.312 [Expansion Quests] Added new objective data for type=TRAVEL | Key=1OEPy6aKlMe0cmo8LieQDvVcsiu6iWAr2PUZdSF5eMI= | ID=1002
20:27:43.312 [Expansion Quests] Added new objective data for type=AIESCORT | Key=1OEPy6aKlMe0cmo8LieQDvVcsiu6iWAr2PUZdSF5eMI= | ID=501
20:27:43.320 [Expansion Quests] Updated and saved persistent player quest data for player with UID=1OEPy6aKlMe0cmo8LieQDvVcsiu6iWAr2PUZdSF5eMI= | Quest ID=2202
20:27:53.000 [Killfeed] AI Peter (QuestEnemyTier2) был убит [Falco] Survivor с КАС-74У из 2 м расстояние.
20:27:53.320 [Expansion Quests] Added new objective data for type=TRAVEL | Key=1OEPy6aKlMe0cmo8LieQDvVcsiu6iWAr2PUZdSF5eMI= | ID=1002
20:27:53.320 [Expansion Quests] Added new objective data for type=AIESCORT | Key=1OEPy6aKlMe0cmo8LieQDvVcsiu6iWAr2PUZdSF5eMI= | ID=501
20:27:53.320 [Expansion Quests] Updated and saved persistent player quest data for player with UID=1OEPy6aKlMe0cmo8LieQDvVcsiu6iWAr2PUZdSF5eMI= | Quest ID=2202
20:27:57.648 [AI Object Patrol 00189] QuestEnemyTier2 (Mercenaries) bots were wiped out (spawn position <5321.623047, 257.809875, 11336.840820>, 1/1 deceased)
20:27:57.648 [AI Object Patrol 00189] Global patrol count: 12
20:28:03.320 [Expansion Quests] Added new objective data for type=TRAVEL | Key=1OEPy6aKlMe0cmo8LieQDvVcsiu6iWAr2PUZdSF5eMI= | ID=1002
20:28:03.320 [Expansion Quests] Added new objective data for type=AIESCORT | Key=1OEPy6aKlMe0cmo8LieQDvVcsiu6iWAr2PUZdSF5eMI= | ID=501
20:28:03.328 [Expansion Quests] Updated and saved persistent player quest data for player with UID=1OEPy6aKlMe0cmo8LieQDvVcsiu6iWAr2PUZdSF5eMI= | Quest ID=2202
20:28:13.320 [Expansion Quests] Added new objective data for type=TRAVEL | Key=1OEPy6aKlMe0cmo8LieQDvVcsiu6iWAr2PUZdSF5eMI= | ID=1002
20:28:13.320 [Expansion Quests] Added new objective data for type=AIESCORT | Key=1OEPy6aKlMe0cmo8LieQDvVcsiu6iWAr2PUZdSF5eMI= | ID=501
20:28:13.328 [Expansion Quests] Updated and saved persistent player quest data for player with UID=1OEPy6aKlMe0cmo8LieQDvVcsiu6iWAr2PUZdSF5eMI= | Quest ID=2202
20:28:23.320 [Expansion Quests] Added new objective data for type=TRAVEL | Key=1OEPy6aKlMe0cmo8LieQDvVcsiu6iWAr2PUZdSF5eMI= | ID=1002
20:28:23.320 [Expansion Quests] Added new objective data for type=AIESCORT | Key=1OEPy6aKlMe0cmo8LieQDvVcsiu6iWAr2PUZdSF5eMI= | ID=501
20:28:23.320 [Expansion Quests] Updated and saved persistent player quest data for player with UID=1OEPy6aKlMe0cmo8LieQDvVcsiu6iWAr2PUZdSF5eMI= | Quest ID=2202
20:28:33.320 [Expansion Quests] Added new objective data for type=TRAVEL | Key=1OEPy6aKlMe0cmo8LieQDvVcsiu6iWAr2PUZdSF5eMI= | ID=1002
20:28:33.320 [Expansion Quests] Added new objective data for type=AIESCORT | Key=1OEPy6aKlMe0cmo8LieQDvVcsiu6iWAr2PUZdSF5eMI= | ID=501
20:28:33.328 [Expansion Quests] Updated and saved persistent player quest data for player with UID=1OEPy6aKlMe0cmo8LieQDvVcsiu6iWAr2PUZdSF5eMI= | Quest ID=2202
20:28:43.320 [Expansion Quests] Added new objective data for type=TRAVEL | Key=1OEPy6aKlMe0cmo8LieQDvVcsiu6iWAr2PUZdSF5eMI= | ID=1002
20:28:43.320 [Expansion Quests] Added new objective data for type=AIESCORT | Key=1OEPy6aKlMe0cmo8LieQDvVcsiu6iWAr2PUZdSF5eMI= | ID=501
20:28:43.320 [Expansion Quests] Updated and saved persistent player quest data for player with UID=1OEPy6aKlMe0cmo8LieQDvVcsiu6iWAr2PUZdSF5eMI= | Quest ID=2202
20:28:53.320 [Expansion Quests] Added new objective data for type=TRAVEL | Key=1OEPy6aKlMe0cmo8LieQDvVcsiu6iWAr2PUZdSF5eMI= | ID=1002
20:28:53.320 [Expansion Quests] Added new objective data for type=AIESCORT | Key=1OEPy6aKlMe0cmo8LieQDvVcsiu6iWAr2PUZdSF5eMI= | ID=501
20:28:53.328 [Expansion Quests] Updated and saved persistent player quest data for player with UID=1OEPy6aKlMe0cmo8LieQDvVcsiu6iWAr2PUZdSF5eMI= | Quest ID=2202
20:29:03.320 [Expansion Quests] Added new objective data for type=TRAVEL | Key=1OEPy6aKlMe0cmo8LieQDvVcsiu6iWAr2PUZdSF5eMI= | ID=1002
20:29:03.320 [Expansion Quests] Added new objective data for type=AIESCORT | Key=1OEPy6aKlMe0cmo8LieQDvVcsiu6iWAr2PUZdSF5eMI= | ID=501
20:29:03.328 [Expansion Quests] Updated and saved persistent player quest data for player with UID=1OEPy6aKlMe0cmo8LieQDvVcsiu6iWAr2PUZdSF5eMI= | Quest ID=2202
20:29:13.320 [Expansion Quests] Added new objective data for type=TRAVEL | Key=1OEPy6aKlMe0cmo8LieQDvVcsiu6iWAr2PUZdSF5eMI= | ID=1002
20:29:13.320 [Expansion Quests] Added new objective data for type=AIESCORT | Key=1OEPy6aKlMe0cmo8LieQDvVcsiu6iWAr2PUZdSF5eMI= | ID=501
20:29:13.328 [Expansion Quests] Updated and saved persistent player quest data for player with UID=1OEPy6aKlMe0cmo8LieQDvVcsiu6iWAr2PUZdSF5eMI= | Quest ID=2202
20:29:23.320 [Expansion Quests] Added new objective data for type=TRAVEL | Key=1OEPy6aKlMe0cmo8LieQDvVcsiu6iWAr2PUZdSF5eMI= | ID=1002
20:29:23.320 [Expansion Quests] Added new objective data for type=AIESCORT | Key=1OEPy6aKlMe0cmo8LieQDvVcsiu6iWAr2PUZdSF5eMI= | ID=501
20:29:23.328 [Expansion Quests] Updated and saved persistent player quest data for player with UID=1OEPy6aKlMe0cmo8LieQDvVcsiu6iWAr2PUZdSF5eMI= | Quest ID=2202
20:29:33.320 [Expansion Quests] Added new objective data for type=TRAVEL | Key=1OEPy6aKlMe0cmo8LieQDvVcsiu6iWAr2PUZdSF5eMI= | ID=1002
20:29:33.320 [Expansion Quests] Added new objective data for type=AIESCORT | Key=1OEPy6aKlMe0cmo8LieQDvVcsiu6iWAr2PUZdSF5eMI= | ID=501
20:29:33.328 [Expansion Quests] Updated and saved persistent player quest data for player with UID=1OEPy6aKlMe0cmo8LieQDvVcsiu6iWAr2PUZdSF5eMI= | Quest ID=2202
20:29:41.164 [Killfeed] AI Gabi (QuestEnemyTier2) был убит [Falco] Survivor с КАС-74У из 31 м расстояние.
20:29:43.171 [AI Object Patrol 00190] QuestEnemyTier2 (Mercenaries) bots were wiped out (spawn position <5348.899414, 257.766479, 11337.263672>, 1/1 deceased)
20:29:43.171 [AI Object Patrol 00190] Global patrol count: 11
20:29:43.343 [Expansion Quests] Added new objective data for type=TRAVEL | Key=1OEPy6aKlMe0cmo8LieQDvVcsiu6iWAr2PUZdSF5eMI= | ID=1002
20:29:43.343 [Expansion Quests] Added new objective data for type=AIESCORT | Key=1OEPy6aKlMe0cmo8LieQDvVcsiu6iWAr2PUZdSF5eMI= | ID=501
20:29:43.343 [Expansion Quests] Updated and saved persistent player quest data for player with UID=1OEPy6aKlMe0cmo8LieQDvVcsiu6iWAr2PUZdSF5eMI= | Quest ID=2202
20:29:53.343 [Expansion Quests] Added new objective data for type=TRAVEL | Key=1OEPy6aKlMe0cmo8LieQDvVcsiu6iWAr2PUZdSF5eMI= | ID=1002
20:29:53.343 [Expansion Quests] Added new objective data for type=AIESCORT | Key=1OEPy6aKlMe0cmo8LieQDvVcsiu6iWAr2PUZdSF5eMI= | ID=501
20:29:53.343 [Expansion Quests] Updated and saved persistent player quest data for player with UID=1OEPy6aKlMe0cmo8LieQDvVcsiu6iWAr2PUZdSF5eMI= | Quest ID=2202
20:30:03.343 [Expansion Quests] Added new objective data for type=TRAVEL | Key=1OEPy6aKlMe0cmo8LieQDvVcsiu6iWAr2PUZdSF5eMI= | ID=1002
20:30:03.343 [Expansion Quests] Added new objective data for type=AIESCORT | Key=1OEPy6aKlMe0cmo8LieQDvVcsiu6iWAr2PUZdSF5eMI= | ID=501
20:30:03.343 [Expansion Quests] Updated and saved persistent player quest data for player with UID=1OEPy6aKlMe0cmo8LieQDvVcsiu6iWAr2PUZdSF5eMI= | Quest ID=2202
20:30:13.343 [Expansion Quests] Added new objective data for type=TRAVEL | Key=1OEPy6aKlMe0cmo8LieQDvVcsiu6iWAr2PUZdSF5eMI= | ID=1002
20:30:13.343 [Expansion Quests] Added new objective data for type=AIESCORT | Key=1OEPy6aKlMe0cmo8LieQDvVcsiu6iWAr2PUZdSF5eMI= | ID=501
20:30:13.343 [Expansion Quests] Updated and saved persistent player quest data for player with UID=1OEPy6aKlMe0cmo8LieQDvVcsiu6iWAr2PUZdSF5eMI= | Quest ID=2202
20:30:23.343 [Expansion Quests] Added new objective data for type=TRAVEL | Key=1OEPy6aKlMe0cmo8LieQDvVcsiu6iWAr2PUZdSF5eMI= | ID=1002
20:30:23.343 [Expansion Quests] Added new objective data for type=AIESCORT | Key=1OEPy6aKlMe0cmo8LieQDvVcsiu6iWAr2PUZdSF5eMI= | ID=501
20:30:23.343 [Expansion Quests] Updated and saved persistent player quest data for player with UID=1OEPy6aKlMe0cmo8LieQDvVcsiu6iWAr2PUZdSF5eMI= | Quest ID=2202
20:30:26.132 [Killfeed] AI Baty (WaterPump_Tier0) был убит AI Judy (PoliceStation_Tier1) с DT11 из 3 м расстояние.
20:30:27.898 [AI Object Patrol 00027] WaterPump_Tier0 (Raiders) bots were wiped out (spawn position <5957.919922, 267.368744, 10315.005859>, 1/1 deceased)
20:30:27.898 [AI Object Patrol 00027] Global patrol count: 10
20:30:33.343 [Expansion Quests] Added new objective data for type=TRAVEL | Key=1OEPy6aKlMe0cmo8LieQDvVcsiu6iWAr2PUZdSF5eMI= | ID=1002
20:30:33.343 [Expansion Quests] Added new objective data for type=AIESCORT | Key=1OEPy6aKlMe0cmo8LieQDvVcsiu6iWAr2PUZdSF5eMI= | ID=501
20:30:33.343 [Expansion Quests] Updated and saved persistent player quest data for player with UID=1OEPy6aKlMe0cmo8LieQDvVcsiu6iWAr2PUZdSF5eMI= | Quest ID=2202
20:30:43.343 [Expansion Quests] Added new objective data for type=TRAVEL | Key=1OEPy6aKlMe0cmo8LieQDvVcsiu6iWAr2PUZdSF5eMI= | ID=1002
20:30:43.343 [Expansion Quests] Added new objective data for type=AIESCORT | Key=1OEPy6aKlMe0cmo8LieQDvVcsiu6iWAr2PUZdSF5eMI= | ID=501
20:30:43.343 [Expansion Quests] Updated and saved persistent player quest data for player with UID=1OEPy6aKlMe0cmo8LieQDvVcsiu6iWAr2PUZdSF5eMI= | Quest ID=2202
20:30:53.343 [Expansion Quests] Added new objective data for type=TRAVEL | Key=1OEPy6aKlMe0cmo8LieQDvVcsiu6iWAr2PUZdSF5eMI= | ID=1002
20:30:53.343 [Expansion Quests] Added new objective data for type=AIESCORT | Key=1OEPy6aKlMe0cmo8LieQDvVcsiu6iWAr2PUZdSF5eMI= | ID=501
20:30:53.343 [Expansion Quests] Updated and saved persistent player quest data for player with UID=1OEPy6aKlMe0cmo8LieQDvVcsiu6iWAr2PUZdSF5eMI= | Quest ID=2202
20:31:03.343 [Expansion Quests] Added new objective data for type=TRAVEL | Key=1OEPy6aKlMe0cmo8LieQDvVcsiu6iWAr2PUZdSF5eMI= | ID=1002
20:31:03.343 [Expansion Quests] Added new objective data for type=AIESCORT | Key=1OEPy6aKlMe0cmo8LieQDvVcsiu6iWAr2PUZdSF5eMI= | ID=501
20:31:03.343 [Expansion Quests] Updated and saved persistent player quest data for player with UID=1OEPy6aKlMe0cmo8LieQDvVcsiu6iWAr2PUZdSF5eMI= | Quest ID=2202
20:31:13.343 [Expansion Quests] Added new objective data for type=TRAVEL | Key=1OEPy6aKlMe0cmo8LieQDvVcsiu6iWAr2PUZdSF5eMI= | ID=1002
20:31:13.343 [Expansion Quests] Added new objective data for type=AIESCORT | Key=1OEPy6aKlMe0cmo8LieQDvVcsiu6iWAr2PUZdSF5eMI= | ID=501
20:31:13.343 [Expansion Quests] Updated and saved persistent player quest data for player with UID=1OEPy6aKlMe0cmo8LieQDvVcsiu6iWAr2PUZdSF5eMI= | Quest ID=2202
20:31:23.343 [Expansion Quests] Added new objective data for type=TRAVEL | Key=1OEPy6aKlMe0cmo8LieQDvVcsiu6iWAr2PUZdSF5eMI= | ID=1002
20:31:23.343 [Expansion Quests] Added new objective data for type=AIESCORT | Key=1OEPy6aKlMe0cmo8LieQDvVcsiu6iWAr2PUZdSF5eMI= | ID=501
20:31:23.343 [Expansion Quests] Updated and saved persistent player quest data for player with UID=1OEPy6aKlMe0cmo8LieQDvVcsiu6iWAr2PUZdSF5eMI= | Quest ID=2202
20:31:33.343 [Expansion Quests] Added new objective data for type=TRAVEL | Key=1OEPy6aKlMe0cmo8LieQDvVcsiu6iWAr2PUZdSF5eMI= | ID=1002
20:31:33.343 [Expansion Quests] Added new objective data for type=AIESCORT | Key=1OEPy6aKlMe0cmo8LieQDvVcsiu6iWAr2PUZdSF5eMI= | ID=501
20:31:33.343 [Expansion Quests] Updated and saved persistent player quest data for player with UID=1OEPy6aKlMe0cmo8LieQDvVcsiu6iWAr2PUZdSF5eMI= | Quest ID=2202
20:31:43.343 [Expansion Quests] Added new objective data for type=TRAVEL | Key=1OEPy6aKlMe0cmo8LieQDvVcsiu6iWAr2PUZdSF5eMI= | ID=1002
20:31:43.343 [Expansion Quests] Added new objective data for type=AIESCORT | Key=1OEPy6aKlMe0cmo8LieQDvVcsiu6iWAr2PUZdSF5eMI= | ID=501
20:31:43.343 [Expansion Quests] Updated and saved persistent player quest data for player with UID=1OEPy6aKlMe0cmo8LieQDvVcsiu6iWAr2PUZdSF5eMI= | Quest ID=2202
20:31:53.343 [Expansion Quests] Added new objective data for type=TRAVEL | Key=1OEPy6aKlMe0cmo8LieQDvVcsiu6iWAr2PUZdSF5eMI= | ID=1002
20:31:53.343 [Expansion Quests] Added new objective data for type=AIESCORT | Key=1OEPy6aKlMe0cmo8LieQDvVcsiu6iWAr2PUZdSF5eMI= | ID=501
20:31:53.343 [Expansion Quests] Updated and saved persistent player quest data for player with UID=1OEPy6aKlMe0cmo8LieQDvVcsiu6iWAr2PUZdSF5eMI= | Quest ID=2202
20:32:03.343 [Expansion Quests] Added new objective data for type=TRAVEL | Key=1OEPy6aKlMe0cmo8LieQDvVcsiu6iWAr2PUZdSF5eMI= | ID=1002
20:32:03.343 [Expansion Quests] Added new objective data for type=AIESCORT | Key=1OEPy6aKlMe0cmo8LieQDvVcsiu6iWAr2PUZdSF5eMI= | ID=501
20:32:03.343 [Expansion Quests] Updated and saved persistent player quest data for player with UID=1OEPy6aKlMe0cmo8LieQDvVcsiu6iWAr2PUZdSF5eMI= | Quest ID=2202
20:32:13.343 [Expansion Quests] Added new objective data for type=TRAVEL | Key=1OEPy6aKlMe0cmo8LieQDvVcsiu6iWAr2PUZdSF5eMI= | ID=1002
20:32:13.343 [Expansion Quests] Added new objective data for type=AIESCORT | Key=1OEPy6aKlMe0cmo8LieQDvVcsiu6iWAr2PUZdSF5eMI= | ID=501
20:32:13.343 [Expansion Quests] Updated and saved persistent player quest data for player with UID=1OEPy6aKlMe0cmo8LieQDvVcsiu6iWAr2PUZdSF5eMI= | Quest ID=2202
20:32:20.281 [Safezone] Player "Survivor" (id=1OEPy6aKlMe0cmo8LieQDvVcsiu6iWAr2PUZdSF5eMI= pos=<3770.728516, 404.122650, 5948.098633>) Entered the safezone
20:32:23.343 [Expansion Quests] Added new objective data for type=TRAVEL | Key=1OEPy6aKlMe0cmo8LieQDvVcsiu6iWAr2PUZdSF5eMI= | ID=1002
20:32:23.343 [Expansion Quests] Added new objective data for type=AIESCORT | Key=1OEPy6aKlMe0cmo8LieQDvVcsiu6iWAr2PUZdSF5eMI= | ID=501
20:32:23.343 [Expansion Quests] Updated and saved persistent player quest data for player with UID=1OEPy6aKlMe0cmo8LieQDvVcsiu6iWAr2PUZdSF5eMI= | Quest ID=2202
20:32:33.343 [Expansion Quests] Added new objective data for type=TRAVEL | Key=1OEPy6aKlMe0cmo8LieQDvVcsiu6iWAr2PUZdSF5eMI= | ID=1002
20:32:33.343 [Expansion Quests] Added new objective data for type=AIESCORT | Key=1OEPy6aKlMe0cmo8LieQDvVcsiu6iWAr2PUZdSF5eMI= | ID=501
20:32:33.343 [Expansion Quests] Updated and saved persistent player quest data for player with UID=1OEPy6aKlMe0cmo8LieQDvVcsiu6iWAr2PUZdSF5eMI= | Quest ID=2202
20:32:34.187 [Expansion Quests] Updated and saved persistent player quest data for player with UID=1OEPy6aKlMe0cmo8LieQDvVcsiu6iWAr2PUZdSF5eMI= | Quest ID=2202
20:32:34.187 [Expansion Quests] Player with UID=1OEPy6aKlMe0cmo8LieQDvVcsiu6iWAr2PUZdSF5eMI= has cancelled quest with ID=2202. State=STARTED
20:32:34.195 [AI Object Patrol 00189] Despawning 0 QuestEnemyTier2 (Mercenaries) bots (spawn position <5342.131836, 259.398926, 11336.951172>, 1/1 deceased)
20:32:34.195 [AI Object Patrol 00190] Despawning 0 QuestEnemyTier2 (Mercenaries) bots (spawn position <5343.329590, 253.243591, 11349.778320>, 1/1 deceased)
20:32:34.195 [AI Object Patrol 00191] Despawning 0 QuestEnemyTier2 (Mercenaries) bots (spawn position <5334.569824, 260.556885, 11333.184570>, 1/1 deceased)
20:32:34.195 [AI Object Patrol 00192] Despawning 0 QuestEnemyTier3 (Mercenaries) bots (spawn position <5340.413574, 261.287567, 11312.083008>, 1/1 deceased)
20:32:34.195 [AI Object Patrol 00193] Despawning 0 QuestEnemyTier2 (Mercenaries) bots (spawn position <5340.447266, 260.998016, 11317.590820>, 1/1 deceased)
20:34:37.046 [AI Object Patrol 00179] Despawning 1 WaterPump_Tier0 (Raiders) bots (spawn position <8199.576172, 180.836060, 11585.081055>, 0/1 deceased)
20:34:37.046 [AI Object Patrol 00179] Global patrol count: 9
20:34:37.406 [AI Object Patrol 00037] Despawning 1 WaterPump_Tier0 (Raiders) bots (spawn position <8587.541016, 194.444946, 11930.866211>, 0/1 deceased)
20:34:37.406 [AI Object Patrol 00037] Global patrol count: 8
20:34:37.695 [AI Patrol 00105] Despawning 1 Gvozdno_Tier2 (Raiders) bots (spawn position <9508.678711, 239.862244, 11750.749023>, 0/1 deceased)
20:34:37.695 [AI Patrol 00105] Global patrol count: 7
20:34:38.851 [AI Object Patrol 00068] Despawning 1 WaterPump_Tier0 (Raiders) bots (spawn position <9970.586914, 154.424911, 10393.668945>, 0/1 deceased)
20:34:38.851 [AI Object Patrol 00068] Global patrol count: 6
20:36:32.484 [AI Patrol 00117] Despawning 2 Zelenogorsk_Tier2 (Raiders) bots (spawn position <2948.996094, 213.784515, 5209.214355>, 0/2 deceased)
20:36:32.484 [AI Patrol 00117] Global patrol count: 5
20:37:12.062 [AI Patrol 00114] Despawning 1 Drozhino_Tier2RR (Raiders) bots (spawn position <3458.882080, 255.189514, 5026.231445>, 0/1 deceased)
20:37:12.062 [AI Patrol 00114] Global patrol count: 4
20:42:16.906 [AI Patrol 00141] Despawning 2 Vybor_Tier3 (Raiders) bots (spawn position <4532.979492, 339.980957, 10643.041992>, 0/2 deceased)
20:42:16.906 [AI Patrol 00141] Global patrol count: 3
20:42:16.953 [AI Patrol 00142] Despawning 1 Vybor_Tier3 (Raiders) bots (spawn position <4681.301758, 339.596069, 10580.617188>, 0/1 deceased)
20:42:16.953 [AI Patrol 00142] Global patrol count: 2
20:42:17.117 [AI Object Patrol 00028] Despawning 1 PoliceStation_Tier1 (Raiders) bots (spawn position <6000.875977, 267.029083, 10335.258789>, 0/1 deceased)
20:42:17.117 [AI Object Patrol 00028] Global patrol count: 1
21:05:24.625 [Party] Player "Survivor" (id=1OEPy6aKlMe0cmo8LieQDvVcsiu6iWAr2PUZdSF5eMI=) left the party "Falcon Resolute" (id=1 ownerUID=z63osPRVUnS8pzWmaenLtvu6c2gVxwL4gvA4elWPF5w= ownerName=Survivor (2))
21:09:37.585 [AI Patrol 00158] Despawning 8 West bots (spawn position <4762.339355, 311.352661, 5824.160156>, 0/8 deceased)
21:09:37.585 [AI Patrol 00158] Global patrol count: 0
