15:31:56.968 [Safezone] Player "acey" (id=zc8VdK3LmE4uE8VdKbx2bOGlKghmh6pN2ye-63D6kCk= pos=<11844.651367, 140.605072, 12462.953125>) Entered the safezone
15:31:56.968 [Party] Player "acey" (id=zc8VdK3LmE4uE8VdKbx2bOGlKghmh6pN2ye-63D6kCk=) joinded the party "Zenith Resolute" (id=0 ownerUID=zc8VdK3LmE4uE8VdKbx2bOGlKghmh6pN2ye-63D6kCk= ownerName=acey)
15:31:56.968 [Expansion Quests] Initialize quest system on the connected client with UID=zc8VdK3LmE4uE8VdKbx2bOGlKghmh6pN2ye-63D6kCk=
15:31:57.023 [Expansion Quests] Loaded existing player quest data for player with UID=zc8VdK3LmE4uE8VdKbx2bOGlKghmh6pN2ye-63D6kCk=
15:31:57.023 [Expansion Quests] Loaded existing group quest data for group with ID=0
15:31:57.023 [Expansion Quests] Check quest initialization for quest with ID=6101 | State=COMPLETED | Player UID=zc8VdK3LmE4uE8VdKbx2bOGlKghmh6pN2ye-63D6kCk=
15:31:57.023 [Expansion Quests] Check quest initialization for quest with ID=61601 | State=STARTED | Player UID=zc8VdK3LmE4uE8VdKbx2bOGlKghmh6pN2ye-63D6kCk=
15:31:57.023 [Expansion Quests] Create new quest instance for quest with ID=61601 | Player UID=zc8VdK3LmE4uE8VdKbx2bOGlKghmh6pN2ye-63D6kCk=
15:31:57.027 [Expansion Quests] Check quest initialization for quest with ID=6401 | State=COMPLETED | Player UID=zc8VdK3LmE4uE8VdKbx2bOGlKghmh6pN2ye-63D6kCk=
15:31:57.027 [Expansion Quests] Check quest initialization for quest with ID=6501 | State=COMPLETED | Player UID=zc8VdK3LmE4uE8VdKbx2bOGlKghmh6pN2ye-63D6kCk=
15:31:57.027 [Expansion Quests] Check quest initialization for quest with ID=8 | State=STARTED | Player UID=zc8VdK3LmE4uE8VdKbx2bOGlKghmh6pN2ye-63D6kCk=
15:31:57.027 [Expansion Quests] Create new quest instance for quest with ID=8 | Player UID=zc8VdK3LmE4uE8VdKbx2bOGlKghmh6pN2ye-63D6kCk=
15:31:57.027 [Expansion Quests] Check quest initialization for quest with ID=9 | State=COMPLETED | Player UID=zc8VdK3LmE4uE8VdKbx2bOGlKghmh6pN2ye-63D6kCk=
15:31:57.027 [Expansion Quests] Check quest initialization for quest with ID=11 | State=STARTED | Player UID=zc8VdK3LmE4uE8VdKbx2bOGlKghmh6pN2ye-63D6kCk=
15:31:57.027 [Expansion Quests] Create new quest instance for quest with ID=11 | Player UID=zc8VdK3LmE4uE8VdKbx2bOGlKghmh6pN2ye-63D6kCk=
15:31:57.027 [Expansion Quests] Check quest initialization for quest with ID=6701 | State=COMPLETED | Player UID=zc8VdK3LmE4uE8VdKbx2bOGlKghmh6pN2ye-63D6kCk=
15:31:57.027 [Expansion Quests] Check quest initialization for quest with ID=14 | State=COMPLETED | Player UID=zc8VdK3LmE4uE8VdKbx2bOGlKghmh6pN2ye-63D6kCk=
15:31:57.027 [Expansion Quests] Check quest initialization for quest with ID=61001 | State=COMPLETED | Player UID=zc8VdK3LmE4uE8VdKbx2bOGlKghmh6pN2ye-63D6kCk=
15:31:57.027 [Expansion Quests] Check quest initialization for quest with ID=6901 | State=COMPLETED | Player UID=zc8VdK3LmE4uE8VdKbx2bOGlKghmh6pN2ye-63D6kCk=
15:31:57.027 [Expansion Quests] Check quest initialization for quest with ID=61301 | State=NONE | Player UID=zc8VdK3LmE4uE8VdKbx2bOGlKghmh6pN2ye-63D6kCk=
15:31:57.027 [Expansion Quests] Check quest initialization for quest with ID=61801 | State=STARTED | Player UID=zc8VdK3LmE4uE8VdKbx2bOGlKghmh6pN2ye-63D6kCk=
15:31:57.027 [Expansion Quests] Create new quest instance for quest with ID=61801 | Player UID=zc8VdK3LmE4uE8VdKbx2bOGlKghmh6pN2ye-63D6kCk=
15:31:57.027 [Expansion Quests] Quest with ID=1 is not a a valid achievement or auto start quest. Skip quest for player with UID=zc8VdK3LmE4uE8VdKbx2bOGlKghmh6pN2ye-63D6kCk=
15:31:57.027 [Expansion Quests] Quest with ID=2 is not a a valid achievement or auto start quest. Skip quest for player with UID=zc8VdK3LmE4uE8VdKbx2bOGlKghmh6pN2ye-63D6kCk=
15:31:57.027 [Expansion Quests] Quest with ID=3 is not a a valid achievement or auto start quest. Skip quest for player with UID=zc8VdK3LmE4uE8VdKbx2bOGlKghmh6pN2ye-63D6kCk=
15:31:57.027 [Expansion Quests] Quest with ID=4 is not a a valid achievement or auto start quest. Skip quest for player with UID=zc8VdK3LmE4uE8VdKbx2bOGlKghmh6pN2ye-63D6kCk=
15:31:57.027 [Expansion Quests] Quest with ID=5 is not a a valid achievement or auto start quest. Skip quest for player with UID=zc8VdK3LmE4uE8VdKbx2bOGlKghmh6pN2ye-63D6kCk=
15:31:57.027 [Expansion Quests] Quest with ID=6 is not a a valid achievement or auto start quest. Skip quest for player with UID=zc8VdK3LmE4uE8VdKbx2bOGlKghmh6pN2ye-63D6kCk=
15:31:57.027 [Expansion Quests] Quest with ID=6401 is not a a valid achievement or auto start quest. Skip quest for player with UID=zc8VdK3LmE4uE8VdKbx2bOGlKghmh6pN2ye-63D6kCk=
15:31:57.031 [Expansion Quests] Quest with ID=301 is not a a valid achievement or auto start quest. Skip quest for player with UID=zc8VdK3LmE4uE8VdKbx2bOGlKghmh6pN2ye-63D6kCk=
15:31:57.031 [Expansion Quests] Quest with ID=10 is not a a valid achievement or auto start quest. Skip quest for player with UID=zc8VdK3LmE4uE8VdKbx2bOGlKghmh6pN2ye-63D6kCk=
15:31:57.031 [Expansion Quests] Quest with ID=12 is not a a valid achievement or auto start quest. Skip quest for player with UID=zc8VdK3LmE4uE8VdKbx2bOGlKghmh6pN2ye-63D6kCk=
15:31:57.031 [Expansion Quests] Quest with ID=13 is not a a valid achievement or auto start quest. Skip quest for player with UID=zc8VdK3LmE4uE8VdKbx2bOGlKghmh6pN2ye-63D6kCk=
15:31:57.031 [Expansion Quests] Quest with ID=15 is not a a valid achievement or auto start quest. Skip quest for player with UID=zc8VdK3LmE4uE8VdKbx2bOGlKghmh6pN2ye-63D6kCk=
15:31:57.031 [Expansion Quests] Quest with ID=16 is not a a valid achievement or auto start quest. Skip quest for player with UID=zc8VdK3LmE4uE8VdKbx2bOGlKghmh6pN2ye-63D6kCk=
15:31:57.031 [Expansion Quests] Quest with ID=17 is not a a valid achievement or auto start quest. Skip quest for player with UID=zc8VdK3LmE4uE8VdKbx2bOGlKghmh6pN2ye-63D6kCk=
15:31:57.031 [Expansion Quests] Quest with ID=18 is not a a valid achievement or auto start quest. Skip quest for player with UID=zc8VdK3LmE4uE8VdKbx2bOGlKghmh6pN2ye-63D6kCk=
15:31:57.031 [Expansion Quests] Quest with ID=19 is not a a valid achievement or auto start quest. Skip quest for player with UID=zc8VdK3LmE4uE8VdKbx2bOGlKghmh6pN2ye-63D6kCk=
15:31:57.031 [Expansion Quests] Quest with ID=20 is not a a valid achievement or auto start quest. Skip quest for player with UID=zc8VdK3LmE4uE8VdKbx2bOGlKghmh6pN2ye-63D6kCk=
15:31:57.031 [Expansion Quests] Quest with ID=21 is not a a valid achievement or auto start quest. Skip quest for player with UID=zc8VdK3LmE4uE8VdKbx2bOGlKghmh6pN2ye-63D6kCk=
15:31:57.031 [Expansion Quests] Quest with ID=22 is not a a valid achievement or auto start quest. Skip quest for player with UID=zc8VdK3LmE4uE8VdKbx2bOGlKghmh6pN2ye-63D6kCk=
15:31:57.031 [Expansion Quests] Quest with ID=23 is not a a valid achievement or auto start quest. Skip quest for player with UID=zc8VdK3LmE4uE8VdKbx2bOGlKghmh6pN2ye-63D6kCk=
15:31:57.031 [Expansion Quests] Quest with ID=26 is not a a valid achievement or auto start quest. Skip quest for player with UID=zc8VdK3LmE4uE8VdKbx2bOGlKghmh6pN2ye-63D6kCk=
15:31:57.031 [Expansion Quests] Quest with ID=61701 is not a a valid achievement or auto start quest. Skip quest for player with UID=zc8VdK3LmE4uE8VdKbx2bOGlKghmh6pN2ye-63D6kCk=
15:31:57.031 [Expansion Quests] Quest with ID=28 is not a a valid achievement or auto start quest. Skip quest for player with UID=zc8VdK3LmE4uE8VdKbx2bOGlKghmh6pN2ye-63D6kCk=
15:31:57.031 [Expansion Quests] Quest with ID=6301 is not a a valid achievement or auto start quest. Skip quest for player with UID=zc8VdK3LmE4uE8VdKbx2bOGlKghmh6pN2ye-63D6kCk=
15:31:57.031 [Expansion Quests] Quest with ID=31 is not a a valid achievement or auto start quest. Skip quest for player with UID=zc8VdK3LmE4uE8VdKbx2bOGlKghmh6pN2ye-63D6kCk=
15:31:57.031 [Expansion Quests] Quest with ID=7 is not a a valid achievement or auto start quest. Skip quest for player with UID=zc8VdK3LmE4uE8VdKbx2bOGlKghmh6pN2ye-63D6kCk=
15:31:57.031 [Expansion Quests] Quest with ID=6701 is not a a valid achievement or auto start quest. Skip quest for player with UID=zc8VdK3LmE4uE8VdKbx2bOGlKghmh6pN2ye-63D6kCk=
15:31:57.031 [Expansion Quests] Quest with ID=6501 is not a a valid achievement or auto start quest. Skip quest for player with UID=zc8VdK3LmE4uE8VdKbx2bOGlKghmh6pN2ye-63D6kCk=
15:31:57.031 [Expansion Quests] Quest with ID=62001 is not a a valid achievement or auto start quest. Skip quest for player with UID=zc8VdK3LmE4uE8VdKbx2bOGlKghmh6pN2ye-63D6kCk=
15:31:57.031 [Expansion Quests] Quest with ID=6801 is not a a valid achievement or auto start quest. Skip quest for player with UID=zc8VdK3LmE4uE8VdKbx2bOGlKghmh6pN2ye-63D6kCk=
15:31:57.035 [Expansion Quests] Quest with ID=402 is not a a valid achievement or auto start quest. Skip quest for player with UID=zc8VdK3LmE4uE8VdKbx2bOGlKghmh6pN2ye-63D6kCk=
15:31:57.035 [Expansion Quests] Quest with ID=6201 is not a a valid achievement or auto start quest. Skip quest for player with UID=zc8VdK3LmE4uE8VdKbx2bOGlKghmh6pN2ye-63D6kCk=
15:31:57.035 [Expansion Quests] Quest with ID=6202 is not a a valid achievement or auto start quest. Skip quest for player with UID=zc8VdK3LmE4uE8VdKbx2bOGlKghmh6pN2ye-63D6kCk=
15:31:57.035 [Expansion Quests] Quest with ID=61501 is not a a valid achievement or auto start quest. Skip quest for player with UID=zc8VdK3LmE4uE8VdKbx2bOGlKghmh6pN2ye-63D6kCk=
15:31:57.035 [Expansion Quests] Quest with ID=201 is not a a valid achievement or auto start quest. Skip quest for player with UID=zc8VdK3LmE4uE8VdKbx2bOGlKghmh6pN2ye-63D6kCk=
15:31:57.035 [Expansion Quests] Quest with ID=202 is not a a valid achievement or auto start quest. Skip quest for player with UID=zc8VdK3LmE4uE8VdKbx2bOGlKghmh6pN2ye-63D6kCk=
15:31:57.035 [Expansion Quests] Quest with ID=203 is not a a valid achievement or auto start quest. Skip quest for player with UID=zc8VdK3LmE4uE8VdKbx2bOGlKghmh6pN2ye-63D6kCk=
15:31:57.035 [Expansion Quests] Quest with ID=61901 is not a a valid achievement or auto start quest. Skip quest for player with UID=zc8VdK3LmE4uE8VdKbx2bOGlKghmh6pN2ye-63D6kCk=
15:31:57.035 [Expansion Quests] Quest with ID=61902 is not a a valid achievement or auto start quest. Skip quest for player with UID=zc8VdK3LmE4uE8VdKbx2bOGlKghmh6pN2ye-63D6kCk=
15:31:57.035 [Expansion Quests] Quest with ID=6101 is not a a valid achievement or auto start quest. Skip quest for player with UID=zc8VdK3LmE4uE8VdKbx2bOGlKghmh6pN2ye-63D6kCk=
15:31:57.035 [Expansion Quests] Quest with ID=401 is not a a valid achievement or auto start quest. Skip quest for player with UID=zc8VdK3LmE4uE8VdKbx2bOGlKghmh6pN2ye-63D6kCk=
15:31:57.035 [Expansion Quests] Quest with ID=29 is not a a valid achievement or auto start quest. Skip quest for player with UID=zc8VdK3LmE4uE8VdKbx2bOGlKghmh6pN2ye-63D6kCk=
15:31:57.035 [Expansion Quests] Quest with ID=61401 is not a a valid achievement or auto start quest. Skip quest for player with UID=zc8VdK3LmE4uE8VdKbx2bOGlKghmh6pN2ye-63D6kCk=
15:31:57.035 [Expansion Quests] Quest with ID=6601 is not a a valid achievement or auto start quest. Skip quest for player with UID=zc8VdK3LmE4uE8VdKbx2bOGlKghmh6pN2ye-63D6kCk=
15:31:57.035 [Expansion Quests] Quest with ID=61301 is not a a valid achievement or auto start quest. Skip quest for player with UID=zc8VdK3LmE4uE8VdKbx2bOGlKghmh6pN2ye-63D6kCk=
15:31:57.035 [Expansion Quests] Quest with ID=61101 is not a a valid achievement or auto start quest. Skip quest for player with UID=zc8VdK3LmE4uE8VdKbx2bOGlKghmh6pN2ye-63D6kCk=
15:31:57.035 [Expansion Quests] Quest with ID=101 is not a a valid achievement or auto start quest. Skip quest for player with UID=zc8VdK3LmE4uE8VdKbx2bOGlKghmh6pN2ye-63D6kCk=
15:31:57.035 [Expansion Quests] Quest with ID=102 is not a a valid achievement or auto start quest. Skip quest for player with UID=zc8VdK3LmE4uE8VdKbx2bOGlKghmh6pN2ye-63D6kCk=
15:31:57.035 [Expansion Quests] Quest with ID=61001 is not a a valid achievement or auto start quest. Skip quest for player with UID=zc8VdK3LmE4uE8VdKbx2bOGlKghmh6pN2ye-63D6kCk=
15:31:57.035 [Expansion Quests] Quest with ID=6901 is not a a valid achievement or auto start quest. Skip quest for player with UID=zc8VdK3LmE4uE8VdKbx2bOGlKghmh6pN2ye-63D6kCk=
15:31:57.039 [Expansion Quests] Quest with ID=61201 is not a a valid achievement or auto start quest. Skip quest for player with UID=zc8VdK3LmE4uE8VdKbx2bOGlKghmh6pN2ye-63D6kCk=
15:31:57.039 [Expansion Quests] Sending zc8VdK3LmE4uE8VdKbx2bOGlKghmh6pN2ye-63D6kCk= quest configs to client for player with UID=zc8VdK3LmE4uE8VdKbx2bOGlKghmh6pN2ye-63D6kCk=
15:31:57.039 [Expansion Quests] Sending player quest data for 13 quests to player with UID=zc8VdK3LmE4uE8VdKbx2bOGlKghmh6pN2ye-63D6kCk=
15:31:57.046 [AI Object Patrol 00037] Spawning 1 Ordinary_Raiders (Raiders) bots at <11006.749023, 226.466904, 12420.684570>
15:31:57.058 [AI Object Patrol 00037] Global patrol count: 1
15:31:57.058 [AI Object Patrol 00039] Spawning 2 PoliceStationScavs_Tier_1 (Raiders) bots at <11083.721680, 226.439148, 12477.821289>
15:31:57.078 [AI Object Patrol 00039] Global patrol count: 2
15:31:57.078 [AI Patrol 00085] Spawning 3 Ordinary_Scavengers_Tier_1(Krasnostav) (Raiders) bots at <11181.122070, 202.379272, 12398.294922>
15:31:57.093 [AI Patrol 00085] Global patrol count: 3
15:31:57.414 [Expansion Quests] Added new objective data for type=TRAVEL | Key=zc8VdK3LmE4uE8VdKbx2bOGlKghmh6pN2ye-63D6kCk= | ID=1301
15:31:57.414 [Expansion Quests] Added new objective data for type=TRAVEL | Key=zc8VdK3LmE4uE8VdKbx2bOGlKghmh6pN2ye-63D6kCk= | ID=1302
15:31:57.417 [Expansion Quests] Added new objective data for type=TRAVEL | Key=zc8VdK3LmE4uE8VdKbx2bOGlKghmh6pN2ye-63D6kCk= | ID=1303
15:31:57.417 [Expansion Quests] Added new objective data for type=DELIVERY | Key=zc8VdK3LmE4uE8VdKbx2bOGlKghmh6pN2ye-63D6kCk= | ID=401
15:31:57.421 [Expansion Quests] Updated and saved persistent player quest data for player with UID=zc8VdK3LmE4uE8VdKbx2bOGlKghmh6pN2ye-63D6kCk= | Quest ID=61801
15:31:57.859 [Expansion Quests] - LoadGroupQuestData - Got cached group quest data for group with ID=0
15:32:03.183 [Safezone] Player "Da da Ya" (id=1OEPy6aKlMe0cmo8LieQDvVcsiu6iWAr2PUZdSF5eMI= pos=<11836.688477, 140.605057, 12473.096680>) Entered the safezone
15:32:03.207 [Party] Player "Da da Ya" (id=1OEPy6aKlMe0cmo8LieQDvVcsiu6iWAr2PUZdSF5eMI=) joinded the party "Zenith Resolute" (id=0 ownerUID=zc8VdK3LmE4uE8VdKbx2bOGlKghmh6pN2ye-63D6kCk= ownerName=acey)
15:32:03.207 [Expansion Quests] Initialize quest system on the connected client with UID=1OEPy6aKlMe0cmo8LieQDvVcsiu6iWAr2PUZdSF5eMI=
15:32:03.273 [Expansion Quests] Loaded existing player quest data for player with UID=1OEPy6aKlMe0cmo8LieQDvVcsiu6iWAr2PUZdSF5eMI=
15:32:03.273 [Expansion Quests] - LoadGroupQuestData - Got cached group quest data for group with ID=0
15:32:03.273 [Expansion Quests] Check quest initialization for quest with ID=6101 | State=COMPLETED | Player UID=1OEPy6aKlMe0cmo8LieQDvVcsiu6iWAr2PUZdSF5eMI=
15:32:03.273 [Expansion Quests] Check quest initialization for quest with ID=61601 | State=NONE | Player UID=1OEPy6aKlMe0cmo8LieQDvVcsiu6iWAr2PUZdSF5eMI=
15:32:03.273 [Expansion Quests] Check quest initialization for quest with ID=61902 | State=NONE | Player UID=1OEPy6aKlMe0cmo8LieQDvVcsiu6iWAr2PUZdSF5eMI=
15:32:03.273 [Expansion Quests] Check quest initialization for quest with ID=6501 | State=COMPLETED | Player UID=1OEPy6aKlMe0cmo8LieQDvVcsiu6iWAr2PUZdSF5eMI=
15:32:03.277 [Expansion Quests] Check quest initialization for quest with ID=8 | State=STARTED | Player UID=1OEPy6aKlMe0cmo8LieQDvVcsiu6iWAr2PUZdSF5eMI=
15:32:03.277 [Expansion Quests] Create new quest instance for quest with ID=8 | Player UID=1OEPy6aKlMe0cmo8LieQDvVcsiu6iWAr2PUZdSF5eMI=
15:32:03.277 [Expansion Quests] Check quest initialization for quest with ID=61001 | State=COMPLETED | Player UID=1OEPy6aKlMe0cmo8LieQDvVcsiu6iWAr2PUZdSF5eMI=
15:32:03.277 [Expansion Quests] Check quest initialization for quest with ID=11 | State=STARTED | Player UID=1OEPy6aKlMe0cmo8LieQDvVcsiu6iWAr2PUZdSF5eMI=
15:32:03.277 [Expansion Quests] Create new quest instance for quest with ID=11 | Player UID=1OEPy6aKlMe0cmo8LieQDvVcsiu6iWAr2PUZdSF5eMI=
15:32:03.277 [Expansion Quests] Check quest initialization for quest with ID=61401 | State=NONE | Player UID=1OEPy6aKlMe0cmo8LieQDvVcsiu6iWAr2PUZdSF5eMI=
15:32:03.277 [Expansion Quests] Check quest initialization for quest with ID=61901 | State=NONE | Player UID=1OEPy6aKlMe0cmo8LieQDvVcsiu6iWAr2PUZdSF5eMI=
15:32:03.277 [Expansion Quests] Check quest initialization for quest with ID=14 | State=COMPLETED | Player UID=1OEPy6aKlMe0cmo8LieQDvVcsiu6iWAr2PUZdSF5eMI=
15:32:03.277 [Expansion Quests] Check quest initialization for quest with ID=61801 | State=NONE | Player UID=1OEPy6aKlMe0cmo8LieQDvVcsiu6iWAr2PUZdSF5eMI=
15:32:03.277 [Expansion Quests] Check quest initialization for quest with ID=61701 | State=NONE | Player UID=1OEPy6aKlMe0cmo8LieQDvVcsiu6iWAr2PUZdSF5eMI=
15:32:03.277 [Expansion Quests] Check quest initialization for quest with ID=6901 | State=COMPLETED | Player UID=1OEPy6aKlMe0cmo8LieQDvVcsiu6iWAr2PUZdSF5eMI=
15:32:03.277 [Expansion Quests] Check quest initialization for quest with ID=6201 | State=NONE | Player UID=1OEPy6aKlMe0cmo8LieQDvVcsiu6iWAr2PUZdSF5eMI=
15:32:03.277 [Expansion Quests] Check quest initialization for quest with ID=6202 | State=NONE | Player UID=1OEPy6aKlMe0cmo8LieQDvVcsiu6iWAr2PUZdSF5eMI=
15:32:03.277 [Expansion Quests] Check quest initialization for quest with ID=9 | State=COMPLETED | Player UID=1OEPy6aKlMe0cmo8LieQDvVcsiu6iWAr2PUZdSF5eMI=
15:32:03.277 [Expansion Quests] Check quest initialization for quest with ID=61501 | State=NONE | Player UID=1OEPy6aKlMe0cmo8LieQDvVcsiu6iWAr2PUZdSF5eMI=
15:32:03.277 [Expansion Quests] Quest with ID=1 is not a a valid achievement or auto start quest. Skip quest for player with UID=1OEPy6aKlMe0cmo8LieQDvVcsiu6iWAr2PUZdSF5eMI=
15:32:03.277 [Expansion Quests] Quest with ID=2 is not a a valid achievement or auto start quest. Skip quest for player with UID=1OEPy6aKlMe0cmo8LieQDvVcsiu6iWAr2PUZdSF5eMI=
15:32:03.277 [Expansion Quests] Quest with ID=3 is not a a valid achievement or auto start quest. Skip quest for player with UID=1OEPy6aKlMe0cmo8LieQDvVcsiu6iWAr2PUZdSF5eMI=
15:32:03.277 [Expansion Quests] Quest with ID=4 is not a a valid achievement or auto start quest. Skip quest for player with UID=1OEPy6aKlMe0cmo8LieQDvVcsiu6iWAr2PUZdSF5eMI=
15:32:03.277 [Expansion Quests] Quest with ID=5 is not a a valid achievement or auto start quest. Skip quest for player with UID=1OEPy6aKlMe0cmo8LieQDvVcsiu6iWAr2PUZdSF5eMI=
15:32:03.277 [Expansion Quests] Quest with ID=6 is not a a valid achievement or auto start quest. Skip quest for player with UID=1OEPy6aKlMe0cmo8LieQDvVcsiu6iWAr2PUZdSF5eMI=
15:32:03.277 [Expansion Quests] Quest with ID=6401 is not a a valid achievement or auto start quest. Skip quest for player with UID=1OEPy6aKlMe0cmo8LieQDvVcsiu6iWAr2PUZdSF5eMI=
15:32:03.277 [Expansion Quests] Quest with ID=301 is not a a valid achievement or auto start quest. Skip quest for player with UID=1OEPy6aKlMe0cmo8LieQDvVcsiu6iWAr2PUZdSF5eMI=
15:32:03.277 [Expansion Quests] Quest with ID=10 is not a a valid achievement or auto start quest. Skip quest for player with UID=1OEPy6aKlMe0cmo8LieQDvVcsiu6iWAr2PUZdSF5eMI=
15:32:03.277 [Expansion Quests] Quest with ID=12 is not a a valid achievement or auto start quest. Skip quest for player with UID=1OEPy6aKlMe0cmo8LieQDvVcsiu6iWAr2PUZdSF5eMI=
15:32:03.277 [Expansion Quests] Quest with ID=13 is not a a valid achievement or auto start quest. Skip quest for player with UID=1OEPy6aKlMe0cmo8LieQDvVcsiu6iWAr2PUZdSF5eMI=
15:32:03.277 [Expansion Quests] Quest with ID=15 is not a a valid achievement or auto start quest. Skip quest for player with UID=1OEPy6aKlMe0cmo8LieQDvVcsiu6iWAr2PUZdSF5eMI=
15:32:03.277 [Expansion Quests] Quest with ID=16 is not a a valid achievement or auto start quest. Skip quest for player with UID=1OEPy6aKlMe0cmo8LieQDvVcsiu6iWAr2PUZdSF5eMI=
15:32:03.277 [Expansion Quests] Quest with ID=17 is not a a valid achievement or auto start quest. Skip quest for player with UID=1OEPy6aKlMe0cmo8LieQDvVcsiu6iWAr2PUZdSF5eMI=
15:32:03.277 [Expansion Quests] Quest with ID=18 is not a a valid achievement or auto start quest. Skip quest for player with UID=1OEPy6aKlMe0cmo8LieQDvVcsiu6iWAr2PUZdSF5eMI=
15:32:03.277 [Expansion Quests] Quest with ID=19 is not a a valid achievement or auto start quest. Skip quest for player with UID=1OEPy6aKlMe0cmo8LieQDvVcsiu6iWAr2PUZdSF5eMI=
15:32:03.281 [Expansion Quests] Quest with ID=20 is not a a valid achievement or auto start quest. Skip quest for player with UID=1OEPy6aKlMe0cmo8LieQDvVcsiu6iWAr2PUZdSF5eMI=
15:32:03.281 [Expansion Quests] Quest with ID=21 is not a a valid achievement or auto start quest. Skip quest for player with UID=1OEPy6aKlMe0cmo8LieQDvVcsiu6iWAr2PUZdSF5eMI=
15:32:03.281 [Expansion Quests] Quest with ID=22 is not a a valid achievement or auto start quest. Skip quest for player with UID=1OEPy6aKlMe0cmo8LieQDvVcsiu6iWAr2PUZdSF5eMI=
15:32:03.281 [Expansion Quests] Quest with ID=23 is not a a valid achievement or auto start quest. Skip quest for player with UID=1OEPy6aKlMe0cmo8LieQDvVcsiu6iWAr2PUZdSF5eMI=
15:32:03.281 [Expansion Quests] Quest with ID=26 is not a a valid achievement or auto start quest. Skip quest for player with UID=1OEPy6aKlMe0cmo8LieQDvVcsiu6iWAr2PUZdSF5eMI=
15:32:03.281 [Expansion Quests] Quest with ID=61701 is not a a valid achievement or auto start quest. Skip quest for player with UID=1OEPy6aKlMe0cmo8LieQDvVcsiu6iWAr2PUZdSF5eMI=
15:32:03.281 [Expansion Quests] Quest with ID=28 is not a a valid achievement or auto start quest. Skip quest for player with UID=1OEPy6aKlMe0cmo8LieQDvVcsiu6iWAr2PUZdSF5eMI=
15:32:03.281 [Expansion Quests] Quest with ID=6301 is not a a valid achievement or auto start quest. Skip quest for player with UID=1OEPy6aKlMe0cmo8LieQDvVcsiu6iWAr2PUZdSF5eMI=
15:32:03.281 [Expansion Quests] Quest with ID=31 is not a a valid achievement or auto start quest. Skip quest for player with UID=1OEPy6aKlMe0cmo8LieQDvVcsiu6iWAr2PUZdSF5eMI=
15:32:03.281 [Expansion Quests] Quest with ID=61601 is not a a valid achievement or auto start quest. Skip quest for player with UID=1OEPy6aKlMe0cmo8LieQDvVcsiu6iWAr2PUZdSF5eMI=
15:32:03.281 [Expansion Quests] Quest with ID=7 is not a a valid achievement or auto start quest. Skip quest for player with UID=1OEPy6aKlMe0cmo8LieQDvVcsiu6iWAr2PUZdSF5eMI=
15:32:03.281 [Expansion Quests] Quest with ID=6701 is not a a valid achievement or auto start quest. Skip quest for player with UID=1OEPy6aKlMe0cmo8LieQDvVcsiu6iWAr2PUZdSF5eMI=
15:32:03.281 [Expansion Quests] Quest with ID=6501 is not a a valid achievement or auto start quest. Skip quest for player with UID=1OEPy6aKlMe0cmo8LieQDvVcsiu6iWAr2PUZdSF5eMI=
15:32:03.281 [Expansion Quests] Quest with ID=62001 is not a a valid achievement or auto start quest. Skip quest for player with UID=1OEPy6aKlMe0cmo8LieQDvVcsiu6iWAr2PUZdSF5eMI=
15:32:03.281 [Expansion Quests] Quest with ID=6801 is not a a valid achievement or auto start quest. Skip quest for player with UID=1OEPy6aKlMe0cmo8LieQDvVcsiu6iWAr2PUZdSF5eMI=
15:32:03.281 [Expansion Quests] Quest with ID=402 is not a a valid achievement or auto start quest. Skip quest for player with UID=1OEPy6aKlMe0cmo8LieQDvVcsiu6iWAr2PUZdSF5eMI=
15:32:03.281 [Expansion Quests] Quest with ID=6201 is not a a valid achievement or auto start quest. Skip quest for player with UID=1OEPy6aKlMe0cmo8LieQDvVcsiu6iWAr2PUZdSF5eMI=
15:32:03.281 [Expansion Quests] Quest with ID=6202 is not a a valid achievement or auto start quest. Skip quest for player with UID=1OEPy6aKlMe0cmo8LieQDvVcsiu6iWAr2PUZdSF5eMI=
15:32:03.281 [Expansion Quests] Quest with ID=61501 is not a a valid achievement or auto start quest. Skip quest for player with UID=1OEPy6aKlMe0cmo8LieQDvVcsiu6iWAr2PUZdSF5eMI=
15:32:03.281 [Expansion Quests] Quest with ID=201 is not a a valid achievement or auto start quest. Skip quest for player with UID=1OEPy6aKlMe0cmo8LieQDvVcsiu6iWAr2PUZdSF5eMI=
15:32:03.281 [Expansion Quests] Quest with ID=202 is not a a valid achievement or auto start quest. Skip quest for player with UID=1OEPy6aKlMe0cmo8LieQDvVcsiu6iWAr2PUZdSF5eMI=
15:32:03.281 [Expansion Quests] Quest with ID=203 is not a a valid achievement or auto start quest. Skip quest for player with UID=1OEPy6aKlMe0cmo8LieQDvVcsiu6iWAr2PUZdSF5eMI=
15:32:03.281 [Expansion Quests] Quest with ID=61901 is not a a valid achievement or auto start quest. Skip quest for player with UID=1OEPy6aKlMe0cmo8LieQDvVcsiu6iWAr2PUZdSF5eMI=
15:32:03.281 [Expansion Quests] Quest with ID=61902 is not a a valid achievement or auto start quest. Skip quest for player with UID=1OEPy6aKlMe0cmo8LieQDvVcsiu6iWAr2PUZdSF5eMI=
15:32:03.281 [Expansion Quests] Quest with ID=6101 is not a a valid achievement or auto start quest. Skip quest for player with UID=1OEPy6aKlMe0cmo8LieQDvVcsiu6iWAr2PUZdSF5eMI=
15:32:03.281 [Expansion Quests] Quest with ID=401 is not a a valid achievement or auto start quest. Skip quest for player with UID=1OEPy6aKlMe0cmo8LieQDvVcsiu6iWAr2PUZdSF5eMI=
15:32:03.281 [Expansion Quests] Quest with ID=29 is not a a valid achievement or auto start quest. Skip quest for player with UID=1OEPy6aKlMe0cmo8LieQDvVcsiu6iWAr2PUZdSF5eMI=
15:32:03.281 [Expansion Quests] Quest with ID=61401 is not a a valid achievement or auto start quest. Skip quest for player with UID=1OEPy6aKlMe0cmo8LieQDvVcsiu6iWAr2PUZdSF5eMI=
15:32:03.281 [Expansion Quests] Quest with ID=6601 is not a a valid achievement or auto start quest. Skip quest for player with UID=1OEPy6aKlMe0cmo8LieQDvVcsiu6iWAr2PUZdSF5eMI=
15:32:03.285 [Expansion Quests] Quest with ID=61301 is not a a valid achievement or auto start quest. Skip quest for player with UID=1OEPy6aKlMe0cmo8LieQDvVcsiu6iWAr2PUZdSF5eMI=
15:32:03.285 [Expansion Quests] Quest with ID=61101 is not a a valid achievement or auto start quest. Skip quest for player with UID=1OEPy6aKlMe0cmo8LieQDvVcsiu6iWAr2PUZdSF5eMI=
15:32:03.285 [Expansion Quests] Quest with ID=101 is not a a valid achievement or auto start quest. Skip quest for player with UID=1OEPy6aKlMe0cmo8LieQDvVcsiu6iWAr2PUZdSF5eMI=
15:32:03.285 [Expansion Quests] Quest with ID=102 is not a a valid achievement or auto start quest. Skip quest for player with UID=1OEPy6aKlMe0cmo8LieQDvVcsiu6iWAr2PUZdSF5eMI=
15:32:03.285 [Expansion Quests] Quest with ID=61801 is not a a valid achievement or auto start quest. Skip quest for player with UID=1OEPy6aKlMe0cmo8LieQDvVcsiu6iWAr2PUZdSF5eMI=
15:32:03.285 [Expansion Quests] Quest with ID=61001 is not a a valid achievement or auto start quest. Skip quest for player with UID=1OEPy6aKlMe0cmo8LieQDvVcsiu6iWAr2PUZdSF5eMI=
15:32:03.285 [Expansion Quests] Quest with ID=6901 is not a a valid achievement or auto start quest. Skip quest for player with UID=1OEPy6aKlMe0cmo8LieQDvVcsiu6iWAr2PUZdSF5eMI=
15:32:03.285 [Expansion Quests] Quest with ID=61201 is not a a valid achievement or auto start quest. Skip quest for player with UID=1OEPy6aKlMe0cmo8LieQDvVcsiu6iWAr2PUZdSF5eMI=
15:32:03.289 [Expansion Quests] Sending 1OEPy6aKlMe0cmo8LieQDvVcsiu6iWAr2PUZdSF5eMI= quest configs to client for player with UID=1OEPy6aKlMe0cmo8LieQDvVcsiu6iWAr2PUZdSF5eMI=
15:32:03.289 [Expansion Quests] Sending player quest data for 17 quests to player with UID=1OEPy6aKlMe0cmo8LieQDvVcsiu6iWAr2PUZdSF5eMI=
15:32:04.132 [Expansion Quests] - LoadGroupQuestData - Got cached group quest data for group with ID=0
15:33:34.859 [Market] Player "Da da Ya" (id=1OEPy6aKlMe0cmo8LieQDvVcsiu6iWAr2PUZdSF5eMI=) has sold huntingoptic x1 (76b4a510) at the trader "Attachments (Francis [#STR_EXPANSION_MARKET_TRADER_ATTACHMENTS])" in market zone "Krasnostav Trading Zone" (pos=<11924.700195, 140.699997, 12527.000000>) and got 62.
15:33:43.695 [Killfeed] AI Frida (PoliceStationScavs_Tier_1) был убит AI Jose (Ordinary_Scavengers_Tier_1(Krasnostav)) при помощи.
15:33:47.234 [Market] Player "acey" (id=zc8VdK3LmE4uE8VdKbx2bOGlKghmh6pN2ye-63D6kCk=) has sold engraved1911 x1 (78d1da00) at the trader "Weapons (Denis [#STR_EXPANSION_MARKET_TRADER_WEAPONS])" in market zone "Krasnostav Trading Zone" (pos=<11924.700195, 140.699997, 12527.000000>) and got 50.
15:33:57.929 [Killfeed] AI Keiko (PoliceStationScavs_Tier_1) был убит AI Irena (Ordinary_Scavengers_Tier_1(Krasnostav)) с CR-550 Savanna из 3 м расстояние.
15:33:59.675 [AI Object Patrol 00039] PoliceStationScavs_Tier_1 (Raiders) bots were wiped out (spawn position <11083.721680, 226.439148, 12477.821289>, 2/2 deceased)
15:33:59.675 [AI Object Patrol 00039] Global patrol count: 2
15:35:17.078 [Market] Player "acey" (id=zc8VdK3LmE4uE8VdKbx2bOGlKghmh6pN2ye-63D6kCk=) has sold pso1optic x1 (5b5c9180) at the trader "Attachments (Francis [#STR_EXPANSION_MARKET_TRADER_ATTACHMENTS])" in market zone "Krasnostav Trading Zone" (pos=<11924.700195, 140.699997, 12527.000000>) and got 275.
15:36:19.125 [Market] Player "Da da Ya" (id=1OEPy6aKlMe0cmo8LieQDvVcsiu6iWAr2PUZdSF5eMI=) has sold mag_expansion_vityaz_30rnd x1 (5ea3f440, ammo_9x19 x29) at the trader "Attachments (Francis [#STR_EXPANSION_MARKET_TRADER_ATTACHMENTS])" in market zone "Krasnostav Trading Zone" (pos=<11924.700195, 140.699997, 12527.000000>) and got 74.
15:36:22.031 [Market] Player "Da da Ya" (id=1OEPy6aKlMe0cmo8LieQDvVcsiu6iWAr2PUZdSF5eMI=) has sold mag_expansion_vityaz_30rnd x1 (5ea4a1b0, ammo_9x19 x27) at the trader "Attachments (Francis [#STR_EXPANSION_MARKET_TRADER_ATTACHMENTS])" in market zone "Krasnostav Trading Zone" (pos=<11924.700195, 140.699997, 12527.000000>) and got 38.
15:36:39.097 [MissionAirdrop] An airdrop is heading towards "Novodmitrovsk" (pos=<11125.000000, 0.000000, 14040.000000> type=Random_Novodmitrovsk) with a ExpansionAirdropContainer_Medical
15:37:16.855 [Killfeed] AI Elias (Ordinary_Raiders) был убит AI Irena (Ordinary_Scavengers_Tier_1(Krasnostav)) с CR-550 Savanna из 5 м расстояние.
15:37:19.378 [AI Object Patrol 00037] Ordinary_Raiders (Raiders) bots were wiped out (spawn position <11006.749023, 226.466904, 12420.684570>, 1/1 deceased)
15:37:19.378 [AI Object Patrol 00037] Global patrol count: 1
15:37:39.039 [Expansion Quests] Added new objective data for type=AICAMP | Key=zc8VdK3LmE4uE8VdKbx2bOGlKghmh6pN2ye-63D6kCk= | ID=801
15:37:39.042 [Expansion Quests] Updated and saved persistent player quest data for player with UID=zc8VdK3LmE4uE8VdKbx2bOGlKghmh6pN2ye-63D6kCk= | Quest ID=61301
15:37:39.042 [Expansion Quests] Created new quest instance with instance key=zc8VdK3LmE4uE8VdKbx2bOGlKghmh6pN2ye-63D6kCk= for quest with ID=61301
15:38:53.035 [Market] Player "acey" (id=zc8VdK3LmE4uE8VdKbx2bOGlKghmh6pN2ye-63D6kCk=) has bought ammobox_308win_20rnd x2 (a544bac0) from the trader "Weapons (Denis [#STR_EXPANSION_MARKET_TRADER_WEAPONS])" in market zone "Krasnostav Trading Zone" (pos=<11924.700195, 140.699997, 12527.000000>) for a price of 300.
15:39:18.441 [AI Patrol 00120] Spawning 1 Raider (Civilian) bots at <11750.000000, 142.890015, 12837.000000>
15:39:18.585 [AI Patrol 00120] Global patrol count: 2
15:39:18.589 [AI Patrol 00119] Spawning 1 Raider (Civilian) bots at <11750.000000, 142.890015, 12837.000000>
15:39:18.628 [AI Patrol 00119] Global patrol count: 3
15:39:47.046 [Safezone] Player "Da da Ya" (id=1OEPy6aKlMe0cmo8LieQDvVcsiu6iWAr2PUZdSF5eMI= pos=<11657.404297, 142.587769, 12573.485352>) Left the safezone
15:39:52.937 [Safezone] Player "acey" (id=zc8VdK3LmE4uE8VdKbx2bOGlKghmh6pN2ye-63D6kCk= pos=<11648.386719, 142.187881, 12586.383789>) Left the safezone
15:40:25.675 [AI Object Patrol 00097] Spawning 2 Mercenaries bots at <10981.101563, 220.348114, 13395.737305>
15:40:25.726 [AI Object Patrol 00097] Global patrol count: 4
15:40:32.882 [AI Patrol 00118] Spawning 1 Raider (Civilian) bots at <11802.000000, 144.977982, 12942.000000>
15:40:32.921 [AI Patrol 00118] Global patrol count: 5
15:41:10.632 [Killfeed]  был убит [Zenit] acey с Blaze из 215 м расстояние.
15:41:14.316 [AI Patrol 00119] Raider (Civilian) bots were wiped out (spawn position <11750.000000, 142.890015, 12837.000000>, 1/1 deceased)
15:41:14.316 [AI Patrol 00119] Global patrol count: 4
15:41:19.593 [AI Object Patrol 00044] Spawning 2 Ordinary_Raiders (Raiders) bots at <12112.654297, 95.263809, 13724.790039>
15:41:19.640 [AI Object Patrol 00044] Global patrol count: 5
15:41:47.953 [Killfeed]  был убит [Zenit] acey с ПП-91 Кедр из 1 м расстояние.
15:41:49.632 [AI Patrol 00118] Raider (Civilian) bots were wiped out (spawn position <11802.000000, 144.977982, 12942.000000>, 1/1 deceased)
15:41:49.632 [AI Patrol 00118] Global patrol count: 4
15:41:58.179 [Killfeed]  был убит [Zenit] Da da Ya с M14 Springfield из 49 м расстояние.
15:41:58.183 [Expansion Quests] Added new objective data for type=AICAMP | Key=zc8VdK3LmE4uE8VdKbx2bOGlKghmh6pN2ye-63D6kCk= | ID=801
15:41:58.203 [Expansion Quests] Updated and saved persistent player quest data for player with UID=zc8VdK3LmE4uE8VdKbx2bOGlKghmh6pN2ye-63D6kCk= | Quest ID=61301
15:41:59.160 [AI Patrol 00120] Raider (Civilian) bots were wiped out (spawn position <11750.000000, 142.890015, 12837.000000>, 1/1 deceased)
15:41:59.164 [AI Patrol 00120] Global patrol count: 3
15:43:27.941 [Safezone] Player "Da da Ya" (id=1OEPy6aKlMe0cmo8LieQDvVcsiu6iWAr2PUZdSF5eMI= pos=<11738.277344, 140.032608, 12686.683594>) Entered the safezone
15:43:34.179 [Safezone] Player "acey" (id=zc8VdK3LmE4uE8VdKbx2bOGlKghmh6pN2ye-63D6kCk= pos=<11714.678711, 140.085983, 12671.266602>) Entered the safezone
15:44:27.613 [AI Patrol 00118] Despawning 0 Raider (Civilian) bots (spawn position <11750.000000, 142.890015, 12837.000000>, 1/1 deceased)
15:44:27.632 [AI Patrol 00119] Despawning 0 Raider (Civilian) bots (spawn position <11662.000000, 142.279999, 12675.000000>, 1/1 deceased)
15:44:27.632 [AI Patrol 00120] Despawning 0 Raider (Civilian) bots (spawn position <11662.000000, 142.279999, 12675.000000>, 1/1 deceased)
15:44:27.636 [Expansion Quests] Updated and saved persistent player quest data for player with UID=zc8VdK3LmE4uE8VdKbx2bOGlKghmh6pN2ye-63D6kCk= | Quest ID=61301
15:44:27.636 [Expansion Quests] Player with UID=zc8VdK3LmE4uE8VdKbx2bOGlKghmh6pN2ye-63D6kCk= has cancelled quest with ID=61301. State=STARTED
15:44:28.855 [Expansion Quests] Added new objective data for type=AICAMP | Key=zc8VdK3LmE4uE8VdKbx2bOGlKghmh6pN2ye-63D6kCk= | ID=801
15:44:28.859 [Expansion Quests] Updated and saved persistent player quest data for player with UID=zc8VdK3LmE4uE8VdKbx2bOGlKghmh6pN2ye-63D6kCk= | Quest ID=61301
15:44:28.859 [Expansion Quests] Created new quest instance with instance key=zc8VdK3LmE4uE8VdKbx2bOGlKghmh6pN2ye-63D6kCk= for quest with ID=61301
15:44:28.921 [AI Patrol 00121] Spawning 1 Raider (Civilian) bots at <11662.000000, 142.279999, 12675.000000>
15:44:28.980 [AI Patrol 00121] Global patrol count: 4
15:44:29.062 [AI Patrol 00122] Spawning 1 Raider (Civilian) bots at <11750.000000, 142.890015, 12837.000000>
15:44:29.148 [AI Patrol 00122] Global patrol count: 5
15:44:29.679 [AI Patrol 00123] Spawning 1 Raider (Civilian) bots at <11750.000000, 142.890015, 12837.000000>
15:44:29.718 [AI Patrol 00123] Global patrol count: 6
15:45:19.296 [VehicleEnter] Player Da da Ya [uid=1OEPy6aKlMe0cmo8LieQDvVcsiu6iWAr2PUZdSF5eMI=] entered vehicle Gunter 2 (id=7E54B4052B45739024C2F9B7CD1AD78F pos=<11875.783203, 140.043594, 12481.672852>) as driver
15:45:21.570 [VehicleEngine] Player Da da Ya [uid=1OEPy6aKlMe0cmo8LieQDvVcsiu6iWAr2PUZdSF5eMI=] started vehicle Gunter 2 (id=7E54B4052B45739024C2F9B7CD1AD78F pos=<11875.783203, 140.043579, 12481.672852>)
15:45:22.015 [Safezone] Player "acey" (id=zc8VdK3LmE4uE8VdKbx2bOGlKghmh6pN2ye-63D6kCk= pos=<11651.986328, 141.940536, 12609.019531>) Left the safezone
15:45:22.250 [AI Object Patrol 00124] Spawning 2 Mercenaries bots at <10926.895508, 235.070816, 12360.184570>
15:45:22.304 [AI Object Patrol 00124] Global patrol count: 7
15:45:48.820 [Killfeed]  был убит [Zenit] acey с Blaze из 126 м расстояние.
15:45:49.031 [AI Patrol 00121] Raider (Civilian) bots were wiped out (spawn position <11662.000000, 142.279999, 12675.000000>, 1/1 deceased)
15:45:49.031 [AI Patrol 00121] Global patrol count: 6
15:46:37.585 [Killfeed]  был убит [Zenit] acey с Blaze из 49 м расстояние.
15:46:39.527 [AI Patrol 00122] Raider (Civilian) bots were wiped out (spawn position <11750.000000, 142.890015, 12837.000000>, 1/1 deceased)
15:46:39.527 [AI Patrol 00122] Global patrol count: 5
15:48:09.625 [Killfeed]  был убит [Zenit] acey с ПП-91 Кедр из 2 м расстояние.
15:48:09.648 [Expansion Quests] Added new objective data for type=AICAMP | Key=zc8VdK3LmE4uE8VdKbx2bOGlKghmh6pN2ye-63D6kCk= | ID=801
15:48:09.660 [Expansion Quests] Updated and saved persistent player quest data for player with UID=zc8VdK3LmE4uE8VdKbx2bOGlKghmh6pN2ye-63D6kCk= | Quest ID=61301
15:48:10.156 [AI Patrol 00123] Raider (Civilian) bots were wiped out (spawn position <11750.000000, 142.890015, 12837.000000>, 1/1 deceased)
15:48:10.156 [AI Patrol 00123] Global patrol count: 4
15:49:39.886 [VehicleLeave] Player Da da Ya [uid=1OEPy6aKlMe0cmo8LieQDvVcsiu6iWAr2PUZdSF5eMI=] left vehicle Gunter 2 (id=7E54B4052B45739024C2F9B7CD1AD78F pos=<11875.783203, 140.043579, 12481.672852>)
15:50:24.039 [Safezone] Player "Da da Ya" (id=1OEPy6aKlMe0cmo8LieQDvVcsiu6iWAr2PUZdSF5eMI= pos=<11713.333984, 143.531265, 12757.647461>) Left the safezone
15:50:59.320 [Safezone] Player "acey" (id=zc8VdK3LmE4uE8VdKbx2bOGlKghmh6pN2ye-63D6kCk= pos=<11724.023438, 140.046402, 12673.958008>) Entered the safezone
15:51:12.078 [Safezone] Player "Da da Ya" (id=1OEPy6aKlMe0cmo8LieQDvVcsiu6iWAr2PUZdSF5eMI= pos=<11741.215820, 140.032120, 12691.705078>) Entered the safezone
15:53:37.125 [AI Object Patrol 00044] Despawning 2 Ordinary_Raiders (Raiders) bots (spawn position <12112.654297, 95.263809, 13724.790039>, 0/2 deceased)
15:53:37.125 [AI Object Patrol 00044] Global patrol count: 3
15:53:42.035 [AI Patrol 00121] Despawning 0 Raider (Civilian) bots (spawn position <11802.000000, 144.977982, 12942.000000>, 1/1 deceased)
15:53:42.035 [AI Patrol 00122] Despawning 0 Raider (Civilian) bots (spawn position <11750.000000, 142.890015, 12837.000000>, 1/1 deceased)
15:53:42.035 [AI Patrol 00123] Despawning 0 Raider (Civilian) bots (spawn position <11750.000000, 142.890015, 12837.000000>, 1/1 deceased)
15:53:42.039 [Expansion Quests] Updated and saved persistent player quest data for player with UID=zc8VdK3LmE4uE8VdKbx2bOGlKghmh6pN2ye-63D6kCk= | Quest ID=61301
15:53:42.039 [Expansion Quests] Player with UID=zc8VdK3LmE4uE8VdKbx2bOGlKghmh6pN2ye-63D6kCk= has cancelled quest with ID=61301. State=STARTED
15:53:43.718 [Market] Player "Da da Ya" (id=1OEPy6aKlMe0cmo8LieQDvVcsiu6iWAr2PUZdSF5eMI=) has sold makarovij70 x1 (951874b0, Mag_IJ70_8Rnd<a92b6610>, ammo_380 x3) at the trader "Weapons (Denis [#STR_EXPANSION_MARKET_TRADER_WEAPONS])" in market zone "Krasnostav Trading Zone" (pos=<11924.700195, 140.699997, 12527.000000>) and got 63.
15:53:46.511 [Market] Player "Da da Ya" (id=1OEPy6aKlMe0cmo8LieQDvVcsiu6iWAr2PUZdSF5eMI=) has sold b95 x1 (9518a8f0) at the trader "Weapons (Denis [#STR_EXPANSION_MARKET_TRADER_WEAPONS])" in market zone "Krasnostav Trading Zone" (pos=<11924.700195, 140.699997, 12527.000000>) and got 250.
15:54:09.023 [Market] Player "Da da Ya" (id=1OEPy6aKlMe0cmo8LieQDvVcsiu6iWAr2PUZdSF5eMI=) has sold pso1optic x1 (76b5f6d0) at the trader "Attachments (Francis [#STR_EXPANSION_MARKET_TRADER_ATTACHMENTS])" in market zone "Krasnostav Trading Zone" (pos=<11924.700195, 140.699997, 12527.000000>) and got 275.
15:55:40.304 [Market] Player "Da da Ya" (id=1OEPy6aKlMe0cmo8LieQDvVcsiu6iWAr2PUZdSF5eMI=) has bought ad_nfatacr_1_8 x1 (44c1f2a0, Battery9V<aae1d260>) from the trader "Attachments (Francis [#STR_EXPANSION_MARKET_TRADER_ATTACHMENTS])" in market zone "Krasnostav Trading Zone" (pos=<11924.700195, 140.699997, 12527.000000>) for a price of 1010.
15:58:07.628 [Market] Player "Da da Ya" (id=1OEPy6aKlMe0cmo8LieQDvVcsiu6iWAr2PUZdSF5eMI=) has bought handsaw x1 (ad02b5f0) from the trader "BuildingSupplies (Linda [#STR_EXPANSION_MARKET_TRADER_BUILDING_SUPPLIES])" in market zone "Krasnostav Trading Zone" (pos=<11924.700195, 140.699997, 12527.000000>) for a price of 7.
15:58:09.312 [VehicleEnter] Player acey [uid=zc8VdK3LmE4uE8VdKbx2bOGlKghmh6pN2ye-63D6kCk=] entered vehicle Gunter 2 (id=7E54B4052B45739024C2F9B7CD1AD78F pos=<11875.783203, 140.043579, 12481.672852>) as driver
15:58:10.562 [VehicleEngine] Player acey [uid=zc8VdK3LmE4uE8VdKbx2bOGlKghmh6pN2ye-63D6kCk=] stopped vehicle Gunter 2 (id=7E54B4052B45739024C2F9B7CD1AD78F pos=<11875.783203, 140.043594, 12481.672852>)
15:58:13.203 [VehicleLeave] Player acey [uid=zc8VdK3LmE4uE8VdKbx2bOGlKghmh6pN2ye-63D6kCk=] left vehicle Gunter 2 (id=7E54B4052B45739024C2F9B7CD1AD78F pos=<11875.783203, 140.043564, 12481.672852>)
15:58:26.347 [AI Patrol 00085] Despawning 3 Ordinary_Scavengers_Tier_1(Krasnostav) (Raiders) bots (spawn position <11181.122070, 202.379272, 12398.294922>, 0/3 deceased)
15:58:26.347 [AI Patrol 00085] Global patrol count: 2
15:58:44.769 [Market] Player "Da da Ya" (id=1OEPy6aKlMe0cmo8LieQDvVcsiu6iWAr2PUZdSF5eMI=) has bought ammobox x1 (8728b960) from the trader "BuildingSupplies (Linda [#STR_EXPANSION_MARKET_TRADER_BUILDING_SUPPLIES])" in market zone "Krasnostav Trading Zone" (pos=<11924.700195, 140.699997, 12527.000000>) for a price of 80.
15:59:49.246 [VehicleEnter] Player Da da Ya [uid=1OEPy6aKlMe0cmo8LieQDvVcsiu6iWAr2PUZdSF5eMI=] entered vehicle Gunter 2 (id=7E54B4052B45739024C2F9B7CD1AD78F pos=<11875.783203, 140.043564, 12481.672852>) as driver
16:00:02.957 [VehicleEngine] Player Da da Ya [uid=1OEPy6aKlMe0cmo8LieQDvVcsiu6iWAr2PUZdSF5eMI=] started vehicle Gunter 2 (id=7E54B4052B45739024C2F9B7CD1AD78F pos=<11875.783203, 140.043594, 12481.672852>)
16:00:16.097 [VehicleLeave] Player Da da Ya [uid=1OEPy6aKlMe0cmo8LieQDvVcsiu6iWAr2PUZdSF5eMI=] left vehicle Gunter 2 (id=7E54B4052B45739024C2F9B7CD1AD78F pos=<11875.783203, 140.043579, 12481.672852>)
16:00:19.429 [VehicleEnter] Player acey [uid=zc8VdK3LmE4uE8VdKbx2bOGlKghmh6pN2ye-63D6kCk=] entered vehicle Gunter 2 (id=7E54B4052B45739024C2F9B7CD1AD78F pos=<11875.783203, 140.043564, 12481.672852>) as driver
16:00:22.996 [VehicleEnter] Player Da da Ya [uid=1OEPy6aKlMe0cmo8LieQDvVcsiu6iWAr2PUZdSF5eMI=] entered vehicle Gunter 2 (id=7E54B4052B45739024C2F9B7CD1AD78F pos=<11875.783203, 140.043579, 12481.672852>) as passenger
16:00:57.546 [AI Object Patrol 00097] Despawning 2 Mercenaries bots (spawn position <10981.101563, 220.348114, 13395.737305>, 0/2 deceased)
16:00:57.546 [AI Object Patrol 00097] Global patrol count: 1
16:01:14.761 [Safezone] Player "Da da Ya" (id=1OEPy6aKlMe0cmo8LieQDvVcsiu6iWAr2PUZdSF5eMI= pos=<11770.221680, 148.689484, 12209.013672>) Left the safezone
16:01:14.792 [Safezone] Player "acey" (id=zc8VdK3LmE4uE8VdKbx2bOGlKghmh6pN2ye-63D6kCk= pos=<11769.060547, 148.735153, 12208.807617>) Left the safezone
16:01:26.953 [VehicleLeave] Player Da da Ya [uid=1OEPy6aKlMe0cmo8LieQDvVcsiu6iWAr2PUZdSF5eMI=] left vehicle Gunter 2 (id=7E54B4052B45739024C2F9B7CD1AD78F pos=<11742.734375, 146.298584, 12177.255859>)
16:02:11.007 [VehicleEngine] Player acey [uid=zc8VdK3LmE4uE8VdKbx2bOGlKghmh6pN2ye-63D6kCk=] stopped vehicle Gunter 2 (id=7E54B4052B45739024C2F9B7CD1AD78F pos=<11777.234375, 147.751541, 12188.997070>)
16:02:13.593 [VehicleLeave] Player acey [uid=zc8VdK3LmE4uE8VdKbx2bOGlKghmh6pN2ye-63D6kCk=] left vehicle Gunter 2 (id=7E54B4052B45739024C2F9B7CD1AD78F pos=<11777.377930, 147.731445, 12188.997070>)
16:05:21.660 [VehicleEnter] Player acey [uid=zc8VdK3LmE4uE8VdKbx2bOGlKghmh6pN2ye-63D6kCk=] entered vehicle Gunter 2 (id=7E54B4052B45739024C2F9B7CD1AD78F pos=<11777.537109, 147.708923, 12188.997070>) as driver
16:05:24.164 [VehicleEnter] Player Da da Ya [uid=1OEPy6aKlMe0cmo8LieQDvVcsiu6iWAr2PUZdSF5eMI=] entered vehicle Gunter 2 (id=7E54B4052B45739024C2F9B7CD1AD78F pos=<11777.666016, 147.690521, 12189.003906>) as passenger
16:05:26.175 [VehicleEngine] Player acey [uid=zc8VdK3LmE4uE8VdKbx2bOGlKghmh6pN2ye-63D6kCk=] started vehicle Gunter 2 (id=7E54B4052B45739024C2F9B7CD1AD78F pos=<11777.745117, 147.680573, 12189.078125>)
16:06:11.207 [VehicleEngine] Player acey [uid=zc8VdK3LmE4uE8VdKbx2bOGlKghmh6pN2ye-63D6kCk=] stopped vehicle Gunter 2 (id=7E54B4052B45739024C2F9B7CD1AD78F pos=<11929.618164, 128.211136, 12034.336914>)
16:06:11.843 [VehicleLeave] Player Da da Ya [uid=1OEPy6aKlMe0cmo8LieQDvVcsiu6iWAr2PUZdSF5eMI=] left vehicle Gunter 2 (id=7E54B4052B45739024C2F9B7CD1AD78F pos=<11929.642578, 128.210602, 12034.339844>)
16:06:14.359 [VehicleLeave] Player acey [uid=zc8VdK3LmE4uE8VdKbx2bOGlKghmh6pN2ye-63D6kCk=] left vehicle Gunter 2 (id=7E54B4052B45739024C2F9B7CD1AD78F pos=<11929.737305, 128.208679, 12034.348633>)
16:06:38.980 [VehicleEnter] Player Da da Ya [uid=1OEPy6aKlMe0cmo8LieQDvVcsiu6iWAr2PUZdSF5eMI=] entered vehicle Gunter 2 (id=7E54B4052B45739024C2F9B7CD1AD78F pos=<11929.761719, 128.208405, 12034.351563>) as passenger
16:06:40.441 [VehicleEnter] Player acey [uid=zc8VdK3LmE4uE8VdKbx2bOGlKghmh6pN2ye-63D6kCk=] entered vehicle Gunter 2 (id=7E54B4052B45739024C2F9B7CD1AD78F pos=<11929.816406, 128.206696, 12034.361328>) as driver
16:06:45.320 [VehicleEngine] Player acey [uid=zc8VdK3LmE4uE8VdKbx2bOGlKghmh6pN2ye-63D6kCk=] started vehicle Gunter 2 (id=7E54B4052B45739024C2F9B7CD1AD78F pos=<11930.002930, 128.203613, 12034.378906>)
16:09:58.687 [AI Object Patrol 00057] Spawning 2 FireStationScavs_Tier1 (Raiders) bots at <12166.694336, 93.989189, 13864.230469>
16:09:58.710 [AI Object Patrol 00057] Global patrol count: 2
16:10:16.023 [VehicleLeave] Player Da da Ya [uid=1OEPy6aKlMe0cmo8LieQDvVcsiu6iWAr2PUZdSF5eMI=] left vehicle Gunter 2 (id=7E54B4052B45739024C2F9B7CD1AD78F pos=<11939.994141, 141.371216, 13163.466797>)
16:10:18.957 [VehicleLeave] Player acey [uid=zc8VdK3LmE4uE8VdKbx2bOGlKghmh6pN2ye-63D6kCk=] left vehicle Gunter 2 (id=7E54B4052B45739024C2F9B7CD1AD78F pos=<11939.995117, 141.371170, 13163.467773>)
16:10:44.238 [VehicleEnter] Player acey [uid=zc8VdK3LmE4uE8VdKbx2bOGlKghmh6pN2ye-63D6kCk=] entered vehicle Gunter 2 (id=7E54B4052B45739024C2F9B7CD1AD78F pos=<11939.995117, 141.371155, 13163.468750>) as driver
16:10:49.187 [VehicleEnter] Player Da da Ya [uid=1OEPy6aKlMe0cmo8LieQDvVcsiu6iWAr2PUZdSF5eMI=] entered vehicle Gunter 2 (id=7E54B4052B45739024C2F9B7CD1AD78F pos=<11939.997070, 141.371017, 13163.468750>) as passenger
16:11:04.492 [VehicleEngine] Player acey [uid=zc8VdK3LmE4uE8VdKbx2bOGlKghmh6pN2ye-63D6kCk=] started vehicle Gunter 2 (id=7E54B4052B45739024C2F9B7CD1AD78F pos=<11940.000977, 141.370712, 13163.466797>)
16:13:10.132 [VehicleLeave] Player acey [uid=zc8VdK3LmE4uE8VdKbx2bOGlKghmh6pN2ye-63D6kCk=] left vehicle Gunter 2 (id=7E54B4052B45739024C2F9B7CD1AD78F pos=<12452.825195, 98.079796, 13551.524414>)
16:13:10.230 [VehicleLeave] Player Da da Ya [uid=1OEPy6aKlMe0cmo8LieQDvVcsiu6iWAr2PUZdSF5eMI=] left vehicle Gunter 2 (id=7E54B4052B45739024C2F9B7CD1AD78F pos=<12452.825195, 98.079788, 13551.524414>)
16:13:23.898 [VehicleEnter] Player acey [uid=zc8VdK3LmE4uE8VdKbx2bOGlKghmh6pN2ye-63D6kCk=] entered vehicle Gunter 2 (id=7E54B4052B45739024C2F9B7CD1AD78F pos=<12452.825195, 98.079803, 13551.524414>) as driver
16:13:27.097 [VehicleEngine] Player acey [uid=zc8VdK3LmE4uE8VdKbx2bOGlKghmh6pN2ye-63D6kCk=] stopped vehicle Gunter 2 (id=7E54B4052B45739024C2F9B7CD1AD78F pos=<12452.825195, 98.079842, 13551.524414>)
16:13:29.441 [VehicleLeave] Player acey [uid=zc8VdK3LmE4uE8VdKbx2bOGlKghmh6pN2ye-63D6kCk=] left vehicle Gunter 2 (id=7E54B4052B45739024C2F9B7CD1AD78F pos=<12452.825195, 98.079842, 13551.525391>)
16:16:44.199 [VehicleEnter] Player acey [uid=zc8VdK3LmE4uE8VdKbx2bOGlKghmh6pN2ye-63D6kCk=] entered vehicle Gunter 2 (id=7E54B4052B45739024C2F9B7CD1AD78F pos=<12452.825195, 98.079803, 13551.524414>) as driver
16:16:55.062 [VehicleLeave] Player acey [uid=zc8VdK3LmE4uE8VdKbx2bOGlKghmh6pN2ye-63D6kCk=] left vehicle Gunter 2 (id=7E54B4052B45739024C2F9B7CD1AD78F pos=<12452.825195, 98.079819, 13551.525391>)
16:17:23.925 [AI Patrol 00073] Spawning 1 Ordinary_Scavengers_Tier_1(Novodmitrovsk) (Raiders) bots at <11657.276367, 37.242931, 14326.616211>
16:17:23.968 [AI Patrol 00073] Global patrol count: 3
16:19:37.601 [Killfeed] AI Boris (FireStationScavs_Tier1) был убит [Zenit] Da da Ya с ПП-91 Кедр из 9 м расстояние.
16:19:53.671 [AI Object Patrol 00130] Spawning 2 PoliceStationScavs_Tier_1 (Raiders) bots at <11482.828125, 46.467484, 14470.052734>
16:19:53.707 [AI Object Patrol 00130] Global patrol count: 4
16:20:04.367 [AI Object Patrol 00124] Despawning 2 Mercenaries bots (spawn position <10926.895508, 235.070816, 12360.184570>, 0/2 deceased)
16:20:04.367 [AI Object Patrol 00124] Global patrol count: 3
16:20:22.523 [Killfeed] AI Francis (FireStationScavs_Tier1) был убит [Zenit] Da da Ya с M14 Springfield из 7 м расстояние.
16:20:27.425 [AI Object Patrol 00057] FireStationScavs_Tier1 (Raiders) bots were wiped out (spawn position <12166.694336, 93.989189, 13864.230469>, 2/2 deceased)
16:20:27.425 [AI Object Patrol 00057] Global patrol count: 2
16:23:36.355 [AI Patrol 00074] Spawning 1 Ordinary_Scavengers_Tier_1(Novodmitrovsk) (Raiders) bots at <11206.291016, 42.919998, 14337.508789>
16:23:36.386 [AI Patrol 00074] Global patrol count: 3
16:27:58.406 [VehicleEnter] Player Da da Ya [uid=1OEPy6aKlMe0cmo8LieQDvVcsiu6iWAr2PUZdSF5eMI=] entered vehicle Gunter 2 (id=7E54B4052B45739024C2F9B7CD1AD78F pos=<12452.825195, 98.079796, 13551.525391>) as driver
16:28:00.570 [VehicleEngine] Player Da da Ya [uid=1OEPy6aKlMe0cmo8LieQDvVcsiu6iWAr2PUZdSF5eMI=] started vehicle Gunter 2 (id=7E54B4052B45739024C2F9B7CD1AD78F pos=<12452.825195, 98.079842, 13551.525391>)
16:29:26.144 [VehicleLeave] Player Da da Ya [uid=1OEPy6aKlMe0cmo8LieQDvVcsiu6iWAr2PUZdSF5eMI=] left vehicle Gunter 2 (id=7E54B4052B45739024C2F9B7CD1AD78F pos=<11975.876953, 91.447411, 13833.812500>)
16:31:32.101 [VehicleEnter] Player acey [uid=zc8VdK3LmE4uE8VdKbx2bOGlKghmh6pN2ye-63D6kCk=] entered vehicle Gunter 2 (id=7E54B4052B45739024C2F9B7CD1AD78F pos=<11975.876953, 91.447395, 13833.812500>) as passenger
16:31:32.832 [VehicleEnter] Player Da da Ya [uid=1OEPy6aKlMe0cmo8LieQDvVcsiu6iWAr2PUZdSF5eMI=] entered vehicle Gunter 2 (id=7E54B4052B45739024C2F9B7CD1AD78F pos=<11975.875977, 91.447388, 13833.812500>) as driver
16:31:35.019 [VehicleEngine] Player Da da Ya [uid=1OEPy6aKlMe0cmo8LieQDvVcsiu6iWAr2PUZdSF5eMI=] started vehicle Gunter 2 (id=7E54B4052B45739024C2F9B7CD1AD78F pos=<11975.876953, 91.447395, 13833.812500>)
16:32:48.242 [VehicleEngine] Player Da da Ya [uid=1OEPy6aKlMe0cmo8LieQDvVcsiu6iWAr2PUZdSF5eMI=] stopped vehicle Gunter 2 (id=7E54B4052B45739024C2F9B7CD1AD78F pos=<12447.545898, 98.213631, 13568.199219>)
16:32:50.804 [VehicleLeave] Player Da da Ya [uid=1OEPy6aKlMe0cmo8LieQDvVcsiu6iWAr2PUZdSF5eMI=] left vehicle Gunter 2 (id=7E54B4052B45739024C2F9B7CD1AD78F pos=<12447.545898, 98.213646, 13568.198242>)
16:33:04.636 [VehicleLeave] Player acey [uid=zc8VdK3LmE4uE8VdKbx2bOGlKghmh6pN2ye-63D6kCk=] left vehicle Gunter 2 (id=7E54B4052B45739024C2F9B7CD1AD78F pos=<12447.545898, 98.213631, 13568.198242>)
16:35:40.132 [Party] Player "acey" (id=zc8VdK3LmE4uE8VdKbx2bOGlKghmh6pN2ye-63D6kCk=) left the party "Zenith Resolute" (id=0 ownerUID=zc8VdK3LmE4uE8VdKbx2bOGlKghmh6pN2ye-63D6kCk= ownerName=acey)
16:35:40.132 [Expansion Quests] Deleted quest with ID=8 is a of player with UID=zc8VdK3LmE4uE8VdKbx2bOGlKghmh6pN2ye-63D6kCk=.
16:35:40.183 [Expansion Quests] Deleted quest with ID=61601 is a of player with UID=zc8VdK3LmE4uE8VdKbx2bOGlKghmh6pN2ye-63D6kCk=.
16:35:40.183 [Expansion Quests] Deleted quest with ID=11 is a of player with UID=zc8VdK3LmE4uE8VdKbx2bOGlKghmh6pN2ye-63D6kCk=.
16:35:40.183 [Expansion Quests] Deleted quest with ID=61801 is a of player with UID=zc8VdK3LmE4uE8VdKbx2bOGlKghmh6pN2ye-63D6kCk=.
16:37:22.183 [VehicleEnter] Player Da da Ya [uid=1OEPy6aKlMe0cmo8LieQDvVcsiu6iWAr2PUZdSF5eMI=] entered vehicle Gunter 2 (id=7E54B4052B45739024C2F9B7CD1AD78F pos=<12447.545898, 98.213631, 13568.198242>) as driver
16:37:23.984 [VehicleEngine] Player Da da Ya [uid=1OEPy6aKlMe0cmo8LieQDvVcsiu6iWAr2PUZdSF5eMI=] started vehicle Gunter 2 (id=7E54B4052B45739024C2F9B7CD1AD78F pos=<12447.545898, 98.213654, 13568.198242>)
16:37:39.050 [VehicleEngine] Player Da da Ya [uid=1OEPy6aKlMe0cmo8LieQDvVcsiu6iWAr2PUZdSF5eMI=] stopped vehicle Gunter 2 (id=7E54B4052B45739024C2F9B7CD1AD78F pos=<12455.031250, 97.943886, 13546.853516>)
16:37:41.351 [VehicleLeave] Player Da da Ya [uid=1OEPy6aKlMe0cmo8LieQDvVcsiu6iWAr2PUZdSF5eMI=] left vehicle Gunter 2 (id=7E54B4052B45739024C2F9B7CD1AD78F pos=<12455.031250, 97.943886, 13546.853516>)
16:39:53.847 [VehicleEnter] Player Da da Ya [uid=1OEPy6aKlMe0cmo8LieQDvVcsiu6iWAr2PUZdSF5eMI=] entered vehicle Gunter 2 (id=7E54B4052B45739024C2F9B7CD1AD78F pos=<12455.031250, 97.943878, 13546.853516>) as driver
16:39:58.796 [VehicleEngine] Player Da da Ya [uid=1OEPy6aKlMe0cmo8LieQDvVcsiu6iWAr2PUZdSF5eMI=] started vehicle Gunter 2 (id=7E54B4052B45739024C2F9B7CD1AD78F pos=<12455.031250, 97.943886, 13546.853516>)
16:40:18.425 [AI Object Patrol 00041] Spawning 1 Ordinary_Raiders (Raiders) bots at <13348.310547, 95.345558, 12869.700195>
16:40:18.441 [AI Object Patrol 00041] Global patrol count: 4
16:40:23.511 [VehicleLeave] Player Da da Ya [uid=1OEPy6aKlMe0cmo8LieQDvVcsiu6iWAr2PUZdSF5eMI=] left vehicle Gunter 2 (id=7E54B4052B45739024C2F9B7CD1AD78F pos=<12565.673828, 93.253250, 13476.050781>)
16:40:32.347 [VehicleEnter] Player Da da Ya [uid=1OEPy6aKlMe0cmo8LieQDvVcsiu6iWAr2PUZdSF5eMI=] entered vehicle Gunter 2 (id=7E54B4052B45739024C2F9B7CD1AD78F pos=<12565.673828, 93.253242, 13476.050781>) as driver
16:40:47.480 [AI Patrol 00073] Despawning 1 Ordinary_Scavengers_Tier_1(Novodmitrovsk) (Raiders) bots (spawn position <11657.276367, 37.242931, 14326.616211>, 0/1 deceased)
16:40:47.480 [AI Patrol 00073] Global patrol count: 3
16:40:51.820 [VehicleLeave] Player Da da Ya [uid=1OEPy6aKlMe0cmo8LieQDvVcsiu6iWAr2PUZdSF5eMI=] left vehicle Gunter 2 (id=7E54B4052B45739024C2F9B7CD1AD78F pos=<12448.197266, 98.168755, 13552.965820>)
16:41:11.089 [VehicleEnter] Player Da da Ya [uid=1OEPy6aKlMe0cmo8LieQDvVcsiu6iWAr2PUZdSF5eMI=] entered vehicle Gunter 2 (id=7E54B4052B45739024C2F9B7CD1AD78F pos=<12446.810547, 98.174217, 13554.097656>) as driver
16:41:12.609 [VehicleEngine] Player Da da Ya [uid=1OEPy6aKlMe0cmo8LieQDvVcsiu6iWAr2PUZdSF5eMI=] started vehicle Gunter 2 (id=7E54B4052B45739024C2F9B7CD1AD78F pos=<12446.810547, 98.174240, 13554.097656>)
16:41:33.480 [VehicleLeave] Player Da da Ya [uid=1OEPy6aKlMe0cmo8LieQDvVcsiu6iWAr2PUZdSF5eMI=] left vehicle Gunter 2 (id=7E54B4052B45739024C2F9B7CD1AD78F pos=<12565.507813, 93.294067, 13473.511719>)
16:41:35.257 [Killfeed] AI Taiki (PoliceStationScavs_Tier_1) был убит AI Irena (Ordinary_Scavengers_Tier_1(Novodmitrovsk)) с DT11 из 8 м расстояние.
16:42:27.187 [AI Patrol 00074] Despawning 1 Ordinary_Scavengers_Tier_1(Novodmitrovsk) (Raiders) bots (spawn position <11206.291016, 42.919998, 14337.508789>, 0/1 deceased)
16:42:27.187 [AI Patrol 00074] Global patrol count: 2
16:42:47.808 [VehicleEnter] Player Da da Ya [uid=1OEPy6aKlMe0cmo8LieQDvVcsiu6iWAr2PUZdSF5eMI=] entered vehicle Gunter 2 (id=7E54B4052B45739024C2F9B7CD1AD78F pos=<12565.507813, 93.294052, 13473.511719>) as driver
16:42:49.281 [VehicleEngine] Player Da da Ya [uid=1OEPy6aKlMe0cmo8LieQDvVcsiu6iWAr2PUZdSF5eMI=] started vehicle Gunter 2 (id=7E54B4052B45739024C2F9B7CD1AD78F pos=<12565.507813, 93.294044, 13473.511719>)
16:43:02.925 [VehicleLeave] Player Da da Ya [uid=1OEPy6aKlMe0cmo8LieQDvVcsiu6iWAr2PUZdSF5eMI=] left vehicle Gunter 2 (id=7E54B4052B45739024C2F9B7CD1AD78F pos=<12601.680664, 91.763542, 13422.109375>)
16:44:44.007 [AI Object Patrol 00130] Despawning 1 PoliceStationScavs_Tier_1 (Raiders) bots (spawn position <11482.828125, 46.467484, 14470.052734>, 1/2 deceased)
16:44:44.007 [AI Object Patrol 00130] Global patrol count: 1
16:49:32.734 [VehicleEnter] Player Da da Ya [uid=1OEPy6aKlMe0cmo8LieQDvVcsiu6iWAr2PUZdSF5eMI=] entered vehicle Gunter 2 (id=7E54B4052B45739024C2F9B7CD1AD78F pos=<12601.680664, 91.763542, 13422.109375>) as driver
16:49:34.859 [VehicleEngine] Player Da da Ya [uid=1OEPy6aKlMe0cmo8LieQDvVcsiu6iWAr2PUZdSF5eMI=] started vehicle Gunter 2 (id=7E54B4052B45739024C2F9B7CD1AD78F pos=<12601.680664, 91.763580, 13422.109375>)
16:49:38.640 [VehicleEngine] Player Da da Ya [uid=1OEPy6aKlMe0cmo8LieQDvVcsiu6iWAr2PUZdSF5eMI=] started vehicle Gunter 2 (id=7E54B4052B45739024C2F9B7CD1AD78F pos=<12601.680664, 91.763573, 13422.109375>)
16:49:43.316 [VehicleLeave] Player Da da Ya [uid=1OEPy6aKlMe0cmo8LieQDvVcsiu6iWAr2PUZdSF5eMI=] left vehicle Gunter 2 (id=7E54B4052B45739024C2F9B7CD1AD78F pos=<12601.680664, 91.763535, 13422.108398>)
17:01:32.359 [Party] Player "acey" (id=zc8VdK3LmE4uE8VdKbx2bOGlKghmh6pN2ye-63D6kCk=) joinded the party "Zenith Resolute" (id=0 ownerUID=zc8VdK3LmE4uE8VdKbx2bOGlKghmh6pN2ye-63D6kCk= ownerName=acey)
17:01:32.386 [Expansion Quests] Initialize quest system on the connected client with UID=zc8VdK3LmE4uE8VdKbx2bOGlKghmh6pN2ye-63D6kCk=
17:01:32.562 [Expansion Quests] Loaded existing player quest data for player with UID=zc8VdK3LmE4uE8VdKbx2bOGlKghmh6pN2ye-63D6kCk=
17:01:32.566 [Expansion Quests] - LoadGroupQuestData - Got cached group quest data for group with ID=0
17:01:32.566 [Expansion Quests] Check quest initialization for quest with ID=6901 | State=COMPLETED | Player UID=zc8VdK3LmE4uE8VdKbx2bOGlKghmh6pN2ye-63D6kCk=
17:01:32.566 [Expansion Quests] Check quest initialization for quest with ID=61601 | State=STARTED | Player UID=zc8VdK3LmE4uE8VdKbx2bOGlKghmh6pN2ye-63D6kCk=
17:01:32.566 [Expansion Quests] Create new quest instance for quest with ID=61601 | Player UID=zc8VdK3LmE4uE8VdKbx2bOGlKghmh6pN2ye-63D6kCk=
17:01:32.570 [Expansion Quests] Check quest initialization for quest with ID=6401 | State=COMPLETED | Player UID=zc8VdK3LmE4uE8VdKbx2bOGlKghmh6pN2ye-63D6kCk=
17:01:32.570 [Expansion Quests] Check quest initialization for quest with ID=6501 | State=COMPLETED | Player UID=zc8VdK3LmE4uE8VdKbx2bOGlKghmh6pN2ye-63D6kCk=
17:01:32.570 [Expansion Quests] Check quest initialization for quest with ID=8 | State=STARTED | Player UID=zc8VdK3LmE4uE8VdKbx2bOGlKghmh6pN2ye-63D6kCk=
17:01:32.570 [Expansion Quests] Create new quest instance for quest with ID=8 | Player UID=zc8VdK3LmE4uE8VdKbx2bOGlKghmh6pN2ye-63D6kCk=
17:01:32.574 [Expansion Quests] Check quest initialization for quest with ID=9 | State=COMPLETED | Player UID=zc8VdK3LmE4uE8VdKbx2bOGlKghmh6pN2ye-63D6kCk=
17:01:32.574 [Expansion Quests] Check quest initialization for quest with ID=11 | State=STARTED | Player UID=zc8VdK3LmE4uE8VdKbx2bOGlKghmh6pN2ye-63D6kCk=
17:01:32.574 [Expansion Quests] Create new quest instance for quest with ID=11 | Player UID=zc8VdK3LmE4uE8VdKbx2bOGlKghmh6pN2ye-63D6kCk=
17:01:32.574 [Expansion Quests] Check quest initialization for quest with ID=6701 | State=COMPLETED | Player UID=zc8VdK3LmE4uE8VdKbx2bOGlKghmh6pN2ye-63D6kCk=
17:01:32.574 [Expansion Quests] Check quest initialization for quest with ID=14 | State=COMPLETED | Player UID=zc8VdK3LmE4uE8VdKbx2bOGlKghmh6pN2ye-63D6kCk=
17:01:32.574 [Expansion Quests] Check quest initialization for quest with ID=61801 | State=STARTED | Player UID=zc8VdK3LmE4uE8VdKbx2bOGlKghmh6pN2ye-63D6kCk=
17:01:32.574 [Expansion Quests] Create new quest instance for quest with ID=61801 | Player UID=zc8VdK3LmE4uE8VdKbx2bOGlKghmh6pN2ye-63D6kCk=
17:01:32.578 [Expansion Quests] Check quest initialization for quest with ID=6101 | State=COMPLETED | Player UID=zc8VdK3LmE4uE8VdKbx2bOGlKghmh6pN2ye-63D6kCk=
17:01:32.578 [Expansion Quests] Check quest initialization for quest with ID=61301 | State=NONE | Player UID=zc8VdK3LmE4uE8VdKbx2bOGlKghmh6pN2ye-63D6kCk=
17:01:32.578 [Expansion Quests] Check quest initialization for quest with ID=61001 | State=COMPLETED | Player UID=zc8VdK3LmE4uE8VdKbx2bOGlKghmh6pN2ye-63D6kCk=
17:01:32.578 [Expansion Quests] Quest with ID=1 is not a a valid achievement or auto start quest. Skip quest for player with UID=zc8VdK3LmE4uE8VdKbx2bOGlKghmh6pN2ye-63D6kCk=
17:01:32.578 [Expansion Quests] Quest with ID=2 is not a a valid achievement or auto start quest. Skip quest for player with UID=zc8VdK3LmE4uE8VdKbx2bOGlKghmh6pN2ye-63D6kCk=
17:01:32.578 [Expansion Quests] Quest with ID=3 is not a a valid achievement or auto start quest. Skip quest for player with UID=zc8VdK3LmE4uE8VdKbx2bOGlKghmh6pN2ye-63D6kCk=
17:01:32.578 [Expansion Quests] Quest with ID=4 is not a a valid achievement or auto start quest. Skip quest for player with UID=zc8VdK3LmE4uE8VdKbx2bOGlKghmh6pN2ye-63D6kCk=
17:01:32.578 [Expansion Quests] Quest with ID=5 is not a a valid achievement or auto start quest. Skip quest for player with UID=zc8VdK3LmE4uE8VdKbx2bOGlKghmh6pN2ye-63D6kCk=
17:01:32.578 [Expansion Quests] Quest with ID=6 is not a a valid achievement or auto start quest. Skip quest for player with UID=zc8VdK3LmE4uE8VdKbx2bOGlKghmh6pN2ye-63D6kCk=
17:01:32.578 [Expansion Quests] Quest with ID=6401 is not a a valid achievement or auto start quest. Skip quest for player with UID=zc8VdK3LmE4uE8VdKbx2bOGlKghmh6pN2ye-63D6kCk=
17:01:32.578 [Expansion Quests] Quest with ID=301 is not a a valid achievement or auto start quest. Skip quest for player with UID=zc8VdK3LmE4uE8VdKbx2bOGlKghmh6pN2ye-63D6kCk=
17:01:32.578 [Expansion Quests] Quest with ID=10 is not a a valid achievement or auto start quest. Skip quest for player with UID=zc8VdK3LmE4uE8VdKbx2bOGlKghmh6pN2ye-63D6kCk=
17:01:32.578 [Expansion Quests] Quest with ID=12 is not a a valid achievement or auto start quest. Skip quest for player with UID=zc8VdK3LmE4uE8VdKbx2bOGlKghmh6pN2ye-63D6kCk=
17:01:32.578 [Expansion Quests] Quest with ID=13 is not a a valid achievement or auto start quest. Skip quest for player with UID=zc8VdK3LmE4uE8VdKbx2bOGlKghmh6pN2ye-63D6kCk=
17:01:32.578 [Expansion Quests] Quest with ID=15 is not a a valid achievement or auto start quest. Skip quest for player with UID=zc8VdK3LmE4uE8VdKbx2bOGlKghmh6pN2ye-63D6kCk=
17:01:32.578 [Expansion Quests] Quest with ID=16 is not a a valid achievement or auto start quest. Skip quest for player with UID=zc8VdK3LmE4uE8VdKbx2bOGlKghmh6pN2ye-63D6kCk=
17:01:32.578 [Expansion Quests] Quest with ID=17 is not a a valid achievement or auto start quest. Skip quest for player with UID=zc8VdK3LmE4uE8VdKbx2bOGlKghmh6pN2ye-63D6kCk=
17:01:32.578 [Expansion Quests] Quest with ID=18 is not a a valid achievement or auto start quest. Skip quest for player with UID=zc8VdK3LmE4uE8VdKbx2bOGlKghmh6pN2ye-63D6kCk=
17:01:32.578 [Expansion Quests] Quest with ID=19 is not a a valid achievement or auto start quest. Skip quest for player with UID=zc8VdK3LmE4uE8VdKbx2bOGlKghmh6pN2ye-63D6kCk=
17:01:32.578 [Expansion Quests] Quest with ID=20 is not a a valid achievement or auto start quest. Skip quest for player with UID=zc8VdK3LmE4uE8VdKbx2bOGlKghmh6pN2ye-63D6kCk=
17:01:32.578 [Expansion Quests] Quest with ID=21 is not a a valid achievement or auto start quest. Skip quest for player with UID=zc8VdK3LmE4uE8VdKbx2bOGlKghmh6pN2ye-63D6kCk=
17:01:32.578 [Expansion Quests] Quest with ID=22 is not a a valid achievement or auto start quest. Skip quest for player with UID=zc8VdK3LmE4uE8VdKbx2bOGlKghmh6pN2ye-63D6kCk=
17:01:32.578 [Expansion Quests] Quest with ID=23 is not a a valid achievement or auto start quest. Skip quest for player with UID=zc8VdK3LmE4uE8VdKbx2bOGlKghmh6pN2ye-63D6kCk=
17:01:32.578 [Expansion Quests] Quest with ID=26 is not a a valid achievement or auto start quest. Skip quest for player with UID=zc8VdK3LmE4uE8VdKbx2bOGlKghmh6pN2ye-63D6kCk=
17:01:32.582 [Expansion Quests] Quest with ID=61701 is not a a valid achievement or auto start quest. Skip quest for player with UID=zc8VdK3LmE4uE8VdKbx2bOGlKghmh6pN2ye-63D6kCk=
17:01:32.582 [Expansion Quests] Quest with ID=28 is not a a valid achievement or auto start quest. Skip quest for player with UID=zc8VdK3LmE4uE8VdKbx2bOGlKghmh6pN2ye-63D6kCk=
17:01:32.582 [Expansion Quests] Quest with ID=6301 is not a a valid achievement or auto start quest. Skip quest for player with UID=zc8VdK3LmE4uE8VdKbx2bOGlKghmh6pN2ye-63D6kCk=
17:01:32.582 [Expansion Quests] Quest with ID=31 is not a a valid achievement or auto start quest. Skip quest for player with UID=zc8VdK3LmE4uE8VdKbx2bOGlKghmh6pN2ye-63D6kCk=
17:01:32.582 [Expansion Quests] Quest with ID=7 is not a a valid achievement or auto start quest. Skip quest for player with UID=zc8VdK3LmE4uE8VdKbx2bOGlKghmh6pN2ye-63D6kCk=
17:01:32.582 [Expansion Quests] Quest with ID=6701 is not a a valid achievement or auto start quest. Skip quest for player with UID=zc8VdK3LmE4uE8VdKbx2bOGlKghmh6pN2ye-63D6kCk=
17:01:32.582 [Expansion Quests] Quest with ID=6501 is not a a valid achievement or auto start quest. Skip quest for player with UID=zc8VdK3LmE4uE8VdKbx2bOGlKghmh6pN2ye-63D6kCk=
17:01:32.582 [Expansion Quests] Quest with ID=62001 is not a a valid achievement or auto start quest. Skip quest for player with UID=zc8VdK3LmE4uE8VdKbx2bOGlKghmh6pN2ye-63D6kCk=
17:01:32.582 [Expansion Quests] Quest with ID=6801 is not a a valid achievement or auto start quest. Skip quest for player with UID=zc8VdK3LmE4uE8VdKbx2bOGlKghmh6pN2ye-63D6kCk=
17:01:32.582 [Expansion Quests] Quest with ID=402 is not a a valid achievement or auto start quest. Skip quest for player with UID=zc8VdK3LmE4uE8VdKbx2bOGlKghmh6pN2ye-63D6kCk=
17:01:32.582 [Expansion Quests] Quest with ID=6201 is not a a valid achievement or auto start quest. Skip quest for player with UID=zc8VdK3LmE4uE8VdKbx2bOGlKghmh6pN2ye-63D6kCk=
17:01:32.582 [Expansion Quests] Quest with ID=6202 is not a a valid achievement or auto start quest. Skip quest for player with UID=zc8VdK3LmE4uE8VdKbx2bOGlKghmh6pN2ye-63D6kCk=
17:01:32.582 [Expansion Quests] Quest with ID=61501 is not a a valid achievement or auto start quest. Skip quest for player with UID=zc8VdK3LmE4uE8VdKbx2bOGlKghmh6pN2ye-63D6kCk=
17:01:32.582 [Expansion Quests] Quest with ID=201 is not a a valid achievement or auto start quest. Skip quest for player with UID=zc8VdK3LmE4uE8VdKbx2bOGlKghmh6pN2ye-63D6kCk=
17:01:32.582 [Expansion Quests] Quest with ID=202 is not a a valid achievement or auto start quest. Skip quest for player with UID=zc8VdK3LmE4uE8VdKbx2bOGlKghmh6pN2ye-63D6kCk=
17:01:32.582 [Expansion Quests] Quest with ID=203 is not a a valid achievement or auto start quest. Skip quest for player with UID=zc8VdK3LmE4uE8VdKbx2bOGlKghmh6pN2ye-63D6kCk=
17:01:32.582 [Expansion Quests] Quest with ID=61901 is not a a valid achievement or auto start quest. Skip quest for player with UID=zc8VdK3LmE4uE8VdKbx2bOGlKghmh6pN2ye-63D6kCk=
17:01:32.582 [Expansion Quests] Quest with ID=61902 is not a a valid achievement or auto start quest. Skip quest for player with UID=zc8VdK3LmE4uE8VdKbx2bOGlKghmh6pN2ye-63D6kCk=
17:01:32.582 [Expansion Quests] Quest with ID=6101 is not a a valid achievement or auto start quest. Skip quest for player with UID=zc8VdK3LmE4uE8VdKbx2bOGlKghmh6pN2ye-63D6kCk=
17:01:32.582 [Expansion Quests] Quest with ID=401 is not a a valid achievement or auto start quest. Skip quest for player with UID=zc8VdK3LmE4uE8VdKbx2bOGlKghmh6pN2ye-63D6kCk=
17:01:32.582 [Expansion Quests] Quest with ID=29 is not a a valid achievement or auto start quest. Skip quest for player with UID=zc8VdK3LmE4uE8VdKbx2bOGlKghmh6pN2ye-63D6kCk=
17:01:32.582 [Expansion Quests] Quest with ID=61401 is not a a valid achievement or auto start quest. Skip quest for player with UID=zc8VdK3LmE4uE8VdKbx2bOGlKghmh6pN2ye-63D6kCk=
17:01:32.582 [Expansion Quests] Quest with ID=6601 is not a a valid achievement or auto start quest. Skip quest for player with UID=zc8VdK3LmE4uE8VdKbx2bOGlKghmh6pN2ye-63D6kCk=
17:01:32.582 [Expansion Quests] Quest with ID=61301 is not a a valid achievement or auto start quest. Skip quest for player with UID=zc8VdK3LmE4uE8VdKbx2bOGlKghmh6pN2ye-63D6kCk=
17:01:32.582 [Expansion Quests] Quest with ID=61101 is not a a valid achievement or auto start quest. Skip quest for player with UID=zc8VdK3LmE4uE8VdKbx2bOGlKghmh6pN2ye-63D6kCk=
17:01:32.585 [Expansion Quests] Quest with ID=101 is not a a valid achievement or auto start quest. Skip quest for player with UID=zc8VdK3LmE4uE8VdKbx2bOGlKghmh6pN2ye-63D6kCk=
17:01:32.585 [Expansion Quests] Quest with ID=102 is not a a valid achievement or auto start quest. Skip quest for player with UID=zc8VdK3LmE4uE8VdKbx2bOGlKghmh6pN2ye-63D6kCk=
17:01:32.585 [Expansion Quests] Quest with ID=61001 is not a a valid achievement or auto start quest. Skip quest for player with UID=zc8VdK3LmE4uE8VdKbx2bOGlKghmh6pN2ye-63D6kCk=
17:01:32.585 [Expansion Quests] Quest with ID=6901 is not a a valid achievement or auto start quest. Skip quest for player with UID=zc8VdK3LmE4uE8VdKbx2bOGlKghmh6pN2ye-63D6kCk=
17:01:32.585 [Expansion Quests] Quest with ID=61201 is not a a valid achievement or auto start quest. Skip quest for player with UID=zc8VdK3LmE4uE8VdKbx2bOGlKghmh6pN2ye-63D6kCk=
17:01:32.585 [Expansion Quests] Sending zc8VdK3LmE4uE8VdKbx2bOGlKghmh6pN2ye-63D6kCk= quest configs to client for player with UID=zc8VdK3LmE4uE8VdKbx2bOGlKghmh6pN2ye-63D6kCk=
17:01:32.617 [Expansion Quests] Sending player quest data for 13 quests to player with UID=zc8VdK3LmE4uE8VdKbx2bOGlKghmh6pN2ye-63D6kCk=
17:01:32.820 [Expansion Quests] Added new objective data for type=TRAVEL | Key=zc8VdK3LmE4uE8VdKbx2bOGlKghmh6pN2ye-63D6kCk= | ID=1301
17:01:32.820 [Expansion Quests] Added new objective data for type=TRAVEL | Key=zc8VdK3LmE4uE8VdKbx2bOGlKghmh6pN2ye-63D6kCk= | ID=1302
17:01:32.820 [Expansion Quests] Added new objective data for type=TRAVEL | Key=zc8VdK3LmE4uE8VdKbx2bOGlKghmh6pN2ye-63D6kCk= | ID=1303
17:01:32.824 [Expansion Quests] Added new objective data for type=DELIVERY | Key=zc8VdK3LmE4uE8VdKbx2bOGlKghmh6pN2ye-63D6kCk= | ID=401
17:01:32.828 [Expansion Quests] Updated and saved persistent player quest data for player with UID=zc8VdK3LmE4uE8VdKbx2bOGlKghmh6pN2ye-63D6kCk= | Quest ID=61801
17:01:33.320 [Expansion Quests] - LoadGroupQuestData - Got cached group quest data for group with ID=0
17:03:21.398 [VehicleEnter] Player acey [uid=zc8VdK3LmE4uE8VdKbx2bOGlKghmh6pN2ye-63D6kCk=] entered vehicle Gunter 2 (id=7E54B4052B45739024C2F9B7CD1AD78F pos=<12601.680664, 91.763542, 13422.108398>) as driver
17:03:23.621 [VehicleEngine] Player acey [uid=zc8VdK3LmE4uE8VdKbx2bOGlKghmh6pN2ye-63D6kCk=] started vehicle Gunter 2 (id=7E54B4052B45739024C2F9B7CD1AD78F pos=<12601.680664, 91.763550, 13422.108398>)
17:03:30.875 [VehicleEngine] Player acey [uid=zc8VdK3LmE4uE8VdKbx2bOGlKghmh6pN2ye-63D6kCk=] started vehicle Gunter 2 (id=7E54B4052B45739024C2F9B7CD1AD78F pos=<12601.680664, 91.763550, 13422.109375>)
17:03:36.890 [VehicleLeave] Player acey [uid=zc8VdK3LmE4uE8VdKbx2bOGlKghmh6pN2ye-63D6kCk=] left vehicle Gunter 2 (id=7E54B4052B45739024C2F9B7CD1AD78F pos=<12601.680664, 91.763535, 13422.109375>)
17:03:48.953 [AI Object Patrol 00041] Despawning 1 Ordinary_Raiders (Raiders) bots (spawn position <13348.310547, 95.345558, 12869.700195>, 0/1 deceased)
17:03:48.953 [AI Object Patrol 00041] Global patrol count: 0
17:07:34.855 [MissionAirdrop] An airdrop is heading towards "Elektrozavodsk" (pos=<9371.000000, 0.000000, 2229.000000> type=Random_Elektrozavodsk) with a ExpansionAirdropContainer
17:35:05.761 [BaseBuildingRaiding] ------------------------- Expansion Base Raiding Damage Report -------------------------
17:35:05.761 [BaseBuildingRaiding] Player "Da da Ya" (ID 1OEPy6aKlMe0cmo8LieQDvVcsiu6iWAr2PUZdSF5eMI=) at <12451.6, 98.57, 13558.9> damaged BF_WindowBarricade at <12451.2, 99.48, 13557.5>
17:35:05.761 [BaseBuildingRaiding] They dealt 2e-05 * 1 = 2e-05 damage with MeleeSharpLight_3 from FieldShovel
17:35:05.761 [BaseBuildingRaiding] Body hitpoints decreased from 100 to 100
17:35:05.761 [BaseBuildingRaiding] ----------------------------------------------------------------------------------------
17:35:34.511 [BaseBuildingRaiding] ------------------------- Expansion Base Raiding Damage Report -------------------------
17:35:34.511 [BaseBuildingRaiding] Player "Da da Ya" (ID 1OEPy6aKlMe0cmo8LieQDvVcsiu6iWAr2PUZdSF5eMI=) at <12456.8, 98.57, 13561.1> damaged BF_DoorBarricade at <12457, 98.53, 13561.7>
17:35:34.511 [BaseBuildingRaiding] They dealt 6.5 * 1 = 6.5 damage with MeleeFist from SurvivorF_Baty
17:35:34.511 [BaseBuildingRaiding] B_Upper_Frame hitpoints decreased from 9000 to 8993.5
17:35:34.511 [BaseBuildingRaiding] ----------------------------------------------------------------------------------------
17:46:10.441 [AI Patrol 00076] Spawning 1 Ordinary_Scavengers_Tier_1(Novodmitrovsk) (Raiders) bots at <11553.735352, 59.189106, 14890.910156>
17:46:10.500 [AI Patrol 00076] Global patrol count: 1
17:53:59.453 [Expansion Quests] Added new objective data for type=TRAVEL | Key=zc8VdK3LmE4uE8VdKbx2bOGlKghmh6pN2ye-63D6kCk= | ID=1301
17:53:59.453 [Expansion Quests] Added new objective data for type=TRAVEL | Key=zc8VdK3LmE4uE8VdKbx2bOGlKghmh6pN2ye-63D6kCk= | ID=1302
17:53:59.453 [Expansion Quests] Added new objective data for type=TRAVEL | Key=zc8VdK3LmE4uE8VdKbx2bOGlKghmh6pN2ye-63D6kCk= | ID=1303
17:53:59.453 [Expansion Quests] Added new objective data for type=DELIVERY | Key=zc8VdK3LmE4uE8VdKbx2bOGlKghmh6pN2ye-63D6kCk= | ID=401
17:53:59.457 [Expansion Quests] Updated and saved persistent player quest data for player with UID=zc8VdK3LmE4uE8VdKbx2bOGlKghmh6pN2ye-63D6kCk= | Quest ID=61801
17:53:59.957 [Expansion Quests] Added new objective data for type=TRAVEL | Key=zc8VdK3LmE4uE8VdKbx2bOGlKghmh6pN2ye-63D6kCk= | ID=1301
17:53:59.960 [Expansion Quests] Added new objective data for type=TRAVEL | Key=zc8VdK3LmE4uE8VdKbx2bOGlKghmh6pN2ye-63D6kCk= | ID=1302
17:53:59.960 [Expansion Quests] Added new objective data for type=TRAVEL | Key=zc8VdK3LmE4uE8VdKbx2bOGlKghmh6pN2ye-63D6kCk= | ID=1303
17:53:59.960 [Expansion Quests] Added new objective data for type=DELIVERY | Key=zc8VdK3LmE4uE8VdKbx2bOGlKghmh6pN2ye-63D6kCk= | ID=401
17:53:59.960 [Expansion Quests] Updated and saved persistent player quest data for player with UID=zc8VdK3LmE4uE8VdKbx2bOGlKghmh6pN2ye-63D6kCk= | Quest ID=61801
