21:36:03.984 [Party] Player "Survivor" (id=1OEPy6aKlMe0cmo8LieQDvVcsiu6iWAr2PUZdSF5eMI=) joinded the party "Falcon Resolute" (id=1 ownerUID=z63osPRVUnS8pzWmaenLtvu6c2gVxwL4gvA4elWPF5w= ownerName=Survivor (2))
21:36:03.984 [Expansion Quests] Initialize quest system on the connected client with UID=1OEPy6aKlMe0cmo8LieQDvVcsiu6iWAr2PUZdSF5eMI=
21:36:04.031 [Expansion Quests] Loaded existing player quest data for player with UID=1OEPy6aKlMe0cmo8LieQDvVcsiu6iWAr2PUZdSF5eMI=
21:36:04.031 [Expansion Quests] Loaded existing group quest data for group with ID=1
21:36:04.031 [Expansion Quests] Sending 1OEPy6aKlMe0cmo8LieQDvVcsiu6iWAr2PUZdSF5eMI= quest configs to client for player with UID=1OEPy6aKlMe0cmo8LieQDvVcsiu6iWAr2PUZdSF5eMI=
21:36:04.031 [Expansion Quests] Sending player quest data for 0 quests to player with UID=1OEPy6aKlMe0cmo8LieQDvVcsiu6iWAr2PUZdSF5eMI=
21:36:04.968 [Expansion Quests] - LoadGroupQuestData - Got cached group quest data for group with ID=1
21:40:53.421 [MissionAirdrop] An airdrop is heading towards "Elektrozavodsk" (pos=<9371.000000, 0.000000, 2229.000000> type=Random_Elektrozavodsk) with a ExpansionAirdropContainer
21:47:47.109 [AI Object Patrol 00160] Spawning 1 WaterPump_Tier0 (Raiders) bots at <12867.338867, 171.728897, 4436.785645>
21:47:47.125 [AI Object Patrol 00160] Global patrol count: 1
21:47:50.773 [AI Patrol 00079] Spawning 1 MysKrutoy_Tier2RR (Raiders) bots at <13433.612305, 9.700516, 4132.316406>
21:47:50.796 [AI Patrol 00079] Global patrol count: 2
21:47:52.218 [AI Object Patrol 00055] Spawning 2 PoliceStation_Tier1 (Raiders) bots at <12056.873047, 6.738662, 3602.189209>
21:47:52.242 [AI Object Patrol 00055] Global patrol count: 3
21:47:52.406 [AI Object Patrol 00012] Spawning 1 WaterPump_Tier0 (Raiders) bots at <12036.542969, 5.785109, 3589.177246>
21:47:52.414 [AI Object Patrol 00012] Global patrol count: 4
21:48:13.421 [Killfeed] AI Linda (WaterPump_Tier0) был убит AI Rolf (PoliceStation_Tier1) с БК-43 из 1 м расстояние.
21:48:14.359 [AI Object Patrol 00012] WaterPump_Tier0 (Raiders) bots were wiped out (spawn position <12036.542969, 5.785109, 3589.177246>, 1/1 deceased)
21:48:14.359 [AI Object Patrol 00012] Global patrol count: 3
21:50:34.851 [Killfeed] AI Oliver (MysKrutoy_Tier2RR) был убит [Falco] Survivor с Mlock-91 из 7 м расстояние.
21:50:38.960 [AI Patrol 00079] MysKrutoy_Tier2RR (Raiders) bots were wiped out (spawn position <13433.612305, 9.700516, 4132.316406>, 1/1 deceased)
21:50:38.960 [AI Patrol 00079] Global patrol count: 2
21:56:51.664 [AI Object Patrol 00056] Spawning 2 OilStation_Tier2RR (Raiders) bots at <13362.283203, 4.872909, 6628.747070>
21:56:51.687 [AI Object Patrol 00056] Global patrol count: 3
21:56:53.453 [Killfeed] [Falco] Survivor умер разбился с высоты.
21:56:59.453 [Party] Player "Survivor" (id=1OEPy6aKlMe0cmo8LieQDvVcsiu6iWAr2PUZdSF5eMI=) left the party "Falcon Resolute" (id=1 ownerUID=z63osPRVUnS8pzWmaenLtvu6c2gVxwL4gvA4elWPF5w= ownerName=Survivor (2))
21:58:29.328 [AI Object Patrol 00055] Despawning 2 PoliceStation_Tier1 (Raiders) bots (spawn position <12056.873047, 6.738662, 3602.189209>, 0/2 deceased)
21:58:29.328 [AI Object Patrol 00055] Global patrol count: 2
22:06:49.343 [AI Object Patrol 00056] Despawning 2 OilStation_Tier2RR (Raiders) bots (spawn position <13362.283203, 4.872909, 6628.747070>, 0/2 deceased)
22:06:49.343 [AI Object Patrol 00056] Global patrol count: 1
22:06:50.507 [AI Object Patrol 00160] Despawning 1 WaterPump_Tier0 (Raiders) bots (spawn position <12867.338867, 171.728897, 4436.785645>, 0/1 deceased)
22:06:50.507 [AI Object Patrol 00160] Global patrol count: 0
