17:33:56.804 [Expansion Quests] Added objects set for quest ID=5401 from file=q5301
17:33:56.804 [Expansion Quests] Added objects set for quest ID=2202 from file=q2202
17:33:56.804 [Expansion Quests] Added objects set for quest ID=2203 from file=q2203
17:33:56.804 [Expansion Quests] Added objects set for quest ID=2204 from file=q2204
17:33:56.804 [Expansion Quests] Added objects set for quest ID=2101 from file=q2101
17:33:56.804 [Expansion Quests] Added objects set for quest ID=61601 from file=q61601
17:33:56.804 [Expansion Quests] Added objects set for quest ID=2102 from file=q2102
17:33:56.808 [Expansion Quests] Added objects set for quest ID=2103 from file=q2103
17:33:56.808 [Expansion Quests] Added objects set for quest ID=2104 from file=q2104
17:33:56.808 [Expansion Quests] Added objects set for quest ID=2105 from file=q2105
17:33:56.808 [Expansion Quests] Added objects set for quest ID=6501 from file=q6501
17:33:56.808 [Expansion Quests] Added objects set for quest ID=5301 from file=q5301
17:33:56.808 [Expansion Quests] Added objects set for quest ID=5302 from file=q5302
17:33:56.808 [Expansion Quests] Added objects set for quest ID=5303 from file=q5303
17:33:56.808 [Expansion Quests] Added objects set for quest ID=5304 from file=q5304
17:33:56.808 [Expansion Quests] Added objects set for quest ID=61501 from file=q61501
17:33:56.808 [Expansion Quests] Added objects set for quest ID=61502 from file=q61502
17:33:56.808 [Expansion Quests] Added objects set for quest ID=61001 from file=q61001
17:33:56.808 [Expansion Quests] Added objects set for quest ID=2201 from file=q2201
17:33:56.808 [Expansion Quests] Added objects set for quest ID=1101 from file=q1101
17:33:56.808 [Expansion Quests] Added objects set for quest ID=1102 from file=q1102
17:33:56.808 [Expansion Quests] Added objects set for quest ID=1103 from file=q1102
17:33:56.808 [Expansion Quests] Added objects set for quest ID=1104 from file=q1104
17:33:56.808 [Expansion Quests] Added objects set for quest ID=1105 from file=q1105
17:33:56.808 [Expansion Quests] Added objects set for quest ID=5202 from file=q5202
17:33:56.808 [Expansion Quests] Added objects set for quest ID=5203 from file=q5203
17:33:56.808 [Expansion Quests] Added objects set for quest ID=2205 from file=q2205
17:33:56.808 [Expansion Quests] Added objects set for quest ID=6601 from file=q6601
17:33:56.808 [Expansion Quests] Added objects set for quest ID=5101 from file=q5101
17:33:56.808 [Expansion Quests] Added objects set for quest ID=5102 from file=q5102
17:33:56.808 [Expansion Quests] Added objects set for quest ID=5201 from file=q5201
17:34:33.996 [VehicleDestroyed] Truck_01_Covered (id=729F02FD5C4E2FC698213D8C78748B4E pos=<4176.32, 338.75, 10725.7>)
17:34:34.722 [VehicleDeleted] Truck_01_Covered (id=F767409E2E44A2DA645577813230DD63 pos=<4176.24, 339.63, 10725.8>)
17:34:57.652 [Party] Player "Tonby" (id=1OEPy6aKlMe0cmo8LieQDvVcsiu6iWAr2PUZdSF5eMI=) joinded the party "Knight Fallen" (id=1 ownerUID=1OEPy6aKlMe0cmo8LieQDvVcsiu6iWAr2PUZdSF5eMI= ownerName=Survivor)
17:34:57.656 [Expansion Quests] Initialize quest system on the connected client with UID=1OEPy6aKlMe0cmo8LieQDvVcsiu6iWAr2PUZdSF5eMI=
17:34:57.695 [Expansion Quests] Loaded existing player quest data for player with UID=1OEPy6aKlMe0cmo8LieQDvVcsiu6iWAr2PUZdSF5eMI=
17:34:57.695 [Expansion Quests] Loaded existing group quest data for group with ID=1
17:34:57.695 [Expansion Quests] Check quest initialization for quest with ID=61301 | State=NONE | Player UID=1OEPy6aKlMe0cmo8LieQDvVcsiu6iWAr2PUZdSF5eMI=
17:34:57.695 [Expansion Quests] Check quest initialization for quest with ID=6401 | State=COMPLETED | Player UID=1OEPy6aKlMe0cmo8LieQDvVcsiu6iWAr2PUZdSF5eMI=
17:34:57.695 [Expansion Quests] Check quest initialization for quest with ID=5101 | State=NONE | Player UID=1OEPy6aKlMe0cmo8LieQDvVcsiu6iWAr2PUZdSF5eMI=
17:34:57.695 [Expansion Quests] Check quest initialization for quest with ID=101 | State=COMPLETED | Player UID=1OEPy6aKlMe0cmo8LieQDvVcsiu6iWAr2PUZdSF5eMI=
17:34:57.695 [Expansion Quests] Check quest initialization for quest with ID=61101 | State=COMPLETED | Player UID=1OEPy6aKlMe0cmo8LieQDvVcsiu6iWAr2PUZdSF5eMI=
17:34:57.695 [Expansion Quests] Check quest initialization for quest with ID=6601 | State=COMPLETED | Player UID=1OEPy6aKlMe0cmo8LieQDvVcsiu6iWAr2PUZdSF5eMI=
17:34:57.695 [Expansion Quests] Check quest initialization for quest with ID=6101 | State=COMPLETED | Player UID=1OEPy6aKlMe0cmo8LieQDvVcsiu6iWAr2PUZdSF5eMI=
17:34:57.695 [Expansion Quests] Check quest initialization for quest with ID=6701 | State=COMPLETED | Player UID=1OEPy6aKlMe0cmo8LieQDvVcsiu6iWAr2PUZdSF5eMI=
17:34:57.695 [Expansion Quests] Check quest initialization for quest with ID=1102 | State=NONE | Player UID=1OEPy6aKlMe0cmo8LieQDvVcsiu6iWAr2PUZdSF5eMI=
17:34:57.695 [Expansion Quests] Check quest initialization for quest with ID=1103 | State=NONE | Player UID=1OEPy6aKlMe0cmo8LieQDvVcsiu6iWAr2PUZdSF5eMI=
17:34:57.695 [Expansion Quests] Check quest initialization for quest with ID=6501 | State=COMPLETED | Player UID=1OEPy6aKlMe0cmo8LieQDvVcsiu6iWAr2PUZdSF5eMI=
17:34:57.695 [Expansion Quests] Check quest initialization for quest with ID=6801 | State=COMPLETED | Player UID=1OEPy6aKlMe0cmo8LieQDvVcsiu6iWAr2PUZdSF5eMI=
17:34:57.695 [Expansion Quests] Check quest initialization for quest with ID=1104 | State=NONE | Player UID=1OEPy6aKlMe0cmo8LieQDvVcsiu6iWAr2PUZdSF5eMI=
17:34:57.695 [Expansion Quests] Check quest initialization for quest with ID=1101 | State=NONE | Player UID=1OEPy6aKlMe0cmo8LieQDvVcsiu6iWAr2PUZdSF5eMI=
17:34:57.699 [Expansion Quests] Check quest initialization for quest with ID=6901 | State=COMPLETED | Player UID=1OEPy6aKlMe0cmo8LieQDvVcsiu6iWAr2PUZdSF5eMI=
17:34:57.699 [Expansion Quests] Check quest initialization for quest with ID=2101 | State=COMPLETED | Player UID=1OEPy6aKlMe0cmo8LieQDvVcsiu6iWAr2PUZdSF5eMI=
17:34:57.699 [Expansion Quests] Check quest initialization for quest with ID=61501 | State=NONE | Player UID=1OEPy6aKlMe0cmo8LieQDvVcsiu6iWAr2PUZdSF5eMI=
17:34:57.699 [Expansion Quests] Check quest initialization for quest with ID=6201 | State=COMPLETED | Player UID=1OEPy6aKlMe0cmo8LieQDvVcsiu6iWAr2PUZdSF5eMI=
17:34:57.699 [Expansion Quests] Check quest initialization for quest with ID=61001 | State=COMPLETED | Player UID=1OEPy6aKlMe0cmo8LieQDvVcsiu6iWAr2PUZdSF5eMI=
17:34:57.699 [Expansion Quests] Check quest initialization for quest with ID=6301 | State=COMPLETED | Player UID=1OEPy6aKlMe0cmo8LieQDvVcsiu6iWAr2PUZdSF5eMI=
17:34:57.699 [Expansion Quests] Check quest initialization for quest with ID=61502 | State=COMPLETED | Player UID=1OEPy6aKlMe0cmo8LieQDvVcsiu6iWAr2PUZdSF5eMI=
17:34:57.699 [Expansion Quests] Quest with ID=6401 is not a a valid achievement or auto start quest. Skip quest for player with UID=1OEPy6aKlMe0cmo8LieQDvVcsiu6iWAr2PUZdSF5eMI=
17:34:57.699 [Expansion Quests] Quest with ID=6701 is not a a valid achievement or auto start quest. Skip quest for player with UID=1OEPy6aKlMe0cmo8LieQDvVcsiu6iWAr2PUZdSF5eMI=
17:34:57.699 [Expansion Quests] Quest with ID=61201 is not a a valid achievement or auto start quest. Skip quest for player with UID=1OEPy6aKlMe0cmo8LieQDvVcsiu6iWAr2PUZdSF5eMI=
17:34:57.699 [Expansion Quests] Quest with ID=5401 is not a a valid achievement or auto start quest. Skip quest for player with UID=1OEPy6aKlMe0cmo8LieQDvVcsiu6iWAr2PUZdSF5eMI=
17:34:57.699 [Expansion Quests] Quest with ID=2202 is not a a valid achievement or auto start quest. Skip quest for player with UID=1OEPy6aKlMe0cmo8LieQDvVcsiu6iWAr2PUZdSF5eMI=
17:34:57.699 [Expansion Quests] Quest with ID=2203 is not a a valid achievement or auto start quest. Skip quest for player with UID=1OEPy6aKlMe0cmo8LieQDvVcsiu6iWAr2PUZdSF5eMI=
17:34:57.699 [Expansion Quests] Quest with ID=2204 is not a a valid achievement or auto start quest. Skip quest for player with UID=1OEPy6aKlMe0cmo8LieQDvVcsiu6iWAr2PUZdSF5eMI=
17:34:57.699 [Expansion Quests] Quest with ID=6301 is not a a valid achievement or auto start quest. Skip quest for player with UID=1OEPy6aKlMe0cmo8LieQDvVcsiu6iWAr2PUZdSF5eMI=
17:34:57.699 [Expansion Quests] Quest with ID=2101 is not a a valid achievement or auto start quest. Skip quest for player with UID=1OEPy6aKlMe0cmo8LieQDvVcsiu6iWAr2PUZdSF5eMI=
17:34:57.699 [Expansion Quests] Quest with ID=61601 is not a a valid achievement or auto start quest. Skip quest for player with UID=1OEPy6aKlMe0cmo8LieQDvVcsiu6iWAr2PUZdSF5eMI=
17:34:57.699 [Expansion Quests] Quest with ID=2102 is not a a valid achievement or auto start quest. Skip quest for player with UID=1OEPy6aKlMe0cmo8LieQDvVcsiu6iWAr2PUZdSF5eMI=
17:34:57.699 [Expansion Quests] Quest with ID=2103 is not a a valid achievement or auto start quest. Skip quest for player with UID=1OEPy6aKlMe0cmo8LieQDvVcsiu6iWAr2PUZdSF5eMI=
17:34:57.703 [Expansion Quests] Quest with ID=2104 is not a a valid achievement or auto start quest. Skip quest for player with UID=1OEPy6aKlMe0cmo8LieQDvVcsiu6iWAr2PUZdSF5eMI=
17:34:57.703 [Expansion Quests] Quest with ID=2105 is not a a valid achievement or auto start quest. Skip quest for player with UID=1OEPy6aKlMe0cmo8LieQDvVcsiu6iWAr2PUZdSF5eMI=
17:34:57.703 [Expansion Quests] Quest with ID=61101 is not a a valid achievement or auto start quest. Skip quest for player with UID=1OEPy6aKlMe0cmo8LieQDvVcsiu6iWAr2PUZdSF5eMI=
17:34:57.703 [Expansion Quests] Quest with ID=6501 is not a a valid achievement or auto start quest. Skip quest for player with UID=1OEPy6aKlMe0cmo8LieQDvVcsiu6iWAr2PUZdSF5eMI=
17:34:57.703 [Expansion Quests] Quest with ID=62001 is not a a valid achievement or auto start quest. Skip quest for player with UID=1OEPy6aKlMe0cmo8LieQDvVcsiu6iWAr2PUZdSF5eMI=
17:34:57.703 [Expansion Quests] Quest with ID=6801 is not a a valid achievement or auto start quest. Skip quest for player with UID=1OEPy6aKlMe0cmo8LieQDvVcsiu6iWAr2PUZdSF5eMI=
17:34:57.703 [Expansion Quests] Quest with ID=5301 is not a a valid achievement or auto start quest. Skip quest for player with UID=1OEPy6aKlMe0cmo8LieQDvVcsiu6iWAr2PUZdSF5eMI=
17:34:57.703 [Expansion Quests] Quest with ID=5302 is not a a valid achievement or auto start quest. Skip quest for player with UID=1OEPy6aKlMe0cmo8LieQDvVcsiu6iWAr2PUZdSF5eMI=
17:34:57.703 [Expansion Quests] Quest with ID=5303 is not a a valid achievement or auto start quest. Skip quest for player with UID=1OEPy6aKlMe0cmo8LieQDvVcsiu6iWAr2PUZdSF5eMI=
17:34:57.703 [Expansion Quests] Quest with ID=5304 is not a a valid achievement or auto start quest. Skip quest for player with UID=1OEPy6aKlMe0cmo8LieQDvVcsiu6iWAr2PUZdSF5eMI=
17:34:57.703 [Expansion Quests] Quest with ID=6201 is not a a valid achievement or auto start quest. Skip quest for player with UID=1OEPy6aKlMe0cmo8LieQDvVcsiu6iWAr2PUZdSF5eMI=
17:34:57.703 [Expansion Quests] Quest with ID=61501 is not a a valid achievement or auto start quest. Skip quest for player with UID=1OEPy6aKlMe0cmo8LieQDvVcsiu6iWAr2PUZdSF5eMI=
17:34:57.703 [Expansion Quests] Quest with ID=61502 is not a a valid achievement or auto start quest. Skip quest for player with UID=1OEPy6aKlMe0cmo8LieQDvVcsiu6iWAr2PUZdSF5eMI=
17:34:57.703 [Expansion Quests] Quest with ID=61001 is not a a valid achievement or auto start quest. Skip quest for player with UID=1OEPy6aKlMe0cmo8LieQDvVcsiu6iWAr2PUZdSF5eMI=
17:34:57.703 [Expansion Quests] Quest with ID=2201 is not a a valid achievement or auto start quest. Skip quest for player with UID=1OEPy6aKlMe0cmo8LieQDvVcsiu6iWAr2PUZdSF5eMI=
17:34:57.703 [Expansion Quests] Quest with ID=1101 is not a a valid achievement or auto start quest. Skip quest for player with UID=1OEPy6aKlMe0cmo8LieQDvVcsiu6iWAr2PUZdSF5eMI=
17:34:57.703 [Expansion Quests] Quest with ID=1102 is not a a valid achievement or auto start quest. Skip quest for player with UID=1OEPy6aKlMe0cmo8LieQDvVcsiu6iWAr2PUZdSF5eMI=
17:34:57.703 [Expansion Quests] Quest with ID=1103 is not a a valid achievement or auto start quest. Skip quest for player with UID=1OEPy6aKlMe0cmo8LieQDvVcsiu6iWAr2PUZdSF5eMI=
17:34:57.703 [Expansion Quests] Quest with ID=1104 is not a a valid achievement or auto start quest. Skip quest for player with UID=1OEPy6aKlMe0cmo8LieQDvVcsiu6iWAr2PUZdSF5eMI=
17:34:57.703 [Expansion Quests] Quest with ID=1105 is not a a valid achievement or auto start quest. Skip quest for player with UID=1OEPy6aKlMe0cmo8LieQDvVcsiu6iWAr2PUZdSF5eMI=
17:34:57.703 [Expansion Quests] Quest with ID=5202 is not a a valid achievement or auto start quest. Skip quest for player with UID=1OEPy6aKlMe0cmo8LieQDvVcsiu6iWAr2PUZdSF5eMI=
17:34:57.703 [Expansion Quests] Quest with ID=5203 is not a a valid achievement or auto start quest. Skip quest for player with UID=1OEPy6aKlMe0cmo8LieQDvVcsiu6iWAr2PUZdSF5eMI=
17:34:57.703 [Expansion Quests] Quest with ID=6101 is not a a valid achievement or auto start quest. Skip quest for player with UID=1OEPy6aKlMe0cmo8LieQDvVcsiu6iWAr2PUZdSF5eMI=
17:34:57.703 [Expansion Quests] Quest with ID=2205 is not a a valid achievement or auto start quest. Skip quest for player with UID=1OEPy6aKlMe0cmo8LieQDvVcsiu6iWAr2PUZdSF5eMI=
17:34:57.703 [Expansion Quests] Quest with ID=61401 is not a a valid achievement or auto start quest. Skip quest for player with UID=1OEPy6aKlMe0cmo8LieQDvVcsiu6iWAr2PUZdSF5eMI=
17:34:57.703 [Expansion Quests] Quest with ID=6601 is not a a valid achievement or auto start quest. Skip quest for player with UID=1OEPy6aKlMe0cmo8LieQDvVcsiu6iWAr2PUZdSF5eMI=
17:34:57.703 [Expansion Quests] Quest with ID=6901 is not a a valid achievement or auto start quest. Skip quest for player with UID=1OEPy6aKlMe0cmo8LieQDvVcsiu6iWAr2PUZdSF5eMI=
17:34:57.707 [Expansion Quests] Quest with ID=5101 is not a a valid achievement or auto start quest. Skip quest for player with UID=1OEPy6aKlMe0cmo8LieQDvVcsiu6iWAr2PUZdSF5eMI=
17:34:57.707 [Expansion Quests] Quest with ID=5102 is not a a valid achievement or auto start quest. Skip quest for player with UID=1OEPy6aKlMe0cmo8LieQDvVcsiu6iWAr2PUZdSF5eMI=
17:34:57.707 [Expansion Quests] Quest with ID=5201 is not a a valid achievement or auto start quest. Skip quest for player with UID=1OEPy6aKlMe0cmo8LieQDvVcsiu6iWAr2PUZdSF5eMI=
17:34:57.707 [Expansion Quests] Quest with ID=61301 is not a a valid achievement or auto start quest. Skip quest for player with UID=1OEPy6aKlMe0cmo8LieQDvVcsiu6iWAr2PUZdSF5eMI=
17:34:57.707 [Expansion Quests] Quest with ID=2301 is not a a valid achievement or auto start quest. Skip quest for player with UID=1OEPy6aKlMe0cmo8LieQDvVcsiu6iWAr2PUZdSF5eMI=
17:34:57.710 [Expansion Quests] Sending 1OEPy6aKlMe0cmo8LieQDvVcsiu6iWAr2PUZdSF5eMI= quest configs to client for player with UID=1OEPy6aKlMe0cmo8LieQDvVcsiu6iWAr2PUZdSF5eMI=
17:34:57.710 [Expansion Quests] Sending player quest data for 21 quests to player with UID=1OEPy6aKlMe0cmo8LieQDvVcsiu6iWAr2PUZdSF5eMI=
17:34:57.718 [AI Patrol 00089] Spawning 2 Berezino_Tier1 (Raiders) bots at <12299.206055, 18.141518, 9481.648438>
17:34:57.757 [AI Patrol 00089] Global patrol count: 1
17:34:58.566 [Expansion Quests] - LoadGroupQuestData - Got cached group quest data for group with ID=1
17:36:59.574 [AI Patrol 00101] Spawning 1 Vysotovo_Tier1 (Raiders) bots at <5898.568848, 121.502998, 2819.557129>
17:36:59.621 [AI Patrol 00101] Global patrol count: 2
17:37:55.445 [AI Patrol 00089] Despawning 2 Berezino_Tier1 (Raiders) bots (spawn position <12299.206055, 18.141518, 9481.648438>, 0/2 deceased)
17:37:55.445 [AI Patrol 00089] Global patrol count: 1
17:39:39.953 [MissionAirdrop] An airdrop is heading towards "Elektrozavodsk" (pos=<9371.000000, 0.000000, 2229.000000> type=Random_Elektrozavodsk) with a ExpansionAirdropContainer_Medical
17:42:49.210 [Killfeed] AI Judy (Vysotovo_Tier1) умер от Химическое отравление.
17:42:49.960 [AI Patrol 00101] Vysotovo_Tier1 (Raiders) bots were wiped out (spawn position <5898.568848, 121.502998, 2819.557129>, 1/1 deceased)
17:42:49.960 [AI Patrol 00101] Global patrol count: 0
17:43:44.960 [AI Patrol 00101] Despawning 0 Vysotovo_Tier1 (Raiders) bots (spawn position <5898.568848, 121.502998, 2819.557129>, 1/1 deceased)
17:46:25.531 [AI Object Patrol 00201] Spawning 3 OilStation_Tier2RR (Raiders) bots at <13576.215820, 34.503681, 13292.907227>
17:46:25.554 [AI Object Patrol 00201] Global patrol count: 1
17:47:32.367 [Party] Player "Quvio" (id=z63osPRVUnS8pzWmaenLtvu6c2gVxwL4gvA4elWPF5w=) joinded the party "Knight Fallen" (id=1 ownerUID=1OEPy6aKlMe0cmo8LieQDvVcsiu6iWAr2PUZdSF5eMI= ownerName=Survivor)
17:47:32.371 [Expansion Quests] Initialize quest system on the connected client with UID=z63osPRVUnS8pzWmaenLtvu6c2gVxwL4gvA4elWPF5w=
17:47:32.414 [Expansion Quests] Loaded existing player quest data for player with UID=z63osPRVUnS8pzWmaenLtvu6c2gVxwL4gvA4elWPF5w=
17:47:32.414 [Expansion Quests] - LoadGroupQuestData - Got cached group quest data for group with ID=1
17:47:32.414 [Expansion Quests] Check quest initialization for quest with ID=6101 | State=COMPLETED | Player UID=z63osPRVUnS8pzWmaenLtvu6c2gVxwL4gvA4elWPF5w=
17:47:32.414 [Expansion Quests] Check quest initialization for quest with ID=6401 | State=COMPLETED | Player UID=z63osPRVUnS8pzWmaenLtvu6c2gVxwL4gvA4elWPF5w=
17:47:32.414 [Expansion Quests] Check quest initialization for quest with ID=5101 | State=NONE | Player UID=z63osPRVUnS8pzWmaenLtvu6c2gVxwL4gvA4elWPF5w=
17:47:32.414 [Expansion Quests] Check quest initialization for quest with ID=6501 | State=COMPLETED | Player UID=z63osPRVUnS8pzWmaenLtvu6c2gVxwL4gvA4elWPF5w=
17:47:32.414 [Expansion Quests] Check quest initialization for quest with ID=61101 | State=COMPLETED | Player UID=z63osPRVUnS8pzWmaenLtvu6c2gVxwL4gvA4elWPF5w=
17:47:32.414 [Expansion Quests] Check quest initialization for quest with ID=6601 | State=COMPLETED | Player UID=z63osPRVUnS8pzWmaenLtvu6c2gVxwL4gvA4elWPF5w=
17:47:32.414 [Expansion Quests] Check quest initialization for quest with ID=6901 | State=COMPLETED | Player UID=z63osPRVUnS8pzWmaenLtvu6c2gVxwL4gvA4elWPF5w=
17:47:32.414 [Expansion Quests] Check quest initialization for quest with ID=61401 | State=NONE | Player UID=z63osPRVUnS8pzWmaenLtvu6c2gVxwL4gvA4elWPF5w=
17:47:32.414 [Expansion Quests] Check quest initialization for quest with ID=6701 | State=COMPLETED | Player UID=z63osPRVUnS8pzWmaenLtvu6c2gVxwL4gvA4elWPF5w=
17:47:32.414 [Expansion Quests] Check quest initialization for quest with ID=101 | State=COMPLETED | Player UID=z63osPRVUnS8pzWmaenLtvu6c2gVxwL4gvA4elWPF5w=
17:47:32.414 [Expansion Quests] Check quest initialization for quest with ID=6801 | State=COMPLETED | Player UID=z63osPRVUnS8pzWmaenLtvu6c2gVxwL4gvA4elWPF5w=
17:47:32.414 [Expansion Quests] Check quest initialization for quest with ID=61201 | State=STARTED | Player UID=z63osPRVUnS8pzWmaenLtvu6c2gVxwL4gvA4elWPF5w=
17:47:32.417 [Expansion Quests] Create new quest instance for quest with ID=61201 | Player UID=z63osPRVUnS8pzWmaenLtvu6c2gVxwL4gvA4elWPF5w=
17:47:32.417 [Expansion Quests] Check quest initialization for quest with ID=61301 | State=NONE | Player UID=z63osPRVUnS8pzWmaenLtvu6c2gVxwL4gvA4elWPF5w=
17:47:32.417 [Expansion Quests] Check quest initialization for quest with ID=2101 | State=COMPLETED | Player UID=z63osPRVUnS8pzWmaenLtvu6c2gVxwL4gvA4elWPF5w=
17:47:32.417 [Expansion Quests] Check quest initialization for quest with ID=61501 | State=NONE | Player UID=z63osPRVUnS8pzWmaenLtvu6c2gVxwL4gvA4elWPF5w=
17:47:32.417 [Expansion Quests] Check quest initialization for quest with ID=6201 | State=COMPLETED | Player UID=z63osPRVUnS8pzWmaenLtvu6c2gVxwL4gvA4elWPF5w=
17:47:32.417 [Expansion Quests] Check quest initialization for quest with ID=61001 | State=COMPLETED | Player UID=z63osPRVUnS8pzWmaenLtvu6c2gVxwL4gvA4elWPF5w=
17:47:32.417 [Expansion Quests] Check quest initialization for quest with ID=6301 | State=COMPLETED | Player UID=z63osPRVUnS8pzWmaenLtvu6c2gVxwL4gvA4elWPF5w=
17:47:32.417 [Expansion Quests] Check quest initialization for quest with ID=61502 | State=COMPLETED | Player UID=z63osPRVUnS8pzWmaenLtvu6c2gVxwL4gvA4elWPF5w=
17:47:32.417 [Expansion Quests] Quest with ID=6401 is not a a valid achievement or auto start quest. Skip quest for player with UID=z63osPRVUnS8pzWmaenLtvu6c2gVxwL4gvA4elWPF5w=
17:47:32.417 [Expansion Quests] Quest with ID=6701 is not a a valid achievement or auto start quest. Skip quest for player with UID=z63osPRVUnS8pzWmaenLtvu6c2gVxwL4gvA4elWPF5w=
17:47:32.417 [Expansion Quests] Quest with ID=5401 is not a a valid achievement or auto start quest. Skip quest for player with UID=z63osPRVUnS8pzWmaenLtvu6c2gVxwL4gvA4elWPF5w=
17:47:32.421 [Expansion Quests] Quest with ID=2202 is not a a valid achievement or auto start quest. Skip quest for player with UID=z63osPRVUnS8pzWmaenLtvu6c2gVxwL4gvA4elWPF5w=
17:47:32.421 [Expansion Quests] Quest with ID=2203 is not a a valid achievement or auto start quest. Skip quest for player with UID=z63osPRVUnS8pzWmaenLtvu6c2gVxwL4gvA4elWPF5w=
17:47:32.421 [Expansion Quests] Quest with ID=2204 is not a a valid achievement or auto start quest. Skip quest for player with UID=z63osPRVUnS8pzWmaenLtvu6c2gVxwL4gvA4elWPF5w=
17:47:32.421 [Expansion Quests] Quest with ID=6301 is not a a valid achievement or auto start quest. Skip quest for player with UID=z63osPRVUnS8pzWmaenLtvu6c2gVxwL4gvA4elWPF5w=
17:47:32.421 [Expansion Quests] Quest with ID=2101 is not a a valid achievement or auto start quest. Skip quest for player with UID=z63osPRVUnS8pzWmaenLtvu6c2gVxwL4gvA4elWPF5w=
17:47:32.421 [Expansion Quests] Quest with ID=61601 is not a a valid achievement or auto start quest. Skip quest for player with UID=z63osPRVUnS8pzWmaenLtvu6c2gVxwL4gvA4elWPF5w=
17:47:32.421 [Expansion Quests] Quest with ID=2102 is not a a valid achievement or auto start quest. Skip quest for player with UID=z63osPRVUnS8pzWmaenLtvu6c2gVxwL4gvA4elWPF5w=
17:47:32.421 [Expansion Quests] Quest with ID=2103 is not a a valid achievement or auto start quest. Skip quest for player with UID=z63osPRVUnS8pzWmaenLtvu6c2gVxwL4gvA4elWPF5w=
17:47:32.421 [Expansion Quests] Quest with ID=2104 is not a a valid achievement or auto start quest. Skip quest for player with UID=z63osPRVUnS8pzWmaenLtvu6c2gVxwL4gvA4elWPF5w=
17:47:32.421 [Expansion Quests] Quest with ID=2105 is not a a valid achievement or auto start quest. Skip quest for player with UID=z63osPRVUnS8pzWmaenLtvu6c2gVxwL4gvA4elWPF5w=
17:47:32.421 [Expansion Quests] Quest with ID=61101 is not a a valid achievement or auto start quest. Skip quest for player with UID=z63osPRVUnS8pzWmaenLtvu6c2gVxwL4gvA4elWPF5w=
17:47:32.421 [Expansion Quests] Quest with ID=6501 is not a a valid achievement or auto start quest. Skip quest for player with UID=z63osPRVUnS8pzWmaenLtvu6c2gVxwL4gvA4elWPF5w=
17:47:32.421 [Expansion Quests] Quest with ID=62001 is not a a valid achievement or auto start quest. Skip quest for player with UID=z63osPRVUnS8pzWmaenLtvu6c2gVxwL4gvA4elWPF5w=
17:47:32.421 [Expansion Quests] Quest with ID=6801 is not a a valid achievement or auto start quest. Skip quest for player with UID=z63osPRVUnS8pzWmaenLtvu6c2gVxwL4gvA4elWPF5w=
17:47:32.421 [Expansion Quests] Quest with ID=5301 is not a a valid achievement or auto start quest. Skip quest for player with UID=z63osPRVUnS8pzWmaenLtvu6c2gVxwL4gvA4elWPF5w=
17:47:32.421 [Expansion Quests] Quest with ID=5302 is not a a valid achievement or auto start quest. Skip quest for player with UID=z63osPRVUnS8pzWmaenLtvu6c2gVxwL4gvA4elWPF5w=
17:47:32.421 [Expansion Quests] Quest with ID=5303 is not a a valid achievement or auto start quest. Skip quest for player with UID=z63osPRVUnS8pzWmaenLtvu6c2gVxwL4gvA4elWPF5w=
17:47:32.421 [Expansion Quests] Quest with ID=5304 is not a a valid achievement or auto start quest. Skip quest for player with UID=z63osPRVUnS8pzWmaenLtvu6c2gVxwL4gvA4elWPF5w=
17:47:32.421 [Expansion Quests] Quest with ID=6201 is not a a valid achievement or auto start quest. Skip quest for player with UID=z63osPRVUnS8pzWmaenLtvu6c2gVxwL4gvA4elWPF5w=
17:47:32.421 [Expansion Quests] Quest with ID=61501 is not a a valid achievement or auto start quest. Skip quest for player with UID=z63osPRVUnS8pzWmaenLtvu6c2gVxwL4gvA4elWPF5w=
17:47:32.425 [Expansion Quests] Quest with ID=61502 is not a a valid achievement or auto start quest. Skip quest for player with UID=z63osPRVUnS8pzWmaenLtvu6c2gVxwL4gvA4elWPF5w=
17:47:32.425 [Expansion Quests] Quest with ID=61001 is not a a valid achievement or auto start quest. Skip quest for player with UID=z63osPRVUnS8pzWmaenLtvu6c2gVxwL4gvA4elWPF5w=
17:47:32.425 [Expansion Quests] Quest with ID=2201 is not a a valid achievement or auto start quest. Skip quest for player with UID=z63osPRVUnS8pzWmaenLtvu6c2gVxwL4gvA4elWPF5w=
17:47:32.425 [Expansion Quests] Quest with ID=1101 is not a a valid achievement or auto start quest. Skip quest for player with UID=z63osPRVUnS8pzWmaenLtvu6c2gVxwL4gvA4elWPF5w=
17:47:32.425 [Expansion Quests] Quest with ID=1102 is not a a valid achievement or auto start quest. Skip quest for player with UID=z63osPRVUnS8pzWmaenLtvu6c2gVxwL4gvA4elWPF5w=
17:47:32.425 [Expansion Quests] Quest with ID=1103 is not a a valid achievement or auto start quest. Skip quest for player with UID=z63osPRVUnS8pzWmaenLtvu6c2gVxwL4gvA4elWPF5w=
17:47:32.425 [Expansion Quests] Quest with ID=1104 is not a a valid achievement or auto start quest. Skip quest for player with UID=z63osPRVUnS8pzWmaenLtvu6c2gVxwL4gvA4elWPF5w=
17:47:32.425 [Expansion Quests] Quest with ID=1105 is not a a valid achievement or auto start quest. Skip quest for player with UID=z63osPRVUnS8pzWmaenLtvu6c2gVxwL4gvA4elWPF5w=
17:47:32.425 [Expansion Quests] Quest with ID=5202 is not a a valid achievement or auto start quest. Skip quest for player with UID=z63osPRVUnS8pzWmaenLtvu6c2gVxwL4gvA4elWPF5w=
17:47:32.425 [Expansion Quests] Quest with ID=5203 is not a a valid achievement or auto start quest. Skip quest for player with UID=z63osPRVUnS8pzWmaenLtvu6c2gVxwL4gvA4elWPF5w=
17:47:32.425 [Expansion Quests] Quest with ID=6101 is not a a valid achievement or auto start quest. Skip quest for player with UID=z63osPRVUnS8pzWmaenLtvu6c2gVxwL4gvA4elWPF5w=
17:47:32.425 [Expansion Quests] Quest with ID=2205 is not a a valid achievement or auto start quest. Skip quest for player with UID=z63osPRVUnS8pzWmaenLtvu6c2gVxwL4gvA4elWPF5w=
17:47:32.425 [Expansion Quests] Quest with ID=61401 is not a a valid achievement or auto start quest. Skip quest for player with UID=z63osPRVUnS8pzWmaenLtvu6c2gVxwL4gvA4elWPF5w=
17:47:32.425 [Expansion Quests] Quest with ID=6601 is not a a valid achievement or auto start quest. Skip quest for player with UID=z63osPRVUnS8pzWmaenLtvu6c2gVxwL4gvA4elWPF5w=
17:47:32.425 [Expansion Quests] Quest with ID=6901 is not a a valid achievement or auto start quest. Skip quest for player with UID=z63osPRVUnS8pzWmaenLtvu6c2gVxwL4gvA4elWPF5w=
17:47:32.429 [Expansion Quests] Quest with ID=5101 is not a a valid achievement or auto start quest. Skip quest for player with UID=z63osPRVUnS8pzWmaenLtvu6c2gVxwL4gvA4elWPF5w=
17:47:32.429 [Expansion Quests] Quest with ID=5102 is not a a valid achievement or auto start quest. Skip quest for player with UID=z63osPRVUnS8pzWmaenLtvu6c2gVxwL4gvA4elWPF5w=
17:47:32.429 [Expansion Quests] Quest with ID=5201 is not a a valid achievement or auto start quest. Skip quest for player with UID=z63osPRVUnS8pzWmaenLtvu6c2gVxwL4gvA4elWPF5w=
17:47:32.429 [Expansion Quests] Quest with ID=61301 is not a a valid achievement or auto start quest. Skip quest for player with UID=z63osPRVUnS8pzWmaenLtvu6c2gVxwL4gvA4elWPF5w=
17:47:32.429 [Expansion Quests] Quest with ID=2301 is not a a valid achievement or auto start quest. Skip quest for player with UID=z63osPRVUnS8pzWmaenLtvu6c2gVxwL4gvA4elWPF5w=
17:47:32.433 [Expansion Quests] Sending z63osPRVUnS8pzWmaenLtvu6c2gVxwL4gvA4elWPF5w= quest configs to client for player with UID=z63osPRVUnS8pzWmaenLtvu6c2gVxwL4gvA4elWPF5w=
17:47:32.433 [Expansion Quests] Sending player quest data for 19 quests to player with UID=z63osPRVUnS8pzWmaenLtvu6c2gVxwL4gvA4elWPF5w=
17:47:32.445 [AI Object Patrol 00011] Spawning 1 WaterPump_Tier0 (Raiders) bots at <8131.148926, 5.997971, 3222.329102>
17:47:32.457 [AI Object Patrol 00011] Global patrol count: 2
17:47:33.359 [Expansion Quests] - LoadGroupQuestData - Got cached group quest data for group with ID=1
17:48:55.570 [AI Object Patrol 00011] Despawning 1 WaterPump_Tier0 (Raiders) bots (spawn position <8131.148926, 5.997971, 3222.329102>, 0/1 deceased)
17:48:55.570 [AI Object Patrol 00011] Global patrol count: 1
17:49:47.750 [ExplosionDamageSystem] About to explode ExpansionC4_Ammo from Expansion_C4_Explosion<1ed43240> at <13949.8, 20.01, 13268.3> EXPLOSION range 5 dropoff 2.5
17:49:50.460 [ExplosionDamageSystem] About to explode ExpansionC4_Ammo from Expansion_C4_Explosion<dc65f50> at <13943.4, 18.57, 13276.7> EXPLOSION range 5 dropoff 2.5
17:51:46.503 [ExplosionDamageSystem] About to explode LandFuelFeed_Ammo from Land_FuelStation_Feed<8d47ab0> at <13571.4, 35.32, 13328.6> EXPLOSION range 20 dropoff 5
17:52:14.289 [AI Patrol 00083] Spawning 2 Svetloyarsk_Tier1 (Raiders) bots at <13998.887695, 3.290000, 13495.405273>
17:52:14.312 [AI Patrol 00083] Global patrol count: 2
17:52:14.378 [AI Object Patrol 00046] Spawning 1 WaterPump_Tier0 (Raiders) bots at <13783.378906, 20.059999, 13287.467773>
17:52:14.390 [AI Object Patrol 00046] Global patrol count: 3
17:52:18.789 [AI Object Patrol 00045] Spawning 1 PoliceStation_Tier2 (Raiders) bots at <13832.043945, 20.748821, 13222.373047>
17:52:18.812 [AI Object Patrol 00045] Global patrol count: 4
17:52:41.328 [AI Object Patrol 00212] Spawning 1 HospitalStation_Tier2 (Raiders) bots at <11426.481445, 78.356651, 14590.118164>
17:52:41.375 [AI Object Patrol 00212] Global patrol count: 5
17:52:43.070 [AI Object Patrol 00213] Spawning 1 WaterPump_Tier0 (Raiders) bots at <12707.208984, 91.555702, 14569.570313>
17:52:43.082 [AI Object Patrol 00213] Global patrol count: 6
17:52:55.476 [AI Patrol 00109] Spawning 1 Novodmitrovsk_Tier2 (Raiders) bots at <11274.292969, 100.502998, 14588.840820>
17:52:55.500 [AI Patrol 00109] Global patrol count: 7
17:52:57.011 [AI Patrol 00107] Spawning 1 Novodmitrovsk_Tier2 (Raiders) bots at <11144.682617, 75.502998, 14355.295898>
17:52:57.058 [AI Patrol 00107] Global patrol count: 8
17:53:04.187 [AI Patrol 00108] Spawning 1 Novodmitrovsk_Tier2 (Raiders) bots at <10976.635742, 67.502998, 14355.532227>
17:53:04.210 [AI Patrol 00108] Global patrol count: 9
17:53:06.644 [AI Object Patrol 00201] Despawning 3 OilStation_Tier2RR (Raiders) bots (spawn position <13576.215820, 34.503681, 13292.907227>, 0/3 deceased)
17:53:06.644 [AI Object Patrol 00201] Global patrol count: 8
17:53:14.503 [AI Patrol 00105] Spawning 2 Novodmitrovsk_Tier1 (Raiders) bots at <11956.069336, 27.402851, 14329.714844>
17:53:14.523 [AI Patrol 00105] Global patrol count: 9
17:53:40.242 [AI Patrol 00083] Despawning 2 Svetloyarsk_Tier1 (Raiders) bots (spawn position <13998.887695, 3.290000, 13495.405273>, 0/2 deceased)
17:53:40.242 [AI Patrol 00083] Global patrol count: 8
17:53:40.761 [AI Object Patrol 00045] Despawning 1 PoliceStation_Tier2 (Raiders) bots (spawn position <13832.043945, 20.748821, 13222.373047>, 0/1 deceased)
17:53:40.761 [AI Object Patrol 00045] Global patrol count: 7
17:53:40.960 [AI Object Patrol 00213] Despawning 1 WaterPump_Tier0 (Raiders) bots (spawn position <12707.208984, 91.555702, 14569.570313>, 0/1 deceased)
17:53:40.960 [AI Object Patrol 00213] Global patrol count: 6
17:53:41.312 [AI Object Patrol 00046] Despawning 1 WaterPump_Tier0 (Raiders) bots (spawn position <13783.378906, 20.059999, 13287.467773>, 0/1 deceased)
17:53:41.312 [AI Object Patrol 00046] Global patrol count: 5
17:53:54.984 [AI Object Patrol 00043] Spawning 1 WaterPump_Tier0 (Raiders) bots at <10773.065430, 52.559616, 14350.085938>
17:53:55.000 [AI Object Patrol 00043] Global patrol count: 6
17:54:19.062 [AI Patrol 00106] Spawning 1 Novodmitrovsk_Tier2 (Raiders) bots at <11697.742188, 44.717163, 14515.916992>
17:54:19.089 [AI Patrol 00106] Global patrol count: 7
17:54:28.882 [AI Object Patrol 00211] Spawning 3 PoliceStation_Tier2 (Raiders) bots at <11495.940430, 54.291721, 14480.150391>
17:54:28.902 [AI Object Patrol 00211] Global patrol count: 8
17:55:00.710 [AI Patrol 00110] Spawning 1 Svergino_Tier2RR (Raiders) bots at <9723.213867, 80.446350, 13902.025391>
17:55:00.730 [AI Patrol 00110] Global patrol count: 9
17:55:12.410 [Killfeed] AI Maria (Novodmitrovsk_Tier2) был убит [Knigh] Quvio с AUR AX из 92 м расстояние.
17:55:15.828 [AI Patrol 00107] Novodmitrovsk_Tier2 (Raiders) bots were wiped out (spawn position <11144.682617, 75.502998, 14355.295898>, 1/1 deceased)
17:55:15.828 [AI Patrol 00107] Global patrol count: 8
17:55:20.457 [AI Patrol 00105] Despawning 2 Novodmitrovsk_Tier1 (Raiders) bots (spawn position <11956.069336, 27.402851, 14329.714844>, 0/2 deceased)
17:55:20.460 [AI Patrol 00105] Global patrol count: 7
17:55:47.046 [Killfeed] AI Denis (HospitalStation_Tier2) был убит AI Linda (PoliceStation_Tier2) с ADAR 2-15 из 11 м расстояние.
17:55:49.394 [AI Object Patrol 00212] HospitalStation_Tier2 (Raiders) bots were wiped out (spawn position <11426.481445, 78.356651, 14590.118164>, 1/1 deceased)
17:55:49.394 [AI Object Patrol 00212] Global patrol count: 6
17:57:04.566 [Killfeed] AI Indar (PoliceStation_Tier2) был убит [Knigh] Quvio с AUR AX из 77 м расстояние.
17:57:40.402 [Party] Player "Tonby" (id=1OEPy6aKlMe0cmo8LieQDvVcsiu6iWAr2PUZdSF5eMI=) left the party "Knight Fallen" (id=1 ownerUID=1OEPy6aKlMe0cmo8LieQDvVcsiu6iWAr2PUZdSF5eMI= ownerName=Survivor)
