23:41:33.335 [Expansion Quests] Added objects set for quest ID=5401 from file=q5301
23:41:33.382 [Expansion Quests] Added objects set for quest ID=2202 from file=q2202
23:41:33.382 [Expansion Quests] Added objects set for quest ID=2203 from file=q2203
23:41:33.382 [Expansion Quests] Added objects set for quest ID=2204 from file=q2204
23:41:33.382 [Expansion Quests] Added objects set for quest ID=2101 from file=q2101
23:41:33.382 [Expansion Quests] Added objects set for quest ID=61601 from file=q61601
23:41:33.382 [Expansion Quests] Added objects set for quest ID=2102 from file=q2102
23:41:33.382 [Expansion Quests] Added objects set for quest ID=2103 from file=q2103
23:41:33.382 [Expansion Quests] Added objects set for quest ID=2104 from file=q2104
23:41:33.382 [Expansion Quests] Added objects set for quest ID=2105 from file=q2105
23:41:33.382 [Expansion Quests] Added objects set for quest ID=6501 from file=q6501
23:41:33.382 [Expansion Quests] Added objects set for quest ID=5301 from file=q5301
23:41:33.382 [Expansion Quests] Added objects set for quest ID=5302 from file=q5302
23:41:33.382 [Expansion Quests] Added objects set for quest ID=5303 from file=q5303
23:41:33.382 [Expansion Quests] Added objects set for quest ID=5304 from file=q5304
23:41:33.382 [Expansion Quests] Added objects set for quest ID=61501 from file=q61501
23:41:33.382 [Expansion Quests] Added objects set for quest ID=61502 from file=q61502
23:41:33.382 [Expansion Quests] Added objects set for quest ID=61001 from file=q61001
23:41:33.382 [Expansion Quests] Added objects set for quest ID=2201 from file=q2201
23:41:33.382 [Expansion Quests] Added objects set for quest ID=1101 from file=q1101
23:41:33.382 [Expansion Quests] Added objects set for quest ID=1102 from file=q1102
23:41:33.382 [Expansion Quests] Added objects set for quest ID=1103 from file=q1102
23:41:33.382 [Expansion Quests] Added objects set for quest ID=1104 from file=q1104
23:41:33.382 [Expansion Quests] Added objects set for quest ID=1105 from file=q1105
23:41:33.382 [Expansion Quests] Added objects set for quest ID=5202 from file=q5202
23:41:33.382 [Expansion Quests] Added objects set for quest ID=5203 from file=q5203
23:41:33.382 [Expansion Quests] Added objects set for quest ID=2205 from file=q2205
23:41:33.382 [Expansion Quests] Added objects set for quest ID=6601 from file=q6601
23:41:33.382 [Expansion Quests] Added objects set for quest ID=5101 from file=q5101
23:41:33.382 [Expansion Quests] Added objects set for quest ID=5102 from file=q5102
23:41:33.382 [Expansion Quests] Added objects set for quest ID=5201 from file=q5201
23:43:41.398 [Party] Player "Tonby" (id=1OEPy6aKlMe0cmo8LieQDvVcsiu6iWAr2PUZdSF5eMI=) joinded the party "Knight Fallen" (id=1 ownerUID=1OEPy6aKlMe0cmo8LieQDvVcsiu6iWAr2PUZdSF5eMI= ownerName=Survivor)
23:43:41.398 [Expansion Quests] Initialize quest system on the connected client with UID=1OEPy6aKlMe0cmo8LieQDvVcsiu6iWAr2PUZdSF5eMI=
23:43:41.484 [Expansion Quests] Loaded existing player quest data for player with UID=1OEPy6aKlMe0cmo8LieQDvVcsiu6iWAr2PUZdSF5eMI=
23:43:41.492 [Expansion Quests] Loaded existing group quest data for group with ID=1
23:43:41.492 [Expansion Quests] Check quest initialization for quest with ID=6101 | State=COMPLETED | Player UID=1OEPy6aKlMe0cmo8LieQDvVcsiu6iWAr2PUZdSF5eMI=
23:43:41.492 [Expansion Quests] Check quest initialization for quest with ID=6401 | State=COMPLETED | Player UID=1OEPy6aKlMe0cmo8LieQDvVcsiu6iWAr2PUZdSF5eMI=
23:43:41.492 [Expansion Quests] Check quest initialization for quest with ID=5101 | State=NONE | Player UID=1OEPy6aKlMe0cmo8LieQDvVcsiu6iWAr2PUZdSF5eMI=
23:43:41.492 [Expansion Quests] Check quest initialization for quest with ID=101 | State=COMPLETED | Player UID=1OEPy6aKlMe0cmo8LieQDvVcsiu6iWAr2PUZdSF5eMI=
23:43:41.492 [Expansion Quests] Check quest initialization for quest with ID=61101 | State=COMPLETED | Player UID=1OEPy6aKlMe0cmo8LieQDvVcsiu6iWAr2PUZdSF5eMI=
23:43:41.492 [Expansion Quests] Check quest initialization for quest with ID=6601 | State=COMPLETED | Player UID=1OEPy6aKlMe0cmo8LieQDvVcsiu6iWAr2PUZdSF5eMI=
23:43:41.492 [Expansion Quests] Check quest initialization for quest with ID=6901 | State=COMPLETED | Player UID=1OEPy6aKlMe0cmo8LieQDvVcsiu6iWAr2PUZdSF5eMI=
23:43:41.492 [Expansion Quests] Check quest initialization for quest with ID=6701 | State=COMPLETED | Player UID=1OEPy6aKlMe0cmo8LieQDvVcsiu6iWAr2PUZdSF5eMI=
23:43:41.492 [Expansion Quests] Check quest initialization for quest with ID=1102 | State=NONE | Player UID=1OEPy6aKlMe0cmo8LieQDvVcsiu6iWAr2PUZdSF5eMI=
23:43:41.492 [Expansion Quests] Check quest initialization for quest with ID=1103 | State=NONE | Player UID=1OEPy6aKlMe0cmo8LieQDvVcsiu6iWAr2PUZdSF5eMI=
23:43:41.492 [Expansion Quests] Check quest initialization for quest with ID=6501 | State=COMPLETED | Player UID=1OEPy6aKlMe0cmo8LieQDvVcsiu6iWAr2PUZdSF5eMI=
23:43:41.492 [Expansion Quests] Check quest initialization for quest with ID=6801 | State=COMPLETED | Player UID=1OEPy6aKlMe0cmo8LieQDvVcsiu6iWAr2PUZdSF5eMI=
23:43:41.492 [Expansion Quests] Check quest initialization for quest with ID=1104 | State=NONE | Player UID=1OEPy6aKlMe0cmo8LieQDvVcsiu6iWAr2PUZdSF5eMI=
23:43:41.492 [Expansion Quests] Check quest initialization for quest with ID=1101 | State=NONE | Player UID=1OEPy6aKlMe0cmo8LieQDvVcsiu6iWAr2PUZdSF5eMI=
23:43:41.492 [Expansion Quests] Check quest initialization for quest with ID=61301 | State=NONE | Player UID=1OEPy6aKlMe0cmo8LieQDvVcsiu6iWAr2PUZdSF5eMI=
23:43:41.492 [Expansion Quests] Check quest initialization for quest with ID=2101 | State=COMPLETED | Player UID=1OEPy6aKlMe0cmo8LieQDvVcsiu6iWAr2PUZdSF5eMI=
23:43:41.492 [Expansion Quests] Check quest initialization for quest with ID=61501 | State=NONE | Player UID=1OEPy6aKlMe0cmo8LieQDvVcsiu6iWAr2PUZdSF5eMI=
23:43:41.492 [Expansion Quests] Check quest initialization for quest with ID=6201 | State=COMPLETED | Player UID=1OEPy6aKlMe0cmo8LieQDvVcsiu6iWAr2PUZdSF5eMI=
23:43:41.492 [Expansion Quests] Check quest initialization for quest with ID=61001 | State=COMPLETED | Player UID=1OEPy6aKlMe0cmo8LieQDvVcsiu6iWAr2PUZdSF5eMI=
23:43:41.492 [Expansion Quests] Check quest initialization for quest with ID=6301 | State=COMPLETED | Player UID=1OEPy6aKlMe0cmo8LieQDvVcsiu6iWAr2PUZdSF5eMI=
23:43:41.492 [Expansion Quests] Check quest initialization for quest with ID=61502 | State=COMPLETED | Player UID=1OEPy6aKlMe0cmo8LieQDvVcsiu6iWAr2PUZdSF5eMI=
23:43:41.492 [Expansion Quests] Quest with ID=6401 is not a a valid achievement or auto start quest. Skip quest for player with UID=1OEPy6aKlMe0cmo8LieQDvVcsiu6iWAr2PUZdSF5eMI=
23:43:41.492 [Expansion Quests] Quest with ID=6701 is not a a valid achievement or auto start quest. Skip quest for player with UID=1OEPy6aKlMe0cmo8LieQDvVcsiu6iWAr2PUZdSF5eMI=
23:43:41.492 [Expansion Quests] Quest with ID=61201 is not a a valid achievement or auto start quest. Skip quest for player with UID=1OEPy6aKlMe0cmo8LieQDvVcsiu6iWAr2PUZdSF5eMI=
23:43:41.492 [Expansion Quests] Quest with ID=5401 is not a a valid achievement or auto start quest. Skip quest for player with UID=1OEPy6aKlMe0cmo8LieQDvVcsiu6iWAr2PUZdSF5eMI=
23:43:41.492 [Expansion Quests] Quest with ID=2202 is not a a valid achievement or auto start quest. Skip quest for player with UID=1OEPy6aKlMe0cmo8LieQDvVcsiu6iWAr2PUZdSF5eMI=
23:43:41.492 [Expansion Quests] Quest with ID=2203 is not a a valid achievement or auto start quest. Skip quest for player with UID=1OEPy6aKlMe0cmo8LieQDvVcsiu6iWAr2PUZdSF5eMI=
23:43:41.492 [Expansion Quests] Quest with ID=2204 is not a a valid achievement or auto start quest. Skip quest for player with UID=1OEPy6aKlMe0cmo8LieQDvVcsiu6iWAr2PUZdSF5eMI=
23:43:41.492 [Expansion Quests] Quest with ID=6301 is not a a valid achievement or auto start quest. Skip quest for player with UID=1OEPy6aKlMe0cmo8LieQDvVcsiu6iWAr2PUZdSF5eMI=
23:43:41.492 [Expansion Quests] Quest with ID=2101 is not a a valid achievement or auto start quest. Skip quest for player with UID=1OEPy6aKlMe0cmo8LieQDvVcsiu6iWAr2PUZdSF5eMI=
23:43:41.492 [Expansion Quests] Quest with ID=61601 is not a a valid achievement or auto start quest. Skip quest for player with UID=1OEPy6aKlMe0cmo8LieQDvVcsiu6iWAr2PUZdSF5eMI=
23:43:41.492 [Expansion Quests] Quest with ID=2102 is not a a valid achievement or auto start quest. Skip quest for player with UID=1OEPy6aKlMe0cmo8LieQDvVcsiu6iWAr2PUZdSF5eMI=
23:43:41.492 [Expansion Quests] Quest with ID=2103 is not a a valid achievement or auto start quest. Skip quest for player with UID=1OEPy6aKlMe0cmo8LieQDvVcsiu6iWAr2PUZdSF5eMI=
23:43:41.492 [Expansion Quests] Quest with ID=2104 is not a a valid achievement or auto start quest. Skip quest for player with UID=1OEPy6aKlMe0cmo8LieQDvVcsiu6iWAr2PUZdSF5eMI=
23:43:41.492 [Expansion Quests] Quest with ID=2105 is not a a valid achievement or auto start quest. Skip quest for player with UID=1OEPy6aKlMe0cmo8LieQDvVcsiu6iWAr2PUZdSF5eMI=
23:43:41.492 [Expansion Quests] Quest with ID=61101 is not a a valid achievement or auto start quest. Skip quest for player with UID=1OEPy6aKlMe0cmo8LieQDvVcsiu6iWAr2PUZdSF5eMI=
23:43:41.500 [Expansion Quests] Quest with ID=6501 is not a a valid achievement or auto start quest. Skip quest for player with UID=1OEPy6aKlMe0cmo8LieQDvVcsiu6iWAr2PUZdSF5eMI=
23:43:41.500 [Expansion Quests] Quest with ID=62001 is not a a valid achievement or auto start quest. Skip quest for player with UID=1OEPy6aKlMe0cmo8LieQDvVcsiu6iWAr2PUZdSF5eMI=
23:43:41.500 [Expansion Quests] Quest with ID=6801 is not a a valid achievement or auto start quest. Skip quest for player with UID=1OEPy6aKlMe0cmo8LieQDvVcsiu6iWAr2PUZdSF5eMI=
23:43:41.500 [Expansion Quests] Quest with ID=5301 is not a a valid achievement or auto start quest. Skip quest for player with UID=1OEPy6aKlMe0cmo8LieQDvVcsiu6iWAr2PUZdSF5eMI=
23:43:41.500 [Expansion Quests] Quest with ID=5302 is not a a valid achievement or auto start quest. Skip quest for player with UID=1OEPy6aKlMe0cmo8LieQDvVcsiu6iWAr2PUZdSF5eMI=
23:43:41.500 [Expansion Quests] Quest with ID=5303 is not a a valid achievement or auto start quest. Skip quest for player with UID=1OEPy6aKlMe0cmo8LieQDvVcsiu6iWAr2PUZdSF5eMI=
23:43:41.500 [Expansion Quests] Quest with ID=5304 is not a a valid achievement or auto start quest. Skip quest for player with UID=1OEPy6aKlMe0cmo8LieQDvVcsiu6iWAr2PUZdSF5eMI=
23:43:41.500 [Expansion Quests] Quest with ID=6201 is not a a valid achievement or auto start quest. Skip quest for player with UID=1OEPy6aKlMe0cmo8LieQDvVcsiu6iWAr2PUZdSF5eMI=
23:43:41.500 [Expansion Quests] Quest with ID=61501 is not a a valid achievement or auto start quest. Skip quest for player with UID=1OEPy6aKlMe0cmo8LieQDvVcsiu6iWAr2PUZdSF5eMI=
23:43:41.500 [Expansion Quests] Quest with ID=61502 is not a a valid achievement or auto start quest. Skip quest for player with UID=1OEPy6aKlMe0cmo8LieQDvVcsiu6iWAr2PUZdSF5eMI=
23:43:41.500 [Expansion Quests] Quest with ID=61001 is not a a valid achievement or auto start quest. Skip quest for player with UID=1OEPy6aKlMe0cmo8LieQDvVcsiu6iWAr2PUZdSF5eMI=
23:43:41.500 [Expansion Quests] Quest with ID=2201 is not a a valid achievement or auto start quest. Skip quest for player with UID=1OEPy6aKlMe0cmo8LieQDvVcsiu6iWAr2PUZdSF5eMI=
23:43:41.500 [Expansion Quests] Quest with ID=1101 is not a a valid achievement or auto start quest. Skip quest for player with UID=1OEPy6aKlMe0cmo8LieQDvVcsiu6iWAr2PUZdSF5eMI=
23:43:41.500 [Expansion Quests] Quest with ID=1102 is not a a valid achievement or auto start quest. Skip quest for player with UID=1OEPy6aKlMe0cmo8LieQDvVcsiu6iWAr2PUZdSF5eMI=
23:43:41.500 [Expansion Quests] Quest with ID=1103 is not a a valid achievement or auto start quest. Skip quest for player with UID=1OEPy6aKlMe0cmo8LieQDvVcsiu6iWAr2PUZdSF5eMI=
23:43:41.500 [Expansion Quests] Quest with ID=1104 is not a a valid achievement or auto start quest. Skip quest for player with UID=1OEPy6aKlMe0cmo8LieQDvVcsiu6iWAr2PUZdSF5eMI=
23:43:41.500 [Expansion Quests] Quest with ID=1105 is not a a valid achievement or auto start quest. Skip quest for player with UID=1OEPy6aKlMe0cmo8LieQDvVcsiu6iWAr2PUZdSF5eMI=
23:43:41.500 [Expansion Quests] Quest with ID=5202 is not a a valid achievement or auto start quest. Skip quest for player with UID=1OEPy6aKlMe0cmo8LieQDvVcsiu6iWAr2PUZdSF5eMI=
23:43:41.500 [Expansion Quests] Quest with ID=5203 is not a a valid achievement or auto start quest. Skip quest for player with UID=1OEPy6aKlMe0cmo8LieQDvVcsiu6iWAr2PUZdSF5eMI=
23:43:41.500 [Expansion Quests] Quest with ID=6101 is not a a valid achievement or auto start quest. Skip quest for player with UID=1OEPy6aKlMe0cmo8LieQDvVcsiu6iWAr2PUZdSF5eMI=
23:43:41.500 [Expansion Quests] Quest with ID=2205 is not a a valid achievement or auto start quest. Skip quest for player with UID=1OEPy6aKlMe0cmo8LieQDvVcsiu6iWAr2PUZdSF5eMI=
23:43:41.500 [Expansion Quests] Quest with ID=61401 is not a a valid achievement or auto start quest. Skip quest for player with UID=1OEPy6aKlMe0cmo8LieQDvVcsiu6iWAr2PUZdSF5eMI=
23:43:41.500 [Expansion Quests] Quest with ID=6601 is not a a valid achievement or auto start quest. Skip quest for player with UID=1OEPy6aKlMe0cmo8LieQDvVcsiu6iWAr2PUZdSF5eMI=
23:43:41.500 [Expansion Quests] Quest with ID=6901 is not a a valid achievement or auto start quest. Skip quest for player with UID=1OEPy6aKlMe0cmo8LieQDvVcsiu6iWAr2PUZdSF5eMI=
23:43:41.500 [Expansion Quests] Quest with ID=5101 is not a a valid achievement or auto start quest. Skip quest for player with UID=1OEPy6aKlMe0cmo8LieQDvVcsiu6iWAr2PUZdSF5eMI=
23:43:41.500 [Expansion Quests] Quest with ID=5102 is not a a valid achievement or auto start quest. Skip quest for player with UID=1OEPy6aKlMe0cmo8LieQDvVcsiu6iWAr2PUZdSF5eMI=
23:43:41.500 [Expansion Quests] Quest with ID=5201 is not a a valid achievement or auto start quest. Skip quest for player with UID=1OEPy6aKlMe0cmo8LieQDvVcsiu6iWAr2PUZdSF5eMI=
23:43:41.500 [Expansion Quests] Quest with ID=61301 is not a a valid achievement or auto start quest. Skip quest for player with UID=1OEPy6aKlMe0cmo8LieQDvVcsiu6iWAr2PUZdSF5eMI=
23:43:41.500 [Expansion Quests] Quest with ID=2301 is not a a valid achievement or auto start quest. Skip quest for player with UID=1OEPy6aKlMe0cmo8LieQDvVcsiu6iWAr2PUZdSF5eMI=
23:43:41.507 [Expansion Quests] Sending 1OEPy6aKlMe0cmo8LieQDvVcsiu6iWAr2PUZdSF5eMI= quest configs to client for player with UID=1OEPy6aKlMe0cmo8LieQDvVcsiu6iWAr2PUZdSF5eMI=
23:43:41.507 [Expansion Quests] Sending player quest data for 21 quests to player with UID=1OEPy6aKlMe0cmo8LieQDvVcsiu6iWAr2PUZdSF5eMI=
23:43:41.515 [AI Object Patrol 00008] Spawning 2 HospitalStation_Tier2 (Raiders) bots at <6471.974121, 20.384640, 2724.755127>
23:43:41.523 [AI Object Patrol 00008] Global patrol count: 1
23:43:41.531 [AI Object Patrol 00047] Spawning 3 ContaminatedArea_Tier4 (Raiders) bots at <6577.571777, 7.177145, 2321.266113>
23:43:41.554 [AI Object Patrol 00047] Global patrol count: 2
23:43:41.554 [AI Object Patrol 00007] Spawning 2 PoliceStation_Tier2 (Raiders) bots at <6617.541992, 8.602657, 2583.253906>
23:43:41.570 [AI Object Patrol 00007] Global patrol count: 3
23:43:41.570 [AI Object Patrol 00009] Spawning 2 PoliceStation_Tier1 (Raiders) bots at <6211.525879, 25.669651, 2924.603760>
23:43:41.601 [AI Object Patrol 00009] Global patrol count: 4
23:43:41.601 [AI Patrol 00104] Spawning 1 Vysotovo_Tier1 (Raiders) bots at <5854.958496, 121.502998, 2828.781738>
23:43:41.617 [AI Patrol 00104] Global patrol count: 5
23:43:41.617 [AI Patrol 00097] Spawning 1 Chernogorsk_Tier1 (Raiders) bots at <6515.252930, 6.000000, 2494.540039>
23:43:41.632 [AI Patrol 00097] Global patrol count: 6
23:43:41.632 [AI Patrol 00105] Spawning 1 Vysotovo_Tier1 (Raiders) bots at <5652.007324, 105.502998, 2551.511230>
23:43:41.656 [AI Patrol 00105] Global patrol count: 7
23:43:41.656 [AI Patrol 00103] Spawning 1 Vysotovo_Tier1 (Raiders) bots at <5834.197754, 97.502998, 2650.654297>
23:43:41.671 [AI Patrol 00103] Global patrol count: 8
23:43:41.671 [AI Patrol 00106] Spawning 1 Komarovo_Tier1 (Raiders) bots at <6588.876465, 6.000000, 2452.012207>
23:43:41.710 [AI Patrol 00106] Global patrol count: 9
23:43:41.710 [AI Object Patrol 00176] Spawning 2 FirelStation_Tier2 (Raiders) bots at <6272.191895, 8.450000, 2711.937500>
23:43:41.734 [AI Object Patrol 00176] Global patrol count: 10
23:43:42.554 [Expansion Quests] - LoadGroupQuestData - Got cached group quest data for group with ID=1
23:45:21.203 [Killfeed] AI Frida (HospitalStation_Tier2) был убит AI Mirek (PoliceStation_Tier2) с M9 из 9 м расстояние.
23:45:31.320 [Killfeed] AI Kaito (Chernogorsk_Tier1) был убит AI Manua (ContaminatedArea_Tier4) с СВАЛ из 12 м расстояние.
23:45:35.593 [AI Patrol 00097] Chernogorsk_Tier1 (Raiders) bots were wiped out (spawn position <6515.252930, 6.000000, 2494.540039>, 1/1 deceased)
23:45:35.593 [AI Patrol 00097] Global patrol count: 9
23:46:03.031 [Killfeed] AI Judy (HospitalStation_Tier2) был убит AI Manua (ContaminatedArea_Tier4) с СВАЛ из 18 м расстояние.
23:46:05.867 [AI Object Patrol 00008] HospitalStation_Tier2 (Raiders) bots were wiped out (spawn position <6471.974121, 20.384640, 2724.755127>, 2/2 deceased)
23:46:05.867 [AI Object Patrol 00008] Global patrol count: 8
23:46:16.781 [AI Object Patrol 00005] Spawning 1 OilStation_Tier2RR (Raiders) bots at <5852.880859, 7.421381, 2229.518555>
23:46:16.812 [AI Object Patrol 00005] Global patrol count: 9
23:46:21.539 [AI Object Patrol 00177] Spawning 3 OilStation_Tier2RR (Raiders) bots at <6879.671387, 7.272257, 3076.935547>
23:46:21.562 [AI Object Patrol 00177] Global patrol count: 10
23:46:21.562 [AI Patrol 00100] Spawning 1 Dubovo_Tier1 (Raiders) bots at <6549.576172, 103.502998, 3594.406494>
23:46:21.632 [AI Patrol 00100] Global patrol count: 11
23:46:21.664 [AI Patrol 00096] Spawning 1 Chernogorsk_Tier1 (Raiders) bots at <6378.133301, 6.000000, 2347.238525>
23:46:21.679 [AI Patrol 00096] Global patrol count: 12
23:46:22.234 [AI Object Patrol 00006] Spawning 1 WaterPump_Tier0 (Raiders) bots at <6526.215820, 6.150000, 2316.417725>
23:46:22.250 [AI Object Patrol 00006] Global patrol count: 13
23:46:26.101 [AI Patrol 00099] Spawning 1 Novoselki_Tier1 (Raiders) bots at <6212.631348, 96.502998, 3256.583740>
23:46:26.125 [AI Patrol 00099] Global patrol count: 14
23:46:26.468 [AI Patrol 00098] Spawning 1 Novoselki_Tier1 (Raiders) bots at <6284.072266, 69.502998, 3297.775635>
23:46:26.484 [AI Patrol 00098] Global patrol count: 15
23:46:31.460 [Killfeed] AI Hassan (Vysotovo_Tier1) был убит AI Indar (Vysotovo_Tier1) с MK II из 12 м расстояние.
23:46:31.648 [AI Object Patrol 00011] Spawning 1 WaterPump_Tier0 (Raiders) bots at <8153.746582, 6.066819, 3230.461426>
23:46:31.656 [AI Object Patrol 00011] Global patrol count: 16
23:46:36.171 [AI Patrol 00103] Vysotovo_Tier1 (Raiders) bots were wiped out (spawn position <5834.197754, 97.502998, 2650.654297>, 1/1 deceased)
23:46:36.171 [AI Patrol 00103] Global patrol count: 15
23:46:43.617 [AI Patrol 00120] Spawning 1 VysokiyKamen_Tier2 (Raiders) bots at <10262.685547, 64.082237, 4035.163574>
23:46:43.632 [AI Patrol 00120] Global patrol count: 16
23:46:49.750 [AI Object Patrol 00057] Spawning 1 WaterPump_Tier0 (Raiders) bots at <9812.729492, 29.027327, 2225.460938>
23:46:49.757 [AI Object Patrol 00057] Global patrol count: 17
23:46:49.757 [AI Object Patrol 00174] Spawning 1 HospitalStation_Tier2 (Raiders) bots at <10296.531250, 12.727688, 2283.143555>
23:46:49.773 [AI Object Patrol 00174] Global patrol count: 18
23:46:49.773 [AI Object Patrol 00172] Spawning 2 FirelStation_Tier2 (Raiders) bots at <10260.192383, 5.929484, 2167.047607>
23:46:49.789 [AI Object Patrol 00172] Global patrol count: 19
23:46:49.789 [AI Patrol 00092] Spawning 1 Electro_Tier1 (Raiders) bots at <10195.417969, 31.331570, 2479.718018>
23:46:49.796 [AI Patrol 00092] Global patrol count: 20
23:47:02.820 [AI Object Patrol 00180] Spawning 1 PoliceStation_Tier1 (Raiders) bots at <10146.295898, 247.896744, 5545.409668>
23:47:02.835 [AI Object Patrol 00180] Global patrol count: 21
23:47:04.257 [Killfeed] AI Taiki (WaterPump_Tier0) был убит AI Baty (ContaminatedArea_Tier4) с Витязь-СН ПП19-01 из 9 м расстояние.
23:47:06.164 [AI Object Patrol 00006] WaterPump_Tier0 (Raiders) bots were wiped out (spawn position <6526.215820, 6.150000, 2316.417725>, 1/1 deceased)
23:47:06.164 [AI Object Patrol 00006] Global patrol count: 20
23:47:40.570 [MissionAirdrop] An airdrop is heading towards "Sosnovka" (pos=<2700.000000, 0.000000, 6193.000000> type=Random_Sosnovka) with a ExpansionAirdropContainer_Military
23:48:03.148 [Killfeed] AI Irena (PoliceStation_Tier2) был убит AI Baty (ContaminatedArea_Tier4) с Витязь-СН ПП19-01 из 3 м расстояние.
23:48:51.640 [Killfeed] AI Mirek (PoliceStation_Tier2) был убит AI Jose (FirelStation_Tier2) с SG5-K из 20 м расстояние.
23:48:52.281 [Killfeed] AI Keiko (Chernogorsk_Tier1) был убит AI Maria (Komarovo_Tier1) с CR-61 Skorpion из 8 м расстояние.
23:48:56.351 [AI Object Patrol 00007] PoliceStation_Tier2 (Raiders) bots were wiped out (spawn position <6617.541992, 8.602657, 2583.253906>, 2/2 deceased)
23:48:56.351 [AI Object Patrol 00007] Global patrol count: 19
23:48:56.476 [AI Patrol 00096] Chernogorsk_Tier1 (Raiders) bots were wiped out (spawn position <6378.133301, 6.000000, 2347.238525>, 1/1 deceased)
23:48:56.476 [AI Patrol 00096] Global patrol count: 18
23:49:42.226 [Killfeed] AI Maria (Komarovo_Tier1) был убит AI Niki (FirelStation_Tier2) с SG5-K из 25 м расстояние.
23:49:46.351 [AI Patrol 00106] Komarovo_Tier1 (Raiders) bots were wiped out (spawn position <6588.876465, 6.000000, 2452.012207>, 1/1 deceased)
23:49:46.351 [AI Patrol 00106] Global patrol count: 17
23:50:36.781 [Killfeed] AI Jose (FirelStation_Tier2) был убит AI Manua (ContaminatedArea_Tier4) с СВАЛ из 68 м расстояние.
23:50:57.343 [Killfeed] AI Niki (FirelStation_Tier2) был убит AI Helga (ContaminatedArea_Tier4) с Витязь-СН ПП19-01 из 20 м расстояние.
23:50:57.492 [AI Object Patrol 00176] FirelStation_Tier2 (Raiders) bots were wiped out (spawn position <6272.191895, 8.450000, 2711.937500>, 2/2 deceased)
23:50:57.492 [AI Object Patrol 00176] Global patrol count: 16
23:52:32.804 [Party] Player "Tonby" (id=1OEPy6aKlMe0cmo8LieQDvVcsiu6iWAr2PUZdSF5eMI=) left the party "Knight Fallen" (id=1 ownerUID=1OEPy6aKlMe0cmo8LieQDvVcsiu6iWAr2PUZdSF5eMI= ownerName=Survivor)
