22:42:52.687 [Expansion Quests] Initialize quest system on the connected client with UID=1OEPy6aKlMe0cmo8LieQDvVcsiu6iWAr2PUZdSF5eMI=
22:42:52.710 [Expansion Quests] Loaded existing player quest data for player with UID=1OEPy6aKlMe0cmo8LieQDvVcsiu6iWAr2PUZdSF5eMI=
22:42:52.710 [Expansion Quests] Check quest initialization for quest with ID=8 | State=STARTED | Player UID=1OEPy6aKlMe0cmo8LieQDvVcsiu6iWAr2PUZdSF5eMI=
22:42:52.710 [Expansion Quests] Create new quest instance for quest with ID=8 | Player UID=1OEPy6aKlMe0cmo8LieQDvVcsiu6iWAr2PUZdSF5eMI=
22:42:52.710 [Expansion Quests] Check quest initialization for quest with ID=9 | State=STARTED | Player UID=1OEPy6aKlMe0cmo8LieQDvVcsiu6iWAr2PUZdSF5eMI=
22:42:52.710 [Expansion Quests] Create new quest instance for quest with ID=9 | Player UID=1OEPy6aKlMe0cmo8LieQDvVcsiu6iWAr2PUZdSF5eMI=
22:42:52.710 [Expansion Quests] Check quest initialization for quest with ID=11 | State=STARTED | Player UID=1OEPy6aKlMe0cmo8LieQDvVcsiu6iWAr2PUZdSF5eMI=
22:42:52.710 [Expansion Quests] Create new quest instance for quest with ID=11 | Player UID=1OEPy6aKlMe0cmo8LieQDvVcsiu6iWAr2PUZdSF5eMI=
22:42:52.710 [Expansion Quests] Check quest initialization for quest with ID=14 | State=COMPLETED | Player UID=1OEPy6aKlMe0cmo8LieQDvVcsiu6iWAr2PUZdSF5eMI=
22:42:52.710 [Expansion Quests] Quest with ID=1 is not a a valid achievement or auto start quest. Skip quest for player with UID=1OEPy6aKlMe0cmo8LieQDvVcsiu6iWAr2PUZdSF5eMI=
22:42:52.710 [Expansion Quests] Quest with ID=2 is not a a valid achievement or auto start quest. Skip quest for player with UID=1OEPy6aKlMe0cmo8LieQDvVcsiu6iWAr2PUZdSF5eMI=
22:42:52.710 [Expansion Quests] Quest with ID=3 is not a a valid achievement or auto start quest. Skip quest for player with UID=1OEPy6aKlMe0cmo8LieQDvVcsiu6iWAr2PUZdSF5eMI=
22:42:52.710 [Expansion Quests] Quest with ID=4 is not a a valid achievement or auto start quest. Skip quest for player with UID=1OEPy6aKlMe0cmo8LieQDvVcsiu6iWAr2PUZdSF5eMI=
22:42:52.710 [Expansion Quests] Quest with ID=5 is not a a valid achievement or auto start quest. Skip quest for player with UID=1OEPy6aKlMe0cmo8LieQDvVcsiu6iWAr2PUZdSF5eMI=
22:42:52.710 [Expansion Quests] Quest with ID=6 is not a a valid achievement or auto start quest. Skip quest for player with UID=1OEPy6aKlMe0cmo8LieQDvVcsiu6iWAr2PUZdSF5eMI=
22:42:52.710 [Expansion Quests] Quest with ID=7 is not a a valid achievement or auto start quest. Skip quest for player with UID=1OEPy6aKlMe0cmo8LieQDvVcsiu6iWAr2PUZdSF5eMI=
22:42:52.710 [Expansion Quests] Quest with ID=10 is not a a valid achievement or auto start quest. Skip quest for player with UID=1OEPy6aKlMe0cmo8LieQDvVcsiu6iWAr2PUZdSF5eMI=
22:42:52.710 [Expansion Quests] Quest with ID=12 is not a a valid achievement or auto start quest. Skip quest for player with UID=1OEPy6aKlMe0cmo8LieQDvVcsiu6iWAr2PUZdSF5eMI=
22:42:52.710 [Expansion Quests] Quest with ID=13 is not a a valid achievement or auto start quest. Skip quest for player with UID=1OEPy6aKlMe0cmo8LieQDvVcsiu6iWAr2PUZdSF5eMI=
22:42:52.710 [Expansion Quests] Quest with ID=15 is not a a valid achievement or auto start quest. Skip quest for player with UID=1OEPy6aKlMe0cmo8LieQDvVcsiu6iWAr2PUZdSF5eMI=
22:42:52.710 [Expansion Quests] Quest with ID=16 is not a a valid achievement or auto start quest. Skip quest for player with UID=1OEPy6aKlMe0cmo8LieQDvVcsiu6iWAr2PUZdSF5eMI=
22:42:52.710 [Expansion Quests] Quest with ID=17 is not a a valid achievement or auto start quest. Skip quest for player with UID=1OEPy6aKlMe0cmo8LieQDvVcsiu6iWAr2PUZdSF5eMI=
22:42:52.710 [Expansion Quests] Quest with ID=18 is not a a valid achievement or auto start quest. Skip quest for player with UID=1OEPy6aKlMe0cmo8LieQDvVcsiu6iWAr2PUZdSF5eMI=
22:42:52.710 [Expansion Quests] Quest with ID=19 is not a a valid achievement or auto start quest. Skip quest for player with UID=1OEPy6aKlMe0cmo8LieQDvVcsiu6iWAr2PUZdSF5eMI=
22:42:52.710 [Expansion Quests] Quest with ID=20 is not a a valid achievement or auto start quest. Skip quest for player with UID=1OEPy6aKlMe0cmo8LieQDvVcsiu6iWAr2PUZdSF5eMI=
22:42:52.710 [Expansion Quests] Quest with ID=21 is not a a valid achievement or auto start quest. Skip quest for player with UID=1OEPy6aKlMe0cmo8LieQDvVcsiu6iWAr2PUZdSF5eMI=
22:42:52.710 [Expansion Quests] Quest with ID=22 is not a a valid achievement or auto start quest. Skip quest for player with UID=1OEPy6aKlMe0cmo8LieQDvVcsiu6iWAr2PUZdSF5eMI=
22:42:52.710 [Expansion Quests] Quest with ID=23 is not a a valid achievement or auto start quest. Skip quest for player with UID=1OEPy6aKlMe0cmo8LieQDvVcsiu6iWAr2PUZdSF5eMI=
22:42:52.710 [Expansion Quests] Quest with ID=24 is not a a valid achievement or auto start quest. Skip quest for player with UID=1OEPy6aKlMe0cmo8LieQDvVcsiu6iWAr2PUZdSF5eMI=
22:42:52.718 [Expansion Quests] Sending 1OEPy6aKlMe0cmo8LieQDvVcsiu6iWAr2PUZdSF5eMI= quest configs to client for player with UID=1OEPy6aKlMe0cmo8LieQDvVcsiu6iWAr2PUZdSF5eMI=
22:42:52.718 [Expansion Quests] Sending player quest data for 4 quests to player with UID=1OEPy6aKlMe0cmo8LieQDvVcsiu6iWAr2PUZdSF5eMI=
22:42:52.718 [AI Object Patrol] Spawning 2 PoliceStationScavs_Tier_1 bots at <6633.093262, 13.969685, 2586.646240>
22:42:52.742 [AI Object Patrol] Spawning 2 Ordinary_Civilian bots at <6515.262207, 6.533941, 2307.472656>
22:42:52.750 [AI Patrol] Spawning 1 Ordinary_Scavengers_Tier_1(Vysotovo) bots at <5508.268555, 62.815498, 2566.195557>
22:42:52.765 [AI Patrol] Spawning 1 Ordinary_Scavengers_Tier_1(Vysotovo) bots at <5901.740723, 70.051643, 2634.606689>
22:42:52.789 [AI Patrol] Spawning 1 Ordinary_Scavengers_Tier_1(Cherno_Oil) bots at <5859.227539, 8.994892, 2194.258789>
22:42:52.804 [AI Patrol] Spawning 2 Ordinary_Scavengers_Tier_2(Hotel_Cherno) bots at <6583.740234, 5.945120, 2293.886475>
22:43:05.757 [AI Patrol] Spawning 1 Ordinary_Scavengers_Tier_1(Cherno_Exit) bots at <6598.222656, 14.219566, 3010.299072>
22:43:07.742 [AI Patrol] Spawning 1 Ordinary_Scavengers_Tier_1(Cherno_Med) bots at <6505.896973, 9.371415, 2691.903076>
22:43:20.226 [AI Object Patrol] Spawning 3 FireStationScavs_Tier1 bots at <6262.113281, 8.619924, 2721.123047>
22:43:20.593 [AI Object Patrol] Spawning 1 PoliceStationScavs_Tier_1 bots at <6202.298340, 32.781120, 2920.927002>
22:43:37.406 [Killfeed] AI Niki (Ordinary_Scavengers_Tier_1(Vysotovo)) был убит Da da Ya с MK II из 1 м расстояние.
22:43:41.367 [AI Patrol] Ordinary_Scavengers_Tier_1(Vysotovo) bots were wiped out (spawn position <5901.740723, 70.051643, 2634.606689>, 1/1 deceased)
22:43:46.578 [Killfeed] AI Indar (Ordinary_Scavengers_Tier_1(Vysotovo)) был убит Da da Ya с CR-75 из 3 м расстояние.
22:43:51.367 [AI Patrol] Ordinary_Scavengers_Tier_1(Vysotovo) bots were wiped out (spawn position <5508.268555, 62.815498, 2566.195557>, 1/1 deceased)
22:45:43.906 [Killfeed] AI Naomi (PoliceStationScavs_Tier_1) был убит Da da Ya с CR-75 из 16 м расстояние.
22:45:48.523 [AI Object Patrol] PoliceStationScavs_Tier_1 bots were wiped out (spawn position <6202.298340, 32.781120, 2920.927002>, 1/1 deceased)
22:46:02.242 [Killfeed] AI Manua (Ordinary_Civilian) был убит AI Frida (Ordinary_Scavengers_Tier_2(Hotel_Cherno)) с CR-550 Savanna из 2 м расстояние.
22:46:34.390 [Killfeed] AI Gabi (Ordinary_Scavengers_Tier_1(Cherno_Med)) был убит AI Peter (PoliceStationScavs_Tier_1) при помощи.
22:46:36.679 [AI Patrol] Ordinary_Scavengers_Tier_1(Cherno_Med) bots were wiped out (spawn position <6505.896973, 9.371415, 2691.903076>, 1/1 deceased)
22:46:45.062 [Expansion Quests] Deleted quest with ID=8 is a of player with UID=1OEPy6aKlMe0cmo8LieQDvVcsiu6iWAr2PUZdSF5eMI=.
22:46:45.062 [Expansion Quests] Deleted quest with ID=9 is a of player with UID=1OEPy6aKlMe0cmo8LieQDvVcsiu6iWAr2PUZdSF5eMI=.
22:46:45.062 [Expansion Quests] Deleted quest with ID=11 is a of player with UID=1OEPy6aKlMe0cmo8LieQDvVcsiu6iWAr2PUZdSF5eMI=.
22:47:31.203 [MissionAirdrop] An airdrop is heading towards "Novy Sobor" (pos=<7436.000000, 0.000000, 7720.000000> type=Random_Novy Sobor) with a ExpansionAirdropContainer_Basebuilding
22:48:05.289 [Killfeed] AI Peter (PoliceStationScavs_Tier_1) умер от потери крови.
