08:26:45.031 [Expansion Quests] Added objects set for quest ID=62001 from file=test
08:26:45.031 [Expansion Quests] Added objects set for quest ID=61301 from file=q61301
08:29:12.052 [Party] Player "Survivor" (id=1OEPy6aKlMe0cmo8LieQDvVcsiu6iWAr2PUZdSF5eMI=) joinded the party "Falcon Resolute" (id=1 ownerUID=z63osPRVUnS8pzWmaenLtvu6c2gVxwL4gvA4elWPF5w= ownerName=Survivor (2))
08:29:12.052 [Expansion Quests] Initialize quest system on the connected client with UID=1OEPy6aKlMe0cmo8LieQDvVcsiu6iWAr2PUZdSF5eMI=
08:29:12.119 [Expansion Quests] Loaded existing player quest data for player with UID=1OEPy6aKlMe0cmo8LieQDvVcsiu6iWAr2PUZdSF5eMI=
08:29:12.119 [Expansion Quests] Created new persistent group quest data for group with ID=1
08:29:12.119 [Expansion Quests] Check quest initialization for quest with ID=6901 | State=COMPLETED | Player UID=1OEPy6aKlMe0cmo8LieQDvVcsiu6iWAr2PUZdSF5eMI=
08:29:12.119 [Expansion Quests] Check quest initialization for quest with ID=61601 | State=NONE | Player UID=1OEPy6aKlMe0cmo8LieQDvVcsiu6iWAr2PUZdSF5eMI=
08:29:12.119 [Expansion Quests] Check quest initialization for quest with ID=61902 | State=NONE | Player UID=1OEPy6aKlMe0cmo8LieQDvVcsiu6iWAr2PUZdSF5eMI=
08:29:12.119 [Expansion Quests] Check quest initialization for quest with ID=6501 | State=COMPLETED | Player UID=1OEPy6aKlMe0cmo8LieQDvVcsiu6iWAr2PUZdSF5eMI=
08:29:12.119 [Expansion Quests] Check quest initialization for quest with ID=8 | State=STARTED | Player UID=1OEPy6aKlMe0cmo8LieQDvVcsiu6iWAr2PUZdSF5eMI=
08:29:12.121 [Expansion Quests] Create new quest instance for quest with ID=8 | Player UID=1OEPy6aKlMe0cmo8LieQDvVcsiu6iWAr2PUZdSF5eMI=
08:29:12.121 [Expansion Quests] Check quest initialization for quest with ID=61001 | State=COMPLETED | Player UID=1OEPy6aKlMe0cmo8LieQDvVcsiu6iWAr2PUZdSF5eMI=
08:29:12.121 [Expansion Quests] Check quest initialization for quest with ID=11 | State=STARTED | Player UID=1OEPy6aKlMe0cmo8LieQDvVcsiu6iWAr2PUZdSF5eMI=
08:29:12.121 [Expansion Quests] Create new quest instance for quest with ID=11 | Player UID=1OEPy6aKlMe0cmo8LieQDvVcsiu6iWAr2PUZdSF5eMI=
08:29:12.121 [Expansion Quests] Check quest initialization for quest with ID=6201 | State=NONE | Player UID=1OEPy6aKlMe0cmo8LieQDvVcsiu6iWAr2PUZdSF5eMI=
08:29:12.121 [Expansion Quests] Check quest initialization for quest with ID=61901 | State=NONE | Player UID=1OEPy6aKlMe0cmo8LieQDvVcsiu6iWAr2PUZdSF5eMI=
08:29:12.121 [Expansion Quests] Check quest initialization for quest with ID=14 | State=COMPLETED | Player UID=1OEPy6aKlMe0cmo8LieQDvVcsiu6iWAr2PUZdSF5eMI=
08:29:12.121 [Expansion Quests] Check quest initialization for quest with ID=9 | State=COMPLETED | Player UID=1OEPy6aKlMe0cmo8LieQDvVcsiu6iWAr2PUZdSF5eMI=
08:29:12.121 [Expansion Quests] Check quest initialization for quest with ID=61701 | State=NONE | Player UID=1OEPy6aKlMe0cmo8LieQDvVcsiu6iWAr2PUZdSF5eMI=
08:29:12.121 [Expansion Quests] Check quest initialization for quest with ID=62001 | State=NONE | Player UID=1OEPy6aKlMe0cmo8LieQDvVcsiu6iWAr2PUZdSF5eMI=
08:29:12.123 [Expansion Quests] Check quest initialization for quest with ID=6101 | State=COMPLETED | Player UID=1OEPy6aKlMe0cmo8LieQDvVcsiu6iWAr2PUZdSF5eMI=
08:29:12.123 [Expansion Quests] Check quest initialization for quest with ID=61301 | State=NONE | Player UID=1OEPy6aKlMe0cmo8LieQDvVcsiu6iWAr2PUZdSF5eMI=
08:29:12.123 [Expansion Quests] Check quest initialization for quest with ID=61401 | State=NONE | Player UID=1OEPy6aKlMe0cmo8LieQDvVcsiu6iWAr2PUZdSF5eMI=
08:29:12.123 [Expansion Quests] Check quest initialization for quest with ID=6202 | State=NONE | Player UID=1OEPy6aKlMe0cmo8LieQDvVcsiu6iWAr2PUZdSF5eMI=
08:29:12.123 [Expansion Quests] Check quest initialization for quest with ID=61801 | State=NONE | Player UID=1OEPy6aKlMe0cmo8LieQDvVcsiu6iWAr2PUZdSF5eMI=
08:29:12.123 [Expansion Quests] Check quest initialization for quest with ID=61501 | State=NONE | Player UID=1OEPy6aKlMe0cmo8LieQDvVcsiu6iWAr2PUZdSF5eMI=
08:29:12.123 [Expansion Quests] Quest with ID=1 is not a a valid achievement or auto start quest. Skip quest for player with UID=1OEPy6aKlMe0cmo8LieQDvVcsiu6iWAr2PUZdSF5eMI=
08:29:12.123 [Expansion Quests] Quest with ID=2 is not a a valid achievement or auto start quest. Skip quest for player with UID=1OEPy6aKlMe0cmo8LieQDvVcsiu6iWAr2PUZdSF5eMI=
08:29:12.123 [Expansion Quests] Quest with ID=3 is not a a valid achievement or auto start quest. Skip quest for player with UID=1OEPy6aKlMe0cmo8LieQDvVcsiu6iWAr2PUZdSF5eMI=
08:29:12.123 [Expansion Quests] Quest with ID=4 is not a a valid achievement or auto start quest. Skip quest for player with UID=1OEPy6aKlMe0cmo8LieQDvVcsiu6iWAr2PUZdSF5eMI=
08:29:12.123 [Expansion Quests] Quest with ID=5 is not a a valid achievement or auto start quest. Skip quest for player with UID=1OEPy6aKlMe0cmo8LieQDvVcsiu6iWAr2PUZdSF5eMI=
08:29:12.123 [Expansion Quests] Quest with ID=6 is not a a valid achievement or auto start quest. Skip quest for player with UID=1OEPy6aKlMe0cmo8LieQDvVcsiu6iWAr2PUZdSF5eMI=
08:29:12.125 [Expansion Quests] Quest with ID=6401 is not a a valid achievement or auto start quest. Skip quest for player with UID=1OEPy6aKlMe0cmo8LieQDvVcsiu6iWAr2PUZdSF5eMI=
08:29:12.125 [Expansion Quests] Quest with ID=301 is not a a valid achievement or auto start quest. Skip quest for player with UID=1OEPy6aKlMe0cmo8LieQDvVcsiu6iWAr2PUZdSF5eMI=
08:29:12.125 [Expansion Quests] Quest with ID=10 is not a a valid achievement or auto start quest. Skip quest for player with UID=1OEPy6aKlMe0cmo8LieQDvVcsiu6iWAr2PUZdSF5eMI=
08:29:12.125 [Expansion Quests] Quest with ID=12 is not a a valid achievement or auto start quest. Skip quest for player with UID=1OEPy6aKlMe0cmo8LieQDvVcsiu6iWAr2PUZdSF5eMI=
08:29:12.125 [Expansion Quests] Quest with ID=13 is not a a valid achievement or auto start quest. Skip quest for player with UID=1OEPy6aKlMe0cmo8LieQDvVcsiu6iWAr2PUZdSF5eMI=
08:29:12.125 [Expansion Quests] Quest with ID=15 is not a a valid achievement or auto start quest. Skip quest for player with UID=1OEPy6aKlMe0cmo8LieQDvVcsiu6iWAr2PUZdSF5eMI=
08:29:12.126 [Expansion Quests] Quest with ID=16 is not a a valid achievement or auto start quest. Skip quest for player with UID=1OEPy6aKlMe0cmo8LieQDvVcsiu6iWAr2PUZdSF5eMI=
08:29:12.126 [Expansion Quests] Quest with ID=17 is not a a valid achievement or auto start quest. Skip quest for player with UID=1OEPy6aKlMe0cmo8LieQDvVcsiu6iWAr2PUZdSF5eMI=
08:29:12.126 [Expansion Quests] Quest with ID=18 is not a a valid achievement or auto start quest. Skip quest for player with UID=1OEPy6aKlMe0cmo8LieQDvVcsiu6iWAr2PUZdSF5eMI=
08:29:12.126 [Expansion Quests] Quest with ID=19 is not a a valid achievement or auto start quest. Skip quest for player with UID=1OEPy6aKlMe0cmo8LieQDvVcsiu6iWAr2PUZdSF5eMI=
08:29:12.126 [Expansion Quests] Quest with ID=20 is not a a valid achievement or auto start quest. Skip quest for player with UID=1OEPy6aKlMe0cmo8LieQDvVcsiu6iWAr2PUZdSF5eMI=
08:29:12.126 [Expansion Quests] Quest with ID=21 is not a a valid achievement or auto start quest. Skip quest for player with UID=1OEPy6aKlMe0cmo8LieQDvVcsiu6iWAr2PUZdSF5eMI=
08:29:12.126 [Expansion Quests] Quest with ID=22 is not a a valid achievement or auto start quest. Skip quest for player with UID=1OEPy6aKlMe0cmo8LieQDvVcsiu6iWAr2PUZdSF5eMI=
08:29:12.126 [Expansion Quests] Quest with ID=23 is not a a valid achievement or auto start quest. Skip quest for player with UID=1OEPy6aKlMe0cmo8LieQDvVcsiu6iWAr2PUZdSF5eMI=
08:29:12.126 [Expansion Quests] Quest with ID=26 is not a a valid achievement or auto start quest. Skip quest for player with UID=1OEPy6aKlMe0cmo8LieQDvVcsiu6iWAr2PUZdSF5eMI=
08:29:12.126 [Expansion Quests] Quest with ID=61701 is not a a valid achievement or auto start quest. Skip quest for player with UID=1OEPy6aKlMe0cmo8LieQDvVcsiu6iWAr2PUZdSF5eMI=
08:29:12.126 [Expansion Quests] Quest with ID=28 is not a a valid achievement or auto start quest. Skip quest for player with UID=1OEPy6aKlMe0cmo8LieQDvVcsiu6iWAr2PUZdSF5eMI=
08:29:12.126 [Expansion Quests] Quest with ID=6301 is not a a valid achievement or auto start quest. Skip quest for player with UID=1OEPy6aKlMe0cmo8LieQDvVcsiu6iWAr2PUZdSF5eMI=
08:29:12.126 [Expansion Quests] Quest with ID=31 is not a a valid achievement or auto start quest. Skip quest for player with UID=1OEPy6aKlMe0cmo8LieQDvVcsiu6iWAr2PUZdSF5eMI=
08:29:12.126 [Expansion Quests] Quest with ID=61601 is not a a valid achievement or auto start quest. Skip quest for player with UID=1OEPy6aKlMe0cmo8LieQDvVcsiu6iWAr2PUZdSF5eMI=
08:29:12.126 [Expansion Quests] Quest with ID=7 is not a a valid achievement or auto start quest. Skip quest for player with UID=1OEPy6aKlMe0cmo8LieQDvVcsiu6iWAr2PUZdSF5eMI=
08:29:12.126 [Expansion Quests] Quest with ID=6701 is not a a valid achievement or auto start quest. Skip quest for player with UID=1OEPy6aKlMe0cmo8LieQDvVcsiu6iWAr2PUZdSF5eMI=
08:29:12.128 [Expansion Quests] Quest with ID=6501 is not a a valid achievement or auto start quest. Skip quest for player with UID=1OEPy6aKlMe0cmo8LieQDvVcsiu6iWAr2PUZdSF5eMI=
08:29:12.128 [Expansion Quests] Quest with ID=62001 is not a a valid achievement or auto start quest. Skip quest for player with UID=1OEPy6aKlMe0cmo8LieQDvVcsiu6iWAr2PUZdSF5eMI=
08:29:12.128 [Expansion Quests] Quest with ID=6801 is not a a valid achievement or auto start quest. Skip quest for player with UID=1OEPy6aKlMe0cmo8LieQDvVcsiu6iWAr2PUZdSF5eMI=
08:29:12.128 [Expansion Quests] Quest with ID=402 is not a a valid achievement or auto start quest. Skip quest for player with UID=1OEPy6aKlMe0cmo8LieQDvVcsiu6iWAr2PUZdSF5eMI=
08:29:12.128 [Expansion Quests] Quest with ID=6201 is not a a valid achievement or auto start quest. Skip quest for player with UID=1OEPy6aKlMe0cmo8LieQDvVcsiu6iWAr2PUZdSF5eMI=
08:29:12.128 [Expansion Quests] Quest with ID=6202 is not a a valid achievement or auto start quest. Skip quest for player with UID=1OEPy6aKlMe0cmo8LieQDvVcsiu6iWAr2PUZdSF5eMI=
08:29:12.128 [Expansion Quests] Quest with ID=61501 is not a a valid achievement or auto start quest. Skip quest for player with UID=1OEPy6aKlMe0cmo8LieQDvVcsiu6iWAr2PUZdSF5eMI=
08:29:12.128 [Expansion Quests] Quest with ID=201 is not a a valid achievement or auto start quest. Skip quest for player with UID=1OEPy6aKlMe0cmo8LieQDvVcsiu6iWAr2PUZdSF5eMI=
08:29:12.128 [Expansion Quests] Quest with ID=202 is not a a valid achievement or auto start quest. Skip quest for player with UID=1OEPy6aKlMe0cmo8LieQDvVcsiu6iWAr2PUZdSF5eMI=
08:29:12.128 [Expansion Quests] Quest with ID=203 is not a a valid achievement or auto start quest. Skip quest for player with UID=1OEPy6aKlMe0cmo8LieQDvVcsiu6iWAr2PUZdSF5eMI=
08:29:12.128 [Expansion Quests] Quest with ID=61901 is not a a valid achievement or auto start quest. Skip quest for player with UID=1OEPy6aKlMe0cmo8LieQDvVcsiu6iWAr2PUZdSF5eMI=
08:29:12.128 [Expansion Quests] Quest with ID=61902 is not a a valid achievement or auto start quest. Skip quest for player with UID=1OEPy6aKlMe0cmo8LieQDvVcsiu6iWAr2PUZdSF5eMI=
08:29:12.130 [Expansion Quests] Quest with ID=6101 is not a a valid achievement or auto start quest. Skip quest for player with UID=1OEPy6aKlMe0cmo8LieQDvVcsiu6iWAr2PUZdSF5eMI=
08:29:12.130 [Expansion Quests] Quest with ID=401 is not a a valid achievement or auto start quest. Skip quest for player with UID=1OEPy6aKlMe0cmo8LieQDvVcsiu6iWAr2PUZdSF5eMI=
08:29:12.130 [Expansion Quests] Quest with ID=29 is not a a valid achievement or auto start quest. Skip quest for player with UID=1OEPy6aKlMe0cmo8LieQDvVcsiu6iWAr2PUZdSF5eMI=
08:29:12.130 [Expansion Quests] Quest with ID=61401 is not a a valid achievement or auto start quest. Skip quest for player with UID=1OEPy6aKlMe0cmo8LieQDvVcsiu6iWAr2PUZdSF5eMI=
08:29:12.130 [Expansion Quests] Quest with ID=6601 is not a a valid achievement or auto start quest. Skip quest for player with UID=1OEPy6aKlMe0cmo8LieQDvVcsiu6iWAr2PUZdSF5eMI=
08:29:12.130 [Expansion Quests] Quest with ID=61301 is not a a valid achievement or auto start quest. Skip quest for player with UID=1OEPy6aKlMe0cmo8LieQDvVcsiu6iWAr2PUZdSF5eMI=
08:29:12.130 [Expansion Quests] Quest with ID=61101 is not a a valid achievement or auto start quest. Skip quest for player with UID=1OEPy6aKlMe0cmo8LieQDvVcsiu6iWAr2PUZdSF5eMI=
08:29:12.130 [Expansion Quests] Quest with ID=101 is not a a valid achievement or auto start quest. Skip quest for player with UID=1OEPy6aKlMe0cmo8LieQDvVcsiu6iWAr2PUZdSF5eMI=
08:29:12.130 [Expansion Quests] Quest with ID=102 is not a a valid achievement or auto start quest. Skip quest for player with UID=1OEPy6aKlMe0cmo8LieQDvVcsiu6iWAr2PUZdSF5eMI=
08:29:12.130 [Expansion Quests] Quest with ID=61801 is not a a valid achievement or auto start quest. Skip quest for player with UID=1OEPy6aKlMe0cmo8LieQDvVcsiu6iWAr2PUZdSF5eMI=
08:29:12.130 [Expansion Quests] Quest with ID=61001 is not a a valid achievement or auto start quest. Skip quest for player with UID=1OEPy6aKlMe0cmo8LieQDvVcsiu6iWAr2PUZdSF5eMI=
08:29:12.130 [Expansion Quests] Quest with ID=6901 is not a a valid achievement or auto start quest. Skip quest for player with UID=1OEPy6aKlMe0cmo8LieQDvVcsiu6iWAr2PUZdSF5eMI=
08:29:12.130 [Expansion Quests] Quest with ID=61201 is not a a valid achievement or auto start quest. Skip quest for player with UID=1OEPy6aKlMe0cmo8LieQDvVcsiu6iWAr2PUZdSF5eMI=
08:29:12.134 [Expansion Quests] Sending 1OEPy6aKlMe0cmo8LieQDvVcsiu6iWAr2PUZdSF5eMI= quest configs to client for player with UID=1OEPy6aKlMe0cmo8LieQDvVcsiu6iWAr2PUZdSF5eMI=
08:29:12.136 [Expansion Quests] Sending player quest data for 19 quests to player with UID=1OEPy6aKlMe0cmo8LieQDvVcsiu6iWAr2PUZdSF5eMI=
08:29:12.140 [AI Patrol 00108] Spawning 2 Zelenogorsk_Tier2 (Raiders) bots at <2916.963623, 208.836227, 5306.942871>
08:29:12.162 [AI Patrol 00108] Global patrol count: 1
08:29:12.992 [Expansion Quests] - LoadGroupQuestData - Got cached group quest data for group with ID=1
08:32:44.451 [MissionAirdrop] An airdrop is heading towards "Chernogorsk" (pos=<6128.000000, 0.000000, 2497.000000> type=Random_Chernogorsk) with a ExpansionAirdropContainer_Military
08:34:52.314 [AI Object Patrol 00013] Spawning 2 PoliceStation_Tier2 (Raiders) bots at <2742.151367, 206.529999, 5374.702148>
08:34:52.408 [AI Object Patrol 00013] Global patrol count: 2
08:35:11.312 [AI Patrol 00107] Spawning 1 Zelenogorsk_Tier3 (Raiders) bots at <2480.500732, 190.029922, 5306.276855>
08:35:11.332 [AI Patrol 00107] Global patrol count: 3
08:35:11.333 [AI Object Patrol 00055] Spawning 2 WaterPump_Tier0 (Raiders) bots at <2696.673584, 204.449997, 5290.166016>
08:35:11.345 [AI Object Patrol 00055] Global patrol count: 4
08:35:11.488 [AI Object Patrol 00012] Spawning 2 FirelStation_Tier2 (Raiders) bots at <2595.269287, 194.989777, 5074.520996>
08:35:11.507 [AI Object Patrol 00012] Global patrol count: 5
08:35:11.822 [AI Patrol 00106] Spawning 1 Zelenogorsk_Tier2 (Raiders) bots at <2290.813965, 185.495834, 5169.817871>
08:35:11.835 [AI Patrol 00106] Global patrol count: 6
08:36:17.839 [Killfeed] AI Linda (WaterPump_Tier0) был убит AI Baty (PoliceStation_Tier2) с КАС-74У из 1 м расстояние.
08:37:22.216 [AI Patrol 00105] Spawning 1 Drozhino_Tier2RR (Raiders) bots at <3549.891113, 249.868729, 4947.132813>
08:37:22.236 [AI Patrol 00105] Global patrol count: 7
08:38:10.255 [Killfeed] AI Judy (Zelenogorsk_Tier3) был убит AI Gabi (PoliceStation_Tier2) с CR-550 Savanna из 23 м расстояние.
08:38:10.265 [AI Patrol 00107] Zelenogorsk_Tier3 (Raiders) bots were wiped out (spawn position <2480.500732, 190.029922, 5306.276855>, 1/1 deceased)
08:38:10.265 [AI Patrol 00107] Global patrol count: 6
08:39:28.740 [Killfeed] AI Keiko (FirelStation_Tier2) был убит AI Indar (Zelenogorsk_Tier2) с CR-75 из 3 м расстояние.
08:39:31.105 [Killfeed] AI Indar (Zelenogorsk_Tier2) был убит [Falco] Survivor с КА-101 из 52 м расстояние.
08:40:02.669 [Killfeed] AI Gabi (PoliceStation_Tier2) был убит AI Irena (Zelenogorsk_Tier2) при помощи.
08:40:07.769 [Killfeed] AI Baty (PoliceStation_Tier2) был убит [Falco] Survivor с КА-101 из 6 м расстояние.
08:40:10.271 [AI Object Patrol 00013] PoliceStation_Tier2 (Raiders) bots were wiped out (spawn position <2742.151367, 206.529999, 5374.702148>, 2/2 deceased)
08:40:10.271 [AI Object Patrol 00013] Global patrol count: 5
08:40:53.039 [AI Object Patrol 00122] Spawning 3 West bots at <4290.047852, 338.741577, 10989.701172>
08:40:53.052 [AI Object Patrol 00122] Global patrol count: 6
08:41:02.064 [Killfeed] AI Helga (FirelStation_Tier2) был убит AI Jose (Zelenogorsk_Tier2) с FX-45 из 2 м расстояние.
08:41:05.447 [AI Object Patrol 00012] FirelStation_Tier2 (Raiders) bots were wiped out (spawn position <2595.269287, 194.989777, 5074.520996>, 2/2 deceased)
08:41:05.447 [AI Object Patrol 00012] Global patrol count: 5
08:41:59.232 [Killfeed] AI Eva (WaterPump_Tier0) был убит AI Jose (Zelenogorsk_Tier2) при помощи.
08:42:00.275 [AI Object Patrol 00055] WaterPump_Tier0 (Raiders) bots were wiped out (spawn position <2696.673584, 204.449997, 5290.166016>, 2/2 deceased)
08:42:00.275 [AI Object Patrol 00055] Global patrol count: 4
08:43:18.031 [Killfeed] AI Irena (Zelenogorsk_Tier2) был убит AI Jose (Zelenogorsk_Tier2) при помощи.
08:43:19.785 [AI Patrol 00106] Zelenogorsk_Tier2 (Raiders) bots were wiped out (spawn position <2290.813965, 185.495834, 5169.817871>, 1/1 deceased)
08:43:19.785 [AI Patrol 00106] Global patrol count: 3
08:44:17.470 [Killfeed] AI Naomi (Наёмники) умер от Химическое отравление.
08:44:25.537 [Killfeed] AI Irena (Наёмники) умер от Химическое отравление.
08:44:33.646 [Killfeed] AI Maria (Наёмники) умер от Химическое отравление.
08:45:39.382 [Killfeed] AI Niki (Наёмники) умер от Химическое отравление.
08:45:39.761 [Killfeed] AI Helga (Пассивные) был убит [Falco] Survivor с КА-74 из 1 м расстояние.
08:45:56.039 [VehicleDestroyed] Offroad_02 (id=69CDB1D7F64E8935FFFEAF975B46C574 pos=<4176.365723, 338.710571, 10725.791016>)
08:45:59.482 [AI Patrol 00108] Despawning Zelenogorsk_Tier2 (Raiders) patrol (spawn position <2916.963623, 208.836227, 5306.942871>)
08:45:59.482 [AI Patrol 00108] Global patrol count: 2
08:45:59.677 [AI Patrol 00105] Despawning Drozhino_Tier2RR (Raiders) patrol (spawn position <3549.891113, 249.868729, 4947.132813>)
08:45:59.677 [AI Patrol 00105] Global patrol count: 1
08:45:59.890 [AI Object Patrol 00122] Despawning West patrol (spawn position <4290.047852, 338.741577, 10989.701172>)
08:45:59.890 [AI Object Patrol 00122] Global patrol count: 0
08:47:16.085 [Killfeed] AI Baty (Пассивные) был убит [Falco] Survivor с КА-74 из 1 м расстояние.
08:48:33.738 [Killfeed] AI Naomi (Пассивные) был убит [Falco] Survivor с КА-74 из 2 м расстояние.
08:50:05.242 [Killfeed] AI Quinn (Пассивные) был убит [Falco] Survivor с КА-74 из 1 м расстояние.
08:52:06.714 [VehicleDeleted] Offroad_02 (id=69CDB1D7F64E8935FFFEAF975B46C574 pos=<4176.362793, 338.791016, 10725.782227>)
09:16:21.691 [Party] Player "Survivor" (id=1OEPy6aKlMe0cmo8LieQDvVcsiu6iWAr2PUZdSF5eMI=) left the party "Falcon Resolute" (id=1 ownerUID=z63osPRVUnS8pzWmaenLtvu6c2gVxwL4gvA4elWPF5w= ownerName=Survivor (2))
09:16:21.695 [Expansion Quests] Deleted quest with ID=8 is a of player with UID=1OEPy6aKlMe0cmo8LieQDvVcsiu6iWAr2PUZdSF5eMI=.
09:16:21.695 [Expansion Quests] Deleted quest with ID=11 is a of player with UID=1OEPy6aKlMe0cmo8LieQDvVcsiu6iWAr2PUZdSF5eMI=.
