19:13:33.859 [Expansion Quests] Initialize quest system on the connected client with UID=1OEPy6aKlMe0cmo8LieQDvVcsiu6iWAr2PUZdSF5eMI=
19:13:33.890 [Expansion Quests] Loaded existing player quest data for player with UID=1OEPy6aKlMe0cmo8LieQDvVcsiu6iWAr2PUZdSF5eMI=
19:13:33.890 [Expansion Quests] Check quest initialization for quest with ID=6901 | State=COMPLETED | Player UID=1OEPy6aKlMe0cmo8LieQDvVcsiu6iWAr2PUZdSF5eMI=
19:13:33.890 [Expansion Quests] Check quest initialization for quest with ID=61601 | State=STARTED | Player UID=1OEPy6aKlMe0cmo8LieQDvVcsiu6iWAr2PUZdSF5eMI=
19:13:33.890 [Expansion Quests] Create new quest instance for quest with ID=61601 | Player UID=1OEPy6aKlMe0cmo8LieQDvVcsiu6iWAr2PUZdSF5eMI=
19:13:33.890 [Expansion Quests] Check quest initialization for quest with ID=61902 | State=NONE | Player UID=1OEPy6aKlMe0cmo8LieQDvVcsiu6iWAr2PUZdSF5eMI=
19:13:33.890 [Expansion Quests] Check quest initialization for quest with ID=6501 | State=STARTED | Player UID=1OEPy6aKlMe0cmo8LieQDvVcsiu6iWAr2PUZdSF5eMI=
19:13:33.890 [Expansion Quests] Create new quest instance for quest with ID=6501 | Player UID=1OEPy6aKlMe0cmo8LieQDvVcsiu6iWAr2PUZdSF5eMI=
19:13:33.890 [Expansion Quests] Check quest initialization for quest with ID=8 | State=STARTED | Player UID=1OEPy6aKlMe0cmo8LieQDvVcsiu6iWAr2PUZdSF5eMI=
19:13:33.890 [Expansion Quests] Create new quest instance for quest with ID=8 | Player UID=1OEPy6aKlMe0cmo8LieQDvVcsiu6iWAr2PUZdSF5eMI=
19:13:33.890 [Expansion Quests] Check quest initialization for quest with ID=61001 | State=CAN_TURNIN | Player UID=1OEPy6aKlMe0cmo8LieQDvVcsiu6iWAr2PUZdSF5eMI=
19:13:33.890 [Expansion Quests] Create new quest instance for quest with ID=61001 | Player UID=1OEPy6aKlMe0cmo8LieQDvVcsiu6iWAr2PUZdSF5eMI=
19:13:33.890 [Expansion Quests] Check quest initialization for quest with ID=11 | State=STARTED | Player UID=1OEPy6aKlMe0cmo8LieQDvVcsiu6iWAr2PUZdSF5eMI=
19:13:33.890 [Expansion Quests] Create new quest instance for quest with ID=11 | Player UID=1OEPy6aKlMe0cmo8LieQDvVcsiu6iWAr2PUZdSF5eMI=
19:13:33.890 [Expansion Quests] Check quest initialization for quest with ID=61901 | State=NONE | Player UID=1OEPy6aKlMe0cmo8LieQDvVcsiu6iWAr2PUZdSF5eMI=
19:13:33.890 [Expansion Quests] Check quest initialization for quest with ID=14 | State=COMPLETED | Player UID=1OEPy6aKlMe0cmo8LieQDvVcsiu6iWAr2PUZdSF5eMI=
19:13:33.890 [Expansion Quests] Check quest initialization for quest with ID=9 | State=COMPLETED | Player UID=1OEPy6aKlMe0cmo8LieQDvVcsiu6iWAr2PUZdSF5eMI=
19:13:33.890 [Expansion Quests] Check quest initialization for quest with ID=61701 | State=NONE | Player UID=1OEPy6aKlMe0cmo8LieQDvVcsiu6iWAr2PUZdSF5eMI=
19:13:33.890 [Expansion Quests] Check quest initialization for quest with ID=6101 | State=COMPLETED | Player UID=1OEPy6aKlMe0cmo8LieQDvVcsiu6iWAr2PUZdSF5eMI=
19:13:33.890 [Expansion Quests] Check quest initialization for quest with ID=61401 | State=NONE | Player UID=1OEPy6aKlMe0cmo8LieQDvVcsiu6iWAr2PUZdSF5eMI=
19:13:33.890 [Expansion Quests] Check quest initialization for quest with ID=61801 | State=NONE | Player UID=1OEPy6aKlMe0cmo8LieQDvVcsiu6iWAr2PUZdSF5eMI=
19:13:33.890 [Expansion Quests] Check quest initialization for quest with ID=61501 | State=NONE | Player UID=1OEPy6aKlMe0cmo8LieQDvVcsiu6iWAr2PUZdSF5eMI=
19:13:33.890 [Expansion Quests] Quest with ID=1 is not a a valid achievement or auto start quest. Skip quest for player with UID=1OEPy6aKlMe0cmo8LieQDvVcsiu6iWAr2PUZdSF5eMI=
19:13:33.890 [Expansion Quests] Quest with ID=2 is not a a valid achievement or auto start quest. Skip quest for player with UID=1OEPy6aKlMe0cmo8LieQDvVcsiu6iWAr2PUZdSF5eMI=
19:13:33.890 [Expansion Quests] Quest with ID=3 is not a a valid achievement or auto start quest. Skip quest for player with UID=1OEPy6aKlMe0cmo8LieQDvVcsiu6iWAr2PUZdSF5eMI=
19:13:33.890 [Expansion Quests] Quest with ID=4 is not a a valid achievement or auto start quest. Skip quest for player with UID=1OEPy6aKlMe0cmo8LieQDvVcsiu6iWAr2PUZdSF5eMI=
19:13:33.890 [Expansion Quests] Quest with ID=5 is not a a valid achievement or auto start quest. Skip quest for player with UID=1OEPy6aKlMe0cmo8LieQDvVcsiu6iWAr2PUZdSF5eMI=
19:13:33.890 [Expansion Quests] Quest with ID=6 is not a a valid achievement or auto start quest. Skip quest for player with UID=1OEPy6aKlMe0cmo8LieQDvVcsiu6iWAr2PUZdSF5eMI=
19:13:33.890 [Expansion Quests] Quest with ID=6401 is not a a valid achievement or auto start quest. Skip quest for player with UID=1OEPy6aKlMe0cmo8LieQDvVcsiu6iWAr2PUZdSF5eMI=
19:13:33.890 [Expansion Quests] Quest with ID=301 is not a a valid achievement or auto start quest. Skip quest for player with UID=1OEPy6aKlMe0cmo8LieQDvVcsiu6iWAr2PUZdSF5eMI=
19:13:33.890 [Expansion Quests] Quest with ID=10 is not a a valid achievement or auto start quest. Skip quest for player with UID=1OEPy6aKlMe0cmo8LieQDvVcsiu6iWAr2PUZdSF5eMI=
19:13:33.890 [Expansion Quests] Quest with ID=12 is not a a valid achievement or auto start quest. Skip quest for player with UID=1OEPy6aKlMe0cmo8LieQDvVcsiu6iWAr2PUZdSF5eMI=
19:13:33.890 [Expansion Quests] Quest with ID=13 is not a a valid achievement or auto start quest. Skip quest for player with UID=1OEPy6aKlMe0cmo8LieQDvVcsiu6iWAr2PUZdSF5eMI=
19:13:33.890 [Expansion Quests] Quest with ID=15 is not a a valid achievement or auto start quest. Skip quest for player with UID=1OEPy6aKlMe0cmo8LieQDvVcsiu6iWAr2PUZdSF5eMI=
19:13:33.890 [Expansion Quests] Quest with ID=16 is not a a valid achievement or auto start quest. Skip quest for player with UID=1OEPy6aKlMe0cmo8LieQDvVcsiu6iWAr2PUZdSF5eMI=
19:13:33.890 [Expansion Quests] Quest with ID=17 is not a a valid achievement or auto start quest. Skip quest for player with UID=1OEPy6aKlMe0cmo8LieQDvVcsiu6iWAr2PUZdSF5eMI=
19:13:33.890 [Expansion Quests] Quest with ID=18 is not a a valid achievement or auto start quest. Skip quest for player with UID=1OEPy6aKlMe0cmo8LieQDvVcsiu6iWAr2PUZdSF5eMI=
19:13:33.890 [Expansion Quests] Quest with ID=19 is not a a valid achievement or auto start quest. Skip quest for player with UID=1OEPy6aKlMe0cmo8LieQDvVcsiu6iWAr2PUZdSF5eMI=
19:13:33.890 [Expansion Quests] Quest with ID=20 is not a a valid achievement or auto start quest. Skip quest for player with UID=1OEPy6aKlMe0cmo8LieQDvVcsiu6iWAr2PUZdSF5eMI=
19:13:33.890 [Expansion Quests] Quest with ID=21 is not a a valid achievement or auto start quest. Skip quest for player with UID=1OEPy6aKlMe0cmo8LieQDvVcsiu6iWAr2PUZdSF5eMI=
19:13:33.890 [Expansion Quests] Quest with ID=22 is not a a valid achievement or auto start quest. Skip quest for player with UID=1OEPy6aKlMe0cmo8LieQDvVcsiu6iWAr2PUZdSF5eMI=
19:13:33.890 [Expansion Quests] Quest with ID=23 is not a a valid achievement or auto start quest. Skip quest for player with UID=1OEPy6aKlMe0cmo8LieQDvVcsiu6iWAr2PUZdSF5eMI=
19:13:33.890 [Expansion Quests] Quest with ID=26 is not a a valid achievement or auto start quest. Skip quest for player with UID=1OEPy6aKlMe0cmo8LieQDvVcsiu6iWAr2PUZdSF5eMI=
19:13:33.890 [Expansion Quests] Quest with ID=61701 is not a a valid achievement or auto start quest. Skip quest for player with UID=1OEPy6aKlMe0cmo8LieQDvVcsiu6iWAr2PUZdSF5eMI=
19:13:33.898 [Expansion Quests] Quest with ID=28 is not a a valid achievement or auto start quest. Skip quest for player with UID=1OEPy6aKlMe0cmo8LieQDvVcsiu6iWAr2PUZdSF5eMI=
19:13:33.898 [Expansion Quests] Quest with ID=6301 is not a a valid achievement or auto start quest. Skip quest for player with UID=1OEPy6aKlMe0cmo8LieQDvVcsiu6iWAr2PUZdSF5eMI=
19:13:33.898 [Expansion Quests] Quest with ID=31 is not a a valid achievement or auto start quest. Skip quest for player with UID=1OEPy6aKlMe0cmo8LieQDvVcsiu6iWAr2PUZdSF5eMI=
19:13:33.898 [Expansion Quests] Quest with ID=7 is not a a valid achievement or auto start quest. Skip quest for player with UID=1OEPy6aKlMe0cmo8LieQDvVcsiu6iWAr2PUZdSF5eMI=
19:13:33.898 [Expansion Quests] Quest with ID=6701 is not a a valid achievement or auto start quest. Skip quest for player with UID=1OEPy6aKlMe0cmo8LieQDvVcsiu6iWAr2PUZdSF5eMI=
19:13:33.898 [Expansion Quests] Quest with ID=62001 is not a a valid achievement or auto start quest. Skip quest for player with UID=1OEPy6aKlMe0cmo8LieQDvVcsiu6iWAr2PUZdSF5eMI=
19:13:33.898 [Expansion Quests] Quest with ID=6801 is not a a valid achievement or auto start quest. Skip quest for player with UID=1OEPy6aKlMe0cmo8LieQDvVcsiu6iWAr2PUZdSF5eMI=
19:13:33.898 [Expansion Quests] Quest with ID=402 is not a a valid achievement or auto start quest. Skip quest for player with UID=1OEPy6aKlMe0cmo8LieQDvVcsiu6iWAr2PUZdSF5eMI=
19:13:33.898 [Expansion Quests] Quest with ID=6201 is not a a valid achievement or auto start quest. Skip quest for player with UID=1OEPy6aKlMe0cmo8LieQDvVcsiu6iWAr2PUZdSF5eMI=
19:13:33.898 [Expansion Quests] Quest with ID=6202 is not a a valid achievement or auto start quest. Skip quest for player with UID=1OEPy6aKlMe0cmo8LieQDvVcsiu6iWAr2PUZdSF5eMI=
19:13:33.898 [Expansion Quests] Quest with ID=61501 is not a a valid achievement or auto start quest. Skip quest for player with UID=1OEPy6aKlMe0cmo8LieQDvVcsiu6iWAr2PUZdSF5eMI=
19:13:33.898 [Expansion Quests] Quest with ID=201 is not a a valid achievement or auto start quest. Skip quest for player with UID=1OEPy6aKlMe0cmo8LieQDvVcsiu6iWAr2PUZdSF5eMI=
19:13:33.898 [Expansion Quests] Quest with ID=202 is not a a valid achievement or auto start quest. Skip quest for player with UID=1OEPy6aKlMe0cmo8LieQDvVcsiu6iWAr2PUZdSF5eMI=
19:13:33.898 [Expansion Quests] Quest with ID=203 is not a a valid achievement or auto start quest. Skip quest for player with UID=1OEPy6aKlMe0cmo8LieQDvVcsiu6iWAr2PUZdSF5eMI=
19:13:33.898 [Expansion Quests] Quest with ID=61901 is not a a valid achievement or auto start quest. Skip quest for player with UID=1OEPy6aKlMe0cmo8LieQDvVcsiu6iWAr2PUZdSF5eMI=
19:13:33.898 [Expansion Quests] Quest with ID=61902 is not a a valid achievement or auto start quest. Skip quest for player with UID=1OEPy6aKlMe0cmo8LieQDvVcsiu6iWAr2PUZdSF5eMI=
19:13:33.898 [Expansion Quests] Quest with ID=6101 is not a a valid achievement or auto start quest. Skip quest for player with UID=1OEPy6aKlMe0cmo8LieQDvVcsiu6iWAr2PUZdSF5eMI=
19:13:33.898 [Expansion Quests] Quest with ID=401 is not a a valid achievement or auto start quest. Skip quest for player with UID=1OEPy6aKlMe0cmo8LieQDvVcsiu6iWAr2PUZdSF5eMI=
19:13:33.898 [Expansion Quests] Quest with ID=29 is not a a valid achievement or auto start quest. Skip quest for player with UID=1OEPy6aKlMe0cmo8LieQDvVcsiu6iWAr2PUZdSF5eMI=
19:13:33.898 [Expansion Quests] Quest with ID=61401 is not a a valid achievement or auto start quest. Skip quest for player with UID=1OEPy6aKlMe0cmo8LieQDvVcsiu6iWAr2PUZdSF5eMI=
19:13:33.898 [Expansion Quests] Quest with ID=6601 is not a a valid achievement or auto start quest. Skip quest for player with UID=1OEPy6aKlMe0cmo8LieQDvVcsiu6iWAr2PUZdSF5eMI=
19:13:33.898 [Expansion Quests] Quest with ID=61301 is not a a valid achievement or auto start quest. Skip quest for player with UID=1OEPy6aKlMe0cmo8LieQDvVcsiu6iWAr2PUZdSF5eMI=
19:13:33.898 [Expansion Quests] Quest with ID=61101 is not a a valid achievement or auto start quest. Skip quest for player with UID=1OEPy6aKlMe0cmo8LieQDvVcsiu6iWAr2PUZdSF5eMI=
19:13:33.898 [Expansion Quests] Quest with ID=101 is not a a valid achievement or auto start quest. Skip quest for player with UID=1OEPy6aKlMe0cmo8LieQDvVcsiu6iWAr2PUZdSF5eMI=
19:13:33.898 [Expansion Quests] Quest with ID=102 is not a a valid achievement or auto start quest. Skip quest for player with UID=1OEPy6aKlMe0cmo8LieQDvVcsiu6iWAr2PUZdSF5eMI=
19:13:33.898 [Expansion Quests] Quest with ID=61801 is not a a valid achievement or auto start quest. Skip quest for player with UID=1OEPy6aKlMe0cmo8LieQDvVcsiu6iWAr2PUZdSF5eMI=
19:13:33.898 [Expansion Quests] Quest with ID=6901 is not a a valid achievement or auto start quest. Skip quest for player with UID=1OEPy6aKlMe0cmo8LieQDvVcsiu6iWAr2PUZdSF5eMI=
19:13:33.898 [Expansion Quests] Quest with ID=61201 is not a a valid achievement or auto start quest. Skip quest for player with UID=1OEPy6aKlMe0cmo8LieQDvVcsiu6iWAr2PUZdSF5eMI=
19:13:33.898 [Expansion Quests] Sending 1OEPy6aKlMe0cmo8LieQDvVcsiu6iWAr2PUZdSF5eMI= quest configs to client for player with UID=1OEPy6aKlMe0cmo8LieQDvVcsiu6iWAr2PUZdSF5eMI=
19:13:33.898 [Expansion Quests] Sending player quest data for 15 quests to player with UID=1OEPy6aKlMe0cmo8LieQDvVcsiu6iWAr2PUZdSF5eMI=
19:17:09.726 [Expansion Quests] Added new objective data for type=TREASUREHUNT | Key=1OEPy6aKlMe0cmo8LieQDvVcsiu6iWAr2PUZdSF5eMI= | ID=1401
19:17:09.726 [Expansion Quests] Added new objective data for type=COLLECT | Key=1OEPy6aKlMe0cmo8LieQDvVcsiu6iWAr2PUZdSF5eMI= | ID=1301
19:17:09.734 [Expansion Quests] Updated and saved persistent player quest data for player with UID=1OEPy6aKlMe0cmo8LieQDvVcsiu6iWAr2PUZdSF5eMI= | Quest ID=61601
19:17:14.382 [Expansion Quests] Added new objective data for type=TREASUREHUNT | Key=1OEPy6aKlMe0cmo8LieQDvVcsiu6iWAr2PUZdSF5eMI= | ID=1401
19:17:14.382 [Expansion Quests] Added new objective data for type=COLLECT | Key=1OEPy6aKlMe0cmo8LieQDvVcsiu6iWAr2PUZdSF5eMI= | ID=1301
19:17:14.390 [Expansion Quests] Updated and saved persistent player quest data for player with UID=1OEPy6aKlMe0cmo8LieQDvVcsiu6iWAr2PUZdSF5eMI= | Quest ID=61601
19:17:14.390 [Expansion Quests] Added new objective data for type=TREASUREHUNT | Key=1OEPy6aKlMe0cmo8LieQDvVcsiu6iWAr2PUZdSF5eMI= | ID=1401
19:17:14.390 [Expansion Quests] Added new objective data for type=COLLECT | Key=1OEPy6aKlMe0cmo8LieQDvVcsiu6iWAr2PUZdSF5eMI= | ID=1301
19:17:14.398 [Expansion Quests] Updated and saved persistent player quest data for player with UID=1OEPy6aKlMe0cmo8LieQDvVcsiu6iWAr2PUZdSF5eMI= | Quest ID=61601
19:17:14.882 [Expansion Quests] Added new objective data for type=TREASUREHUNT | Key=1OEPy6aKlMe0cmo8LieQDvVcsiu6iWAr2PUZdSF5eMI= | ID=1401
19:17:14.882 [Expansion Quests] Added new objective data for type=COLLECT | Key=1OEPy6aKlMe0cmo8LieQDvVcsiu6iWAr2PUZdSF5eMI= | ID=1301
19:17:14.882 [Expansion Quests] Updated and saved persistent player quest data for player with UID=1OEPy6aKlMe0cmo8LieQDvVcsiu6iWAr2PUZdSF5eMI= | Quest ID=61601
19:17:17.484 [Expansion Quests] Added new objective data for type=TREASUREHUNT | Key=1OEPy6aKlMe0cmo8LieQDvVcsiu6iWAr2PUZdSF5eMI= | ID=1401
19:17:17.484 [Expansion Quests] Added new objective data for type=COLLECT | Key=1OEPy6aKlMe0cmo8LieQDvVcsiu6iWAr2PUZdSF5eMI= | ID=1301
19:17:17.484 [Expansion Quests] Updated and saved persistent player quest data for player with UID=1OEPy6aKlMe0cmo8LieQDvVcsiu6iWAr2PUZdSF5eMI= | Quest ID=61601
19:17:30.843 [Expansion Quests] Added new objective data for type=TREASUREHUNT | Key=1OEPy6aKlMe0cmo8LieQDvVcsiu6iWAr2PUZdSF5eMI= | ID=1401
19:17:30.843 [Expansion Quests] Added new objective data for type=COLLECT | Key=1OEPy6aKlMe0cmo8LieQDvVcsiu6iWAr2PUZdSF5eMI= | ID=1301
19:17:30.851 [Expansion Quests] Updated and saved persistent player quest data for player with UID=1OEPy6aKlMe0cmo8LieQDvVcsiu6iWAr2PUZdSF5eMI= | Quest ID=61601
19:18:09.039 [MissionAirdrop] An airdrop is heading towards "Balota" (pos=<5043.000000, 0.000000, 2505.000000> type=Random_Balota) with a ExpansionAirdropContainer_Medical
19:23:47.726 [AI Object Patrol 00115] Spawning 1 Ordinary_Raiders (Raiders) bots at <13518.220703, 20.433361, 14045.028320>
19:23:47.734 [AI Object Patrol 00115] Global patrol count: 1
19:27:45.304 [AI Object Patrol 00096] Spawning 2 Ordinary_Raiders (Raiders) bots at <14093.758789, 139.279327, 15036.434570>
19:27:45.320 [AI Object Patrol 00096] Global patrol count: 2
19:30:22.546 [AI Object Patrol 00042] Spawning 2 Ordinary_Raiders (Raiders) bots at <13789.966797, 20.059999, 13290.792969>
19:30:22.562 [AI Object Patrol 00042] Global patrol count: 3
19:32:43.554 [AI Object Patrol 00059] Spawning 1 FireStationScavs_Tier1 (Raiders) bots at <12172.748047, 93.007149, 13855.642578>
19:32:43.578 [AI Object Patrol 00059] Global patrol count: 4
19:32:47.789 [AI Object Patrol 00041] Spawning 2 PoliceStationScavs_Tier_1 (Raiders) bots at <13863.847656, 20.347385, 13222.890625>
19:32:47.812 [AI Object Patrol 00041] Global patrol count: 5
19:33:14.125 [AI Object Patrol 00040] Spawning 2 Ordinary_Raiders (Raiders) bots at <13357.871094, 95.369598, 12872.371094>
19:33:14.140 [AI Object Patrol 00040] Global patrol count: 6
19:33:28.250 [AI Object Patrol 00043] Spawning 1 Ordinary_Raiders (Raiders) bots at <12086.550781, 94.988823, 13725.875977>
19:33:28.265 [AI Object Patrol 00043] Global patrol count: 7
19:37:48.828 [Safezone] Player "Da da Ya" (id=1OEPy6aKlMe0cmo8LieQDvVcsiu6iWAr2PUZdSF5eMI= pos=<12240.922852, 140.149261, 12825.791992>) Entered the safezone
19:38:12.210 [AI Patrol 00084] Spawning 3 Ordinary_Scavengers_Tier_1(Krasnostav) (Raiders) bots at <11203.345703, 202.368317, 12409.292969>
19:38:12.234 [AI Patrol 00084] Global patrol count: 8
19:38:36.351 [AI Object Patrol 00038] Spawning 2 PoliceStationScavs_Tier_1 (Raiders) bots at <11054.238281, 227.271332, 12493.576172>
19:38:36.382 [AI Object Patrol 00038] Global patrol count: 9
19:38:49.781 [AI Object Patrol 00036] Spawning 1 Ordinary_Raiders (Raiders) bots at <11011.338867, 226.468613, 12411.583008>
19:38:49.796 [AI Object Patrol 00036] Global patrol count: 10
19:39:30.484 [Expansion Quests] Added new objective data for type=TREASUREHUNT | Key=1OEPy6aKlMe0cmo8LieQDvVcsiu6iWAr2PUZdSF5eMI= | ID=1401
19:39:30.484 [Expansion Quests] Added new objective data for type=COLLECT | Key=1OEPy6aKlMe0cmo8LieQDvVcsiu6iWAr2PUZdSF5eMI= | ID=1301
19:39:30.492 [Expansion Quests] Updated and saved persistent player quest data for player with UID=1OEPy6aKlMe0cmo8LieQDvVcsiu6iWAr2PUZdSF5eMI= | Quest ID=61601
19:39:30.500 [Expansion Quests] Added new objective data for type=TREASUREHUNT | Key=1OEPy6aKlMe0cmo8LieQDvVcsiu6iWAr2PUZdSF5eMI= | ID=1401
19:39:30.500 [Expansion Quests] Added new objective data for type=COLLECT | Key=1OEPy6aKlMe0cmo8LieQDvVcsiu6iWAr2PUZdSF5eMI= | ID=1301
19:39:30.507 [Expansion Quests] Updated and saved persistent player quest data for player with UID=1OEPy6aKlMe0cmo8LieQDvVcsiu6iWAr2PUZdSF5eMI= | Quest ID=61601
19:39:30.507 [Expansion Quests] Player with UID=1OEPy6aKlMe0cmo8LieQDvVcsiu6iWAr2PUZdSF5eMI= has completed quest with ID=61601
19:39:37.187 [Expansion Quests] Added new objective data for type=TARGET | Key=1OEPy6aKlMe0cmo8LieQDvVcsiu6iWAr2PUZdSF5eMI= | ID=2
19:39:37.195 [Expansion Quests] Updated and saved persistent player quest data for player with UID=1OEPy6aKlMe0cmo8LieQDvVcsiu6iWAr2PUZdSF5eMI= | Quest ID=61001
19:39:37.195 [Expansion Quests] Player with UID=1OEPy6aKlMe0cmo8LieQDvVcsiu6iWAr2PUZdSF5eMI= has completed quest with ID=61001
19:41:06.054 [Market] Player "Da da Ya" (id=1OEPy6aKlMe0cmo8LieQDvVcsiu6iWAr2PUZdSF5eMI=) has sold hatchet x1 (ebc737e0) at the trader "BuildingSupplies (Linda [#STR_EXPANSION_MARKET_TRADER_BUILDING_SUPPLIES])" in market zone "Krasnostav Trading Zone" (pos=<11924.700195, 140.699997, 12527.000000>) and got 5.
19:41:21.515 [Market] Player "Da da Ya" (id=1OEPy6aKlMe0cmo8LieQDvVcsiu6iWAr2PUZdSF5eMI=) has sold huntingknife x1 (dd356320) at the trader "Weapons (Denis [#STR_EXPANSION_MARKET_TRADER_WEAPONS])" in market zone "Krasnostav Trading Zone" (pos=<11924.700195, 140.699997, 12527.000000>) and got 6.
19:41:29.273 [AI Object Patrol 00096] Despawning 2 Ordinary_Raiders (Raiders) bots (spawn position <14093.758789, 139.279327, 15036.434570>, 0/2 deceased)
19:41:29.273 [AI Object Patrol 00096] Global patrol count: 9
19:43:46.796 [Killfeed] AI Quinn (Ordinary_Raiders) был убит AI Frida (PoliceStationScavs_Tier_1) при помощи.
19:43:50.046 [AI Object Patrol 00036] Ordinary_Raiders (Raiders) bots were wiped out (spawn position <11011.338867, 226.468613, 12411.583008>, 1/1 deceased)
19:43:50.046 [AI Object Patrol 00036] Global patrol count: 8
19:44:20.226 [Killfeed] AI Frida (PoliceStationScavs_Tier_1) был убит AI Helga (Ordinary_Scavengers_Tier_1(Krasnostav)) с CR-550 Savanna из 2 м расстояние.
19:44:24.843 [AI Object Patrol 00041] Despawning 2 PoliceStationScavs_Tier_1 (Raiders) bots (spawn position <13863.847656, 20.347385, 13222.890625>, 0/2 deceased)
19:44:24.843 [AI Object Patrol 00041] Global patrol count: 7
19:44:54.195 [Killfeed] AI Judy (PoliceStationScavs_Tier_1) был убит AI Helga (Ordinary_Scavengers_Tier_1(Krasnostav)) с CR-550 Savanna из 49 м расстояние.
19:44:54.375 [AI Object Patrol 00038] PoliceStationScavs_Tier_1 (Raiders) bots were wiped out (spawn position <11054.238281, 227.271332, 12493.576172>, 2/2 deceased)
19:44:54.375 [AI Object Patrol 00038] Global patrol count: 6
19:45:02.960 [AI Object Patrol 00115] Despawning 1 Ordinary_Raiders (Raiders) bots (spawn position <13518.220703, 20.433361, 14045.028320>, 0/1 deceased)
19:45:02.960 [AI Object Patrol 00115] Global patrol count: 5
19:45:10.226 [AI Object Patrol 00042] Despawning 2 Ordinary_Raiders (Raiders) bots (spawn position <13789.966797, 20.059999, 13290.792969>, 0/2 deceased)
19:45:10.226 [AI Object Patrol 00042] Global patrol count: 4
19:47:35.226 [AI Object Patrol 00040] Despawning 2 Ordinary_Raiders (Raiders) bots (spawn position <13357.871094, 95.369598, 12872.371094>, 0/2 deceased)
19:47:35.226 [AI Object Patrol 00040] Global patrol count: 3
19:48:05.226 [AI Object Patrol 00059] Despawning 1 FireStationScavs_Tier1 (Raiders) bots (spawn position <12172.748047, 93.007149, 13855.642578>, 0/1 deceased)
19:48:05.226 [AI Object Patrol 00059] Global patrol count: 2
19:48:27.531 [Market] Player "Da da Ya" (id=1OEPy6aKlMe0cmo8LieQDvVcsiu6iWAr2PUZdSF5eMI=) has bought rope x1 (2d154360) from the trader "BuildingSupplies (Linda [#STR_EXPANSION_MARKET_TRADER_BUILDING_SUPPLIES])" in market zone "Krasnostav Trading Zone" (pos=<11924.700195, 140.699997, 12527.000000>) for a price of 4.
19:48:49.679 [AI Object Patrol 00043] Despawning 1 Ordinary_Raiders (Raiders) bots (spawn position <12086.550781, 94.988823, 13725.875977>, 0/1 deceased)
19:48:49.679 [AI Object Patrol 00043] Global patrol count: 1
19:49:20.718 [Market] Player "Da da Ya" (id=1OEPy6aKlMe0cmo8LieQDvVcsiu6iWAr2PUZdSF5eMI=) has sold camonet x1 (e4c70880) at the trader "BuildingSupplies (Linda [#STR_EXPANSION_MARKET_TRADER_BUILDING_SUPPLIES])" in market zone "Krasnostav Trading Zone" (pos=<11924.700195, 140.699997, 12527.000000>) and got 450.
19:49:21.523 [Market] Player "Da da Ya" (id=1OEPy6aKlMe0cmo8LieQDvVcsiu6iWAr2PUZdSF5eMI=) has sold camonet x1 (e4b42500) at the trader "BuildingSupplies (Linda [#STR_EXPANSION_MARKET_TRADER_BUILDING_SUPPLIES])" in market zone "Krasnostav Trading Zone" (pos=<11924.700195, 140.699997, 12527.000000>) and got 225.
19:49:47.812 [Market] Player "Da da Ya" (id=1OEPy6aKlMe0cmo8LieQDvVcsiu6iWAr2PUZdSF5eMI=) has bought leathersewingkit x1 (241589d0) from the trader "Components (Kaito [#STR_EXPANSION_MARKET_TRADER_COMPONENTS])" in market zone "Krasnostav Trading Zone" (pos=<11924.700195, 140.699997, 12527.000000>) for a price of 5.
19:50:49.539 [Market] Player "Da da Ya" (id=1OEPy6aKlMe0cmo8LieQDvVcsiu6iWAr2PUZdSF5eMI=) has sold sheepsteakmeat x1 (1fcbcf00) at the trader "Consumables (Linda [#STR_EXPANSION_MARKET_TRADER_CONSUMABLES])" in market zone "Krasnostav Trading Zone" (pos=<11924.700195, 140.699997, 12527.000000>) and got 5.
19:50:50.140 [Market] Player "Da da Ya" (id=1OEPy6aKlMe0cmo8LieQDvVcsiu6iWAr2PUZdSF5eMI=) has sold sheepsteakmeat x1 (1fcbfd40) at the trader "Consumables (Linda [#STR_EXPANSION_MARKET_TRADER_CONSUMABLES])" in market zone "Krasnostav Trading Zone" (pos=<11924.700195, 140.699997, 12527.000000>) and got 4.
19:50:50.695 [Market] Player "Da da Ya" (id=1OEPy6aKlMe0cmo8LieQDvVcsiu6iWAr2PUZdSF5eMI=) has sold sheepsteakmeat x1 (1fcc1460) at the trader "Consumables (Linda [#STR_EXPANSION_MARKET_TRADER_CONSUMABLES])" in market zone "Krasnostav Trading Zone" (pos=<11924.700195, 140.699997, 12527.000000>) and got 4.
19:50:52.476 [Market] Player "Da da Ya" (id=1OEPy6aKlMe0cmo8LieQDvVcsiu6iWAr2PUZdSF5eMI=) has sold sheepsteakmeat x1 (1fcc8800) at the trader "Consumables (Linda [#STR_EXPANSION_MARKET_TRADER_CONSUMABLES])" in market zone "Krasnostav Trading Zone" (pos=<11924.700195, 140.699997, 12527.000000>) and got 5.
19:51:00.843 [Market] Player "Da da Ya" (id=1OEPy6aKlMe0cmo8LieQDvVcsiu6iWAr2PUZdSF5eMI=) has sold sheepsteakmeat x1 (1fcbac50) at the trader "Consumables (Linda [#STR_EXPANSION_MARKET_TRADER_CONSUMABLES])" in market zone "Krasnostav Trading Zone" (pos=<11924.700195, 140.699997, 12527.000000>) and got 4.
19:51:01.476 [Market] Player "Da da Ya" (id=1OEPy6aKlMe0cmo8LieQDvVcsiu6iWAr2PUZdSF5eMI=) has sold sheepsteakmeat x1 (1fcbb7e0) at the trader "Consumables (Linda [#STR_EXPANSION_MARKET_TRADER_CONSUMABLES])" in market zone "Krasnostav Trading Zone" (pos=<11924.700195, 140.699997, 12527.000000>) and got 5.
19:51:02.078 [Market] Player "Da da Ya" (id=1OEPy6aKlMe0cmo8LieQDvVcsiu6iWAr2PUZdSF5eMI=) has sold sheepsteakmeat x1 (1fcbf1b0) at the trader "Consumables (Linda [#STR_EXPANSION_MARKET_TRADER_CONSUMABLES])" in market zone "Krasnostav Trading Zone" (pos=<11924.700195, 140.699997, 12527.000000>) and got 4.
19:56:58.328 [Market] Player "Da da Ya" (id=1OEPy6aKlMe0cmo8LieQDvVcsiu6iWAr2PUZdSF5eMI=) has bought sparkplug x1 (2fb5c470) from the trader "Vehicle_Parts (Hassan [#STR_EXPANSION_MARKET_TRADER_VEHICLE_PARTS])" in market zone "Krasnostav Trading Zone" (pos=<11924.700195, 140.699997, 12527.000000>) for a price of 60.
19:58:08.781 [Market] Player "Da da Ya" (id=1OEPy6aKlMe0cmo8LieQDvVcsiu6iWAr2PUZdSF5eMI=) has bought ammobox_9x19_25rnd x1 (2fb47520) from the trader "Weapons (Denis [#STR_EXPANSION_MARKET_TRADER_WEAPONS])" in market zone "Krasnostav Trading Zone" (pos=<11924.700195, 140.699997, 12527.000000>) for a price of 40.
19:58:26.351 [Market] Player "Da da Ya" (id=1OEPy6aKlMe0cmo8LieQDvVcsiu6iWAr2PUZdSF5eMI=) has bought ammobox_762x39_20rnd x1 (2fb50b70) from the trader "Weapons (Denis [#STR_EXPANSION_MARKET_TRADER_WEAPONS])" in market zone "Krasnostav Trading Zone" (pos=<11924.700195, 140.699997, 12527.000000>) for a price of 32.
19:59:19.195 [AI Patrol 00084] Despawning 3 Ordinary_Scavengers_Tier_1(Krasnostav) (Raiders) bots (spawn position <11203.345703, 202.368317, 12409.292969>, 0/3 deceased)
19:59:19.195 [AI Patrol 00084] Global patrol count: 0
20:02:22.007 [Safezone] Player "Da da Ya" (id=1OEPy6aKlMe0cmo8LieQDvVcsiu6iWAr2PUZdSF5eMI= pos=<12335.800781, 140.115845, 12663.775391>) Left the safezone
20:08:12.250 [VehicleDestroyed] Truck_01_Covered (id=3FD6FF994F4F60B880F3468B410FCF7A pos=<4176.329590, 338.752136, 10725.708008>)
20:09:33.429 [AI Object Patrol 00125] Spawning 2 Road_Raiders (Raiders) bots at <13555.089844, 36.808865, 13303.832031>
20:09:33.460 [AI Object Patrol 00125] Global patrol count: 1
20:10:13.820 [VehicleEnter] Player Da da Ya [uid=1OEPy6aKlMe0cmo8LieQDvVcsiu6iWAr2PUZdSF5eMI=] entered vehicle Sarka 120 (id=21D33CE1F743431458A28EA70D653E8F pos=<14007.047852, 3.266113, 13466.691406>) as driver
20:10:15.335 [VehicleEngine] Player Da da Ya [uid=1OEPy6aKlMe0cmo8LieQDvVcsiu6iWAr2PUZdSF5eMI=] started vehicle Sarka 120 (id=21D33CE1F743431458A28EA70D653E8F pos=<14007.047852, 3.266093, 13466.691406>)
20:10:59.718 [VehicleEngine] Player Da da Ya [uid=1OEPy6aKlMe0cmo8LieQDvVcsiu6iWAr2PUZdSF5eMI=] stopped vehicle Sarka 120 (id=21D33CE1F743431458A28EA70D653E8F pos=<14396.421875, 3.266044, 13255.190430>)
20:11:01.828 [VehicleLeave] Player Da da Ya [uid=1OEPy6aKlMe0cmo8LieQDvVcsiu6iWAr2PUZdSF5eMI=] left vehicle Sarka 120 (id=21D33CE1F743431458A28EA70D653E8F pos=<14396.421875, 3.266064, 13255.190430>)
20:13:33.148 [Killfeed] AI Cyril (Road_Raiders) умер от потери крови.
20:13:45.320 [VehicleEnter] Player Da da Ya [uid=1OEPy6aKlMe0cmo8LieQDvVcsiu6iWAr2PUZdSF5eMI=] entered vehicle Sarka 120 (id=21D33CE1F743431458A28EA70D653E8F pos=<14396.421875, 3.266059, 13255.190430>) as driver
20:13:49.320 [VehicleEngine] Player Da da Ya [uid=1OEPy6aKlMe0cmo8LieQDvVcsiu6iWAr2PUZdSF5eMI=] started vehicle Sarka 120 (id=21D33CE1F743431458A28EA70D653E8F pos=<14396.421875, 3.266082, 13255.190430>)
20:14:05.867 [VehicleDeleted] Truck_01_Covered (id=3FD6FF994F4F60B880F3468B410FCF7A pos=<4176.329590, 338.752106, 10725.706055>)
20:16:09.617 [VehicleLeave] Player Da da Ya [uid=1OEPy6aKlMe0cmo8LieQDvVcsiu6iWAr2PUZdSF5eMI=] left vehicle Sarka 120 (id=21D33CE1F743431458A28EA70D653E8F pos=<13284.223633, 18.548523, 13773.845703>)
20:16:47.343 [VehicleEnter] Player Da da Ya [uid=1OEPy6aKlMe0cmo8LieQDvVcsiu6iWAr2PUZdSF5eMI=] entered vehicle Sarka 120 (id=21D33CE1F743431458A28EA70D653E8F pos=<13284.232422, 18.548346, 13773.842773>) as driver
20:16:54.789 [VehicleEngine] Player Da da Ya [uid=1OEPy6aKlMe0cmo8LieQDvVcsiu6iWAr2PUZdSF5eMI=] started vehicle Sarka 120 (id=21D33CE1F743431458A28EA70D653E8F pos=<13284.277344, 18.547310, 13773.837891>)
20:16:58.843 [VehicleEngine] Player Da da Ya [uid=1OEPy6aKlMe0cmo8LieQDvVcsiu6iWAr2PUZdSF5eMI=] started vehicle Sarka 120 (id=21D33CE1F743431458A28EA70D653E8F pos=<13284.295898, 18.543665, 13773.834961>)
20:17:02.796 [VehicleLeave] Player Da da Ya [uid=1OEPy6aKlMe0cmo8LieQDvVcsiu6iWAr2PUZdSF5eMI=] left vehicle Sarka 120 (id=21D33CE1F743431458A28EA70D653E8F pos=<13284.312500, 18.542189, 13773.830078>)
20:24:15.484 [Safezone] Player "Da da Ya" (id=1OEPy6aKlMe0cmo8LieQDvVcsiu6iWAr2PUZdSF5eMI= pos=<12308.075195, 140.012482, 12594.377930>) Entered the safezone
20:31:00.398 [AI Object Patrol 00125] Despawning 1 Road_Raiders (Raiders) bots (spawn position <13555.089844, 36.808865, 13303.832031>, 1/2 deceased)
20:31:00.398 [AI Object Patrol 00125] Global patrol count: 0
20:34:52.359 [Market] Player "Da da Ya" (id=1OEPy6aKlMe0cmo8LieQDvVcsiu6iWAr2PUZdSF5eMI=) has sold cz75 x1 (f22babe0) at the trader "Weapons (Denis [#STR_EXPANSION_MARKET_TRADER_WEAPONS])" in market zone "Krasnostav Trading Zone" (pos=<11924.700195, 140.699997, 12527.000000>) and got 101.
20:35:09.281 [Market] Player "Da da Ya" (id=1OEPy6aKlMe0cmo8LieQDvVcsiu6iWAr2PUZdSF5eMI=) has sold mag_cz75_15rnd x1 (ebc6b8b0) at the trader "Attachments (Francis [#STR_EXPANSION_MARKET_TRADER_ATTACHMENTS])" in market zone "Krasnostav Trading Zone" (pos=<11924.700195, 140.699997, 12527.000000>) and got 30.
20:35:09.554 [Market] Player "Da da Ya" (id=1OEPy6aKlMe0cmo8LieQDvVcsiu6iWAr2PUZdSF5eMI=) has sold mag_cz75_15rnd x1 (ebc74370) at the trader "Attachments (Francis [#STR_EXPANSION_MARKET_TRADER_ATTACHMENTS])" in market zone "Krasnostav Trading Zone" (pos=<11924.700195, 140.699997, 12527.000000>) and got 30.
20:36:23.164 [Market] Player "Da da Ya" (id=1OEPy6aKlMe0cmo8LieQDvVcsiu6iWAr2PUZdSF5eMI=) has bought headlighth7 x1 (d2336e10) from the trader "Vehicle_Parts (Hassan [#STR_EXPANSION_MARKET_TRADER_VEHICLE_PARTS])" in market zone "Krasnostav Trading Zone" (pos=<11924.700195, 140.699997, 12527.000000>) for a price of 30.
20:36:24.867 [Market] Player "Da da Ya" (id=1OEPy6aKlMe0cmo8LieQDvVcsiu6iWAr2PUZdSF5eMI=) has bought headlighth7 x1 (d23379a0) from the trader "Vehicle_Parts (Hassan [#STR_EXPANSION_MARKET_TRADER_VEHICLE_PARTS])" in market zone "Krasnostav Trading Zone" (pos=<11924.700195, 140.699997, 12527.000000>) for a price of 30.
20:36:32.046 [Market] Player "Da da Ya" (id=1OEPy6aKlMe0cmo8LieQDvVcsiu6iWAr2PUZdSF5eMI=) has bought expansion_landrover_wheel x1 (d232c0a0) from the trader "Vehicle_Parts (Hassan [#STR_EXPANSION_MARKET_TRADER_VEHICLE_PARTS])" in market zone "Krasnostav Trading Zone" (pos=<11924.700195, 140.699997, 12527.000000>) for a price of 600.
20:36:34.898 [Market] Player "Da da Ya" (id=1OEPy6aKlMe0cmo8LieQDvVcsiu6iWAr2PUZdSF5eMI=) has bought tirerepairkit x1 (d2334b60) from the trader "Vehicle_Parts (Hassan [#STR_EXPANSION_MARKET_TRADER_VEHICLE_PARTS])" in market zone "Krasnostav Trading Zone" (pos=<11924.700195, 140.699997, 12527.000000>) for a price of 220.
20:38:54.164 [VehicleEnter] Player Da da Ya [uid=1OEPy6aKlMe0cmo8LieQDvVcsiu6iWAr2PUZdSF5eMI=] entered vehicle Land Rover Defender (id=33D4A615384673352830A4AA07E0C3F3 pos=<11876.950195, 139.968582, 12477.968750>) as driver
20:38:56.218 [VehicleEngine] Player Da da Ya [uid=1OEPy6aKlMe0cmo8LieQDvVcsiu6iWAr2PUZdSF5eMI=] started vehicle Land Rover Defender (id=33D4A615384673352830A4AA07E0C3F3 pos=<11876.950195, 139.968582, 12477.967773>)
20:40:32.335 [VehicleEngine] Player Da da Ya [uid=1OEPy6aKlMe0cmo8LieQDvVcsiu6iWAr2PUZdSF5eMI=] stopped vehicle Land Rover Defender (id=33D4A615384673352830A4AA07E0C3F3 pos=<11873.850586, 139.968552, 12475.943359>)
20:40:35.734 [VehicleLeave] Player Da da Ya [uid=1OEPy6aKlMe0cmo8LieQDvVcsiu6iWAr2PUZdSF5eMI=] left vehicle Land Rover Defender (id=33D4A615384673352830A4AA07E0C3F3 pos=<11873.850586, 139.968552, 12475.943359>)
20:41:25.390 [Expansion Quests] Deleted quest with ID=8 is a of player with UID=1OEPy6aKlMe0cmo8LieQDvVcsiu6iWAr2PUZdSF5eMI=.
20:41:25.390 [Expansion Quests] Deleted quest with ID=11 is a of player with UID=1OEPy6aKlMe0cmo8LieQDvVcsiu6iWAr2PUZdSF5eMI=.
20:41:25.390 [Expansion Quests] Deleted quest with ID=6501 is a of player with UID=1OEPy6aKlMe0cmo8LieQDvVcsiu6iWAr2PUZdSF5eMI=.
