20:08:35.781 [Safezone] Player "Da da Ya" (id=1OEPy6aKlMe0cmo8LieQDvVcsiu6iWAr2PUZdSF5eMI= pos=<11872.000977, 140.134796, 12444.228516>) Entered the safezone
20:08:35.781 [Expansion Quests] Initialize quest system on the connected client with UID=1OEPy6aKlMe0cmo8LieQDvVcsiu6iWAr2PUZdSF5eMI=
20:08:35.843 [Expansion Quests] Loaded existing player quest data for player with UID=1OEPy6aKlMe0cmo8LieQDvVcsiu6iWAr2PUZdSF5eMI=
20:08:35.843 [Expansion Quests] Check quest initialization for quest with ID=6901 | State=COMPLETED | Player UID=1OEPy6aKlMe0cmo8LieQDvVcsiu6iWAr2PUZdSF5eMI=
20:08:35.843 [Expansion Quests] Check quest initialization for quest with ID=6101 | State=COMPLETED | Player UID=1OEPy6aKlMe0cmo8LieQDvVcsiu6iWAr2PUZdSF5eMI=
20:08:35.843 [Expansion Quests] Check quest initialization for quest with ID=6501 | State=NONE | Player UID=1OEPy6aKlMe0cmo8LieQDvVcsiu6iWAr2PUZdSF5eMI=
20:08:35.843 [Expansion Quests] Check quest initialization for quest with ID=8 | State=STARTED | Player UID=1OEPy6aKlMe0cmo8LieQDvVcsiu6iWAr2PUZdSF5eMI=
20:08:35.843 [Expansion Quests] Create new quest instance for quest with ID=8 | Player UID=1OEPy6aKlMe0cmo8LieQDvVcsiu6iWAr2PUZdSF5eMI=
20:08:35.843 [Expansion Quests] Check quest initialization for quest with ID=9 | State=STARTED | Player UID=1OEPy6aKlMe0cmo8LieQDvVcsiu6iWAr2PUZdSF5eMI=
20:08:35.843 [Expansion Quests] Create new quest instance for quest with ID=9 | Player UID=1OEPy6aKlMe0cmo8LieQDvVcsiu6iWAr2PUZdSF5eMI=
20:08:35.843 [Expansion Quests] Check quest initialization for quest with ID=11 | State=STARTED | Player UID=1OEPy6aKlMe0cmo8LieQDvVcsiu6iWAr2PUZdSF5eMI=
20:08:35.843 [Expansion Quests] Create new quest instance for quest with ID=11 | Player UID=1OEPy6aKlMe0cmo8LieQDvVcsiu6iWAr2PUZdSF5eMI=
20:08:35.843 [Expansion Quests] Check quest initialization for quest with ID=61001 | State=NONE | Player UID=1OEPy6aKlMe0cmo8LieQDvVcsiu6iWAr2PUZdSF5eMI=
20:08:35.843 [Expansion Quests] Check quest initialization for quest with ID=14 | State=COMPLETED | Player UID=1OEPy6aKlMe0cmo8LieQDvVcsiu6iWAr2PUZdSF5eMI=
20:08:35.843 [Expansion Quests] Quest with ID=1 is not a a valid achievement or auto start quest. Skip quest for player with UID=1OEPy6aKlMe0cmo8LieQDvVcsiu6iWAr2PUZdSF5eMI=
20:08:35.843 [Expansion Quests] Quest with ID=2 is not a a valid achievement or auto start quest. Skip quest for player with UID=1OEPy6aKlMe0cmo8LieQDvVcsiu6iWAr2PUZdSF5eMI=
20:08:35.843 [Expansion Quests] Quest with ID=3 is not a a valid achievement or auto start quest. Skip quest for player with UID=1OEPy6aKlMe0cmo8LieQDvVcsiu6iWAr2PUZdSF5eMI=
20:08:35.843 [Expansion Quests] Quest with ID=4 is not a a valid achievement or auto start quest. Skip quest for player with UID=1OEPy6aKlMe0cmo8LieQDvVcsiu6iWAr2PUZdSF5eMI=
20:08:35.843 [Expansion Quests] Quest with ID=5 is not a a valid achievement or auto start quest. Skip quest for player with UID=1OEPy6aKlMe0cmo8LieQDvVcsiu6iWAr2PUZdSF5eMI=
20:08:35.843 [Expansion Quests] Quest with ID=6 is not a a valid achievement or auto start quest. Skip quest for player with UID=1OEPy6aKlMe0cmo8LieQDvVcsiu6iWAr2PUZdSF5eMI=
20:08:35.843 [Expansion Quests] Quest with ID=6401 is not a a valid achievement or auto start quest. Skip quest for player with UID=1OEPy6aKlMe0cmo8LieQDvVcsiu6iWAr2PUZdSF5eMI=
20:08:35.843 [Expansion Quests] Quest with ID=301 is not a a valid achievement or auto start quest. Skip quest for player with UID=1OEPy6aKlMe0cmo8LieQDvVcsiu6iWAr2PUZdSF5eMI=
20:08:35.843 [Expansion Quests] Quest with ID=10 is not a a valid achievement or auto start quest. Skip quest for player with UID=1OEPy6aKlMe0cmo8LieQDvVcsiu6iWAr2PUZdSF5eMI=
20:08:35.843 [Expansion Quests] Quest with ID=12 is not a a valid achievement or auto start quest. Skip quest for player with UID=1OEPy6aKlMe0cmo8LieQDvVcsiu6iWAr2PUZdSF5eMI=
20:08:35.843 [Expansion Quests] Quest with ID=13 is not a a valid achievement or auto start quest. Skip quest for player with UID=1OEPy6aKlMe0cmo8LieQDvVcsiu6iWAr2PUZdSF5eMI=
20:08:35.843 [Expansion Quests] Quest with ID=15 is not a a valid achievement or auto start quest. Skip quest for player with UID=1OEPy6aKlMe0cmo8LieQDvVcsiu6iWAr2PUZdSF5eMI=
20:08:35.843 [Expansion Quests] Quest with ID=16 is not a a valid achievement or auto start quest. Skip quest for player with UID=1OEPy6aKlMe0cmo8LieQDvVcsiu6iWAr2PUZdSF5eMI=
20:08:35.843 [Expansion Quests] Quest with ID=17 is not a a valid achievement or auto start quest. Skip quest for player with UID=1OEPy6aKlMe0cmo8LieQDvVcsiu6iWAr2PUZdSF5eMI=
20:08:35.843 [Expansion Quests] Quest with ID=18 is not a a valid achievement or auto start quest. Skip quest for player with UID=1OEPy6aKlMe0cmo8LieQDvVcsiu6iWAr2PUZdSF5eMI=
20:08:35.843 [Expansion Quests] Quest with ID=19 is not a a valid achievement or auto start quest. Skip quest for player with UID=1OEPy6aKlMe0cmo8LieQDvVcsiu6iWAr2PUZdSF5eMI=
20:08:35.843 [Expansion Quests] Quest with ID=20 is not a a valid achievement or auto start quest. Skip quest for player with UID=1OEPy6aKlMe0cmo8LieQDvVcsiu6iWAr2PUZdSF5eMI=
20:08:35.843 [Expansion Quests] Quest with ID=21 is not a a valid achievement or auto start quest. Skip quest for player with UID=1OEPy6aKlMe0cmo8LieQDvVcsiu6iWAr2PUZdSF5eMI=
20:08:35.843 [Expansion Quests] Quest with ID=22 is not a a valid achievement or auto start quest. Skip quest for player with UID=1OEPy6aKlMe0cmo8LieQDvVcsiu6iWAr2PUZdSF5eMI=
20:08:35.843 [Expansion Quests] Quest with ID=23 is not a a valid achievement or auto start quest. Skip quest for player with UID=1OEPy6aKlMe0cmo8LieQDvVcsiu6iWAr2PUZdSF5eMI=
20:08:35.843 [Expansion Quests] Quest with ID=26 is not a a valid achievement or auto start quest. Skip quest for player with UID=1OEPy6aKlMe0cmo8LieQDvVcsiu6iWAr2PUZdSF5eMI=
20:08:35.843 [Expansion Quests] Quest with ID=28 is not a a valid achievement or auto start quest. Skip quest for player with UID=1OEPy6aKlMe0cmo8LieQDvVcsiu6iWAr2PUZdSF5eMI=
20:08:35.843 [Expansion Quests] Quest with ID=6301 is not a a valid achievement or auto start quest. Skip quest for player with UID=1OEPy6aKlMe0cmo8LieQDvVcsiu6iWAr2PUZdSF5eMI=
20:08:35.843 [Expansion Quests] Quest with ID=31 is not a a valid achievement or auto start quest. Skip quest for player with UID=1OEPy6aKlMe0cmo8LieQDvVcsiu6iWAr2PUZdSF5eMI=
20:08:35.843 [Expansion Quests] Quest with ID=7 is not a a valid achievement or auto start quest. Skip quest for player with UID=1OEPy6aKlMe0cmo8LieQDvVcsiu6iWAr2PUZdSF5eMI=
20:08:35.843 [Expansion Quests] Quest with ID=6701 is not a a valid achievement or auto start quest. Skip quest for player with UID=1OEPy6aKlMe0cmo8LieQDvVcsiu6iWAr2PUZdSF5eMI=
20:08:35.843 [Expansion Quests] Quest with ID=6501 is not a a valid achievement or auto start quest. Skip quest for player with UID=1OEPy6aKlMe0cmo8LieQDvVcsiu6iWAr2PUZdSF5eMI=
20:08:35.843 [Expansion Quests] Quest with ID=62001 is not a a valid achievement or auto start quest. Skip quest for player with UID=1OEPy6aKlMe0cmo8LieQDvVcsiu6iWAr2PUZdSF5eMI=
20:08:35.843 [Expansion Quests] Quest with ID=6801 is not a a valid achievement or auto start quest. Skip quest for player with UID=1OEPy6aKlMe0cmo8LieQDvVcsiu6iWAr2PUZdSF5eMI=
20:08:35.843 [Expansion Quests] Quest with ID=402 is not a a valid achievement or auto start quest. Skip quest for player with UID=1OEPy6aKlMe0cmo8LieQDvVcsiu6iWAr2PUZdSF5eMI=
20:08:35.843 [Expansion Quests] Quest with ID=6201 is not a a valid achievement or auto start quest. Skip quest for player with UID=1OEPy6aKlMe0cmo8LieQDvVcsiu6iWAr2PUZdSF5eMI=
20:08:35.843 [Expansion Quests] Quest with ID=6202 is not a a valid achievement or auto start quest. Skip quest for player with UID=1OEPy6aKlMe0cmo8LieQDvVcsiu6iWAr2PUZdSF5eMI=
20:08:35.843 [Expansion Quests] Quest with ID=201 is not a a valid achievement or auto start quest. Skip quest for player with UID=1OEPy6aKlMe0cmo8LieQDvVcsiu6iWAr2PUZdSF5eMI=
20:08:35.851 [Expansion Quests] Quest with ID=202 is not a a valid achievement or auto start quest. Skip quest for player with UID=1OEPy6aKlMe0cmo8LieQDvVcsiu6iWAr2PUZdSF5eMI=
20:08:35.851 [Expansion Quests] Quest with ID=203 is not a a valid achievement or auto start quest. Skip quest for player with UID=1OEPy6aKlMe0cmo8LieQDvVcsiu6iWAr2PUZdSF5eMI=
20:08:35.851 [Expansion Quests] Quest with ID=6101 is not a a valid achievement or auto start quest. Skip quest for player with UID=1OEPy6aKlMe0cmo8LieQDvVcsiu6iWAr2PUZdSF5eMI=
20:08:35.851 [Expansion Quests] Quest with ID=401 is not a a valid achievement or auto start quest. Skip quest for player with UID=1OEPy6aKlMe0cmo8LieQDvVcsiu6iWAr2PUZdSF5eMI=
20:08:35.851 [Expansion Quests] Quest with ID=29 is not a a valid achievement or auto start quest. Skip quest for player with UID=1OEPy6aKlMe0cmo8LieQDvVcsiu6iWAr2PUZdSF5eMI=
20:08:35.851 [Expansion Quests] Quest with ID=6601 is not a a valid achievement or auto start quest. Skip quest for player with UID=1OEPy6aKlMe0cmo8LieQDvVcsiu6iWAr2PUZdSF5eMI=
20:08:35.851 [Expansion Quests] Quest with ID=61301 is not a a valid achievement or auto start quest. Skip quest for player with UID=1OEPy6aKlMe0cmo8LieQDvVcsiu6iWAr2PUZdSF5eMI=
20:08:35.851 [Expansion Quests] Quest with ID=61101 is not a a valid achievement or auto start quest. Skip quest for player with UID=1OEPy6aKlMe0cmo8LieQDvVcsiu6iWAr2PUZdSF5eMI=
20:08:35.851 [Expansion Quests] Quest with ID=101 is not a a valid achievement or auto start quest. Skip quest for player with UID=1OEPy6aKlMe0cmo8LieQDvVcsiu6iWAr2PUZdSF5eMI=
20:08:35.851 [Expansion Quests] Quest with ID=102 is not a a valid achievement or auto start quest. Skip quest for player with UID=1OEPy6aKlMe0cmo8LieQDvVcsiu6iWAr2PUZdSF5eMI=
20:08:35.851 [Expansion Quests] Quest with ID=61001 is not a a valid achievement or auto start quest. Skip quest for player with UID=1OEPy6aKlMe0cmo8LieQDvVcsiu6iWAr2PUZdSF5eMI=
20:08:35.851 [Expansion Quests] Quest with ID=6901 is not a a valid achievement or auto start quest. Skip quest for player with UID=1OEPy6aKlMe0cmo8LieQDvVcsiu6iWAr2PUZdSF5eMI=
20:08:35.851 [Expansion Quests] Quest with ID=61201 is not a a valid achievement or auto start quest. Skip quest for player with UID=1OEPy6aKlMe0cmo8LieQDvVcsiu6iWAr2PUZdSF5eMI=
20:08:35.851 [Expansion Quests] Sending 1OEPy6aKlMe0cmo8LieQDvVcsiu6iWAr2PUZdSF5eMI= quest configs to client for player with UID=1OEPy6aKlMe0cmo8LieQDvVcsiu6iWAr2PUZdSF5eMI=
20:08:35.851 [Expansion Quests] Sending player quest data for 8 quests to player with UID=1OEPy6aKlMe0cmo8LieQDvVcsiu6iWAr2PUZdSF5eMI=
20:08:35.851 [AI Object Patrol 00038] Spawning 1 PoliceStationScavs_Tier_1 (Raiders) bots at <11063.166992, 227.225586, 12498.567383>
20:08:35.875 [AI Object Patrol 00038] Global patrol count: 1
20:08:35.875 [AI Object Patrol 00036] Spawning 1 Ordinary_Raiders (Raiders) bots at <10987.334961, 226.384064, 12427.903320>
20:08:35.882 [AI Object Patrol 00036] Global patrol count: 2
20:08:35.882 [AI Patrol 00079] Spawning 3 Ordinary_Scavengers_Tier_1(Krasnostav) (Raiders) bots at <11171.244141, 201.914978, 12398.699219>
20:08:35.921 [AI Patrol 00079] Global patrol count: 3
20:09:02.992 [Expansion Quests] Added new objective data for type=AICAMP | Key=1OEPy6aKlMe0cmo8LieQDvVcsiu6iWAr2PUZdSF5eMI= | ID=801
20:09:02.992 [Expansion Quests] Updated and saved persistent player quest data for player with UID=1OEPy6aKlMe0cmo8LieQDvVcsiu6iWAr2PUZdSF5eMI= | Quest ID=61301
20:09:02.992 [Expansion Quests] Created new quest instance with instance key=1OEPy6aKlMe0cmo8LieQDvVcsiu6iWAr2PUZdSF5eMI= for quest with ID=61301
20:09:03.054 [AI Patrol 00093] Spawning 1 Raider (Raiders) bots at <11572.000000, 147.247330, 12477.000000>
20:09:03.078 [AI Patrol 00093] Global patrol count: 4
20:09:03.335 [AI Patrol 00092] Spawning 1 Raider (Raiders) bots at <11598.000000, 144.815979, 12528.000000>
20:09:03.367 [AI Patrol 00092] Global patrol count: 5
20:09:03.703 [AI Patrol 00094] Spawning 1 Raider (Raiders) bots at <11572.000000, 147.247330, 12477.000000>
20:09:03.734 [AI Patrol 00094] Global patrol count: 6
20:09:07.085 [Killfeed]  был убит  с CR-61 Skorpion из 2 м расстояние.
20:09:08.671 [AI Patrol 00094] Raider (Raiders) bots were wiped out (spawn position <11572.000000, 147.247330, 12477.000000>, 1/1 deceased)
20:09:08.671 [AI Patrol 00094] Global patrol count: 5
20:09:12.156 [AI Patrol 00091] Spawning 1 Raider (Raiders) bots at <11543.000000, 150.887314, 12411.000000>
20:09:12.179 [AI Patrol 00091] Global patrol count: 6
20:09:40.695 [Safezone] Player "Da da Ya" (id=1OEPy6aKlMe0cmo8LieQDvVcsiu6iWAr2PUZdSF5eMI= pos=<11611.565430, 143.592178, 12535.862305>) Left the safezone
20:10:06.976 [Killfeed]  был убит Da da Ya с КА-74 из 8 м расстояние.
20:10:06.976 [Expansion Quests] Added new objective data for type=AICAMP | Key=1OEPy6aKlMe0cmo8LieQDvVcsiu6iWAr2PUZdSF5eMI= | ID=801
20:10:06.976 [Expansion Quests] Updated and saved persistent player quest data for player with UID=1OEPy6aKlMe0cmo8LieQDvVcsiu6iWAr2PUZdSF5eMI= | Quest ID=61301
20:10:08.015 [AI Patrol 00093] Raider (Raiders) bots were wiped out (spawn position <11572.000000, 147.247330, 12477.000000>, 1/1 deceased)
20:10:08.015 [AI Patrol 00093] Global patrol count: 5
20:10:16.640 [Killfeed] AI Frida (Ordinary_Raiders) был убит AI Judy (PoliceStationScavs_Tier_1) при помощи.
20:10:16.750 [AI Object Patrol 00036] Ordinary_Raiders (Raiders) bots were wiped out (spawn position <10987.334961, 226.384064, 12427.903320>, 1/1 deceased)
20:10:16.750 [AI Object Patrol 00036] Global patrol count: 4
20:10:56.671 [Killfeed] AI Helga (Ordinary_Scavengers_Tier_1(Krasnostav)) был убит  при помощи.
20:11:03.281 [Killfeed]  был убит Da da Ya с КА-74 из 2 м расстояние.
20:11:03.281 [Expansion Quests] Added new objective data for type=AICAMP | Key=1OEPy6aKlMe0cmo8LieQDvVcsiu6iWAr2PUZdSF5eMI= | ID=801
20:11:03.289 [Expansion Quests] Updated and saved persistent player quest data for player with UID=1OEPy6aKlMe0cmo8LieQDvVcsiu6iWAr2PUZdSF5eMI= | Quest ID=61301
20:11:08.187 [AI Patrol 00091] Raider (Raiders) bots were wiped out (spawn position <11543.000000, 150.887314, 12411.000000>, 1/1 deceased)
20:11:08.187 [AI Patrol 00091] Global patrol count: 3
20:11:21.382 [Killfeed]  был убит Da da Ya с КА-74 из 1 м расстояние.
20:11:21.382 [Expansion Quests] Added new objective data for type=AICAMP | Key=1OEPy6aKlMe0cmo8LieQDvVcsiu6iWAr2PUZdSF5eMI= | ID=801
20:11:21.382 [Expansion Quests] Updated and saved persistent player quest data for player with UID=1OEPy6aKlMe0cmo8LieQDvVcsiu6iWAr2PUZdSF5eMI= | Quest ID=61301
20:11:23.304 [AI Patrol 00092] Raider (Raiders) bots were wiped out (spawn position <11598.000000, 144.815979, 12528.000000>, 1/1 deceased)
20:11:23.312 [AI Patrol 00092] Global patrol count: 2
20:12:12.890 [Killfeed] AI Judy (PoliceStationScavs_Tier_1) был убит AI Eva (Ordinary_Scavengers_Tier_1(Krasnostav)) с БK-18 из 1 м расстояние.
20:12:16.242 [AI Object Patrol 00038] PoliceStationScavs_Tier_1 (Raiders) bots were wiped out (spawn position <11063.166992, 227.225586, 12498.567383>, 1/1 deceased)
20:12:16.242 [AI Object Patrol 00038] Global patrol count: 1
20:13:15.937 [MissionAirdrop] An airdrop is heading towards "Novy Sobor" (pos=<7436.000000, 0.000000, 7720.000000> type=Random_Novy Sobor) with a ExpansionAirdropContainer_Medical
20:13:33.593 [Killfeed] AI Eva (Ordinary_Scavengers_Tier_1(Krasnostav)) был убит Da da Ya с КА-74 из 1 м расстояние.
20:13:51.187 [Killfeed] AI Rolf (Ordinary_Scavengers_Tier_1(Krasnostav)) был убит Da da Ya с КА-74 из 2 м расстояние.
20:13:51.296 [AI Patrol 00079] Ordinary_Scavengers_Tier_1(Krasnostav) (Raiders) bots were wiped out (spawn position <11171.244141, 201.914978, 12398.699219>, 3/3 deceased)
20:13:51.296 [AI Patrol 00079] Global patrol count: 0
20:14:15.742 [AI Object Patrol 00043] Spawning 1 Ordinary_Raiders (Raiders) bots at <12094.757813, 95.153008, 13722.148438>
20:14:15.757 [AI Object Patrol 00043] Global patrol count: 1
20:15:17.617 [AI Object Patrol 00112] Spawning 2 FireStationScavs_Tier1 (Raiders) bots at <12201.333008, 92.771530, 13860.042969>
20:15:17.632 [AI Object Patrol 00112] Global patrol count: 2
20:15:18.023 [AI Patrol 00093] Despawning 0 Raider (Raiders) bots (spawn position <11604.000000, 150.112000, 12405.000000>, 1/1 deceased)
20:15:18.671 [AI Patrol 00094] Despawning 0 Raider (Raiders) bots (spawn position <11604.000000, 150.112000, 12405.000000>, 1/1 deceased)
20:15:58.562 [Safezone] Player "Da da Ya" (id=1OEPy6aKlMe0cmo8LieQDvVcsiu6iWAr2PUZdSF5eMI= pos=<11818.294922, 140.120605, 12741.506836>) Entered the safezone
20:16:00.375 [AI Patrol 00093] Spawning 1 Raider (Raiders) bots at <11604.000000, 150.112000, 12405.000000>
20:16:00.406 [AI Patrol 00093] Global patrol count: 3
20:16:00.406 [AI Patrol 00094] Spawning 1 Raider (Raiders) bots at <11604.000000, 150.112000, 12405.000000>
20:16:00.421 [AI Patrol 00094] Global patrol count: 4
20:16:03.687 [Killfeed]  был убит  с CR-61 Skorpion из 3 м расстояние.
20:16:08.671 [AI Patrol 00094] Raider (Raiders) bots were wiped out (spawn position <11604.000000, 150.112000, 12405.000000>, 1/1 deceased)
20:16:08.671 [AI Patrol 00094] Global patrol count: 3
20:16:17.289 [AI Patrol 00091] Despawning 0 Raider (Raiders) bots (spawn position <11598.000000, 144.815979, 12528.000000>, 1/1 deceased)
20:16:17.289 [AI Patrol 00092] Despawning 0 Raider (Raiders) bots (spawn position <11598.000000, 144.815979, 12528.000000>, 1/1 deceased)
20:16:17.289 [AI Patrol 00093] Despawning 1 Raider (Raiders) bots (spawn position <11604.000000, 150.112000, 12405.000000>, 0/1 deceased)
20:16:17.289 [AI Patrol 00093] Global patrol count: 2
20:16:17.289 [AI Patrol 00094] Despawning 0 Raider (Raiders) bots (spawn position <11604.000000, 150.112000, 12405.000000>, 1/1 deceased)
20:16:17.289 [Expansion Quests] Updated and saved persistent player quest data for player with UID=1OEPy6aKlMe0cmo8LieQDvVcsiu6iWAr2PUZdSF5eMI= | Quest ID=61301
20:16:17.289 [Expansion Quests] Player with UID=1OEPy6aKlMe0cmo8LieQDvVcsiu6iWAr2PUZdSF5eMI= has cancelled quest with ID=61301. State=STARTED
