13:39:48.093 [Expansion Quests] Initialize quest system on the connected client with UID=1OEPy6aKlMe0cmo8LieQDvVcsiu6iWAr2PUZdSF5eMI=
13:39:48.117 [Expansion Quests] Loaded existing player quest data for player with UID=1OEPy6aKlMe0cmo8LieQDvVcsiu6iWAr2PUZdSF5eMI=
13:39:48.117 [Expansion Quests] Check quest initialization for quest with ID=102 | State=NONE | Player UID=1OEPy6aKlMe0cmo8LieQDvVcsiu6iWAr2PUZdSF5eMI=
13:39:48.117 [Expansion Quests] Check quest initialization for quest with ID=20 | State=NONE | Player UID=1OEPy6aKlMe0cmo8LieQDvVcsiu6iWAr2PUZdSF5eMI=
13:39:48.117 [Expansion Quests] Check quest initialization for quest with ID=101 | State=NONE | Player UID=1OEPy6aKlMe0cmo8LieQDvVcsiu6iWAr2PUZdSF5eMI=
13:39:48.117 [Expansion Quests] Check quest initialization for quest with ID=22 | State=COMPLETED | Player UID=1OEPy6aKlMe0cmo8LieQDvVcsiu6iWAr2PUZdSF5eMI=
13:39:48.117 [Expansion Quests] Check quest initialization for quest with ID=23 | State=NONE | Player UID=1OEPy6aKlMe0cmo8LieQDvVcsiu6iWAr2PUZdSF5eMI=
13:39:48.117 [Expansion Quests] Check quest initialization for quest with ID=8 | State=STARTED | Player UID=1OEPy6aKlMe0cmo8LieQDvVcsiu6iWAr2PUZdSF5eMI=
13:39:48.117 [Expansion Quests] Create new quest instance for quest with ID=8 | Player UID=1OEPy6aKlMe0cmo8LieQDvVcsiu6iWAr2PUZdSF5eMI=
13:39:48.117 [Expansion Quests] Check quest initialization for quest with ID=9 | State=STARTED | Player UID=1OEPy6aKlMe0cmo8LieQDvVcsiu6iWAr2PUZdSF5eMI=
13:39:48.121 [Expansion Quests] Create new quest instance for quest with ID=9 | Player UID=1OEPy6aKlMe0cmo8LieQDvVcsiu6iWAr2PUZdSF5eMI=
13:39:48.121 [Expansion Quests] Check quest initialization for quest with ID=11 | State=STARTED | Player UID=1OEPy6aKlMe0cmo8LieQDvVcsiu6iWAr2PUZdSF5eMI=
13:39:48.121 [Expansion Quests] Create new quest instance for quest with ID=11 | Player UID=1OEPy6aKlMe0cmo8LieQDvVcsiu6iWAr2PUZdSF5eMI=
13:39:48.121 [Expansion Quests] Check quest initialization for quest with ID=28 | State=NONE | Player UID=1OEPy6aKlMe0cmo8LieQDvVcsiu6iWAr2PUZdSF5eMI=
13:39:48.121 [Expansion Quests] Check quest initialization for quest with ID=14 | State=COMPLETED | Player UID=1OEPy6aKlMe0cmo8LieQDvVcsiu6iWAr2PUZdSF5eMI=
13:39:48.121 [Expansion Quests] Check quest initialization for quest with ID=31 | State=NONE | Player UID=1OEPy6aKlMe0cmo8LieQDvVcsiu6iWAr2PUZdSF5eMI=
13:39:48.121 [Expansion Quests] Quest with ID=1 is not a a valid achievement or auto start quest. Skip quest for player with UID=1OEPy6aKlMe0cmo8LieQDvVcsiu6iWAr2PUZdSF5eMI=
13:39:48.121 [Expansion Quests] Quest with ID=2 is not a a valid achievement or auto start quest. Skip quest for player with UID=1OEPy6aKlMe0cmo8LieQDvVcsiu6iWAr2PUZdSF5eMI=
13:39:48.121 [Expansion Quests] Quest with ID=3 is not a a valid achievement or auto start quest. Skip quest for player with UID=1OEPy6aKlMe0cmo8LieQDvVcsiu6iWAr2PUZdSF5eMI=
13:39:48.121 [Expansion Quests] Quest with ID=4 is not a a valid achievement or auto start quest. Skip quest for player with UID=1OEPy6aKlMe0cmo8LieQDvVcsiu6iWAr2PUZdSF5eMI=
13:39:48.121 [Expansion Quests] Quest with ID=5 is not a a valid achievement or auto start quest. Skip quest for player with UID=1OEPy6aKlMe0cmo8LieQDvVcsiu6iWAr2PUZdSF5eMI=
13:39:48.121 [Expansion Quests] Quest with ID=6 is not a a valid achievement or auto start quest. Skip quest for player with UID=1OEPy6aKlMe0cmo8LieQDvVcsiu6iWAr2PUZdSF5eMI=
13:39:48.121 [Expansion Quests] Quest with ID=7 is not a a valid achievement or auto start quest. Skip quest for player with UID=1OEPy6aKlMe0cmo8LieQDvVcsiu6iWAr2PUZdSF5eMI=
13:39:48.121 [Expansion Quests] Quest with ID=10 is not a a valid achievement or auto start quest. Skip quest for player with UID=1OEPy6aKlMe0cmo8LieQDvVcsiu6iWAr2PUZdSF5eMI=
13:39:48.121 [Expansion Quests] Quest with ID=12 is not a a valid achievement or auto start quest. Skip quest for player with UID=1OEPy6aKlMe0cmo8LieQDvVcsiu6iWAr2PUZdSF5eMI=
13:39:48.121 [Expansion Quests] Quest with ID=13 is not a a valid achievement or auto start quest. Skip quest for player with UID=1OEPy6aKlMe0cmo8LieQDvVcsiu6iWAr2PUZdSF5eMI=
13:39:48.121 [Expansion Quests] Quest with ID=15 is not a a valid achievement or auto start quest. Skip quest for player with UID=1OEPy6aKlMe0cmo8LieQDvVcsiu6iWAr2PUZdSF5eMI=
13:39:48.121 [Expansion Quests] Quest with ID=16 is not a a valid achievement or auto start quest. Skip quest for player with UID=1OEPy6aKlMe0cmo8LieQDvVcsiu6iWAr2PUZdSF5eMI=
13:39:48.121 [Expansion Quests] Quest with ID=17 is not a a valid achievement or auto start quest. Skip quest for player with UID=1OEPy6aKlMe0cmo8LieQDvVcsiu6iWAr2PUZdSF5eMI=
13:39:48.121 [Expansion Quests] Quest with ID=18 is not a a valid achievement or auto start quest. Skip quest for player with UID=1OEPy6aKlMe0cmo8LieQDvVcsiu6iWAr2PUZdSF5eMI=
13:39:48.121 [Expansion Quests] Quest with ID=19 is not a a valid achievement or auto start quest. Skip quest for player with UID=1OEPy6aKlMe0cmo8LieQDvVcsiu6iWAr2PUZdSF5eMI=
13:39:48.121 [Expansion Quests] Quest with ID=20 is not a a valid achievement or auto start quest. Skip quest for player with UID=1OEPy6aKlMe0cmo8LieQDvVcsiu6iWAr2PUZdSF5eMI=
13:39:48.121 [Expansion Quests] Quest with ID=21 is not a a valid achievement or auto start quest. Skip quest for player with UID=1OEPy6aKlMe0cmo8LieQDvVcsiu6iWAr2PUZdSF5eMI=
13:39:48.121 [Expansion Quests] Quest with ID=22 is not a a valid achievement or auto start quest. Skip quest for player with UID=1OEPy6aKlMe0cmo8LieQDvVcsiu6iWAr2PUZdSF5eMI=
13:39:48.121 [Expansion Quests] Quest with ID=23 is not a a valid achievement or auto start quest. Skip quest for player with UID=1OEPy6aKlMe0cmo8LieQDvVcsiu6iWAr2PUZdSF5eMI=
13:39:48.121 [Expansion Quests] Quest with ID=26 is not a a valid achievement or auto start quest. Skip quest for player with UID=1OEPy6aKlMe0cmo8LieQDvVcsiu6iWAr2PUZdSF5eMI=
13:39:48.125 [Expansion Quests] Quest with ID=28 is not a a valid achievement or auto start quest. Skip quest for player with UID=1OEPy6aKlMe0cmo8LieQDvVcsiu6iWAr2PUZdSF5eMI=
13:39:48.125 [Expansion Quests] Quest with ID=29 is not a a valid achievement or auto start quest. Skip quest for player with UID=1OEPy6aKlMe0cmo8LieQDvVcsiu6iWAr2PUZdSF5eMI=
13:39:48.125 [Expansion Quests] Quest with ID=31 is not a a valid achievement or auto start quest. Skip quest for player with UID=1OEPy6aKlMe0cmo8LieQDvVcsiu6iWAr2PUZdSF5eMI=
13:39:48.125 [Expansion Quests] Quest with ID=101 is not a a valid achievement or auto start quest. Skip quest for player with UID=1OEPy6aKlMe0cmo8LieQDvVcsiu6iWAr2PUZdSF5eMI=
13:39:48.125 [Expansion Quests] Quest with ID=102 is not a a valid achievement or auto start quest. Skip quest for player with UID=1OEPy6aKlMe0cmo8LieQDvVcsiu6iWAr2PUZdSF5eMI=
13:39:48.125 [Expansion Quests] Sending 1OEPy6aKlMe0cmo8LieQDvVcsiu6iWAr2PUZdSF5eMI= quest configs to client for player with UID=1OEPy6aKlMe0cmo8LieQDvVcsiu6iWAr2PUZdSF5eMI=
13:39:48.125 [Expansion Quests] Sending player quest data for 11 quests to player with UID=1OEPy6aKlMe0cmo8LieQDvVcsiu6iWAr2PUZdSF5eMI=
13:39:48.128 [AI Object Patrol 00047] Spawning 2 FireStationScavs_Tier1 (Raiders) bots at <6262.113281, 8.619924, 2721.123047>
13:39:48.140 [AI Object Patrol 00047] Global patrol count: 1
13:39:48.140 [AI Patrol 00056] Spawning 1 Ordinary_Scavengers_Tier_1(Vysotovo) (Raiders) bots at <5932.858398, 69.234261, 2637.069336>
13:39:48.183 [AI Patrol 00056] Global patrol count: 2
13:39:48.183 [AI Patrol 00057] Spawning 1 Ordinary_Scavengers_Tier_1(Cherno_Oil) (Raiders) bots at <5886.123535, 9.010000, 2201.584717>
13:39:48.210 [AI Patrol 00057] Global patrol count: 3
13:39:48.210 [AI Patrol 00060] Spawning 1 Ordinary_Scavengers_Tier_1(Cherno_Exit) (Raiders) bots at <6613.972168, 13.839434, 2993.531982>
13:39:48.242 [AI Patrol 00060] Global patrol count: 4
13:39:56.382 [AI Patrol 00058] Spawning 1 Ordinary_Scavengers_Tier_1(Cherno_Med) (Raiders) bots at <6508.489746, 9.391296, 2694.793213>
13:39:56.398 [AI Patrol 00058] Global patrol count: 5
13:39:59.753 [AI Object Patrol 00004] Spawning 2 PoliceStationScavs_Tier_1 (Raiders) bots at <6633.093262, 13.969685, 2586.646240>
13:39:59.773 [AI Object Patrol 00004] Global patrol count: 6
13:39:59.855 [AI Patrol 00059] Spawning 5 Ordinary_Scavengers_Tier_2(Hotel_Cherno) (Raiders) bots at <6591.786133, 6.473372, 2307.930908>
13:39:59.871 [AI Patrol 00059] Global patrol count: 7
13:40:00.605 [AI Object Patrol 00048] Spawning 1 Ordinary_Civilian (Civilian) bots at <6515.262207, 6.533941, 2307.472656>
13:40:00.621 [AI Object Patrol 00048] Global patrol count: 8
13:40:10.804 [AI Object Patrol 00081] Spawning 2 PoliceStationScavs_Tier_1 (Raiders) bots at <6202.298340, 32.781120, 2920.927002>
13:40:10.835 [AI Object Patrol 00081] Global patrol count: 9
13:41:56.925 [Killfeed] AI Quinn (Ordinary_Civilian) был убит AI Keiko (Ordinary_Scavengers_Tier_2(Hotel_Cherno)) с G36C из 1 м расстояние.
13:41:58.539 [AI Object Patrol 00048] Ordinary_Civilian (Civilian) bots were wiped out (spawn position <6515.262207, 6.533941, 2307.472656>, 1/1 deceased)
13:41:58.539 [AI Object Patrol 00048] Global patrol count: 8
13:42:21.882 [Killfeed] AI Helga (FireStationScavs_Tier1) был убит AI Francis (Ordinary_Scavengers_Tier_1(Cherno_Exit)) с M9 из 2 м расстояние.
13:42:41.390 [Killfeed] AI Guo (FireStationScavs_Tier1) был убит AI Judy (PoliceStationScavs_Tier_1) с DT11 из 24 м расстояние.
13:42:42.761 [AI Object Patrol 00047] FireStationScavs_Tier1 (Raiders) bots were wiped out (spawn position <6262.113281, 8.619924, 2721.123047>, 2/2 deceased)
13:42:42.761 [AI Object Patrol 00047] Global patrol count: 7
13:42:49.496 [Killfeed] AI Peter (Ordinary_Scavengers_Tier_1(Cherno_Oil)) был убит AI Linda (Ordinary_Scavengers_Tier_1(Vysotovo)) с БK-18 из 5 м расстояние.
13:42:52.281 [AI Patrol 00057] Ordinary_Scavengers_Tier_1(Cherno_Oil) (Raiders) bots were wiped out (spawn position <5886.123535, 9.010000, 2201.584717>, 1/1 deceased)
13:42:52.285 [AI Patrol 00057] Global patrol count: 6
13:43:51.941 [Killfeed] AI Oliver (PoliceStationScavs_Tier_1) был убит AI Keiko (Ordinary_Scavengers_Tier_2(Hotel_Cherno)) с G36C из 9 м расстояние.
13:44:11.781 [Killfeed] AI Taiki (Ordinary_Scavengers_Tier_2(Hotel_Cherno)) умер от потери крови.
13:44:26.402 [MissionAirdrop] An airdrop is heading towards "Elektrozavodsk" (pos=<9371.000000, 0.000000, 2229.000000> type=Random_Elektrozavodsk) with a ExpansionAirdropContainer
13:45:32.187 [Killfeed] AI Francis (Ordinary_Scavengers_Tier_1(Cherno_Exit)) был убит AI Keiko (Ordinary_Scavengers_Tier_2(Hotel_Cherno)) с G36C из 8 м расстояние.
13:45:32.335 [AI Patrol 00060] Ordinary_Scavengers_Tier_1(Cherno_Exit) (Raiders) bots were wiped out (spawn position <6613.972168, 13.839434, 2993.531982>, 1/1 deceased)
13:45:32.335 [AI Patrol 00060] Global patrol count: 5
