21:52:03.921 [Expansion Quests] Initialize quest system on the connected client with UID=1OEPy6aKlMe0cmo8LieQDvVcsiu6iWAr2PUZdSF5eMI=
21:52:03.945 [Expansion Quests] Loaded existing player quest data for player with UID=1OEPy6aKlMe0cmo8LieQDvVcsiu6iWAr2PUZdSF5eMI=
21:52:03.945 [Expansion Quests] Check quest initialization for quest with ID=8 | State=STARTED | Player UID=1OEPy6aKlMe0cmo8LieQDvVcsiu6iWAr2PUZdSF5eMI=
21:52:03.945 [Expansion Quests] Create new quest instance for quest with ID=8 | Player UID=1OEPy6aKlMe0cmo8LieQDvVcsiu6iWAr2PUZdSF5eMI=
21:52:03.945 [Expansion Quests] Check quest initialization for quest with ID=9 | State=STARTED | Player UID=1OEPy6aKlMe0cmo8LieQDvVcsiu6iWAr2PUZdSF5eMI=
21:52:03.945 [Expansion Quests] Create new quest instance for quest with ID=9 | Player UID=1OEPy6aKlMe0cmo8LieQDvVcsiu6iWAr2PUZdSF5eMI=
21:52:03.945 [Expansion Quests] Check quest initialization for quest with ID=11 | State=STARTED | Player UID=1OEPy6aKlMe0cmo8LieQDvVcsiu6iWAr2PUZdSF5eMI=
21:52:03.945 [Expansion Quests] Create new quest instance for quest with ID=11 | Player UID=1OEPy6aKlMe0cmo8LieQDvVcsiu6iWAr2PUZdSF5eMI=
21:52:03.945 [Expansion Quests] Check quest initialization for quest with ID=14 | State=COMPLETED | Player UID=1OEPy6aKlMe0cmo8LieQDvVcsiu6iWAr2PUZdSF5eMI=
21:52:03.945 [Expansion Quests] Quest with ID=1 is not a a valid achievement or auto start quest. Skip quest for player with UID=1OEPy6aKlMe0cmo8LieQDvVcsiu6iWAr2PUZdSF5eMI=
21:52:03.945 [Expansion Quests] Quest with ID=2 is not a a valid achievement or auto start quest. Skip quest for player with UID=1OEPy6aKlMe0cmo8LieQDvVcsiu6iWAr2PUZdSF5eMI=
21:52:03.945 [Expansion Quests] Quest with ID=3 is not a a valid achievement or auto start quest. Skip quest for player with UID=1OEPy6aKlMe0cmo8LieQDvVcsiu6iWAr2PUZdSF5eMI=
21:52:03.945 [Expansion Quests] Quest with ID=4 is not a a valid achievement or auto start quest. Skip quest for player with UID=1OEPy6aKlMe0cmo8LieQDvVcsiu6iWAr2PUZdSF5eMI=
21:52:03.945 [Expansion Quests] Quest with ID=5 is not a a valid achievement or auto start quest. Skip quest for player with UID=1OEPy6aKlMe0cmo8LieQDvVcsiu6iWAr2PUZdSF5eMI=
21:52:03.945 [Expansion Quests] Quest with ID=6 is not a a valid achievement or auto start quest. Skip quest for player with UID=1OEPy6aKlMe0cmo8LieQDvVcsiu6iWAr2PUZdSF5eMI=
21:52:03.945 [Expansion Quests] Quest with ID=7 is not a a valid achievement or auto start quest. Skip quest for player with UID=1OEPy6aKlMe0cmo8LieQDvVcsiu6iWAr2PUZdSF5eMI=
21:52:03.945 [Expansion Quests] Quest with ID=10 is not a a valid achievement or auto start quest. Skip quest for player with UID=1OEPy6aKlMe0cmo8LieQDvVcsiu6iWAr2PUZdSF5eMI=
21:52:03.945 [Expansion Quests] Quest with ID=12 is not a a valid achievement or auto start quest. Skip quest for player with UID=1OEPy6aKlMe0cmo8LieQDvVcsiu6iWAr2PUZdSF5eMI=
21:52:03.945 [Expansion Quests] Quest with ID=13 is not a a valid achievement or auto start quest. Skip quest for player with UID=1OEPy6aKlMe0cmo8LieQDvVcsiu6iWAr2PUZdSF5eMI=
21:52:03.945 [Expansion Quests] Quest with ID=15 is not a a valid achievement or auto start quest. Skip quest for player with UID=1OEPy6aKlMe0cmo8LieQDvVcsiu6iWAr2PUZdSF5eMI=
21:52:03.945 [Expansion Quests] Quest with ID=16 is not a a valid achievement or auto start quest. Skip quest for player with UID=1OEPy6aKlMe0cmo8LieQDvVcsiu6iWAr2PUZdSF5eMI=
21:52:03.945 [Expansion Quests] Quest with ID=17 is not a a valid achievement or auto start quest. Skip quest for player with UID=1OEPy6aKlMe0cmo8LieQDvVcsiu6iWAr2PUZdSF5eMI=
21:52:03.945 [Expansion Quests] Quest with ID=18 is not a a valid achievement or auto start quest. Skip quest for player with UID=1OEPy6aKlMe0cmo8LieQDvVcsiu6iWAr2PUZdSF5eMI=
21:52:03.945 [Expansion Quests] Quest with ID=19 is not a a valid achievement or auto start quest. Skip quest for player with UID=1OEPy6aKlMe0cmo8LieQDvVcsiu6iWAr2PUZdSF5eMI=
21:52:03.945 [Expansion Quests] Quest with ID=20 is not a a valid achievement or auto start quest. Skip quest for player with UID=1OEPy6aKlMe0cmo8LieQDvVcsiu6iWAr2PUZdSF5eMI=
21:52:03.945 [Expansion Quests] Quest with ID=21 is not a a valid achievement or auto start quest. Skip quest for player with UID=1OEPy6aKlMe0cmo8LieQDvVcsiu6iWAr2PUZdSF5eMI=
21:52:03.945 [Expansion Quests] Quest with ID=22 is not a a valid achievement or auto start quest. Skip quest for player with UID=1OEPy6aKlMe0cmo8LieQDvVcsiu6iWAr2PUZdSF5eMI=
21:52:03.945 [Expansion Quests] Quest with ID=23 is not a a valid achievement or auto start quest. Skip quest for player with UID=1OEPy6aKlMe0cmo8LieQDvVcsiu6iWAr2PUZdSF5eMI=
21:52:03.945 [Expansion Quests] Quest with ID=24 is not a a valid achievement or auto start quest. Skip quest for player with UID=1OEPy6aKlMe0cmo8LieQDvVcsiu6iWAr2PUZdSF5eMI=
21:52:03.945 [Expansion Quests] Sending 1OEPy6aKlMe0cmo8LieQDvVcsiu6iWAr2PUZdSF5eMI= quest configs to client for player with UID=1OEPy6aKlMe0cmo8LieQDvVcsiu6iWAr2PUZdSF5eMI=
21:52:03.945 [Expansion Quests] Sending player quest data for 4 quests to player with UID=1OEPy6aKlMe0cmo8LieQDvVcsiu6iWAr2PUZdSF5eMI=
21:52:03.953 [AI Patrol] Spawning 1 Ordinary_Scavengers_Tier_1(Cherno_Exit) bots at <6591.151855, 14.941792, 3011.828857>
21:52:04.015 [AI Patrol] Spawning 1 Ordinary_Scavengers_Tier_1(Vysotovo) bots at <5929.377441, 70.508728, 2651.652588>
21:52:04.062 [AI Patrol] Spawning 1 Ordinary_Scavengers_Tier_1(Cherno_Oil) bots at <5882.810547, 9.025880, 2187.468994>
21:52:28.398 [AI Patrol] Spawning 2 Ordinary_Scavengers_Tier_2(Cherno_Center) bots at <6608.786621, 6.000000, 2459.725098>
21:52:28.921 [AI Object Patrol] Spawning 2 FireStationScavs_Tier1 bots at <6262.113281, 8.619924, 2721.123047>
21:52:28.953 [AI Patrol] Spawning 3 Ordinary_Scavengers_Tier_2(Hotel_Cherno) bots at <6611.179199, 5.890000, 2291.080566>
21:52:29.203 [AI Object Patrol] Spawning 2 Ordinary_Civilian bots at <6515.262207, 6.533941, 2307.472656>
21:52:29.343 [AI Object Patrol] Spawning 2 PoliceStationScavs_Tier_1 bots at <6633.093262, 13.969685, 2586.646240>
21:52:29.523 [AI Patrol] Spawning 1 Ordinary_Scavengers_Tier_1(Cherno_Med) bots at <6518.504883, 9.385723, 2699.726807>
21:52:30.890 [AI Object Patrol] Spawning 1 PoliceStationScavs_Tier_1 bots at <6202.298340, 32.781120, 2920.927002>
21:55:03.554 [Killfeed] AI Eva (PoliceStationScavs_Tier_1) был убит Da da Ya с КА-M из 6 м расстояние.
21:55:05.664 [AI Object Patrol] PoliceStationScavs_Tier_1 bots were wiped out (spawn position <6202.298340, 32.781120, 2920.927002>, 1/1 deceased)
21:55:17.265 [Killfeed] AI Linda (Ordinary_Scavengers_Tier_2(Hotel_Cherno)) был убит AI Helga (PoliceStationScavs_Tier_1) с БК-133 из 2 м расстояние.
21:55:34.226 [Killfeed] AI Maria (Ordinary_Scavengers_Tier_1(Cherno_Med)) был убит AI Jose (Ordinary_Scavengers_Tier_2(Hotel_Cherno)) с CR-75 из 1 м расстояние.
21:55:37.335 [AI Patrol] Ordinary_Scavengers_Tier_1(Cherno_Med) bots were wiped out (spawn position <6518.504883, 9.385723, 2699.726807>, 1/1 deceased)
21:55:41.718 [Killfeed] AI Gabi (Ordinary_Civilian) был убит AI Jose (Ordinary_Scavengers_Tier_2(Hotel_Cherno)) с CR-75 из 1 м расстояние.
21:55:42.234 [Killfeed] AI Manua (Ordinary_Scavengers_Tier_2(Cherno_Center)) был убит AI Jose (Ordinary_Scavengers_Tier_2(Hotel_Cherno)) с CR-75 из 1 м расстояние.
21:55:58.601 [Killfeed] AI Baty (Ordinary_Scavengers_Tier_1(Cherno_Exit)) был убит Da da Ya с КА-M из 2 м расстояние.
21:56:02.914 [AI Patrol] Ordinary_Scavengers_Tier_1(Cherno_Exit) bots were wiped out (spawn position <6591.151855, 14.941792, 3011.828857>, 1/1 deceased)
21:56:42.242 [MissionAirdrop] An airdrop is heading towards "NEAF" (pos=<12159.000000, 0.000000, 12583.000000> type=Random_NEAF) with a ExpansionAirdropContainer_Military
21:57:03.906 [Killfeed] AI Hassan (Ordinary_Civilian) был убит AI Rolf (Ordinary_Scavengers_Tier_2(Hotel_Cherno)) с CR-527 из 3 м расстояние.
21:57:04.992 [AI Object Patrol] Ordinary_Civilian bots were wiped out (spawn position <6515.262207, 6.533941, 2307.472656>, 2/2 deceased)
21:57:43.492 [Killfeed] AI Rolf (Ordinary_Scavengers_Tier_2(Hotel_Cherno)) был убит AI Oliver (Ordinary_Scavengers_Tier_2(Cherno_Center)) голыми руками.
21:58:14.937 [Killfeed] AI Helga (PoliceStationScavs_Tier_1) был убит AI Oliver (Ordinary_Scavengers_Tier_2(Cherno_Center)) с CR-527 из 20 м расстояние.
22:00:39.843 [Killfeed] AI Irena (PoliceStationScavs_Tier_1) был убит AI Jose (Ordinary_Scavengers_Tier_2(Hotel_Cherno)) с CR-75 из 7 м расстояние.
22:00:43.140 [AI Object Patrol] PoliceStationScavs_Tier_1 bots were wiped out (spawn position <6633.093262, 13.969685, 2586.646240>, 2/2 deceased)
22:01:00.125 [Killfeed] AI Jose (Ordinary_Scavengers_Tier_2(Hotel_Cherno)) был убит AI Oliver (Ordinary_Scavengers_Tier_2(Cherno_Center)) с CR-75 из 2 м расстояние.
22:01:02.867 [AI Patrol] Ordinary_Scavengers_Tier_2(Hotel_Cherno) bots were wiped out (spawn position <6611.179199, 5.890000, 2291.080566>, 3/3 deceased)
22:01:50.593 [Killfeed] AI Frida (Ordinary_Scavengers_Tier_1(Vysotovo)) был убит AI Kaito (Ordinary_Scavengers_Tier_1(Cherno_Oil)) с CR-550 Savanna из 7 м расстояние.
22:01:52.945 [AI Patrol] Ordinary_Scavengers_Tier_1(Vysotovo) bots were wiped out (spawn position <5929.377441, 70.508728, 2651.652588>, 1/1 deceased)
22:02:28.171 [AI Patrol] Despawning 1 Ordinary_Scavengers_Tier_1(Cherno_Oil) bots (spawn position <5882.810547, 9.025880, 2187.468994>, 0/1 deceased)
22:04:30.703 [Expansion Quests] Deleted quest with ID=8 is a of player with UID=1OEPy6aKlMe0cmo8LieQDvVcsiu6iWAr2PUZdSF5eMI=.
22:04:30.703 [Expansion Quests] Deleted quest with ID=9 is a of player with UID=1OEPy6aKlMe0cmo8LieQDvVcsiu6iWAr2PUZdSF5eMI=.
22:04:30.703 [Expansion Quests] Deleted quest with ID=11 is a of player with UID=1OEPy6aKlMe0cmo8LieQDvVcsiu6iWAr2PUZdSF5eMI=.
