18:02:58.984 [Expansion Quests] Added objects set for quest ID=6501 from file=q6501
18:03:46.433 [Party] Player "Survivor" (id=1OEPy6aKlMe0cmo8LieQDvVcsiu6iWAr2PUZdSF5eMI=) joinded the party "Falcon Resolute" (id=1 ownerUID=z63osPRVUnS8pzWmaenLtvu6c2gVxwL4gvA4elWPF5w= ownerName=Survivor (2))
18:03:46.433 [Expansion Quests] Initialize quest system on the connected client with UID=1OEPy6aKlMe0cmo8LieQDvVcsiu6iWAr2PUZdSF5eMI=
18:03:46.488 [Expansion Quests] Loaded existing player quest data for player with UID=1OEPy6aKlMe0cmo8LieQDvVcsiu6iWAr2PUZdSF5eMI=
18:03:46.492 [Expansion Quests] Loaded existing group quest data for group with ID=1
18:03:46.492 [Expansion Quests] Check quest initialization for quest with ID=101 | State=COMPLETED | Player UID=1OEPy6aKlMe0cmo8LieQDvVcsiu6iWAr2PUZdSF5eMI=
18:03:46.503 [Expansion Quests] Check quest initialization for quest with ID=6501 | State=NONE | Player UID=1OEPy6aKlMe0cmo8LieQDvVcsiu6iWAr2PUZdSF5eMI=
18:03:46.503 [Expansion Quests] Quest with ID=6101 is not a a valid achievement or auto start quest. Skip quest for player with UID=1OEPy6aKlMe0cmo8LieQDvVcsiu6iWAr2PUZdSF5eMI=
18:03:46.503 [Expansion Quests] Quest with ID=6201 is not a a valid achievement or auto start quest. Skip quest for player with UID=1OEPy6aKlMe0cmo8LieQDvVcsiu6iWAr2PUZdSF5eMI=
18:03:46.503 [Expansion Quests] Quest with ID=6301 is not a a valid achievement or auto start quest. Skip quest for player with UID=1OEPy6aKlMe0cmo8LieQDvVcsiu6iWAr2PUZdSF5eMI=
18:03:46.503 [Expansion Quests] Quest with ID=6401 is not a a valid achievement or auto start quest. Skip quest for player with UID=1OEPy6aKlMe0cmo8LieQDvVcsiu6iWAr2PUZdSF5eMI=
18:03:46.503 [Expansion Quests] Quest with ID=6501 is not a a valid achievement or auto start quest. Skip quest for player with UID=1OEPy6aKlMe0cmo8LieQDvVcsiu6iWAr2PUZdSF5eMI=
18:03:46.503 [Expansion Quests] Sending 1OEPy6aKlMe0cmo8LieQDvVcsiu6iWAr2PUZdSF5eMI= quest configs to client for player with UID=1OEPy6aKlMe0cmo8LieQDvVcsiu6iWAr2PUZdSF5eMI=
18:03:46.503 [Expansion Quests] Sending player quest data for 2 quests to player with UID=1OEPy6aKlMe0cmo8LieQDvVcsiu6iWAr2PUZdSF5eMI=
18:03:46.507 [AI Object Patrol 00041] Spawning 1 PoliceStation_Tier1 (Raiders) bots at <11076.157227, 226.678726, 12469.983398>
18:03:46.550 [AI Object Patrol 00041] Global patrol count: 1
18:03:46.550 [AI Object Patrol 00038] Spawning 1 WaterPump_Tier0 (Raiders) bots at <11009.458008, 226.239655, 12429.798828>
18:03:46.562 [AI Object Patrol 00038] Global patrol count: 2
18:03:46.562 [AI Patrol 00070] Spawning 2 Krasnostav_Trader (InvincibleObservers) bots at <11838.466797, 139.989197, 12515.460938>
18:03:46.597 [AI Patrol 00070] Global patrol count: 3
18:03:46.597 [AI Patrol 00072] Spawning 1 Krasnostav_Trader (InvincibleObservers) bots at <11847.860352, 142.037064, 12364.805664>
18:03:46.617 [AI Patrol 00072] Global patrol count: 4
18:03:46.617 [AI Patrol 00076] Spawning 1 Krasnostav_Tier1 (Raiders) bots at <11071.186523, 206.278488, 12267.048828>
18:03:46.632 [AI Patrol 00076] Global patrol count: 5
18:03:46.632 [AI Patrol 00071] Spawning 1 Krasnostav_Trader (InvincibleObservers) bots at <11910.486328, 141.818512, 12394.273438>
18:03:46.652 [AI Patrol 00071] Global patrol count: 6
18:03:46.652 [AI Patrol 00069] Spawning 2 Krasnostav_Trader (Guards) bots at <11789.352539, 139.979660, 12479.125977>
18:03:46.675 [AI Patrol 00069] Global patrol count: 7
18:03:46.675 [AI Patrol 00075] Spawning 1 ChernayaPolyana_Tier1 (Raiders) bots at <12017.075195, 115.854874, 13536.624023>
18:03:46.691 [AI Patrol 00075] Global patrol count: 8
18:03:47.421 [Expansion Quests] - LoadGroupQuestData - Got cached group quest data for group with ID=1
18:03:53.617 [Safezone] Player "Survivor" (id=1OEPy6aKlMe0cmo8LieQDvVcsiu6iWAr2PUZdSF5eMI= pos=<11747.267578, 140.032593, 12617.361328>) Entered the safezone
18:04:01.523 [Expansion Quests] Spawned objects from set for quest ID=6501 from file=$mission:expansion\quests\\objects\q6501.map
18:04:01.523 [Expansion Quests] Added new objective data for type=TRAVEL | Key=1OEPy6aKlMe0cmo8LieQDvVcsiu6iWAr2PUZdSF5eMI= | ID=301
18:04:01.523 [Expansion Quests] Updated and saved persistent player quest data for player with UID=1OEPy6aKlMe0cmo8LieQDvVcsiu6iWAr2PUZdSF5eMI= | Quest ID=6501
18:04:01.523 [Expansion Quests] Created new quest instance with instance key=1OEPy6aKlMe0cmo8LieQDvVcsiu6iWAr2PUZdSF5eMI= for quest with ID=6501
18:04:02.019 [Expansion Quests] Added new objective data for type=TRAVEL | Key=1OEPy6aKlMe0cmo8LieQDvVcsiu6iWAr2PUZdSF5eMI= | ID=301
18:04:02.023 [Expansion Quests] Updated and saved persistent player quest data for player with UID=1OEPy6aKlMe0cmo8LieQDvVcsiu6iWAr2PUZdSF5eMI= | Quest ID=6501
18:04:22.593 [Safezone] Player "Survivor" (id=1OEPy6aKlMe0cmo8LieQDvVcsiu6iWAr2PUZdSF5eMI= pos=<11360.388672, 179.347076, 12414.806641>) Left the safezone
18:05:51.828 [Expansion Quests] Added new objective data for type=TRAVEL | Key=1OEPy6aKlMe0cmo8LieQDvVcsiu6iWAr2PUZdSF5eMI= | ID=301
18:05:51.832 [Expansion Quests] Updated and saved persistent player quest data for player with UID=1OEPy6aKlMe0cmo8LieQDvVcsiu6iWAr2PUZdSF5eMI= | Quest ID=6501
18:05:57.890 [Expansion Quests] Updated and saved persistent player quest data for player with UID=1OEPy6aKlMe0cmo8LieQDvVcsiu6iWAr2PUZdSF5eMI= | Quest ID=6501
18:05:57.890 [Expansion Quests] Player with UID=1OEPy6aKlMe0cmo8LieQDvVcsiu6iWAr2PUZdSF5eMI= has cancelled quest with ID=6501. State=CAN_TURNIN
18:06:00.683 [Safezone] Player "Survivor" (id=1OEPy6aKlMe0cmo8LieQDvVcsiu6iWAr2PUZdSF5eMI= pos=<11777.758789, 140.009415, 12592.020508>) Entered the safezone
