22:17:02.445 [Expansion Quests] Added objects set for quest ID=61001 from file=q61001
22:17:02.445 [Expansion Quests] Added objects set for quest ID=6501 from file=q6501
22:17:02.445 [Expansion Quests] Added objects set for quest ID=61501 from file=q61501
22:17:02.445 [Expansion Quests] Added objects set for quest ID=6601 from file=q6601
22:17:02.445 [Expansion Quests] Added objects set for quest ID=61502 from file=q61502
22:17:50.445 [Safezone] Player "Survivor" (id=1OEPy6aKlMe0cmo8LieQDvVcsiu6iWAr2PUZdSF5eMI= pos=<11845.317383, 140.605072, 12464.575195>) Entered the safezone
22:17:50.445 [Party] Player "Survivor" (id=1OEPy6aKlMe0cmo8LieQDvVcsiu6iWAr2PUZdSF5eMI=) joinded the party "Falcon Resolute" (id=1 ownerUID=z63osPRVUnS8pzWmaenLtvu6c2gVxwL4gvA4elWPF5w= ownerName=Survivor (2))
22:17:50.445 [Expansion Quests] Initialize quest system on the connected client with UID=1OEPy6aKlMe0cmo8LieQDvVcsiu6iWAr2PUZdSF5eMI=
22:17:50.492 [Expansion Quests] Loaded existing player quest data for player with UID=1OEPy6aKlMe0cmo8LieQDvVcsiu6iWAr2PUZdSF5eMI=
22:17:50.492 [Expansion Quests] Loaded existing group quest data for group with ID=1
22:17:50.492 [Expansion Quests] Check quest initialization for quest with ID=6501 | State=NONE | Player UID=1OEPy6aKlMe0cmo8LieQDvVcsiu6iWAr2PUZdSF5eMI=
22:17:50.492 [Expansion Quests] Check quest initialization for quest with ID=101 | State=COMPLETED | Player UID=1OEPy6aKlMe0cmo8LieQDvVcsiu6iWAr2PUZdSF5eMI=
22:17:50.492 [Expansion Quests] Check quest initialization for quest with ID=61501 | State=NONE | Player UID=1OEPy6aKlMe0cmo8LieQDvVcsiu6iWAr2PUZdSF5eMI=
22:17:50.492 [Expansion Quests] Check quest initialization for quest with ID=6601 | State=NONE | Player UID=1OEPy6aKlMe0cmo8LieQDvVcsiu6iWAr2PUZdSF5eMI=
22:17:50.492 [Expansion Quests] Check quest initialization for quest with ID=61001 | State=NONE | Player UID=1OEPy6aKlMe0cmo8LieQDvVcsiu6iWAr2PUZdSF5eMI=
22:17:50.492 [Expansion Quests] Check quest initialization for quest with ID=61101 | State=NONE | Player UID=1OEPy6aKlMe0cmo8LieQDvVcsiu6iWAr2PUZdSF5eMI=
22:17:50.492 [Expansion Quests] Check quest initialization for quest with ID=61502 | State=NONE | Player UID=1OEPy6aKlMe0cmo8LieQDvVcsiu6iWAr2PUZdSF5eMI=
22:17:50.492 [Expansion Quests] Check quest initialization for quest with ID=61401 | State=NONE | Player UID=1OEPy6aKlMe0cmo8LieQDvVcsiu6iWAr2PUZdSF5eMI=
22:17:50.492 [Expansion Quests] Quest with ID=61301 is not a a valid achievement or auto start quest. Skip quest for player with UID=1OEPy6aKlMe0cmo8LieQDvVcsiu6iWAr2PUZdSF5eMI=
22:17:50.492 [Expansion Quests] Quest with ID=6401 is not a a valid achievement or auto start quest. Skip quest for player with UID=1OEPy6aKlMe0cmo8LieQDvVcsiu6iWAr2PUZdSF5eMI=
22:17:50.492 [Expansion Quests] Quest with ID=6701 is not a a valid achievement or auto start quest. Skip quest for player with UID=1OEPy6aKlMe0cmo8LieQDvVcsiu6iWAr2PUZdSF5eMI=
22:17:50.492 [Expansion Quests] Quest with ID=61001 is not a a valid achievement or auto start quest. Skip quest for player with UID=1OEPy6aKlMe0cmo8LieQDvVcsiu6iWAr2PUZdSF5eMI=
22:17:50.492 [Expansion Quests] Quest with ID=6901 is not a a valid achievement or auto start quest. Skip quest for player with UID=1OEPy6aKlMe0cmo8LieQDvVcsiu6iWAr2PUZdSF5eMI=
22:17:50.492 [Expansion Quests] Quest with ID=6201 is not a a valid achievement or auto start quest. Skip quest for player with UID=1OEPy6aKlMe0cmo8LieQDvVcsiu6iWAr2PUZdSF5eMI=
22:17:50.492 [Expansion Quests] Quest with ID=61101 is not a a valid achievement or auto start quest. Skip quest for player with UID=1OEPy6aKlMe0cmo8LieQDvVcsiu6iWAr2PUZdSF5eMI=
22:17:50.500 [Expansion Quests] Quest with ID=6501 is not a a valid achievement or auto start quest. Skip quest for player with UID=1OEPy6aKlMe0cmo8LieQDvVcsiu6iWAr2PUZdSF5eMI=
22:17:50.500 [Expansion Quests] Quest with ID=61201 is not a a valid achievement or auto start quest. Skip quest for player with UID=1OEPy6aKlMe0cmo8LieQDvVcsiu6iWAr2PUZdSF5eMI=
22:17:50.500 [Expansion Quests] Quest with ID=6801 is not a a valid achievement or auto start quest. Skip quest for player with UID=1OEPy6aKlMe0cmo8LieQDvVcsiu6iWAr2PUZdSF5eMI=
22:17:50.500 [Expansion Quests] Quest with ID=6101 is not a a valid achievement or auto start quest. Skip quest for player with UID=1OEPy6aKlMe0cmo8LieQDvVcsiu6iWAr2PUZdSF5eMI=
22:17:50.500 [Expansion Quests] Quest with ID=61501 is not a a valid achievement or auto start quest. Skip quest for player with UID=1OEPy6aKlMe0cmo8LieQDvVcsiu6iWAr2PUZdSF5eMI=
22:17:50.500 [Expansion Quests] Quest with ID=61401 is not a a valid achievement or auto start quest. Skip quest for player with UID=1OEPy6aKlMe0cmo8LieQDvVcsiu6iWAr2PUZdSF5eMI=
22:17:50.500 [Expansion Quests] Quest with ID=6601 is not a a valid achievement or auto start quest. Skip quest for player with UID=1OEPy6aKlMe0cmo8LieQDvVcsiu6iWAr2PUZdSF5eMI=
22:17:50.500 [Expansion Quests] Quest with ID=6301 is not a a valid achievement or auto start quest. Skip quest for player with UID=1OEPy6aKlMe0cmo8LieQDvVcsiu6iWAr2PUZdSF5eMI=
22:17:50.500 [Expansion Quests] Quest with ID=61502 is not a a valid achievement or auto start quest. Skip quest for player with UID=1OEPy6aKlMe0cmo8LieQDvVcsiu6iWAr2PUZdSF5eMI=
22:17:50.500 [Expansion Quests] Sending 1OEPy6aKlMe0cmo8LieQDvVcsiu6iWAr2PUZdSF5eMI= quest configs to client for player with UID=1OEPy6aKlMe0cmo8LieQDvVcsiu6iWAr2PUZdSF5eMI=
22:17:50.500 [Expansion Quests] Sending player quest data for 8 quests to player with UID=1OEPy6aKlMe0cmo8LieQDvVcsiu6iWAr2PUZdSF5eMI=
22:17:50.507 [AI Object Patrol 00041] Spawning 2 PoliceStation_Tier1 (Raiders) bots at <11073.489258, 235.431778, 12493.584961>
22:17:50.523 [AI Object Patrol 00041] Global patrol count: 1
22:17:50.523 [AI Patrol 00070] Spawning 1 Krasnostav_Trader (InvincibleObservers) bots at <11810.647461, 140.987534, 12383.177734>
22:17:50.554 [AI Patrol 00070] Global patrol count: 2
22:17:50.554 [AI Patrol 00076] Spawning 2 Krasnostav_Tier1 (Raiders) bots at <11216.705078, 196.606018, 12315.337891>
22:17:50.570 [AI Patrol 00076] Global patrol count: 3
22:17:50.570 [AI Patrol 00071] Spawning 1 Krasnostav_Trader (InvincibleObservers) bots at <11895.923828, 140.000000, 12483.405273>
22:17:50.593 [AI Patrol 00071] Global patrol count: 4
22:17:50.593 [AI Patrol 00072] Spawning 1 Krasnostav_Trader (InvincibleObservers) bots at <11902.688477, 140.000000, 12520.450195>
22:17:50.609 [AI Patrol 00072] Global patrol count: 5
22:17:50.609 [AI Patrol 00069] Spawning 1 Krasnostav_Trader (Guards) bots at <11902.034180, 140.000000, 12598.112305>
22:17:50.625 [AI Patrol 00069] Global patrol count: 6
22:17:51.414 [Expansion Quests] - LoadGroupQuestData - Got cached group quest data for group with ID=1
22:18:53.765 [Expansion Quests] Spawned objects from set for quest ID=6501 from file=$mission:expansion\quests\\objects\q6501.map
22:18:53.765 [Expansion Quests] Added new objective data for type=TRAVEL | Key=1OEPy6aKlMe0cmo8LieQDvVcsiu6iWAr2PUZdSF5eMI= | ID=301
22:18:53.765 [Expansion Quests] Updated and saved persistent player quest data for player with UID=1OEPy6aKlMe0cmo8LieQDvVcsiu6iWAr2PUZdSF5eMI= | Quest ID=6501
22:18:53.773 [Expansion Quests] Created new quest instance with instance key=1OEPy6aKlMe0cmo8LieQDvVcsiu6iWAr2PUZdSF5eMI= for quest with ID=6501
22:18:53.890 [AI Object Patrol 00175] Spawning 1 QuestEnemyTier2 (Mercenaries) bots at <11692.628906, 144.452744, 12747.845703>
22:18:53.906 [AI Object Patrol 00175] Global patrol count: 7
22:18:53.914 [AI Object Patrol 00173] Spawning 1 QuestEnemyTier2 (Mercenaries) bots at <11680.533203, 142.736008, 12712.123047>
22:18:53.937 [AI Object Patrol 00173] Global patrol count: 8
22:18:54.218 [AI Object Patrol 00176] Spawning 1 QuestEnemyTier2 (Mercenaries) bots at <11710.413086, 143.357880, 12747.977539>
22:18:54.234 [AI Object Patrol 00176] Global patrol count: 9
22:18:54.281 [Expansion Quests] Added new objective data for type=TRAVEL | Key=1OEPy6aKlMe0cmo8LieQDvVcsiu6iWAr2PUZdSF5eMI= | ID=301
22:18:54.289 [Expansion Quests] Updated and saved persistent player quest data for player with UID=1OEPy6aKlMe0cmo8LieQDvVcsiu6iWAr2PUZdSF5eMI= | Quest ID=6501
22:18:54.664 [AI Object Patrol 00174] Spawning 1 QuestEnemyTier2 (Mercenaries) bots at <11682.281250, 142.329376, 12705.471680>
22:18:54.687 [AI Object Patrol 00174] Global patrol count: 10
22:19:02.289 [Expansion Quests] Spawned objects from set for quest ID=61001 from file=$mission:expansion\quests\\objects\q61001.map
22:19:02.289 [Expansion Quests] Added new objective data for type=TRAVEL | Key=1OEPy6aKlMe0cmo8LieQDvVcsiu6iWAr2PUZdSF5eMI= | ID=501
22:19:02.289 [Expansion Quests] Added new objective data for type=TREASUREHUNT | Key=1OEPy6aKlMe0cmo8LieQDvVcsiu6iWAr2PUZdSF5eMI= | ID=401
22:19:02.289 [Expansion Quests] Added new objective data for type=COLLECT | Key=1OEPy6aKlMe0cmo8LieQDvVcsiu6iWAr2PUZdSF5eMI= | ID=301
22:19:02.289 [Expansion Quests] Updated and saved persistent player quest data for player with UID=1OEPy6aKlMe0cmo8LieQDvVcsiu6iWAr2PUZdSF5eMI= | Quest ID=61001
22:19:02.289 [Expansion Quests] Created new quest instance with instance key=1OEPy6aKlMe0cmo8LieQDvVcsiu6iWAr2PUZdSF5eMI= for quest with ID=61001
22:19:02.773 [Expansion Quests] Added new objective data for type=TRAVEL | Key=1OEPy6aKlMe0cmo8LieQDvVcsiu6iWAr2PUZdSF5eMI= | ID=501
22:19:02.773 [Expansion Quests] Added new objective data for type=TREASUREHUNT | Key=1OEPy6aKlMe0cmo8LieQDvVcsiu6iWAr2PUZdSF5eMI= | ID=401
22:19:02.773 [Expansion Quests] Added new objective data for type=COLLECT | Key=1OEPy6aKlMe0cmo8LieQDvVcsiu6iWAr2PUZdSF5eMI= | ID=301
22:19:02.773 [Expansion Quests] Updated and saved persistent player quest data for player with UID=1OEPy6aKlMe0cmo8LieQDvVcsiu6iWAr2PUZdSF5eMI= | Quest ID=61001
22:19:42.468 [AI Object Patrol 00038] Spawning 1 WaterPump_Tier0 (Raiders) bots at <10995.218750, 226.469711, 12431.318359>
22:19:42.476 [AI Object Patrol 00038] Global patrol count: 11
22:20:07.578 [Safezone] Player "Survivor" (id=1OEPy6aKlMe0cmo8LieQDvVcsiu6iWAr2PUZdSF5eMI= pos=<11633.036133, 141.995941, 12589.291992>) Left the safezone
22:20:16.320 [Killfeed] AI Frida (QuestEnemyTier2) был убит [Falco] Survivor с CR-550 Savanna из 122 м расстояние.
22:20:19.632 [AI Object Patrol 00174] QuestEnemyTier2 (Mercenaries) bots were wiped out (spawn position <11682.281250, 142.329376, 12705.471680>, 1/1 deceased)
22:20:19.632 [AI Object Patrol 00174] Global patrol count: 10
22:21:18.695 [Killfeed] AI Maria (QuestEnemyTier2) был убит [Falco] Survivor с CR-550 Savanna из 113 м расстояние.
22:21:18.867 [AI Object Patrol 00173] QuestEnemyTier2 (Mercenaries) bots were wiped out (spawn position <11680.533203, 142.736008, 12712.123047>, 1/1 deceased)
22:21:18.867 [AI Object Patrol 00173] Global patrol count: 9
22:21:29.070 [Killfeed] AI Irena (QuestEnemyTier2) был убит [Falco] Survivor с CR-550 Savanna из 58 м расстояние.
22:21:33.851 [AI Object Patrol 00175] QuestEnemyTier2 (Mercenaries) bots were wiped out (spawn position <11692.628906, 144.452744, 12747.845703>, 1/1 deceased)
22:21:33.851 [AI Object Patrol 00175] Global patrol count: 8
22:22:37.476 [MissionAirdrop] An airdrop is heading towards "Sosnovka" (pos=<2700.000000, 0.000000, 6193.000000> type=Random_Sosnovka) with a ExpansionAirdropContainer_Basebuilding
22:22:45.062 [ExplosionDamageSystem] About to explode RGD5Grenade_Ammo from RGD5Grenade<df2348c0> at <11700.3, 140.39, 12629> EXPLOSION range 12 dropoff 3
22:23:19.695 [Safezone] Player "Survivor" (id=1OEPy6aKlMe0cmo8LieQDvVcsiu6iWAr2PUZdSF5eMI= pos=<11694.440430, 140.530884, 12622.458984>) Entered the safezone
22:23:34.343 [Safezone] Player "Survivor" (id=1OEPy6aKlMe0cmo8LieQDvVcsiu6iWAr2PUZdSF5eMI= pos=<11679.853516, 141.268723, 12628.543945>) Left the safezone
22:23:36.453 [Killfeed] AI Quinn (QuestEnemyTier2) был убит [Falco] Survivor с SG5-K из 12 м расстояние.
22:23:39.187 [AI Object Patrol 00176] QuestEnemyTier2 (Mercenaries) bots were wiped out (spawn position <11710.413086, 143.357880, 12747.977539>, 1/1 deceased)
22:23:39.187 [AI Object Patrol 00176] Global patrol count: 7
22:23:39.773 [Safezone] Player "Survivor" (id=1OEPy6aKlMe0cmo8LieQDvVcsiu6iWAr2PUZdSF5eMI= pos=<11689.999023, 140.740585, 12622.112305>) Entered the safezone
22:24:04.257 [AI Patrol 00073] Spawning 1 Svetloyarsk_Tier1 (Raiders) bots at <13926.088867, 3.618622, 13595.969727>
22:24:04.281 [AI Patrol 00073] Global patrol count: 8
22:24:04.281 [AI Object Patrol 00177] Spawning 1 QuestEnemyTier2 (Mercenaries) bots at <15107.973633, 11.365405, 13845.122070>
22:24:04.328 [AI Object Patrol 00177] Global patrol count: 9
22:24:04.328 [AI Object Patrol 00183] Spawning 1 QuestEnemyTier2 (Mercenaries) bots at <15100.316406, 12.730045, 13812.708984>
22:24:04.351 [AI Object Patrol 00183] Global patrol count: 10
22:24:04.351 [AI Object Patrol 00179] Spawning 1 QuestEnemyTier2 (Mercenaries) bots at <15113.624023, 10.046617, 13828.704102>
22:24:04.367 [AI Object Patrol 00179] Global patrol count: 11
22:24:12.828 [AI Object Patrol 00178] Spawning 1 QuestEnemyTier2 (Mercenaries) bots at <15174.884766, 4.450962, 13813.360352>
22:24:12.851 [AI Object Patrol 00178] Global patrol count: 12
22:24:13.367 [AI Object Patrol 00180] Spawning 1 QuestEnemyTier2 (Mercenaries) bots at <15186.599609, 4.206764, 13825.180664>
22:24:13.382 [AI Object Patrol 00180] Global patrol count: 13
22:24:14.312 [AI Object Patrol 00181] Spawning 1 QuestEnemyTier2 (Mercenaries) bots at <15213.339844, 1.396171, 13758.617188>
22:24:14.328 [AI Object Patrol 00181] Global patrol count: 14
22:24:14.328 [AI Object Patrol 00182] Spawning 1 QuestEnemyTier3 (Mercenaries) bots at <15215.955078, 0.913966, 13763.606445>
22:24:14.343 [AI Object Patrol 00182] Global patrol count: 15
22:24:14.523 [Safezone] Player "Survivor" (id=1OEPy6aKlMe0cmo8LieQDvVcsiu6iWAr2PUZdSF5eMI= pos=<14644.664063, 82.698982, 14046.495117>) Left the safezone
22:24:35.296 [Expansion Quests] Added new objective data for type=TRAVEL | Key=1OEPy6aKlMe0cmo8LieQDvVcsiu6iWAr2PUZdSF5eMI= | ID=501
22:24:35.296 [Expansion Quests] Added new objective data for type=TREASUREHUNT | Key=1OEPy6aKlMe0cmo8LieQDvVcsiu6iWAr2PUZdSF5eMI= | ID=401
22:24:35.296 [Expansion Quests] Added new objective data for type=COLLECT | Key=1OEPy6aKlMe0cmo8LieQDvVcsiu6iWAr2PUZdSF5eMI= | ID=301
22:24:35.296 [Expansion Quests] Updated and saved persistent player quest data for player with UID=1OEPy6aKlMe0cmo8LieQDvVcsiu6iWAr2PUZdSF5eMI= | Quest ID=61001
22:25:07.726 [Killfeed] AI Keiko (QuestEnemyTier2) был убит [Falco] Survivor с CR-550 Savanna из 230 м расстояние.
22:25:07.781 [AI Object Patrol 00180] QuestEnemyTier2 (Mercenaries) bots were wiped out (spawn position <15186.599609, 4.206764, 13825.180664>, 1/1 deceased)
22:25:07.781 [AI Object Patrol 00180] Global patrol count: 14
22:25:31.312 [Killfeed] AI Gabi (QuestEnemyTier2) был убит [Falco] Survivor с CR-550 Savanna из 191 м расстояние.
22:25:32.960 [AI Object Patrol 00177] QuestEnemyTier2 (Mercenaries) bots were wiped out (spawn position <15107.973633, 11.365405, 13845.122070>, 1/1 deceased)
22:25:32.960 [AI Object Patrol 00177] Global patrol count: 13
22:25:48.265 [Killfeed] AI Elias (QuestEnemyTier2) был убит [Falco] Survivor с CR-550 Savanna из 137 м расстояние.
22:25:53.203 [AI Object Patrol 00179] QuestEnemyTier2 (Mercenaries) bots were wiped out (spawn position <15113.624023, 10.046617, 13828.704102>, 1/1 deceased)
22:25:53.203 [AI Object Patrol 00179] Global patrol count: 12
22:26:54.773 [Killfeed] AI Baty (QuestEnemyTier2) был убит [Falco] Survivor с CR-550 Savanna из 196 м расстояние.
22:26:57.984 [AI Object Patrol 00183] QuestEnemyTier2 (Mercenaries) bots were wiped out (spawn position <15100.316406, 12.730045, 13812.708984>, 1/1 deceased)
22:26:57.984 [AI Object Patrol 00183] Global patrol count: 11
22:26:58.085 [Killfeed] [Falco] Survivor был убит AI Kaito (QuestEnemyTier2) с CR-550 Savanna из 289 м расстояние.
22:27:09.968 [Party] Player "Survivor" (id=1OEPy6aKlMe0cmo8LieQDvVcsiu6iWAr2PUZdSF5eMI=) joinded the party "Falcon Resolute" (id=1 ownerUID=z63osPRVUnS8pzWmaenLtvu6c2gVxwL4gvA4elWPF5w= ownerName=Survivor (2))
22:27:10.960 [Expansion Quests] - LoadGroupQuestData - Got cached group quest data for group with ID=1
22:27:15.781 [SpawnSelection] Player "Survivor" (id=1OEPy6aKlMe0cmo8LieQDvVcsiu6iWAr2PUZdSF5eMI=) spawned at <14273.200195, 2.400000, 13053.299805>
22:27:15.812 [AI Object Patrol 00045] Spawning 1 WaterPump_Tier0 (Raiders) bots at <13792.256836, 20.059999, 13307.704102>
22:27:15.820 [AI Object Patrol 00045] Global patrol count: 12
22:28:07.687 [Killfeed] AI Niki (QuestEnemyTier3) был убит [Falco] Survivor с CR-550 Savanna из 6 м расстояние.
22:28:07.867 [AI Object Patrol 00182] QuestEnemyTier3 (Mercenaries) bots were wiped out (spawn position <15215.955078, 0.913966, 13763.606445>, 1/1 deceased)
22:28:07.867 [AI Object Patrol 00182] Global patrol count: 11
22:28:35.906 [Killfeed] AI Kaito (QuestEnemyTier2) был убит [Falco] Survivor с CR-550 Savanna из 11 м расстояние.
22:28:37.539 [AI Object Patrol 00181] QuestEnemyTier2 (Mercenaries) bots were wiped out (spawn position <15213.339844, 1.396171, 13758.617188>, 1/1 deceased)
22:28:37.539 [AI Object Patrol 00181] Global patrol count: 10
22:30:34.585 [Killfeed] AI Manua (QuestEnemyTier2) был убит [Falco] Survivor с CR-550 Savanna из 148 м расстояние.
22:30:37.359 [AI Object Patrol 00178] QuestEnemyTier2 (Mercenaries) bots were wiped out (spawn position <15174.884766, 4.450962, 13813.360352>, 1/1 deceased)
22:30:37.359 [AI Object Patrol 00178] Global patrol count: 9
22:31:24.031 [AI Object Patrol 00197] Spawning 1 WaterPump_Tier0 (Raiders) bots at <13520.630859, 16.798674, 14022.669922>
22:31:24.039 [AI Object Patrol 00197] Global patrol count: 10
22:31:30.640 [AI Object Patrol 00201] Spawning 1 OilStation_Tier2RR (Raiders) bots at <13592.414063, 34.133957, 13305.465820>
22:31:30.671 [AI Object Patrol 00201] Global patrol count: 11
22:31:32.453 [AI Object Patrol 00044] Spawning 1 PoliceStation_Tier2 (Raiders) bots at <13841.312500, 20.884571, 13227.849609>
22:31:32.468 [AI Object Patrol 00044] Global patrol count: 12
22:31:50.796 [Killfeed] AI Francis (WaterPump_Tier0) был убит [Falco] Survivor с CR-550 Savanna из 4 м расстояние.
22:31:55.664 [AI Object Patrol 00197] WaterPump_Tier0 (Raiders) bots were wiped out (spawn position <13520.630859, 16.798674, 14022.669922>, 1/1 deceased)
22:31:55.664 [AI Object Patrol 00197] Global patrol count: 11
22:32:17.992 [AI Object Patrol 00043] Spawning 1 WaterPump_Tier0 (Raiders) bots at <13347.874023, 95.004906, 12860.875977>
22:32:18.007 [AI Object Patrol 00043] Global patrol count: 12
22:33:11.898 [Killfeed] AI Cyril (PoliceStation_Tier2) был убит AI Guo (OilStation_Tier2RR) с ПП-91 Кедр из 4 м расстояние.
22:33:13.242 [AI Object Patrol 00044] PoliceStation_Tier2 (Raiders) bots were wiped out (spawn position <13841.312500, 20.884571, 13227.849609>, 1/1 deceased)
22:33:13.242 [AI Object Patrol 00044] Global patrol count: 11
22:34:02.796 [AI Object Patrol 00038] Despawning 1 WaterPump_Tier0 (Raiders) bots (spawn position <10995.218750, 226.469711, 12431.318359>, 0/1 deceased)
22:34:02.796 [AI Object Patrol 00038] Global patrol count: 10
22:34:02.804 [AI Patrol 00070] Despawning 1 Krasnostav_Trader (InvincibleObservers) bots (spawn position <11810.647461, 140.987534, 12383.177734>, 0/1 deceased)
22:34:02.804 [AI Patrol 00070] Global patrol count: 9
22:34:03.273 [AI Patrol 00076] Despawning 2 Krasnostav_Tier1 (Raiders) bots (spawn position <11216.705078, 196.606018, 12315.337891>, 0/2 deceased)
22:34:03.273 [AI Patrol 00076] Global patrol count: 8
22:34:03.304 [AI Patrol 00071] Despawning 1 Krasnostav_Trader (InvincibleObservers) bots (spawn position <11895.923828, 140.000000, 12483.405273>, 0/1 deceased)
22:34:03.304 [AI Patrol 00071] Global patrol count: 7
22:34:03.320 [AI Patrol 00072] Despawning 1 Krasnostav_Trader (InvincibleObservers) bots (spawn position <11902.688477, 140.000000, 12520.450195>, 0/1 deceased)
22:34:03.320 [AI Patrol 00072] Global patrol count: 6
22:34:03.492 [AI Patrol 00069] Despawning 1 Krasnostav_Trader (Guards) bots (spawn position <11902.034180, 140.000000, 12598.112305>, 0/1 deceased)
22:34:03.492 [AI Patrol 00069] Global patrol count: 5
22:34:03.734 [AI Object Patrol 00041] Despawning 2 PoliceStation_Tier1 (Raiders) bots (spawn position <11073.489258, 235.431778, 12493.584961>, 0/2 deceased)
22:34:03.734 [AI Object Patrol 00041] Global patrol count: 4
22:34:53.625 [AI Patrol 00074] Spawning 2 Rify_Tier1 (Raiders) bots at <13570.690430, 31.750113, 11793.816406>
22:34:53.640 [AI Patrol 00074] Global patrol count: 5
22:35:08.476 [Safezone] Player "Survivor" (id=1OEPy6aKlMe0cmo8LieQDvVcsiu6iWAr2PUZdSF5eMI= pos=<12314.385742, 140.012390, 12466.102539>) Entered the safezone
22:35:39.773 [Safezone] Player "Survivor" (id=1OEPy6aKlMe0cmo8LieQDvVcsiu6iWAr2PUZdSF5eMI= pos=<11322.519531, 193.631775, 12343.431641>) Left the safezone
22:36:01.929 [Killfeed] AI Helga (WaterPump_Tier0) был убит AI Guo (OilStation_Tier2RR) при помощи.
22:36:02.804 [AI Object Patrol 00045] WaterPump_Tier0 (Raiders) bots were wiped out (spawn position <13792.256836, 20.059999, 13307.704102>, 1/1 deceased)
22:36:02.804 [AI Object Patrol 00045] Global patrol count: 4
22:36:46.257 [Killfeed] AI Guo (OilStation_Tier2RR) умер от потери крови.
22:36:47.937 [AI Object Patrol 00201] OilStation_Tier2RR (Raiders) bots were wiped out (spawn position <13592.414063, 34.133957, 13305.465820>, 1/1 deceased)
22:36:47.937 [AI Object Patrol 00201] Global patrol count: 3
22:38:15.195 [Safezone] Player "Survivor" (id=1OEPy6aKlMe0cmo8LieQDvVcsiu6iWAr2PUZdSF5eMI= pos=<11857.280273, 148.328964, 12525.464844>) Entered the safezone
