22:31:14.335 [Expansion Quests] Added objects set for quest ID=61001 from file=q61001
22:31:14.335 [Expansion Quests] Added objects set for quest ID=5201 from file=q5201
22:31:14.335 [Expansion Quests] Added objects set for quest ID=5202 from file=q5202
22:31:14.335 [Expansion Quests] Added objects set for quest ID=5203 from file=q5203
22:31:14.335 [Expansion Quests] Added objects set for quest ID=2201 from file=q2201
22:31:14.335 [Expansion Quests] Added objects set for quest ID=2202 from file=q2202
22:31:14.335 [Expansion Quests] Added objects set for quest ID=2203 from file=q2203
22:31:14.335 [Expansion Quests] Added objects set for quest ID=2204 from file=q2204
22:31:14.335 [Expansion Quests] Added objects set for quest ID=2205 from file=q2205
22:31:14.335 [Expansion Quests] Added objects set for quest ID=2101 from file=q2101
22:31:14.335 [Expansion Quests] Added objects set for quest ID=61601 from file=q61601
22:31:14.335 [Expansion Quests] Added objects set for quest ID=2102 from file=q2102
22:31:14.335 [Expansion Quests] Added objects set for quest ID=2103 from file=q2103
22:31:14.335 [Expansion Quests] Added objects set for quest ID=2104 from file=q2104
22:31:14.335 [Expansion Quests] Added objects set for quest ID=5101 from file=q5101
22:31:14.335 [Expansion Quests] Added objects set for quest ID=5102 from file=q5102
22:31:14.335 [Expansion Quests] Added objects set for quest ID=6601 from file=q6601
22:31:14.335 [Expansion Quests] Added objects set for quest ID=6501 from file=q6501
22:31:14.335 [Expansion Quests] Added objects set for quest ID=5301 from file=q5301
22:31:14.335 [Expansion Quests] Added objects set for quest ID=5302 from file=q5302
22:31:14.335 [Expansion Quests] Added objects set for quest ID=5303 from file=q5303
22:31:14.335 [Expansion Quests] Added objects set for quest ID=5304 from file=q5304
22:31:14.335 [Expansion Quests] Added objects set for quest ID=2105 from file=q2105
22:31:14.335 [Expansion Quests] Added objects set for quest ID=61501 from file=q61501
22:31:14.335 [Expansion Quests] Added objects set for quest ID=61502 from file=q61502
22:32:09.437 [Safezone] Player "Survivor" (id=1OEPy6aKlMe0cmo8LieQDvVcsiu6iWAr2PUZdSF5eMI= pos=<11859.2, 140.61, 12464.1>) entered the safezone
22:32:09.437 [Party] Player "Survivor" (id=1OEPy6aKlMe0cmo8LieQDvVcsiu6iWAr2PUZdSF5eMI=) joinded the party "Knight Fallen" (id=1 ownerUID=1OEPy6aKlMe0cmo8LieQDvVcsiu6iWAr2PUZdSF5eMI= ownerName=Survivor)
22:32:09.437 [Expansion Quests] Initialize quest system on the connected client with UID=1OEPy6aKlMe0cmo8LieQDvVcsiu6iWAr2PUZdSF5eMI=
22:32:09.492 [Expansion Quests] Loaded existing player quest data for player with UID=1OEPy6aKlMe0cmo8LieQDvVcsiu6iWAr2PUZdSF5eMI=
22:32:09.492 [Expansion Quests] Loaded existing group quest data for group with ID=1
22:32:09.492 [Expansion Quests] Check quest initialization for quest with ID=61301 | State=NONE | Player UID=1OEPy6aKlMe0cmo8LieQDvVcsiu6iWAr2PUZdSF5eMI=
22:32:09.492 [Expansion Quests] Check quest initialization for quest with ID=6401 | State=COMPLETED | Player UID=1OEPy6aKlMe0cmo8LieQDvVcsiu6iWAr2PUZdSF5eMI=
22:32:09.492 [Expansion Quests] Check quest initialization for quest with ID=5101 | State=NONE | Player UID=1OEPy6aKlMe0cmo8LieQDvVcsiu6iWAr2PUZdSF5eMI=
22:32:09.492 [Expansion Quests] Check quest initialization for quest with ID=101 | State=COMPLETED | Player UID=1OEPy6aKlMe0cmo8LieQDvVcsiu6iWAr2PUZdSF5eMI=
22:32:09.492 [Expansion Quests] Check quest initialization for quest with ID=61101 | State=COMPLETED | Player UID=1OEPy6aKlMe0cmo8LieQDvVcsiu6iWAr2PUZdSF5eMI=
22:32:09.492 [Expansion Quests] Check quest initialization for quest with ID=6601 | State=COMPLETED | Player UID=1OEPy6aKlMe0cmo8LieQDvVcsiu6iWAr2PUZdSF5eMI=
22:32:09.492 [Expansion Quests] Check quest initialization for quest with ID=6101 | State=COMPLETED | Player UID=1OEPy6aKlMe0cmo8LieQDvVcsiu6iWAr2PUZdSF5eMI=
22:32:09.492 [Expansion Quests] Check quest initialization for quest with ID=6701 | State=COMPLETED | Player UID=1OEPy6aKlMe0cmo8LieQDvVcsiu6iWAr2PUZdSF5eMI=
22:32:09.492 [Expansion Quests] Check quest initialization for quest with ID=6501 | State=COMPLETED | Player UID=1OEPy6aKlMe0cmo8LieQDvVcsiu6iWAr2PUZdSF5eMI=
22:32:09.492 [Expansion Quests] Check quest initialization for quest with ID=6801 | State=COMPLETED | Player UID=1OEPy6aKlMe0cmo8LieQDvVcsiu6iWAr2PUZdSF5eMI=
22:32:09.492 [Expansion Quests] Check quest initialization for quest with ID=6901 | State=COMPLETED | Player UID=1OEPy6aKlMe0cmo8LieQDvVcsiu6iWAr2PUZdSF5eMI=
22:32:09.492 [Expansion Quests] Check quest initialization for quest with ID=2101 | State=COMPLETED | Player UID=1OEPy6aKlMe0cmo8LieQDvVcsiu6iWAr2PUZdSF5eMI=
22:32:09.492 [Expansion Quests] Check quest initialization for quest with ID=6301 | State=COMPLETED | Player UID=1OEPy6aKlMe0cmo8LieQDvVcsiu6iWAr2PUZdSF5eMI=
22:32:09.492 [Expansion Quests] Check quest initialization for quest with ID=6201 | State=COMPLETED | Player UID=1OEPy6aKlMe0cmo8LieQDvVcsiu6iWAr2PUZdSF5eMI=
22:32:09.492 [Expansion Quests] Check quest initialization for quest with ID=61001 | State=COMPLETED | Player UID=1OEPy6aKlMe0cmo8LieQDvVcsiu6iWAr2PUZdSF5eMI=
22:32:09.492 [Expansion Quests] Check quest initialization for quest with ID=61501 | State=NONE | Player UID=1OEPy6aKlMe0cmo8LieQDvVcsiu6iWAr2PUZdSF5eMI=
22:32:09.492 [Expansion Quests] Check quest initialization for quest with ID=61502 | State=COMPLETED | Player UID=1OEPy6aKlMe0cmo8LieQDvVcsiu6iWAr2PUZdSF5eMI=
22:32:09.492 [Expansion Quests] Quest with ID=6401 is not a a valid achievement or auto start quest. Skip quest for player with UID=1OEPy6aKlMe0cmo8LieQDvVcsiu6iWAr2PUZdSF5eMI=
22:32:09.492 [Expansion Quests] Quest with ID=61101 is not a a valid achievement or auto start quest. Skip quest for player with UID=1OEPy6aKlMe0cmo8LieQDvVcsiu6iWAr2PUZdSF5eMI=
22:32:09.492 [Expansion Quests] Quest with ID=61001 is not a a valid achievement or auto start quest. Skip quest for player with UID=1OEPy6aKlMe0cmo8LieQDvVcsiu6iWAr2PUZdSF5eMI=
22:32:09.492 [Expansion Quests] Quest with ID=61301 is not a a valid achievement or auto start quest. Skip quest for player with UID=1OEPy6aKlMe0cmo8LieQDvVcsiu6iWAr2PUZdSF5eMI=
22:32:09.492 [Expansion Quests] Quest with ID=61401 is not a a valid achievement or auto start quest. Skip quest for player with UID=1OEPy6aKlMe0cmo8LieQDvVcsiu6iWAr2PUZdSF5eMI=
22:32:09.492 [Expansion Quests] Quest with ID=6701 is not a a valid achievement or auto start quest. Skip quest for player with UID=1OEPy6aKlMe0cmo8LieQDvVcsiu6iWAr2PUZdSF5eMI=
22:32:09.492 [Expansion Quests] Quest with ID=5201 is not a a valid achievement or auto start quest. Skip quest for player with UID=1OEPy6aKlMe0cmo8LieQDvVcsiu6iWAr2PUZdSF5eMI=
22:32:09.492 [Expansion Quests] Quest with ID=5202 is not a a valid achievement or auto start quest. Skip quest for player with UID=1OEPy6aKlMe0cmo8LieQDvVcsiu6iWAr2PUZdSF5eMI=
22:32:09.492 [Expansion Quests] Quest with ID=5203 is not a a valid achievement or auto start quest. Skip quest for player with UID=1OEPy6aKlMe0cmo8LieQDvVcsiu6iWAr2PUZdSF5eMI=
22:32:09.492 [Expansion Quests] Quest with ID=6101 is not a a valid achievement or auto start quest. Skip quest for player with UID=1OEPy6aKlMe0cmo8LieQDvVcsiu6iWAr2PUZdSF5eMI=
22:32:09.492 [Expansion Quests] Quest with ID=6801 is not a a valid achievement or auto start quest. Skip quest for player with UID=1OEPy6aKlMe0cmo8LieQDvVcsiu6iWAr2PUZdSF5eMI=
22:32:09.492 [Expansion Quests] Quest with ID=6301 is not a a valid achievement or auto start quest. Skip quest for player with UID=1OEPy6aKlMe0cmo8LieQDvVcsiu6iWAr2PUZdSF5eMI=
22:32:09.492 [Expansion Quests] Quest with ID=2201 is not a a valid achievement or auto start quest. Skip quest for player with UID=1OEPy6aKlMe0cmo8LieQDvVcsiu6iWAr2PUZdSF5eMI=
22:32:09.500 [Expansion Quests] Quest with ID=2202 is not a a valid achievement or auto start quest. Skip quest for player with UID=1OEPy6aKlMe0cmo8LieQDvVcsiu6iWAr2PUZdSF5eMI=
22:32:09.500 [Expansion Quests] Quest with ID=2203 is not a a valid achievement or auto start quest. Skip quest for player with UID=1OEPy6aKlMe0cmo8LieQDvVcsiu6iWAr2PUZdSF5eMI=
22:32:09.500 [Expansion Quests] Quest with ID=2204 is not a a valid achievement or auto start quest. Skip quest for player with UID=1OEPy6aKlMe0cmo8LieQDvVcsiu6iWAr2PUZdSF5eMI=
22:32:09.500 [Expansion Quests] Quest with ID=2205 is not a a valid achievement or auto start quest. Skip quest for player with UID=1OEPy6aKlMe0cmo8LieQDvVcsiu6iWAr2PUZdSF5eMI=
22:32:09.500 [Expansion Quests] Quest with ID=2101 is not a a valid achievement or auto start quest. Skip quest for player with UID=1OEPy6aKlMe0cmo8LieQDvVcsiu6iWAr2PUZdSF5eMI=
22:32:09.500 [Expansion Quests] Quest with ID=61601 is not a a valid achievement or auto start quest. Skip quest for player with UID=1OEPy6aKlMe0cmo8LieQDvVcsiu6iWAr2PUZdSF5eMI=
22:32:09.500 [Expansion Quests] Quest with ID=6901 is not a a valid achievement or auto start quest. Skip quest for player with UID=1OEPy6aKlMe0cmo8LieQDvVcsiu6iWAr2PUZdSF5eMI=
22:32:09.500 [Expansion Quests] Quest with ID=2102 is not a a valid achievement or auto start quest. Skip quest for player with UID=1OEPy6aKlMe0cmo8LieQDvVcsiu6iWAr2PUZdSF5eMI=
22:32:09.500 [Expansion Quests] Quest with ID=2103 is not a a valid achievement or auto start quest. Skip quest for player with UID=1OEPy6aKlMe0cmo8LieQDvVcsiu6iWAr2PUZdSF5eMI=
22:32:09.500 [Expansion Quests] Quest with ID=2104 is not a a valid achievement or auto start quest. Skip quest for player with UID=1OEPy6aKlMe0cmo8LieQDvVcsiu6iWAr2PUZdSF5eMI=
22:32:09.500 [Expansion Quests] Quest with ID=6201 is not a a valid achievement or auto start quest. Skip quest for player with UID=1OEPy6aKlMe0cmo8LieQDvVcsiu6iWAr2PUZdSF5eMI=
22:32:09.500 [Expansion Quests] Quest with ID=5101 is not a a valid achievement or auto start quest. Skip quest for player with UID=1OEPy6aKlMe0cmo8LieQDvVcsiu6iWAr2PUZdSF5eMI=
22:32:09.500 [Expansion Quests] Quest with ID=5102 is not a a valid achievement or auto start quest. Skip quest for player with UID=1OEPy6aKlMe0cmo8LieQDvVcsiu6iWAr2PUZdSF5eMI=
22:32:09.500 [Expansion Quests] Quest with ID=6601 is not a a valid achievement or auto start quest. Skip quest for player with UID=1OEPy6aKlMe0cmo8LieQDvVcsiu6iWAr2PUZdSF5eMI=
22:32:09.500 [Expansion Quests] Quest with ID=6501 is not a a valid achievement or auto start quest. Skip quest for player with UID=1OEPy6aKlMe0cmo8LieQDvVcsiu6iWAr2PUZdSF5eMI=
22:32:09.500 [Expansion Quests] Quest with ID=62001 is not a a valid achievement or auto start quest. Skip quest for player with UID=1OEPy6aKlMe0cmo8LieQDvVcsiu6iWAr2PUZdSF5eMI=
22:32:09.500 [Expansion Quests] Quest with ID=61201 is not a a valid achievement or auto start quest. Skip quest for player with UID=1OEPy6aKlMe0cmo8LieQDvVcsiu6iWAr2PUZdSF5eMI=
22:32:09.500 [Expansion Quests] Quest with ID=5301 is not a a valid achievement or auto start quest. Skip quest for player with UID=1OEPy6aKlMe0cmo8LieQDvVcsiu6iWAr2PUZdSF5eMI=
22:32:09.500 [Expansion Quests] Quest with ID=5302 is not a a valid achievement or auto start quest. Skip quest for player with UID=1OEPy6aKlMe0cmo8LieQDvVcsiu6iWAr2PUZdSF5eMI=
22:32:09.500 [Expansion Quests] Quest with ID=5303 is not a a valid achievement or auto start quest. Skip quest for player with UID=1OEPy6aKlMe0cmo8LieQDvVcsiu6iWAr2PUZdSF5eMI=
22:32:09.500 [Expansion Quests] Quest with ID=5304 is not a a valid achievement or auto start quest. Skip quest for player with UID=1OEPy6aKlMe0cmo8LieQDvVcsiu6iWAr2PUZdSF5eMI=
22:32:09.500 [Expansion Quests] Quest with ID=2105 is not a a valid achievement or auto start quest. Skip quest for player with UID=1OEPy6aKlMe0cmo8LieQDvVcsiu6iWAr2PUZdSF5eMI=
22:32:09.500 [Expansion Quests] Quest with ID=61501 is not a a valid achievement or auto start quest. Skip quest for player with UID=1OEPy6aKlMe0cmo8LieQDvVcsiu6iWAr2PUZdSF5eMI=
22:32:09.500 [Expansion Quests] Quest with ID=61502 is not a a valid achievement or auto start quest. Skip quest for player with UID=1OEPy6aKlMe0cmo8LieQDvVcsiu6iWAr2PUZdSF5eMI=
22:32:09.500 [Expansion Quests] Sending 1OEPy6aKlMe0cmo8LieQDvVcsiu6iWAr2PUZdSF5eMI= quest configs to client for player with UID=1OEPy6aKlMe0cmo8LieQDvVcsiu6iWAr2PUZdSF5eMI=
22:32:09.500 [Expansion Quests] Sending player quest data for 17 quests to player with UID=1OEPy6aKlMe0cmo8LieQDvVcsiu6iWAr2PUZdSF5eMI=
22:32:09.507 [AI Patrol 00085] Spawning 1 Krasnostav_Tier1 (Raiders) bots at <11220.353516, 195.964661, 12252.324219>
22:32:09.523 [AI Patrol 00085] Global patrol count: 1
22:32:09.523 [AI Patrol 00080] Spawning 2 Krasnostav_Trader (InvincibleObservers) bots at <11902.461914, 140.827774, 12425.842773>
22:32:09.562 [AI Patrol 00080] Global patrol count: 2
22:32:09.562 [AI Patrol 00077] Spawning 2 Krasnostav_Trader (Guards) bots at <11924.553711, 140.000000, 12533.376953>
22:32:09.578 [AI Patrol 00077] Global patrol count: 3
22:32:09.578 [AI Patrol 00078] Spawning 2 Krasnostav_Trader (InvincibleObservers) bots at <11819.250977, 141.014938, 12409.632813>
22:32:09.585 [AI Patrol 00078] Global patrol count: 4
22:32:09.593 [AI Patrol 00081] Spawning 1 Krasnostav_Trader (InvincibleObservers) bots at <11783.535156, 139.741257, 12512.079102>
22:32:09.609 [AI Patrol 00081] Global patrol count: 5
22:32:10.414 [Expansion Quests] - LoadGroupQuestData - Got cached group quest data for group with ID=1
22:35:39.609 [Market] Player "Survivor" (id=1OEPy6aKlMe0cmo8LieQDvVcsiu6iWAr2PUZdSF5eMI=) has bought tf_sr25 x1 (4c1ea3c0, TF_AFG_RIS_Grip_Base<554f3bb0>, TF_Atlas_Bipod<554f52d0>, TF_AR10_NoveskeHndgrd_Long_RIS<554f3020>, ItemBase<554f01e0>, TF_M4_B5PrecisionBttstck<554ef650>, M4_Suppressor<554f1900>, AD_NFATACR_1_8<25aeb4b0>, Battery9V<554edf30>, TF_Mag_SR25_20Rnd<554eeac0>, ammo_308win x20) from the trader "Exchange (Boris [Smuggler])" in market zone "Krasnostav Trading Zone" (pos=<11924.700195, 140.699997, 12527.000000>) for a price of 240592.
22:35:55.148 [Market] Player "Survivor" (id=1OEPy6aKlMe0cmo8LieQDvVcsiu6iWAr2PUZdSF5eMI=) has bought tf_mag_sr25_20rnd x1 (554d3ef0, ammo_308win x20) from the trader "Exchange (Boris [Smuggler])" in market zone "Krasnostav Trading Zone" (pos=<11924.700195, 140.699997, 12527.000000>) for a price of 31062.
22:36:32.320 [AI Object Patrol 00044] Spawning 1 WaterPump_Tier0 (Raiders) bots at <13359.098633, 95.354630, 12871.844727>
22:36:32.335 [AI Object Patrol 00044] Global patrol count: 6
22:36:32.929 [Safezone] Player "{1:name}" (id={1:id} pos={1:position}) left the safezone
22:36:53.117 [MissionAirdrop] An airdrop is heading towards "Zelenogorsk" (pos=<2351.000000, 0.000000, 5393.000000> type=Random_Zelenogorsk) with a ExpansionAirdropContainer_Basebuilding
22:37:24.296 [Killfeed] AI Helga (Наёмники) был убит [Knigh] Survivor с SR-25 из 65 м расстояние.
22:37:53.078 [Killfeed] AI Elias (Наёмники) был убит [Knigh] Survivor с SR-25 из 44 м расстояние.
22:38:24.929 [Killfeed] AI Cyril (Наёмники) был убит [Knigh] Survivor с SR-25 из 3 м расстояние.
22:38:54.031 [Killfeed] AI Baty (Наёмники) был убит [Knigh] Survivor с SR-25 из 103 м расстояние.
22:38:56.406 [Killfeed] AI Manua (Наёмники) был убит [Knigh] Survivor с SR-25 из 105 м расстояние.
22:39:21.132 [Killfeed] AI Indar (Наёмники) был убит [Knigh] Survivor с SR-25 из 3 м расстояние.
22:40:06.289 [Safezone] Player "Survivor" (id=1OEPy6aKlMe0cmo8LieQDvVcsiu6iWAr2PUZdSF5eMI= pos=<12087.6, 140.01, 12516.5>) entered the safezone
22:40:16.687 [Killfeed] AI Peter (Наёмники) был убит AI Kaito (WaterPump_Tier0) с AUR A1 из 19 м расстояние.
22:46:18.500 [AI Patrol 00085] Despawning 1 Krasnostav_Tier1 (Raiders) bots (spawn position <11220.353516, 195.964661, 12252.324219>, 0/1 deceased)
22:46:18.500 [AI Patrol 00085] Global patrol count: 5
