19:01:32.945 [Safezone] Player "Da da Ya" (id=1OEPy6aKlMe0cmo8LieQDvVcsiu6iWAr2PUZdSF5eMI= pos=<11891.292969, 140.012436, 12463.394531>) Entered the safezone
19:01:32.968 [Expansion Quests] Initialize quest system on the connected client with UID=1OEPy6aKlMe0cmo8LieQDvVcsiu6iWAr2PUZdSF5eMI=
19:01:33.117 [Expansion Quests] Loaded existing player quest data for player with UID=1OEPy6aKlMe0cmo8LieQDvVcsiu6iWAr2PUZdSF5eMI=
19:01:33.117 [Expansion Quests] Check quest initialization for quest with ID=6901 | State=COMPLETED | Player UID=1OEPy6aKlMe0cmo8LieQDvVcsiu6iWAr2PUZdSF5eMI=
19:01:33.117 [Expansion Quests] Check quest initialization for quest with ID=61601 | State=NONE | Player UID=1OEPy6aKlMe0cmo8LieQDvVcsiu6iWAr2PUZdSF5eMI=
19:01:33.117 [Expansion Quests] Check quest initialization for quest with ID=6501 | State=NONE | Player UID=1OEPy6aKlMe0cmo8LieQDvVcsiu6iWAr2PUZdSF5eMI=
19:01:33.117 [Expansion Quests] Check quest initialization for quest with ID=8 | State=STARTED | Player UID=1OEPy6aKlMe0cmo8LieQDvVcsiu6iWAr2PUZdSF5eMI=
19:01:33.117 [Expansion Quests] Create new quest instance for quest with ID=8 | Player UID=1OEPy6aKlMe0cmo8LieQDvVcsiu6iWAr2PUZdSF5eMI=
19:01:33.117 [Expansion Quests] Check quest initialization for quest with ID=9 | State=COMPLETED | Player UID=1OEPy6aKlMe0cmo8LieQDvVcsiu6iWAr2PUZdSF5eMI=
19:01:33.117 [Expansion Quests] Check quest initialization for quest with ID=11 | State=STARTED | Player UID=1OEPy6aKlMe0cmo8LieQDvVcsiu6iWAr2PUZdSF5eMI=
19:01:33.125 [Expansion Quests] Create new quest instance for quest with ID=11 | Player UID=1OEPy6aKlMe0cmo8LieQDvVcsiu6iWAr2PUZdSF5eMI=
19:01:33.125 [Expansion Quests] Check quest initialization for quest with ID=14 | State=COMPLETED | Player UID=1OEPy6aKlMe0cmo8LieQDvVcsiu6iWAr2PUZdSF5eMI=
19:01:33.125 [Expansion Quests] Check quest initialization for quest with ID=61701 | State=NONE | Player UID=1OEPy6aKlMe0cmo8LieQDvVcsiu6iWAr2PUZdSF5eMI=
19:01:33.125 [Expansion Quests] Check quest initialization for quest with ID=6101 | State=COMPLETED | Player UID=1OEPy6aKlMe0cmo8LieQDvVcsiu6iWAr2PUZdSF5eMI=
19:01:33.125 [Expansion Quests] Check quest initialization for quest with ID=61401 | State=NONE | Player UID=1OEPy6aKlMe0cmo8LieQDvVcsiu6iWAr2PUZdSF5eMI=
19:01:33.125 [Expansion Quests] Check quest initialization for quest with ID=61001 | State=NONE | Player UID=1OEPy6aKlMe0cmo8LieQDvVcsiu6iWAr2PUZdSF5eMI=
19:01:33.125 [Expansion Quests] Check quest initialization for quest with ID=61501 | State=NONE | Player UID=1OEPy6aKlMe0cmo8LieQDvVcsiu6iWAr2PUZdSF5eMI=
19:01:33.125 [Expansion Quests] Quest with ID=1 is not a a valid achievement or auto start quest. Skip quest for player with UID=1OEPy6aKlMe0cmo8LieQDvVcsiu6iWAr2PUZdSF5eMI=
19:01:33.125 [Expansion Quests] Quest with ID=2 is not a a valid achievement or auto start quest. Skip quest for player with UID=1OEPy6aKlMe0cmo8LieQDvVcsiu6iWAr2PUZdSF5eMI=
19:01:33.125 [Expansion Quests] Quest with ID=3 is not a a valid achievement or auto start quest. Skip quest for player with UID=1OEPy6aKlMe0cmo8LieQDvVcsiu6iWAr2PUZdSF5eMI=
19:01:33.125 [Expansion Quests] Quest with ID=4 is not a a valid achievement or auto start quest. Skip quest for player with UID=1OEPy6aKlMe0cmo8LieQDvVcsiu6iWAr2PUZdSF5eMI=
19:01:33.125 [Expansion Quests] Quest with ID=5 is not a a valid achievement or auto start quest. Skip quest for player with UID=1OEPy6aKlMe0cmo8LieQDvVcsiu6iWAr2PUZdSF5eMI=
19:01:33.125 [Expansion Quests] Quest with ID=6 is not a a valid achievement or auto start quest. Skip quest for player with UID=1OEPy6aKlMe0cmo8LieQDvVcsiu6iWAr2PUZdSF5eMI=
19:01:33.125 [Expansion Quests] Quest with ID=6401 is not a a valid achievement or auto start quest. Skip quest for player with UID=1OEPy6aKlMe0cmo8LieQDvVcsiu6iWAr2PUZdSF5eMI=
19:01:33.125 [Expansion Quests] Quest with ID=301 is not a a valid achievement or auto start quest. Skip quest for player with UID=1OEPy6aKlMe0cmo8LieQDvVcsiu6iWAr2PUZdSF5eMI=
19:01:33.125 [Expansion Quests] Quest with ID=10 is not a a valid achievement or auto start quest. Skip quest for player with UID=1OEPy6aKlMe0cmo8LieQDvVcsiu6iWAr2PUZdSF5eMI=
19:01:33.125 [Expansion Quests] Quest with ID=12 is not a a valid achievement or auto start quest. Skip quest for player with UID=1OEPy6aKlMe0cmo8LieQDvVcsiu6iWAr2PUZdSF5eMI=
19:01:33.125 [Expansion Quests] Quest with ID=13 is not a a valid achievement or auto start quest. Skip quest for player with UID=1OEPy6aKlMe0cmo8LieQDvVcsiu6iWAr2PUZdSF5eMI=
19:01:33.125 [Expansion Quests] Quest with ID=15 is not a a valid achievement or auto start quest. Skip quest for player with UID=1OEPy6aKlMe0cmo8LieQDvVcsiu6iWAr2PUZdSF5eMI=
19:01:33.125 [Expansion Quests] Quest with ID=16 is not a a valid achievement or auto start quest. Skip quest for player with UID=1OEPy6aKlMe0cmo8LieQDvVcsiu6iWAr2PUZdSF5eMI=
19:01:33.125 [Expansion Quests] Quest with ID=17 is not a a valid achievement or auto start quest. Skip quest for player with UID=1OEPy6aKlMe0cmo8LieQDvVcsiu6iWAr2PUZdSF5eMI=
19:01:33.125 [Expansion Quests] Quest with ID=18 is not a a valid achievement or auto start quest. Skip quest for player with UID=1OEPy6aKlMe0cmo8LieQDvVcsiu6iWAr2PUZdSF5eMI=
19:01:33.125 [Expansion Quests] Quest with ID=19 is not a a valid achievement or auto start quest. Skip quest for player with UID=1OEPy6aKlMe0cmo8LieQDvVcsiu6iWAr2PUZdSF5eMI=
19:01:33.125 [Expansion Quests] Quest with ID=20 is not a a valid achievement or auto start quest. Skip quest for player with UID=1OEPy6aKlMe0cmo8LieQDvVcsiu6iWAr2PUZdSF5eMI=
19:01:33.125 [Expansion Quests] Quest with ID=21 is not a a valid achievement or auto start quest. Skip quest for player with UID=1OEPy6aKlMe0cmo8LieQDvVcsiu6iWAr2PUZdSF5eMI=
19:01:33.125 [Expansion Quests] Quest with ID=22 is not a a valid achievement or auto start quest. Skip quest for player with UID=1OEPy6aKlMe0cmo8LieQDvVcsiu6iWAr2PUZdSF5eMI=
19:01:33.125 [Expansion Quests] Quest with ID=23 is not a a valid achievement or auto start quest. Skip quest for player with UID=1OEPy6aKlMe0cmo8LieQDvVcsiu6iWAr2PUZdSF5eMI=
19:01:33.125 [Expansion Quests] Quest with ID=26 is not a a valid achievement or auto start quest. Skip quest for player with UID=1OEPy6aKlMe0cmo8LieQDvVcsiu6iWAr2PUZdSF5eMI=
19:01:33.125 [Expansion Quests] Quest with ID=61701 is not a a valid achievement or auto start quest. Skip quest for player with UID=1OEPy6aKlMe0cmo8LieQDvVcsiu6iWAr2PUZdSF5eMI=
19:01:33.125 [Expansion Quests] Quest with ID=28 is not a a valid achievement or auto start quest. Skip quest for player with UID=1OEPy6aKlMe0cmo8LieQDvVcsiu6iWAr2PUZdSF5eMI=
19:01:33.125 [Expansion Quests] Quest with ID=6301 is not a a valid achievement or auto start quest. Skip quest for player with UID=1OEPy6aKlMe0cmo8LieQDvVcsiu6iWAr2PUZdSF5eMI=
19:01:33.125 [Expansion Quests] Quest with ID=31 is not a a valid achievement or auto start quest. Skip quest for player with UID=1OEPy6aKlMe0cmo8LieQDvVcsiu6iWAr2PUZdSF5eMI=
19:01:33.125 [Expansion Quests] Quest with ID=61601 is not a a valid achievement or auto start quest. Skip quest for player with UID=1OEPy6aKlMe0cmo8LieQDvVcsiu6iWAr2PUZdSF5eMI=
19:01:33.125 [Expansion Quests] Quest with ID=7 is not a a valid achievement or auto start quest. Skip quest for player with UID=1OEPy6aKlMe0cmo8LieQDvVcsiu6iWAr2PUZdSF5eMI=
19:01:33.125 [Expansion Quests] Quest with ID=6701 is not a a valid achievement or auto start quest. Skip quest for player with UID=1OEPy6aKlMe0cmo8LieQDvVcsiu6iWAr2PUZdSF5eMI=
19:01:33.125 [Expansion Quests] Quest with ID=6501 is not a a valid achievement or auto start quest. Skip quest for player with UID=1OEPy6aKlMe0cmo8LieQDvVcsiu6iWAr2PUZdSF5eMI=
19:01:33.125 [Expansion Quests] Quest with ID=62001 is not a a valid achievement or auto start quest. Skip quest for player with UID=1OEPy6aKlMe0cmo8LieQDvVcsiu6iWAr2PUZdSF5eMI=
19:01:33.125 [Expansion Quests] Quest with ID=6801 is not a a valid achievement or auto start quest. Skip quest for player with UID=1OEPy6aKlMe0cmo8LieQDvVcsiu6iWAr2PUZdSF5eMI=
19:01:33.125 [Expansion Quests] Quest with ID=402 is not a a valid achievement or auto start quest. Skip quest for player with UID=1OEPy6aKlMe0cmo8LieQDvVcsiu6iWAr2PUZdSF5eMI=
19:01:33.125 [Expansion Quests] Quest with ID=6201 is not a a valid achievement or auto start quest. Skip quest for player with UID=1OEPy6aKlMe0cmo8LieQDvVcsiu6iWAr2PUZdSF5eMI=
19:01:33.125 [Expansion Quests] Quest with ID=6202 is not a a valid achievement or auto start quest. Skip quest for player with UID=1OEPy6aKlMe0cmo8LieQDvVcsiu6iWAr2PUZdSF5eMI=
19:01:33.125 [Expansion Quests] Quest with ID=61501 is not a a valid achievement or auto start quest. Skip quest for player with UID=1OEPy6aKlMe0cmo8LieQDvVcsiu6iWAr2PUZdSF5eMI=
19:01:33.125 [Expansion Quests] Quest with ID=201 is not a a valid achievement or auto start quest. Skip quest for player with UID=1OEPy6aKlMe0cmo8LieQDvVcsiu6iWAr2PUZdSF5eMI=
19:01:33.125 [Expansion Quests] Quest with ID=202 is not a a valid achievement or auto start quest. Skip quest for player with UID=1OEPy6aKlMe0cmo8LieQDvVcsiu6iWAr2PUZdSF5eMI=
19:01:33.125 [Expansion Quests] Quest with ID=203 is not a a valid achievement or auto start quest. Skip quest for player with UID=1OEPy6aKlMe0cmo8LieQDvVcsiu6iWAr2PUZdSF5eMI=
19:01:33.125 [Expansion Quests] Quest with ID=6101 is not a a valid achievement or auto start quest. Skip quest for player with UID=1OEPy6aKlMe0cmo8LieQDvVcsiu6iWAr2PUZdSF5eMI=
19:01:33.125 [Expansion Quests] Quest with ID=401 is not a a valid achievement or auto start quest. Skip quest for player with UID=1OEPy6aKlMe0cmo8LieQDvVcsiu6iWAr2PUZdSF5eMI=
19:01:33.125 [Expansion Quests] Quest with ID=29 is not a a valid achievement or auto start quest. Skip quest for player with UID=1OEPy6aKlMe0cmo8LieQDvVcsiu6iWAr2PUZdSF5eMI=
19:01:33.125 [Expansion Quests] Quest with ID=61401 is not a a valid achievement or auto start quest. Skip quest for player with UID=1OEPy6aKlMe0cmo8LieQDvVcsiu6iWAr2PUZdSF5eMI=
19:01:33.125 [Expansion Quests] Quest with ID=6601 is not a a valid achievement or auto start quest. Skip quest for player with UID=1OEPy6aKlMe0cmo8LieQDvVcsiu6iWAr2PUZdSF5eMI=
19:01:33.125 [Expansion Quests] Quest with ID=61301 is not a a valid achievement or auto start quest. Skip quest for player with UID=1OEPy6aKlMe0cmo8LieQDvVcsiu6iWAr2PUZdSF5eMI=
19:01:33.125 [Expansion Quests] Quest with ID=61101 is not a a valid achievement or auto start quest. Skip quest for player with UID=1OEPy6aKlMe0cmo8LieQDvVcsiu6iWAr2PUZdSF5eMI=
19:01:33.125 [Expansion Quests] Quest with ID=101 is not a a valid achievement or auto start quest. Skip quest for player with UID=1OEPy6aKlMe0cmo8LieQDvVcsiu6iWAr2PUZdSF5eMI=
19:01:33.132 [Expansion Quests] Quest with ID=102 is not a a valid achievement or auto start quest. Skip quest for player with UID=1OEPy6aKlMe0cmo8LieQDvVcsiu6iWAr2PUZdSF5eMI=
19:01:33.132 [Expansion Quests] Quest with ID=61001 is not a a valid achievement or auto start quest. Skip quest for player with UID=1OEPy6aKlMe0cmo8LieQDvVcsiu6iWAr2PUZdSF5eMI=
19:01:33.132 [Expansion Quests] Quest with ID=6901 is not a a valid achievement or auto start quest. Skip quest for player with UID=1OEPy6aKlMe0cmo8LieQDvVcsiu6iWAr2PUZdSF5eMI=
19:01:33.132 [Expansion Quests] Quest with ID=61201 is not a a valid achievement or auto start quest. Skip quest for player with UID=1OEPy6aKlMe0cmo8LieQDvVcsiu6iWAr2PUZdSF5eMI=
19:01:33.132 [Expansion Quests] Sending 1OEPy6aKlMe0cmo8LieQDvVcsiu6iWAr2PUZdSF5eMI= quest configs to client for player with UID=1OEPy6aKlMe0cmo8LieQDvVcsiu6iWAr2PUZdSF5eMI=
19:01:33.132 [Expansion Quests] Sending player quest data for 12 quests to player with UID=1OEPy6aKlMe0cmo8LieQDvVcsiu6iWAr2PUZdSF5eMI=
19:01:33.140 [AI Object Patrol 00036] Spawning 2 Ordinary_Raiders (Raiders) bots at <11009.916992, 226.468613, 12407.422852>
19:01:33.156 [AI Object Patrol 00036] Global patrol count: 1
19:01:33.156 [AI Object Patrol 00038] Spawning 1 PoliceStationScavs_Tier_1 (Raiders) bots at <11078.588867, 226.699722, 12490.598633>
19:01:33.179 [AI Object Patrol 00038] Global patrol count: 2
19:01:33.179 [AI Patrol 00084] Spawning 3 Ordinary_Scavengers_Tier_1(Krasnostav) (Raiders) bots at <11196.971680, 202.794174, 12413.868164>
19:01:33.203 [AI Patrol 00084] Global patrol count: 3
19:02:20.070 [AI Object Patrol 00060] Spawning 1 FireStationScavs_Tier1 (Raiders) bots at <12178.275391, 93.029778, 13869.101563>
19:02:20.093 [AI Object Patrol 00060] Global patrol count: 4
19:02:20.093 [AI Object Patrol 00039] Spawning 1 Ordinary_Raiders (Raiders) bots at <10772.611328, 52.489719, 14367.637695>
19:02:20.109 [AI Object Patrol 00039] Global patrol count: 5
19:02:20.109 [AI Patrol 00074] Spawning 1 Ordinary_Scavengers_Tier_1(Novodmitrovsk) (Raiders) bots at <11189.323242, 42.930000, 14333.254883>
19:02:20.132 [AI Patrol 00074] Global patrol count: 6
19:02:28.203 [AI Patrol 00073] Spawning 1 Ordinary_Scavengers_Tier_1(Novodmitrovsk) (Raiders) bots at <11657.725586, 29.509201, 14316.362305>
19:02:28.218 [AI Patrol 00073] Global patrol count: 7
19:02:30.242 [Safezone] Player "Da da Ya" (id=1OEPy6aKlMe0cmo8LieQDvVcsiu6iWAr2PUZdSF5eMI= pos=<11564.040039, 105.685043, 14741.378906>) Left the safezone
19:02:56.023 [AI Object Patrol 00043] Spawning 2 Ordinary_Raiders (Raiders) bots at <12120.343750, 96.182991, 13719.345703>
19:02:56.046 [AI Object Patrol 00043] Global patrol count: 8
19:02:56.460 [AI Patrol 00075] Spawning 1 Ordinary_Scavengers_Tier_1(Novodmitrovsk) (Raiders) bots at <11537.533203, 58.811905, 14898.933594>
19:02:56.484 [AI Patrol 00075] Global patrol count: 9
19:03:07.804 [AI Object Patrol 00111] Spawning 2 PoliceStationScavs_Tier_1 (Raiders) bots at <11492.017578, 50.491722, 14477.554688>
19:03:07.843 [AI Object Patrol 00111] Global patrol count: 10
19:04:11.320 [Killfeed] AI Judy (Ordinary_Raiders) был убит AI Baty (PoliceStationScavs_Tier_1) с БK-18 из 8 м расстояние.
19:05:13.945 [Killfeed] AI Baty (PoliceStationScavs_Tier_1) был убит AI Keiko (Ordinary_Scavengers_Tier_1(Krasnostav)) при помощи.
19:05:18.007 [MissionAirdrop] An airdrop is heading towards "Stary Sobor" (pos=<5823.000000, 0.000000, 7764.000000> type=Random_Stary Sobor) with a ExpansionAirdropContainer
19:05:18.312 [AI Object Patrol 00038] PoliceStationScavs_Tier_1 (Raiders) bots were wiped out (spawn position <11078.588867, 226.699722, 12490.598633>, 1/1 deceased)
19:05:18.312 [AI Object Patrol 00038] Global patrol count: 9
19:10:27.695 [Killfeed] AI Jose (Ordinary_Scavengers_Tier_1(Novodmitrovsk)) был убит AI Helga (PoliceStationScavs_Tier_1) при помощи.
19:10:28.492 [AI Patrol 00073] Ordinary_Scavengers_Tier_1(Novodmitrovsk) (Raiders) bots were wiped out (spawn position <11657.725586, 29.509201, 14316.362305>, 1/1 deceased)
19:10:28.492 [AI Patrol 00073] Global patrol count: 8
19:10:37.500 [Killfeed] AI Eva (Ordinary_Raiders) был убит AI Irena (Ordinary_Scavengers_Tier_1(Krasnostav)) при помощи.
19:10:38.585 [AI Object Patrol 00036] Ordinary_Raiders (Raiders) bots were wiped out (spawn position <11009.916992, 226.468613, 12407.422852>, 2/2 deceased)
19:10:38.585 [AI Object Patrol 00036] Global patrol count: 7
19:11:09.046 [Killfeed] AI Denis (Ordinary_Scavengers_Tier_1(Novodmitrovsk)) был убит AI Helga (PoliceStationScavs_Tier_1) при помощи.
19:11:09.054 [AI Patrol 00075] Ordinary_Scavengers_Tier_1(Novodmitrovsk) (Raiders) bots were wiped out (spawn position <11537.533203, 58.811905, 14898.933594>, 1/1 deceased)
19:11:09.054 [AI Patrol 00075] Global patrol count: 6
19:12:19.265 [AI Patrol 00084] Despawning 3 Ordinary_Scavengers_Tier_1(Krasnostav) (Raiders) bots (spawn position <11196.971680, 202.794174, 12413.868164>, 0/3 deceased)
19:12:19.265 [AI Patrol 00084] Global patrol count: 5
19:14:40.281 [Killfeed] AI Helga (PoliceStationScavs_Tier_1) умер от потери крови.
