16:04:37.367 [Expansion Quests] Added objects set for quest ID=5101 from file=q5101
16:04:37.367 [Expansion Quests] Added objects set for quest ID=6601 from file=q6601
16:04:37.367 [Expansion Quests] Added objects set for quest ID=5201 from file=q5201
16:04:37.367 [Expansion Quests] Added objects set for quest ID=5202 from file=q5202
16:04:37.367 [Expansion Quests] Added objects set for quest ID=5203 from file=q5203
16:04:37.367 [Expansion Quests] Added objects set for quest ID=2201 from file=q2201
16:04:37.367 [Expansion Quests] Added objects set for quest ID=2202 from file=q2202
16:04:37.367 [Expansion Quests] Added objects set for quest ID=2203 from file=q2203
16:04:37.371 [Expansion Quests] Added objects set for quest ID=2204 from file=q2204
16:04:37.371 [Expansion Quests] Added objects set for quest ID=2205 from file=q2205
16:04:37.371 [Expansion Quests] Added objects set for quest ID=2101 from file=q2101
16:04:37.371 [Expansion Quests] Added objects set for quest ID=61601 from file=q61601
16:04:37.371 [Expansion Quests] Added objects set for quest ID=2102 from file=q2102
16:04:37.371 [Expansion Quests] Added objects set for quest ID=2103 from file=q2103
16:04:37.371 [Expansion Quests] Added objects set for quest ID=2104 from file=q2104
16:04:37.371 [Expansion Quests] Added objects set for quest ID=5102 from file=q5102
16:04:37.371 [Expansion Quests] Added objects set for quest ID=6501 from file=q6501
16:04:37.371 [Expansion Quests] Added objects set for quest ID=5301 from file=q5301
16:04:37.371 [Expansion Quests] Added objects set for quest ID=5302 from file=q5302
16:04:37.371 [Expansion Quests] Added objects set for quest ID=5303 from file=q5303
16:04:37.371 [Expansion Quests] Added objects set for quest ID=5304 from file=q5304
16:04:37.371 [Expansion Quests] Added objects set for quest ID=2105 from file=q2105
16:04:37.371 [Expansion Quests] Added objects set for quest ID=61501 from file=q61501
16:04:37.371 [Expansion Quests] Added objects set for quest ID=61502 from file=q61502
16:06:18.160 [Party] Player "Survivor" (id=1OEPy6aKlMe0cmo8LieQDvVcsiu6iWAr2PUZdSF5eMI=) joinded the party "Knight Fallen" (id=1 ownerUID=1OEPy6aKlMe0cmo8LieQDvVcsiu6iWAr2PUZdSF5eMI= ownerName=Survivor)
16:06:18.160 [Expansion Quests] Initialize quest system on the connected client with UID=1OEPy6aKlMe0cmo8LieQDvVcsiu6iWAr2PUZdSF5eMI=
16:06:18.281 [Expansion Quests] Loaded existing player quest data for player with UID=1OEPy6aKlMe0cmo8LieQDvVcsiu6iWAr2PUZdSF5eMI=
16:06:18.281 [Expansion Quests] Loaded existing group quest data for group with ID=1
16:06:18.281 [Expansion Quests] Check quest initialization for quest with ID=6501 | State=COMPLETED | Player UID=1OEPy6aKlMe0cmo8LieQDvVcsiu6iWAr2PUZdSF5eMI=
16:06:18.281 [Expansion Quests] Check quest initialization for quest with ID=6401 | State=COMPLETED | Player UID=1OEPy6aKlMe0cmo8LieQDvVcsiu6iWAr2PUZdSF5eMI=
16:06:18.281 [Expansion Quests] Check quest initialization for quest with ID=6801 | State=STARTED | Player UID=1OEPy6aKlMe0cmo8LieQDvVcsiu6iWAr2PUZdSF5eMI=
16:06:18.285 [Expansion Quests] Create new quest instance for quest with ID=6801 | Player UID=1OEPy6aKlMe0cmo8LieQDvVcsiu6iWAr2PUZdSF5eMI=
16:06:18.285 [Expansion Quests] Check quest initialization for quest with ID=101 | State=COMPLETED | Player UID=1OEPy6aKlMe0cmo8LieQDvVcsiu6iWAr2PUZdSF5eMI=
16:06:18.285 [Expansion Quests] Check quest initialization for quest with ID=6101 | State=COMPLETED | Player UID=1OEPy6aKlMe0cmo8LieQDvVcsiu6iWAr2PUZdSF5eMI=
16:06:18.285 [Expansion Quests] Check quest initialization for quest with ID=6201 | State=COMPLETED | Player UID=1OEPy6aKlMe0cmo8LieQDvVcsiu6iWAr2PUZdSF5eMI=
16:06:18.285 [Expansion Quests] Check quest initialization for quest with ID=6901 | State=STARTED | Player UID=1OEPy6aKlMe0cmo8LieQDvVcsiu6iWAr2PUZdSF5eMI=
16:06:18.285 [Expansion Quests] Create new quest instance for quest with ID=6901 | Player UID=1OEPy6aKlMe0cmo8LieQDvVcsiu6iWAr2PUZdSF5eMI=
16:06:18.285 [Expansion Quests] Check quest initialization for quest with ID=6601 | State=STARTED | Player UID=1OEPy6aKlMe0cmo8LieQDvVcsiu6iWAr2PUZdSF5eMI=
16:06:18.320 [Expansion Quests] Create new quest instance for quest with ID=6601 | Player UID=1OEPy6aKlMe0cmo8LieQDvVcsiu6iWAr2PUZdSF5eMI=
16:06:18.320 [Expansion Quests] Spawned objects from set for quest ID=6601 from file=$mission:expansion\quests\\objects\q6601.map
16:06:18.324 [Expansion Quests] Check quest initialization for quest with ID=6301 | State=COMPLETED | Player UID=1OEPy6aKlMe0cmo8LieQDvVcsiu6iWAr2PUZdSF5eMI=
16:06:18.324 [Expansion Quests] Quest with ID=6401 is not a a valid achievement or auto start quest. Skip quest for player with UID=1OEPy6aKlMe0cmo8LieQDvVcsiu6iWAr2PUZdSF5eMI=
16:06:18.324 [Expansion Quests] Quest with ID=5101 is not a a valid achievement or auto start quest. Skip quest for player with UID=1OEPy6aKlMe0cmo8LieQDvVcsiu6iWAr2PUZdSF5eMI=
16:06:18.324 [Expansion Quests] Quest with ID=61301 is not a a valid achievement or auto start quest. Skip quest for player with UID=1OEPy6aKlMe0cmo8LieQDvVcsiu6iWAr2PUZdSF5eMI=
16:06:18.324 [Expansion Quests] Quest with ID=61401 is not a a valid achievement or auto start quest. Skip quest for player with UID=1OEPy6aKlMe0cmo8LieQDvVcsiu6iWAr2PUZdSF5eMI=
16:06:18.324 [Expansion Quests] Quest with ID=6701 is not a a valid achievement or auto start quest. Skip quest for player with UID=1OEPy6aKlMe0cmo8LieQDvVcsiu6iWAr2PUZdSF5eMI=
16:06:18.324 [Expansion Quests] Quest with ID=5201 is not a a valid achievement or auto start quest. Skip quest for player with UID=1OEPy6aKlMe0cmo8LieQDvVcsiu6iWAr2PUZdSF5eMI=
16:06:18.324 [Expansion Quests] Quest with ID=5202 is not a a valid achievement or auto start quest. Skip quest for player with UID=1OEPy6aKlMe0cmo8LieQDvVcsiu6iWAr2PUZdSF5eMI=
16:06:18.324 [Expansion Quests] Quest with ID=5203 is not a a valid achievement or auto start quest. Skip quest for player with UID=1OEPy6aKlMe0cmo8LieQDvVcsiu6iWAr2PUZdSF5eMI=
16:06:18.324 [Expansion Quests] Quest with ID=6101 is not a a valid achievement or auto start quest. Skip quest for player with UID=1OEPy6aKlMe0cmo8LieQDvVcsiu6iWAr2PUZdSF5eMI=
16:06:18.324 [Expansion Quests] Quest with ID=6301 is not a a valid achievement or auto start quest. Skip quest for player with UID=1OEPy6aKlMe0cmo8LieQDvVcsiu6iWAr2PUZdSF5eMI=
16:06:18.324 [Expansion Quests] Quest with ID=2201 is not a a valid achievement or auto start quest. Skip quest for player with UID=1OEPy6aKlMe0cmo8LieQDvVcsiu6iWAr2PUZdSF5eMI=
16:06:18.324 [Expansion Quests] Quest with ID=2202 is not a a valid achievement or auto start quest. Skip quest for player with UID=1OEPy6aKlMe0cmo8LieQDvVcsiu6iWAr2PUZdSF5eMI=
16:06:18.324 [Expansion Quests] Quest with ID=2203 is not a a valid achievement or auto start quest. Skip quest for player with UID=1OEPy6aKlMe0cmo8LieQDvVcsiu6iWAr2PUZdSF5eMI=
16:06:18.324 [Expansion Quests] Quest with ID=2204 is not a a valid achievement or auto start quest. Skip quest for player with UID=1OEPy6aKlMe0cmo8LieQDvVcsiu6iWAr2PUZdSF5eMI=
16:06:18.324 [Expansion Quests] Quest with ID=2205 is not a a valid achievement or auto start quest. Skip quest for player with UID=1OEPy6aKlMe0cmo8LieQDvVcsiu6iWAr2PUZdSF5eMI=
16:06:18.324 [Expansion Quests] Quest with ID=2101 is not a a valid achievement or auto start quest. Skip quest for player with UID=1OEPy6aKlMe0cmo8LieQDvVcsiu6iWAr2PUZdSF5eMI=
16:06:18.324 [Expansion Quests] Quest with ID=61601 is not a a valid achievement or auto start quest. Skip quest for player with UID=1OEPy6aKlMe0cmo8LieQDvVcsiu6iWAr2PUZdSF5eMI=
16:06:18.324 [Expansion Quests] Quest with ID=2102 is not a a valid achievement or auto start quest. Skip quest for player with UID=1OEPy6aKlMe0cmo8LieQDvVcsiu6iWAr2PUZdSF5eMI=
16:06:18.324 [Expansion Quests] Quest with ID=2103 is not a a valid achievement or auto start quest. Skip quest for player with UID=1OEPy6aKlMe0cmo8LieQDvVcsiu6iWAr2PUZdSF5eMI=
16:06:18.324 [Expansion Quests] Quest with ID=2104 is not a a valid achievement or auto start quest. Skip quest for player with UID=1OEPy6aKlMe0cmo8LieQDvVcsiu6iWAr2PUZdSF5eMI=
16:06:18.324 [Expansion Quests] Quest with ID=6201 is not a a valid achievement or auto start quest. Skip quest for player with UID=1OEPy6aKlMe0cmo8LieQDvVcsiu6iWAr2PUZdSF5eMI=
16:06:18.324 [Expansion Quests] Quest with ID=61101 is not a a valid achievement or auto start quest. Skip quest for player with UID=1OEPy6aKlMe0cmo8LieQDvVcsiu6iWAr2PUZdSF5eMI=
16:06:18.324 [Expansion Quests] Quest with ID=5102 is not a a valid achievement or auto start quest. Skip quest for player with UID=1OEPy6aKlMe0cmo8LieQDvVcsiu6iWAr2PUZdSF5eMI=
16:06:18.324 [Expansion Quests] Quest with ID=6501 is not a a valid achievement or auto start quest. Skip quest for player with UID=1OEPy6aKlMe0cmo8LieQDvVcsiu6iWAr2PUZdSF5eMI=
16:06:18.328 [Expansion Quests] Quest with ID=62001 is not a a valid achievement or auto start quest. Skip quest for player with UID=1OEPy6aKlMe0cmo8LieQDvVcsiu6iWAr2PUZdSF5eMI=
16:06:18.328 [Expansion Quests] Quest with ID=61201 is not a a valid achievement or auto start quest. Skip quest for player with UID=1OEPy6aKlMe0cmo8LieQDvVcsiu6iWAr2PUZdSF5eMI=
16:06:18.328 [Expansion Quests] Quest with ID=5301 is not a a valid achievement or auto start quest. Skip quest for player with UID=1OEPy6aKlMe0cmo8LieQDvVcsiu6iWAr2PUZdSF5eMI=
16:06:18.328 [Expansion Quests] Quest with ID=5302 is not a a valid achievement or auto start quest. Skip quest for player with UID=1OEPy6aKlMe0cmo8LieQDvVcsiu6iWAr2PUZdSF5eMI=
16:06:18.328 [Expansion Quests] Quest with ID=5303 is not a a valid achievement or auto start quest. Skip quest for player with UID=1OEPy6aKlMe0cmo8LieQDvVcsiu6iWAr2PUZdSF5eMI=
16:06:18.328 [Expansion Quests] Quest with ID=5304 is not a a valid achievement or auto start quest. Skip quest for player with UID=1OEPy6aKlMe0cmo8LieQDvVcsiu6iWAr2PUZdSF5eMI=
16:06:18.328 [Expansion Quests] Quest with ID=2105 is not a a valid achievement or auto start quest. Skip quest for player with UID=1OEPy6aKlMe0cmo8LieQDvVcsiu6iWAr2PUZdSF5eMI=
16:06:18.328 [Expansion Quests] Quest with ID=61501 is not a a valid achievement or auto start quest. Skip quest for player with UID=1OEPy6aKlMe0cmo8LieQDvVcsiu6iWAr2PUZdSF5eMI=
16:06:18.328 [Expansion Quests] Quest with ID=61502 is not a a valid achievement or auto start quest. Skip quest for player with UID=1OEPy6aKlMe0cmo8LieQDvVcsiu6iWAr2PUZdSF5eMI=
16:06:18.328 [Expansion Quests] Sending 1OEPy6aKlMe0cmo8LieQDvVcsiu6iWAr2PUZdSF5eMI= quest configs to client for player with UID=1OEPy6aKlMe0cmo8LieQDvVcsiu6iWAr2PUZdSF5eMI=
16:06:18.328 [Expansion Quests] Sending player quest data for 9 quests to player with UID=1OEPy6aKlMe0cmo8LieQDvVcsiu6iWAr2PUZdSF5eMI=
16:06:18.335 [AI Patrol 00103] Spawning 1 Novodmitrovsk_Tier2 (Raiders) bots at <11261.743164, 100.502998, 14639.766602>
16:06:18.351 [AI Patrol 00103] Global patrol count: 1
16:06:18.351 [AI Patrol 00101] Spawning 1 Novodmitrovsk_Tier2 (Raiders) bots at <11114.825195, 66.224922, 14492.311523>
16:06:18.421 [AI Patrol 00101] Global patrol count: 2
16:06:18.421 [AI Patrol 00100] Spawning 1 Novodmitrovsk_Tier2 (Raiders) bots at <11651.224609, 48.756969, 14583.769531>
16:06:18.441 [AI Patrol 00100] Global patrol count: 3
16:06:18.636 [Expansion Quests] Added new objective data for type=TREASUREHUNT | Key=1OEPy6aKlMe0cmo8LieQDvVcsiu6iWAr2PUZdSF5eMI= | ID=601
16:06:18.636 [Expansion Quests] Added new objective data for type=COLLECT | Key=1OEPy6aKlMe0cmo8LieQDvVcsiu6iWAr2PUZdSF5eMI= | ID=501
16:06:18.675 [Expansion Quests] Updated and saved persistent player quest data for player with UID=1OEPy6aKlMe0cmo8LieQDvVcsiu6iWAr2PUZdSF5eMI= | Quest ID=6901
16:06:18.675 [Expansion Quests] Added new objective data for type=TRAVEL | Key=1OEPy6aKlMe0cmo8LieQDvVcsiu6iWAr2PUZdSF5eMI= | ID=401
16:06:18.675 [Expansion Quests] Added new objective data for type=TRAVEL | Key=1OEPy6aKlMe0cmo8LieQDvVcsiu6iWAr2PUZdSF5eMI= | ID=402
16:06:18.683 [Expansion Quests] Updated and saved persistent player quest data for player with UID=1OEPy6aKlMe0cmo8LieQDvVcsiu6iWAr2PUZdSF5eMI= | Quest ID=6601
16:06:19.128 [Expansion Quests] - LoadGroupQuestData - Got cached group quest data for group with ID=1
16:06:55.281 [AI Object Patrol 00175] Spawning 2 PoliceStation_Tier2 (Raiders) bots at <11494.604492, 46.327457, 14469.364258>
16:06:55.300 [AI Object Patrol 00175] Global patrol count: 4
16:07:07.222 [AI Object Patrol 00179] Spawning 2 HospitalStation_Tier2 (Raiders) bots at <11412.257813, 78.335999, 14580.307617>
16:07:07.246 [AI Object Patrol 00179] Global patrol count: 5
16:07:16.687 [Party] Player "acey" (id=zc8VdK3LmE4uE8VdKbx2bOGlKghmh6pN2ye-63D6kCk=) joinded the party "Knight Fallen" (id=1 ownerUID=1OEPy6aKlMe0cmo8LieQDvVcsiu6iWAr2PUZdSF5eMI= ownerName=Survivor)
16:07:16.687 [Expansion Quests] Initialize quest system on the connected client with UID=zc8VdK3LmE4uE8VdKbx2bOGlKghmh6pN2ye-63D6kCk=
16:07:16.773 [Expansion Quests] Loaded existing player quest data for player with UID=zc8VdK3LmE4uE8VdKbx2bOGlKghmh6pN2ye-63D6kCk=
16:07:16.773 [Expansion Quests] - LoadGroupQuestData - Got cached group quest data for group with ID=1
16:07:16.773 [Expansion Quests] Check quest initialization for quest with ID=6101 | State=COMPLETED | Player UID=zc8VdK3LmE4uE8VdKbx2bOGlKghmh6pN2ye-63D6kCk=
16:07:16.773 [Expansion Quests] Check quest initialization for quest with ID=6401 | State=COMPLETED | Player UID=zc8VdK3LmE4uE8VdKbx2bOGlKghmh6pN2ye-63D6kCk=
16:07:16.773 [Expansion Quests] Check quest initialization for quest with ID=6801 | State=STARTED | Player UID=zc8VdK3LmE4uE8VdKbx2bOGlKghmh6pN2ye-63D6kCk=
16:07:16.773 [Expansion Quests] Create new quest instance for quest with ID=6801 | Player UID=zc8VdK3LmE4uE8VdKbx2bOGlKghmh6pN2ye-63D6kCk=
16:07:16.777 [Expansion Quests] Check quest initialization for quest with ID=101 | State=COMPLETED | Player UID=zc8VdK3LmE4uE8VdKbx2bOGlKghmh6pN2ye-63D6kCk=
16:07:16.777 [Expansion Quests] Check quest initialization for quest with ID=6901 | State=CAN_TURNIN | Player UID=zc8VdK3LmE4uE8VdKbx2bOGlKghmh6pN2ye-63D6kCk=
16:07:16.777 [Expansion Quests] Create new quest instance for quest with ID=6901 | Player UID=zc8VdK3LmE4uE8VdKbx2bOGlKghmh6pN2ye-63D6kCk=
16:07:16.777 [Expansion Quests] Check quest initialization for quest with ID=6201 | State=COMPLETED | Player UID=zc8VdK3LmE4uE8VdKbx2bOGlKghmh6pN2ye-63D6kCk=
16:07:16.777 [Expansion Quests] Check quest initialization for quest with ID=6501 | State=COMPLETED | Player UID=zc8VdK3LmE4uE8VdKbx2bOGlKghmh6pN2ye-63D6kCk=
16:07:16.777 [Expansion Quests] Check quest initialization for quest with ID=6601 | State=STARTED | Player UID=zc8VdK3LmE4uE8VdKbx2bOGlKghmh6pN2ye-63D6kCk=
16:07:16.777 [Expansion Quests] Create new quest instance for quest with ID=6601 | Player UID=zc8VdK3LmE4uE8VdKbx2bOGlKghmh6pN2ye-63D6kCk=
16:07:16.777 [Expansion Quests] Check quest initialization for quest with ID=6301 | State=COMPLETED | Player UID=zc8VdK3LmE4uE8VdKbx2bOGlKghmh6pN2ye-63D6kCk=
16:07:16.777 [Expansion Quests] Quest with ID=6401 is not a a valid achievement or auto start quest. Skip quest for player with UID=zc8VdK3LmE4uE8VdKbx2bOGlKghmh6pN2ye-63D6kCk=
16:07:16.777 [Expansion Quests] Quest with ID=5101 is not a a valid achievement or auto start quest. Skip quest for player with UID=zc8VdK3LmE4uE8VdKbx2bOGlKghmh6pN2ye-63D6kCk=
16:07:16.777 [Expansion Quests] Quest with ID=61301 is not a a valid achievement or auto start quest. Skip quest for player with UID=zc8VdK3LmE4uE8VdKbx2bOGlKghmh6pN2ye-63D6kCk=
16:07:16.777 [Expansion Quests] Quest with ID=61401 is not a a valid achievement or auto start quest. Skip quest for player with UID=zc8VdK3LmE4uE8VdKbx2bOGlKghmh6pN2ye-63D6kCk=
16:07:16.777 [Expansion Quests] Quest with ID=6701 is not a a valid achievement or auto start quest. Skip quest for player with UID=zc8VdK3LmE4uE8VdKbx2bOGlKghmh6pN2ye-63D6kCk=
16:07:16.777 [Expansion Quests] Quest with ID=5201 is not a a valid achievement or auto start quest. Skip quest for player with UID=zc8VdK3LmE4uE8VdKbx2bOGlKghmh6pN2ye-63D6kCk=
16:07:16.777 [Expansion Quests] Quest with ID=5202 is not a a valid achievement or auto start quest. Skip quest for player with UID=zc8VdK3LmE4uE8VdKbx2bOGlKghmh6pN2ye-63D6kCk=
16:07:16.777 [Expansion Quests] Quest with ID=5203 is not a a valid achievement or auto start quest. Skip quest for player with UID=zc8VdK3LmE4uE8VdKbx2bOGlKghmh6pN2ye-63D6kCk=
16:07:16.777 [Expansion Quests] Quest with ID=6101 is not a a valid achievement or auto start quest. Skip quest for player with UID=zc8VdK3LmE4uE8VdKbx2bOGlKghmh6pN2ye-63D6kCk=
16:07:16.777 [Expansion Quests] Quest with ID=6301 is not a a valid achievement or auto start quest. Skip quest for player with UID=zc8VdK3LmE4uE8VdKbx2bOGlKghmh6pN2ye-63D6kCk=
16:07:16.777 [Expansion Quests] Quest with ID=2201 is not a a valid achievement or auto start quest. Skip quest for player with UID=zc8VdK3LmE4uE8VdKbx2bOGlKghmh6pN2ye-63D6kCk=
16:07:16.781 [Expansion Quests] Quest with ID=2202 is not a a valid achievement or auto start quest. Skip quest for player with UID=zc8VdK3LmE4uE8VdKbx2bOGlKghmh6pN2ye-63D6kCk=
16:07:16.781 [Expansion Quests] Quest with ID=2203 is not a a valid achievement or auto start quest. Skip quest for player with UID=zc8VdK3LmE4uE8VdKbx2bOGlKghmh6pN2ye-63D6kCk=
16:07:16.781 [Expansion Quests] Quest with ID=2204 is not a a valid achievement or auto start quest. Skip quest for player with UID=zc8VdK3LmE4uE8VdKbx2bOGlKghmh6pN2ye-63D6kCk=
16:07:16.781 [Expansion Quests] Quest with ID=2205 is not a a valid achievement or auto start quest. Skip quest for player with UID=zc8VdK3LmE4uE8VdKbx2bOGlKghmh6pN2ye-63D6kCk=
16:07:16.781 [Expansion Quests] Quest with ID=2101 is not a a valid achievement or auto start quest. Skip quest for player with UID=zc8VdK3LmE4uE8VdKbx2bOGlKghmh6pN2ye-63D6kCk=
16:07:16.781 [Expansion Quests] Quest with ID=61601 is not a a valid achievement or auto start quest. Skip quest for player with UID=zc8VdK3LmE4uE8VdKbx2bOGlKghmh6pN2ye-63D6kCk=
16:07:16.781 [Expansion Quests] Quest with ID=2102 is not a a valid achievement or auto start quest. Skip quest for player with UID=zc8VdK3LmE4uE8VdKbx2bOGlKghmh6pN2ye-63D6kCk=
16:07:16.781 [Expansion Quests] Quest with ID=2103 is not a a valid achievement or auto start quest. Skip quest for player with UID=zc8VdK3LmE4uE8VdKbx2bOGlKghmh6pN2ye-63D6kCk=
16:07:16.781 [Expansion Quests] Quest with ID=2104 is not a a valid achievement or auto start quest. Skip quest for player with UID=zc8VdK3LmE4uE8VdKbx2bOGlKghmh6pN2ye-63D6kCk=
16:07:16.781 [Expansion Quests] Quest with ID=6201 is not a a valid achievement or auto start quest. Skip quest for player with UID=zc8VdK3LmE4uE8VdKbx2bOGlKghmh6pN2ye-63D6kCk=
16:07:16.781 [Expansion Quests] Quest with ID=61101 is not a a valid achievement or auto start quest. Skip quest for player with UID=zc8VdK3LmE4uE8VdKbx2bOGlKghmh6pN2ye-63D6kCk=
16:07:16.781 [Expansion Quests] Quest with ID=5102 is not a a valid achievement or auto start quest. Skip quest for player with UID=zc8VdK3LmE4uE8VdKbx2bOGlKghmh6pN2ye-63D6kCk=
16:07:16.781 [Expansion Quests] Quest with ID=6501 is not a a valid achievement or auto start quest. Skip quest for player with UID=zc8VdK3LmE4uE8VdKbx2bOGlKghmh6pN2ye-63D6kCk=
16:07:16.781 [Expansion Quests] Quest with ID=62001 is not a a valid achievement or auto start quest. Skip quest for player with UID=zc8VdK3LmE4uE8VdKbx2bOGlKghmh6pN2ye-63D6kCk=
16:07:16.781 [Expansion Quests] Quest with ID=61201 is not a a valid achievement or auto start quest. Skip quest for player with UID=zc8VdK3LmE4uE8VdKbx2bOGlKghmh6pN2ye-63D6kCk=
16:07:16.781 [Expansion Quests] Quest with ID=5301 is not a a valid achievement or auto start quest. Skip quest for player with UID=zc8VdK3LmE4uE8VdKbx2bOGlKghmh6pN2ye-63D6kCk=
16:07:16.781 [Expansion Quests] Quest with ID=5302 is not a a valid achievement or auto start quest. Skip quest for player with UID=zc8VdK3LmE4uE8VdKbx2bOGlKghmh6pN2ye-63D6kCk=
16:07:16.781 [Expansion Quests] Quest with ID=5303 is not a a valid achievement or auto start quest. Skip quest for player with UID=zc8VdK3LmE4uE8VdKbx2bOGlKghmh6pN2ye-63D6kCk=
16:07:16.781 [Expansion Quests] Quest with ID=5304 is not a a valid achievement or auto start quest. Skip quest for player with UID=zc8VdK3LmE4uE8VdKbx2bOGlKghmh6pN2ye-63D6kCk=
16:07:16.781 [Expansion Quests] Quest with ID=2105 is not a a valid achievement or auto start quest. Skip quest for player with UID=zc8VdK3LmE4uE8VdKbx2bOGlKghmh6pN2ye-63D6kCk=
16:07:16.781 [Expansion Quests] Quest with ID=61501 is not a a valid achievement or auto start quest. Skip quest for player with UID=zc8VdK3LmE4uE8VdKbx2bOGlKghmh6pN2ye-63D6kCk=
16:07:16.781 [Expansion Quests] Quest with ID=61502 is not a a valid achievement or auto start quest. Skip quest for player with UID=zc8VdK3LmE4uE8VdKbx2bOGlKghmh6pN2ye-63D6kCk=
16:07:16.785 [Expansion Quests] Sending zc8VdK3LmE4uE8VdKbx2bOGlKghmh6pN2ye-63D6kCk= quest configs to client for player with UID=zc8VdK3LmE4uE8VdKbx2bOGlKghmh6pN2ye-63D6kCk=
16:07:16.785 [Expansion Quests] Sending player quest data for 9 quests to player with UID=zc8VdK3LmE4uE8VdKbx2bOGlKghmh6pN2ye-63D6kCk=
16:07:17.136 [Expansion Quests] Added new objective data for type=TREASUREHUNT | Key=zc8VdK3LmE4uE8VdKbx2bOGlKghmh6pN2ye-63D6kCk= | ID=601
16:07:17.136 [Expansion Quests] Added new objective data for type=COLLECT | Key=zc8VdK3LmE4uE8VdKbx2bOGlKghmh6pN2ye-63D6kCk= | ID=501
16:07:17.140 [Expansion Quests] Updated and saved persistent player quest data for player with UID=zc8VdK3LmE4uE8VdKbx2bOGlKghmh6pN2ye-63D6kCk= | Quest ID=6901
16:07:17.140 [Expansion Quests] Added new objective data for type=TRAVEL | Key=zc8VdK3LmE4uE8VdKbx2bOGlKghmh6pN2ye-63D6kCk= | ID=401
16:07:17.140 [Expansion Quests] Added new objective data for type=TRAVEL | Key=zc8VdK3LmE4uE8VdKbx2bOGlKghmh6pN2ye-63D6kCk= | ID=402
16:07:17.140 [Expansion Quests] Updated and saved persistent player quest data for player with UID=zc8VdK3LmE4uE8VdKbx2bOGlKghmh6pN2ye-63D6kCk= | Quest ID=6601
16:07:17.632 [Expansion Quests] - LoadGroupQuestData - Got cached group quest data for group with ID=1
16:07:36.144 [Party] Player "Survivor (2)" (id=z63osPRVUnS8pzWmaenLtvu6c2gVxwL4gvA4elWPF5w=) joinded the party "Knight Fallen" (id=1 ownerUID=1OEPy6aKlMe0cmo8LieQDvVcsiu6iWAr2PUZdSF5eMI= ownerName=Survivor)
16:07:36.144 [Expansion Quests] Initialize quest system on the connected client with UID=z63osPRVUnS8pzWmaenLtvu6c2gVxwL4gvA4elWPF5w=
16:07:36.214 [Expansion Quests] Loaded existing player quest data for player with UID=z63osPRVUnS8pzWmaenLtvu6c2gVxwL4gvA4elWPF5w=
16:07:36.218 [Expansion Quests] - LoadGroupQuestData - Got cached group quest data for group with ID=1
16:07:36.218 [Expansion Quests] Check quest initialization for quest with ID=6501 | State=COMPLETED | Player UID=z63osPRVUnS8pzWmaenLtvu6c2gVxwL4gvA4elWPF5w=
16:07:36.218 [Expansion Quests] Check quest initialization for quest with ID=6401 | State=COMPLETED | Player UID=z63osPRVUnS8pzWmaenLtvu6c2gVxwL4gvA4elWPF5w=
16:07:36.218 [Expansion Quests] Check quest initialization for quest with ID=6801 | State=STARTED | Player UID=z63osPRVUnS8pzWmaenLtvu6c2gVxwL4gvA4elWPF5w=
16:07:36.218 [Expansion Quests] Create new quest instance for quest with ID=6801 | Player UID=z63osPRVUnS8pzWmaenLtvu6c2gVxwL4gvA4elWPF5w=
16:07:36.218 [Expansion Quests] Check quest initialization for quest with ID=101 | State=COMPLETED | Player UID=z63osPRVUnS8pzWmaenLtvu6c2gVxwL4gvA4elWPF5w=
16:07:36.218 [Expansion Quests] Check quest initialization for quest with ID=6101 | State=COMPLETED | Player UID=z63osPRVUnS8pzWmaenLtvu6c2gVxwL4gvA4elWPF5w=
16:07:36.218 [Expansion Quests] Check quest initialization for quest with ID=6701 | State=NONE | Player UID=z63osPRVUnS8pzWmaenLtvu6c2gVxwL4gvA4elWPF5w=
16:07:36.218 [Expansion Quests] Check quest initialization for quest with ID=6201 | State=COMPLETED | Player UID=z63osPRVUnS8pzWmaenLtvu6c2gVxwL4gvA4elWPF5w=
16:07:36.218 [Expansion Quests] Check quest initialization for quest with ID=6901 | State=STARTED | Player UID=z63osPRVUnS8pzWmaenLtvu6c2gVxwL4gvA4elWPF5w=
16:07:36.218 [Expansion Quests] Create new quest instance for quest with ID=6901 | Player UID=z63osPRVUnS8pzWmaenLtvu6c2gVxwL4gvA4elWPF5w=
16:07:36.218 [Expansion Quests] Check quest initialization for quest with ID=6601 | State=STARTED | Player UID=z63osPRVUnS8pzWmaenLtvu6c2gVxwL4gvA4elWPF5w=
16:07:36.218 [Expansion Quests] Create new quest instance for quest with ID=6601 | Player UID=z63osPRVUnS8pzWmaenLtvu6c2gVxwL4gvA4elWPF5w=
16:07:36.218 [Expansion Quests] Check quest initialization for quest with ID=6301 | State=COMPLETED | Player UID=z63osPRVUnS8pzWmaenLtvu6c2gVxwL4gvA4elWPF5w=
16:07:36.218 [Expansion Quests] Quest with ID=6401 is not a a valid achievement or auto start quest. Skip quest for player with UID=z63osPRVUnS8pzWmaenLtvu6c2gVxwL4gvA4elWPF5w=
16:07:36.218 [Expansion Quests] Quest with ID=5101 is not a a valid achievement or auto start quest. Skip quest for player with UID=z63osPRVUnS8pzWmaenLtvu6c2gVxwL4gvA4elWPF5w=
16:07:36.222 [Expansion Quests] Quest with ID=61301 is not a a valid achievement or auto start quest. Skip quest for player with UID=z63osPRVUnS8pzWmaenLtvu6c2gVxwL4gvA4elWPF5w=
16:07:36.222 [Expansion Quests] Quest with ID=61401 is not a a valid achievement or auto start quest. Skip quest for player with UID=z63osPRVUnS8pzWmaenLtvu6c2gVxwL4gvA4elWPF5w=
16:07:36.222 [Expansion Quests] Quest with ID=6701 is not a a valid achievement or auto start quest. Skip quest for player with UID=z63osPRVUnS8pzWmaenLtvu6c2gVxwL4gvA4elWPF5w=
16:07:36.222 [Expansion Quests] Quest with ID=5201 is not a a valid achievement or auto start quest. Skip quest for player with UID=z63osPRVUnS8pzWmaenLtvu6c2gVxwL4gvA4elWPF5w=
16:07:36.222 [Expansion Quests] Quest with ID=5202 is not a a valid achievement or auto start quest. Skip quest for player with UID=z63osPRVUnS8pzWmaenLtvu6c2gVxwL4gvA4elWPF5w=
16:07:36.222 [Expansion Quests] Quest with ID=5203 is not a a valid achievement or auto start quest. Skip quest for player with UID=z63osPRVUnS8pzWmaenLtvu6c2gVxwL4gvA4elWPF5w=
16:07:36.222 [Expansion Quests] Quest with ID=6101 is not a a valid achievement or auto start quest. Skip quest for player with UID=z63osPRVUnS8pzWmaenLtvu6c2gVxwL4gvA4elWPF5w=
16:07:36.222 [Expansion Quests] Quest with ID=6301 is not a a valid achievement or auto start quest. Skip quest for player with UID=z63osPRVUnS8pzWmaenLtvu6c2gVxwL4gvA4elWPF5w=
16:07:36.222 [Expansion Quests] Quest with ID=2201 is not a a valid achievement or auto start quest. Skip quest for player with UID=z63osPRVUnS8pzWmaenLtvu6c2gVxwL4gvA4elWPF5w=
16:07:36.222 [Expansion Quests] Quest with ID=2202 is not a a valid achievement or auto start quest. Skip quest for player with UID=z63osPRVUnS8pzWmaenLtvu6c2gVxwL4gvA4elWPF5w=
16:07:36.222 [Expansion Quests] Quest with ID=2203 is not a a valid achievement or auto start quest. Skip quest for player with UID=z63osPRVUnS8pzWmaenLtvu6c2gVxwL4gvA4elWPF5w=
16:07:36.222 [Expansion Quests] Quest with ID=2204 is not a a valid achievement or auto start quest. Skip quest for player with UID=z63osPRVUnS8pzWmaenLtvu6c2gVxwL4gvA4elWPF5w=
16:07:36.222 [Expansion Quests] Quest with ID=2205 is not a a valid achievement or auto start quest. Skip quest for player with UID=z63osPRVUnS8pzWmaenLtvu6c2gVxwL4gvA4elWPF5w=
16:07:36.222 [Expansion Quests] Quest with ID=2101 is not a a valid achievement or auto start quest. Skip quest for player with UID=z63osPRVUnS8pzWmaenLtvu6c2gVxwL4gvA4elWPF5w=
16:07:36.222 [Expansion Quests] Quest with ID=61601 is not a a valid achievement or auto start quest. Skip quest for player with UID=z63osPRVUnS8pzWmaenLtvu6c2gVxwL4gvA4elWPF5w=
16:07:36.222 [Expansion Quests] Quest with ID=2102 is not a a valid achievement or auto start quest. Skip quest for player with UID=z63osPRVUnS8pzWmaenLtvu6c2gVxwL4gvA4elWPF5w=
16:07:36.222 [Expansion Quests] Quest with ID=2103 is not a a valid achievement or auto start quest. Skip quest for player with UID=z63osPRVUnS8pzWmaenLtvu6c2gVxwL4gvA4elWPF5w=
16:07:36.222 [Expansion Quests] Quest with ID=2104 is not a a valid achievement or auto start quest. Skip quest for player with UID=z63osPRVUnS8pzWmaenLtvu6c2gVxwL4gvA4elWPF5w=
16:07:36.222 [Expansion Quests] Quest with ID=6201 is not a a valid achievement or auto start quest. Skip quest for player with UID=z63osPRVUnS8pzWmaenLtvu6c2gVxwL4gvA4elWPF5w=
16:07:36.222 [Expansion Quests] Quest with ID=61101 is not a a valid achievement or auto start quest. Skip quest for player with UID=z63osPRVUnS8pzWmaenLtvu6c2gVxwL4gvA4elWPF5w=
16:07:36.222 [Expansion Quests] Quest with ID=5102 is not a a valid achievement or auto start quest. Skip quest for player with UID=z63osPRVUnS8pzWmaenLtvu6c2gVxwL4gvA4elWPF5w=
16:07:36.222 [Expansion Quests] Quest with ID=6501 is not a a valid achievement or auto start quest. Skip quest for player with UID=z63osPRVUnS8pzWmaenLtvu6c2gVxwL4gvA4elWPF5w=
16:07:36.222 [Expansion Quests] Quest with ID=62001 is not a a valid achievement or auto start quest. Skip quest for player with UID=z63osPRVUnS8pzWmaenLtvu6c2gVxwL4gvA4elWPF5w=
16:07:36.222 [Expansion Quests] Quest with ID=61201 is not a a valid achievement or auto start quest. Skip quest for player with UID=z63osPRVUnS8pzWmaenLtvu6c2gVxwL4gvA4elWPF5w=
16:07:36.222 [Expansion Quests] Quest with ID=5301 is not a a valid achievement or auto start quest. Skip quest for player with UID=z63osPRVUnS8pzWmaenLtvu6c2gVxwL4gvA4elWPF5w=
16:07:36.222 [Expansion Quests] Quest with ID=5302 is not a a valid achievement or auto start quest. Skip quest for player with UID=z63osPRVUnS8pzWmaenLtvu6c2gVxwL4gvA4elWPF5w=
16:07:36.222 [Expansion Quests] Quest with ID=5303 is not a a valid achievement or auto start quest. Skip quest for player with UID=z63osPRVUnS8pzWmaenLtvu6c2gVxwL4gvA4elWPF5w=
16:07:36.222 [Expansion Quests] Quest with ID=5304 is not a a valid achievement or auto start quest. Skip quest for player with UID=z63osPRVUnS8pzWmaenLtvu6c2gVxwL4gvA4elWPF5w=
16:07:36.222 [Expansion Quests] Quest with ID=2105 is not a a valid achievement or auto start quest. Skip quest for player with UID=z63osPRVUnS8pzWmaenLtvu6c2gVxwL4gvA4elWPF5w=
16:07:36.226 [Expansion Quests] Quest with ID=61501 is not a a valid achievement or auto start quest. Skip quest for player with UID=z63osPRVUnS8pzWmaenLtvu6c2gVxwL4gvA4elWPF5w=
16:07:36.226 [Expansion Quests] Quest with ID=61502 is not a a valid achievement or auto start quest. Skip quest for player with UID=z63osPRVUnS8pzWmaenLtvu6c2gVxwL4gvA4elWPF5w=
16:07:36.226 [Expansion Quests] Sending z63osPRVUnS8pzWmaenLtvu6c2gVxwL4gvA4elWPF5w= quest configs to client for player with UID=z63osPRVUnS8pzWmaenLtvu6c2gVxwL4gvA4elWPF5w=
16:07:36.226 [Expansion Quests] Sending player quest data for 10 quests to player with UID=z63osPRVUnS8pzWmaenLtvu6c2gVxwL4gvA4elWPF5w=
16:07:36.613 [Expansion Quests] Added new objective data for type=TREASUREHUNT | Key=z63osPRVUnS8pzWmaenLtvu6c2gVxwL4gvA4elWPF5w= | ID=601
16:07:36.613 [Expansion Quests] Added new objective data for type=COLLECT | Key=z63osPRVUnS8pzWmaenLtvu6c2gVxwL4gvA4elWPF5w= | ID=501
16:07:36.617 [Expansion Quests] Updated and saved persistent player quest data for player with UID=z63osPRVUnS8pzWmaenLtvu6c2gVxwL4gvA4elWPF5w= | Quest ID=6901
16:07:36.617 [Expansion Quests] Added new objective data for type=TRAVEL | Key=z63osPRVUnS8pzWmaenLtvu6c2gVxwL4gvA4elWPF5w= | ID=401
16:07:36.617 [Expansion Quests] Added new objective data for type=TRAVEL | Key=z63osPRVUnS8pzWmaenLtvu6c2gVxwL4gvA4elWPF5w= | ID=402
16:07:36.621 [Expansion Quests] Updated and saved persistent player quest data for player with UID=z63osPRVUnS8pzWmaenLtvu6c2gVxwL4gvA4elWPF5w= | Quest ID=6601
16:07:37.117 [Expansion Quests] - LoadGroupQuestData - Got cached group quest data for group with ID=1
16:08:16.597 [AI Object Patrol 00193] Spawning 1 FirelStation_Tier2 (Raiders) bots at <12188.748047, 92.762154, 13856.505859>
16:08:16.621 [AI Object Patrol 00193] Global patrol count: 6
16:08:31.628 [AI Object Patrol 00197] Spawning 1 WaterPump_Tier0 (Raiders) bots at <12717.581055, 89.895393, 14595.228516>
16:08:31.640 [AI Object Patrol 00197] Global patrol count: 7
16:09:01.929 [Expansion Quests] Added new objective data for type=TREASUREHUNT | Key=z63osPRVUnS8pzWmaenLtvu6c2gVxwL4gvA4elWPF5w= | ID=601
16:09:01.929 [Expansion Quests] Added new objective data for type=COLLECT | Key=z63osPRVUnS8pzWmaenLtvu6c2gVxwL4gvA4elWPF5w= | ID=501
16:09:01.929 [Expansion Quests] Updated and saved persistent player quest data for player with UID=z63osPRVUnS8pzWmaenLtvu6c2gVxwL4gvA4elWPF5w= | Quest ID=6901
16:09:51.453 [AI Object Patrol 00046] Spawning 1 WaterPump_Tier0 (Raiders) bots at <12110.565430, 95.258705, 13710.167969>
16:09:51.468 [AI Object Patrol 00046] Global patrol count: 8
16:10:26.941 [AI Patrol 00074] Spawning 1 ChernayaPolyana_Tier1 (Raiders) bots at <12044.730469, 101.744637, 13619.440430>
16:10:27.015 [AI Patrol 00074] Global patrol count: 9
16:10:30.910 [MissionAirdrop] An airdrop is heading towards "Myshkinko" (pos=<2036.000000, 0.000000, 7491.000000> type=Random_Myshkinko) with a ExpansionAirdropContainer
16:10:39.914 [Killfeed] AI Gabi (PoliceStation_Tier2) был убит AI Indar (HospitalStation_Tier2) с Blaze из 7 м расстояние.
16:11:16.230 [Expansion Quests] Added new objective data for type=TREASUREHUNT | Key=1OEPy6aKlMe0cmo8LieQDvVcsiu6iWAr2PUZdSF5eMI= | ID=601
16:11:16.234 [Expansion Quests] Added new objective data for type=COLLECT | Key=1OEPy6aKlMe0cmo8LieQDvVcsiu6iWAr2PUZdSF5eMI= | ID=501
16:11:16.234 [Expansion Quests] Updated and saved persistent player quest data for player with UID=1OEPy6aKlMe0cmo8LieQDvVcsiu6iWAr2PUZdSF5eMI= | Quest ID=6901
16:11:45.621 [AI Object Patrol 00196] Spawning 1 WaterPump_Tier0 (Raiders) bots at <13496.518555, 18.962273, 14040.444336>
16:11:45.636 [AI Object Patrol 00196] Global patrol count: 10
16:12:23.652 [Killfeed] AI Eva (Novodmitrovsk_Tier2) был убит.
16:12:25.917 [AI Patrol 00103] Novodmitrovsk_Tier2 (Raiders) bots were wiped out (spawn position <11261.743164, 100.502998, 14639.766602>, 1/1 deceased)
16:12:25.917 [AI Patrol 00103] Global patrol count: 9
16:12:31.453 [AI Patrol 00099] Spawning 1 Novodmitrovsk_Tier1 (Raiders) bots at <11932.681641, 37.768631, 14427.755859>
16:12:31.488 [AI Patrol 00099] Global patrol count: 10
16:13:15.304 [Killfeed] AI Irena (WaterPump_Tier0) был убит [Knigh] Survivor с USG-45 из 7 м расстояние.
16:13:16.589 [AI Object Patrol 00197] WaterPump_Tier0 (Raiders) bots were wiped out (spawn position <12717.581055, 89.895393, 14595.228516>, 1/1 deceased)
16:13:16.589 [AI Object Patrol 00197] Global patrol count: 9
16:14:05.234 [Killfeed] AI Keiko (HospitalStation_Tier2) был убит AI Seth (Novodmitrovsk_Tier2) при помощи.
16:14:26.769 [AI Patrol 00072] Spawning 2 Svetloyarsk_Tier1 (Raiders) bots at <13965.856445, 5.861277, 13595.267578>
16:14:26.792 [AI Patrol 00072] Global patrol count: 10
16:14:31.742 [AI Object Patrol 00045] Spawning 1 WaterPump_Tier0 (Raiders) bots at <13819.084961, 19.721050, 13294.602539>
16:14:31.753 [AI Object Patrol 00045] Global patrol count: 11
16:14:43.859 [AI Object Patrol 00044] Spawning 1 PoliceStation_Tier2 (Raiders) bots at <13839.667969, 20.687145, 13212.723633>
16:14:43.875 [AI Object Patrol 00044] Global patrol count: 12
16:14:59.757 [AI Object Patrol 00043] Spawning 1 WaterPump_Tier0 (Raiders) bots at <13360.482422, 95.057472, 12860.640625>
16:14:59.769 [AI Object Patrol 00043] Global patrol count: 13
16:15:30.925 [VehicleDeleted] OffroadHatchback (id=F0C204E0434FBF8BD1F77A8EF1213B97 pos=<4176.361816, 338.801575, 10725.631836>)
16:15:34.093 [Killfeed] AI Kaito (PoliceStation_Tier2) умер от потери крови.
16:15:35.250 [AI Object Patrol 00175] PoliceStation_Tier2 (Raiders) bots were wiped out (spawn position <11494.604492, 46.327457, 14469.364258>, 2/2 deceased)
16:15:35.250 [AI Object Patrol 00175] Global patrol count: 12
16:15:48.847 [AI Object Patrol 00201] Spawning 2 OilStation_Tier2RR (Raiders) bots at <13556.361328, 34.238174, 13297.174805>
16:15:48.886 [AI Object Patrol 00201] Global patrol count: 13
16:16:19.679 [Killfeed] AI Seth (Novodmitrovsk_Tier2) умер от потери крови.
16:16:22.183 [AI Patrol 00101] Novodmitrovsk_Tier2 (Raiders) bots were wiped out (spawn position <11114.825195, 66.224922, 14492.311523>, 1/1 deceased)
16:16:22.183 [AI Patrol 00101] Global patrol count: 12
16:16:49.566 [Killfeed] AI Indar (HospitalStation_Tier2) был убит AI Quinn (Novodmitrovsk_Tier2) с БК-133 из 2 м расстояние.
16:16:53.011 [AI Object Patrol 00179] HospitalStation_Tier2 (Raiders) bots were wiped out (spawn position <11412.257813, 78.335999, 14580.307617>, 2/2 deceased)
16:16:53.011 [AI Object Patrol 00179] Global patrol count: 11
16:20:04.746 [Killfeed] AI Helga (Svetloyarsk_Tier1) был убит [Knigh] acey с CR-550 Savanna из 93 м расстояние.
16:20:21.753 [Expansion Quests] Added new objective data for type=TREASUREHUNT | Key=z63osPRVUnS8pzWmaenLtvu6c2gVxwL4gvA4elWPF5w= | ID=601
16:20:21.753 [Expansion Quests] Added new objective data for type=COLLECT | Key=z63osPRVUnS8pzWmaenLtvu6c2gVxwL4gvA4elWPF5w= | ID=501
16:20:21.753 [Expansion Quests] Updated and saved persistent player quest data for player with UID=z63osPRVUnS8pzWmaenLtvu6c2gVxwL4gvA4elWPF5w= | Quest ID=6901
16:20:30.140 [Killfeed] AI Frida (WaterPump_Tier0) был убит [Knigh] Survivor (2) с Винтовка Мосин 91/30 из 67 м расстояние.
16:20:32.695 [AI Object Patrol 00045] WaterPump_Tier0 (Raiders) bots were wiped out (spawn position <13819.084961, 19.721050, 13294.602539>, 1/1 deceased)
16:20:32.695 [AI Object Patrol 00045] Global patrol count: 10
16:20:52.285 [Expansion Quests] Added new objective data for type=TREASUREHUNT | Key=z63osPRVUnS8pzWmaenLtvu6c2gVxwL4gvA4elWPF5w= | ID=601
16:20:52.289 [Expansion Quests] Added new objective data for type=COLLECT | Key=z63osPRVUnS8pzWmaenLtvu6c2gVxwL4gvA4elWPF5w= | ID=501
16:20:52.289 [Expansion Quests] Updated and saved persistent player quest data for player with UID=z63osPRVUnS8pzWmaenLtvu6c2gVxwL4gvA4elWPF5w= | Quest ID=6901
16:21:06.328 [Expansion Quests] Added new objective data for type=TREASUREHUNT | Key=z63osPRVUnS8pzWmaenLtvu6c2gVxwL4gvA4elWPF5w= | ID=601
16:21:06.328 [Expansion Quests] Added new objective data for type=COLLECT | Key=z63osPRVUnS8pzWmaenLtvu6c2gVxwL4gvA4elWPF5w= | ID=501
16:21:06.332 [Expansion Quests] Updated and saved persistent player quest data for player with UID=z63osPRVUnS8pzWmaenLtvu6c2gVxwL4gvA4elWPF5w= | Quest ID=6901
16:21:12.871 [Killfeed] AI Judy (PoliceStation_Tier2) был убит [Knigh] Survivor (2) с Винтовка Мосин 91/30 из 165 м расстояние.
16:21:17.578 [AI Object Patrol 00044] PoliceStation_Tier2 (Raiders) bots were wiped out (spawn position <13839.667969, 20.687145, 13212.723633>, 1/1 deceased)
16:21:17.578 [AI Object Patrol 00044] Global patrol count: 9
16:21:26.304 [Expansion Quests] Added new objective data for type=TREASUREHUNT | Key=z63osPRVUnS8pzWmaenLtvu6c2gVxwL4gvA4elWPF5w= | ID=601
16:21:26.304 [Expansion Quests] Added new objective data for type=COLLECT | Key=z63osPRVUnS8pzWmaenLtvu6c2gVxwL4gvA4elWPF5w= | ID=501
16:21:26.308 [Expansion Quests] Updated and saved persistent player quest data for player with UID=z63osPRVUnS8pzWmaenLtvu6c2gVxwL4gvA4elWPF5w= | Quest ID=6901
16:21:30.316 [Expansion Quests] Added new objective data for type=TREASUREHUNT | Key=z63osPRVUnS8pzWmaenLtvu6c2gVxwL4gvA4elWPF5w= | ID=601
16:21:30.316 [Expansion Quests] Added new objective data for type=COLLECT | Key=z63osPRVUnS8pzWmaenLtvu6c2gVxwL4gvA4elWPF5w= | ID=501
16:21:30.316 [Expansion Quests] Updated and saved persistent player quest data for player with UID=z63osPRVUnS8pzWmaenLtvu6c2gVxwL4gvA4elWPF5w= | Quest ID=6901
16:21:49.773 [Killfeed] AI Denis (OilStation_Tier2RR) был убит [Knigh] Survivor (2) с Винтовка Мосин 91/30 из 137 м расстояние.
16:22:11.906 [Expansion Quests] Added new objective data for type=TREASUREHUNT | Key=z63osPRVUnS8pzWmaenLtvu6c2gVxwL4gvA4elWPF5w= | ID=601
16:22:11.906 [Expansion Quests] Added new objective data for type=COLLECT | Key=z63osPRVUnS8pzWmaenLtvu6c2gVxwL4gvA4elWPF5w= | ID=501
16:22:11.906 [Expansion Quests] Updated and saved persistent player quest data for player with UID=z63osPRVUnS8pzWmaenLtvu6c2gVxwL4gvA4elWPF5w= | Quest ID=6901
16:22:27.164 [Killfeed] AI Mirek (OilStation_Tier2RR) был убит [Knigh] Survivor с CR-550 Savanna из 121 м расстояние.
16:22:29.632 [AI Object Patrol 00201] OilStation_Tier2RR (Raiders) bots were wiped out (spawn position <13556.361328, 34.238174, 13297.174805>, 2/2 deceased)
16:22:29.632 [AI Object Patrol 00201] Global patrol count: 8
16:22:37.503 [AI Patrol 00100] Despawning 1 Novodmitrovsk_Tier2 (Raiders) bots (spawn position <11651.224609, 48.756969, 14583.769531>, 0/1 deceased)
16:22:37.503 [AI Patrol 00100] Global patrol count: 7
16:22:44.074 [Expansion Quests] Added new objective data for type=TREASUREHUNT | Key=z63osPRVUnS8pzWmaenLtvu6c2gVxwL4gvA4elWPF5w= | ID=601
16:22:44.078 [Expansion Quests] Added new objective data for type=COLLECT | Key=z63osPRVUnS8pzWmaenLtvu6c2gVxwL4gvA4elWPF5w= | ID=501
16:22:44.078 [Expansion Quests] Updated and saved persistent player quest data for player with UID=z63osPRVUnS8pzWmaenLtvu6c2gVxwL4gvA4elWPF5w= | Quest ID=6901
16:23:09.875 [Expansion Quests] Added new objective data for type=TREASUREHUNT | Key=z63osPRVUnS8pzWmaenLtvu6c2gVxwL4gvA4elWPF5w= | ID=601
16:23:09.875 [Expansion Quests] Added new objective data for type=COLLECT | Key=z63osPRVUnS8pzWmaenLtvu6c2gVxwL4gvA4elWPF5w= | ID=501
16:23:09.878 [Expansion Quests] Updated and saved persistent player quest data for player with UID=z63osPRVUnS8pzWmaenLtvu6c2gVxwL4gvA4elWPF5w= | Quest ID=6901
16:23:15.296 [Killfeed] AI Jose (WaterPump_Tier0) был убит [Knigh] Survivor с Kolt 1911 из 2 м расстояние.
16:23:17.808 [AI Object Patrol 00043] WaterPump_Tier0 (Raiders) bots were wiped out (spawn position <13360.482422, 95.057472, 12860.640625>, 1/1 deceased)
16:23:17.808 [AI Object Patrol 00043] Global patrol count: 6
16:23:37.324 [Expansion Quests] Added new objective data for type=TREASUREHUNT | Key=z63osPRVUnS8pzWmaenLtvu6c2gVxwL4gvA4elWPF5w= | ID=601
16:23:37.324 [Expansion Quests] Added new objective data for type=COLLECT | Key=z63osPRVUnS8pzWmaenLtvu6c2gVxwL4gvA4elWPF5w= | ID=501
16:23:37.324 [Expansion Quests] Updated and saved persistent player quest data for player with UID=z63osPRVUnS8pzWmaenLtvu6c2gVxwL4gvA4elWPF5w= | Quest ID=6901
16:23:47.804 [Expansion Quests] Added new objective data for type=TREASUREHUNT | Key=z63osPRVUnS8pzWmaenLtvu6c2gVxwL4gvA4elWPF5w= | ID=601
16:23:47.804 [Expansion Quests] Added new objective data for type=COLLECT | Key=z63osPRVUnS8pzWmaenLtvu6c2gVxwL4gvA4elWPF5w= | ID=501
16:23:47.808 [Expansion Quests] Updated and saved persistent player quest data for player with UID=z63osPRVUnS8pzWmaenLtvu6c2gVxwL4gvA4elWPF5w= | Quest ID=6901
16:23:55.675 [Expansion Quests] Added new objective data for type=TREASUREHUNT | Key=z63osPRVUnS8pzWmaenLtvu6c2gVxwL4gvA4elWPF5w= | ID=601
16:23:55.675 [Expansion Quests] Added new objective data for type=COLLECT | Key=z63osPRVUnS8pzWmaenLtvu6c2gVxwL4gvA4elWPF5w= | ID=501
16:23:55.675 [Expansion Quests] Updated and saved persistent player quest data for player with UID=z63osPRVUnS8pzWmaenLtvu6c2gVxwL4gvA4elWPF5w= | Quest ID=6901
16:24:27.386 [AI Object Patrol 00193] Despawning 1 FirelStation_Tier2 (Raiders) bots (spawn position <12188.748047, 92.762154, 13856.505859>, 0/1 deceased)
16:24:27.386 [AI Object Patrol 00193] Global patrol count: 5
16:24:53.238 [Expansion Quests] Added new objective data for type=TREASUREHUNT | Key=z63osPRVUnS8pzWmaenLtvu6c2gVxwL4gvA4elWPF5w= | ID=601
16:24:53.238 [Expansion Quests] Added new objective data for type=COLLECT | Key=z63osPRVUnS8pzWmaenLtvu6c2gVxwL4gvA4elWPF5w= | ID=501
16:24:53.242 [Expansion Quests] Updated and saved persistent player quest data for player with UID=z63osPRVUnS8pzWmaenLtvu6c2gVxwL4gvA4elWPF5w= | Quest ID=6901
16:25:18.000 [AI Object Patrol 00046] Despawning 1 WaterPump_Tier0 (Raiders) bots (spawn position <12110.565430, 95.258705, 13710.167969>, 0/1 deceased)
16:25:18.000 [AI Object Patrol 00046] Global patrol count: 4
16:25:22.218 [AI Patrol 00099] Despawning 1 Novodmitrovsk_Tier1 (Raiders) bots (spawn position <11932.681641, 37.768631, 14427.755859>, 0/1 deceased)
16:25:22.218 [AI Patrol 00099] Global patrol count: 3
16:25:35.128 [Expansion Quests] Added new objective data for type=TREASUREHUNT | Key=z63osPRVUnS8pzWmaenLtvu6c2gVxwL4gvA4elWPF5w= | ID=601
16:25:35.128 [Expansion Quests] Added new objective data for type=COLLECT | Key=z63osPRVUnS8pzWmaenLtvu6c2gVxwL4gvA4elWPF5w= | ID=501
16:25:35.132 [Expansion Quests] Updated and saved persistent player quest data for player with UID=z63osPRVUnS8pzWmaenLtvu6c2gVxwL4gvA4elWPF5w= | Quest ID=6901
16:25:56.707 [Expansion Quests] Added new objective data for type=TREASUREHUNT | Key=z63osPRVUnS8pzWmaenLtvu6c2gVxwL4gvA4elWPF5w= | ID=601
16:25:56.707 [Expansion Quests] Added new objective data for type=COLLECT | Key=z63osPRVUnS8pzWmaenLtvu6c2gVxwL4gvA4elWPF5w= | ID=501
16:25:56.710 [Expansion Quests] Updated and saved persistent player quest data for player with UID=z63osPRVUnS8pzWmaenLtvu6c2gVxwL4gvA4elWPF5w= | Quest ID=6901
16:26:02.148 [AI Patrol 00074] Despawning 1 ChernayaPolyana_Tier1 (Raiders) bots (spawn position <12044.730469, 101.744637, 13619.440430>, 0/1 deceased)
16:26:02.148 [AI Patrol 00074] Global patrol count: 2
16:26:49.359 [Expansion Quests] Added new objective data for type=TREASUREHUNT | Key=z63osPRVUnS8pzWmaenLtvu6c2gVxwL4gvA4elWPF5w= | ID=601
16:26:49.359 [Expansion Quests] Added new objective data for type=COLLECT | Key=z63osPRVUnS8pzWmaenLtvu6c2gVxwL4gvA4elWPF5w= | ID=501
16:26:49.363 [Expansion Quests] Updated and saved persistent player quest data for player with UID=z63osPRVUnS8pzWmaenLtvu6c2gVxwL4gvA4elWPF5w= | Quest ID=6901
16:27:34.902 [Expansion Quests] Added new objective data for type=TREASUREHUNT | Key=z63osPRVUnS8pzWmaenLtvu6c2gVxwL4gvA4elWPF5w= | ID=601
16:27:34.902 [Expansion Quests] Added new objective data for type=COLLECT | Key=z63osPRVUnS8pzWmaenLtvu6c2gVxwL4gvA4elWPF5w= | ID=501
16:27:34.902 [Expansion Quests] Updated and saved persistent player quest data for player with UID=z63osPRVUnS8pzWmaenLtvu6c2gVxwL4gvA4elWPF5w= | Quest ID=6901
16:28:32.347 [Expansion Quests] Added new objective data for type=TREASUREHUNT | Key=z63osPRVUnS8pzWmaenLtvu6c2gVxwL4gvA4elWPF5w= | ID=601
16:28:32.347 [Expansion Quests] Added new objective data for type=COLLECT | Key=z63osPRVUnS8pzWmaenLtvu6c2gVxwL4gvA4elWPF5w= | ID=501
16:28:32.347 [Expansion Quests] Updated and saved persistent player quest data for player with UID=z63osPRVUnS8pzWmaenLtvu6c2gVxwL4gvA4elWPF5w= | Quest ID=6901
16:30:07.062 [Expansion Quests] Added new objective data for type=TREASUREHUNT | Key=zc8VdK3LmE4uE8VdKbx2bOGlKghmh6pN2ye-63D6kCk= | ID=501
16:30:07.062 [Expansion Quests] Added new objective data for type=COLLECT | Key=zc8VdK3LmE4uE8VdKbx2bOGlKghmh6pN2ye-63D6kCk= | ID=401
16:30:07.062 [Expansion Quests] Updated and saved persistent player quest data for player with UID=zc8VdK3LmE4uE8VdKbx2bOGlKghmh6pN2ye-63D6kCk= | Quest ID=6801
16:30:16.070 [Expansion Quests] Added new objective data for type=TREASUREHUNT | Key=1OEPy6aKlMe0cmo8LieQDvVcsiu6iWAr2PUZdSF5eMI= | ID=501
16:30:16.070 [Expansion Quests] Added new objective data for type=COLLECT | Key=1OEPy6aKlMe0cmo8LieQDvVcsiu6iWAr2PUZdSF5eMI= | ID=401
16:30:16.074 [Expansion Quests] Updated and saved persistent player quest data for player with UID=1OEPy6aKlMe0cmo8LieQDvVcsiu6iWAr2PUZdSF5eMI= | Quest ID=6801
16:30:25.949 [Expansion Quests] Added new objective data for type=TREASUREHUNT | Key=zc8VdK3LmE4uE8VdKbx2bOGlKghmh6pN2ye-63D6kCk= | ID=501
16:30:25.949 [Expansion Quests] Added new objective data for type=COLLECT | Key=zc8VdK3LmE4uE8VdKbx2bOGlKghmh6pN2ye-63D6kCk= | ID=401
16:30:25.953 [Expansion Quests] Updated and saved persistent player quest data for player with UID=zc8VdK3LmE4uE8VdKbx2bOGlKghmh6pN2ye-63D6kCk= | Quest ID=6801
16:30:30.812 [Expansion Quests] Added new objective data for type=TREASUREHUNT | Key=z63osPRVUnS8pzWmaenLtvu6c2gVxwL4gvA4elWPF5w= | ID=501
16:30:30.812 [Expansion Quests] Added new objective data for type=COLLECT | Key=z63osPRVUnS8pzWmaenLtvu6c2gVxwL4gvA4elWPF5w= | ID=401
16:30:30.816 [Expansion Quests] Updated and saved persistent player quest data for player with UID=z63osPRVUnS8pzWmaenLtvu6c2gVxwL4gvA4elWPF5w= | Quest ID=6801
16:30:32.617 [Expansion Quests] Added new objective data for type=TREASUREHUNT | Key=zc8VdK3LmE4uE8VdKbx2bOGlKghmh6pN2ye-63D6kCk= | ID=501
16:30:32.617 [Expansion Quests] Added new objective data for type=COLLECT | Key=zc8VdK3LmE4uE8VdKbx2bOGlKghmh6pN2ye-63D6kCk= | ID=401
16:30:32.617 [Expansion Quests] Updated and saved persistent player quest data for player with UID=zc8VdK3LmE4uE8VdKbx2bOGlKghmh6pN2ye-63D6kCk= | Quest ID=6801
16:30:40.648 [Expansion Quests] Added new objective data for type=TREASUREHUNT | Key=zc8VdK3LmE4uE8VdKbx2bOGlKghmh6pN2ye-63D6kCk= | ID=501
16:30:40.648 [Expansion Quests] Added new objective data for type=COLLECT | Key=zc8VdK3LmE4uE8VdKbx2bOGlKghmh6pN2ye-63D6kCk= | ID=401
16:30:40.652 [Expansion Quests] Updated and saved persistent player quest data for player with UID=zc8VdK3LmE4uE8VdKbx2bOGlKghmh6pN2ye-63D6kCk= | Quest ID=6801
16:31:07.312 [Expansion Quests] Added new objective data for type=TREASUREHUNT | Key=zc8VdK3LmE4uE8VdKbx2bOGlKghmh6pN2ye-63D6kCk= | ID=501
16:31:07.316 [Expansion Quests] Added new objective data for type=COLLECT | Key=zc8VdK3LmE4uE8VdKbx2bOGlKghmh6pN2ye-63D6kCk= | ID=401
16:31:07.316 [Expansion Quests] Updated and saved persistent player quest data for player with UID=zc8VdK3LmE4uE8VdKbx2bOGlKghmh6pN2ye-63D6kCk= | Quest ID=6801
16:31:37.722 [Expansion Quests] Added new objective data for type=TREASUREHUNT | Key=zc8VdK3LmE4uE8VdKbx2bOGlKghmh6pN2ye-63D6kCk= | ID=501
16:31:37.722 [Expansion Quests] Added new objective data for type=COLLECT | Key=zc8VdK3LmE4uE8VdKbx2bOGlKghmh6pN2ye-63D6kCk= | ID=401
16:31:37.722 [Expansion Quests] Updated and saved persistent player quest data for player with UID=zc8VdK3LmE4uE8VdKbx2bOGlKghmh6pN2ye-63D6kCk= | Quest ID=6801
16:31:38.863 [Expansion Quests] Added new objective data for type=TREASUREHUNT | Key=1OEPy6aKlMe0cmo8LieQDvVcsiu6iWAr2PUZdSF5eMI= | ID=501
16:31:38.863 [Expansion Quests] Added new objective data for type=COLLECT | Key=1OEPy6aKlMe0cmo8LieQDvVcsiu6iWAr2PUZdSF5eMI= | ID=401
16:31:38.867 [Expansion Quests] Updated and saved persistent player quest data for player with UID=1OEPy6aKlMe0cmo8LieQDvVcsiu6iWAr2PUZdSF5eMI= | Quest ID=6801
16:31:40.820 [Expansion Quests] Added new objective data for type=TREASUREHUNT | Key=zc8VdK3LmE4uE8VdKbx2bOGlKghmh6pN2ye-63D6kCk= | ID=501
16:31:40.820 [Expansion Quests] Added new objective data for type=COLLECT | Key=zc8VdK3LmE4uE8VdKbx2bOGlKghmh6pN2ye-63D6kCk= | ID=401
16:31:40.824 [Expansion Quests] Updated and saved persistent player quest data for player with UID=zc8VdK3LmE4uE8VdKbx2bOGlKghmh6pN2ye-63D6kCk= | Quest ID=6801
16:31:44.207 [Expansion Quests] Added new objective data for type=TREASUREHUNT | Key=1OEPy6aKlMe0cmo8LieQDvVcsiu6iWAr2PUZdSF5eMI= | ID=501
16:31:44.207 [Expansion Quests] Added new objective data for type=COLLECT | Key=1OEPy6aKlMe0cmo8LieQDvVcsiu6iWAr2PUZdSF5eMI= | ID=401
16:31:44.210 [Expansion Quests] Updated and saved persistent player quest data for player with UID=1OEPy6aKlMe0cmo8LieQDvVcsiu6iWAr2PUZdSF5eMI= | Quest ID=6801
16:31:45.847 [Expansion Quests] Added new objective data for type=TREASUREHUNT | Key=zc8VdK3LmE4uE8VdKbx2bOGlKghmh6pN2ye-63D6kCk= | ID=501
16:31:45.847 [Expansion Quests] Added new objective data for type=COLLECT | Key=zc8VdK3LmE4uE8VdKbx2bOGlKghmh6pN2ye-63D6kCk= | ID=401
16:31:45.847 [Expansion Quests] Updated and saved persistent player quest data for player with UID=zc8VdK3LmE4uE8VdKbx2bOGlKghmh6pN2ye-63D6kCk= | Quest ID=6801
16:31:47.605 [Expansion Quests] Added new objective data for type=TREASUREHUNT | Key=zc8VdK3LmE4uE8VdKbx2bOGlKghmh6pN2ye-63D6kCk= | ID=501
16:31:47.605 [Expansion Quests] Added new objective data for type=COLLECT | Key=zc8VdK3LmE4uE8VdKbx2bOGlKghmh6pN2ye-63D6kCk= | ID=401
16:31:47.605 [Expansion Quests] Updated and saved persistent player quest data for player with UID=zc8VdK3LmE4uE8VdKbx2bOGlKghmh6pN2ye-63D6kCk= | Quest ID=6801
16:31:54.914 [Expansion Quests] Added new objective data for type=TREASUREHUNT | Key=zc8VdK3LmE4uE8VdKbx2bOGlKghmh6pN2ye-63D6kCk= | ID=501
16:31:54.914 [Expansion Quests] Added new objective data for type=COLLECT | Key=zc8VdK3LmE4uE8VdKbx2bOGlKghmh6pN2ye-63D6kCk= | ID=401
16:31:54.914 [Expansion Quests] Updated and saved persistent player quest data for player with UID=zc8VdK3LmE4uE8VdKbx2bOGlKghmh6pN2ye-63D6kCk= | Quest ID=6801
16:31:59.851 [Expansion Quests] Added new objective data for type=TREASUREHUNT | Key=zc8VdK3LmE4uE8VdKbx2bOGlKghmh6pN2ye-63D6kCk= | ID=501
16:31:59.855 [Expansion Quests] Added new objective data for type=COLLECT | Key=zc8VdK3LmE4uE8VdKbx2bOGlKghmh6pN2ye-63D6kCk= | ID=401
16:31:59.855 [Expansion Quests] Updated and saved persistent player quest data for player with UID=zc8VdK3LmE4uE8VdKbx2bOGlKghmh6pN2ye-63D6kCk= | Quest ID=6801
