19:27:04.085 [Expansion Quests] Initialize quest system on the connected client with UID=1OEPy6aKlMe0cmo8LieQDvVcsiu6iWAr2PUZdSF5eMI=
19:27:04.117 [Expansion Quests] Loaded existing player quest data for player with UID=1OEPy6aKlMe0cmo8LieQDvVcsiu6iWAr2PUZdSF5eMI=
19:27:04.117 [Expansion Quests] Check quest initialization for quest with ID=8 | State=STARTED | Player UID=1OEPy6aKlMe0cmo8LieQDvVcsiu6iWAr2PUZdSF5eMI=
19:27:04.117 [Expansion Quests] Create new quest instance for quest with ID=8 | Player UID=1OEPy6aKlMe0cmo8LieQDvVcsiu6iWAr2PUZdSF5eMI=
19:27:04.117 [Expansion Quests] Check quest initialization for quest with ID=9 | State=STARTED | Player UID=1OEPy6aKlMe0cmo8LieQDvVcsiu6iWAr2PUZdSF5eMI=
19:27:04.117 [Expansion Quests] Create new quest instance for quest with ID=9 | Player UID=1OEPy6aKlMe0cmo8LieQDvVcsiu6iWAr2PUZdSF5eMI=
19:27:04.117 [Expansion Quests] Check quest initialization for quest with ID=11 | State=STARTED | Player UID=1OEPy6aKlMe0cmo8LieQDvVcsiu6iWAr2PUZdSF5eMI=
19:27:04.117 [Expansion Quests] Create new quest instance for quest with ID=11 | Player UID=1OEPy6aKlMe0cmo8LieQDvVcsiu6iWAr2PUZdSF5eMI=
19:27:04.117 [Expansion Quests] Check quest initialization for quest with ID=14 | State=COMPLETED | Player UID=1OEPy6aKlMe0cmo8LieQDvVcsiu6iWAr2PUZdSF5eMI=
19:27:04.117 [Expansion Quests] Quest with ID=1 is not a a valid achievement or auto start quest. Skip quest for player with UID=1OEPy6aKlMe0cmo8LieQDvVcsiu6iWAr2PUZdSF5eMI=
19:27:04.117 [Expansion Quests] Quest with ID=2 is not a a valid achievement or auto start quest. Skip quest for player with UID=1OEPy6aKlMe0cmo8LieQDvVcsiu6iWAr2PUZdSF5eMI=
19:27:04.117 [Expansion Quests] Quest with ID=3 is not a a valid achievement or auto start quest. Skip quest for player with UID=1OEPy6aKlMe0cmo8LieQDvVcsiu6iWAr2PUZdSF5eMI=
19:27:04.117 [Expansion Quests] Quest with ID=4 is not a a valid achievement or auto start quest. Skip quest for player with UID=1OEPy6aKlMe0cmo8LieQDvVcsiu6iWAr2PUZdSF5eMI=
19:27:04.117 [Expansion Quests] Quest with ID=5 is not a a valid achievement or auto start quest. Skip quest for player with UID=1OEPy6aKlMe0cmo8LieQDvVcsiu6iWAr2PUZdSF5eMI=
19:27:04.117 [Expansion Quests] Quest with ID=6 is not a a valid achievement or auto start quest. Skip quest for player with UID=1OEPy6aKlMe0cmo8LieQDvVcsiu6iWAr2PUZdSF5eMI=
19:27:04.117 [Expansion Quests] Quest with ID=7 is not a a valid achievement or auto start quest. Skip quest for player with UID=1OEPy6aKlMe0cmo8LieQDvVcsiu6iWAr2PUZdSF5eMI=
19:27:04.117 [Expansion Quests] Quest with ID=10 is not a a valid achievement or auto start quest. Skip quest for player with UID=1OEPy6aKlMe0cmo8LieQDvVcsiu6iWAr2PUZdSF5eMI=
19:27:04.117 [Expansion Quests] Quest with ID=12 is not a a valid achievement or auto start quest. Skip quest for player with UID=1OEPy6aKlMe0cmo8LieQDvVcsiu6iWAr2PUZdSF5eMI=
19:27:04.117 [Expansion Quests] Quest with ID=13 is not a a valid achievement or auto start quest. Skip quest for player with UID=1OEPy6aKlMe0cmo8LieQDvVcsiu6iWAr2PUZdSF5eMI=
19:27:04.117 [Expansion Quests] Quest with ID=15 is not a a valid achievement or auto start quest. Skip quest for player with UID=1OEPy6aKlMe0cmo8LieQDvVcsiu6iWAr2PUZdSF5eMI=
19:27:04.117 [Expansion Quests] Quest with ID=16 is not a a valid achievement or auto start quest. Skip quest for player with UID=1OEPy6aKlMe0cmo8LieQDvVcsiu6iWAr2PUZdSF5eMI=
19:27:04.117 [Expansion Quests] Quest with ID=17 is not a a valid achievement or auto start quest. Skip quest for player with UID=1OEPy6aKlMe0cmo8LieQDvVcsiu6iWAr2PUZdSF5eMI=
19:27:04.117 [Expansion Quests] Quest with ID=18 is not a a valid achievement or auto start quest. Skip quest for player with UID=1OEPy6aKlMe0cmo8LieQDvVcsiu6iWAr2PUZdSF5eMI=
19:27:04.117 [Expansion Quests] Quest with ID=19 is not a a valid achievement or auto start quest. Skip quest for player with UID=1OEPy6aKlMe0cmo8LieQDvVcsiu6iWAr2PUZdSF5eMI=
19:27:04.117 [Expansion Quests] Quest with ID=20 is not a a valid achievement or auto start quest. Skip quest for player with UID=1OEPy6aKlMe0cmo8LieQDvVcsiu6iWAr2PUZdSF5eMI=
19:27:04.125 [Expansion Quests] Quest with ID=21 is not a a valid achievement or auto start quest. Skip quest for player with UID=1OEPy6aKlMe0cmo8LieQDvVcsiu6iWAr2PUZdSF5eMI=
19:27:04.125 [Expansion Quests] Quest with ID=22 is not a a valid achievement or auto start quest. Skip quest for player with UID=1OEPy6aKlMe0cmo8LieQDvVcsiu6iWAr2PUZdSF5eMI=
19:27:04.125 [Expansion Quests] Quest with ID=23 is not a a valid achievement or auto start quest. Skip quest for player with UID=1OEPy6aKlMe0cmo8LieQDvVcsiu6iWAr2PUZdSF5eMI=
19:27:04.125 [Expansion Quests] Quest with ID=24 is not a a valid achievement or auto start quest. Skip quest for player with UID=1OEPy6aKlMe0cmo8LieQDvVcsiu6iWAr2PUZdSF5eMI=
19:27:04.125 [Expansion Quests] Sending 1OEPy6aKlMe0cmo8LieQDvVcsiu6iWAr2PUZdSF5eMI= quest configs to client for player with UID=1OEPy6aKlMe0cmo8LieQDvVcsiu6iWAr2PUZdSF5eMI=
19:27:04.125 [Expansion Quests] Sending player quest data for 4 quests to player with UID=1OEPy6aKlMe0cmo8LieQDvVcsiu6iWAr2PUZdSF5eMI=
19:27:11.750 [SpawnSelection] Player "Da da Ya" (id=1OEPy6aKlMe0cmo8LieQDvVcsiu6iWAr2PUZdSF5eMI=) spawned at <2031.425415, 1.290743, 2150.743408>
19:27:51.765 [Killfeed] AI Linda (Наёмники) был убит Da da Ya с КА-101 из 3 м расстояние.
19:28:21.476 [AI Patrol] Spawning 5 Tartilla_Squad(Storozh) bots at <2596.225586, 23.145018, 1307.846436>
19:29:41.546 [Killfeed] AI Baty (Tartilla_Squad(Storozh)) был убит Da da Ya с КА-101 из 91 м расстояние.
19:31:45.625 [MissionAirdrop] An airdrop is heading towards "Sosnovka" (pos=<2700.000000, 0.000000, 6193.000000> type=Random_Sosnovka) with a ExpansionAirdropContainer
19:32:00.390 [Killfeed] AI Peter (Tartilla_Squad(Storozh)) был убит Da da Ya с КА-74 из 3 м расстояние.
19:33:30.976 [Killfeed] AI Maria (Tartilla_Squad(Storozh)) умер от потери крови.
19:33:41.242 [Killfeed] AI Eva (Tartilla_Squad(Storozh)) был убит Da da Ya с КА-74 из 36 м расстояние.
19:37:00.765 [Killfeed] AI Kaito (Наёмники) был убит Da da Ya с LE-MAS из 10 м расстояние.
19:37:04.867 [Killfeed] AI Frida (Наёмники) был убит Da da Ya с LE-MAS из 3 м расстояние.
19:37:10.781 [Killfeed] Da da Ya был убит AI Judy (Наёмники) с M16-A2 из 17 м расстояние.
19:39:06.125 [SpawnSelection] Player "Da da Ya" (id=1OEPy6aKlMe0cmo8LieQDvVcsiu6iWAr2PUZdSF5eMI=) spawned at <6044.103027, 6.429995, 1871.500610>
19:39:06.125 [AI Object Patrol] Spawning 1 PoliceStationScavs_Tier_1 bots at <6633.093262, 13.969685, 2586.646240>
19:39:06.148 [AI Object Patrol] Spawning 2 FireStationScavs_Tier1 bots at <6262.113281, 8.619924, 2721.123047>
19:39:06.156 [AI Object Patrol] Spawning 2 Ordinary_Civilian bots at <6515.262207, 6.533941, 2307.472656>
19:39:06.171 [AI Patrol] Spawning 2 Ordinary_Scavengers_Tier_2(Hotel_Cherno) bots at <6603.194824, 6.273860, 2305.149902>
19:39:06.195 [AI Patrol] Spawning 1 Ordinary_Scavengers_Tier_1(Vysotovo) bots at <5494.505859, 61.052467, 2549.331543>
19:39:06.210 [AI Patrol] Spawning 1 Ordinary_Scavengers_Tier_1(Vysotovo) bots at <5939.506348, 68.740883, 2639.354004>
19:39:06.226 [AI Patrol] Spawning 1 Ordinary_Scavengers_Tier_1(Cherno_Med) bots at <6505.177734, 9.374206, 2717.857910>
19:39:23.132 [Killfeed] AI Elias (Tartilla_Squad(Storozh)) был убит AI Judy (Наёмники) с M16-A2 из 6 м расстояние.
19:39:26.367 [AI Patrol] Tartilla_Squad(Storozh) bots were wiped out (spawn position <2596.225586, 23.145018, 1307.846436>, 5/5 deceased)
19:39:42.640 [AI Object Patrol] Spawning 2 PoliceStationScavs_Tier_1 bots at <6202.298340, 32.781120, 2920.927002>
19:40:02.500 [AI Patrol] Spawning 1 Ordinary_Scavengers_Tier_1(Cherno_Exit) bots at <6613.649902, 13.869876, 3011.468018>
19:40:07.898 [AI Patrol] Spawning 1 Ordinary_Scavengers_Tier_1(Cherno_Oil) bots at <5889.606934, 9.010000, 2191.176025>
19:40:53.046 [Killfeed] AI Keiko (Ordinary_Civilian) был убит Da da Ya с Обрез LE-MAS из 7 м расстояние.
19:40:54.328 [Killfeed] AI Lewis (Ordinary_Civilian) был убит Da da Ya с Обрез LE-MAS из 7 м расстояние.
19:40:58.140 [AI Object Patrol] Ordinary_Civilian bots were wiped out (spawn position <6515.262207, 6.533941, 2307.472656>, 2/2 deceased)
19:42:23.187 [Killfeed] AI Indar (Ordinary_Scavengers_Tier_1(Cherno_Med)) был убит AI Francis (PoliceStationScavs_Tier_1) с Blaze из 8 м расстояние.
19:42:26.398 [AI Patrol] Ordinary_Scavengers_Tier_1(Cherno_Med) bots were wiped out (spawn position <6505.177734, 9.374206, 2717.857910>, 1/1 deceased)
19:42:27.679 [Killfeed] AI Gabi (Ordinary_Scavengers_Tier_2(Hotel_Cherno)) был убит Da da Ya с Обрез LE-MAS из 27 м расстояние.
19:42:43.101 [Killfeed] AI Irena (FireStationScavs_Tier1) был убит AI Irena (Ordinary_Scavengers_Tier_2(Hotel_Cherno)) с Обрез БК-43 из 5 м расстояние.
19:43:02.132 [Killfeed] AI Niki (PoliceStationScavs_Tier_1) был убит AI Boris (Ordinary_Scavengers_Tier_1(Cherno_Exit)) с CR-61 Skorpion из 3 м расстояние.
19:43:23.734 [Killfeed] AI Taiki (FireStationScavs_Tier1) был убит Da da Ya с БК-43 из 1 м расстояние.
19:43:27.781 [AI Object Patrol] FireStationScavs_Tier1 bots were wiped out (spawn position <6262.113281, 8.619924, 2721.123047>, 2/2 deceased)
19:43:57.304 [Killfeed] AI Francis (PoliceStationScavs_Tier_1) был убит AI Irena (Ordinary_Scavengers_Tier_2(Hotel_Cherno)) с Обрез БК-43 из 7 м расстояние.
19:44:01.242 [AI Object Patrol] PoliceStationScavs_Tier_1 bots were wiped out (spawn position <6633.093262, 13.969685, 2586.646240>, 1/1 deceased)
19:44:21.125 [Killfeed] AI Boris (Ordinary_Scavengers_Tier_1(Cherno_Exit)) был убит Da da Ya с БК-43 из 7 м расстояние.
19:44:21.562 [AI Patrol] Ordinary_Scavengers_Tier_1(Cherno_Exit) bots were wiped out (spawn position <6613.649902, 13.869876, 3011.468018>, 1/1 deceased)
19:45:31.906 [Killfeed] AI Guo (PoliceStationScavs_Tier_1) был убит Da da Ya с БК-43 из 14 м расстояние.
19:45:33.273 [AI Object Patrol] PoliceStationScavs_Tier_1 bots were wiped out (spawn position <6202.298340, 32.781120, 2920.927002>, 2/2 deceased)
19:46:33.554 [Killfeed] Da da Ya был убит.
19:46:59.335 [SpawnSelection] Player "Da da Ya" (id=1OEPy6aKlMe0cmo8LieQDvVcsiu6iWAr2PUZdSF5eMI=) spawned at <13534.671875, 1.644669, 6234.750000>
19:50:51.125 [AI Patrol] Despawning 1 Ordinary_Scavengers_Tier_1(Vysotovo) bots (spawn position <5939.506348, 68.740883, 2639.354004>, 0/1 deceased)
19:50:53.992 [VehicleEnter] Player Da da Ya [uid=1OEPy6aKlMe0cmo8LieQDvVcsiu6iWAr2PUZdSF5eMI=] entered vehicle Merlin (id=4A40E934B8483D9875A0FE937EAD415C pos=<495.322968, 421.949890, 11236.519531>) as passenger
19:50:58.375 [VehicleLeave] Player Da da Ya [uid=1OEPy6aKlMe0cmo8LieQDvVcsiu6iWAr2PUZdSF5eMI=] left vehicle Merlin (id=4A40E934B8483D9875A0FE937EAD415C pos=<495.322968, 421.949890, 11236.519531>)
19:51:01.234 [VehicleEnter] Player Da da Ya [uid=1OEPy6aKlMe0cmo8LieQDvVcsiu6iWAr2PUZdSF5eMI=] entered vehicle Merlin (id=4A40E934B8483D9875A0FE937EAD415C pos=<495.322815, 421.949738, 11236.520508>) as pilot
19:51:03.257 [VehicleEngine] Player Da da Ya [uid=1OEPy6aKlMe0cmo8LieQDvVcsiu6iWAr2PUZdSF5eMI=] started vehicle Merlin (id=4A40E934B8483D9875A0FE937EAD415C pos=<495.323242, 421.949738, 11236.520508>)
19:51:16.023 [AI Patrol] Despawning 1 Ordinary_Scavengers_Tier_1(Vysotovo) bots (spawn position <5494.505859, 61.052467, 2549.331543>, 0/1 deceased)
19:51:39.687 [VehicleLeave] Player Da da Ya [uid=1OEPy6aKlMe0cmo8LieQDvVcsiu6iWAr2PUZdSF5eMI=] left vehicle Merlin (id=4A40E934B8483D9875A0FE937EAD415C pos=<495.438477, 426.369171, 11247.591797>)
19:52:23.140 [ExplosionDamageSystem] About to explode ExpansionRocket_Ammo from Expansion_RPG_Explosion<69e735b0> at <491.11, 422.93, 11216.1> EXPLOSION range 12 dropoff 3
19:52:39.835 [ExplosionDamageSystem] About to explode ExpansionRocket_Ammo from Expansion_RPG_Explosion<69e6d200> at <524.77, 426.01, 11264.2> EXPLOSION range 12 dropoff 3
19:52:40.468 [ExplosionDamageSystem] About to explode ExpansionRocket_Ammo from Expansion_RPG_Explosion<69e73ec0> at <552.47, 425.29, 11300.4> EXPLOSION range 12 dropoff 3
19:52:46.421 [ExplosionDamageSystem] About to explode ExpansionRocket_Ammo from Expansion_RPG_Explosion<69e78740> at <495.45, 425.14, 11249.5> EXPLOSION range 12 dropoff 3
19:53:12.500 [VehicleEnter] Player Da da Ya [uid=1OEPy6aKlMe0cmo8LieQDvVcsiu6iWAr2PUZdSF5eMI=] entered vehicle Mh-6 Little Bird (id=48AD99FAB54D2C72258722B7826DC062 pos=<439.471802, 421.727570, 11148.309570>) as pilot
19:53:14.468 [VehicleEngine] Player Da da Ya [uid=1OEPy6aKlMe0cmo8LieQDvVcsiu6iWAr2PUZdSF5eMI=] started vehicle Mh-6 Little Bird (id=48AD99FAB54D2C72258722B7826DC062 pos=<439.471832, 421.727570, 11148.309570>)
19:56:13.906 [AI Object Patrol] Spawning 2 Ordinary_Civilian bots at <1460.349487, 283.813843, 11951.206055>
19:56:20.015 [AI Object Patrol] Spawning 1 Ordinary_Civilian bots at <2215.072510, 265.652069, 11098.593750>
19:56:35.726 [AI Patrol] Despawning 1 Ordinary_Scavengers_Tier_2(Hotel_Cherno) bots (spawn position <6603.194824, 6.273860, 2305.149902>, 1/2 deceased)
19:56:35.875 [AI Patrol] Despawning 1 Ordinary_Scavengers_Tier_1(Cherno_Oil) bots (spawn position <5889.606934, 9.010000, 2191.176025>, 0/1 deceased)
19:57:00.304 [AI Object Patrol] Spawning 2 Ordinary_Civilian bots at <2752.342285, 274.445557, 9984.967773>
19:59:23.015 [VehicleLeave] Player Da da Ya [uid=1OEPy6aKlMe0cmo8LieQDvVcsiu6iWAr2PUZdSF5eMI=] left vehicle Mh-6 Little Bird (id=48AD99FAB54D2C72258722B7826DC062 pos=<4682.821777, 473.166138, 10608.846680>)
19:59:43.179 [VehicleEnter] Player Da da Ya [uid=1OEPy6aKlMe0cmo8LieQDvVcsiu6iWAr2PUZdSF5eMI=] entered vehicle Mh-6 Little Bird (id=48AD99FAB54D2C72258722B7826DC062 pos=<4682.988770, 340.061523, 10608.736328>) as pilot
19:59:46.929 [VehicleEngine] Player Da da Ya [uid=1OEPy6aKlMe0cmo8LieQDvVcsiu6iWAr2PUZdSF5eMI=] started vehicle Mh-6 Little Bird (id=48AD99FAB54D2C72258722B7826DC062 pos=<4682.987305, 340.061829, 10608.736328>)
20:00:01.945 [VehicleEngine] Player Da da Ya [uid=1OEPy6aKlMe0cmo8LieQDvVcsiu6iWAr2PUZdSF5eMI=] stopped vehicle Mh-6 Little Bird (id=48AD99FAB54D2C72258722B7826DC062 pos=<4680.549805, 446.706207, 10610.922852>)
20:00:16.960 [VehicleLeave] Player Da da Ya [uid=1OEPy6aKlMe0cmo8LieQDvVcsiu6iWAr2PUZdSF5eMI=] left vehicle Mh-6 Little Bird (id=48AD99FAB54D2C72258722B7826DC062 pos=<4621.214844, 340.801361, 10634.578125>)
20:02:19.195 [Expansion Quests] Deleted quest with ID=8 is a of player with UID=1OEPy6aKlMe0cmo8LieQDvVcsiu6iWAr2PUZdSF5eMI=.
20:02:19.195 [Expansion Quests] Deleted quest with ID=9 is a of player with UID=1OEPy6aKlMe0cmo8LieQDvVcsiu6iWAr2PUZdSF5eMI=.
20:02:19.195 [Expansion Quests] Deleted quest with ID=11 is a of player with UID=1OEPy6aKlMe0cmo8LieQDvVcsiu6iWAr2PUZdSF5eMI=.
