00:19:52.826 [Expansion Quests] Added objects set for quest ID=5401 from file=q5301
00:19:52.869 [Expansion Quests] Added objects set for quest ID=2202 from file=q2202
00:19:52.869 [Expansion Quests] Added objects set for quest ID=2203 from file=q2203
00:19:52.869 [Expansion Quests] Added objects set for quest ID=2204 from file=q2204
00:19:52.869 [Expansion Quests] Added objects set for quest ID=2101 from file=q2101
00:19:52.869 [Expansion Quests] Added objects set for quest ID=61601 from file=q61601
00:19:52.869 [Expansion Quests] Added objects set for quest ID=2102 from file=q2102
00:19:52.869 [Expansion Quests] Added objects set for quest ID=2103 from file=q2103
00:19:52.869 [Expansion Quests] Added objects set for quest ID=2104 from file=q2104
00:19:52.885 [Expansion Quests] Added objects set for quest ID=2105 from file=q2105
00:19:52.885 [Expansion Quests] Added objects set for quest ID=6501 from file=q6501
00:19:52.885 [Expansion Quests] Added objects set for quest ID=5301 from file=q5301
00:19:52.885 [Expansion Quests] Added objects set for quest ID=5302 from file=q5302
00:19:52.885 [Expansion Quests] Added objects set for quest ID=5303 from file=q5303
00:19:52.885 [Expansion Quests] Added objects set for quest ID=5304 from file=q5304
00:19:52.885 [Expansion Quests] Added objects set for quest ID=61501 from file=q61501
00:19:52.885 [Expansion Quests] Added objects set for quest ID=61502 from file=q61502
00:19:52.885 [Expansion Quests] Added objects set for quest ID=61001 from file=q61001
00:19:52.886 [Expansion Quests] Added objects set for quest ID=2201 from file=q2201
00:19:52.886 [Expansion Quests] Added objects set for quest ID=1101 from file=q1101
00:19:52.886 [Expansion Quests] Added objects set for quest ID=1102 from file=q1102
00:19:52.886 [Expansion Quests] Added objects set for quest ID=1103 from file=q1102
00:19:52.886 [Expansion Quests] Added objects set for quest ID=1104 from file=q1104
00:19:52.886 [Expansion Quests] Added objects set for quest ID=1105 from file=q1105
00:19:52.886 [Expansion Quests] Added objects set for quest ID=5202 from file=q5202
00:19:52.888 [Expansion Quests] Added objects set for quest ID=5203 from file=q5203
00:19:52.888 [Expansion Quests] Added objects set for quest ID=2205 from file=q2205
00:19:52.888 [Expansion Quests] Added objects set for quest ID=6601 from file=q6601
00:19:52.888 [Expansion Quests] Added objects set for quest ID=5101 from file=q5101
00:19:52.888 [Expansion Quests] Added objects set for quest ID=5102 from file=q5102
00:19:52.888 [Expansion Quests] Added objects set for quest ID=5201 from file=q5201
00:22:10.047 [Party] Player "Tonby" (id=1OEPy6aKlMe0cmo8LieQDvVcsiu6iWAr2PUZdSF5eMI=) joinded the party "Knight Fallen" (id=1 ownerUID=1OEPy6aKlMe0cmo8LieQDvVcsiu6iWAr2PUZdSF5eMI= ownerName=Survivor)
00:22:10.047 [Expansion Quests] Initialize quest system on the connected client with UID=1OEPy6aKlMe0cmo8LieQDvVcsiu6iWAr2PUZdSF5eMI=
00:22:10.145 [Expansion Quests] Loaded existing player quest data for player with UID=1OEPy6aKlMe0cmo8LieQDvVcsiu6iWAr2PUZdSF5eMI=
00:22:10.159 [Expansion Quests] Loaded existing group quest data for group with ID=1
00:22:10.160 [Expansion Quests] Check quest initialization for quest with ID=61301 | State=NONE | Player UID=1OEPy6aKlMe0cmo8LieQDvVcsiu6iWAr2PUZdSF5eMI=
00:22:10.160 [Expansion Quests] Check quest initialization for quest with ID=6401 | State=COMPLETED | Player UID=1OEPy6aKlMe0cmo8LieQDvVcsiu6iWAr2PUZdSF5eMI=
00:22:10.160 [Expansion Quests] Check quest initialization for quest with ID=5101 | State=NONE | Player UID=1OEPy6aKlMe0cmo8LieQDvVcsiu6iWAr2PUZdSF5eMI=
00:22:10.161 [Expansion Quests] Check quest initialization for quest with ID=101 | State=COMPLETED | Player UID=1OEPy6aKlMe0cmo8LieQDvVcsiu6iWAr2PUZdSF5eMI=
00:22:10.161 [Expansion Quests] Check quest initialization for quest with ID=61101 | State=COMPLETED | Player UID=1OEPy6aKlMe0cmo8LieQDvVcsiu6iWAr2PUZdSF5eMI=
00:22:10.161 [Expansion Quests] Check quest initialization for quest with ID=6601 | State=COMPLETED | Player UID=1OEPy6aKlMe0cmo8LieQDvVcsiu6iWAr2PUZdSF5eMI=
00:22:10.161 [Expansion Quests] Check quest initialization for quest with ID=6101 | State=COMPLETED | Player UID=1OEPy6aKlMe0cmo8LieQDvVcsiu6iWAr2PUZdSF5eMI=
00:22:10.161 [Expansion Quests] Check quest initialization for quest with ID=6701 | State=COMPLETED | Player UID=1OEPy6aKlMe0cmo8LieQDvVcsiu6iWAr2PUZdSF5eMI=
00:22:10.161 [Expansion Quests] Check quest initialization for quest with ID=1102 | State=NONE | Player UID=1OEPy6aKlMe0cmo8LieQDvVcsiu6iWAr2PUZdSF5eMI=
00:22:10.161 [Expansion Quests] Check quest initialization for quest with ID=1103 | State=NONE | Player UID=1OEPy6aKlMe0cmo8LieQDvVcsiu6iWAr2PUZdSF5eMI=
00:22:10.161 [Expansion Quests] Check quest initialization for quest with ID=6501 | State=COMPLETED | Player UID=1OEPy6aKlMe0cmo8LieQDvVcsiu6iWAr2PUZdSF5eMI=
00:22:10.161 [Expansion Quests] Check quest initialization for quest with ID=6801 | State=COMPLETED | Player UID=1OEPy6aKlMe0cmo8LieQDvVcsiu6iWAr2PUZdSF5eMI=
00:22:10.162 [Expansion Quests] Check quest initialization for quest with ID=1104 | State=NONE | Player UID=1OEPy6aKlMe0cmo8LieQDvVcsiu6iWAr2PUZdSF5eMI=
00:22:10.162 [Expansion Quests] Check quest initialization for quest with ID=1101 | State=NONE | Player UID=1OEPy6aKlMe0cmo8LieQDvVcsiu6iWAr2PUZdSF5eMI=
00:22:10.162 [Expansion Quests] Check quest initialization for quest with ID=6901 | State=COMPLETED | Player UID=1OEPy6aKlMe0cmo8LieQDvVcsiu6iWAr2PUZdSF5eMI=
00:22:10.162 [Expansion Quests] Check quest initialization for quest with ID=2101 | State=COMPLETED | Player UID=1OEPy6aKlMe0cmo8LieQDvVcsiu6iWAr2PUZdSF5eMI=
00:22:10.164 [Expansion Quests] Check quest initialization for quest with ID=61501 | State=NONE | Player UID=1OEPy6aKlMe0cmo8LieQDvVcsiu6iWAr2PUZdSF5eMI=
00:22:10.164 [Expansion Quests] Check quest initialization for quest with ID=6201 | State=COMPLETED | Player UID=1OEPy6aKlMe0cmo8LieQDvVcsiu6iWAr2PUZdSF5eMI=
00:22:10.164 [Expansion Quests] Check quest initialization for quest with ID=61001 | State=COMPLETED | Player UID=1OEPy6aKlMe0cmo8LieQDvVcsiu6iWAr2PUZdSF5eMI=
00:22:10.164 [Expansion Quests] Check quest initialization for quest with ID=6301 | State=COMPLETED | Player UID=1OEPy6aKlMe0cmo8LieQDvVcsiu6iWAr2PUZdSF5eMI=
00:22:10.164 [Expansion Quests] Check quest initialization for quest with ID=61502 | State=COMPLETED | Player UID=1OEPy6aKlMe0cmo8LieQDvVcsiu6iWAr2PUZdSF5eMI=
00:22:10.165 [Expansion Quests] Quest with ID=6401 is not a a valid achievement or auto start quest. Skip quest for player with UID=1OEPy6aKlMe0cmo8LieQDvVcsiu6iWAr2PUZdSF5eMI=
00:22:10.165 [Expansion Quests] Quest with ID=6701 is not a a valid achievement or auto start quest. Skip quest for player with UID=1OEPy6aKlMe0cmo8LieQDvVcsiu6iWAr2PUZdSF5eMI=
00:22:10.165 [Expansion Quests] Quest with ID=61201 is not a a valid achievement or auto start quest. Skip quest for player with UID=1OEPy6aKlMe0cmo8LieQDvVcsiu6iWAr2PUZdSF5eMI=
00:22:10.165 [Expansion Quests] Quest with ID=5401 is not a a valid achievement or auto start quest. Skip quest for player with UID=1OEPy6aKlMe0cmo8LieQDvVcsiu6iWAr2PUZdSF5eMI=
00:22:10.166 [Expansion Quests] Quest with ID=2202 is not a a valid achievement or auto start quest. Skip quest for player with UID=1OEPy6aKlMe0cmo8LieQDvVcsiu6iWAr2PUZdSF5eMI=
00:22:10.166 [Expansion Quests] Quest with ID=2203 is not a a valid achievement or auto start quest. Skip quest for player with UID=1OEPy6aKlMe0cmo8LieQDvVcsiu6iWAr2PUZdSF5eMI=
00:22:10.166 [Expansion Quests] Quest with ID=2204 is not a a valid achievement or auto start quest. Skip quest for player with UID=1OEPy6aKlMe0cmo8LieQDvVcsiu6iWAr2PUZdSF5eMI=
00:22:10.166 [Expansion Quests] Quest with ID=6301 is not a a valid achievement or auto start quest. Skip quest for player with UID=1OEPy6aKlMe0cmo8LieQDvVcsiu6iWAr2PUZdSF5eMI=
00:22:10.166 [Expansion Quests] Quest with ID=2101 is not a a valid achievement or auto start quest. Skip quest for player with UID=1OEPy6aKlMe0cmo8LieQDvVcsiu6iWAr2PUZdSF5eMI=
00:22:10.166 [Expansion Quests] Quest with ID=61601 is not a a valid achievement or auto start quest. Skip quest for player with UID=1OEPy6aKlMe0cmo8LieQDvVcsiu6iWAr2PUZdSF5eMI=
00:22:10.166 [Expansion Quests] Quest with ID=2102 is not a a valid achievement or auto start quest. Skip quest for player with UID=1OEPy6aKlMe0cmo8LieQDvVcsiu6iWAr2PUZdSF5eMI=
00:22:10.166 [Expansion Quests] Quest with ID=2103 is not a a valid achievement or auto start quest. Skip quest for player with UID=1OEPy6aKlMe0cmo8LieQDvVcsiu6iWAr2PUZdSF5eMI=
00:22:10.166 [Expansion Quests] Quest with ID=2104 is not a a valid achievement or auto start quest. Skip quest for player with UID=1OEPy6aKlMe0cmo8LieQDvVcsiu6iWAr2PUZdSF5eMI=
00:22:10.167 [Expansion Quests] Quest with ID=2105 is not a a valid achievement or auto start quest. Skip quest for player with UID=1OEPy6aKlMe0cmo8LieQDvVcsiu6iWAr2PUZdSF5eMI=
00:22:10.167 [Expansion Quests] Quest with ID=61101 is not a a valid achievement or auto start quest. Skip quest for player with UID=1OEPy6aKlMe0cmo8LieQDvVcsiu6iWAr2PUZdSF5eMI=
00:22:10.167 [Expansion Quests] Quest with ID=6501 is not a a valid achievement or auto start quest. Skip quest for player with UID=1OEPy6aKlMe0cmo8LieQDvVcsiu6iWAr2PUZdSF5eMI=
00:22:10.167 [Expansion Quests] Quest with ID=62001 is not a a valid achievement or auto start quest. Skip quest for player with UID=1OEPy6aKlMe0cmo8LieQDvVcsiu6iWAr2PUZdSF5eMI=
00:22:10.167 [Expansion Quests] Quest with ID=6801 is not a a valid achievement or auto start quest. Skip quest for player with UID=1OEPy6aKlMe0cmo8LieQDvVcsiu6iWAr2PUZdSF5eMI=
00:22:10.168 [Expansion Quests] Quest with ID=5301 is not a a valid achievement or auto start quest. Skip quest for player with UID=1OEPy6aKlMe0cmo8LieQDvVcsiu6iWAr2PUZdSF5eMI=
00:22:10.168 [Expansion Quests] Quest with ID=5302 is not a a valid achievement or auto start quest. Skip quest for player with UID=1OEPy6aKlMe0cmo8LieQDvVcsiu6iWAr2PUZdSF5eMI=
00:22:10.168 [Expansion Quests] Quest with ID=5303 is not a a valid achievement or auto start quest. Skip quest for player with UID=1OEPy6aKlMe0cmo8LieQDvVcsiu6iWAr2PUZdSF5eMI=
00:22:10.168 [Expansion Quests] Quest with ID=5304 is not a a valid achievement or auto start quest. Skip quest for player with UID=1OEPy6aKlMe0cmo8LieQDvVcsiu6iWAr2PUZdSF5eMI=
00:22:10.170 [Expansion Quests] Quest with ID=6201 is not a a valid achievement or auto start quest. Skip quest for player with UID=1OEPy6aKlMe0cmo8LieQDvVcsiu6iWAr2PUZdSF5eMI=
00:22:10.170 [Expansion Quests] Quest with ID=61501 is not a a valid achievement or auto start quest. Skip quest for player with UID=1OEPy6aKlMe0cmo8LieQDvVcsiu6iWAr2PUZdSF5eMI=
00:22:10.170 [Expansion Quests] Quest with ID=61502 is not a a valid achievement or auto start quest. Skip quest for player with UID=1OEPy6aKlMe0cmo8LieQDvVcsiu6iWAr2PUZdSF5eMI=
00:22:10.170 [Expansion Quests] Quest with ID=61001 is not a a valid achievement or auto start quest. Skip quest for player with UID=1OEPy6aKlMe0cmo8LieQDvVcsiu6iWAr2PUZdSF5eMI=
00:22:10.170 [Expansion Quests] Quest with ID=2201 is not a a valid achievement or auto start quest. Skip quest for player with UID=1OEPy6aKlMe0cmo8LieQDvVcsiu6iWAr2PUZdSF5eMI=
00:22:10.171 [Expansion Quests] Quest with ID=1101 is not a a valid achievement or auto start quest. Skip quest for player with UID=1OEPy6aKlMe0cmo8LieQDvVcsiu6iWAr2PUZdSF5eMI=
00:22:10.171 [Expansion Quests] Quest with ID=1102 is not a a valid achievement or auto start quest. Skip quest for player with UID=1OEPy6aKlMe0cmo8LieQDvVcsiu6iWAr2PUZdSF5eMI=
00:22:10.171 [Expansion Quests] Quest with ID=1103 is not a a valid achievement or auto start quest. Skip quest for player with UID=1OEPy6aKlMe0cmo8LieQDvVcsiu6iWAr2PUZdSF5eMI=
00:22:10.171 [Expansion Quests] Quest with ID=1104 is not a a valid achievement or auto start quest. Skip quest for player with UID=1OEPy6aKlMe0cmo8LieQDvVcsiu6iWAr2PUZdSF5eMI=
00:22:10.171 [Expansion Quests] Quest with ID=1105 is not a a valid achievement or auto start quest. Skip quest for player with UID=1OEPy6aKlMe0cmo8LieQDvVcsiu6iWAr2PUZdSF5eMI=
00:22:10.171 [Expansion Quests] Quest with ID=5202 is not a a valid achievement or auto start quest. Skip quest for player with UID=1OEPy6aKlMe0cmo8LieQDvVcsiu6iWAr2PUZdSF5eMI=
00:22:10.171 [Expansion Quests] Quest with ID=5203 is not a a valid achievement or auto start quest. Skip quest for player with UID=1OEPy6aKlMe0cmo8LieQDvVcsiu6iWAr2PUZdSF5eMI=
00:22:10.171 [Expansion Quests] Quest with ID=6101 is not a a valid achievement or auto start quest. Skip quest for player with UID=1OEPy6aKlMe0cmo8LieQDvVcsiu6iWAr2PUZdSF5eMI=
00:22:10.171 [Expansion Quests] Quest with ID=2205 is not a a valid achievement or auto start quest. Skip quest for player with UID=1OEPy6aKlMe0cmo8LieQDvVcsiu6iWAr2PUZdSF5eMI=
00:22:10.171 [Expansion Quests] Quest with ID=61401 is not a a valid achievement or auto start quest. Skip quest for player with UID=1OEPy6aKlMe0cmo8LieQDvVcsiu6iWAr2PUZdSF5eMI=
00:22:10.171 [Expansion Quests] Quest with ID=6601 is not a a valid achievement or auto start quest. Skip quest for player with UID=1OEPy6aKlMe0cmo8LieQDvVcsiu6iWAr2PUZdSF5eMI=
00:22:10.172 [Expansion Quests] Quest with ID=6901 is not a a valid achievement or auto start quest. Skip quest for player with UID=1OEPy6aKlMe0cmo8LieQDvVcsiu6iWAr2PUZdSF5eMI=
00:22:10.172 [Expansion Quests] Quest with ID=5101 is not a a valid achievement or auto start quest. Skip quest for player with UID=1OEPy6aKlMe0cmo8LieQDvVcsiu6iWAr2PUZdSF5eMI=
00:22:10.172 [Expansion Quests] Quest with ID=5102 is not a a valid achievement or auto start quest. Skip quest for player with UID=1OEPy6aKlMe0cmo8LieQDvVcsiu6iWAr2PUZdSF5eMI=
00:22:10.172 [Expansion Quests] Quest with ID=5201 is not a a valid achievement or auto start quest. Skip quest for player with UID=1OEPy6aKlMe0cmo8LieQDvVcsiu6iWAr2PUZdSF5eMI=
00:22:10.172 [Expansion Quests] Quest with ID=61301 is not a a valid achievement or auto start quest. Skip quest for player with UID=1OEPy6aKlMe0cmo8LieQDvVcsiu6iWAr2PUZdSF5eMI=
00:22:10.172 [Expansion Quests] Quest with ID=2301 is not a a valid achievement or auto start quest. Skip quest for player with UID=1OEPy6aKlMe0cmo8LieQDvVcsiu6iWAr2PUZdSF5eMI=
00:22:10.177 [Expansion Quests] Sending 1OEPy6aKlMe0cmo8LieQDvVcsiu6iWAr2PUZdSF5eMI= quest configs to client for player with UID=1OEPy6aKlMe0cmo8LieQDvVcsiu6iWAr2PUZdSF5eMI=
00:22:10.177 [Expansion Quests] Sending player quest data for 21 quests to player with UID=1OEPy6aKlMe0cmo8LieQDvVcsiu6iWAr2PUZdSF5eMI=
00:22:10.190 [AI Patrol 00090] Spawning 1 Electro_Tier1 (Raiders) bots at <10220.439453, 40.502998, 2528.134277>
00:22:10.228 [AI Patrol 00090] Global patrol count: 1
00:22:11.003 [Expansion Quests] - LoadGroupQuestData - Got cached group quest data for group with ID=1
00:23:24.643 [AI Object Patrol 00170] Spawning 2 FirelStation_Tier2 (Raiders) bots at <10279.909180, 6.015416, 2190.060791>
00:23:24.661 [AI Object Patrol 00170] Global patrol count: 2
00:25:57.030 [Killfeed] AI Judy (FirelStation_Tier2) был убит AI Helga (Запад) с M16-A2 из 8 м расстояние.
00:25:58.540 [MissionAirdrop] An airdrop is heading towards "Elektrozavodsk" (pos=<9371.000000, 0.000000, 2229.000000> type=Random_Elektrozavodsk) with a ExpansionAirdropContainer_Basebuilding
00:26:05.953 [Killfeed] AI Keiko (FirelStation_Tier2) был убит AI Niki (Запад) с M16-A2 из 22 м расстояние.
00:26:08.582 [AI Object Patrol 00170] FirelStation_Tier2 (Raiders) bots were wiped out (spawn position <10279.909180, 6.015416, 2190.060791>, 2/2 deceased)
00:26:08.582 [AI Object Patrol 00170] Global patrol count: 1
00:27:02.482 [VehicleEnter] Player "Tonby" (id=1OEPy6aKlMe0cmo8LieQDvVcsiu6iWAr2PUZdSF5eMI=) entered vehicle M1025 (id=F020874BDE4A059493BB999FC60325BD pos=<10626.4, 6.02, 2332.46>) as driver
00:27:09.645 [VehicleEngine] Player "Tonby" [uid=1OEPy6aKlMe0cmo8LieQDvVcsiu6iWAr2PUZdSF5eMI=] started vehicle M1025 (id=F020874BDE4A059493BB999FC60325BD pos=<10626.357422, 6.019805, 2332.462158>)
00:27:28.926 [AI Object Patrol 00173] Spawning 1 HospitalStation_Tier2 (Raiders) bots at <10270.905273, 11.944816, 2273.101074>
00:27:28.966 [AI Object Patrol 00173] Global patrol count: 2
00:29:13.551 [AI Patrol 00091] Spawning 1 Electro_Tier1 (Raiders) bots at <9991.177734, 6.026737, 1780.219727>
00:29:13.576 [AI Patrol 00091] Global patrol count: 3
00:29:15.770 [AI Object Patrol 00060] Spawning 1 WaterPump_Tier0 (Raiders) bots at <9804.940430, 29.363321, 2223.297363>
00:29:15.786 [AI Object Patrol 00060] Global patrol count: 4
00:30:02.733 [VehicleLeave] Player "Tonby" (id=1OEPy6aKlMe0cmo8LieQDvVcsiu6iWAr2PUZdSF5eMI=) left vehicle M1025 (id=F020874BDE4A059493BB999FC60325BD pos=<10366.8, 5.81, 2188.71>)
00:30:55.590 [ExplosionDamageSystem] About to explode M67Grenade_Ammo from M67Grenade<f22d1b80> at <10375.4, 5.97, 2199.92> EXPLOSION range 20 dropoff 5
00:30:55.619 [Killfeed] AI Niki (Запад) умер от взрыва Оск. граната 6-M7.
00:31:21.204 [ExplosionDamageSystem] About to explode M67Grenade_Ammo from M67Grenade<f22cc710> at <10363.5, 5.84, 2182.58> EXPLOSION range 20 dropoff 5
00:32:05.312 [VehicleEnter] Player "Tonby" (id=1OEPy6aKlMe0cmo8LieQDvVcsiu6iWAr2PUZdSF5eMI=) entered vehicle M1025 (id=F020874BDE4A059493BB999FC60325BD pos=<10366.8, 5.81, 2188.71>) as driver
00:32:07.569 [VehicleEngine] Player "Tonby" [uid=1OEPy6aKlMe0cmo8LieQDvVcsiu6iWAr2PUZdSF5eMI=] started vehicle M1025 (id=F020874BDE4A059493BB999FC60325BD pos=<10366.762695, 5.813533, 2188.707520>)
00:32:36.130 [AI Object Patrol 00059] Spawning 3 OilStation_Tier2RR (Raiders) bots at <9534.422852, 5.729471, 1992.789551>
00:32:36.159 [AI Object Patrol 00059] Global patrol count: 5
00:32:36.904 [AI Patrol 00089] Spawning 2 Electro_Tier2 (Raiders) bots at <10468.409180, 6.065974, 2362.711426>
00:32:36.924 [AI Patrol 00089] Global patrol count: 6
00:32:45.253 [VehicleLeave] Player "Tonby" (id=1OEPy6aKlMe0cmo8LieQDvVcsiu6iWAr2PUZdSF5eMI=) left vehicle M1025 (id=F020874BDE4A059493BB999FC60325BD pos=<10109.9, 5.8, 2096.27>)
00:33:21.010 [Killfeed] AI Elias (HospitalStation_Tier2) был убит AI Maria (Запад) с M4-A1 из 61 м расстояние.
00:33:24.868 [AI Object Patrol 00173] HospitalStation_Tier2 (Raiders) bots were wiped out (spawn position <10270.905273, 11.944816, 2273.101074>, 1/1 deceased)
00:33:24.868 [AI Object Patrol 00173] Global patrol count: 5
00:33:31.060 [Killfeed] AI Linda (Electro_Tier2) был убит AI Maria (Запад) с M4-A1 из 83 м расстояние.
00:34:21.531 [Killfeed] AI Jose (Electro_Tier2) был убит AI Helga (Запад) с M16-A2 из 29 м расстояние.
00:34:23.844 [AI Patrol 00089] Electro_Tier2 (Raiders) bots were wiped out (spawn position <10468.409180, 6.065974, 2362.711426>, 2/2 deceased)
00:34:23.844 [AI Patrol 00089] Global patrol count: 4
00:34:32.455 [VehicleEnter] Player "Tonby" (id=1OEPy6aKlMe0cmo8LieQDvVcsiu6iWAr2PUZdSF5eMI=) entered vehicle M1025 (id=F020874BDE4A059493BB999FC60325BD pos=<10109.9, 5.8, 2096.27>) as driver
00:34:34.661 [VehicleEngine] Player "Tonby" [uid=1OEPy6aKlMe0cmo8LieQDvVcsiu6iWAr2PUZdSF5eMI=] started vehicle M1025 (id=F020874BDE4A059493BB999FC60325BD pos=<10109.911133, 5.799923, 2096.272949>)
00:34:53.614 [AI Object Patrol 00172] Spawning 2 PoliceStation_Tier2 (Raiders) bots at <10457.216797, 13.914003, 2267.043701>
00:34:53.640 [AI Object Patrol 00172] Global patrol count: 5
00:35:00.535 [AI Object Patrol 00010] Spawning 1 WaterPump_Tier0 (Raiders) bots at <10417.138672, 6.000000, 2215.034424>
00:35:00.544 [AI Object Patrol 00010] Global patrol count: 6
00:35:03.105 [VehicleLeave] Player "Tonby" (id=1OEPy6aKlMe0cmo8LieQDvVcsiu6iWAr2PUZdSF5eMI=) left vehicle M1025 (id=F020874BDE4A059493BB999FC60325BD pos=<10005.9, 6.03, 2069.12>)
00:35:17.894 [Killfeed] AI Maria (Запад) был убит AI Denis (WaterPump_Tier0) голыми руками.
00:36:18.102 [VehicleDeleted] Offroad_02 (id=4AC8B0E3F545ACB2D9D4FEB66F643777 pos=<14025.4, 12.09, 13168.9>)
00:37:03.218 [Killfeed] AI Denis (WaterPump_Tier0) был убит AI Frida (PoliceStation_Tier2) с M9 из 4 м расстояние.
00:37:04.479 [AI Object Patrol 00010] WaterPump_Tier0 (Raiders) bots were wiped out (spawn position <10417.138672, 6.000000, 2215.034424>, 1/1 deceased)
00:37:04.479 [AI Object Patrol 00010] Global patrol count: 5
00:37:15.050 [Killfeed] AI Mirek (Запад) был убит зараженным.
00:37:21.436 [Killfeed] AI Gabi (Electro_Tier1) был убит [Knigh] Tonby с M249 SAW из 51 м расстояние.
00:37:24.053 [AI Patrol 00091] Electro_Tier1 (Raiders) bots were wiped out (spawn position <9991.177734, 6.026737, 1780.219727>, 1/1 deceased)
00:37:24.053 [AI Patrol 00091] Global patrol count: 4
00:37:29.905 [Killfeed] AI Frida (PoliceStation_Tier2) был убит AI Irena (Запад) с M4-A1 из 54 м расстояние.
00:39:11.601 [VehicleEnter] Player "Tonby" (id=1OEPy6aKlMe0cmo8LieQDvVcsiu6iWAr2PUZdSF5eMI=) entered vehicle M1025 (id=C22645CC4A45D1AE9E96499D79037470 pos=<5162.88, 5.99, 2087.63>) as driver
00:39:14.896 [VehicleEngine] Player "Tonby" [uid=1OEPy6aKlMe0cmo8LieQDvVcsiu6iWAr2PUZdSF5eMI=] started vehicle M1025 (id=C22645CC4A45D1AE9E96499D79037470 pos=<5162.881348, 5.994771, 2087.629639>)
00:39:29.172 [AI Patrol 00103] Spawning 1 Vysotovo_Tier1 (Raiders) bots at <5766.817383, 105.502998, 2410.304688>
00:39:29.195 [AI Patrol 00103] Global patrol count: 5
00:39:32.748 [AI Object Patrol 00005] Spawning 2 OilStation_Tier2RR (Raiders) bots at <5881.893555, 9.010000, 2207.417236>
00:39:32.766 [AI Object Patrol 00005] Global patrol count: 6
00:39:54.034 [AI Patrol 00101] Spawning 1 Vysotovo_Tier1 (Raiders) bots at <5832.379883, 97.502998, 2648.448730>
00:39:54.063 [AI Patrol 00101] Global patrol count: 7
00:39:57.029 [Killfeed] AI Linda (PoliceStation_Tier2) умер от потери крови.
00:39:58.555 [AI Object Patrol 00172] PoliceStation_Tier2 (Raiders) bots were wiped out (spawn position <10457.216797, 13.914003, 2267.043701>, 2/2 deceased)
00:39:58.555 [AI Object Patrol 00172] Global patrol count: 6
00:40:04.549 [AI Patrol 00102] Spawning 1 Vysotovo_Tier1 (Raiders) bots at <5858.031250, 121.502998, 2751.965332>
00:40:04.569 [AI Patrol 00102] Global patrol count: 7
00:40:10.772 [VehicleEngine] Player "Tonby" [uid=1OEPy6aKlMe0cmo8LieQDvVcsiu6iWAr2PUZdSF5eMI=] stopped vehicle M1025 (id=C22645CC4A45D1AE9E96499D79037470 pos=<5736.083008, 8.195867, 2139.614014>)
00:40:13.251 [VehicleLeave] Player "Tonby" (id=1OEPy6aKlMe0cmo8LieQDvVcsiu6iWAr2PUZdSF5eMI=) left vehicle M1025 (id=C22645CC4A45D1AE9E96499D79037470 pos=<5736.08, 8.2, 2139.61>)
00:41:11.336 [AI Patrol 00094] Spawning 1 Chernogorsk_Tier1 (Raiders) bots at <6430.998047, 6.661699, 2315.968994>
00:41:11.356 [AI Patrol 00094] Global patrol count: 8
00:41:55.454 [Killfeed] AI Irena (Vysotovo_Tier1) был убит AI Judy (Запад) с M4-A1 из 45 м расстояние.
00:41:58.585 [AI Patrol 00103] Vysotovo_Tier1 (Raiders) bots were wiped out (spawn position <5766.817383, 105.502998, 2410.304688>, 1/1 deceased)
00:41:58.586 [AI Patrol 00103] Global patrol count: 7
00:42:02.959 [Killfeed] AI Frida (OilStation_Tier2RR) был убит [Knigh] Tonby с M249 SAW из 4 м расстояние.
00:42:20.875 [AI Object Patrol 00006] Spawning 1 WaterPump_Tier0 (Raiders) bots at <6522.998047, 5.996120, 2292.090332>
00:42:20.889 [AI Object Patrol 00006] Global patrol count: 8
00:42:21.583 [AI Object Patrol 00174] Spawning 2 FirelStation_Tier2 (Raiders) bots at <6255.129395, 8.404262, 2724.910645>
00:42:21.607 [AI Object Patrol 00174] Global patrol count: 9
00:43:20.991 [ExplosionDamageSystem] About to explode LandFuelFeed_Ammo from Land_FuelStation_Feed<4f98c410> at <5859.59, 10.1, 2189.23> EXPLOSION range 20 dropoff 5
00:44:04.140 [Killfeed] AI Kaito (WaterPump_Tier0) умер от Химическое отравление.
00:44:04.487 [AI Object Patrol 00006] WaterPump_Tier0 (Raiders) bots were wiped out (spawn position <6522.998047, 5.996120, 2292.090332>, 1/1 deceased)
00:44:04.487 [AI Object Patrol 00006] Global patrol count: 8
00:44:15.070 [Killfeed] AI Keiko (OilStation_Tier2RR) умер от потери крови.
00:44:19.188 [AI Object Patrol 00005] OilStation_Tier2RR (Raiders) bots were wiped out (spawn position <5881.893555, 9.010000, 2207.417236>, 2/2 deceased)
00:44:19.189 [AI Object Patrol 00005] Global patrol count: 7
00:44:22.253 [AI Patrol 00095] Spawning 1 Chernogorsk_Tier1 (Raiders) bots at <6530.445801, 6.000000, 2398.351318>
00:44:22.278 [AI Patrol 00095] Global patrol count: 8
00:44:23.512 [AI Patrol 00104] Spawning 1 Komarovo_Tier1 (Raiders) bots at <6474.004883, 6.000000, 2541.138428>
00:44:23.541 [AI Patrol 00104] Global patrol count: 9
00:44:24.217 [AI Object Patrol 00048] Spawning 2 ContaminatedArea_Tier4 (Raiders) bots at <6573.163086, 7.180348, 2316.361572>
00:44:24.243 [AI Object Patrol 00048] Global patrol count: 10
00:44:27.818 [AI Object Patrol 00008] Spawning 2 HospitalStation_Tier2 (Raiders) bots at <6479.524902, 9.512988, 2706.333740>
00:44:27.845 [AI Object Patrol 00008] Global patrol count: 11
00:44:28.583 [AI Object Patrol 00007] Spawning 3 PoliceStation_Tier2 (Raiders) bots at <6634.088379, 15.179786, 2580.004883>
00:44:28.602 [AI Object Patrol 00007] Global patrol count: 12
00:44:47.895 [Killfeed] AI Peter (Vysotovo_Tier1) был убит AI Indar (Запад) с M4-A1 из 80 м расстояние.
00:44:49.777 [AI Patrol 00101] Vysotovo_Tier1 (Raiders) bots were wiped out (spawn position <5832.379883, 97.502998, 2648.448730>, 1/1 deceased)
00:44:49.777 [AI Patrol 00101] Global patrol count: 11
00:45:54.294 [Killfeed] AI Eva (WaterPump_Tier0) был убит AI Helga (Запад) с M16-A2 из 33 м расстояние.
00:45:54.683 [AI Object Patrol 00060] WaterPump_Tier0 (Raiders) bots were wiped out (spawn position <9804.940430, 29.363321, 2223.297363>, 1/1 deceased)
00:45:54.684 [AI Object Patrol 00060] Global patrol count: 10
00:46:14.136 [VehicleDestroyed] Hatchback_02_Red (id=C9476BFAFC43EEB0310E169F5A87ED41 pos=<5867.75, 9.13, 2166.56>)
00:46:24.071 [AI Patrol 00090] Despawning 1 Electro_Tier1 (Raiders) bots (spawn position <10220.439453, 40.502998, 2528.134277>, 0/1 deceased)
00:46:24.072 [AI Patrol 00090] Global patrol count: 9
00:47:15.770 [Killfeed] AI Manua (OilStation_Tier2RR) был убит AI Helga (Запад) с M16-A2 из 27 м расстояние.
00:47:58.001 [VehicleDeleted] ExpansionMerlin_Green (id=D8B6DCE59548F8F24F5E93917FF30E9C pos=<14078.3, 23.18, 13160.7>)
00:47:59.887 [Killfeed] AI Baty (OilStation_Tier2RR) был убит AI Helga (Запад) с M16-A2 из 63 м расстояние.
00:48:09.387 [AI Object Patrol 00059] Despawning 1 OilStation_Tier2RR (Raiders) bots (spawn position <9534.422852, 5.729471, 1992.789551>, 2/3 deceased)
00:48:09.387 [AI Object Patrol 00059] Global patrol count: 8
00:48:19.773 [ExplosionDamageSystem] About to explode LandFuelFeed_Ammo from Land_FuelStation_Feed<4f98b1f0> at <5859.11, 10.11, 2196.29> EXPLOSION range 20 dropoff 5
00:48:20.862 [ExplosionDamageSystem] About to explode LandFuelFeed_Ammo from Land_FuelStation_Feed<4f98bb00> at <5855.98, 10.09, 2202.56> EXPLOSION range 20 dropoff 5
