13:48:55.218 [Expansion Quests] Initialize quest system on the connected client with UID=1OEPy6aKlMe0cmo8LieQDvVcsiu6iWAr2PUZdSF5eMI=
13:48:55.261 [Expansion Quests] Loaded existing player quest data for player with UID=1OEPy6aKlMe0cmo8LieQDvVcsiu6iWAr2PUZdSF5eMI=
13:48:55.261 [Expansion Quests] Check quest initialization for quest with ID=102 | State=NONE | Player UID=1OEPy6aKlMe0cmo8LieQDvVcsiu6iWAr2PUZdSF5eMI=
13:48:55.261 [Expansion Quests] Check quest initialization for quest with ID=20 | State=NONE | Player UID=1OEPy6aKlMe0cmo8LieQDvVcsiu6iWAr2PUZdSF5eMI=
13:48:55.261 [Expansion Quests] Check quest initialization for quest with ID=101 | State=NONE | Player UID=1OEPy6aKlMe0cmo8LieQDvVcsiu6iWAr2PUZdSF5eMI=
13:48:55.261 [Expansion Quests] Check quest initialization for quest with ID=22 | State=COMPLETED | Player UID=1OEPy6aKlMe0cmo8LieQDvVcsiu6iWAr2PUZdSF5eMI=
13:48:55.261 [Expansion Quests] Check quest initialization for quest with ID=23 | State=NONE | Player UID=1OEPy6aKlMe0cmo8LieQDvVcsiu6iWAr2PUZdSF5eMI=
13:48:55.261 [Expansion Quests] Check quest initialization for quest with ID=8 | State=STARTED | Player UID=1OEPy6aKlMe0cmo8LieQDvVcsiu6iWAr2PUZdSF5eMI=
13:48:55.261 [Expansion Quests] Create new quest instance for quest with ID=8 | Player UID=1OEPy6aKlMe0cmo8LieQDvVcsiu6iWAr2PUZdSF5eMI=
13:48:55.261 [Expansion Quests] Check quest initialization for quest with ID=9 | State=STARTED | Player UID=1OEPy6aKlMe0cmo8LieQDvVcsiu6iWAr2PUZdSF5eMI=
13:48:55.261 [Expansion Quests] Create new quest instance for quest with ID=9 | Player UID=1OEPy6aKlMe0cmo8LieQDvVcsiu6iWAr2PUZdSF5eMI=
13:48:55.261 [Expansion Quests] Check quest initialization for quest with ID=11 | State=STARTED | Player UID=1OEPy6aKlMe0cmo8LieQDvVcsiu6iWAr2PUZdSF5eMI=
13:48:55.261 [Expansion Quests] Create new quest instance for quest with ID=11 | Player UID=1OEPy6aKlMe0cmo8LieQDvVcsiu6iWAr2PUZdSF5eMI=
13:48:55.261 [Expansion Quests] Check quest initialization for quest with ID=28 | State=NONE | Player UID=1OEPy6aKlMe0cmo8LieQDvVcsiu6iWAr2PUZdSF5eMI=
13:48:55.261 [Expansion Quests] Check quest initialization for quest with ID=14 | State=COMPLETED | Player UID=1OEPy6aKlMe0cmo8LieQDvVcsiu6iWAr2PUZdSF5eMI=
13:48:55.261 [Expansion Quests] Check quest initialization for quest with ID=31 | State=NONE | Player UID=1OEPy6aKlMe0cmo8LieQDvVcsiu6iWAr2PUZdSF5eMI=
13:48:55.261 [Expansion Quests] Quest with ID=1 is not a a valid achievement or auto start quest. Skip quest for player with UID=1OEPy6aKlMe0cmo8LieQDvVcsiu6iWAr2PUZdSF5eMI=
13:48:55.261 [Expansion Quests] Quest with ID=2 is not a a valid achievement or auto start quest. Skip quest for player with UID=1OEPy6aKlMe0cmo8LieQDvVcsiu6iWAr2PUZdSF5eMI=
13:48:55.261 [Expansion Quests] Quest with ID=3 is not a a valid achievement or auto start quest. Skip quest for player with UID=1OEPy6aKlMe0cmo8LieQDvVcsiu6iWAr2PUZdSF5eMI=
13:48:55.261 [Expansion Quests] Quest with ID=4 is not a a valid achievement or auto start quest. Skip quest for player with UID=1OEPy6aKlMe0cmo8LieQDvVcsiu6iWAr2PUZdSF5eMI=
13:48:55.261 [Expansion Quests] Quest with ID=5 is not a a valid achievement or auto start quest. Skip quest for player with UID=1OEPy6aKlMe0cmo8LieQDvVcsiu6iWAr2PUZdSF5eMI=
13:48:55.261 [Expansion Quests] Quest with ID=6 is not a a valid achievement or auto start quest. Skip quest for player with UID=1OEPy6aKlMe0cmo8LieQDvVcsiu6iWAr2PUZdSF5eMI=
13:48:55.261 [Expansion Quests] Quest with ID=7 is not a a valid achievement or auto start quest. Skip quest for player with UID=1OEPy6aKlMe0cmo8LieQDvVcsiu6iWAr2PUZdSF5eMI=
13:48:55.261 [Expansion Quests] Quest with ID=10 is not a a valid achievement or auto start quest. Skip quest for player with UID=1OEPy6aKlMe0cmo8LieQDvVcsiu6iWAr2PUZdSF5eMI=
13:48:55.261 [Expansion Quests] Quest with ID=12 is not a a valid achievement or auto start quest. Skip quest for player with UID=1OEPy6aKlMe0cmo8LieQDvVcsiu6iWAr2PUZdSF5eMI=
13:48:55.261 [Expansion Quests] Quest with ID=13 is not a a valid achievement or auto start quest. Skip quest for player with UID=1OEPy6aKlMe0cmo8LieQDvVcsiu6iWAr2PUZdSF5eMI=
13:48:55.261 [Expansion Quests] Quest with ID=15 is not a a valid achievement or auto start quest. Skip quest for player with UID=1OEPy6aKlMe0cmo8LieQDvVcsiu6iWAr2PUZdSF5eMI=
13:48:55.265 [Expansion Quests] Quest with ID=16 is not a a valid achievement or auto start quest. Skip quest for player with UID=1OEPy6aKlMe0cmo8LieQDvVcsiu6iWAr2PUZdSF5eMI=
13:48:55.265 [Expansion Quests] Quest with ID=17 is not a a valid achievement or auto start quest. Skip quest for player with UID=1OEPy6aKlMe0cmo8LieQDvVcsiu6iWAr2PUZdSF5eMI=
13:48:55.265 [Expansion Quests] Quest with ID=18 is not a a valid achievement or auto start quest. Skip quest for player with UID=1OEPy6aKlMe0cmo8LieQDvVcsiu6iWAr2PUZdSF5eMI=
13:48:55.265 [Expansion Quests] Quest with ID=19 is not a a valid achievement or auto start quest. Skip quest for player with UID=1OEPy6aKlMe0cmo8LieQDvVcsiu6iWAr2PUZdSF5eMI=
13:48:55.265 [Expansion Quests] Quest with ID=20 is not a a valid achievement or auto start quest. Skip quest for player with UID=1OEPy6aKlMe0cmo8LieQDvVcsiu6iWAr2PUZdSF5eMI=
13:48:55.265 [Expansion Quests] Quest with ID=21 is not a a valid achievement or auto start quest. Skip quest for player with UID=1OEPy6aKlMe0cmo8LieQDvVcsiu6iWAr2PUZdSF5eMI=
13:48:55.265 [Expansion Quests] Quest with ID=22 is not a a valid achievement or auto start quest. Skip quest for player with UID=1OEPy6aKlMe0cmo8LieQDvVcsiu6iWAr2PUZdSF5eMI=
13:48:55.265 [Expansion Quests] Quest with ID=23 is not a a valid achievement or auto start quest. Skip quest for player with UID=1OEPy6aKlMe0cmo8LieQDvVcsiu6iWAr2PUZdSF5eMI=
13:48:55.265 [Expansion Quests] Quest with ID=26 is not a a valid achievement or auto start quest. Skip quest for player with UID=1OEPy6aKlMe0cmo8LieQDvVcsiu6iWAr2PUZdSF5eMI=
13:48:55.265 [Expansion Quests] Quest with ID=28 is not a a valid achievement or auto start quest. Skip quest for player with UID=1OEPy6aKlMe0cmo8LieQDvVcsiu6iWAr2PUZdSF5eMI=
13:48:55.265 [Expansion Quests] Quest with ID=29 is not a a valid achievement or auto start quest. Skip quest for player with UID=1OEPy6aKlMe0cmo8LieQDvVcsiu6iWAr2PUZdSF5eMI=
13:48:55.265 [Expansion Quests] Quest with ID=31 is not a a valid achievement or auto start quest. Skip quest for player with UID=1OEPy6aKlMe0cmo8LieQDvVcsiu6iWAr2PUZdSF5eMI=
13:48:55.265 [Expansion Quests] Quest with ID=101 is not a a valid achievement or auto start quest. Skip quest for player with UID=1OEPy6aKlMe0cmo8LieQDvVcsiu6iWAr2PUZdSF5eMI=
13:48:55.265 [Expansion Quests] Quest with ID=102 is not a a valid achievement or auto start quest. Skip quest for player with UID=1OEPy6aKlMe0cmo8LieQDvVcsiu6iWAr2PUZdSF5eMI=
13:48:55.265 [Expansion Quests] Sending 1OEPy6aKlMe0cmo8LieQDvVcsiu6iWAr2PUZdSF5eMI= quest configs to client for player with UID=1OEPy6aKlMe0cmo8LieQDvVcsiu6iWAr2PUZdSF5eMI=
13:48:55.265 [Expansion Quests] Sending player quest data for 11 quests to player with UID=1OEPy6aKlMe0cmo8LieQDvVcsiu6iWAr2PUZdSF5eMI=
13:48:55.269 [AI Object Patrol 00047] Spawning 1 FireStationScavs_Tier1 (Raiders) bots at <6262.113281, 8.619924, 2721.123047>
13:48:55.285 [AI Object Patrol 00047] Global patrol count: 1
13:48:55.285 [AI Patrol 00057] Spawning 1 Ordinary_Scavengers_Tier_1(Cherno_Med) (Raiders) bots at <6489.054199, 9.482985, 2692.644775>
13:48:55.308 [AI Patrol 00057] Global patrol count: 2
13:48:55.308 [AI Patrol 00059] Spawning 1 Ordinary_Scavengers_Tier_1(Cherno_Exit) (Raiders) bots at <6591.710938, 14.946996, 3016.841553>
13:48:55.324 [AI Patrol 00059] Global patrol count: 3
13:48:55.328 [AI Patrol 00055] Spawning 1 Ordinary_Scavengers_Tier_1(Vysotovo) (Raiders) bots at <5908.245605, 69.622200, 2635.806885>
13:48:55.359 [AI Patrol 00055] Global patrol count: 4
13:48:55.359 [AI Patrol 00056] Spawning 1 Ordinary_Scavengers_Tier_1(Cherno_Oil) (Raiders) bots at <5868.555176, 9.028398, 2200.242920>
13:48:55.378 [AI Patrol 00056] Global patrol count: 5
13:48:55.378 [AI Object Patrol 00080] Spawning 2 PoliceStationScavs_Tier_1 (Raiders) bots at <6202.298340, 32.781120, 2920.927002>
13:48:55.410 [AI Object Patrol 00080] Global patrol count: 6
13:50:26.582 [AI Object Patrol 00048] Spawning 2 Ordinary_Civilian (Civilian) bots at <6515.262207, 6.533941, 2307.472656>
13:50:26.589 [AI Object Patrol 00048] Global patrol count: 7
13:50:26.640 [AI Patrol 00058] Spawning 5 Ordinary_Scavengers_Tier_2(Hotel_Cherno) (Raiders) bots at <6612.780273, 5.887380, 2285.534668>
13:50:26.660 [AI Patrol 00058] Global patrol count: 8
13:50:26.910 [AI Object Patrol 00004] Spawning 1 PoliceStationScavs_Tier_1 (Raiders) bots at <6633.093262, 13.969685, 2586.646240>
13:50:26.937 [AI Object Patrol 00004] Global patrol count: 9
13:50:44.523 [Killfeed] AI Helga (Ordinary_Scavengers_Tier_2(Hotel_Cherno)) был убит AI Gabi (Ordinary_Scavengers_Tier_2(Hotel_Cherno)) с LAR из 19 м расстояние.
13:51:28.433 [Killfeed] AI Rolf (Ordinary_Scavengers_Tier_2(Hotel_Cherno)) был убит Da da Ya с Kolt 1911 с рисунком из 1 м расстояние.
13:52:14.304 [Killfeed] AI Cyril (Ordinary_Scavengers_Tier_2(Hotel_Cherno)) был убит Da da Ya с Deagle из 17 м расстояние.
13:52:30.906 [Killfeed] AI Linda (Ordinary_Civilian) был убит AI Judy (Ordinary_Scavengers_Tier_1(Cherno_Exit)) с CR-550 Savanna из 3 м расстояние.
13:52:33.218 [Killfeed] AI Irena (Ordinary_Civilian) был убит Da da Ya с Deagle из 4 м расстояние.
13:52:33.515 [AI Object Patrol 00048] Ordinary_Civilian (Civilian) bots were wiped out (spawn position <6515.262207, 6.533941, 2307.472656>, 2/2 deceased)
13:52:33.515 [AI Object Patrol 00048] Global patrol count: 8
13:52:52.691 [Killfeed] AI Judy (Ordinary_Scavengers_Tier_1(Cherno_Exit)) был убит AI Gabi (Ordinary_Scavengers_Tier_2(Hotel_Cherno)) с КА-M из 13 м расстояние.
13:52:52.699 [AI Patrol 00059] Ordinary_Scavengers_Tier_1(Cherno_Exit) (Raiders) bots were wiped out (spawn position <6591.710938, 14.946996, 3016.841553>, 1/1 deceased)
13:52:52.699 [AI Patrol 00059] Global patrol count: 7
13:53:07.082 [MissionAirdrop] An airdrop is heading towards "Stary Sobor" (pos=<5823.000000, 0.000000, 7764.000000> type=Random_Stary Sobor) with a ExpansionAirdropContainer_Military
13:54:05.812 [Killfeed] AI Peter (FireStationScavs_Tier1) был убит AI Baty (PoliceStationScavs_Tier_1) с CR-550 Savanna из 2 м расстояние.
13:54:08.234 [AI Object Patrol 00047] FireStationScavs_Tier1 (Raiders) bots were wiped out (spawn position <6262.113281, 8.619924, 2721.123047>, 1/1 deceased)
13:54:08.234 [AI Object Patrol 00047] Global patrol count: 6
13:54:38.898 [Killfeed] AI Naomi (PoliceStationScavs_Tier_1) был убит AI Kaito (Ordinary_Scavengers_Tier_2(Hotel_Cherno)) голыми руками.
13:54:40.125 [Killfeed] AI Frida (PoliceStationScavs_Tier_1) был убит AI Gabi (Ordinary_Scavengers_Tier_2(Hotel_Cherno)) с LAR из 29 м расстояние.
13:54:42.847 [AI Object Patrol 00004] PoliceStationScavs_Tier_1 (Raiders) bots were wiped out (spawn position <6633.093262, 13.969685, 2586.646240>, 1/1 deceased)
13:54:42.847 [AI Object Patrol 00004] Global patrol count: 5
13:55:17.300 [Killfeed] AI Baty (PoliceStationScavs_Tier_1) был убит AI Kaito (Ordinary_Scavengers_Tier_2(Hotel_Cherno)) при помощи.
13:55:20.972 [AI Object Patrol 00080] PoliceStationScavs_Tier_1 (Raiders) bots were wiped out (spawn position <6202.298340, 32.781120, 2920.927002>, 2/2 deceased)
13:55:20.972 [AI Object Patrol 00080] Global patrol count: 4
13:56:36.589 [Killfeed] AI Mirek (Ordinary_Scavengers_Tier_1(Cherno_Oil)) был убит AI Eva (Ordinary_Scavengers_Tier_1(Vysotovo)) с БK-18 из 2 м расстояние.
13:56:37.851 [AI Patrol 00056] Ordinary_Scavengers_Tier_1(Cherno_Oil) (Raiders) bots were wiped out (spawn position <5868.555176, 9.028398, 2200.242920>, 1/1 deceased)
13:56:37.851 [AI Patrol 00056] Global patrol count: 3
13:57:13.265 [Killfeed] AI Kaito (Ordinary_Scavengers_Tier_2(Hotel_Cherno)) умер от потери крови.
13:57:25.824 [Killfeed] AI Taiki (Ordinary_Scavengers_Tier_1(Cherno_Med)) был убит AI Gabi (Ordinary_Scavengers_Tier_2(Hotel_Cherno)) при помощи.
13:57:27.441 [AI Patrol 00057] Ordinary_Scavengers_Tier_1(Cherno_Med) (Raiders) bots were wiped out (spawn position <6489.054199, 9.482985, 2692.644775>, 1/1 deceased)
13:57:27.441 [AI Patrol 00057] Global patrol count: 2
