10:24:13.253 [Expansion Quests] Initialize quest system on the connected client with UID=1OEPy6aKlMe0cmo8LieQDvVcsiu6iWAr2PUZdSF5eMI=
10:24:13.312 [Expansion Quests] Loaded existing player quest data for player with UID=1OEPy6aKlMe0cmo8LieQDvVcsiu6iWAr2PUZdSF5eMI=
10:24:13.312 [Expansion Quests] Check quest initialization for quest with ID=8 | State=STARTED | Player UID=1OEPy6aKlMe0cmo8LieQDvVcsiu6iWAr2PUZdSF5eMI=
10:24:13.312 [Expansion Quests] Create new quest instance for quest with ID=8 | Player UID=1OEPy6aKlMe0cmo8LieQDvVcsiu6iWAr2PUZdSF5eMI=
10:24:13.312 [Expansion Quests] Check quest initialization for quest with ID=9 | State=STARTED | Player UID=1OEPy6aKlMe0cmo8LieQDvVcsiu6iWAr2PUZdSF5eMI=
10:24:13.312 [Expansion Quests] Create new quest instance for quest with ID=9 | Player UID=1OEPy6aKlMe0cmo8LieQDvVcsiu6iWAr2PUZdSF5eMI=
10:24:13.316 [Expansion Quests] Check quest initialization for quest with ID=11 | State=STARTED | Player UID=1OEPy6aKlMe0cmo8LieQDvVcsiu6iWAr2PUZdSF5eMI=
10:24:13.316 [Expansion Quests] Create new quest instance for quest with ID=11 | Player UID=1OEPy6aKlMe0cmo8LieQDvVcsiu6iWAr2PUZdSF5eMI=
10:24:13.316 [Expansion Quests] Check quest initialization for quest with ID=14 | State=COMPLETED | Player UID=1OEPy6aKlMe0cmo8LieQDvVcsiu6iWAr2PUZdSF5eMI=
10:24:13.316 [Expansion Quests] Quest with ID=1 is not a a valid achievement or auto start quest. Skip quest for player with UID=1OEPy6aKlMe0cmo8LieQDvVcsiu6iWAr2PUZdSF5eMI=
10:24:13.316 [Expansion Quests] Quest with ID=2 is not a a valid achievement or auto start quest. Skip quest for player with UID=1OEPy6aKlMe0cmo8LieQDvVcsiu6iWAr2PUZdSF5eMI=
10:24:13.316 [Expansion Quests] Quest with ID=3 is not a a valid achievement or auto start quest. Skip quest for player with UID=1OEPy6aKlMe0cmo8LieQDvVcsiu6iWAr2PUZdSF5eMI=
10:24:13.316 [Expansion Quests] Quest with ID=4 is not a a valid achievement or auto start quest. Skip quest for player with UID=1OEPy6aKlMe0cmo8LieQDvVcsiu6iWAr2PUZdSF5eMI=
10:24:13.316 [Expansion Quests] Quest with ID=5 is not a a valid achievement or auto start quest. Skip quest for player with UID=1OEPy6aKlMe0cmo8LieQDvVcsiu6iWAr2PUZdSF5eMI=
10:24:13.316 [Expansion Quests] Quest with ID=6 is not a a valid achievement or auto start quest. Skip quest for player with UID=1OEPy6aKlMe0cmo8LieQDvVcsiu6iWAr2PUZdSF5eMI=
10:24:13.316 [Expansion Quests] Quest with ID=7 is not a a valid achievement or auto start quest. Skip quest for player with UID=1OEPy6aKlMe0cmo8LieQDvVcsiu6iWAr2PUZdSF5eMI=
10:24:13.316 [Expansion Quests] Quest with ID=10 is not a a valid achievement or auto start quest. Skip quest for player with UID=1OEPy6aKlMe0cmo8LieQDvVcsiu6iWAr2PUZdSF5eMI=
10:24:13.316 [Expansion Quests] Quest with ID=12 is not a a valid achievement or auto start quest. Skip quest for player with UID=1OEPy6aKlMe0cmo8LieQDvVcsiu6iWAr2PUZdSF5eMI=
10:24:13.316 [Expansion Quests] Quest with ID=13 is not a a valid achievement or auto start quest. Skip quest for player with UID=1OEPy6aKlMe0cmo8LieQDvVcsiu6iWAr2PUZdSF5eMI=
10:24:13.316 [Expansion Quests] Quest with ID=15 is not a a valid achievement or auto start quest. Skip quest for player with UID=1OEPy6aKlMe0cmo8LieQDvVcsiu6iWAr2PUZdSF5eMI=
10:24:13.316 [Expansion Quests] Quest with ID=16 is not a a valid achievement or auto start quest. Skip quest for player with UID=1OEPy6aKlMe0cmo8LieQDvVcsiu6iWAr2PUZdSF5eMI=
10:24:13.316 [Expansion Quests] Quest with ID=17 is not a a valid achievement or auto start quest. Skip quest for player with UID=1OEPy6aKlMe0cmo8LieQDvVcsiu6iWAr2PUZdSF5eMI=
10:24:13.316 [Expansion Quests] Quest with ID=18 is not a a valid achievement or auto start quest. Skip quest for player with UID=1OEPy6aKlMe0cmo8LieQDvVcsiu6iWAr2PUZdSF5eMI=
10:24:13.316 [Expansion Quests] Quest with ID=19 is not a a valid achievement or auto start quest. Skip quest for player with UID=1OEPy6aKlMe0cmo8LieQDvVcsiu6iWAr2PUZdSF5eMI=
10:24:13.316 [Expansion Quests] Quest with ID=20 is not a a valid achievement or auto start quest. Skip quest for player with UID=1OEPy6aKlMe0cmo8LieQDvVcsiu6iWAr2PUZdSF5eMI=
10:24:13.316 [Expansion Quests] Quest with ID=21 is not a a valid achievement or auto start quest. Skip quest for player with UID=1OEPy6aKlMe0cmo8LieQDvVcsiu6iWAr2PUZdSF5eMI=
10:24:13.316 [Expansion Quests] Quest with ID=22 is not a a valid achievement or auto start quest. Skip quest for player with UID=1OEPy6aKlMe0cmo8LieQDvVcsiu6iWAr2PUZdSF5eMI=
10:24:13.316 [Expansion Quests] Quest with ID=23 is not a a valid achievement or auto start quest. Skip quest for player with UID=1OEPy6aKlMe0cmo8LieQDvVcsiu6iWAr2PUZdSF5eMI=
10:24:13.316 [Expansion Quests] Quest with ID=24 is not a a valid achievement or auto start quest. Skip quest for player with UID=1OEPy6aKlMe0cmo8LieQDvVcsiu6iWAr2PUZdSF5eMI=
10:24:13.320 [Expansion Quests] Sending 1OEPy6aKlMe0cmo8LieQDvVcsiu6iWAr2PUZdSF5eMI= quest configs to client for player with UID=1OEPy6aKlMe0cmo8LieQDvVcsiu6iWAr2PUZdSF5eMI=
10:24:13.320 [Expansion Quests] Sending player quest data for 4 quests to player with UID=1OEPy6aKlMe0cmo8LieQDvVcsiu6iWAr2PUZdSF5eMI=
10:24:13.324 [AI Object Patrol] Spawning 2 Ordinary_Civilian bots at <6515.262207, 6.533941, 2307.472656>
10:24:13.359 [AI Patrol] Spawning 1 Ordinary_Scavengers_Tier_1(Vysotovo) bots at <5489.765625, 62.152115, 2565.044678>
10:24:13.402 [AI Patrol] Spawning 1 Ordinary_Scavengers_Tier_1(Cherno_Oil) bots at <5861.210938, 10.295448, 2210.135254>
10:24:13.453 [AI Patrol] Spawning 2 Ordinary_Scavengers_Tier_2(Hotel_Cherno) bots at <6617.210449, 5.925925, 2290.127686>
10:24:13.496 [AI Patrol] Spawning 1 Ordinary_Scavengers_Tier_1(Vysotovo) bots at <5933.974609, 69.360085, 2641.024414>
10:24:22.859 [AI Patrol] Spawning 1 Ordinary_Scavengers_Tier_1(Cherno_Exit) bots at <6600.402344, 13.987661, 3016.952148>
10:24:26.019 [AI Object Patrol] Spawning 1 PoliceStationScavs_Tier_1 bots at <6633.093262, 13.969685, 2586.646240>
10:24:30.046 [AI Object Patrol] Spawning 2 PoliceStationScavs_Tier_1 bots at <6202.298340, 32.781120, 2920.927002>
10:24:37.351 [AI Object Patrol] Spawning 3 FireStationScavs_Tier1 bots at <6262.113281, 8.619924, 2721.123047>
10:24:52.792 [AI Patrol] Spawning 1 Ordinary_Scavengers_Tier_1(Cherno_Med) bots at <6513.331055, 9.366218, 2696.486328>
10:24:58.890 [Killfeed] AI Guo (Ordinary_Scavengers_Tier_2(Hotel_Cherno)) был убит Da da Ya с КА-M из 2 м расстояние.
10:25:24.589 [Killfeed] AI Keiko (Ordinary_Scavengers_Tier_2(Hotel_Cherno)) был убит Da da Ya с КА-M из 1 м расстояние.
10:25:24.695 [AI Patrol] Ordinary_Scavengers_Tier_2(Hotel_Cherno) bots were wiped out (spawn position <6617.210449, 5.925925, 2290.127686>, 2/2 deceased)
10:26:08.968 [Killfeed] AI Kaito (Ordinary_Scavengers_Tier_1(Cherno_Exit)) был убит Da da Ya с КА-M из 3 м расстояние.
10:26:09.429 [AI Patrol] Ordinary_Scavengers_Tier_1(Cherno_Exit) bots were wiped out (spawn position <6600.402344, 13.987661, 3016.952148>, 1/1 deceased)
10:26:29.589 [Expansion Quests] Deleted quest with ID=8 is a of player with UID=1OEPy6aKlMe0cmo8LieQDvVcsiu6iWAr2PUZdSF5eMI=.
10:26:29.589 [Expansion Quests] Deleted quest with ID=9 is a of player with UID=1OEPy6aKlMe0cmo8LieQDvVcsiu6iWAr2PUZdSF5eMI=.
10:26:29.589 [Expansion Quests] Deleted quest with ID=11 is a of player with UID=1OEPy6aKlMe0cmo8LieQDvVcsiu6iWAr2PUZdSF5eMI=.
10:27:51.839 [Killfeed] AI Indar (FireStationScavs_Tier1) был убит AI Frida (PoliceStationScavs_Tier_1) с P1 из 3 м расстояние.
10:28:21.035 [Killfeed] AI Cyril (FireStationScavs_Tier1) был убит AI Seth (PoliceStationScavs_Tier_1) с CR-550 Savanna из 1 м расстояние.
10:28:55.988 [MissionAirdrop] An airdrop is heading towards "Zelenogorsk" (pos=<2351.000000, 0.000000, 5393.000000> type=Random_Zelenogorsk) with a ExpansionAirdropContainer_Military
10:29:08.164 [Killfeed] AI Seth (PoliceStationScavs_Tier_1) был убит AI Helga (Ordinary_Civilian) голыми руками.
10:29:39.222 [Killfeed] AI Gabi (Ordinary_Scavengers_Tier_1(Cherno_Med)) был убит AI Frida (PoliceStationScavs_Tier_1) голыми руками.
10:29:41.105 [AI Patrol] Ordinary_Scavengers_Tier_1(Cherno_Med) bots were wiped out (spawn position <6513.331055, 9.366218, 2696.486328>, 1/1 deceased)
10:31:03.773 [Killfeed] AI Judy (FireStationScavs_Tier1) был убит AI Maria (Ordinary_Civilian) при помощи.
10:31:03.859 [AI Object Patrol] FireStationScavs_Tier1 bots were wiped out (spawn position <6262.113281, 8.619924, 2721.123047>, 3/3 deceased)
10:31:41.609 [Expansion Quests] Initialize quest system on the connected client with UID=1OEPy6aKlMe0cmo8LieQDvVcsiu6iWAr2PUZdSF5eMI=
10:31:41.652 [Expansion Quests] Loaded existing player quest data for player with UID=1OEPy6aKlMe0cmo8LieQDvVcsiu6iWAr2PUZdSF5eMI=
10:31:41.652 [Expansion Quests] Check quest initialization for quest with ID=8 | State=STARTED | Player UID=1OEPy6aKlMe0cmo8LieQDvVcsiu6iWAr2PUZdSF5eMI=
10:31:41.652 [Expansion Quests] Create new quest instance for quest with ID=8 | Player UID=1OEPy6aKlMe0cmo8LieQDvVcsiu6iWAr2PUZdSF5eMI=
10:31:41.652 [Expansion Quests] Check quest initialization for quest with ID=9 | State=STARTED | Player UID=1OEPy6aKlMe0cmo8LieQDvVcsiu6iWAr2PUZdSF5eMI=
10:31:41.652 [Expansion Quests] Create new quest instance for quest with ID=9 | Player UID=1OEPy6aKlMe0cmo8LieQDvVcsiu6iWAr2PUZdSF5eMI=
10:31:41.652 [Expansion Quests] Check quest initialization for quest with ID=11 | State=STARTED | Player UID=1OEPy6aKlMe0cmo8LieQDvVcsiu6iWAr2PUZdSF5eMI=
10:31:41.652 [Expansion Quests] Create new quest instance for quest with ID=11 | Player UID=1OEPy6aKlMe0cmo8LieQDvVcsiu6iWAr2PUZdSF5eMI=
10:31:41.652 [Expansion Quests] Check quest initialization for quest with ID=14 | State=COMPLETED | Player UID=1OEPy6aKlMe0cmo8LieQDvVcsiu6iWAr2PUZdSF5eMI=
10:31:41.652 [Expansion Quests] Quest with ID=1 is not a a valid achievement or auto start quest. Skip quest for player with UID=1OEPy6aKlMe0cmo8LieQDvVcsiu6iWAr2PUZdSF5eMI=
10:31:41.652 [Expansion Quests] Quest with ID=2 is not a a valid achievement or auto start quest. Skip quest for player with UID=1OEPy6aKlMe0cmo8LieQDvVcsiu6iWAr2PUZdSF5eMI=
10:31:41.652 [Expansion Quests] Quest with ID=3 is not a a valid achievement or auto start quest. Skip quest for player with UID=1OEPy6aKlMe0cmo8LieQDvVcsiu6iWAr2PUZdSF5eMI=
10:31:41.652 [Expansion Quests] Quest with ID=4 is not a a valid achievement or auto start quest. Skip quest for player with UID=1OEPy6aKlMe0cmo8LieQDvVcsiu6iWAr2PUZdSF5eMI=
10:31:41.656 [Expansion Quests] Quest with ID=5 is not a a valid achievement or auto start quest. Skip quest for player with UID=1OEPy6aKlMe0cmo8LieQDvVcsiu6iWAr2PUZdSF5eMI=
10:31:41.656 [Expansion Quests] Quest with ID=6 is not a a valid achievement or auto start quest. Skip quest for player with UID=1OEPy6aKlMe0cmo8LieQDvVcsiu6iWAr2PUZdSF5eMI=
10:31:41.656 [Expansion Quests] Quest with ID=7 is not a a valid achievement or auto start quest. Skip quest for player with UID=1OEPy6aKlMe0cmo8LieQDvVcsiu6iWAr2PUZdSF5eMI=
10:31:41.656 [Expansion Quests] Quest with ID=10 is not a a valid achievement or auto start quest. Skip quest for player with UID=1OEPy6aKlMe0cmo8LieQDvVcsiu6iWAr2PUZdSF5eMI=
10:31:41.656 [Expansion Quests] Quest with ID=12 is not a a valid achievement or auto start quest. Skip quest for player with UID=1OEPy6aKlMe0cmo8LieQDvVcsiu6iWAr2PUZdSF5eMI=
10:31:41.656 [Expansion Quests] Quest with ID=13 is not a a valid achievement or auto start quest. Skip quest for player with UID=1OEPy6aKlMe0cmo8LieQDvVcsiu6iWAr2PUZdSF5eMI=
10:31:41.656 [Expansion Quests] Quest with ID=15 is not a a valid achievement or auto start quest. Skip quest for player with UID=1OEPy6aKlMe0cmo8LieQDvVcsiu6iWAr2PUZdSF5eMI=
10:31:41.656 [Expansion Quests] Quest with ID=16 is not a a valid achievement or auto start quest. Skip quest for player with UID=1OEPy6aKlMe0cmo8LieQDvVcsiu6iWAr2PUZdSF5eMI=
10:31:41.656 [Expansion Quests] Quest with ID=17 is not a a valid achievement or auto start quest. Skip quest for player with UID=1OEPy6aKlMe0cmo8LieQDvVcsiu6iWAr2PUZdSF5eMI=
10:31:41.656 [Expansion Quests] Quest with ID=18 is not a a valid achievement or auto start quest. Skip quest for player with UID=1OEPy6aKlMe0cmo8LieQDvVcsiu6iWAr2PUZdSF5eMI=
10:31:41.656 [Expansion Quests] Quest with ID=19 is not a a valid achievement or auto start quest. Skip quest for player with UID=1OEPy6aKlMe0cmo8LieQDvVcsiu6iWAr2PUZdSF5eMI=
10:31:41.656 [Expansion Quests] Quest with ID=20 is not a a valid achievement or auto start quest. Skip quest for player with UID=1OEPy6aKlMe0cmo8LieQDvVcsiu6iWAr2PUZdSF5eMI=
10:31:41.656 [Expansion Quests] Quest with ID=21 is not a a valid achievement or auto start quest. Skip quest for player with UID=1OEPy6aKlMe0cmo8LieQDvVcsiu6iWAr2PUZdSF5eMI=
10:31:41.656 [Expansion Quests] Quest with ID=22 is not a a valid achievement or auto start quest. Skip quest for player with UID=1OEPy6aKlMe0cmo8LieQDvVcsiu6iWAr2PUZdSF5eMI=
10:31:41.656 [Expansion Quests] Quest with ID=23 is not a a valid achievement or auto start quest. Skip quest for player with UID=1OEPy6aKlMe0cmo8LieQDvVcsiu6iWAr2PUZdSF5eMI=
10:31:41.656 [Expansion Quests] Quest with ID=24 is not a a valid achievement or auto start quest. Skip quest for player with UID=1OEPy6aKlMe0cmo8LieQDvVcsiu6iWAr2PUZdSF5eMI=
10:31:41.656 [Expansion Quests] Sending 1OEPy6aKlMe0cmo8LieQDvVcsiu6iWAr2PUZdSF5eMI= quest configs to client for player with UID=1OEPy6aKlMe0cmo8LieQDvVcsiu6iWAr2PUZdSF5eMI=
10:31:41.660 [Expansion Quests] Sending player quest data for 4 quests to player with UID=1OEPy6aKlMe0cmo8LieQDvVcsiu6iWAr2PUZdSF5eMI=
10:32:02.500 [Killfeed] AI Maria (Ordinary_Civilian) был убит AI Frida (PoliceStationScavs_Tier_1) с Бизон из 3 м расстояние.
10:32:03.050 [Killfeed] AI Eva (Ordinary_Scavengers_Tier_1(Vysotovo)) был убит Da da Ya с КА-M из 1 м расстояние.
10:32:06.878 [AI Patrol] Ordinary_Scavengers_Tier_1(Vysotovo) bots were wiped out (spawn position <5933.974609, 69.360085, 2641.024414>, 1/1 deceased)
10:33:00.710 [Killfeed] AI Helga (Ordinary_Civilian) был убит зараженным.
10:33:04.308 [AI Object Patrol] Ordinary_Civilian bots were wiped out (spawn position <6515.262207, 6.533941, 2307.472656>, 2/2 deceased)
10:33:31.722 [Killfeed] AI Mirek (PoliceStationScavs_Tier_1) был убит AI Frida (PoliceStationScavs_Tier_1) с Бизон из 11 м расстояние.
10:33:35.578 [AI Object Patrol] PoliceStationScavs_Tier_1 bots were wiped out (spawn position <6202.298340, 32.781120, 2920.927002>, 2/2 deceased)
10:33:55.988 [VehicleDeleted] OffroadHatchback (id=7F54706B764936340F018B99C6B1A47A pos=<4176.326172, 338.801666, 10725.746094>)
10:35:56.117 [AI Patrol] Despawning 1 Ordinary_Scavengers_Tier_1(Vysotovo) bots (spawn position <5489.765625, 62.152115, 2565.044678>, 0/1 deceased)
10:36:26.621 [AI Patrol] Despawning 1 Ordinary_Scavengers_Tier_1(Cherno_Oil) bots (spawn position <5861.210938, 10.295448, 2210.135254>, 0/1 deceased)
10:39:08.597 [Expansion Quests] Deleted quest with ID=8 is a of player with UID=1OEPy6aKlMe0cmo8LieQDvVcsiu6iWAr2PUZdSF5eMI=.
10:39:08.597 [Expansion Quests] Deleted quest with ID=9 is a of player with UID=1OEPy6aKlMe0cmo8LieQDvVcsiu6iWAr2PUZdSF5eMI=.
10:39:08.597 [Expansion Quests] Deleted quest with ID=11 is a of player with UID=1OEPy6aKlMe0cmo8LieQDvVcsiu6iWAr2PUZdSF5eMI=.
