18:46:06.296 [Expansion Quests] Added objects set for quest ID=61001 from file=q61001
18:46:06.296 [Expansion Quests] Added objects set for quest ID=6501 from file=q6501
18:46:06.296 [Expansion Quests] Added objects set for quest ID=6601 from file=q6601
18:46:54.937 [Party] Player "Survivor" (id=1OEPy6aKlMe0cmo8LieQDvVcsiu6iWAr2PUZdSF5eMI=) joinded the party "Falcon Resolute" (id=1 ownerUID=z63osPRVUnS8pzWmaenLtvu6c2gVxwL4gvA4elWPF5w= ownerName=Survivor (2))
18:46:54.937 [Expansion Quests] Initialize quest system on the connected client with UID=1OEPy6aKlMe0cmo8LieQDvVcsiu6iWAr2PUZdSF5eMI=
18:46:54.992 [Expansion Quests] Loaded existing player quest data for player with UID=1OEPy6aKlMe0cmo8LieQDvVcsiu6iWAr2PUZdSF5eMI=
18:46:54.992 [Expansion Quests] Loaded existing group quest data for group with ID=1
18:46:54.992 [Expansion Quests] Check quest initialization for quest with ID=101 | State=COMPLETED | Player UID=1OEPy6aKlMe0cmo8LieQDvVcsiu6iWAr2PUZdSF5eMI=
18:46:54.992 [Expansion Quests] Check quest initialization for quest with ID=6601 | State=NONE | Player UID=1OEPy6aKlMe0cmo8LieQDvVcsiu6iWAr2PUZdSF5eMI=
18:46:54.992 [Expansion Quests] Check quest initialization for quest with ID=6501 | State=NONE | Player UID=1OEPy6aKlMe0cmo8LieQDvVcsiu6iWAr2PUZdSF5eMI=
18:46:54.992 [Expansion Quests] Quest with ID=6401 is not a a valid achievement or auto start quest. Skip quest for player with UID=1OEPy6aKlMe0cmo8LieQDvVcsiu6iWAr2PUZdSF5eMI=
18:46:54.992 [Expansion Quests] Quest with ID=6101 is not a a valid achievement or auto start quest. Skip quest for player with UID=1OEPy6aKlMe0cmo8LieQDvVcsiu6iWAr2PUZdSF5eMI=
18:46:54.992 [Expansion Quests] Quest with ID=6701 is not a a valid achievement or auto start quest. Skip quest for player with UID=1OEPy6aKlMe0cmo8LieQDvVcsiu6iWAr2PUZdSF5eMI=
18:46:54.992 [Expansion Quests] Quest with ID=61001 is not a a valid achievement or auto start quest. Skip quest for player with UID=1OEPy6aKlMe0cmo8LieQDvVcsiu6iWAr2PUZdSF5eMI=
18:46:54.992 [Expansion Quests] Quest with ID=6501 is not a a valid achievement or auto start quest. Skip quest for player with UID=1OEPy6aKlMe0cmo8LieQDvVcsiu6iWAr2PUZdSF5eMI=
18:46:54.992 [Expansion Quests] Quest with ID=6201 is not a a valid achievement or auto start quest. Skip quest for player with UID=1OEPy6aKlMe0cmo8LieQDvVcsiu6iWAr2PUZdSF5eMI=
18:46:54.992 [Expansion Quests] Quest with ID=6301 is not a a valid achievement or auto start quest. Skip quest for player with UID=1OEPy6aKlMe0cmo8LieQDvVcsiu6iWAr2PUZdSF5eMI=
18:46:54.992 [Expansion Quests] Quest with ID=6601 is not a a valid achievement or auto start quest. Skip quest for player with UID=1OEPy6aKlMe0cmo8LieQDvVcsiu6iWAr2PUZdSF5eMI=
18:46:54.992 [Expansion Quests] Sending 1OEPy6aKlMe0cmo8LieQDvVcsiu6iWAr2PUZdSF5eMI= quest configs to client for player with UID=1OEPy6aKlMe0cmo8LieQDvVcsiu6iWAr2PUZdSF5eMI=
18:46:54.992 [Expansion Quests] Sending player quest data for 3 quests to player with UID=1OEPy6aKlMe0cmo8LieQDvVcsiu6iWAr2PUZdSF5eMI=
18:46:55.914 [Expansion Quests] - LoadGroupQuestData - Got cached group quest data for group with ID=1
18:47:02.671 [AI Object Patrol 00041] Spawning 2 PoliceStation_Tier1 (Raiders) bots at <11070.862305, 235.200394, 12492.745117>
18:47:02.726 [AI Object Patrol 00041] Global patrol count: 1
18:47:02.726 [AI Object Patrol 00038] Spawning 1 WaterPump_Tier0 (Raiders) bots at <11015.091797, 226.213211, 12425.425781>
18:47:02.734 [AI Object Patrol 00038] Global patrol count: 2
18:47:02.734 [AI Patrol 00073] Spawning 1 Krasnostav_Trader (InvincibleObservers) bots at <11866.502930, 140.205093, 12382.907227>
18:47:02.757 [AI Patrol 00073] Global patrol count: 3
18:47:02.757 [AI Patrol 00077] Spawning 1 Krasnostav_Tier1 (Raiders) bots at <11162.140625, 197.135757, 12227.576172>
18:47:02.781 [AI Patrol 00077] Global patrol count: 4
18:47:02.781 [AI Patrol 00071] Spawning 2 Krasnostav_Trader (InvincibleObservers) bots at <11878.822266, 140.000046, 12457.468750>
18:47:02.820 [AI Patrol 00071] Global patrol count: 5
18:47:02.820 [AI Patrol 00072] Spawning 2 Krasnostav_Trader (InvincibleObservers) bots at <11825.818359, 139.900909, 12503.785156>
18:47:02.835 [AI Patrol 00072] Global patrol count: 6
18:47:02.835 [AI Patrol 00070] Spawning 2 Krasnostav_Trader (Guards) bots at <11908.057617, 141.310135, 12421.543945>
18:47:02.859 [AI Patrol 00070] Global patrol count: 7
18:47:03.195 [Safezone] Player "Survivor" (id=1OEPy6aKlMe0cmo8LieQDvVcsiu6iWAr2PUZdSF5eMI= pos=<11884.192383, 140.000000, 12469.363281>) Entered the safezone
18:47:18.992 [Expansion Quests] Spawned objects from set for quest ID=61001 from file=$mission:expansion\quests\\objects\q61001.map
18:47:18.992 [Expansion Quests] Added new objective data for type=TRAVEL | Key=1OEPy6aKlMe0cmo8LieQDvVcsiu6iWAr2PUZdSF5eMI= | ID=501
18:47:18.992 [Expansion Quests] Added new objective data for type=TREASUREHUNT | Key=1OEPy6aKlMe0cmo8LieQDvVcsiu6iWAr2PUZdSF5eMI= | ID=401
18:47:18.992 [Expansion Quests] Added new objective data for type=COLLECT | Key=1OEPy6aKlMe0cmo8LieQDvVcsiu6iWAr2PUZdSF5eMI= | ID=301
18:47:18.992 [Expansion Quests] Updated and saved persistent player quest data for player with UID=1OEPy6aKlMe0cmo8LieQDvVcsiu6iWAr2PUZdSF5eMI= | Quest ID=61001
18:47:18.992 [Expansion Quests] Created new quest instance with instance key=1OEPy6aKlMe0cmo8LieQDvVcsiu6iWAr2PUZdSF5eMI= for quest with ID=61001
18:47:19.484 [Expansion Quests] Added new objective data for type=TRAVEL | Key=1OEPy6aKlMe0cmo8LieQDvVcsiu6iWAr2PUZdSF5eMI= | ID=501
18:47:19.484 [Expansion Quests] Added new objective data for type=TREASUREHUNT | Key=1OEPy6aKlMe0cmo8LieQDvVcsiu6iWAr2PUZdSF5eMI= | ID=401
18:47:19.484 [Expansion Quests] Added new objective data for type=COLLECT | Key=1OEPy6aKlMe0cmo8LieQDvVcsiu6iWAr2PUZdSF5eMI= | ID=301
18:47:19.492 [Expansion Quests] Updated and saved persistent player quest data for player with UID=1OEPy6aKlMe0cmo8LieQDvVcsiu6iWAr2PUZdSF5eMI= | Quest ID=61001
18:47:43.195 [AI Object Patrol 00162] Spawning 1 QuestEnemyTier2 (Mercenaries) bots at <15138.096680, 10.277426, 13840.149414>
18:47:43.226 [AI Object Patrol 00162] Global patrol count: 8
18:47:43.234 [AI Patrol 00074] Spawning 2 Svetloyarsk_Tier1 (Raiders) bots at <14018.335938, 16.668734, 13586.107422>
18:47:43.250 [AI Patrol 00074] Global patrol count: 9
18:47:43.250 [AI Object Patrol 00163] Spawning 1 QuestEnemyTier2 (Mercenaries) bots at <15199.649414, 3.272234, 13829.963867>
18:47:43.265 [AI Object Patrol 00163] Global patrol count: 10
18:47:43.265 [AI Object Patrol 00165] Spawning 1 QuestEnemyTier2 (Mercenaries) bots at <15074.393555, 14.430862, 13817.942383>
18:47:43.281 [AI Object Patrol 00165] Global patrol count: 11
18:47:43.281 [AI Object Patrol 00164] Spawning 1 QuestEnemyTier3 (Mercenaries) bots at <15224.111328, -0.166018, 13755.636719>
18:47:43.296 [AI Object Patrol 00164] Global patrol count: 12
18:47:54.671 [Safezone] Player "Survivor" (id=1OEPy6aKlMe0cmo8LieQDvVcsiu6iWAr2PUZdSF5eMI= pos=<14742.240234, 75.573975, 14019.552734>) Left the safezone
18:48:38.445 [Expansion Quests] Added new objective data for type=TRAVEL | Key=1OEPy6aKlMe0cmo8LieQDvVcsiu6iWAr2PUZdSF5eMI= | ID=501
18:48:38.445 [Expansion Quests] Added new objective data for type=TREASUREHUNT | Key=1OEPy6aKlMe0cmo8LieQDvVcsiu6iWAr2PUZdSF5eMI= | ID=401
18:48:38.445 [Expansion Quests] Added new objective data for type=COLLECT | Key=1OEPy6aKlMe0cmo8LieQDvVcsiu6iWAr2PUZdSF5eMI= | ID=301
18:48:38.445 [Expansion Quests] Updated and saved persistent player quest data for player with UID=1OEPy6aKlMe0cmo8LieQDvVcsiu6iWAr2PUZdSF5eMI= | Quest ID=61001
18:49:28.421 [Killfeed] AI Naomi (QuestEnemyTier2) был убит [Falco] Survivor с testing AKM из 26 м расстояние.
18:49:29.101 [AI Object Patrol 00162] QuestEnemyTier2 (Mercenaries) bots were wiped out (spawn position <15138.096680, 10.277426, 13840.149414>, 1/1 deceased)
18:49:29.101 [AI Object Patrol 00162] Global patrol count: 11
18:49:35.781 [Killfeed] AI Denis (QuestEnemyTier2) был убит [Falco] Survivor с testing AKM из 16 м расстояние.
18:49:39.476 [AI Object Patrol 00163] QuestEnemyTier2 (Mercenaries) bots were wiped out (spawn position <15199.649414, 3.272234, 13829.963867>, 1/1 deceased)
18:49:39.476 [AI Object Patrol 00163] Global patrol count: 10
18:49:58.609 [Killfeed] AI Kaito (QuestEnemyTier2) был убит [Falco] Survivor с testing AKM из 2 м расстояние.
18:49:59.562 [AI Object Patrol 00165] QuestEnemyTier2 (Mercenaries) bots were wiped out (spawn position <15074.393555, 14.430862, 13817.942383>, 1/1 deceased)
18:49:59.562 [AI Object Patrol 00165] Global patrol count: 9
18:50:08.445 [Killfeed] AI Cyril (QuestEnemyTier3) был убит [Falco] Survivor с testing AKM из 1 м расстояние.
18:50:09.664 [AI Object Patrol 00164] QuestEnemyTier3 (Mercenaries) bots were wiped out (spawn position <15224.111328, -0.166018, 13755.636719>, 1/1 deceased)
18:50:09.664 [AI Object Patrol 00164] Global patrol count: 8
18:51:06.640 [Expansion Quests] Added new objective data for type=TRAVEL | Key=1OEPy6aKlMe0cmo8LieQDvVcsiu6iWAr2PUZdSF5eMI= | ID=501
18:51:06.640 [Expansion Quests] Added new objective data for type=TREASUREHUNT | Key=1OEPy6aKlMe0cmo8LieQDvVcsiu6iWAr2PUZdSF5eMI= | ID=401
18:51:06.640 [Expansion Quests] Added new objective data for type=COLLECT | Key=1OEPy6aKlMe0cmo8LieQDvVcsiu6iWAr2PUZdSF5eMI= | ID=301
18:51:06.640 [Expansion Quests] Updated and saved persistent player quest data for player with UID=1OEPy6aKlMe0cmo8LieQDvVcsiu6iWAr2PUZdSF5eMI= | Quest ID=61001
18:51:19.023 [Killfeed] AI Elias (WaterPump_Tier0) был убит AI Frida (PoliceStation_Tier1) с Sporter 22 из 13 м расстояние.
18:51:21.687 [AI Object Patrol 00038] WaterPump_Tier0 (Raiders) bots were wiped out (spawn position <11015.091797, 226.213211, 12425.425781>, 1/1 deceased)
18:51:21.687 [AI Object Patrol 00038] Global patrol count: 7
18:51:40.492 [MissionAirdrop] An airdrop is heading towards "NEAF" (pos=<12159.000000, 0.000000, 12583.000000> type=Random_NEAF) with a ExpansionAirdropContainer_Military
18:54:46.835 [Killfeed] AI Taiki (PoliceStation_Tier1) умер от потери крови.
18:56:36.117 [Killfeed] AI Frida (PoliceStation_Tier1) был убит AI Baty (Krasnostav_Tier1) при помощи.
18:56:40.804 [AI Object Patrol 00041] PoliceStation_Tier1 (Raiders) bots were wiped out (spawn position <11070.862305, 235.200394, 12492.745117>, 2/2 deceased)
18:56:40.804 [AI Object Patrol 00041] Global patrol count: 6
18:57:40.882 [AI Patrol 00073] Despawning 1 Krasnostav_Trader (InvincibleObservers) bots (spawn position <11866.502930, 140.205093, 12382.907227>, 0/1 deceased)
18:57:40.882 [AI Patrol 00073] Global patrol count: 5
18:57:41.132 [AI Patrol 00077] Despawning 1 Krasnostav_Tier1 (Raiders) bots (spawn position <11162.140625, 197.135757, 12227.576172>, 0/1 deceased)
18:57:41.132 [AI Patrol 00077] Global patrol count: 4
18:57:41.195 [AI Patrol 00071] Despawning 2 Krasnostav_Trader (InvincibleObservers) bots (spawn position <11878.822266, 140.000046, 12457.468750>, 0/2 deceased)
18:57:41.195 [AI Patrol 00071] Global patrol count: 3
18:57:41.210 [AI Patrol 00072] Despawning 2 Krasnostav_Trader (InvincibleObservers) bots (spawn position <11825.818359, 139.900909, 12503.785156>, 0/2 deceased)
18:57:41.210 [AI Patrol 00072] Global patrol count: 2
18:57:41.335 [AI Patrol 00070] Despawning 2 Krasnostav_Trader (Guards) bots (spawn position <11908.057617, 141.310135, 12421.543945>, 0/2 deceased)
18:57:41.335 [AI Patrol 00070] Global patrol count: 1
18:58:46.164 [AI Patrol 00074] Despawning 2 Svetloyarsk_Tier1 (Raiders) bots (spawn position <14018.335938, 16.668734, 13586.107422>, 0/2 deceased)
18:58:46.164 [AI Patrol 00074] Global patrol count: 0
