11:34:42.300 [Expansion Quests] Added objects set for quest ID=61001 from file=q61001
11:34:42.300 [Expansion Quests] Added objects set for quest ID=5201 from file=q5201
11:34:42.300 [Expansion Quests] Added objects set for quest ID=5202 from file=q5202
11:34:42.300 [Expansion Quests] Added objects set for quest ID=5203 from file=q5203
11:34:42.300 [Expansion Quests] Added objects set for quest ID=2201 from file=q2201
11:34:42.300 [Expansion Quests] Added objects set for quest ID=2202 from file=q2202
11:34:42.300 [Expansion Quests] Added objects set for quest ID=2203 from file=q2203
11:34:42.300 [Expansion Quests] Added objects set for quest ID=2204 from file=q2204
11:34:42.300 [Expansion Quests] Added objects set for quest ID=2205 from file=q2205
11:34:42.300 [Expansion Quests] Added objects set for quest ID=2101 from file=q2101
11:34:42.300 [Expansion Quests] Added objects set for quest ID=61601 from file=q61601
11:34:42.300 [Expansion Quests] Added objects set for quest ID=2102 from file=q2102
11:34:42.300 [Expansion Quests] Added objects set for quest ID=2103 from file=q2103
11:34:42.300 [Expansion Quests] Added objects set for quest ID=2104 from file=q2104
11:34:42.300 [Expansion Quests] Added objects set for quest ID=5101 from file=q5101
11:34:42.300 [Expansion Quests] Added objects set for quest ID=5102 from file=q5102
11:34:42.300 [Expansion Quests] Added objects set for quest ID=6601 from file=q6601
11:34:42.300 [Expansion Quests] Added objects set for quest ID=6501 from file=q6501
11:34:42.300 [Expansion Quests] Added objects set for quest ID=5301 from file=q5301
11:34:42.300 [Expansion Quests] Added objects set for quest ID=5302 from file=q5302
11:34:42.300 [Expansion Quests] Added objects set for quest ID=5303 from file=q5303
11:34:42.304 [Expansion Quests] Added objects set for quest ID=5304 from file=q5304
11:34:42.304 [Expansion Quests] Added objects set for quest ID=2105 from file=q2105
11:34:42.304 [Expansion Quests] Added objects set for quest ID=61501 from file=q61501
11:34:42.304 [Expansion Quests] Added objects set for quest ID=61502 from file=q61502
11:37:15.695 [Safezone] Player "Survivor" (id=1OEPy6aKlMe0cmo8LieQDvVcsiu6iWAr2PUZdSF5eMI= pos=<11889.5, 140.01, 12464.7>) entered the safezone
11:37:15.718 [Party] Player "Survivor" (id=1OEPy6aKlMe0cmo8LieQDvVcsiu6iWAr2PUZdSF5eMI=) joinded the party "Knight Fallen" (id=1 ownerUID=1OEPy6aKlMe0cmo8LieQDvVcsiu6iWAr2PUZdSF5eMI= ownerName=Survivor)
11:37:15.718 [Expansion Quests] Initialize quest system on the connected client with UID=1OEPy6aKlMe0cmo8LieQDvVcsiu6iWAr2PUZdSF5eMI=
11:37:15.792 [Expansion Quests] Loaded existing player quest data for player with UID=1OEPy6aKlMe0cmo8LieQDvVcsiu6iWAr2PUZdSF5eMI=
11:37:15.796 [Expansion Quests] Loaded existing group quest data for group with ID=1
11:37:15.796 [Expansion Quests] Check quest initialization for quest with ID=6901 | State=COMPLETED | Player UID=1OEPy6aKlMe0cmo8LieQDvVcsiu6iWAr2PUZdSF5eMI=
11:37:15.796 [Expansion Quests] Check quest initialization for quest with ID=6401 | State=COMPLETED | Player UID=1OEPy6aKlMe0cmo8LieQDvVcsiu6iWAr2PUZdSF5eMI=
11:37:15.796 [Expansion Quests] Check quest initialization for quest with ID=5101 | State=NONE | Player UID=1OEPy6aKlMe0cmo8LieQDvVcsiu6iWAr2PUZdSF5eMI=
11:37:15.796 [Expansion Quests] Check quest initialization for quest with ID=101 | State=COMPLETED | Player UID=1OEPy6aKlMe0cmo8LieQDvVcsiu6iWAr2PUZdSF5eMI=
11:37:15.796 [Expansion Quests] Check quest initialization for quest with ID=61101 | State=COMPLETED | Player UID=1OEPy6aKlMe0cmo8LieQDvVcsiu6iWAr2PUZdSF5eMI=
11:37:15.796 [Expansion Quests] Check quest initialization for quest with ID=6601 | State=COMPLETED | Player UID=1OEPy6aKlMe0cmo8LieQDvVcsiu6iWAr2PUZdSF5eMI=
11:37:15.796 [Expansion Quests] Check quest initialization for quest with ID=61301 | State=NONE | Player UID=1OEPy6aKlMe0cmo8LieQDvVcsiu6iWAr2PUZdSF5eMI=
11:37:15.796 [Expansion Quests] Check quest initialization for quest with ID=6701 | State=COMPLETED | Player UID=1OEPy6aKlMe0cmo8LieQDvVcsiu6iWAr2PUZdSF5eMI=
11:37:15.796 [Expansion Quests] Check quest initialization for quest with ID=6501 | State=COMPLETED | Player UID=1OEPy6aKlMe0cmo8LieQDvVcsiu6iWAr2PUZdSF5eMI=
11:37:15.796 [Expansion Quests] Check quest initialization for quest with ID=6801 | State=COMPLETED | Player UID=1OEPy6aKlMe0cmo8LieQDvVcsiu6iWAr2PUZdSF5eMI=
11:37:15.796 [Expansion Quests] Check quest initialization for quest with ID=6101 | State=COMPLETED | Player UID=1OEPy6aKlMe0cmo8LieQDvVcsiu6iWAr2PUZdSF5eMI=
11:37:15.796 [Expansion Quests] Check quest initialization for quest with ID=2101 | State=COMPLETED | Player UID=1OEPy6aKlMe0cmo8LieQDvVcsiu6iWAr2PUZdSF5eMI=
11:37:15.796 [Expansion Quests] Check quest initialization for quest with ID=61501 | State=NONE | Player UID=1OEPy6aKlMe0cmo8LieQDvVcsiu6iWAr2PUZdSF5eMI=
11:37:15.796 [Expansion Quests] Check quest initialization for quest with ID=6201 | State=COMPLETED | Player UID=1OEPy6aKlMe0cmo8LieQDvVcsiu6iWAr2PUZdSF5eMI=
11:37:15.796 [Expansion Quests] Check quest initialization for quest with ID=61001 | State=COMPLETED | Player UID=1OEPy6aKlMe0cmo8LieQDvVcsiu6iWAr2PUZdSF5eMI=
11:37:15.796 [Expansion Quests] Check quest initialization for quest with ID=6301 | State=COMPLETED | Player UID=1OEPy6aKlMe0cmo8LieQDvVcsiu6iWAr2PUZdSF5eMI=
11:37:15.796 [Expansion Quests] Check quest initialization for quest with ID=61502 | State=COMPLETED | Player UID=1OEPy6aKlMe0cmo8LieQDvVcsiu6iWAr2PUZdSF5eMI=
11:37:15.800 [Expansion Quests] Quest with ID=6401 is not a a valid achievement or auto start quest. Skip quest for player with UID=1OEPy6aKlMe0cmo8LieQDvVcsiu6iWAr2PUZdSF5eMI=
11:37:15.800 [Expansion Quests] Quest with ID=61101 is not a a valid achievement or auto start quest. Skip quest for player with UID=1OEPy6aKlMe0cmo8LieQDvVcsiu6iWAr2PUZdSF5eMI=
11:37:15.800 [Expansion Quests] Quest with ID=61001 is not a a valid achievement or auto start quest. Skip quest for player with UID=1OEPy6aKlMe0cmo8LieQDvVcsiu6iWAr2PUZdSF5eMI=
11:37:15.800 [Expansion Quests] Quest with ID=61301 is not a a valid achievement or auto start quest. Skip quest for player with UID=1OEPy6aKlMe0cmo8LieQDvVcsiu6iWAr2PUZdSF5eMI=
11:37:15.800 [Expansion Quests] Quest with ID=61401 is not a a valid achievement or auto start quest. Skip quest for player with UID=1OEPy6aKlMe0cmo8LieQDvVcsiu6iWAr2PUZdSF5eMI=
11:37:15.800 [Expansion Quests] Quest with ID=6701 is not a a valid achievement or auto start quest. Skip quest for player with UID=1OEPy6aKlMe0cmo8LieQDvVcsiu6iWAr2PUZdSF5eMI=
11:37:15.800 [Expansion Quests] Quest with ID=5201 is not a a valid achievement or auto start quest. Skip quest for player with UID=1OEPy6aKlMe0cmo8LieQDvVcsiu6iWAr2PUZdSF5eMI=
11:37:15.800 [Expansion Quests] Quest with ID=5202 is not a a valid achievement or auto start quest. Skip quest for player with UID=1OEPy6aKlMe0cmo8LieQDvVcsiu6iWAr2PUZdSF5eMI=
11:37:15.800 [Expansion Quests] Quest with ID=5203 is not a a valid achievement or auto start quest. Skip quest for player with UID=1OEPy6aKlMe0cmo8LieQDvVcsiu6iWAr2PUZdSF5eMI=
11:37:15.800 [Expansion Quests] Quest with ID=6101 is not a a valid achievement or auto start quest. Skip quest for player with UID=1OEPy6aKlMe0cmo8LieQDvVcsiu6iWAr2PUZdSF5eMI=
11:37:15.800 [Expansion Quests] Quest with ID=6801 is not a a valid achievement or auto start quest. Skip quest for player with UID=1OEPy6aKlMe0cmo8LieQDvVcsiu6iWAr2PUZdSF5eMI=
11:37:15.800 [Expansion Quests] Quest with ID=6301 is not a a valid achievement or auto start quest. Skip quest for player with UID=1OEPy6aKlMe0cmo8LieQDvVcsiu6iWAr2PUZdSF5eMI=
11:37:15.800 [Expansion Quests] Quest with ID=2201 is not a a valid achievement or auto start quest. Skip quest for player with UID=1OEPy6aKlMe0cmo8LieQDvVcsiu6iWAr2PUZdSF5eMI=
11:37:15.800 [Expansion Quests] Quest with ID=2202 is not a a valid achievement or auto start quest. Skip quest for player with UID=1OEPy6aKlMe0cmo8LieQDvVcsiu6iWAr2PUZdSF5eMI=
11:37:15.800 [Expansion Quests] Quest with ID=2203 is not a a valid achievement or auto start quest. Skip quest for player with UID=1OEPy6aKlMe0cmo8LieQDvVcsiu6iWAr2PUZdSF5eMI=
11:37:15.800 [Expansion Quests] Quest with ID=2204 is not a a valid achievement or auto start quest. Skip quest for player with UID=1OEPy6aKlMe0cmo8LieQDvVcsiu6iWAr2PUZdSF5eMI=
11:37:15.800 [Expansion Quests] Quest with ID=2205 is not a a valid achievement or auto start quest. Skip quest for player with UID=1OEPy6aKlMe0cmo8LieQDvVcsiu6iWAr2PUZdSF5eMI=
11:37:15.800 [Expansion Quests] Quest with ID=2101 is not a a valid achievement or auto start quest. Skip quest for player with UID=1OEPy6aKlMe0cmo8LieQDvVcsiu6iWAr2PUZdSF5eMI=
11:37:15.800 [Expansion Quests] Quest with ID=61601 is not a a valid achievement or auto start quest. Skip quest for player with UID=1OEPy6aKlMe0cmo8LieQDvVcsiu6iWAr2PUZdSF5eMI=
11:37:15.800 [Expansion Quests] Quest with ID=6901 is not a a valid achievement or auto start quest. Skip quest for player with UID=1OEPy6aKlMe0cmo8LieQDvVcsiu6iWAr2PUZdSF5eMI=
11:37:15.800 [Expansion Quests] Quest with ID=2102 is not a a valid achievement or auto start quest. Skip quest for player with UID=1OEPy6aKlMe0cmo8LieQDvVcsiu6iWAr2PUZdSF5eMI=
11:37:15.800 [Expansion Quests] Quest with ID=2103 is not a a valid achievement or auto start quest. Skip quest for player with UID=1OEPy6aKlMe0cmo8LieQDvVcsiu6iWAr2PUZdSF5eMI=
11:37:15.800 [Expansion Quests] Quest with ID=2104 is not a a valid achievement or auto start quest. Skip quest for player with UID=1OEPy6aKlMe0cmo8LieQDvVcsiu6iWAr2PUZdSF5eMI=
11:37:15.800 [Expansion Quests] Quest with ID=6201 is not a a valid achievement or auto start quest. Skip quest for player with UID=1OEPy6aKlMe0cmo8LieQDvVcsiu6iWAr2PUZdSF5eMI=
11:37:15.800 [Expansion Quests] Quest with ID=5101 is not a a valid achievement or auto start quest. Skip quest for player with UID=1OEPy6aKlMe0cmo8LieQDvVcsiu6iWAr2PUZdSF5eMI=
11:37:15.800 [Expansion Quests] Quest with ID=5102 is not a a valid achievement or auto start quest. Skip quest for player with UID=1OEPy6aKlMe0cmo8LieQDvVcsiu6iWAr2PUZdSF5eMI=
11:37:15.800 [Expansion Quests] Quest with ID=6601 is not a a valid achievement or auto start quest. Skip quest for player with UID=1OEPy6aKlMe0cmo8LieQDvVcsiu6iWAr2PUZdSF5eMI=
11:37:15.804 [Expansion Quests] Quest with ID=6501 is not a a valid achievement or auto start quest. Skip quest for player with UID=1OEPy6aKlMe0cmo8LieQDvVcsiu6iWAr2PUZdSF5eMI=
11:37:15.804 [Expansion Quests] Quest with ID=62001 is not a a valid achievement or auto start quest. Skip quest for player with UID=1OEPy6aKlMe0cmo8LieQDvVcsiu6iWAr2PUZdSF5eMI=
11:37:15.804 [Expansion Quests] Quest with ID=61201 is not a a valid achievement or auto start quest. Skip quest for player with UID=1OEPy6aKlMe0cmo8LieQDvVcsiu6iWAr2PUZdSF5eMI=
11:37:15.804 [Expansion Quests] Quest with ID=5301 is not a a valid achievement or auto start quest. Skip quest for player with UID=1OEPy6aKlMe0cmo8LieQDvVcsiu6iWAr2PUZdSF5eMI=
11:37:15.804 [Expansion Quests] Quest with ID=5302 is not a a valid achievement or auto start quest. Skip quest for player with UID=1OEPy6aKlMe0cmo8LieQDvVcsiu6iWAr2PUZdSF5eMI=
11:37:15.804 [Expansion Quests] Quest with ID=5303 is not a a valid achievement or auto start quest. Skip quest for player with UID=1OEPy6aKlMe0cmo8LieQDvVcsiu6iWAr2PUZdSF5eMI=
11:37:15.804 [Expansion Quests] Quest with ID=5304 is not a a valid achievement or auto start quest. Skip quest for player with UID=1OEPy6aKlMe0cmo8LieQDvVcsiu6iWAr2PUZdSF5eMI=
11:37:15.804 [Expansion Quests] Quest with ID=2105 is not a a valid achievement or auto start quest. Skip quest for player with UID=1OEPy6aKlMe0cmo8LieQDvVcsiu6iWAr2PUZdSF5eMI=
11:37:15.804 [Expansion Quests] Quest with ID=61501 is not a a valid achievement or auto start quest. Skip quest for player with UID=1OEPy6aKlMe0cmo8LieQDvVcsiu6iWAr2PUZdSF5eMI=
11:37:15.804 [Expansion Quests] Quest with ID=61502 is not a a valid achievement or auto start quest. Skip quest for player with UID=1OEPy6aKlMe0cmo8LieQDvVcsiu6iWAr2PUZdSF5eMI=
11:37:15.808 [Expansion Quests] Sending 1OEPy6aKlMe0cmo8LieQDvVcsiu6iWAr2PUZdSF5eMI= quest configs to client for player with UID=1OEPy6aKlMe0cmo8LieQDvVcsiu6iWAr2PUZdSF5eMI=
11:37:15.808 [Expansion Quests] Sending player quest data for 17 quests to player with UID=1OEPy6aKlMe0cmo8LieQDvVcsiu6iWAr2PUZdSF5eMI=
11:37:15.812 [AI Patrol 00082] Spawning 2 Krasnostav_Tier1 (Raiders) bots at <11195.257813, 196.088074, 12230.042969>
11:37:15.851 [AI Patrol 00082] Global patrol count: 1
11:37:15.851 [AI Patrol 00075] Spawning 2 Krasnostav_Trader (InvincibleObservers) bots at <11928.408203, 141.853043, 12399.277344>
11:37:15.867 [AI Patrol 00075] Global patrol count: 2
11:37:15.871 [AI Patrol 00074] Spawning 2 Krasnostav_Trader (Guards) bots at <11812.596680, 139.980118, 12557.121094>
11:37:15.894 [AI Patrol 00074] Global patrol count: 3
11:37:15.894 [AI Patrol 00077] Spawning 2 Krasnostav_Trader (InvincibleObservers) bots at <11940.912109, 140.180527, 12444.871094>
11:37:15.917 [AI Patrol 00077] Global patrol count: 4
11:37:15.917 [AI Patrol 00078] Spawning 1 Krasnostav_Trader (InvincibleObservers) bots at <11855.883789, 140.000000, 12515.430664>
11:37:15.941 [AI Patrol 00078] Global patrol count: 5
11:37:16.675 [Expansion Quests] - LoadGroupQuestData - Got cached group quest data for group with ID=1
11:39:27.792 [Safezone] Player "{1:name}" (id={1:id} pos={1:position}) left the safezone
11:39:44.355 [AI Object Patrol 00050] Spawning 3 ContaminatedArea_Tier4 (Raiders) bots at <13892.980469, -0.901632, 11176.070313>
11:39:44.378 [AI Object Patrol 00050] Global patrol count: 6
11:39:44.378 [AI Object Patrol 00051] Spawning 3 ContaminatedArea_Tier4 (Raiders) bots at <13754.426758, 0.096167, 11168.593750>
11:39:44.394 [AI Object Patrol 00051] Global patrol count: 7
11:39:44.394 [AI Object Patrol 00049] Spawning 3 ContaminatedArea_Tier4 (Raiders) bots at <13674.650391, 0.742285, 11089.304688>
11:39:44.414 [AI Object Patrol 00049] Global patrol count: 8
11:40:30.566 [AI Patrol 00080] Spawning 2 Rify_Tier1 (Raiders) bots at <13492.643555, 44.723568, 11782.818359>
11:40:30.582 [AI Patrol 00080] Global patrol count: 9
11:40:41.046 [MissionAirdrop] An airdrop is heading towards "Novodmitrovsk" (pos=<11125.000000, 0.000000, 14040.000000> type=Random_Novodmitrovsk) with a ExpansionAirdropContainer_Medical
11:40:43.054 [Killfeed] AI Boris (ContaminatedArea_Tier4) был убит [Knigh] Survivor с ОЦ-14 «Гроза» из 18 м расстояние.
11:40:47.437 [Killfeed] AI Baty (ContaminatedArea_Tier4) был убит [Knigh] Survivor с ОЦ-14 «Гроза» из 20 м расстояние.
11:41:51.402 [Killfeed] AI Helga (ContaminatedArea_Tier4) был убит AI Jose (ContaminatedArea_Tier4) с ВСД из 27 м расстояние.
11:41:53.246 [AI Object Patrol 00033] Spawning 1 OilStation_Tier2RR (Raiders) bots at <12983.928711, 6.000000, 10090.731445>
11:41:53.265 [AI Object Patrol 00033] Global patrol count: 10
11:41:53.265 [AI Object Patrol 00034] Spawning 1 PoliceStation_Tier1 (Raiders) bots at <12922.833984, 6.344259, 10191.791016>
11:41:53.281 [AI Object Patrol 00034] Global patrol count: 11
11:41:53.281 [AI Patrol 00083] Spawning 1 Berezino_Tier1 (Raiders) bots at <13089.389648, 7.942601, 10334.198242>
11:41:53.292 [AI Patrol 00083] Global patrol count: 12
11:41:59.730 [AI Object Patrol 00182] Spawning 1 FirelStation_Tier2 (Raiders) bots at <12817.102539, 5.985758, 9983.442383>
11:41:59.750 [AI Object Patrol 00182] Global patrol count: 13
11:42:09.914 [AI Patrol 00086] Spawning 1 Berezino_Tier1 (Raiders) bots at <12175.803711, 11.300000, 9714.359375>
11:42:09.929 [AI Patrol 00086] Global patrol count: 14
11:42:09.929 [AI Patrol 00085] Spawning 2 Berezino_Tier1 (Raiders) bots at <12271.384766, 16.955437, 9530.661133>
11:42:09.945 [AI Patrol 00085] Global patrol count: 15
11:42:17.105 [Killfeed] AI Jose (ContaminatedArea_Tier4) был убит AI Rolf (ContaminatedArea_Tier4) с AUR AX из 108 м расстояние.
11:42:19.515 [AI Patrol 00084] Spawning 2 Berezhino_Tier1 (Raiders) bots at <12939.857422, 6.428957, 10046.175781>
11:42:19.535 [AI Patrol 00084] Global patrol count: 16
11:42:22.015 [AI Object Patrol 00049] ContaminatedArea_Tier4 (Raiders) bots were wiped out (spawn position <13674.650391, 0.742285, 11089.304688>, 3/3 deceased)
11:42:22.015 [AI Object Patrol 00049] Global patrol count: 15
11:42:26.515 [Killfeed] AI Elias (ContaminatedArea_Tier4) был убит AI Linda (ContaminatedArea_Tier4) с Вайга из 25 м расстояние.
11:43:20.242 [Killfeed] AI Niki (OilStation_Tier2RR) был убит AI Eva (Berezhino_Tier1) с Mlock-91 из 16 м расстояние.
11:43:21.355 [AI Object Patrol 00033] OilStation_Tier2RR (Raiders) bots were wiped out (spawn position <12983.928711, 6.000000, 10090.731445>, 1/1 deceased)
11:43:21.355 [AI Object Patrol 00033] Global patrol count: 14
11:43:53.187 [Killfeed] AI Indar (ContaminatedArea_Tier4) был убит.
11:43:56.851 [AI Object Patrol 00051] ContaminatedArea_Tier4 (Raiders) bots were wiped out (spawn position <13754.426758, 0.096167, 11168.593750>, 3/3 deceased)
11:43:56.855 [AI Object Patrol 00051] Global patrol count: 13
11:44:00.980 [Safezone] Player "Survivor" (id=1OEPy6aKlMe0cmo8LieQDvVcsiu6iWAr2PUZdSF5eMI= pos=<11860.4, 140.14, 12527.9>) entered the safezone
11:44:06.328 [Killfeed] AI Denis (Berezino_Tier1) был убит AI Gabi (PoliceStation_Tier1) с Blaze из 24 м расстояние.
11:44:06.546 [AI Patrol 00083] Berezino_Tier1 (Raiders) bots were wiped out (spawn position <13089.389648, 7.942601, 10334.198242>, 1/1 deceased)
11:44:06.546 [AI Patrol 00083] Global patrol count: 12
11:45:02.714 [AI Object Patrol 00186] Spawning 1 WaterPump_Tier0 (Raiders) bots at <12307.934570, 105.157715, 10948.628906>
11:45:02.718 [AI Object Patrol 00186] Global patrol count: 13
11:45:14.015 [Safezone] Player "{1:name}" (id={1:id} pos={1:position}) left the safezone
11:45:15.214 [AI Object Patrol 00060] Spawning 1 OilStation_Tier2RR (Raiders) bots at <13375.959961, 4.281821, 6611.747070>
11:45:15.285 [AI Object Patrol 00060] Global patrol count: 14
11:45:17.785 [Killfeed] AI Eva (Berezhino_Tier1) был убит AI Gabi (PoliceStation_Tier1) с Blaze из 19 м расстояние.
11:45:21.167 [Killfeed] AI Linda (ContaminatedArea_Tier4) умер от Химическое отравление.
11:45:44.691 [AI Object Patrol 00011] Spawning 1 WaterPump_Tier0 (Raiders) bots at <8149.358887, 6.000000, 3228.922363>
11:45:44.695 [AI Object Patrol 00011] Global patrol count: 15
11:45:44.699 [AI Patrol 00091] Spawning 2 Prigorodki_Tier1 (Raiders) bots at <7389.129883, 16.503000, 2850.305908>
11:45:44.718 [AI Patrol 00091] Global patrol count: 16
11:45:44.718 [AI Patrol 00092] Spawning 1 Chernogorsk_Tier1 (Raiders) bots at <7334.533203, 16.503000, 2876.978027>
11:45:44.730 [AI Patrol 00092] Global patrol count: 17
11:46:07.136 [AI Object Patrol 00070] Spawning 2 FirelStation_Tier2 (Raiders) bots at <6268.941895, 8.465535, 2736.883545>
11:46:07.156 [AI Object Patrol 00070] Global patrol count: 18
11:46:07.218 [AI Object Patrol 00008] Spawning 2 HospitalStation_Tier2 (Raiders) bots at <6485.517578, 9.290000, 2725.254883>
11:46:07.230 [AI Object Patrol 00008] Global patrol count: 19
11:46:25.273 [Killfeed] AI Keiko (Berezhino_Tier1) умер от потери крови.
11:46:26.460 [AI Patrol 00084] Berezhino_Tier1 (Raiders) bots were wiped out (spawn position <12939.857422, 6.428957, 10046.175781>, 2/2 deceased)
11:46:26.460 [AI Patrol 00084] Global patrol count: 18
11:46:35.828 [Killfeed] AI Helga (Chernogorsk_Tier1) был убит AI Baty (Prigorodki_Tier1) с M9 из 57 м расстояние.
11:46:36.726 [AI Patrol 00092] Chernogorsk_Tier1 (Raiders) bots were wiped out (spawn position <7334.533203, 16.503000, 2876.978027>, 1/1 deceased)
11:46:36.726 [AI Patrol 00092] Global patrol count: 17
11:47:05.597 [AI Object Patrol 00009] Spawning 1 PoliceStation_Tier1 (Raiders) bots at <6204.307617, 27.535418, 2935.092285>
11:47:05.609 [AI Object Patrol 00009] Global patrol count: 18
11:47:05.613 [AI Patrol 00100] Spawning 1 Vysotovo_Tier1 (Raiders) bots at <5945.594238, 97.502998, 2798.935303>
11:47:05.625 [AI Patrol 00100] Global patrol count: 19
11:47:29.933 [AI Object Patrol 00005] Spawning 1 OilStation_Tier2RR (Raiders) bots at <5847.051270, 8.977303, 2203.186768>
11:47:29.949 [AI Object Patrol 00005] Global patrol count: 20
