18:56:31.210 [MissionAirdrop] An airdrop is heading towards "Elektrozavodsk" (pos=<9371.000000, 0.000000, 2229.000000> type=Random_Elektrozavodsk) with a ExpansionAirdropContainer_Basebuilding
18:58:48.078 [Safezone] Player "Survivor" (id=1OEPy6aKlMe0cmo8LieQDvVcsiu6iWAr2PUZdSF5eMI= pos=<11904.645508, 140.012436, 12460.841797>) Entered the safezone
18:58:48.078 [Party] Player "Survivor" (id=1OEPy6aKlMe0cmo8LieQDvVcsiu6iWAr2PUZdSF5eMI=) joinded the party "Falcon Resolute" (id=1 ownerUID=z63osPRVUnS8pzWmaenLtvu6c2gVxwL4gvA4elWPF5w= ownerName=Survivor (2))
18:58:48.078 [Expansion Quests] Initialize quest system on the connected client with UID=1OEPy6aKlMe0cmo8LieQDvVcsiu6iWAr2PUZdSF5eMI=
18:58:48.156 [Expansion Quests] Loaded existing player quest data for player with UID=1OEPy6aKlMe0cmo8LieQDvVcsiu6iWAr2PUZdSF5eMI=
18:58:48.156 [Expansion Quests] Loaded existing group quest data for group with ID=1
18:58:48.156 [Expansion Quests] Sending 1OEPy6aKlMe0cmo8LieQDvVcsiu6iWAr2PUZdSF5eMI= quest configs to client for player with UID=1OEPy6aKlMe0cmo8LieQDvVcsiu6iWAr2PUZdSF5eMI=
18:58:48.156 [Expansion Quests] Sending player quest data for 0 quests to player with UID=1OEPy6aKlMe0cmo8LieQDvVcsiu6iWAr2PUZdSF5eMI=
18:58:48.156 [AI Object Patrol 00038] Spawning 1 WaterPump_Tier0 (Raiders) bots at <10996.216797, 226.469833, 12418.479492>
18:58:48.171 [AI Object Patrol 00038] Global patrol count: 1
18:58:48.171 [AI Object Patrol 00041] Spawning 2 PoliceStation_Tier1 (Raiders) bots at <11086.462891, 226.964035, 12478.034180>
18:58:48.296 [AI Object Patrol 00041] Global patrol count: 2
18:58:48.296 [AI Patrol 00071] Spawning 1 Krasnostav_Trader (InvincibleObservers) bots at <11969.785156, 141.445251, 12416.158203>
18:58:48.312 [AI Patrol 00071] Global patrol count: 3
18:58:48.312 [AI Patrol 00076] Spawning 2 Krasnostav_Tier1 (Raiders) bots at <11123.764648, 200.987320, 12216.540039>
18:58:48.328 [AI Patrol 00076] Global patrol count: 4
18:58:48.328 [AI Patrol 00070] Spawning 1 Krasnostav_Trader (InvincibleObservers) bots at <11907.488281, 140.262924, 12489.548828>
18:58:48.398 [AI Patrol 00070] Global patrol count: 5
18:58:48.398 [AI Patrol 00069] Spawning 1 Krasnostav_Trader (Guards) bots at <11825.763672, 140.000000, 12617.064453>
18:58:48.414 [AI Patrol 00069] Global patrol count: 6
18:58:48.414 [AI Patrol 00072] Spawning 2 Krasnostav_Trader (InvincibleObservers) bots at <11828.221680, 140.668320, 12405.847656>
18:58:48.429 [AI Patrol 00072] Global patrol count: 7
18:58:49.179 [Expansion Quests] - LoadGroupQuestData - Got cached group quest data for group with ID=1
19:00:11.976 [Killfeed] [Falco] Survivor был убит.
19:00:31.054 [Party] Player "Survivor" (id=1OEPy6aKlMe0cmo8LieQDvVcsiu6iWAr2PUZdSF5eMI=) left the party "Falcon Resolute" (id=1 ownerUID=z63osPRVUnS8pzWmaenLtvu6c2gVxwL4gvA4elWPF5w= ownerName=Survivor (2))
19:02:27.257 [Party] Player "Survivor" (id=1OEPy6aKlMe0cmo8LieQDvVcsiu6iWAr2PUZdSF5eMI=) joinded the party "Falcon Resolute" (id=1 ownerUID=z63osPRVUnS8pzWmaenLtvu6c2gVxwL4gvA4elWPF5w= ownerName=Survivor (2))
19:02:27.257 [Expansion Quests] Initialize quest system on the connected client with UID=1OEPy6aKlMe0cmo8LieQDvVcsiu6iWAr2PUZdSF5eMI=
19:02:27.289 [Expansion Quests] Loaded existing player quest data for player with UID=1OEPy6aKlMe0cmo8LieQDvVcsiu6iWAr2PUZdSF5eMI=
19:02:27.289 [Expansion Quests] - LoadGroupQuestData - Got cached group quest data for group with ID=1
19:02:27.289 [Expansion Quests] Sending 1OEPy6aKlMe0cmo8LieQDvVcsiu6iWAr2PUZdSF5eMI= quest configs to client for player with UID=1OEPy6aKlMe0cmo8LieQDvVcsiu6iWAr2PUZdSF5eMI=
19:02:27.289 [Expansion Quests] Sending player quest data for 0 quests to player with UID=1OEPy6aKlMe0cmo8LieQDvVcsiu6iWAr2PUZdSF5eMI=
19:02:27.296 [AI Object Patrol 00009] Spawning 1 PoliceStation_Tier1 (Raiders) bots at <6214.808594, 25.684151, 2907.806396>
19:02:27.312 [AI Object Patrol 00009] Global patrol count: 8
19:02:27.312 [AI Object Patrol 00008] Spawning 2 HospitalStation_Tier2 (Raiders) bots at <6455.825684, 9.310000, 2715.271484>
19:02:27.328 [AI Object Patrol 00008] Global patrol count: 9
19:02:27.328 [AI Object Patrol 00007] Spawning 1 PoliceStation_Tier2 (Raiders) bots at <6623.436523, 7.561750, 2577.472168>
19:02:27.343 [AI Object Patrol 00007] Global patrol count: 10
19:02:27.343 [AI Object Patrol 00006] Spawning 1 WaterPump_Tier0 (Raiders) bots at <6521.351563, 6.313022, 2315.016113>
19:02:27.351 [AI Object Patrol 00006] Global patrol count: 11
19:02:27.351 [AI Patrol 00087] Spawning 1 Chernogorsk_Tier1 (Raiders) bots at <6476.589355, 8.948778, 2363.469238>
19:02:27.367 [AI Patrol 00087] Global patrol count: 12
19:02:27.367 [AI Patrol 00088] Spawning 1 Chernogorsk_Tier1 (Raiders) bots at <6586.154297, 6.000000, 2482.487305>
19:02:27.382 [AI Patrol 00088] Global patrol count: 13
19:02:27.382 [AI Patrol 00097] Spawning 2 Komarovo_Tier1 (Raiders) bots at <6503.626465, 6.000000, 2414.642090>
19:02:27.390 [AI Patrol 00097] Global patrol count: 14
19:02:27.390 [AI Patrol 00095] Spawning 1 Vysotovo_Tier1 (Raiders) bots at <5792.888184, 121.502998, 2786.677002>
19:02:27.406 [AI Patrol 00095] Global patrol count: 15
19:02:27.406 [AI Object Patrol 00160] Spawning 1 FirelStation_Tier2 (Raiders) bots at <6258.346191, 8.715811, 2736.511963>
19:02:27.546 [AI Object Patrol 00160] Global patrol count: 16
19:02:28.257 [Expansion Quests] - LoadGroupQuestData - Got cached group quest data for group with ID=1
19:04:08.750 [SpawnSelection] Player "Survivor" (id=1OEPy6aKlMe0cmo8LieQDvVcsiu6iWAr2PUZdSF5eMI=) spawned at <11992.250000, 1.982081, 3404.554443>
19:04:14.851 [Party] Player "Survivor (2)" (id=z63osPRVUnS8pzWmaenLtvu6c2gVxwL4gvA4elWPF5w=) joinded the party "Falcon Resolute" (id=1 ownerUID=z63osPRVUnS8pzWmaenLtvu6c2gVxwL4gvA4elWPF5w= ownerName=Survivor (2))
19:04:14.851 [Expansion Quests] Initialize quest system on the connected client with UID=z63osPRVUnS8pzWmaenLtvu6c2gVxwL4gvA4elWPF5w=
19:04:14.953 [Expansion Quests] Loaded existing player quest data for player with UID=z63osPRVUnS8pzWmaenLtvu6c2gVxwL4gvA4elWPF5w=
19:04:14.953 [Expansion Quests] - LoadGroupQuestData - Got cached group quest data for group with ID=1
19:04:14.953 [Expansion Quests] Sending z63osPRVUnS8pzWmaenLtvu6c2gVxwL4gvA4elWPF5w= quest configs to client for player with UID=z63osPRVUnS8pzWmaenLtvu6c2gVxwL4gvA4elWPF5w=
19:04:14.953 [Expansion Quests] Sending player quest data for 0 quests to player with UID=z63osPRVUnS8pzWmaenLtvu6c2gVxwL4gvA4elWPF5w=
19:04:14.960 [AI Object Patrol 00184] Spawning 1 WaterPump_Tier0 (Raiders) bots at <13524.458984, 16.692190, 14038.923828>
19:04:14.976 [AI Object Patrol 00184] Global patrol count: 17
19:04:15.828 [Expansion Quests] - LoadGroupQuestData - Got cached group quest data for group with ID=1
19:04:26.125 [Killfeed] AI Niki (Chernogorsk_Tier1) был убит AI Hassan (PoliceStation_Tier2) с КАС-74У из 4 м расстояние.
19:04:27.125 [AI Patrol 00087] Chernogorsk_Tier1 (Raiders) bots were wiped out (spawn position <6476.589355, 8.948778, 2363.469238>, 1/1 deceased)
19:04:27.125 [AI Patrol 00087] Global patrol count: 16
19:04:32.710 [Killfeed] [Falco] Survivor (2) был убит.
19:04:43.375 [Party] Player "Survivor (2)" (id=z63osPRVUnS8pzWmaenLtvu6c2gVxwL4gvA4elWPF5w=) left the party "Falcon Resolute" (id=1 ownerUID=z63osPRVUnS8pzWmaenLtvu6c2gVxwL4gvA4elWPF5w= ownerName=Survivor (2))
19:04:59.351 [Killfeed] AI Indar (Chernogorsk_Tier1) был убит AI Hassan (PoliceStation_Tier2) с КАС-74У из 8 м расстояние.
19:05:02.187 [AI Patrol 00088] Chernogorsk_Tier1 (Raiders) bots were wiped out (spawn position <6586.154297, 6.000000, 2482.487305>, 1/1 deceased)
19:05:02.187 [AI Patrol 00088] Global patrol count: 15
19:05:05.476 [Party] Player "Survivor (2)" (id=z63osPRVUnS8pzWmaenLtvu6c2gVxwL4gvA4elWPF5w=) joinded the party "Falcon Resolute" (id=1 ownerUID=z63osPRVUnS8pzWmaenLtvu6c2gVxwL4gvA4elWPF5w= ownerName=Survivor (2))
19:05:05.476 [Expansion Quests] Initialize quest system on the connected client with UID=z63osPRVUnS8pzWmaenLtvu6c2gVxwL4gvA4elWPF5w=
19:05:05.500 [Expansion Quests] Loaded existing player quest data for player with UID=z63osPRVUnS8pzWmaenLtvu6c2gVxwL4gvA4elWPF5w=
19:05:05.500 [Expansion Quests] - LoadGroupQuestData - Got cached group quest data for group with ID=1
19:05:05.500 [Expansion Quests] Sending z63osPRVUnS8pzWmaenLtvu6c2gVxwL4gvA4elWPF5w= quest configs to client for player with UID=z63osPRVUnS8pzWmaenLtvu6c2gVxwL4gvA4elWPF5w=
19:05:05.507 [Expansion Quests] Sending player quest data for 0 quests to player with UID=z63osPRVUnS8pzWmaenLtvu6c2gVxwL4gvA4elWPF5w=
19:05:05.507 [AI Object Patrol 00033] Spawning 2 PoliceStation_Tier1 (Raiders) bots at <12931.240234, 5.980000, 10190.431641>
19:05:05.523 [AI Object Patrol 00033] Global patrol count: 16
19:05:05.523 [AI Object Patrol 00032] Spawning 1 OilStation_Tier2RR (Raiders) bots at <12993.331055, 6.000000, 10086.027344>
19:05:05.539 [AI Object Patrol 00032] Global patrol count: 17
19:05:05.539 [AI Patrol 00080] Spawning 1 Berezino_Tier1 (Raiders) bots at <12156.647461, 11.300000, 9744.563477>
19:05:05.554 [AI Patrol 00080] Global patrol count: 18
19:05:05.554 [AI Patrol 00079] Spawning 1 Berezino_Tier1 (Raiders) bots at <12299.720703, 18.165985, 9475.283203>
19:05:05.570 [AI Patrol 00079] Global patrol count: 19
19:05:05.570 [AI Object Patrol 00176] Spawning 2 FirelStation_Tier2 (Raiders) bots at <12798.082031, 5.824110, 9973.360352>
19:05:05.585 [AI Object Patrol 00176] Global patrol count: 20
19:05:05.585 [AI Object Patrol 00173] Spawning 1 PoliceStation_Tier2 (Raiders) bots at <12071.867188, 61.677837, 9061.105469>
19:05:05.593 [AI Object Patrol 00173] Global patrol count: 21
19:05:05.656 [Killfeed] AI Irena (WaterPump_Tier0) был убит AI Hassan (PoliceStation_Tier2) с КАС-74У из 9 м расстояние.
19:05:06.468 [Expansion Quests] - LoadGroupQuestData - Got cached group quest data for group with ID=1
19:05:07.625 [AI Object Patrol 00006] WaterPump_Tier0 (Raiders) bots were wiped out (spawn position <6521.351563, 6.313022, 2315.016113>, 1/1 deceased)
19:05:07.625 [AI Object Patrol 00006] Global patrol count: 20
19:05:12.906 [SpawnSelection] Player "Survivor (2)" (id=z63osPRVUnS8pzWmaenLtvu6c2gVxwL4gvA4elWPF5w=) spawned at <11992.250000, 1.982081, 3404.554443>
19:05:54.039 [Killfeed] AI Rolf (Komarovo_Tier1) был убит AI Gabi (FirelStation_Tier2) с CR-61 Skorpion из 1 м расстояние.
19:06:02.421 [Killfeed] AI Seth (Komarovo_Tier1) был убит AI Boris (HospitalStation_Tier2) с USG-45 из 6 м расстояние.
19:06:07.273 [AI Patrol 00097] Komarovo_Tier1 (Raiders) bots were wiped out (spawn position <6503.626465, 6.000000, 2414.642090>, 2/2 deceased)
19:06:07.273 [AI Patrol 00097] Global patrol count: 19
19:06:42.226 [Killfeed] AI Gabi (FirelStation_Tier2) умер от потери крови.
19:06:42.937 [AI Object Patrol 00160] FirelStation_Tier2 (Raiders) bots were wiped out (spawn position <6258.346191, 8.715811, 2736.511963>, 1/1 deceased)
19:06:42.937 [AI Object Patrol 00160] Global patrol count: 18
19:07:05.781 [Killfeed] AI Hassan (PoliceStation_Tier2) был убит AI Boris (HospitalStation_Tier2) при помощи.
19:07:07.117 [AI Object Patrol 00007] PoliceStation_Tier2 (Raiders) bots were wiped out (spawn position <6623.436523, 7.561750, 2577.472168>, 1/1 deceased)
19:07:07.125 [AI Object Patrol 00007] Global patrol count: 17
19:10:07.273 [AI Patrol 00071] Despawning 1 Krasnostav_Trader (InvincibleObservers) bots (spawn position <11969.785156, 141.445251, 12416.158203>, 0/1 deceased)
19:10:07.273 [AI Patrol 00071] Global patrol count: 16
19:10:07.359 [AI Patrol 00076] Despawning 2 Krasnostav_Tier1 (Raiders) bots (spawn position <11123.764648, 200.987320, 12216.540039>, 0/2 deceased)
19:10:07.359 [AI Patrol 00076] Global patrol count: 15
19:10:07.367 [AI Patrol 00070] Despawning 1 Krasnostav_Trader (InvincibleObservers) bots (spawn position <11907.488281, 140.262924, 12489.548828>, 0/1 deceased)
19:10:07.367 [AI Patrol 00070] Global patrol count: 14
19:10:07.390 [AI Patrol 00069] Despawning 1 Krasnostav_Trader (Guards) bots (spawn position <11825.763672, 140.000000, 12617.064453>, 0/1 deceased)
19:10:07.390 [AI Patrol 00069] Global patrol count: 13
19:10:07.453 [AI Patrol 00072] Despawning 2 Krasnostav_Trader (InvincibleObservers) bots (spawn position <11828.221680, 140.668320, 12405.847656>, 0/2 deceased)
19:10:07.453 [AI Patrol 00072] Global patrol count: 12
19:10:07.718 [AI Object Patrol 00041] Despawning 2 PoliceStation_Tier1 (Raiders) bots (spawn position <11086.462891, 226.964035, 12478.034180>, 0/2 deceased)
19:10:07.718 [AI Object Patrol 00041] Global patrol count: 11
19:10:11.820 [AI Object Patrol 00038] Despawning 1 WaterPump_Tier0 (Raiders) bots (spawn position <10996.216797, 226.469833, 12418.479492>, 0/1 deceased)
19:10:11.820 [AI Object Patrol 00038] Global patrol count: 10
19:14:02.296 [AI Patrol 00095] Despawning 1 Vysotovo_Tier1 (Raiders) bots (spawn position <5792.888184, 121.502998, 2786.677002>, 0/1 deceased)
19:14:02.296 [AI Patrol 00095] Global patrol count: 9
19:14:06.828 [AI Object Patrol 00009] Despawning 1 PoliceStation_Tier1 (Raiders) bots (spawn position <6214.808594, 25.684151, 2907.806396>, 0/1 deceased)
19:14:06.828 [AI Object Patrol 00009] Global patrol count: 8
19:14:07.125 [AI Object Patrol 00008] Despawning 2 HospitalStation_Tier2 (Raiders) bots (spawn position <6455.825684, 9.310000, 2715.271484>, 0/2 deceased)
19:14:07.125 [AI Object Patrol 00008] Global patrol count: 7
19:14:17.281 [Killfeed] AI Frida (OilStation_Tier2RR) был убит AI Naomi (PoliceStation_Tier1) с БК-43 из 3 м расстояние.
19:14:17.382 [AI Object Patrol 00032] OilStation_Tier2RR (Raiders) bots were wiped out (spawn position <12993.331055, 6.000000, 10086.027344>, 1/1 deceased)
19:14:17.382 [AI Object Patrol 00032] Global patrol count: 6
19:14:31.812 [AI Object Patrol 00184] Despawning 1 WaterPump_Tier0 (Raiders) bots (spawn position <13524.458984, 16.692190, 14038.923828>, 0/1 deceased)
19:14:31.812 [AI Object Patrol 00184] Global patrol count: 5
19:15:09.765 [AI Object Patrol 00176] Despawning 2 FirelStation_Tier2 (Raiders) bots (spawn position <12798.082031, 5.824110, 9973.360352>, 0/2 deceased)
19:15:09.765 [AI Object Patrol 00176] Global patrol count: 4
19:15:09.914 [AI Object Patrol 00173] Despawning 1 PoliceStation_Tier2 (Raiders) bots (spawn position <12071.867188, 61.677837, 9061.105469>, 0/1 deceased)
19:15:09.914 [AI Object Patrol 00173] Global patrol count: 3
19:15:11.703 [AI Patrol 00080] Despawning 1 Berezino_Tier1 (Raiders) bots (spawn position <12156.647461, 11.300000, 9744.563477>, 0/1 deceased)
19:15:11.703 [AI Patrol 00080] Global patrol count: 2
19:15:11.828 [AI Object Patrol 00033] Despawning 2 PoliceStation_Tier1 (Raiders) bots (spawn position <12931.240234, 5.980000, 10190.431641>, 0/2 deceased)
19:15:11.828 [AI Object Patrol 00033] Global patrol count: 1
19:15:11.945 [AI Patrol 00079] Despawning 1 Berezino_Tier1 (Raiders) bots (spawn position <12299.720703, 18.165985, 9475.283203>, 0/1 deceased)
19:15:11.945 [AI Patrol 00079] Global patrol count: 0
19:33:42.375 [Killfeed] [Falco] Survivor (2) был убит.
19:33:54.195 [Party] Player "Survivor (2)" (id=z63osPRVUnS8pzWmaenLtvu6c2gVxwL4gvA4elWPF5w=) joinded the party "Falcon Resolute" (id=1 ownerUID=z63osPRVUnS8pzWmaenLtvu6c2gVxwL4gvA4elWPF5w= ownerName=Survivor (2))
19:33:54.234 [AI Object Patrol 00055] Spawning 1 WaterPump_Tier0 (Raiders) bots at <9788.649414, 30.143711, 2220.796631>
19:33:54.242 [AI Object Patrol 00055] Global patrol count: 1
19:33:54.242 [AI Patrol 00084] Spawning 1 Electro_Tier1 (Raiders) bots at <10048.795898, 14.503000, 1728.899048>
19:33:54.257 [AI Patrol 00084] Global patrol count: 2
19:33:55.179 [Expansion Quests] - LoadGroupQuestData - Got cached group quest data for group with ID=1
19:34:16.617 [SpawnSelection] Player "Survivor (2)" (id=z63osPRVUnS8pzWmaenLtvu6c2gVxwL4gvA4elWPF5w=) spawned at <10858.413086, 2.911721, 2328.290283>
19:34:17.398 [AI Object Patrol 00067] Spawning 2 FirelStation_Tier2 (Raiders) bots at <10279.013672, 5.805249, 2157.482666>
19:34:17.414 [AI Object Patrol 00067] Global patrol count: 3
19:35:56.515 [AI Object Patrol 00068] Spawning 1 HospitalStation_Tier2 (Raiders) bots at <10279.806641, 23.452587, 2302.081787>
19:35:56.531 [AI Object Patrol 00068] Global patrol count: 4
19:36:13.757 [AI Object Patrol 00010] Spawning 1 WaterPump_Tier0 (Raiders) bots at <10426.105469, 6.000000, 2223.926758>
19:36:13.765 [AI Object Patrol 00010] Global patrol count: 5
19:36:20.062 [AI Object Patrol 00159] Spawning 1 PoliceStation_Tier2 (Raiders) bots at <10446.621094, 6.000000, 2265.448242>
19:36:20.078 [AI Object Patrol 00159] Global patrol count: 6
19:36:21.812 [AI Patrol 00083] Spawning 1 Electro_Tier1 (Raiders) bots at <10347.307617, 40.502998, 2463.170410>
19:36:21.828 [AI Patrol 00083] Global patrol count: 7
19:37:21.328 [AI Patrol 00082] Spawning 2 Electro_Tier2 (Raiders) bots at <10600.544922, 6.000000, 2345.925537>
19:37:21.343 [AI Patrol 00082] Global patrol count: 8
19:37:37.945 [Killfeed] [Falco] Survivor покончил с собой при помощи Mlock-91.
19:37:44.093 [Party] Player "Survivor" (id=1OEPy6aKlMe0cmo8LieQDvVcsiu6iWAr2PUZdSF5eMI=) joinded the party "Falcon Resolute" (id=1 ownerUID=z63osPRVUnS8pzWmaenLtvu6c2gVxwL4gvA4elWPF5w= ownerName=Survivor (2))
19:37:45.078 [Expansion Quests] - LoadGroupQuestData - Got cached group quest data for group with ID=1
19:37:54.445 [SpawnSelection] Player "Survivor" (id=1OEPy6aKlMe0cmo8LieQDvVcsiu6iWAr2PUZdSF5eMI=) spawned at <12188.570313, 1.727290, 3422.332275>
19:41:32.468 [Killfeed] AI Frida (WaterPump_Tier0) был убит AI Baty (FirelStation_Tier2) с Blaze из 1 м расстояние.
19:41:32.773 [AI Object Patrol 00010] WaterPump_Tier0 (Raiders) bots were wiped out (spawn position <10426.105469, 6.000000, 2223.926758>, 1/1 deceased)
19:41:32.773 [AI Object Patrol 00010] Global patrol count: 7
19:43:08.281 [Killfeed] AI Judy (FirelStation_Tier2) умер от потери крови.
19:44:06.937 [Killfeed] AI Eva (HospitalStation_Tier2) был убит AI Cyril (PoliceStation_Tier2) при помощи.
19:44:08.539 [AI Object Patrol 00068] HospitalStation_Tier2 (Raiders) bots were wiped out (spawn position <10279.806641, 23.452587, 2302.081787>, 1/1 deceased)
19:44:08.539 [AI Object Patrol 00068] Global patrol count: 6
19:45:27.187 [AI Object Patrol 00055] Despawning 1 WaterPump_Tier0 (Raiders) bots (spawn position <9788.649414, 30.143711, 2220.796631>, 0/1 deceased)
19:45:27.187 [AI Object Patrol 00055] Global patrol count: 5
19:45:31.585 [AI Patrol 00084] Despawning 1 Electro_Tier1 (Raiders) bots (spawn position <10048.795898, 14.503000, 1728.899048>, 0/1 deceased)
19:45:31.585 [AI Patrol 00084] Global patrol count: 4
19:45:39.101 [Killfeed] AI Cyril (PoliceStation_Tier2) был убит AI Denis (Electro_Tier1) при помощи.
19:45:44.078 [AI Object Patrol 00159] PoliceStation_Tier2 (Raiders) bots were wiped out (spawn position <10446.621094, 6.000000, 2265.448242>, 1/1 deceased)
19:45:44.078 [AI Object Patrol 00159] Global patrol count: 3
19:46:33.500 [VehicleDestroyed] Truck_01_Covered (id=55308FCF0D48D28683AB1A9D503F6B2D pos=<4176.316895, 338.752808, 10725.820313>)
19:47:02.632 [Killfeed] AI Baty (FirelStation_Tier2) был убит AI Irena (Electro_Tier2) при помощи.
19:47:03.421 [AI Object Patrol 00067] FirelStation_Tier2 (Raiders) bots were wiped out (spawn position <10279.013672, 5.805249, 2157.482666>, 2/2 deceased)
19:47:03.421 [AI Object Patrol 00067] Global patrol count: 2
19:48:56.843 [AI Patrol 00083] Despawning 1 Electro_Tier1 (Raiders) bots (spawn position <10347.307617, 40.502998, 2463.170410>, 0/1 deceased)
19:48:56.843 [AI Patrol 00083] Global patrol count: 1
19:49:12.351 [AI Patrol 00082] Despawning 2 Electro_Tier2 (Raiders) bots (spawn position <10600.544922, 6.000000, 2345.925537>, 0/2 deceased)
19:49:12.351 [AI Patrol 00082] Global patrol count: 0
19:52:40.781 [VehicleDeleted] Truck_01_Covered (id=55308FCF0D48D28683AB1A9D503F6B2D pos=<4176.316895, 338.752533, 10725.820313>)
20:00:29.664 [AI Object Patrol 00163] Spawning 1 WaterPump_Tier0 (Raiders) bots at <12891.304688, 172.330780, 4425.285645>
20:00:29.679 [AI Object Patrol 00163] Global patrol count: 1
20:01:07.210 [AI Patrol 00081] Spawning 2 MysKrutoy_Tier2RR (Raiders) bots at <13396.673828, 7.045727, 4151.119141>
20:01:07.242 [AI Patrol 00081] Global patrol count: 2
20:01:22.867 [AI Object Patrol 00056] Spawning 1 PoliceStation_Tier1 (Raiders) bots at <12048.071289, 5.796320, 3614.523438>
20:01:22.882 [AI Object Patrol 00056] Global patrol count: 3
20:01:24.539 [AI Object Patrol 00012] Spawning 1 WaterPump_Tier0 (Raiders) bots at <12054.027344, 6.739482, 3612.264160>
20:01:24.546 [AI Object Patrol 00012] Global patrol count: 4
20:05:07.867 [Killfeed] AI Peter (MysKrutoy_Tier2RR) был убит [Falco] Survivor при помощи.
20:06:40.976 [Killfeed] AI Keiko (MysKrutoy_Tier2RR) умер от потери крови.
20:06:41.960 [AI Patrol 00081] MysKrutoy_Tier2RR (Raiders) bots were wiped out (spawn position <13396.673828, 7.045727, 4151.119141>, 2/2 deceased)
20:06:41.960 [AI Patrol 00081] Global patrol count: 3
20:12:51.937 [AI Object Patrol 00056] Despawning 1 PoliceStation_Tier1 (Raiders) bots (spawn position <12048.071289, 5.796320, 3614.523438>, 0/1 deceased)
20:12:51.937 [AI Object Patrol 00056] Global patrol count: 2
20:13:02.609 [AI Object Patrol 00012] Despawning 1 WaterPump_Tier0 (Raiders) bots (spawn position <12054.027344, 6.739482, 3612.264160>, 0/1 deceased)
20:13:02.609 [AI Object Patrol 00012] Global patrol count: 1
20:18:46.359 [AI Object Patrol 00022] Spawning 1 WaterPump_Tier0 (Raiders) bots at <13408.927734, 5.798163, 6284.724121>
20:18:46.375 [AI Object Patrol 00022] Global patrol count: 2
20:19:39.617 [AI Object Patrol 00163] Despawning 1 WaterPump_Tier0 (Raiders) bots (spawn position <12891.304688, 172.330780, 4425.285645>, 0/1 deceased)
20:19:39.617 [AI Object Patrol 00163] Global patrol count: 1
20:21:34.078 [VehicleEnter] Player Survivor [uid=1OEPy6aKlMe0cmo8LieQDvVcsiu6iWAr2PUZdSF5eMI=] entered vehicle Резиновая лодка (id=0A3DA283E6471272B857B583823B8174 pos=<13447.801758, 0.809307, 5453.176270>) as driver
20:21:53.609 [VehicleEnter] Player Survivor (2) [uid=z63osPRVUnS8pzWmaenLtvu6c2gVxwL4gvA4elWPF5w=] entered vehicle Резиновая лодка (id=0A3DA283E6471272B857B583823B8174 pos=<13447.750977, 0.504238, 5453.109375>) as passenger
20:22:43.906 [AI Object Patrol 00057] Spawning 1 OilStation_Tier2RR (Raiders) bots at <13381.741211, 4.263566, 6610.173828>
20:22:43.929 [AI Object Patrol 00057] Global patrol count: 2
20:23:25.140 [VehicleEngine] Player Survivor [uid=1OEPy6aKlMe0cmo8LieQDvVcsiu6iWAr2PUZdSF5eMI=] stopped vehicle Резиновая лодка (id=0A3DA283E6471272B857B583823B8174 pos=<13510.092773, 0.698664, 5917.386230>)
20:23:27.828 [VehicleLeave] Player Survivor (2) [uid=z63osPRVUnS8pzWmaenLtvu6c2gVxwL4gvA4elWPF5w=] left vehicle Резиновая лодка (id=0A3DA283E6471272B857B583823B8174 pos=<13509.581055, 0.815458, 5919.376465>)
20:23:29.234 [VehicleLeave] Player Survivor [uid=1OEPy6aKlMe0cmo8LieQDvVcsiu6iWAr2PUZdSF5eMI=] left vehicle Резиновая лодка (id=0A3DA283E6471272B857B583823B8174 pos=<13509.538086, 0.683805, 5919.690918>)
20:26:29.375 [MissionAirdrop] An airdrop is heading towards "Novy Sobor" (pos=<7436.000000, 0.000000, 7720.000000> type=Random_Novy Sobor) with a ExpansionAirdropContainer
20:26:49.710 [Killfeed] [Falco] Survivor (2) покончил с собой при помощи Костяной нож.
20:27:05.000 [Party] Player "Survivor (2)" (id=z63osPRVUnS8pzWmaenLtvu6c2gVxwL4gvA4elWPF5w=) joinded the party "Falcon Resolute" (id=1 ownerUID=z63osPRVUnS8pzWmaenLtvu6c2gVxwL4gvA4elWPF5w= ownerName=Survivor (2))
20:27:05.984 [Expansion Quests] - LoadGroupQuestData - Got cached group quest data for group with ID=1
20:27:11.242 [SpawnSelection] Player "Survivor (2)" (id=z63osPRVUnS8pzWmaenLtvu6c2gVxwL4gvA4elWPF5w=) spawned at <13515.912109, 2.679648, 6117.384277>
20:39:01.476 [AI Object Patrol 00169] Spawning 1 WaterPump_Tier0 (Raiders) bots at <12100.134766, 190.997803, 7221.515137>
20:39:01.484 [AI Object Patrol 00169] Global patrol count: 3
20:42:03.039 [AI Object Patrol 00021] Spawning 1 PoliceStation_Tier1 (Raiders) bots at <11197.571289, 76.467636, 6602.571289>
20:42:03.054 [AI Object Patrol 00021] Global patrol count: 4
20:42:55.015 [AI Object Patrol 00020] Spawning 1 WaterPump_Tier0 (Raiders) bots at <11182.959961, 76.292725, 6588.545898>
20:42:55.023 [AI Object Patrol 00020] Global patrol count: 5
20:49:31.632 [Party] Player "Survivor (2)" (id=z63osPRVUnS8pzWmaenLtvu6c2gVxwL4gvA4elWPF5w=) left the party "Falcon Resolute" (id=1 ownerUID=z63osPRVUnS8pzWmaenLtvu6c2gVxwL4gvA4elWPF5w= ownerName=Survivor (2))
20:49:50.898 [Party] Player "Survivor (2)" (id=z63osPRVUnS8pzWmaenLtvu6c2gVxwL4gvA4elWPF5w=) joinded the party "Falcon Resolute" (id=1 ownerUID=z63osPRVUnS8pzWmaenLtvu6c2gVxwL4gvA4elWPF5w= ownerName=Survivor (2))
20:49:50.898 [Expansion Quests] Initialize quest system on the connected client with UID=z63osPRVUnS8pzWmaenLtvu6c2gVxwL4gvA4elWPF5w=
20:49:50.976 [Expansion Quests] Loaded existing player quest data for player with UID=z63osPRVUnS8pzWmaenLtvu6c2gVxwL4gvA4elWPF5w=
20:49:50.976 [Expansion Quests] - LoadGroupQuestData - Got cached group quest data for group with ID=1
20:49:50.984 [Expansion Quests] Sending z63osPRVUnS8pzWmaenLtvu6c2gVxwL4gvA4elWPF5w= quest configs to client for player with UID=z63osPRVUnS8pzWmaenLtvu6c2gVxwL4gvA4elWPF5w=
20:49:50.984 [Expansion Quests] Sending player quest data for 0 quests to player with UID=z63osPRVUnS8pzWmaenLtvu6c2gVxwL4gvA4elWPF5w=
20:49:51.875 [Expansion Quests] - LoadGroupQuestData - Got cached group quest data for group with ID=1
20:53:52.015 [AI Object Patrol 00021] Despawning 1 PoliceStation_Tier1 (Raiders) bots (spawn position <11197.571289, 76.467636, 6602.571289>, 0/1 deceased)
20:53:52.015 [AI Object Patrol 00021] Global patrol count: 4
20:54:42.687 [AI Object Patrol 00022] Despawning 1 WaterPump_Tier0 (Raiders) bots (spawn position <13408.927734, 5.798163, 6284.724121>, 0/1 deceased)
20:54:42.687 [AI Object Patrol 00022] Global patrol count: 3
21:00:42.578 [AI Object Patrol 00020] Despawning 1 WaterPump_Tier0 (Raiders) bots (spawn position <11182.959961, 76.292725, 6588.545898>, 0/1 deceased)
21:00:42.578 [AI Object Patrol 00020] Global patrol count: 2
21:11:27.046 [AI Object Patrol 00057] Despawning 1 OilStation_Tier2RR (Raiders) bots (spawn position <13381.741211, 4.263566, 6610.173828>, 0/1 deceased)
21:11:27.046 [AI Object Patrol 00057] Global patrol count: 1
21:11:56.906 [Party] Player "Survivor" (id=1OEPy6aKlMe0cmo8LieQDvVcsiu6iWAr2PUZdSF5eMI=) left the party "Falcon Resolute" (id=1 ownerUID=z63osPRVUnS8pzWmaenLtvu6c2gVxwL4gvA4elWPF5w= ownerName=Survivor (2))
21:11:57.218 [Party] Player "Survivor (2)" (id=z63osPRVUnS8pzWmaenLtvu6c2gVxwL4gvA4elWPF5w=) left the party "Falcon Resolute" (id=1 ownerUID=z63osPRVUnS8pzWmaenLtvu6c2gVxwL4gvA4elWPF5w= ownerName=Survivor (2))
21:13:42.109 [AI Object Patrol 00169] Despawning 1 WaterPump_Tier0 (Raiders) bots (spawn position <12100.134766, 190.997803, 7221.515137>, 0/1 deceased)
21:13:42.109 [AI Object Patrol 00169] Global patrol count: 0
21:16:33.953 [VehicleDestroyed] Offroad_02 (id=5E01FAD05946BE3C0F12DAB7F5330918 pos=<4176.374512, 338.710663, 10725.790039>)
21:52:45.617 [MissionAirdrop] An airdrop is heading towards "Myshkinko" (pos=<2036.000000, 0.000000, 7491.000000> type=Random_Myshkinko) with a ExpansionAirdropContainer_Basebuilding
