16:00:50.660 [Expansion Quests] Added objects set for quest ID=5401 from file=q5301
16:00:50.660 [Expansion Quests] Added objects set for quest ID=2202 from file=q2202
16:00:50.660 [Expansion Quests] Added objects set for quest ID=2203 from file=q2203
16:00:50.660 [Expansion Quests] Added objects set for quest ID=2204 from file=q2204
16:00:50.660 [Expansion Quests] Added objects set for quest ID=2101 from file=q2101
16:00:50.660 [Expansion Quests] Added objects set for quest ID=61601 from file=q61601
16:00:50.660 [Expansion Quests] Added objects set for quest ID=2102 from file=q2102
16:00:50.660 [Expansion Quests] Added objects set for quest ID=2103 from file=q2103
16:00:50.660 [Expansion Quests] Added objects set for quest ID=2104 from file=q2104
16:00:50.660 [Expansion Quests] Added objects set for quest ID=2105 from file=q2105
16:00:50.660 [Expansion Quests] Added objects set for quest ID=6501 from file=q6501
16:00:50.660 [Expansion Quests] Added objects set for quest ID=5301 from file=q5301
16:00:50.660 [Expansion Quests] Added objects set for quest ID=5302 from file=q5302
16:00:50.660 [Expansion Quests] Added objects set for quest ID=5303 from file=q5303
16:00:50.660 [Expansion Quests] Added objects set for quest ID=5304 from file=q5304
16:00:50.664 [Expansion Quests] Added objects set for quest ID=61501 from file=q61501
16:00:50.664 [Expansion Quests] Added objects set for quest ID=61502 from file=q61502
16:00:50.664 [Expansion Quests] Added objects set for quest ID=61001 from file=q61001
16:00:50.664 [Expansion Quests] Added objects set for quest ID=2201 from file=q2201
16:00:50.664 [Expansion Quests] Added objects set for quest ID=1101 from file=q1101
16:00:50.664 [Expansion Quests] Added objects set for quest ID=1102 from file=q1102
16:00:50.664 [Expansion Quests] Added objects set for quest ID=1103 from file=q1102
16:00:50.664 [Expansion Quests] Added objects set for quest ID=1104 from file=q1104
16:00:50.664 [Expansion Quests] Added objects set for quest ID=1105 from file=q1105
16:00:50.664 [Expansion Quests] Added objects set for quest ID=5202 from file=q5202
16:00:50.664 [Expansion Quests] Added objects set for quest ID=5203 from file=q5203
16:00:50.664 [Expansion Quests] Added objects set for quest ID=2205 from file=q2205
16:00:50.664 [Expansion Quests] Added objects set for quest ID=6601 from file=q6601
16:00:50.664 [Expansion Quests] Added objects set for quest ID=5101 from file=q5101
16:00:50.664 [Expansion Quests] Added objects set for quest ID=5102 from file=q5102
16:00:50.664 [Expansion Quests] Added objects set for quest ID=5201 from file=q5201
16:01:49.777 [Party] Player "Tonby" (id=1OEPy6aKlMe0cmo8LieQDvVcsiu6iWAr2PUZdSF5eMI=) joinded the party "Knight Fallen" (id=1 ownerUID=1OEPy6aKlMe0cmo8LieQDvVcsiu6iWAr2PUZdSF5eMI= ownerName=Survivor)
16:01:49.777 [Expansion Quests] Initialize quest system on the connected client with UID=1OEPy6aKlMe0cmo8LieQDvVcsiu6iWAr2PUZdSF5eMI=
16:01:49.824 [Expansion Quests] Loaded existing player quest data for player with UID=1OEPy6aKlMe0cmo8LieQDvVcsiu6iWAr2PUZdSF5eMI=
16:01:49.824 [Expansion Quests] Loaded existing group quest data for group with ID=1
16:01:49.824 [Expansion Quests] Check quest initialization for quest with ID=61301 | State=NONE | Player UID=1OEPy6aKlMe0cmo8LieQDvVcsiu6iWAr2PUZdSF5eMI=
16:01:49.824 [Expansion Quests] Check quest initialization for quest with ID=6401 | State=COMPLETED | Player UID=1OEPy6aKlMe0cmo8LieQDvVcsiu6iWAr2PUZdSF5eMI=
16:01:49.824 [Expansion Quests] Check quest initialization for quest with ID=5101 | State=NONE | Player UID=1OEPy6aKlMe0cmo8LieQDvVcsiu6iWAr2PUZdSF5eMI=
16:01:49.824 [Expansion Quests] Check quest initialization for quest with ID=101 | State=COMPLETED | Player UID=1OEPy6aKlMe0cmo8LieQDvVcsiu6iWAr2PUZdSF5eMI=
16:01:49.824 [Expansion Quests] Check quest initialization for quest with ID=61101 | State=COMPLETED | Player UID=1OEPy6aKlMe0cmo8LieQDvVcsiu6iWAr2PUZdSF5eMI=
16:01:49.824 [Expansion Quests] Check quest initialization for quest with ID=6601 | State=COMPLETED | Player UID=1OEPy6aKlMe0cmo8LieQDvVcsiu6iWAr2PUZdSF5eMI=
16:01:49.824 [Expansion Quests] Check quest initialization for quest with ID=6101 | State=COMPLETED | Player UID=1OEPy6aKlMe0cmo8LieQDvVcsiu6iWAr2PUZdSF5eMI=
16:01:49.824 [Expansion Quests] Check quest initialization for quest with ID=6701 | State=COMPLETED | Player UID=1OEPy6aKlMe0cmo8LieQDvVcsiu6iWAr2PUZdSF5eMI=
16:01:49.824 [Expansion Quests] Check quest initialization for quest with ID=1102 | State=NONE | Player UID=1OEPy6aKlMe0cmo8LieQDvVcsiu6iWAr2PUZdSF5eMI=
16:01:49.824 [Expansion Quests] Check quest initialization for quest with ID=1103 | State=NONE | Player UID=1OEPy6aKlMe0cmo8LieQDvVcsiu6iWAr2PUZdSF5eMI=
16:01:49.824 [Expansion Quests] Check quest initialization for quest with ID=6501 | State=COMPLETED | Player UID=1OEPy6aKlMe0cmo8LieQDvVcsiu6iWAr2PUZdSF5eMI=
16:01:49.824 [Expansion Quests] Check quest initialization for quest with ID=6801 | State=COMPLETED | Player UID=1OEPy6aKlMe0cmo8LieQDvVcsiu6iWAr2PUZdSF5eMI=
16:01:49.824 [Expansion Quests] Check quest initialization for quest with ID=1104 | State=NONE | Player UID=1OEPy6aKlMe0cmo8LieQDvVcsiu6iWAr2PUZdSF5eMI=
16:01:49.824 [Expansion Quests] Check quest initialization for quest with ID=6901 | State=COMPLETED | Player UID=1OEPy6aKlMe0cmo8LieQDvVcsiu6iWAr2PUZdSF5eMI=
16:01:49.824 [Expansion Quests] Check quest initialization for quest with ID=2101 | State=COMPLETED | Player UID=1OEPy6aKlMe0cmo8LieQDvVcsiu6iWAr2PUZdSF5eMI=
16:01:49.828 [Expansion Quests] Check quest initialization for quest with ID=6301 | State=COMPLETED | Player UID=1OEPy6aKlMe0cmo8LieQDvVcsiu6iWAr2PUZdSF5eMI=
16:01:49.828 [Expansion Quests] Check quest initialization for quest with ID=6201 | State=COMPLETED | Player UID=1OEPy6aKlMe0cmo8LieQDvVcsiu6iWAr2PUZdSF5eMI=
16:01:49.828 [Expansion Quests] Check quest initialization for quest with ID=61502 | State=COMPLETED | Player UID=1OEPy6aKlMe0cmo8LieQDvVcsiu6iWAr2PUZdSF5eMI=
16:01:49.828 [Expansion Quests] Check quest initialization for quest with ID=61001 | State=COMPLETED | Player UID=1OEPy6aKlMe0cmo8LieQDvVcsiu6iWAr2PUZdSF5eMI=
16:01:49.828 [Expansion Quests] Check quest initialization for quest with ID=61501 | State=NONE | Player UID=1OEPy6aKlMe0cmo8LieQDvVcsiu6iWAr2PUZdSF5eMI=
16:01:49.828 [Expansion Quests] Check quest initialization for quest with ID=1101 | State=NONE | Player UID=1OEPy6aKlMe0cmo8LieQDvVcsiu6iWAr2PUZdSF5eMI=
16:01:49.828 [Expansion Quests] Quest with ID=6401 is not a a valid achievement or auto start quest. Skip quest for player with UID=1OEPy6aKlMe0cmo8LieQDvVcsiu6iWAr2PUZdSF5eMI=
16:01:49.828 [Expansion Quests] Quest with ID=6701 is not a a valid achievement or auto start quest. Skip quest for player with UID=1OEPy6aKlMe0cmo8LieQDvVcsiu6iWAr2PUZdSF5eMI=
16:01:49.828 [Expansion Quests] Quest with ID=61201 is not a a valid achievement or auto start quest. Skip quest for player with UID=1OEPy6aKlMe0cmo8LieQDvVcsiu6iWAr2PUZdSF5eMI=
16:01:49.828 [Expansion Quests] Quest with ID=5401 is not a a valid achievement or auto start quest. Skip quest for player with UID=1OEPy6aKlMe0cmo8LieQDvVcsiu6iWAr2PUZdSF5eMI=
16:01:49.828 [Expansion Quests] Quest with ID=2202 is not a a valid achievement or auto start quest. Skip quest for player with UID=1OEPy6aKlMe0cmo8LieQDvVcsiu6iWAr2PUZdSF5eMI=
16:01:49.828 [Expansion Quests] Quest with ID=2203 is not a a valid achievement or auto start quest. Skip quest for player with UID=1OEPy6aKlMe0cmo8LieQDvVcsiu6iWAr2PUZdSF5eMI=
16:01:49.828 [Expansion Quests] Quest with ID=2204 is not a a valid achievement or auto start quest. Skip quest for player with UID=1OEPy6aKlMe0cmo8LieQDvVcsiu6iWAr2PUZdSF5eMI=
16:01:49.828 [Expansion Quests] Quest with ID=6301 is not a a valid achievement or auto start quest. Skip quest for player with UID=1OEPy6aKlMe0cmo8LieQDvVcsiu6iWAr2PUZdSF5eMI=
16:01:49.828 [Expansion Quests] Quest with ID=2101 is not a a valid achievement or auto start quest. Skip quest for player with UID=1OEPy6aKlMe0cmo8LieQDvVcsiu6iWAr2PUZdSF5eMI=
16:01:49.828 [Expansion Quests] Quest with ID=61601 is not a a valid achievement or auto start quest. Skip quest for player with UID=1OEPy6aKlMe0cmo8LieQDvVcsiu6iWAr2PUZdSF5eMI=
16:01:49.828 [Expansion Quests] Quest with ID=2102 is not a a valid achievement or auto start quest. Skip quest for player with UID=1OEPy6aKlMe0cmo8LieQDvVcsiu6iWAr2PUZdSF5eMI=
16:01:49.828 [Expansion Quests] Quest with ID=2103 is not a a valid achievement or auto start quest. Skip quest for player with UID=1OEPy6aKlMe0cmo8LieQDvVcsiu6iWAr2PUZdSF5eMI=
16:01:49.828 [Expansion Quests] Quest with ID=2104 is not a a valid achievement or auto start quest. Skip quest for player with UID=1OEPy6aKlMe0cmo8LieQDvVcsiu6iWAr2PUZdSF5eMI=
16:01:49.828 [Expansion Quests] Quest with ID=2105 is not a a valid achievement or auto start quest. Skip quest for player with UID=1OEPy6aKlMe0cmo8LieQDvVcsiu6iWAr2PUZdSF5eMI=
16:01:49.828 [Expansion Quests] Quest with ID=61101 is not a a valid achievement or auto start quest. Skip quest for player with UID=1OEPy6aKlMe0cmo8LieQDvVcsiu6iWAr2PUZdSF5eMI=
16:01:49.828 [Expansion Quests] Quest with ID=6501 is not a a valid achievement or auto start quest. Skip quest for player with UID=1OEPy6aKlMe0cmo8LieQDvVcsiu6iWAr2PUZdSF5eMI=
16:01:49.828 [Expansion Quests] Quest with ID=62001 is not a a valid achievement or auto start quest. Skip quest for player with UID=1OEPy6aKlMe0cmo8LieQDvVcsiu6iWAr2PUZdSF5eMI=
16:01:49.828 [Expansion Quests] Quest with ID=6801 is not a a valid achievement or auto start quest. Skip quest for player with UID=1OEPy6aKlMe0cmo8LieQDvVcsiu6iWAr2PUZdSF5eMI=
16:01:49.828 [Expansion Quests] Quest with ID=5301 is not a a valid achievement or auto start quest. Skip quest for player with UID=1OEPy6aKlMe0cmo8LieQDvVcsiu6iWAr2PUZdSF5eMI=
16:01:49.832 [Expansion Quests] Quest with ID=5302 is not a a valid achievement or auto start quest. Skip quest for player with UID=1OEPy6aKlMe0cmo8LieQDvVcsiu6iWAr2PUZdSF5eMI=
16:01:49.832 [Expansion Quests] Quest with ID=5303 is not a a valid achievement or auto start quest. Skip quest for player with UID=1OEPy6aKlMe0cmo8LieQDvVcsiu6iWAr2PUZdSF5eMI=
16:01:49.832 [Expansion Quests] Quest with ID=5304 is not a a valid achievement or auto start quest. Skip quest for player with UID=1OEPy6aKlMe0cmo8LieQDvVcsiu6iWAr2PUZdSF5eMI=
16:01:49.832 [Expansion Quests] Quest with ID=6201 is not a a valid achievement or auto start quest. Skip quest for player with UID=1OEPy6aKlMe0cmo8LieQDvVcsiu6iWAr2PUZdSF5eMI=
16:01:49.832 [Expansion Quests] Quest with ID=61501 is not a a valid achievement or auto start quest. Skip quest for player with UID=1OEPy6aKlMe0cmo8LieQDvVcsiu6iWAr2PUZdSF5eMI=
16:01:49.832 [Expansion Quests] Quest with ID=61502 is not a a valid achievement or auto start quest. Skip quest for player with UID=1OEPy6aKlMe0cmo8LieQDvVcsiu6iWAr2PUZdSF5eMI=
16:01:49.832 [Expansion Quests] Quest with ID=61001 is not a a valid achievement or auto start quest. Skip quest for player with UID=1OEPy6aKlMe0cmo8LieQDvVcsiu6iWAr2PUZdSF5eMI=
16:01:49.832 [Expansion Quests] Quest with ID=2201 is not a a valid achievement or auto start quest. Skip quest for player with UID=1OEPy6aKlMe0cmo8LieQDvVcsiu6iWAr2PUZdSF5eMI=
16:01:49.832 [Expansion Quests] Quest with ID=1101 is not a a valid achievement or auto start quest. Skip quest for player with UID=1OEPy6aKlMe0cmo8LieQDvVcsiu6iWAr2PUZdSF5eMI=
16:01:49.832 [Expansion Quests] Quest with ID=1102 is not a a valid achievement or auto start quest. Skip quest for player with UID=1OEPy6aKlMe0cmo8LieQDvVcsiu6iWAr2PUZdSF5eMI=
16:01:49.832 [Expansion Quests] Quest with ID=1103 is not a a valid achievement or auto start quest. Skip quest for player with UID=1OEPy6aKlMe0cmo8LieQDvVcsiu6iWAr2PUZdSF5eMI=
16:01:49.832 [Expansion Quests] Quest with ID=1104 is not a a valid achievement or auto start quest. Skip quest for player with UID=1OEPy6aKlMe0cmo8LieQDvVcsiu6iWAr2PUZdSF5eMI=
16:01:49.832 [Expansion Quests] Quest with ID=1105 is not a a valid achievement or auto start quest. Skip quest for player with UID=1OEPy6aKlMe0cmo8LieQDvVcsiu6iWAr2PUZdSF5eMI=
16:01:49.832 [Expansion Quests] Quest with ID=5202 is not a a valid achievement or auto start quest. Skip quest for player with UID=1OEPy6aKlMe0cmo8LieQDvVcsiu6iWAr2PUZdSF5eMI=
16:01:49.832 [Expansion Quests] Quest with ID=5203 is not a a valid achievement or auto start quest. Skip quest for player with UID=1OEPy6aKlMe0cmo8LieQDvVcsiu6iWAr2PUZdSF5eMI=
16:01:49.832 [Expansion Quests] Quest with ID=6101 is not a a valid achievement or auto start quest. Skip quest for player with UID=1OEPy6aKlMe0cmo8LieQDvVcsiu6iWAr2PUZdSF5eMI=
16:01:49.832 [Expansion Quests] Quest with ID=2205 is not a a valid achievement or auto start quest. Skip quest for player with UID=1OEPy6aKlMe0cmo8LieQDvVcsiu6iWAr2PUZdSF5eMI=
16:01:49.832 [Expansion Quests] Quest with ID=61401 is not a a valid achievement or auto start quest. Skip quest for player with UID=1OEPy6aKlMe0cmo8LieQDvVcsiu6iWAr2PUZdSF5eMI=
16:01:49.832 [Expansion Quests] Quest with ID=6601 is not a a valid achievement or auto start quest. Skip quest for player with UID=1OEPy6aKlMe0cmo8LieQDvVcsiu6iWAr2PUZdSF5eMI=
16:01:49.832 [Expansion Quests] Quest with ID=6901 is not a a valid achievement or auto start quest. Skip quest for player with UID=1OEPy6aKlMe0cmo8LieQDvVcsiu6iWAr2PUZdSF5eMI=
16:01:49.832 [Expansion Quests] Quest with ID=5101 is not a a valid achievement or auto start quest. Skip quest for player with UID=1OEPy6aKlMe0cmo8LieQDvVcsiu6iWAr2PUZdSF5eMI=
16:01:49.832 [Expansion Quests] Quest with ID=5102 is not a a valid achievement or auto start quest. Skip quest for player with UID=1OEPy6aKlMe0cmo8LieQDvVcsiu6iWAr2PUZdSF5eMI=
16:01:49.832 [Expansion Quests] Quest with ID=5201 is not a a valid achievement or auto start quest. Skip quest for player with UID=1OEPy6aKlMe0cmo8LieQDvVcsiu6iWAr2PUZdSF5eMI=
16:01:49.832 [Expansion Quests] Quest with ID=61301 is not a a valid achievement or auto start quest. Skip quest for player with UID=1OEPy6aKlMe0cmo8LieQDvVcsiu6iWAr2PUZdSF5eMI=
16:01:49.832 [Expansion Quests] Quest with ID=2301 is not a a valid achievement or auto start quest. Skip quest for player with UID=1OEPy6aKlMe0cmo8LieQDvVcsiu6iWAr2PUZdSF5eMI=
16:01:49.839 [Expansion Quests] Sending 1OEPy6aKlMe0cmo8LieQDvVcsiu6iWAr2PUZdSF5eMI= quest configs to client for player with UID=1OEPy6aKlMe0cmo8LieQDvVcsiu6iWAr2PUZdSF5eMI=
16:01:49.839 [Expansion Quests] Sending player quest data for 21 quests to player with UID=1OEPy6aKlMe0cmo8LieQDvVcsiu6iWAr2PUZdSF5eMI=
16:01:49.847 [AI Object Patrol 00048] Spawning 1 ContaminatedArea_Tier4 (Raiders) bots at <6580.703613, 7.177145, 2315.604248>
16:01:49.871 [AI Object Patrol 00048] Global patrol count: 1
16:01:49.875 [AI Object Patrol 00006] Spawning 1 WaterPump_Tier0 (Raiders) bots at <6512.593262, 6.157020, 2297.277588>
16:01:49.886 [AI Object Patrol 00006] Global patrol count: 2
16:01:49.886 [AI Patrol 00107] Spawning 2 Komarovo_Tier1 (Raiders) bots at <6503.473145, 6.336962, 2420.551514>
16:01:49.914 [AI Patrol 00107] Global patrol count: 3
16:01:49.914 [AI Patrol 00105] Spawning 1 Vysotovo_Tier1 (Raiders) bots at <5905.087402, 121.502998, 2836.821533>
16:01:49.929 [AI Patrol 00105] Global patrol count: 4
16:01:49.929 [AI Patrol 00097] Spawning 1 Chernogorsk_Tier1 (Raiders) bots at <6409.983887, 6.183706, 2314.817627>
16:01:49.957 [AI Patrol 00097] Global patrol count: 5
16:01:49.957 [AI Patrol 00098] Spawning 1 Chernogorsk_Tier1 (Raiders) bots at <6448.920898, 8.006087, 2350.366211>
16:01:49.976 [AI Patrol 00098] Global patrol count: 6
16:01:49.976 [AI Patrol 00104] Spawning 1 Vysotovo_Tier1 (Raiders) bots at <5950.522461, 97.502998, 2792.892578>
16:01:50.015 [AI Patrol 00104] Global patrol count: 7
16:01:50.746 [Expansion Quests] - LoadGroupQuestData - Got cached group quest data for group with ID=1
16:01:57.472 [AI Object Patrol 00175] Spawning 1 FirelStation_Tier2 (Raiders) bots at <6246.237305, 8.797570, 2724.720215>
16:01:57.496 [AI Object Patrol 00175] Global patrol count: 8
16:02:06.687 [AI Object Patrol 00008] Spawning 2 HospitalStation_Tier2 (Raiders) bots at <6460.646973, 20.384640, 2728.894775>
16:02:06.710 [AI Object Patrol 00008] Global patrol count: 9
16:02:06.710 [AI Object Patrol 00009] Spawning 1 PoliceStation_Tier1 (Raiders) bots at <6216.742188, 25.600101, 2919.157227>
16:02:06.726 [AI Object Patrol 00009] Global patrol count: 10
16:02:06.726 [AI Object Patrol 00007] Spawning 2 PoliceStation_Tier2 (Raiders) bots at <6637.747559, 7.560776, 2576.539551>
16:02:06.746 [AI Object Patrol 00007] Global patrol count: 11
16:02:06.847 [AI Patrol 00106] Spawning 1 Vysotovo_Tier1 (Raiders) bots at <5714.223145, 105.502998, 2501.177246>
16:02:06.863 [AI Patrol 00106] Global patrol count: 12
16:02:13.320 [AI Object Patrol 00005] Spawning 2 OilStation_Tier2RR (Raiders) bots at <5856.647949, 9.010466, 2205.684082>
16:02:13.343 [AI Object Patrol 00005] Global patrol count: 13
16:02:22.394 [Killfeed] AI Baty (WaterPump_Tier0) был убит AI Maria (ContaminatedArea_Tier4) с КА-74 из 6 м расстояние.
16:02:27.207 [AI Object Patrol 00006] WaterPump_Tier0 (Raiders) bots were wiped out (spawn position <6512.593262, 6.157020, 2297.277588>, 1/1 deceased)
16:02:27.207 [AI Object Patrol 00006] Global patrol count: 12
16:03:18.093 [Killfeed] AI Francis (Chernogorsk_Tier1) был убит AI Peter (FirelStation_Tier2) с Blaze из 19 м расстояние.
16:03:21.378 [AI Patrol 00097] Chernogorsk_Tier1 (Raiders) bots were wiped out (spawn position <6409.983887, 6.183706, 2314.817627>, 1/1 deceased)
16:03:21.378 [AI Patrol 00097] Global patrol count: 11
16:03:22.253 [Killfeed] AI Linda (Chernogorsk_Tier1) был убит AI Frida (Komarovo_Tier1) с БK-18 из 15 м расстояние.
16:03:26.468 [AI Patrol 00098] Chernogorsk_Tier1 (Raiders) bots were wiped out (spawn position <6448.920898, 8.006087, 2350.366211>, 1/1 deceased)
16:03:26.468 [AI Patrol 00098] Global patrol count: 10
16:03:55.945 [Killfeed] AI Naomi (PoliceStation_Tier2) был убит AI Irena (HospitalStation_Tier2) с КАС-74У из 27 м расстояние.
16:04:20.410 [Killfeed] AI Peter (FirelStation_Tier2) был убит AI Judy (Komarovo_Tier1) с CR-61 Skorpion из 14 м расстояние.
16:04:22.441 [AI Object Patrol 00175] FirelStation_Tier2 (Raiders) bots were wiped out (spawn position <6246.237305, 8.797570, 2724.720215>, 1/1 deceased)
16:04:22.441 [AI Object Patrol 00175] Global patrol count: 9
16:04:54.871 [AI Patrol 00100] Spawning 1 Novoselki_Tier1 (Raiders) bots at <6239.422852, 96.502998, 3229.573486>
16:04:54.886 [AI Patrol 00100] Global patrol count: 10
16:04:54.886 [AI Patrol 00099] Spawning 1 Novoselki_Tier1 (Raiders) bots at <6235.038574, 69.502998, 3348.410400>
16:04:54.902 [AI Patrol 00099] Global patrol count: 11
16:05:21.347 [Killfeed] AI Judy (Komarovo_Tier1) был убит AI Maria (ContaminatedArea_Tier4) с КА-74 из 2 м расстояние.
16:05:32.851 [Killfeed] AI Frida (Komarovo_Tier1) был убит AI Maria (ContaminatedArea_Tier4) с КА-74 из 18 м расстояние.
16:05:36.269 [AI Patrol 00107] Komarovo_Tier1 (Raiders) bots were wiped out (spawn position <6503.473145, 6.336962, 2420.551514>, 2/2 deceased)
16:05:36.269 [AI Patrol 00107] Global patrol count: 10
16:05:45.351 [Killfeed] AI Mirek (PoliceStation_Tier1) был убит AI Maria (ContaminatedArea_Tier4) с КА-74 из 30 м расстояние.
16:05:46.117 [Killfeed] AI Oliver (HospitalStation_Tier2) был убит AI Maria (ContaminatedArea_Tier4) с КА-74 из 22 м расстояние.
16:05:46.503 [AI Object Patrol 00009] PoliceStation_Tier1 (Raiders) bots were wiped out (spawn position <6216.742188, 25.600101, 2919.157227>, 1/1 deceased)
16:05:46.503 [AI Object Patrol 00009] Global patrol count: 9
16:06:13.746 [Killfeed] AI Maria (ContaminatedArea_Tier4) был убит AI Irena (HospitalStation_Tier2) с КАС-74У из 23 м расстояние.
16:06:16.503 [AI Object Patrol 00048] ContaminatedArea_Tier4 (Raiders) bots were wiped out (spawn position <6580.703613, 7.177145, 2315.604248>, 1/1 deceased)
16:06:16.503 [AI Object Patrol 00048] Global patrol count: 8
16:06:28.648 [Killfeed] AI Quinn (PoliceStation_Tier2) был убит AI Irena (HospitalStation_Tier2) с КАС-74У из 20 м расстояние.
16:06:31.203 [MissionAirdrop] An airdrop is heading towards "Sosnovka" (pos=<2700.000000, 0.000000, 6193.000000> type=Random_Sosnovka) with a ExpansionAirdropContainer_Basebuilding
16:06:32.398 [AI Object Patrol 00007] PoliceStation_Tier2 (Raiders) bots were wiped out (spawn position <6637.747559, 7.560776, 2576.539551>, 2/2 deceased)
16:06:32.398 [AI Object Patrol 00007] Global patrol count: 7
16:09:09.910 [Party] Player "Tonby" (id=1OEPy6aKlMe0cmo8LieQDvVcsiu6iWAr2PUZdSF5eMI=) left the party "Knight Fallen" (id=1 ownerUID=1OEPy6aKlMe0cmo8LieQDvVcsiu6iWAr2PUZdSF5eMI= ownerName=Survivor)
