12:08:14.804 [Party] Player "Survivor" (id=1OEPy6aKlMe0cmo8LieQDvVcsiu6iWAr2PUZdSF5eMI=) joinded the party "Falcon Resolute" (id=1 ownerUID=z63osPRVUnS8pzWmaenLtvu6c2gVxwL4gvA4elWPF5w= ownerName=Survivor (2))
12:08:14.804 [Expansion Quests] Initialize quest system on the connected client with UID=1OEPy6aKlMe0cmo8LieQDvVcsiu6iWAr2PUZdSF5eMI=
12:08:14.875 [Expansion Quests] Loaded existing player quest data for player with UID=1OEPy6aKlMe0cmo8LieQDvVcsiu6iWAr2PUZdSF5eMI=
12:08:14.875 [Expansion Quests] Loaded existing group quest data for group with ID=1
12:08:14.875 [Expansion Quests] Sending 1OEPy6aKlMe0cmo8LieQDvVcsiu6iWAr2PUZdSF5eMI= quest configs to client for player with UID=1OEPy6aKlMe0cmo8LieQDvVcsiu6iWAr2PUZdSF5eMI=
12:08:14.882 [Expansion Quests] Sending player quest data for 0 quests to player with UID=1OEPy6aKlMe0cmo8LieQDvVcsiu6iWAr2PUZdSF5eMI=
12:08:14.890 [AI Object Patrol 00007] Spawning 2 HospitalStation_Tier2 (Raiders) bots at <6475.594727, 9.452576, 2706.377686>
12:08:14.914 [AI Object Patrol 00007] Global patrol count: 1
12:08:14.914 [AI Object Patrol 00005] Spawning 1 WaterPump_Tier0 (Raiders) bots at <6522.367188, 6.321002, 2311.122803>
12:08:14.925 [AI Object Patrol 00005] Global patrol count: 2
12:08:14.925 [AI Object Patrol 00006] Spawning 2 PoliceStation_Tier2 (Raiders) bots at <6644.056641, 7.311316, 2602.467773>
12:08:14.945 [AI Object Patrol 00006] Global patrol count: 3
12:08:14.945 [AI Patrol 00082] Spawning 1 Dubovo_Tier1 (Raiders) bots at <6579.026367, 103.502998, 3631.197510>
12:08:14.964 [AI Patrol 00082] Global patrol count: 4
12:08:14.964 [AI Patrol 00088] Spawning 2 Komarovo_Tier1 (Raiders) bots at <6447.274902, 6.150275, 2478.882813>
12:08:14.980 [AI Patrol 00088] Global patrol count: 5
12:08:14.980 [AI Patrol 00083] Spawning 1 Dubovo_Tier1 (Raiders) bots at <6719.250488, 100.502998, 3607.864258>
12:08:15.101 [AI Patrol 00083] Global patrol count: 6
12:08:15.101 [AI Patrol 00084] Spawning 1 Dubovo_Tier1 (Raiders) bots at <6794.967285, 78.502998, 3714.315186>
12:08:15.152 [AI Patrol 00084] Global patrol count: 7
12:08:15.152 [AI Patrol 00085] Spawning 1 Vysotovo_Tier1 (Raiders) bots at <5890.501465, 97.502998, 2648.041260>
12:08:15.257 [AI Patrol 00085] Global patrol count: 8
12:08:15.257 [AI Patrol 00079] Spawning 2 Chernogorsk_Tier1 (Raiders) bots at <6474.087402, 6.000000, 2505.033203>
12:08:15.277 [AI Patrol 00079] Global patrol count: 9
12:08:15.277 [AI Patrol 00078] Spawning 2 Chernogorsk_Tier1 (Raiders) bots at <6508.196289, 6.214242, 2339.910156>
12:08:15.296 [AI Patrol 00078] Global patrol count: 10
12:08:15.296 [AI Patrol 00087] Spawning 1 Vysotovo_Tier1 (Raiders) bots at <5631.231934, 105.502998, 2421.819336>
12:08:15.316 [AI Patrol 00087] Global patrol count: 11
12:08:16.023 [Expansion Quests] - LoadGroupQuestData - Got cached group quest data for group with ID=1
12:09:19.789 [AI Patrol 00086] Spawning 1 Vysotovo_Tier1 (Raiders) bots at <5842.857910, 121.502998, 2747.202393>
12:09:19.808 [AI Patrol 00086] Global patrol count: 12
12:09:23.785 [AI Object Patrol 00111] Spawning 1 FirelStation_Tier2 (Raiders) bots at <6256.458008, 8.702088, 2734.172363>
12:09:23.812 [AI Object Patrol 00111] Global patrol count: 13
12:09:53.343 [Killfeed] AI Quinn (HospitalStation_Tier2) был убит AI Helga (PoliceStation_Tier2) с Обрез Мосин 91/30 из 1 м расстояние.
12:10:12.062 [Party] Player "Survivor (2)" (id=z63osPRVUnS8pzWmaenLtvu6c2gVxwL4gvA4elWPF5w=) joinded the party "Falcon Resolute" (id=1 ownerUID=z63osPRVUnS8pzWmaenLtvu6c2gVxwL4gvA4elWPF5w= ownerName=Survivor (2))
12:10:12.062 [Expansion Quests] Initialize quest system on the connected client with UID=z63osPRVUnS8pzWmaenLtvu6c2gVxwL4gvA4elWPF5w=
12:10:12.132 [Expansion Quests] Loaded existing player quest data for player with UID=z63osPRVUnS8pzWmaenLtvu6c2gVxwL4gvA4elWPF5w=
12:10:12.132 [Expansion Quests] - LoadGroupQuestData - Got cached group quest data for group with ID=1
12:10:12.132 [Expansion Quests] Sending z63osPRVUnS8pzWmaenLtvu6c2gVxwL4gvA4elWPF5w= quest configs to client for player with UID=z63osPRVUnS8pzWmaenLtvu6c2gVxwL4gvA4elWPF5w=
12:10:12.136 [Expansion Quests] Sending player quest data for 0 quests to player with UID=z63osPRVUnS8pzWmaenLtvu6c2gVxwL4gvA4elWPF5w=
12:10:12.148 [AI Object Patrol 00000] Spawning 3 West bots at <1820.178345, 174.000122, 5029.902344>
12:10:12.171 [AI Object Patrol 00000] Global patrol count: 14
12:10:12.171 [AI Object Patrol 00001] Spawning 2 West bots at <2495.353027, 264.595062, 5827.918945>
12:10:12.199 [AI Object Patrol 00001] Global patrol count: 15
12:10:13.046 [Expansion Quests] - LoadGroupQuestData - Got cached group quest data for group with ID=1
12:10:13.832 [AI Patrol 00076] Spawning 2 Prigorodki_Tier1 (Raiders) bots at <7320.675781, 16.503000, 2823.090088>
12:10:13.863 [AI Patrol 00076] Global patrol count: 16
12:10:13.863 [AI Patrol 00077] Spawning 2 Chernogorsk_Tier1 (Raiders) bots at <7355.451660, 16.503000, 2870.939209>
12:10:13.898 [AI Patrol 00077] Global patrol count: 17
12:10:13.898 [AI Object Patrol 00113] Spawning 1 West bots at <7289.215332, 22.297920, 3115.501465>
12:10:13.925 [AI Object Patrol 00113] Global patrol count: 18
12:10:14.105 [AI Patrol 00080] Spawning 1 Novoselki_Tier1 (Raiders) bots at <6095.863281, 69.502998, 3242.721191>
12:10:14.121 [AI Patrol 00080] Global patrol count: 19
12:10:17.863 [AI Patrol 00081] Spawning 1 Novoselki_Tier1 (Raiders) bots at <6166.148438, 96.502998, 3173.060791>
12:10:17.875 [AI Patrol 00081] Global patrol count: 20
12:10:39.328 [AI Patrol 00105] Spawning 1 Drozhino_Tier2RR (Raiders) bots at <3494.305420, 248.980118, 4965.326660>
12:10:39.343 [AI Patrol 00105] Global patrol count: 21
12:10:50.839 [AI Patrol 00100] Spawning 1 Kozlovka_Tier2 (Raiders) bots at <4333.820801, 235.019302, 4686.355957>
12:10:50.851 [AI Patrol 00100] Global patrol count: 22
12:10:51.597 [Killfeed] AI Hassan (Komarovo_Tier1) был убит AI Linda (PoliceStation_Tier2) с USG-45 из 1 м расстояние.
12:10:54.835 [Killfeed] AI Mirek (Komarovo_Tier1) был убит AI Linda (PoliceStation_Tier2) с USG-45 из 5 м расстояние.
12:10:59.367 [AI Patrol 00088] Komarovo_Tier1 (Raiders) bots were wiped out (spawn position <6447.274902, 6.150275, 2478.882813>, 2/2 deceased)
12:10:59.367 [AI Patrol 00088] Global patrol count: 21
12:11:05.980 [Killfeed] [Falco] Survivor (2) был убит.
12:11:16.332 [Killfeed] AI Helga (PoliceStation_Tier2) был убит AI Kaito (Chernogorsk_Tier1) с БК-43 из 6 м расстояние.
12:11:16.937 [Party] Player "Survivor (2)" (id=z63osPRVUnS8pzWmaenLtvu6c2gVxwL4gvA4elWPF5w=) joinded the party "Falcon Resolute" (id=1 ownerUID=z63osPRVUnS8pzWmaenLtvu6c2gVxwL4gvA4elWPF5w= ownerName=Survivor (2))
12:11:17.933 [Expansion Quests] - LoadGroupQuestData - Got cached group quest data for group with ID=1
12:11:27.234 [SpawnSelection] Player "Survivor (2)" (id=z63osPRVUnS8pzWmaenLtvu6c2gVxwL4gvA4elWPF5w=) spawned at <14142.400391, 3.300000, 13290.200195>
12:11:27.265 [AI Object Patrol 00041] Spawning 1 WaterPump_Tier0 (Raiders) bots at <13347.639648, 95.083549, 12863.543945>
12:11:27.281 [AI Object Patrol 00041] Global patrol count: 22
12:11:27.281 [AI Object Patrol 00136] Spawning 2 WaterPump_Tier0 (Raiders) bots at <13522.755859, 16.919044, 14029.919922>
12:11:27.289 [AI Object Patrol 00136] Global patrol count: 23
12:11:43.144 [Killfeed] AI Seth (Chernogorsk_Tier1) был убит AI Peter (HospitalStation_Tier2) с FX-45 из 4 м расстояние.
12:12:02.847 [Killfeed] AI Irena (WaterPump_Tier0) был убит AI Kaito (Chernogorsk_Tier1) с БК-43 из 13 м расстояние.
12:12:04.878 [AI Object Patrol 00005] WaterPump_Tier0 (Raiders) bots were wiped out (spawn position <6522.367188, 6.321002, 2311.122803>, 1/1 deceased)
12:12:04.878 [AI Object Patrol 00005] Global patrol count: 22
12:12:24.058 [MissionAirdrop] An airdrop is heading towards "Chernogorsk" (pos=<6128.000000, 0.000000, 2497.000000> type=Random_Chernogorsk) with a ExpansionAirdropContainer_Military
12:13:53.191 [Killfeed] AI Niki (Chernogorsk_Tier1) был убит AI Oliver (FirelStation_Tier2) с КАС-74У из 2 м расстояние.
12:13:54.667 [AI Patrol 00079] Chernogorsk_Tier1 (Raiders) bots were wiped out (spawn position <6474.087402, 6.000000, 2505.033203>, 2/2 deceased)
12:13:54.667 [AI Patrol 00079] Global patrol count: 21
12:13:55.433 [Killfeed] AI Elias (Dubovo_Tier1) был убит AI Manua (Dubovo_Tier1) с DT11 из 15 м расстояние.
12:13:59.378 [AI Patrol 00084] Dubovo_Tier1 (Raiders) bots were wiped out (spawn position <6794.967285, 78.502998, 3714.315186>, 1/1 deceased)
12:13:59.378 [AI Patrol 00084] Global patrol count: 20
12:14:58.511 [Killfeed] AI Kaito (Chernogorsk_Tier1) умер от потери крови.
12:15:07.195 [Killfeed] AI Linda (PoliceStation_Tier2) был убит AI Oliver (FirelStation_Tier2) с КАС-74У из 6 м расстояние.
12:15:09.988 [AI Object Patrol 00006] PoliceStation_Tier2 (Raiders) bots were wiped out (spawn position <6644.056641, 7.311316, 2602.467773>, 2/2 deceased)
12:15:09.988 [AI Object Patrol 00006] Global patrol count: 19
12:15:30.433 [Killfeed] AI Peter (HospitalStation_Tier2) был убит AI Oliver (FirelStation_Tier2) при помощи.
12:15:34.875 [AI Object Patrol 00007] HospitalStation_Tier2 (Raiders) bots were wiped out (spawn position <6475.594727, 9.452576, 2706.377686>, 2/2 deceased)
12:15:34.875 [AI Object Patrol 00007] Global patrol count: 18
12:17:23.574 [Killfeed] AI Naomi (Chernogorsk_Tier1) был убит AI Oliver (FirelStation_Tier2) с Обрез Мосин 91/30 из 1 м расстояние.
12:17:24.734 [AI Patrol 00078] Chernogorsk_Tier1 (Raiders) bots were wiped out (spawn position <6508.196289, 6.214242, 2339.910156>, 2/2 deceased)
12:17:24.734 [AI Patrol 00078] Global patrol count: 17
12:17:34.007 [Killfeed] AI Manua (Dubovo_Tier1) был убит AI Frida (Dubovo_Tier1) при помощи.
12:17:34.042 [AI Patrol 00082] Dubovo_Tier1 (Raiders) bots were wiped out (spawn position <6579.026367, 103.502998, 3631.197510>, 1/1 deceased)
12:17:34.042 [AI Patrol 00082] Global patrol count: 16
12:19:57.285 [AI Object Patrol 00001] Despawning 2 West bots (spawn position <2495.353027, 264.595062, 5827.918945>, 0/2 deceased)
12:19:57.285 [AI Object Patrol 00001] Global patrol count: 15
12:20:54.363 [AI Patrol 00100] Despawning 1 Kozlovka_Tier2 (Raiders) bots (spawn position <4333.820801, 235.019302, 4686.355957>, 0/1 deceased)
12:20:54.363 [AI Patrol 00100] Global patrol count: 14
12:20:54.371 [AI Patrol 00083] Despawning 1 Dubovo_Tier1 (Raiders) bots (spawn position <6719.250488, 100.502998, 3607.864258>, 0/1 deceased)
12:20:54.371 [AI Patrol 00083] Global patrol count: 13
12:20:54.406 [AI Patrol 00085] Despawning 1 Vysotovo_Tier1 (Raiders) bots (spawn position <5890.501465, 97.502998, 2648.041260>, 0/1 deceased)
12:20:54.406 [AI Patrol 00085] Global patrol count: 12
12:20:54.718 [AI Object Patrol 00111] Despawning 1 FirelStation_Tier2 (Raiders) bots (spawn position <6256.458008, 8.702088, 2734.172363>, 0/1 deceased)
12:20:54.722 [AI Object Patrol 00111] Global patrol count: 11
12:20:54.730 [AI Patrol 00086] Despawning 1 Vysotovo_Tier1 (Raiders) bots (spawn position <5842.857910, 121.502998, 2747.202393>, 0/1 deceased)
12:20:54.730 [AI Patrol 00086] Global patrol count: 10
12:20:54.730 [AI Patrol 00077] Despawning 2 Chernogorsk_Tier1 (Raiders) bots (spawn position <7355.451660, 16.503000, 2870.939209>, 0/2 deceased)
12:20:54.730 [AI Patrol 00077] Global patrol count: 9
12:20:54.765 [AI Patrol 00081] Despawning 1 Novoselki_Tier1 (Raiders) bots (spawn position <6166.148438, 96.502998, 3173.060791>, 0/1 deceased)
12:20:54.765 [AI Patrol 00081] Global patrol count: 8
12:20:54.777 [AI Patrol 00080] Despawning 1 Novoselki_Tier1 (Raiders) bots (spawn position <6095.863281, 69.502998, 3242.721191>, 0/1 deceased)
12:20:54.777 [AI Patrol 00080] Global patrol count: 7
12:20:54.828 [AI Patrol 00087] Despawning 1 Vysotovo_Tier1 (Raiders) bots (spawn position <5631.231934, 105.502998, 2421.819336>, 0/1 deceased)
12:20:54.828 [AI Patrol 00087] Global patrol count: 6
12:20:55.015 [AI Patrol 00076] Despawning 2 Prigorodki_Tier1 (Raiders) bots (spawn position <7320.675781, 16.503000, 2823.090088>, 0/2 deceased)
12:20:55.015 [AI Patrol 00076] Global patrol count: 5
12:20:55.207 [AI Object Patrol 00113] Despawning 1 West bots (spawn position <7289.215332, 22.297920, 3115.501465>, 0/1 deceased)
12:20:55.207 [AI Object Patrol 00113] Global patrol count: 4
12:21:19.035 [AI Object Patrol 00000] Despawning 3 West bots (spawn position <1820.178345, 174.000122, 5029.902344>, 0/3 deceased)
12:21:19.035 [AI Object Patrol 00000] Global patrol count: 3
12:21:19.687 [AI Patrol 00105] Despawning 1 Drozhino_Tier2RR (Raiders) bots (spawn position <3494.305420, 248.980118, 4965.326660>, 0/1 deceased)
12:21:19.687 [AI Patrol 00105] Global patrol count: 2
12:24:35.691 [AI Object Patrol 00046] Spawning 2 West bots at <13881.497070, -1.469264, 11117.704102>
12:24:35.707 [AI Object Patrol 00046] Global patrol count: 3
12:24:35.707 [AI Object Patrol 00045] Spawning 1 West bots at <13736.723633, -11.136165, 10987.244141>
12:24:35.730 [AI Object Patrol 00045] Global patrol count: 4
12:25:22.058 [AI Object Patrol 00031] Spawning 1 PoliceStation_Tier1 (Raiders) bots at <12920.780273, 14.320063, 10182.864258>
12:25:22.078 [AI Object Patrol 00031] Global patrol count: 5
12:25:22.078 [AI Object Patrol 00127] Spawning 3 FirelStation_Tier2 (Raiders) bots at <12802.818359, 6.128668, 9978.729492>
12:25:22.093 [AI Object Patrol 00127] Global patrol count: 6
12:25:23.839 [AI Object Patrol 00129] Spawning 1 WaterPump_Tier0 (Raiders) bots at <12304.823242, 105.061691, 10934.871094>
12:25:23.851 [AI Object Patrol 00129] Global patrol count: 7
12:25:23.851 [AI Object Patrol 00128] Spawning 2 WaterPump_Tier0 (Raiders) bots at <12248.160156, 92.782967, 10632.894531>
12:25:23.855 [AI Object Patrol 00128] Global patrol count: 8
12:25:23.937 [AI Object Patrol 00047] Spawning 3 West bots at <13722.162109, 1.260392, 11197.686523>
12:25:23.957 [AI Object Patrol 00047] Global patrol count: 9
12:25:25.070 [AI Patrol 00069] Spawning 1 Berezhino_Tier1 (Raiders) bots at <12655.887695, 6.069952, 9810.036133>
12:25:25.085 [AI Patrol 00069] Global patrol count: 10
12:25:51.343 [AI Patrol 00071] Spawning 2 Berezino_Tier1 (Raiders) bots at <12068.319336, 12.558311, 9733.388672>
12:25:51.371 [AI Patrol 00071] Global patrol count: 11
12:30:44.234 [Killfeed] AI Linda (Berezhino_Tier1) был убит AI Taiki (FirelStation_Tier2) с КАС-74У из 11 м расстояние.
12:30:44.394 [AI Patrol 00069] Berezhino_Tier1 (Raiders) bots were wiped out (spawn position <12655.887695, 6.069952, 9810.036133>, 1/1 deceased)
12:30:44.394 [AI Patrol 00069] Global patrol count: 10
12:31:18.617 [AI Object Patrol 00044] Spawning 2 WaterPump_Tier0 (Raiders) bots at <12106.632813, 95.211189, 13704.874023>
12:31:18.628 [AI Object Patrol 00044] Global patrol count: 11
12:31:18.628 [AI Patrol 00091] Spawning 1 Novodmitrovsk_Tier2 (Raiders) bots at <11574.583984, 58.436134, 14621.678711>
12:31:18.644 [AI Patrol 00091] Global patrol count: 12
12:31:18.644 [AI Patrol 00066] Spawning 1 ChernayaPolyana_Tier1 (Raiders) bots at <12080.999023, 110.439835, 13463.860352>
12:31:18.660 [AI Patrol 00066] Global patrol count: 13
12:31:24.972 [AI Patrol 00094] Spawning 1 Novodmitrovsk_Tier2 (Raiders) bots at <11297.224609, 94.548973, 14676.449219>
12:31:25.019 [AI Patrol 00094] Global patrol count: 14
12:31:25.019 [AI Patrol 00093] Spawning 1 Novodmitrovsk_Tier2 (Raiders) bots at <11008.378906, 67.502998, 14416.056641>
12:31:25.039 [AI Patrol 00093] Global patrol count: 15
12:31:25.039 [AI Patrol 00092] Spawning 1 Novodmitrovsk_Tier2 (Raiders) bots at <11035.323242, 75.502998, 14438.414063>
12:31:25.058 [AI Patrol 00092] Global patrol count: 16
12:31:30.539 [AI Object Patrol 00141] Spawning 3 HospitalStation_Tier2 (Raiders) bots at <11409.942383, 78.615211, 14611.157227>
12:31:30.554 [AI Object Patrol 00141] Global patrol count: 17
12:31:54.457 [AI Object Patrol 00135] Spawning 2 FirelStation_Tier2 (Raiders) bots at <12176.938477, 92.782837, 13856.008789>
12:31:54.472 [AI Object Patrol 00135] Global patrol count: 18
12:31:54.898 [AI Patrol 00090] Spawning 1 Novodmitrovsk_Tier1 (Raiders) bots at <12039.574219, 27.389999, 14397.593750>
12:31:54.910 [AI Patrol 00090] Global patrol count: 19
12:35:44.910 [AI Object Patrol 00047] Despawning 3 West bots (spawn position <13722.162109, 1.260392, 11197.686523>, 0/3 deceased)
12:35:44.910 [AI Object Patrol 00047] Global patrol count: 18
12:35:45.117 [AI Object Patrol 00046] Despawning 2 West bots (spawn position <13881.497070, -1.469264, 11117.704102>, 0/2 deceased)
12:35:45.117 [AI Object Patrol 00046] Global patrol count: 17
12:35:53.675 [AI Object Patrol 00129] Despawning 1 WaterPump_Tier0 (Raiders) bots (spawn position <12304.823242, 105.061691, 10934.871094>, 0/1 deceased)
12:35:53.679 [AI Object Patrol 00129] Global patrol count: 16
12:36:10.132 [AI Object Patrol 00045] Despawning 1 West bots (spawn position <13736.723633, -11.136165, 10987.244141>, 0/1 deceased)
12:36:10.132 [AI Object Patrol 00045] Global patrol count: 15
12:36:23.394 [Killfeed] AI Denis (ChernayaPolyana_Tier1) был убит AI Oliver (WaterPump_Tier0) при помощи.
12:36:24.578 [AI Patrol 00066] ChernayaPolyana_Tier1 (Raiders) bots were wiped out (spawn position <12080.999023, 110.439835, 13463.860352>, 1/1 deceased)
12:36:24.578 [AI Patrol 00066] Global patrol count: 14
12:37:01.460 [Killfeed] AI Oliver (WaterPump_Tier0) умер от потери крови.
12:38:56.160 [Killfeed] AI Keiko (Novodmitrovsk_Tier2) был убит AI Judy (Novodmitrovsk_Tier2) с Обрез Мосин 91/30 из 10 м расстояние.
12:38:59.988 [AI Patrol 00094] Novodmitrovsk_Tier2 (Raiders) bots were wiped out (spawn position <11297.224609, 94.548973, 14676.449219>, 1/1 deceased)
12:38:59.992 [AI Patrol 00094] Global patrol count: 13
12:39:19.269 [Killfeed] AI Judy (Novodmitrovsk_Tier2) был убит AI Maria (HospitalStation_Tier2) с FX-45 из 5 м расстояние.
12:39:24.250 [AI Patrol 00091] Novodmitrovsk_Tier2 (Raiders) bots were wiped out (spawn position <11574.583984, 58.436134, 14621.678711>, 1/1 deceased)
12:39:24.250 [AI Patrol 00091] Global patrol count: 12
12:40:22.250 [Killfeed] AI Maria (HospitalStation_Tier2) был убит AI Eva (Novodmitrovsk_Tier1) при помощи.
12:40:54.492 [AI Patrol 00071] Despawning 2 Berezino_Tier1 (Raiders) bots (spawn position <12068.319336, 12.558311, 9733.388672>, 0/2 deceased)
12:40:54.492 [AI Patrol 00071] Global patrol count: 11
12:41:00.003 [AI Object Patrol 00031] Despawning 1 PoliceStation_Tier1 (Raiders) bots (spawn position <12920.780273, 14.320063, 10182.864258>, 0/1 deceased)
12:41:00.003 [AI Object Patrol 00031] Global patrol count: 10
12:41:00.410 [AI Object Patrol 00127] Despawning 3 FirelStation_Tier2 (Raiders) bots (spawn position <12802.818359, 6.128668, 9978.729492>, 0/3 deceased)
12:41:00.410 [AI Object Patrol 00127] Global patrol count: 9
12:41:02.351 [AI Object Patrol 00128] Despawning 2 WaterPump_Tier0 (Raiders) bots (spawn position <12248.160156, 92.782967, 10632.894531>, 0/2 deceased)
12:41:02.351 [AI Object Patrol 00128] Global patrol count: 8
12:41:21.867 [Killfeed] AI Eva (Novodmitrovsk_Tier1) был убит AI Guo (HospitalStation_Tier2) с БК-133 из 4 м расстояние.
12:41:24.851 [AI Patrol 00090] Novodmitrovsk_Tier1 (Raiders) bots were wiped out (spawn position <12039.574219, 27.389999, 14397.593750>, 1/1 deceased)
12:41:24.851 [AI Patrol 00090] Global patrol count: 7
12:44:50.503 [AI Object Patrol 00141] Despawning 2 HospitalStation_Tier2 (Raiders) bots (spawn position <11409.942383, 78.615211, 14611.157227>, 1/3 deceased)
12:44:50.503 [AI Object Patrol 00141] Global patrol count: 6
12:44:51.410 [AI Object Patrol 00135] Despawning 2 FirelStation_Tier2 (Raiders) bots (spawn position <12176.938477, 92.782837, 13856.008789>, 0/2 deceased)
12:44:51.410 [AI Object Patrol 00135] Global patrol count: 5
12:44:54.679 [AI Patrol 00093] Despawning 1 Novodmitrovsk_Tier2 (Raiders) bots (spawn position <11008.378906, 67.502998, 14416.056641>, 0/1 deceased)
12:44:54.679 [AI Patrol 00093] Global patrol count: 4
12:44:54.855 [AI Patrol 00092] Despawning 1 Novodmitrovsk_Tier2 (Raiders) bots (spawn position <11035.323242, 75.502998, 14438.414063>, 0/1 deceased)
12:44:54.855 [AI Patrol 00092] Global patrol count: 3
12:44:55.125 [AI Object Patrol 00044] Despawning 1 WaterPump_Tier0 (Raiders) bots (spawn position <12106.632813, 95.211189, 13704.874023>, 1/2 deceased)
12:44:55.125 [AI Object Patrol 00044] Global patrol count: 2
12:45:11.296 [ExplosionDamageSystem] About to explode FlashGrenade_Ammo from FlashGrenade<38d61c70> at <13843.4, 21.63, 13140.8> EXPLOSION range 20 dropoff 5
12:49:55.628 [Party] Player "Survivor" (id=1OEPy6aKlMe0cmo8LieQDvVcsiu6iWAr2PUZdSF5eMI=) left the party "Falcon Resolute" (id=1 ownerUID=z63osPRVUnS8pzWmaenLtvu6c2gVxwL4gvA4elWPF5w= ownerName=Survivor (2))
12:49:57.496 [VehicleDeleted] ExpansionMh6_GrayWatcher (id=2BE75B8E0C4092294BA863AE7E60021A pos=<6133.696777, 98.511047, 3202.082031>)
12:50:10.476 [Party] Player "Survivor (2)" (id=z63osPRVUnS8pzWmaenLtvu6c2gVxwL4gvA4elWPF5w=) left the party "Falcon Resolute" (id=1 ownerUID=z63osPRVUnS8pzWmaenLtvu6c2gVxwL4gvA4elWPF5w= ownerName=Survivor (2))
