11:10:13.511 [Expansion Quests] Added objects set for quest ID=5401 from file=q5301
11:10:13.511 [Expansion Quests] Added objects set for quest ID=2202 from file=q2202
11:10:13.511 [Expansion Quests] Added objects set for quest ID=2203 from file=q2203
11:10:13.511 [Expansion Quests] Added objects set for quest ID=2204 from file=q2204
11:10:13.511 [Expansion Quests] Added objects set for quest ID=2101 from file=q2101
11:10:13.511 [Expansion Quests] Added objects set for quest ID=61601 from file=q61601
11:10:13.511 [Expansion Quests] Added objects set for quest ID=2102 from file=q2102
11:10:13.511 [Expansion Quests] Added objects set for quest ID=2103 from file=q2103
11:10:13.511 [Expansion Quests] Added objects set for quest ID=2104 from file=q2104
11:10:13.515 [Expansion Quests] Added objects set for quest ID=2105 from file=q2105
11:10:13.515 [Expansion Quests] Added objects set for quest ID=6501 from file=q6501
11:10:13.515 [Expansion Quests] Added objects set for quest ID=5301 from file=q5301
11:10:13.515 [Expansion Quests] Added objects set for quest ID=5302 from file=q5302
11:10:13.515 [Expansion Quests] Added objects set for quest ID=5303 from file=q5303
11:10:13.515 [Expansion Quests] Added objects set for quest ID=5304 from file=q5304
11:10:13.515 [Expansion Quests] Added objects set for quest ID=61501 from file=q61501
11:10:13.515 [Expansion Quests] Added objects set for quest ID=61502 from file=q61502
11:10:13.515 [Expansion Quests] Added objects set for quest ID=61001 from file=q61001
11:10:13.515 [Expansion Quests] Added objects set for quest ID=2201 from file=q2201
11:10:13.515 [Expansion Quests] Added objects set for quest ID=1101 from file=q1101
11:10:13.515 [Expansion Quests] Added objects set for quest ID=1102 from file=q1102
11:10:13.515 [Expansion Quests] Added objects set for quest ID=1103 from file=q1102
11:10:13.515 [Expansion Quests] Added objects set for quest ID=1104 from file=q1104
11:10:13.515 [Expansion Quests] Added objects set for quest ID=1105 from file=q1105
11:10:13.515 [Expansion Quests] Added objects set for quest ID=5202 from file=q5202
11:10:13.515 [Expansion Quests] Added objects set for quest ID=5203 from file=q5203
11:10:13.515 [Expansion Quests] Added objects set for quest ID=2205 from file=q2205
11:10:13.515 [Expansion Quests] Added objects set for quest ID=6601 from file=q6601
11:10:13.515 [Expansion Quests] Added objects set for quest ID=5101 from file=q5101
11:10:13.515 [Expansion Quests] Added objects set for quest ID=5102 from file=q5102
11:10:13.515 [Expansion Quests] Added objects set for quest ID=5201 from file=q5201
11:14:54.101 [Safezone] Player "Tonby" (id=1OEPy6aKlMe0cmo8LieQDvVcsiu6iWAr2PUZdSF5eMI= pos=<3702.49, 402.01, 5990.88>) entered the safezone
11:14:54.101 [Party] Player "Tonby" (id=1OEPy6aKlMe0cmo8LieQDvVcsiu6iWAr2PUZdSF5eMI=) joinded the party "Knight Fallen" (id=1 ownerUID=1OEPy6aKlMe0cmo8LieQDvVcsiu6iWAr2PUZdSF5eMI= ownerName=Survivor)
11:14:54.101 [Expansion Quests] Initialize quest system on the connected client with UID=1OEPy6aKlMe0cmo8LieQDvVcsiu6iWAr2PUZdSF5eMI=
11:14:54.218 [Expansion Quests] Loaded existing player quest data for player with UID=1OEPy6aKlMe0cmo8LieQDvVcsiu6iWAr2PUZdSF5eMI=
11:14:54.250 [Expansion Quests] Loaded existing group quest data for group with ID=1
11:14:54.250 [Expansion Quests] Check quest initialization for quest with ID=6901 | State=COMPLETED | Player UID=1OEPy6aKlMe0cmo8LieQDvVcsiu6iWAr2PUZdSF5eMI=
11:14:54.250 [Expansion Quests] Check quest initialization for quest with ID=6401 | State=COMPLETED | Player UID=1OEPy6aKlMe0cmo8LieQDvVcsiu6iWAr2PUZdSF5eMI=
11:14:54.250 [Expansion Quests] Check quest initialization for quest with ID=5101 | State=NONE | Player UID=1OEPy6aKlMe0cmo8LieQDvVcsiu6iWAr2PUZdSF5eMI=
11:14:54.250 [Expansion Quests] Check quest initialization for quest with ID=101 | State=COMPLETED | Player UID=1OEPy6aKlMe0cmo8LieQDvVcsiu6iWAr2PUZdSF5eMI=
11:14:54.250 [Expansion Quests] Check quest initialization for quest with ID=61101 | State=COMPLETED | Player UID=1OEPy6aKlMe0cmo8LieQDvVcsiu6iWAr2PUZdSF5eMI=
11:14:54.250 [Expansion Quests] Check quest initialization for quest with ID=6601 | State=COMPLETED | Player UID=1OEPy6aKlMe0cmo8LieQDvVcsiu6iWAr2PUZdSF5eMI=
11:14:54.250 [Expansion Quests] Check quest initialization for quest with ID=61301 | State=NONE | Player UID=1OEPy6aKlMe0cmo8LieQDvVcsiu6iWAr2PUZdSF5eMI=
11:14:54.250 [Expansion Quests] Check quest initialization for quest with ID=6701 | State=COMPLETED | Player UID=1OEPy6aKlMe0cmo8LieQDvVcsiu6iWAr2PUZdSF5eMI=
11:14:54.250 [Expansion Quests] Check quest initialization for quest with ID=1102 | State=NONE | Player UID=1OEPy6aKlMe0cmo8LieQDvVcsiu6iWAr2PUZdSF5eMI=
11:14:54.250 [Expansion Quests] Check quest initialization for quest with ID=1103 | State=STARTED | Player UID=1OEPy6aKlMe0cmo8LieQDvVcsiu6iWAr2PUZdSF5eMI=
11:14:54.250 [Expansion Quests] Create new quest instance for quest with ID=1103 | Player UID=1OEPy6aKlMe0cmo8LieQDvVcsiu6iWAr2PUZdSF5eMI=
11:14:54.253 [Expansion Quests] Spawned objects from set for quest ID=1103 from file=$mission:expansion\quests\\objects\q1102.map
11:14:54.253 [Expansion Quests] Check quest initialization for quest with ID=6501 | State=COMPLETED | Player UID=1OEPy6aKlMe0cmo8LieQDvVcsiu6iWAr2PUZdSF5eMI=
11:14:54.253 [Expansion Quests] Check quest initialization for quest with ID=6801 | State=COMPLETED | Player UID=1OEPy6aKlMe0cmo8LieQDvVcsiu6iWAr2PUZdSF5eMI=
11:14:54.253 [Expansion Quests] Check quest initialization for quest with ID=1104 | State=NONE | Player UID=1OEPy6aKlMe0cmo8LieQDvVcsiu6iWAr2PUZdSF5eMI=
11:14:54.253 [Expansion Quests] Check quest initialization for quest with ID=6101 | State=COMPLETED | Player UID=1OEPy6aKlMe0cmo8LieQDvVcsiu6iWAr2PUZdSF5eMI=
11:14:54.253 [Expansion Quests] Check quest initialization for quest with ID=2101 | State=COMPLETED | Player UID=1OEPy6aKlMe0cmo8LieQDvVcsiu6iWAr2PUZdSF5eMI=
11:14:54.253 [Expansion Quests] Check quest initialization for quest with ID=6301 | State=COMPLETED | Player UID=1OEPy6aKlMe0cmo8LieQDvVcsiu6iWAr2PUZdSF5eMI=
11:14:54.253 [Expansion Quests] Check quest initialization for quest with ID=6201 | State=COMPLETED | Player UID=1OEPy6aKlMe0cmo8LieQDvVcsiu6iWAr2PUZdSF5eMI=
11:14:54.253 [Expansion Quests] Check quest initialization for quest with ID=61502 | State=COMPLETED | Player UID=1OEPy6aKlMe0cmo8LieQDvVcsiu6iWAr2PUZdSF5eMI=
11:14:54.253 [Expansion Quests] Check quest initialization for quest with ID=61001 | State=COMPLETED | Player UID=1OEPy6aKlMe0cmo8LieQDvVcsiu6iWAr2PUZdSF5eMI=
11:14:54.253 [Expansion Quests] Check quest initialization for quest with ID=61501 | State=NONE | Player UID=1OEPy6aKlMe0cmo8LieQDvVcsiu6iWAr2PUZdSF5eMI=
11:14:54.253 [Expansion Quests] Check quest initialization for quest with ID=1101 | State=NONE | Player UID=1OEPy6aKlMe0cmo8LieQDvVcsiu6iWAr2PUZdSF5eMI=
11:14:54.253 [Expansion Quests] Quest with ID=6401 is not a a valid achievement or auto start quest. Skip quest for player with UID=1OEPy6aKlMe0cmo8LieQDvVcsiu6iWAr2PUZdSF5eMI=
11:14:54.253 [Expansion Quests] Quest with ID=6701 is not a a valid achievement or auto start quest. Skip quest for player with UID=1OEPy6aKlMe0cmo8LieQDvVcsiu6iWAr2PUZdSF5eMI=
11:14:54.253 [Expansion Quests] Quest with ID=61201 is not a a valid achievement or auto start quest. Skip quest for player with UID=1OEPy6aKlMe0cmo8LieQDvVcsiu6iWAr2PUZdSF5eMI=
11:14:54.253 [Expansion Quests] Quest with ID=5401 is not a a valid achievement or auto start quest. Skip quest for player with UID=1OEPy6aKlMe0cmo8LieQDvVcsiu6iWAr2PUZdSF5eMI=
11:14:54.253 [Expansion Quests] Quest with ID=2202 is not a a valid achievement or auto start quest. Skip quest for player with UID=1OEPy6aKlMe0cmo8LieQDvVcsiu6iWAr2PUZdSF5eMI=
11:14:54.253 [Expansion Quests] Quest with ID=2203 is not a a valid achievement or auto start quest. Skip quest for player with UID=1OEPy6aKlMe0cmo8LieQDvVcsiu6iWAr2PUZdSF5eMI=
11:14:54.253 [Expansion Quests] Quest with ID=2204 is not a a valid achievement or auto start quest. Skip quest for player with UID=1OEPy6aKlMe0cmo8LieQDvVcsiu6iWAr2PUZdSF5eMI=
11:14:54.253 [Expansion Quests] Quest with ID=6301 is not a a valid achievement or auto start quest. Skip quest for player with UID=1OEPy6aKlMe0cmo8LieQDvVcsiu6iWAr2PUZdSF5eMI=
11:14:54.253 [Expansion Quests] Quest with ID=2101 is not a a valid achievement or auto start quest. Skip quest for player with UID=1OEPy6aKlMe0cmo8LieQDvVcsiu6iWAr2PUZdSF5eMI=
11:14:54.253 [Expansion Quests] Quest with ID=61601 is not a a valid achievement or auto start quest. Skip quest for player with UID=1OEPy6aKlMe0cmo8LieQDvVcsiu6iWAr2PUZdSF5eMI=
11:14:54.253 [Expansion Quests] Quest with ID=2102 is not a a valid achievement or auto start quest. Skip quest for player with UID=1OEPy6aKlMe0cmo8LieQDvVcsiu6iWAr2PUZdSF5eMI=
11:14:54.253 [Expansion Quests] Quest with ID=2103 is not a a valid achievement or auto start quest. Skip quest for player with UID=1OEPy6aKlMe0cmo8LieQDvVcsiu6iWAr2PUZdSF5eMI=
11:14:54.253 [Expansion Quests] Quest with ID=2104 is not a a valid achievement or auto start quest. Skip quest for player with UID=1OEPy6aKlMe0cmo8LieQDvVcsiu6iWAr2PUZdSF5eMI=
11:14:54.253 [Expansion Quests] Quest with ID=2105 is not a a valid achievement or auto start quest. Skip quest for player with UID=1OEPy6aKlMe0cmo8LieQDvVcsiu6iWAr2PUZdSF5eMI=
11:14:54.257 [Expansion Quests] Quest with ID=61101 is not a a valid achievement or auto start quest. Skip quest for player with UID=1OEPy6aKlMe0cmo8LieQDvVcsiu6iWAr2PUZdSF5eMI=
11:14:54.257 [Expansion Quests] Quest with ID=6501 is not a a valid achievement or auto start quest. Skip quest for player with UID=1OEPy6aKlMe0cmo8LieQDvVcsiu6iWAr2PUZdSF5eMI=
11:14:54.257 [Expansion Quests] Quest with ID=62001 is not a a valid achievement or auto start quest. Skip quest for player with UID=1OEPy6aKlMe0cmo8LieQDvVcsiu6iWAr2PUZdSF5eMI=
11:14:54.257 [Expansion Quests] Quest with ID=6801 is not a a valid achievement or auto start quest. Skip quest for player with UID=1OEPy6aKlMe0cmo8LieQDvVcsiu6iWAr2PUZdSF5eMI=
11:14:54.257 [Expansion Quests] Quest with ID=5301 is not a a valid achievement or auto start quest. Skip quest for player with UID=1OEPy6aKlMe0cmo8LieQDvVcsiu6iWAr2PUZdSF5eMI=
11:14:54.257 [Expansion Quests] Quest with ID=5302 is not a a valid achievement or auto start quest. Skip quest for player with UID=1OEPy6aKlMe0cmo8LieQDvVcsiu6iWAr2PUZdSF5eMI=
11:14:54.257 [Expansion Quests] Quest with ID=5303 is not a a valid achievement or auto start quest. Skip quest for player with UID=1OEPy6aKlMe0cmo8LieQDvVcsiu6iWAr2PUZdSF5eMI=
11:14:54.257 [Expansion Quests] Quest with ID=5304 is not a a valid achievement or auto start quest. Skip quest for player with UID=1OEPy6aKlMe0cmo8LieQDvVcsiu6iWAr2PUZdSF5eMI=
11:14:54.257 [Expansion Quests] Quest with ID=6201 is not a a valid achievement or auto start quest. Skip quest for player with UID=1OEPy6aKlMe0cmo8LieQDvVcsiu6iWAr2PUZdSF5eMI=
11:14:54.257 [Expansion Quests] Quest with ID=61501 is not a a valid achievement or auto start quest. Skip quest for player with UID=1OEPy6aKlMe0cmo8LieQDvVcsiu6iWAr2PUZdSF5eMI=
11:14:54.257 [Expansion Quests] Quest with ID=61502 is not a a valid achievement or auto start quest. Skip quest for player with UID=1OEPy6aKlMe0cmo8LieQDvVcsiu6iWAr2PUZdSF5eMI=
11:14:54.257 [Expansion Quests] Quest with ID=61001 is not a a valid achievement or auto start quest. Skip quest for player with UID=1OEPy6aKlMe0cmo8LieQDvVcsiu6iWAr2PUZdSF5eMI=
11:14:54.257 [Expansion Quests] Quest with ID=2201 is not a a valid achievement or auto start quest. Skip quest for player with UID=1OEPy6aKlMe0cmo8LieQDvVcsiu6iWAr2PUZdSF5eMI=
11:14:54.257 [Expansion Quests] Quest with ID=1101 is not a a valid achievement or auto start quest. Skip quest for player with UID=1OEPy6aKlMe0cmo8LieQDvVcsiu6iWAr2PUZdSF5eMI=
11:14:54.257 [Expansion Quests] Quest with ID=1102 is not a a valid achievement or auto start quest. Skip quest for player with UID=1OEPy6aKlMe0cmo8LieQDvVcsiu6iWAr2PUZdSF5eMI=
11:14:54.257 [Expansion Quests] Quest with ID=1104 is not a a valid achievement or auto start quest. Skip quest for player with UID=1OEPy6aKlMe0cmo8LieQDvVcsiu6iWAr2PUZdSF5eMI=
11:14:54.257 [Expansion Quests] Quest with ID=1105 is not a a valid achievement or auto start quest. Skip quest for player with UID=1OEPy6aKlMe0cmo8LieQDvVcsiu6iWAr2PUZdSF5eMI=
11:14:54.257 [Expansion Quests] Quest with ID=5202 is not a a valid achievement or auto start quest. Skip quest for player with UID=1OEPy6aKlMe0cmo8LieQDvVcsiu6iWAr2PUZdSF5eMI=
11:14:54.257 [Expansion Quests] Quest with ID=5203 is not a a valid achievement or auto start quest. Skip quest for player with UID=1OEPy6aKlMe0cmo8LieQDvVcsiu6iWAr2PUZdSF5eMI=
11:14:54.257 [Expansion Quests] Quest with ID=6101 is not a a valid achievement or auto start quest. Skip quest for player with UID=1OEPy6aKlMe0cmo8LieQDvVcsiu6iWAr2PUZdSF5eMI=
11:14:54.257 [Expansion Quests] Quest with ID=2205 is not a a valid achievement or auto start quest. Skip quest for player with UID=1OEPy6aKlMe0cmo8LieQDvVcsiu6iWAr2PUZdSF5eMI=
11:14:54.257 [Expansion Quests] Quest with ID=61401 is not a a valid achievement or auto start quest. Skip quest for player with UID=1OEPy6aKlMe0cmo8LieQDvVcsiu6iWAr2PUZdSF5eMI=
11:14:54.257 [Expansion Quests] Quest with ID=6601 is not a a valid achievement or auto start quest. Skip quest for player with UID=1OEPy6aKlMe0cmo8LieQDvVcsiu6iWAr2PUZdSF5eMI=
11:14:54.257 [Expansion Quests] Quest with ID=6901 is not a a valid achievement or auto start quest. Skip quest for player with UID=1OEPy6aKlMe0cmo8LieQDvVcsiu6iWAr2PUZdSF5eMI=
11:14:54.257 [Expansion Quests] Quest with ID=5101 is not a a valid achievement or auto start quest. Skip quest for player with UID=1OEPy6aKlMe0cmo8LieQDvVcsiu6iWAr2PUZdSF5eMI=
11:14:54.257 [Expansion Quests] Quest with ID=5102 is not a a valid achievement or auto start quest. Skip quest for player with UID=1OEPy6aKlMe0cmo8LieQDvVcsiu6iWAr2PUZdSF5eMI=
11:14:54.257 [Expansion Quests] Quest with ID=5201 is not a a valid achievement or auto start quest. Skip quest for player with UID=1OEPy6aKlMe0cmo8LieQDvVcsiu6iWAr2PUZdSF5eMI=
11:14:54.257 [Expansion Quests] Quest with ID=61301 is not a a valid achievement or auto start quest. Skip quest for player with UID=1OEPy6aKlMe0cmo8LieQDvVcsiu6iWAr2PUZdSF5eMI=
11:14:54.257 [Expansion Quests] Quest with ID=2301 is not a a valid achievement or auto start quest. Skip quest for player with UID=1OEPy6aKlMe0cmo8LieQDvVcsiu6iWAr2PUZdSF5eMI=
11:14:54.261 [Expansion Quests] Sending 1OEPy6aKlMe0cmo8LieQDvVcsiu6iWAr2PUZdSF5eMI= quest configs to client for player with UID=1OEPy6aKlMe0cmo8LieQDvVcsiu6iWAr2PUZdSF5eMI=
11:14:54.261 [Expansion Quests] Sending player quest data for 21 quests to player with UID=1OEPy6aKlMe0cmo8LieQDvVcsiu6iWAr2PUZdSF5eMI=
11:14:54.265 [AI Patrol 00077] Spawning 2 GM_Trader (InvincibleObservers) bots at <3773.248291, 403.956573, 5945.236328>
11:14:54.289 [AI Patrol 00077] Global patrol count: 1
11:14:54.582 [Expansion Quests] Added new objective data for type=TRAVEL | Key=1OEPy6aKlMe0cmo8LieQDvVcsiu6iWAr2PUZdSF5eMI= | ID=1504
11:14:54.582 [Expansion Quests] Added new objective data for type=TRAVEL | Key=1OEPy6aKlMe0cmo8LieQDvVcsiu6iWAr2PUZdSF5eMI= | ID=1505
11:14:54.582 [Expansion Quests] Added new objective data for type=TRAVEL | Key=1OEPy6aKlMe0cmo8LieQDvVcsiu6iWAr2PUZdSF5eMI= | ID=1506
11:14:54.582 [Expansion Quests] Added new objective data for type=AIESCORT | Key=1OEPy6aKlMe0cmo8LieQDvVcsiu6iWAr2PUZdSF5eMI= | ID=601
11:14:54.585 [Expansion Quests] Updated and saved persistent player quest data for player with UID=1OEPy6aKlMe0cmo8LieQDvVcsiu6iWAr2PUZdSF5eMI= | Quest ID=1103
11:14:55.082 [Expansion Quests] - LoadGroupQuestData - Got cached group quest data for group with ID=1
11:15:38.027 [Safezone] Player "{1:name}" (id={1:id} pos={1:position}) left the safezone
11:15:52.058 [MissionAirdrop] An airdrop is heading towards "Skalisty Island" (pos=<13452.000000, 0.000000, 3112.000000> type=Random_Skalisty Island) with a ExpansionAirdropContainer_Basebuilding
11:16:09.289 [AI Object Patrol 00204] Spawning 2 OilStation_Tier2RR (Raiders) bots at <2686.815674, 210.970001, 5586.560547>
11:16:09.355 [AI Object Patrol 00204] Global patrol count: 2
11:17:29.656 [AI Patrol 00127] Spawning 1 Zelenogorsk_Tier2 (Raiders) bots at <2924.323730, 211.135254, 5153.444336>
11:17:29.675 [AI Patrol 00127] Global patrol count: 3
11:21:20.468 [Killfeed] AI Keiko (Zelenogorsk_Tier2) был убит [Knigh] Tonby с Вайга из 5 м расстояние.
11:21:22.605 [AI Patrol 00127] Zelenogorsk_Tier2 (Raiders) bots were wiped out (spawn position <2924.323730, 211.135254, 5153.444336>, 1/1 deceased)
11:21:22.605 [AI Patrol 00127] Global patrol count: 2
11:21:56.445 [AI Patrol 00123] Spawning 1 Zelenogorsk_Tier2 (Raiders) bots at <2360.224121, 188.083679, 5101.253418>
11:21:56.617 [AI Patrol 00123] Global patrol count: 3
11:25:37.417 [AI Patrol 00077] Despawning 2 GM_Trader (InvincibleObservers) bots (spawn position <3773.248291, 403.956573, 5945.236328>, 0/2 deceased)
11:25:37.417 [AI Patrol 00077] Global patrol count: 2
11:38:16.285 [Killfeed] AI Maria (Zelenogorsk_Tier2) умер от потери крови.
11:38:17.417 [AI Patrol 00123] Zelenogorsk_Tier2 (Raiders) bots were wiped out (spawn position <2360.224121, 188.083679, 5101.253418>, 1/1 deceased)
11:38:17.417 [AI Patrol 00123] Global patrol count: 1
11:39:04.292 [AI Object Patrol 00204] Despawning 2 OilStation_Tier2RR (Raiders) bots (spawn position <2686.815674, 210.970001, 5586.560547>, 0/2 deceased)
11:39:04.292 [AI Object Patrol 00204] Global patrol count: 0
11:50:08.054 [AI Object Patrol 00013] Spawning 2 FirelStation_Tier2 (Raiders) bots at <2591.551758, 195.055817, 5092.550781>
11:50:08.082 [AI Object Patrol 00013] Global patrol count: 1
11:50:26.972 [AI Patrol 00124] Spawning 1 Zelenogorsk_Tier3 (Raiders) bots at <2493.888428, 191.801804, 5203.308594>
11:50:26.992 [AI Patrol 00124] Global patrol count: 2
11:50:47.519 [ExplosionDamageSystem] About to explode LandFuelFeed_Ammo from Land_FuelStation_Feed<e1ddfed0> at <2691.8, 212.03, 5602.34> EXPLOSION range 20 dropoff 5
11:50:47.722 [ExplosionDamageSystem] About to explode LandFuelFeed_Ammo from Land_FuelStation_Feed<e1ddf5c0> at <2692, 212.03, 5605.17> EXPLOSION range 20 dropoff 5
11:50:49.484 [ExplosionDamageSystem] About to explode LandFuelFeed_Ammo from Land_FuelStation_Feed<e1de10f0> at <2685.18, 212.04, 5606.11> EXPLOSION range 20 dropoff 5
11:50:50.605 [ExplosionDamageSystem] About to explode LandFuelFeed_Ammo from Land_FuelStation_Feed<e1ddd180> at <2678.25, 212.1, 5604.37> EXPLOSION range 20 dropoff 5
11:50:50.707 [ExplosionDamageSystem] About to explode LandFuelFeed_Ammo from Land_FuelStation_Feed<e1ddb650> at <2678.29, 212.07, 5606.89> EXPLOSION range 20 dropoff 5
11:51:25.203 [Killfeed] AI Lewis (FirelStation_Tier2) был убит [Knigh] Tonby с КА-101 из 10 м расстояние.
11:51:32.332 [Killfeed] AI Linda (FirelStation_Tier2) был убит [Knigh] Tonby с КА-101 из 1 м расстояние.
11:51:33.058 [AI Object Patrol 00013] FirelStation_Tier2 (Raiders) bots were wiped out (spawn position <2591.551758, 195.055817, 5092.550781>, 2/2 deceased)
11:51:33.058 [AI Object Patrol 00013] Global patrol count: 1
12:05:53.089 [VehicleDestroyed] OffroadHatchback (id=6A295E78CD47583A72EE88A97439B672 pos=<4176.41, 338.8, 10725.6>)
