16:27:58.750 [Safezone] Player "Da da Ya" (id=1OEPy6aKlMe0cmo8LieQDvVcsiu6iWAr2PUZdSF5eMI= pos=<11845.551758, 140.605072, 12463.209961>) Entered the safezone
16:27:58.750 [Expansion Quests] Initialize quest system on the connected client with UID=1OEPy6aKlMe0cmo8LieQDvVcsiu6iWAr2PUZdSF5eMI=
16:27:58.789 [Expansion Quests] Loaded existing player quest data for player with UID=1OEPy6aKlMe0cmo8LieQDvVcsiu6iWAr2PUZdSF5eMI=
16:27:58.789 [Expansion Quests] Check quest initialization for quest with ID=801 | State=STARTED | Player UID=1OEPy6aKlMe0cmo8LieQDvVcsiu6iWAr2PUZdSF5eMI=
16:27:58.789 [Expansion Quests] Create new quest instance for quest with ID=801 | Player UID=1OEPy6aKlMe0cmo8LieQDvVcsiu6iWAr2PUZdSF5eMI=
16:27:58.789 [Expansion Quests] Check quest initialization for quest with ID=203 | State=NONE | Player UID=1OEPy6aKlMe0cmo8LieQDvVcsiu6iWAr2PUZdSF5eMI=
16:27:58.792 [Expansion Quests] Check quest initialization for quest with ID=101 | State=NONE | Player UID=1OEPy6aKlMe0cmo8LieQDvVcsiu6iWAr2PUZdSF5eMI=
16:27:58.792 [Expansion Quests] Check quest initialization for quest with ID=102 | State=NONE | Player UID=1OEPy6aKlMe0cmo8LieQDvVcsiu6iWAr2PUZdSF5eMI=
16:27:58.792 [Expansion Quests] Check quest initialization for quest with ID=8 | State=STARTED | Player UID=1OEPy6aKlMe0cmo8LieQDvVcsiu6iWAr2PUZdSF5eMI=
16:27:58.792 [Expansion Quests] Create new quest instance for quest with ID=8 | Player UID=1OEPy6aKlMe0cmo8LieQDvVcsiu6iWAr2PUZdSF5eMI=
16:27:58.792 [Expansion Quests] Check quest initialization for quest with ID=9 | State=STARTED | Player UID=1OEPy6aKlMe0cmo8LieQDvVcsiu6iWAr2PUZdSF5eMI=
16:27:58.792 [Expansion Quests] Create new quest instance for quest with ID=9 | Player UID=1OEPy6aKlMe0cmo8LieQDvVcsiu6iWAr2PUZdSF5eMI=
16:27:58.792 [Expansion Quests] Check quest initialization for quest with ID=202 | State=NONE | Player UID=1OEPy6aKlMe0cmo8LieQDvVcsiu6iWAr2PUZdSF5eMI=
16:27:58.792 [Expansion Quests] Check quest initialization for quest with ID=11 | State=STARTED | Player UID=1OEPy6aKlMe0cmo8LieQDvVcsiu6iWAr2PUZdSF5eMI=
16:27:58.792 [Expansion Quests] Create new quest instance for quest with ID=11 | Player UID=1OEPy6aKlMe0cmo8LieQDvVcsiu6iWAr2PUZdSF5eMI=
16:27:58.792 [Expansion Quests] Check quest initialization for quest with ID=301 | State=NONE | Player UID=1OEPy6aKlMe0cmo8LieQDvVcsiu6iWAr2PUZdSF5eMI=
16:27:58.792 [Expansion Quests] Check quest initialization for quest with ID=14 | State=COMPLETED | Player UID=1OEPy6aKlMe0cmo8LieQDvVcsiu6iWAr2PUZdSF5eMI=
16:27:58.792 [Expansion Quests] Check quest initialization for quest with ID=201 | State=NONE | Player UID=1OEPy6aKlMe0cmo8LieQDvVcsiu6iWAr2PUZdSF5eMI=
16:27:58.792 [Expansion Quests] Check quest initialization for quest with ID=401 | State=NONE | Player UID=1OEPy6aKlMe0cmo8LieQDvVcsiu6iWAr2PUZdSF5eMI=
16:27:58.792 [Expansion Quests] Check quest initialization for quest with ID=402 | State=NONE | Player UID=1OEPy6aKlMe0cmo8LieQDvVcsiu6iWAr2PUZdSF5eMI=
16:27:58.792 [Expansion Quests] Check quest initialization for quest with ID=20 | State=NONE | Player UID=1OEPy6aKlMe0cmo8LieQDvVcsiu6iWAr2PUZdSF5eMI=
16:27:58.792 [Expansion Quests] Check quest initialization for quest with ID=501 | State=NONE | Player UID=1OEPy6aKlMe0cmo8LieQDvVcsiu6iWAr2PUZdSF5eMI=
16:27:58.792 [Expansion Quests] Check quest initialization for quest with ID=22 | State=COMPLETED | Player UID=1OEPy6aKlMe0cmo8LieQDvVcsiu6iWAr2PUZdSF5eMI=
16:27:58.792 [Expansion Quests] Check quest initialization for quest with ID=23 | State=NONE | Player UID=1OEPy6aKlMe0cmo8LieQDvVcsiu6iWAr2PUZdSF5eMI=
16:27:58.792 [Expansion Quests] Check quest initialization for quest with ID=28 | State=NONE | Player UID=1OEPy6aKlMe0cmo8LieQDvVcsiu6iWAr2PUZdSF5eMI=
16:27:58.792 [Expansion Quests] Check quest initialization for quest with ID=701 | State=NONE | Player UID=1OEPy6aKlMe0cmo8LieQDvVcsiu6iWAr2PUZdSF5eMI=
16:27:58.792 [Expansion Quests] Check quest initialization for quest with ID=702 | State=NONE | Player UID=1OEPy6aKlMe0cmo8LieQDvVcsiu6iWAr2PUZdSF5eMI=
16:27:58.792 [Expansion Quests] Check quest initialization for quest with ID=31 | State=NONE | Player UID=1OEPy6aKlMe0cmo8LieQDvVcsiu6iWAr2PUZdSF5eMI=
16:27:58.796 [Expansion Quests] Quest with ID=1 is not a a valid achievement or auto start quest. Skip quest for player with UID=1OEPy6aKlMe0cmo8LieQDvVcsiu6iWAr2PUZdSF5eMI=
16:27:58.796 [Expansion Quests] Quest with ID=2 is not a a valid achievement or auto start quest. Skip quest for player with UID=1OEPy6aKlMe0cmo8LieQDvVcsiu6iWAr2PUZdSF5eMI=
16:27:58.796 [Expansion Quests] Quest with ID=3 is not a a valid achievement or auto start quest. Skip quest for player with UID=1OEPy6aKlMe0cmo8LieQDvVcsiu6iWAr2PUZdSF5eMI=
16:27:58.796 [Expansion Quests] Quest with ID=4 is not a a valid achievement or auto start quest. Skip quest for player with UID=1OEPy6aKlMe0cmo8LieQDvVcsiu6iWAr2PUZdSF5eMI=
16:27:58.796 [Expansion Quests] Quest with ID=5 is not a a valid achievement or auto start quest. Skip quest for player with UID=1OEPy6aKlMe0cmo8LieQDvVcsiu6iWAr2PUZdSF5eMI=
16:27:58.796 [Expansion Quests] Quest with ID=6 is not a a valid achievement or auto start quest. Skip quest for player with UID=1OEPy6aKlMe0cmo8LieQDvVcsiu6iWAr2PUZdSF5eMI=
16:27:58.796 [Expansion Quests] Quest with ID=7 is not a a valid achievement or auto start quest. Skip quest for player with UID=1OEPy6aKlMe0cmo8LieQDvVcsiu6iWAr2PUZdSF5eMI=
16:27:58.796 [Expansion Quests] Quest with ID=201 is not a a valid achievement or auto start quest. Skip quest for player with UID=1OEPy6aKlMe0cmo8LieQDvVcsiu6iWAr2PUZdSF5eMI=
16:27:58.796 [Expansion Quests] Quest with ID=10 is not a a valid achievement or auto start quest. Skip quest for player with UID=1OEPy6aKlMe0cmo8LieQDvVcsiu6iWAr2PUZdSF5eMI=
16:27:58.796 [Expansion Quests] Quest with ID=12 is not a a valid achievement or auto start quest. Skip quest for player with UID=1OEPy6aKlMe0cmo8LieQDvVcsiu6iWAr2PUZdSF5eMI=
16:27:58.796 [Expansion Quests] Quest with ID=13 is not a a valid achievement or auto start quest. Skip quest for player with UID=1OEPy6aKlMe0cmo8LieQDvVcsiu6iWAr2PUZdSF5eMI=
16:27:58.796 [Expansion Quests] Quest with ID=15 is not a a valid achievement or auto start quest. Skip quest for player with UID=1OEPy6aKlMe0cmo8LieQDvVcsiu6iWAr2PUZdSF5eMI=
16:27:58.796 [Expansion Quests] Quest with ID=16 is not a a valid achievement or auto start quest. Skip quest for player with UID=1OEPy6aKlMe0cmo8LieQDvVcsiu6iWAr2PUZdSF5eMI=
16:27:58.796 [Expansion Quests] Quest with ID=17 is not a a valid achievement or auto start quest. Skip quest for player with UID=1OEPy6aKlMe0cmo8LieQDvVcsiu6iWAr2PUZdSF5eMI=
16:27:58.796 [Expansion Quests] Quest with ID=18 is not a a valid achievement or auto start quest. Skip quest for player with UID=1OEPy6aKlMe0cmo8LieQDvVcsiu6iWAr2PUZdSF5eMI=
16:27:58.796 [Expansion Quests] Quest with ID=19 is not a a valid achievement or auto start quest. Skip quest for player with UID=1OEPy6aKlMe0cmo8LieQDvVcsiu6iWAr2PUZdSF5eMI=
16:27:58.796 [Expansion Quests] Quest with ID=20 is not a a valid achievement or auto start quest. Skip quest for player with UID=1OEPy6aKlMe0cmo8LieQDvVcsiu6iWAr2PUZdSF5eMI=
16:27:58.796 [Expansion Quests] Quest with ID=21 is not a a valid achievement or auto start quest. Skip quest for player with UID=1OEPy6aKlMe0cmo8LieQDvVcsiu6iWAr2PUZdSF5eMI=
16:27:58.796 [Expansion Quests] Quest with ID=22 is not a a valid achievement or auto start quest. Skip quest for player with UID=1OEPy6aKlMe0cmo8LieQDvVcsiu6iWAr2PUZdSF5eMI=
16:27:58.796 [Expansion Quests] Quest with ID=23 is not a a valid achievement or auto start quest. Skip quest for player with UID=1OEPy6aKlMe0cmo8LieQDvVcsiu6iWAr2PUZdSF5eMI=
16:27:58.796 [Expansion Quests] Quest with ID=26 is not a a valid achievement or auto start quest. Skip quest for player with UID=1OEPy6aKlMe0cmo8LieQDvVcsiu6iWAr2PUZdSF5eMI=
16:27:58.796 [Expansion Quests] Quest with ID=28 is not a a valid achievement or auto start quest. Skip quest for player with UID=1OEPy6aKlMe0cmo8LieQDvVcsiu6iWAr2PUZdSF5eMI=
16:27:58.796 [Expansion Quests] Quest with ID=29 is not a a valid achievement or auto start quest. Skip quest for player with UID=1OEPy6aKlMe0cmo8LieQDvVcsiu6iWAr2PUZdSF5eMI=
16:27:58.796 [Expansion Quests] Quest with ID=31 is not a a valid achievement or auto start quest. Skip quest for player with UID=1OEPy6aKlMe0cmo8LieQDvVcsiu6iWAr2PUZdSF5eMI=
16:27:58.796 [Expansion Quests] Quest with ID=203 is not a a valid achievement or auto start quest. Skip quest for player with UID=1OEPy6aKlMe0cmo8LieQDvVcsiu6iWAr2PUZdSF5eMI=
16:27:58.796 [Expansion Quests] Quest with ID=101 is not a a valid achievement or auto start quest. Skip quest for player with UID=1OEPy6aKlMe0cmo8LieQDvVcsiu6iWAr2PUZdSF5eMI=
16:27:58.796 [Expansion Quests] Quest with ID=102 is not a a valid achievement or auto start quest. Skip quest for player with UID=1OEPy6aKlMe0cmo8LieQDvVcsiu6iWAr2PUZdSF5eMI=
16:27:58.796 [Expansion Quests] Quest with ID=301 is not a a valid achievement or auto start quest. Skip quest for player with UID=1OEPy6aKlMe0cmo8LieQDvVcsiu6iWAr2PUZdSF5eMI=
16:27:58.796 [Expansion Quests] Quest with ID=202 is not a a valid achievement or auto start quest. Skip quest for player with UID=1OEPy6aKlMe0cmo8LieQDvVcsiu6iWAr2PUZdSF5eMI=
16:27:58.796 [Expansion Quests] Quest with ID=501 is not a a valid achievement or auto start quest. Skip quest for player with UID=1OEPy6aKlMe0cmo8LieQDvVcsiu6iWAr2PUZdSF5eMI=
16:27:58.796 [Expansion Quests] Quest with ID=402 is not a a valid achievement or auto start quest. Skip quest for player with UID=1OEPy6aKlMe0cmo8LieQDvVcsiu6iWAr2PUZdSF5eMI=
16:27:58.796 [Expansion Quests] Quest with ID=401 is not a a valid achievement or auto start quest. Skip quest for player with UID=1OEPy6aKlMe0cmo8LieQDvVcsiu6iWAr2PUZdSF5eMI=
16:27:58.796 [Expansion Quests] Quest with ID=701 is not a a valid achievement or auto start quest. Skip quest for player with UID=1OEPy6aKlMe0cmo8LieQDvVcsiu6iWAr2PUZdSF5eMI=
16:27:58.796 [Expansion Quests] Quest with ID=702 is not a a valid achievement or auto start quest. Skip quest for player with UID=1OEPy6aKlMe0cmo8LieQDvVcsiu6iWAr2PUZdSF5eMI=
16:27:58.804 [Expansion Quests] Sending 1OEPy6aKlMe0cmo8LieQDvVcsiu6iWAr2PUZdSF5eMI= quest configs to client for player with UID=1OEPy6aKlMe0cmo8LieQDvVcsiu6iWAr2PUZdSF5eMI=
16:27:58.804 [Expansion Quests] Sending player quest data for 21 quests to player with UID=1OEPy6aKlMe0cmo8LieQDvVcsiu6iWAr2PUZdSF5eMI=
16:27:58.804 [AI Object Patrol 00037] Spawning 2 PoliceStationScavs_Tier_1 (Raiders) bots at <11088.535156, 226.694031, 12490.091797>
16:27:58.824 [AI Object Patrol 00037] Global patrol count: 1
16:27:58.824 [AI Object Patrol 00035] Spawning 2 Ordinary_Raiders (Raiders) bots at <10984.011719, 226.471298, 12417.870117>
16:27:58.835 [AI Object Patrol 00035] Global patrol count: 2
16:27:58.835 [AI Patrol 00075] Spawning 1 Ordinary_Scavengers_Tier_1(Krasnostav) (Raiders) bots at <11196.905273, 202.742264, 12410.093750>
16:27:58.851 [AI Patrol 00075] Global patrol count: 3
16:27:59.234 [Expansion Quests] Added new objective data for type=TRAVEL | Key=1OEPy6aKlMe0cmo8LieQDvVcsiu6iWAr2PUZdSF5eMI= | ID=701
16:27:59.234 [Expansion Quests] Added new objective data for type=AICAMP | Key=1OEPy6aKlMe0cmo8LieQDvVcsiu6iWAr2PUZdSF5eMI= | ID=601
16:27:59.238 [Expansion Quests] Updated and saved persistent player quest data for player with UID=1OEPy6aKlMe0cmo8LieQDvVcsiu6iWAr2PUZdSF5eMI= | Quest ID=801
16:29:33.648 [Expansion Quests] Updated and saved persistent player quest data for player with UID=1OEPy6aKlMe0cmo8LieQDvVcsiu6iWAr2PUZdSF5eMI= | Quest ID=801
16:29:33.648 [Expansion Quests] Player with UID=1OEPy6aKlMe0cmo8LieQDvVcsiu6iWAr2PUZdSF5eMI= has cancelled quest with ID=801. State=STARTED
16:29:35.625 [Expansion Quests] Added new objective data for type=TRAVEL | Key=1OEPy6aKlMe0cmo8LieQDvVcsiu6iWAr2PUZdSF5eMI= | ID=701
16:29:35.625 [Expansion Quests] Added new objective data for type=AICAMP | Key=1OEPy6aKlMe0cmo8LieQDvVcsiu6iWAr2PUZdSF5eMI= | ID=601
16:29:35.632 [Expansion Quests] Updated and saved persistent player quest data for player with UID=1OEPy6aKlMe0cmo8LieQDvVcsiu6iWAr2PUZdSF5eMI= | Quest ID=801
16:29:35.636 [Expansion Quests] Created new quest instance with instance key=1OEPy6aKlMe0cmo8LieQDvVcsiu6iWAr2PUZdSF5eMI= for quest with ID=801
16:29:36.125 [Expansion Quests] Added new objective data for type=TRAVEL | Key=1OEPy6aKlMe0cmo8LieQDvVcsiu6iWAr2PUZdSF5eMI= | ID=701
16:29:36.125 [Expansion Quests] Added new objective data for type=AICAMP | Key=1OEPy6aKlMe0cmo8LieQDvVcsiu6iWAr2PUZdSF5eMI= | ID=601
16:29:36.128 [Expansion Quests] Updated and saved persistent player quest data for player with UID=1OEPy6aKlMe0cmo8LieQDvVcsiu6iWAr2PUZdSF5eMI= | Quest ID=801
16:29:41.074 [Killfeed] AI Gabi (Ordinary_Raiders) был убит AI Eva (PoliceStationScavs_Tier_1) с CR-527 из 2 м расстояние.
16:30:07.644 [AI Object Patrol 00030] Spawning 2 PoliceStationScavs_Tier_1 (Raiders) bots at <12919.317383, 14.323220, 10180.344727>
16:30:07.683 [AI Object Patrol 00030] Global patrol count: 4
16:30:07.683 [AI Object Patrol 00029] Spawning 1 Ordinary_Raiders (Raiders) bots at <11902.957031, 53.992725, 9159.083984>
16:30:07.695 [AI Object Patrol 00029] Global patrol count: 5
16:30:07.695 [AI Patrol 00069] Spawning 3 Ordinary_Scavengers_Tier_1(Berezhino) (Raiders) bots at <12992.835938, 5.943887, 10008.471680>
16:30:07.714 [AI Patrol 00069] Global patrol count: 6
16:30:07.714 [AI Object Patrol 00098] Spawning 2 PoliceStationScavs_Tier_1 (Raiders) bots at <12061.964844, 61.677837, 9070.797852>
16:30:07.734 [AI Object Patrol 00098] Global patrol count: 7
16:30:07.734 [AI Object Patrol 00099] Spawning 2 FireStationScavs_Tier1 (Raiders) bots at <12815.998047, 6.010201, 9987.330078>
16:30:07.746 [AI Object Patrol 00099] Global patrol count: 8
16:30:07.746 [AI Object Patrol 00100] Spawning 1 Ordinary_Raiders (Raiders) bots at <12246.120117, 92.789108, 10644.416016>
16:30:07.761 [AI Object Patrol 00100] Global patrol count: 9
16:30:18.339 [Safezone] Player "Da da Ya" (id=1OEPy6aKlMe0cmo8LieQDvVcsiu6iWAr2PUZdSF5eMI= pos=<12194.042969, 14.526786, 9842.070313>) Left the safezone
16:30:19.800 [Expansion Quests] Added new objective data for type=TRAVEL | Key=1OEPy6aKlMe0cmo8LieQDvVcsiu6iWAr2PUZdSF5eMI= | ID=701
16:30:19.800 [Expansion Quests] Added new objective data for type=AICAMP | Key=1OEPy6aKlMe0cmo8LieQDvVcsiu6iWAr2PUZdSF5eMI= | ID=601
16:30:19.804 [Expansion Quests] Updated and saved persistent player quest data for player with UID=1OEPy6aKlMe0cmo8LieQDvVcsiu6iWAr2PUZdSF5eMI= | Quest ID=801
16:30:19.957 [AI Patrol 00108] Spawning 1 Raider (Raiders) bots at <12121.000000, 26.921703, 9698.000000>
16:30:19.984 [AI Patrol 00108] Global patrol count: 10
16:30:20.218 [AI Patrol 00106] Spawning 1 Raider (Raiders) bots at <12133.000000, 13.314599, 9705.000000>
16:30:20.242 [AI Patrol 00106] Global patrol count: 11
16:30:20.621 [AI Patrol 00107] Spawning 1 Raider (Raiders) bots at <12124.000000, 23.520014, 9706.000000>
16:30:20.648 [AI Patrol 00107] Global patrol count: 12
16:30:20.785 [AI Patrol 00105] Spawning 1 Raider (Raiders) bots at <12127.000000, 14.800000, 9707.000000>
16:30:20.808 [AI Patrol 00105] Global patrol count: 13
16:30:25.617 [Killfeed] AI Eva (PoliceStationScavs_Tier_1) был убит AI Jose (Ordinary_Scavengers_Tier_1(Krasnostav)) при помощи.
16:30:26.058 [Killfeed] AI Jose (Ordinary_Scavengers_Tier_1(Krasnostav)) был убит AI Frida (PoliceStationScavs_Tier_1) при помощи.
16:30:27.664 [AI Patrol 00075] Ordinary_Scavengers_Tier_1(Krasnostav) (Raiders) bots were wiped out (spawn position <11196.905273, 202.742264, 12410.093750>, 1/1 deceased)
16:30:27.664 [AI Patrol 00075] Global patrol count: 12
16:31:26.328 [Killfeed]  был убит  при помощи.
16:31:30.527 [AI Patrol 00107] Raider (Raiders) bots were wiped out (spawn position <12124.000000, 23.520014, 9706.000000>, 1/1 deceased)
16:31:30.527 [AI Patrol 00107] Global patrol count: 11
16:31:50.742 [Killfeed]  был убит  с M9 из 1 м расстояние.
16:31:54.906 [AI Patrol 00108] Raider (Raiders) bots were wiped out (spawn position <12121.000000, 26.921703, 9698.000000>, 1/1 deceased)
16:31:54.906 [AI Patrol 00108] Global patrol count: 10
16:32:03.089 [Killfeed]  был убит Da da Ya с ПП-91 Кедр из 1 м расстояние.
16:32:03.089 [Expansion Quests] Added new objective data for type=TRAVEL | Key=1OEPy6aKlMe0cmo8LieQDvVcsiu6iWAr2PUZdSF5eMI= | ID=701
16:32:03.089 [Expansion Quests] Added new objective data for type=AICAMP | Key=1OEPy6aKlMe0cmo8LieQDvVcsiu6iWAr2PUZdSF5eMI= | ID=601
16:32:03.093 [Expansion Quests] Updated and saved persistent player quest data for player with UID=1OEPy6aKlMe0cmo8LieQDvVcsiu6iWAr2PUZdSF5eMI= | Quest ID=801
16:32:05.687 [AI Patrol 00105] Raider (Raiders) bots were wiped out (spawn position <12127.000000, 14.800000, 9707.000000>, 1/1 deceased)
16:32:05.687 [AI Patrol 00105] Global patrol count: 9
16:32:18.914 [Killfeed] AI Frida (PoliceStationScavs_Tier_1) был убит AI Cyril (Ordinary_Raiders) при помощи.
16:32:22.625 [AI Object Patrol 00037] PoliceStationScavs_Tier_1 (Raiders) bots were wiped out (spawn position <11088.535156, 226.694031, 12490.091797>, 2/2 deceased)
16:32:22.628 [AI Object Patrol 00037] Global patrol count: 8
16:32:26.683 [MissionAirdrop] An airdrop is heading towards "Sosnovka" (pos=<2700.000000, 0.000000, 6193.000000> type=Random_Sosnovka) with a ExpansionAirdropContainer_Basebuilding
16:33:01.078 [Killfeed]  умер от потери крови.
16:33:05.121 [AI Patrol 00106] Raider (Raiders) bots were wiped out (spawn position <12133.000000, 13.314599, 9705.000000>, 1/1 deceased)
16:33:05.121 [AI Patrol 00106] Global patrol count: 7
16:33:40.152 [Killfeed] AI Manua (FireStationScavs_Tier1) был убит AI Irena (PoliceStationScavs_Tier_1) с Blaze из 2 м расстояние.
16:34:38.906 [Safezone] Player "Da da Ya" (id=1OEPy6aKlMe0cmo8LieQDvVcsiu6iWAr2PUZdSF5eMI= pos=<12100.172852, 139.722656, 12572.298828>) Entered the safezone
16:34:39.890 [AI Patrol 00108] Despawning 0 Raider (Raiders) bots (spawn position <12121.000000, 26.921703, 9698.000000>, 1/1 deceased)
16:34:40.125 [AI Patrol 00106] Despawning 0 Raider (Raiders) bots (spawn position <12133.000000, 13.314599, 9705.000000>, 1/1 deceased)
16:34:40.531 [AI Patrol 00107] Despawning 0 Raider (Raiders) bots (spawn position <12124.000000, 23.520014, 9706.000000>, 1/1 deceased)
16:34:40.687 [AI Patrol 00105] Despawning 0 Raider (Raiders) bots (spawn position <12127.000000, 14.800000, 9707.000000>, 1/1 deceased)
