11:19:11.675 [Expansion Quests] Added objects set for quest ID=5401 from file=q5301
11:19:11.675 [Expansion Quests] Added objects set for quest ID=2202 from file=q2202
11:19:11.675 [Expansion Quests] Added objects set for quest ID=2203 from file=q2203
11:19:11.675 [Expansion Quests] Added objects set for quest ID=2204 from file=q2204
11:19:11.675 [Expansion Quests] Added objects set for quest ID=2101 from file=q2101
11:19:11.675 [Expansion Quests] Added objects set for quest ID=61601 from file=q61601
11:19:11.675 [Expansion Quests] Added objects set for quest ID=2102 from file=q2102
11:19:11.675 [Expansion Quests] Added objects set for quest ID=2103 from file=q2103
11:19:11.679 [Expansion Quests] Added objects set for quest ID=2104 from file=q2104
11:19:11.679 [Expansion Quests] Added objects set for quest ID=2105 from file=q2105
11:19:11.679 [Expansion Quests] Added objects set for quest ID=6501 from file=q6501
11:19:11.679 [Expansion Quests] Added objects set for quest ID=5301 from file=q5301
11:19:11.679 [Expansion Quests] Added objects set for quest ID=5302 from file=q5302
11:19:11.679 [Expansion Quests] Added objects set for quest ID=5303 from file=q5303
11:19:11.679 [Expansion Quests] Added objects set for quest ID=5304 from file=q5304
11:19:11.679 [Expansion Quests] Added objects set for quest ID=61501 from file=q61501
11:19:11.679 [Expansion Quests] Added objects set for quest ID=61502 from file=q61502
11:19:11.679 [Expansion Quests] Added objects set for quest ID=61001 from file=q61001
11:19:11.679 [Expansion Quests] Added objects set for quest ID=2201 from file=q2201
11:19:11.679 [Expansion Quests] Added objects set for quest ID=1101 from file=q1101
11:19:11.679 [Expansion Quests] Added objects set for quest ID=1102 from file=q1102
11:19:11.679 [Expansion Quests] Added objects set for quest ID=1103 from file=q1102
11:19:11.679 [Expansion Quests] Added objects set for quest ID=1104 from file=q1104
11:19:11.679 [Expansion Quests] Added objects set for quest ID=1105 from file=q1105
11:19:11.679 [Expansion Quests] Added objects set for quest ID=5202 from file=q5202
11:19:11.679 [Expansion Quests] Added objects set for quest ID=5203 from file=q5203
11:19:11.679 [Expansion Quests] Added objects set for quest ID=2205 from file=q2205
11:19:11.679 [Expansion Quests] Added objects set for quest ID=6601 from file=q6601
11:19:11.679 [Expansion Quests] Added objects set for quest ID=5101 from file=q5101
11:19:11.679 [Expansion Quests] Added objects set for quest ID=5102 from file=q5102
11:19:11.679 [Expansion Quests] Added objects set for quest ID=5201 from file=q5201
11:20:14.812 [Expansion Quests] Initialize quest system on the connected client with UID=1OEPy6aKlMe0cmo8LieQDvVcsiu6iWAr2PUZdSF5eMI=
11:20:14.839 [Expansion Quests] Loaded existing player quest data for player with UID=1OEPy6aKlMe0cmo8LieQDvVcsiu6iWAr2PUZdSF5eMI=
11:20:14.839 [Expansion Quests] Check quest initialization for quest with ID=101 | State=STARTED | Player UID=1OEPy6aKlMe0cmo8LieQDvVcsiu6iWAr2PUZdSF5eMI=
11:20:14.839 [Expansion Quests] Create new quest instance for quest with ID=101 | Player UID=1OEPy6aKlMe0cmo8LieQDvVcsiu6iWAr2PUZdSF5eMI=
11:20:14.839 [Expansion Quests] Quest with ID=6401 is not a a valid achievement or auto start quest. Skip quest for player with UID=1OEPy6aKlMe0cmo8LieQDvVcsiu6iWAr2PUZdSF5eMI=
11:20:14.839 [Expansion Quests] Quest with ID=6701 is not a a valid achievement or auto start quest. Skip quest for player with UID=1OEPy6aKlMe0cmo8LieQDvVcsiu6iWAr2PUZdSF5eMI=
11:20:14.839 [Expansion Quests] Quest with ID=61201 is not a a valid achievement or auto start quest. Skip quest for player with UID=1OEPy6aKlMe0cmo8LieQDvVcsiu6iWAr2PUZdSF5eMI=
11:20:14.839 [Expansion Quests] Quest with ID=5401 is not a a valid achievement or auto start quest. Skip quest for player with UID=1OEPy6aKlMe0cmo8LieQDvVcsiu6iWAr2PUZdSF5eMI=
11:20:14.839 [Expansion Quests] Quest with ID=2202 is not a a valid achievement or auto start quest. Skip quest for player with UID=1OEPy6aKlMe0cmo8LieQDvVcsiu6iWAr2PUZdSF5eMI=
11:20:14.839 [Expansion Quests] Quest with ID=2203 is not a a valid achievement or auto start quest. Skip quest for player with UID=1OEPy6aKlMe0cmo8LieQDvVcsiu6iWAr2PUZdSF5eMI=
11:20:14.839 [Expansion Quests] Quest with ID=2204 is not a a valid achievement or auto start quest. Skip quest for player with UID=1OEPy6aKlMe0cmo8LieQDvVcsiu6iWAr2PUZdSF5eMI=
11:20:14.843 [Expansion Quests] Quest with ID=6301 is not a a valid achievement or auto start quest. Skip quest for player with UID=1OEPy6aKlMe0cmo8LieQDvVcsiu6iWAr2PUZdSF5eMI=
11:20:14.843 [Expansion Quests] Quest with ID=2101 is not a a valid achievement or auto start quest. Skip quest for player with UID=1OEPy6aKlMe0cmo8LieQDvVcsiu6iWAr2PUZdSF5eMI=
11:20:14.843 [Expansion Quests] Quest with ID=61601 is not a a valid achievement or auto start quest. Skip quest for player with UID=1OEPy6aKlMe0cmo8LieQDvVcsiu6iWAr2PUZdSF5eMI=
11:20:14.843 [Expansion Quests] Quest with ID=2102 is not a a valid achievement or auto start quest. Skip quest for player with UID=1OEPy6aKlMe0cmo8LieQDvVcsiu6iWAr2PUZdSF5eMI=
11:20:14.843 [Expansion Quests] Quest with ID=2103 is not a a valid achievement or auto start quest. Skip quest for player with UID=1OEPy6aKlMe0cmo8LieQDvVcsiu6iWAr2PUZdSF5eMI=
11:20:14.843 [Expansion Quests] Quest with ID=2104 is not a a valid achievement or auto start quest. Skip quest for player with UID=1OEPy6aKlMe0cmo8LieQDvVcsiu6iWAr2PUZdSF5eMI=
11:20:14.843 [Expansion Quests] Quest with ID=2105 is not a a valid achievement or auto start quest. Skip quest for player with UID=1OEPy6aKlMe0cmo8LieQDvVcsiu6iWAr2PUZdSF5eMI=
11:20:14.843 [Expansion Quests] Quest with ID=61101 is not a a valid achievement or auto start quest. Skip quest for player with UID=1OEPy6aKlMe0cmo8LieQDvVcsiu6iWAr2PUZdSF5eMI=
11:20:14.843 [Expansion Quests] Quest with ID=6501 is not a a valid achievement or auto start quest. Skip quest for player with UID=1OEPy6aKlMe0cmo8LieQDvVcsiu6iWAr2PUZdSF5eMI=
11:20:14.843 [Expansion Quests] Quest with ID=62001 is not a a valid achievement or auto start quest. Skip quest for player with UID=1OEPy6aKlMe0cmo8LieQDvVcsiu6iWAr2PUZdSF5eMI=
11:20:14.843 [Expansion Quests] Quest with ID=6801 is not a a valid achievement or auto start quest. Skip quest for player with UID=1OEPy6aKlMe0cmo8LieQDvVcsiu6iWAr2PUZdSF5eMI=
11:20:14.843 [Expansion Quests] Quest with ID=5301 is not a a valid achievement or auto start quest. Skip quest for player with UID=1OEPy6aKlMe0cmo8LieQDvVcsiu6iWAr2PUZdSF5eMI=
11:20:14.843 [Expansion Quests] Quest with ID=5302 is not a a valid achievement or auto start quest. Skip quest for player with UID=1OEPy6aKlMe0cmo8LieQDvVcsiu6iWAr2PUZdSF5eMI=
11:20:14.843 [Expansion Quests] Quest with ID=5303 is not a a valid achievement or auto start quest. Skip quest for player with UID=1OEPy6aKlMe0cmo8LieQDvVcsiu6iWAr2PUZdSF5eMI=
11:20:14.843 [Expansion Quests] Quest with ID=5304 is not a a valid achievement or auto start quest. Skip quest for player with UID=1OEPy6aKlMe0cmo8LieQDvVcsiu6iWAr2PUZdSF5eMI=
11:20:14.843 [Expansion Quests] Quest with ID=6201 is not a a valid achievement or auto start quest. Skip quest for player with UID=1OEPy6aKlMe0cmo8LieQDvVcsiu6iWAr2PUZdSF5eMI=
11:20:14.843 [Expansion Quests] Quest with ID=61501 is not a a valid achievement or auto start quest. Skip quest for player with UID=1OEPy6aKlMe0cmo8LieQDvVcsiu6iWAr2PUZdSF5eMI=
11:20:14.843 [Expansion Quests] Quest with ID=61502 is not a a valid achievement or auto start quest. Skip quest for player with UID=1OEPy6aKlMe0cmo8LieQDvVcsiu6iWAr2PUZdSF5eMI=
11:20:14.843 [Expansion Quests] Quest with ID=61001 is not a a valid achievement or auto start quest. Skip quest for player with UID=1OEPy6aKlMe0cmo8LieQDvVcsiu6iWAr2PUZdSF5eMI=
11:20:14.843 [Expansion Quests] Quest with ID=2201 is not a a valid achievement or auto start quest. Skip quest for player with UID=1OEPy6aKlMe0cmo8LieQDvVcsiu6iWAr2PUZdSF5eMI=
11:20:14.843 [Expansion Quests] Quest with ID=1101 is not a a valid achievement or auto start quest. Skip quest for player with UID=1OEPy6aKlMe0cmo8LieQDvVcsiu6iWAr2PUZdSF5eMI=
11:20:14.843 [Expansion Quests] Quest with ID=1102 is not a a valid achievement or auto start quest. Skip quest for player with UID=1OEPy6aKlMe0cmo8LieQDvVcsiu6iWAr2PUZdSF5eMI=
11:20:14.843 [Expansion Quests] Quest with ID=1103 is not a a valid achievement or auto start quest. Skip quest for player with UID=1OEPy6aKlMe0cmo8LieQDvVcsiu6iWAr2PUZdSF5eMI=
11:20:14.843 [Expansion Quests] Quest with ID=1104 is not a a valid achievement or auto start quest. Skip quest for player with UID=1OEPy6aKlMe0cmo8LieQDvVcsiu6iWAr2PUZdSF5eMI=
11:20:14.843 [Expansion Quests] Quest with ID=1105 is not a a valid achievement or auto start quest. Skip quest for player with UID=1OEPy6aKlMe0cmo8LieQDvVcsiu6iWAr2PUZdSF5eMI=
11:20:14.843 [Expansion Quests] Quest with ID=5202 is not a a valid achievement or auto start quest. Skip quest for player with UID=1OEPy6aKlMe0cmo8LieQDvVcsiu6iWAr2PUZdSF5eMI=
11:20:14.847 [Expansion Quests] Quest with ID=5203 is not a a valid achievement or auto start quest. Skip quest for player with UID=1OEPy6aKlMe0cmo8LieQDvVcsiu6iWAr2PUZdSF5eMI=
11:20:14.847 [Expansion Quests] Quest with ID=6101 is not a a valid achievement or auto start quest. Skip quest for player with UID=1OEPy6aKlMe0cmo8LieQDvVcsiu6iWAr2PUZdSF5eMI=
11:20:14.847 [Expansion Quests] Quest with ID=2205 is not a a valid achievement or auto start quest. Skip quest for player with UID=1OEPy6aKlMe0cmo8LieQDvVcsiu6iWAr2PUZdSF5eMI=
11:20:14.847 [Expansion Quests] Quest with ID=61401 is not a a valid achievement or auto start quest. Skip quest for player with UID=1OEPy6aKlMe0cmo8LieQDvVcsiu6iWAr2PUZdSF5eMI=
11:20:14.847 [Expansion Quests] Quest with ID=6601 is not a a valid achievement or auto start quest. Skip quest for player with UID=1OEPy6aKlMe0cmo8LieQDvVcsiu6iWAr2PUZdSF5eMI=
11:20:14.847 [Expansion Quests] Quest with ID=6901 is not a a valid achievement or auto start quest. Skip quest for player with UID=1OEPy6aKlMe0cmo8LieQDvVcsiu6iWAr2PUZdSF5eMI=
11:20:14.847 [Expansion Quests] Quest with ID=5101 is not a a valid achievement or auto start quest. Skip quest for player with UID=1OEPy6aKlMe0cmo8LieQDvVcsiu6iWAr2PUZdSF5eMI=
11:20:14.847 [Expansion Quests] Quest with ID=5102 is not a a valid achievement or auto start quest. Skip quest for player with UID=1OEPy6aKlMe0cmo8LieQDvVcsiu6iWAr2PUZdSF5eMI=
11:20:14.847 [Expansion Quests] Quest with ID=5201 is not a a valid achievement or auto start quest. Skip quest for player with UID=1OEPy6aKlMe0cmo8LieQDvVcsiu6iWAr2PUZdSF5eMI=
11:20:14.847 [Expansion Quests] Quest with ID=61301 is not a a valid achievement or auto start quest. Skip quest for player with UID=1OEPy6aKlMe0cmo8LieQDvVcsiu6iWAr2PUZdSF5eMI=
11:20:14.847 [Expansion Quests] Quest with ID=2301 is not a a valid achievement or auto start quest. Skip quest for player with UID=1OEPy6aKlMe0cmo8LieQDvVcsiu6iWAr2PUZdSF5eMI=
11:20:14.847 [Expansion Quests] Sending 1OEPy6aKlMe0cmo8LieQDvVcsiu6iWAr2PUZdSF5eMI= quest configs to client for player with UID=1OEPy6aKlMe0cmo8LieQDvVcsiu6iWAr2PUZdSF5eMI=
11:20:14.847 [Expansion Quests] Sending player quest data for 1 quests to player with UID=1OEPy6aKlMe0cmo8LieQDvVcsiu6iWAr2PUZdSF5eMI=
11:20:15.296 [Expansion Quests] Added new objective data for type=TRAVEL | Key=1OEPy6aKlMe0cmo8LieQDvVcsiu6iWAr2PUZdSF5eMI= | ID=101
11:20:15.296 [Expansion Quests] Updated and saved persistent player quest data for player with UID=1OEPy6aKlMe0cmo8LieQDvVcsiu6iWAr2PUZdSF5eMI= | Quest ID=101
11:20:32.152 [AI Object Patrol 00022] Spawning 1 WaterPump_Tier0 (Raiders) bots at <13375.819336, 6.111486, 6270.126465>
11:20:32.171 [AI Object Patrol 00022] Global patrol count: 1
11:20:59.011 [AI Patrol 00095] Spawning 2 Berezino_Tier1 (Raiders) bots at <12271.341797, 16.802731, 9543.513672>
11:20:59.035 [AI Patrol 00095] Global patrol count: 2
11:21:02.105 [AI Patrol 00094] Spawning 2 Berezhino_Tier1 (Raiders) bots at <13028.166992, 5.970000, 9958.941406>
11:21:02.125 [AI Patrol 00094] Global patrol count: 3
11:21:03.960 [AI Object Patrol 00032] Spawning 3 OilStation_Tier2RR (Raiders) bots at <12964.199219, 6.000000, 10075.849609>
11:21:03.988 [AI Object Patrol 00032] Global patrol count: 4
11:21:10.468 [AI Patrol 00093] Spawning 1 Berezino_Tier1 (Raiders) bots at <13173.609375, 6.370554, 10408.240234>
11:21:10.492 [AI Patrol 00093] Global patrol count: 5
11:21:41.089 [AI Object Patrol 00022] Despawning 1 WaterPump_Tier0 (Raiders) bots (spawn position <13375.819336, 6.111486, 6270.126465>, 0/1 deceased)
11:21:41.089 [AI Object Patrol 00022] Global patrol count: 4
11:22:06.226 [AI Patrol 00095] Despawning 2 Berezino_Tier1 (Raiders) bots (spawn position <12271.341797, 16.802731, 9543.513672>, 0/2 deceased)
11:22:06.226 [AI Patrol 00095] Global patrol count: 3
11:23:21.613 [Killfeed] AI Kaito (Berezhino_Tier1) был убит AI Linda (Berezino_Tier1) с DT11 из 11 м расстояние.
11:24:55.792 [MissionAirdrop] An airdrop is heading towards "Myshkinko" (pos=<2036.000000, 0.000000, 7491.000000> type=Random_Myshkinko) with a ExpansionAirdropContainer_Basebuilding
11:25:39.062 [Killfeed] AI Manua (Berezhino_Tier1) был убит AI Eva (OilStation_Tier2RR) с CR-75 из 13 м расстояние.
11:25:41.757 [AI Patrol 00094] Berezhino_Tier1 (Raiders) bots were wiped out (spawn position <13028.166992, 5.970000, 9958.941406>, 2/2 deceased)
11:25:41.757 [AI Patrol 00094] Global patrol count: 2
11:29:00.351 [Killfeed] AI Eva (OilStation_Tier2RR) умер от потери крови.
