[COT 2025-01-22 07:15:02] 76561199072190350: Activated Community Online Tools [guid=1OEPy6aKlMe0cmo8LieQDvVcsiu6iWAr2PUZdSF5eMI=]
[COT 2025-01-22 07:15:04] 76561199072190350: Set GodMode To true [guid=1OEPy6aKlMe0cmo8LieQDvVcsiu6iWAr2PUZdSF5eMI=]
[COT 2025-01-22 07:15:07] 76561199072190350: Overcast 0, 0, 240
[COT 2025-01-22 07:15:07] 76561199072190350: Rain 0, 0, 240
[COT 2025-01-22 07:15:07] 76561199072190350: Snow 0, 0, 240
[COT 2025-01-22 07:15:07] 76561199072190350: Fog 0, 0, 240
[COT 2025-01-22 07:15:07] 76561199072190350: DynamicFog 0, 0, 0
[COT 2025-01-22 07:15:07] 76561199072190350: WindMagnitude 0, 0, 240
[COT 2025-01-22 07:15:07] 76561199072190350: WindDirection 0, 0, 240
[COT 2025-01-22 07:15:07] 76561199072190350: WindFunction 0, 1, 30
[COT 2025-01-22 07:15:08] 76561199072190350: Storm 1, 0.7, 25
[COT 2025-01-22 07:15:08] 76561199072190350: Overcast 0.538988, 0, 240
[COT 2025-01-22 07:15:08] 76561199072190350: Rain 0, 0, 240
[COT 2025-01-22 07:15:08] 76561199072190350: Snow 0, 0, 240
[COT 2025-01-22 07:15:08] 76561199072190350: Fog 0, 0, 240
[COT 2025-01-22 07:15:08] 76561199072190350: DynamicFog 0, 0, 0
[COT 2025-01-22 07:15:08] 76561199072190350: WindMagnitude 4.66628, 0, 240
[COT 2025-01-22 07:15:08] 76561199072190350: WindDirection 3.07567, 0, 240
[COT 2025-01-22 07:15:08] 76561199072190350: WindFunction 0.712864, 0.780076, 22.6151
[COT 2025-01-22 07:15:09] 76561199072190350: Date 2017/9/20 0:0
[COT 2025-01-22 07:15:09] 76561199072190350: Overcast 0, 0, 240
[COT 2025-01-22 07:15:09] 76561199072190350: Rain 0, 0, 240
[COT 2025-01-22 07:15:09] 76561199072190350: Snow 0, 0, 240
[COT 2025-01-22 07:15:09] 76561199072190350: Fog 0, 0, 240
[COT 2025-01-22 07:15:09] 76561199072190350: DynamicFog 0, 0, 0
[COT 2025-01-22 07:15:09] 76561199072190350: WindMagnitude 0, 0, 240
[COT 2025-01-22 07:15:09] 76561199072190350: WindDirection 0, 0, 240
[COT 2025-01-22 07:15:09] 76561199072190350: WindFunction 0, 1, 30
[COT 2025-01-22 07:15:10] 76561199072190350: Date 2017/9/20 0:0
[COT 2025-01-22 07:15:10] 76561199072190350: Date 2017/9/20 6:0
[COT 2025-01-22 07:15:11] 76561199072190350: Overcast 0, 0, 240
[COT 2025-01-22 07:15:11] 76561199072190350: Rain 0, 0, 240
[COT 2025-01-22 07:15:11] 76561199072190350: Snow 0, 0, 240
[COT 2025-01-22 07:15:11] 76561199072190350: Fog 0, 0, 240
[COT 2025-01-22 07:15:11] 76561199072190350: DynamicFog 0, 0, 0
[COT 2025-01-22 07:15:11] 76561199072190350: WindMagnitude 0, 0, 240
[COT 2025-01-22 07:15:11] 76561199072190350: WindDirection 0, 0, 240
[COT 2025-01-22 07:15:11] 76561199072190350: WindFunction 0, 1, 30
[COT 2025-01-22 07:15:24] 76561199072190350: Set UnlimitedAmmo To true [guid=1OEPy6aKlMe0cmo8LieQDvVcsiu6iWAr2PUZdSF5eMI=]
[COT 2025-01-22 07:15:39] 76561199072190350: Teleported 76561199072190350 to position <2698.824219, 200.228394, 5240.049316>
[COT 2025-01-22 07:15:55] 76561199072190350: ESP: Viewing ESP
[COT 2025-01-22 07:16:48] 76561199072190350: Set GodMode To false [guid=1OEPy6aKlMe0cmo8LieQDvVcsiu6iWAr2PUZdSF5eMI=]
[COT 2025-01-22 07:17:26] 76561199072190350: Set GodMode To true [guid=1OEPy6aKlMe0cmo8LieQDvVcsiu6iWAr2PUZdSF5eMI=]
[COT 2025-01-22 07:18:24] 76561199072190350: Spawned Entity Отмычка (Lockpick<e8f1fd50>, 500, 125, 15, 0) at <2515.141113, 193.719589, 5094.910156>
[COT 2025-01-22 07:19:52] 76561199072190350: Healed [guid=1OEPy6aKlMe0cmo8LieQDvVcsiu6iWAr2PUZdSF5eMI=]
[COT 2025-01-22 07:20:29] 76561199072190350: Spawned Entity Вайга (Saiga<e5f2ca00>, 100, 250, 15, 0) at <2537.921631, 197.489349, 5084.308105>
[COT 2025-01-22 07:35:22] 76561199072190350: Date 2017/9/19 0:0
[COT 2025-01-22 07:35:55] 76561199072190350: Spawned Entity КА-101 (AK101<e5f1f900>, 100, 300, 15, 0) at <2705.619873, 216.040085, 5419.934082>
