[COT 2024-12-11 12:46:10] 76561199072190350: Activated Community Online Tools [guid=1OEPy6aKlMe0cmo8LieQDvVcsiu6iWAr2PUZdSF5eMI=]
[COT 2024-12-11 12:46:11] 76561199072190350: Set GodMode To true [guid=1OEPy6aKlMe0cmo8LieQDvVcsiu6iWAr2PUZdSF5eMI=]
[COT 2024-12-11 12:48:01] 76561199072190350: Spawned Entity КА-101 (AK101<8286ecf0>, 100, 300, 15, 0) at <4715.540039, 320.039337, 5731.374512>
[COT 2024-12-11 12:48:15] 76561199072190350: Spawned Entity testing AKM (AKM_Base<8286ecf0>, 100, 300, 15, 0) at <4715.978027, 320.221466, 5729.888184>
[COT 2024-12-11 12:48:33] 76561199072190350: Spawned Entity Обычный глушитель (AK_Suppressor<a1f08e30>, 100, 4, 15, 0) at <4715.937988, 320.161652, 5730.458496>
[COT 2024-12-11 12:48:46] 76561199072190350: Spawned Entity Makarov PB6P9 Suppressor (MakarovPBSuppressor<a1f0c800>, 100, 5, 15, 0) at <4715.992676, 320.161713, 5730.481445>
[COT 2024-12-11 12:48:56] 76561199072190350: Spawned Entity Обычный глушитель (AK_Suppressor<a1f1af40>, 5, 4, 15, 0) at <4715.971680, 320.140839, 5730.658691>
[COT 2024-12-11 12:58:33] 76561199072190350: Storm 1, 0.7, 25
[COT 2024-12-11 12:58:33] 76561199072190350: Overcast 0.519751, 0, 240
[COT 2024-12-11 12:58:33] 76561199072190350: Rain 0, 0, 240
[COT 2024-12-11 12:58:33] 76561199072190350: Snow 0, 0, 240
[COT 2024-12-11 12:58:33] 76561199072190350: Fog 0, 0, 240
[COT 2024-12-11 12:58:33] 76561199072190350: DynamicFog 0, 0, 0
[COT 2024-12-11 12:58:33] 76561199072190350: WindMagnitude 19.2407, 0, 240
[COT 2024-12-11 12:58:33] 76561199072190350: WindDirection 3.21543, 0, 240
[COT 2024-12-11 12:58:33] 76561199072190350: WindFunction 0.247322, 0.87628, 22.5373
[COT 2024-12-11 12:58:34] 76561199072190350: Date 2024/9/19 6:0
[COT 2024-12-11 12:58:34] 76561199072190350: Overcast 0, 0, 240
[COT 2024-12-11 12:58:34] 76561199072190350: Rain 0, 0, 240
[COT 2024-12-11 12:58:34] 76561199072190350: Snow 0, 0, 240
[COT 2024-12-11 12:58:34] 76561199072190350: Fog 0, 0, 240
[COT 2024-12-11 12:58:34] 76561199072190350: DynamicFog 0, 0, 0
[COT 2024-12-11 12:58:34] 76561199072190350: WindMagnitude 0, 0, 240
[COT 2024-12-11 12:58:34] 76561199072190350: WindDirection 0, 0, 240
[COT 2024-12-11 12:58:34] 76561199072190350: WindFunction 0, 1, 30
[COT 2024-12-11 12:58:44] 76561199072190350: Spawned Entity Pioneer (Scout_Base<a88a6010>, 100, 250, 15, 0) at <4742.668945, 336.301575, 5583.430176>
