[COT 2024-10-28 19:04:51] 76561199072190350: Activated Community Online Tools [guid=1OEPy6aKlMe0cmo8LieQDvVcsiu6iWAr2PUZdSF5eMI=]
[COT 2024-10-28 19:04:52] 76561199072190350: Set GodMode To true [guid=1OEPy6aKlMe0cmo8LieQDvVcsiu6iWAr2PUZdSF5eMI=]
[COT 2024-10-28 19:05:09] 76561199072190350: Teleported 76561199072190350 to position <11875.721680, 140.000000, 12458.588867>
[COT 2024-10-28 19:05:34] 76561199072190350: Date 2024/9/20 6:0
[COT 2024-10-28 19:05:35] 76561199072190350: Date 2024/9/21 12:0
[COT 2024-10-28 19:05:36] 76561199072190350: Overcast 0, 0, 240
[COT 2024-10-28 19:05:36] 76561199072190350: Rain 0, 0, 240
[COT 2024-10-28 19:05:36] 76561199072190350: Snow 0, 0, 240
[COT 2024-10-28 19:05:36] 76561199072190350: Fog 0, 0, 240
[COT 2024-10-28 19:05:36] 76561199072190350: DynamicFog 0, 0, 0
[COT 2024-10-28 19:05:36] 76561199072190350: WindMagnitude 0, 0, 240
[COT 2024-10-28 19:05:36] 76561199072190350: WindDirection 0, 0, 240
[COT 2024-10-28 19:05:36] 76561199072190350: WindFunction 0, 1, 30
[COT 2024-10-28 19:05:47] 76561199072190350: Teleported 76561199072190350 to position <12860.311523, 6.000000, 9711.909180>
[COT 2024-10-28 19:08:02] 76561199072190350: Teleported 76561199072190350 to position <13060.362305, 6.152607, 8338.917969>
[COT 2024-10-28 19:09:06] 76561199072190350: Teleported 76561199072190350 to position <11880.762695, 140.000000, 12459.708984>
[COT 2024-10-28 19:11:00] 76561199072190350: Spawned Entity Ada 4x4 (OffroadHatchback<972cad00>, 100, 1000, 15, 0) at <11883.267578, 139.999985, 12478.554688>
[COT 2024-10-28 19:11:22] 76561199072190350: Spawned Entity Водник (ExpansionVodnik<972cd910>, 100, 10000, 15, 0) at <11887.291992, 139.999924, 12479.287109>
[COT 2024-10-28 19:11:26] 76561199072190350: Spawned Entity LHD-9 USS Khe Sanh (ExpansionLHD<972ba4a0>, 100, 1e+06, 15, 0) at <11897.480469, 140.000015, 12484.367188>
[COT 2024-10-28 19:11:50] 76561199072190350: Spawned Entity Водник (ExpansionVodnik<fb5e69a0>, 100, 10000, 15, 0) at <12224.892578, 142.372238, 12910.982422>
[COT 2024-10-28 19:11:58] 76561199072190350: Deactivated Community Online Tools [guid=1OEPy6aKlMe0cmo8LieQDvVcsiu6iWAr2PUZdSF5eMI=]
[COT 2024-10-28 19:11:59] 76561199072190350: Activated Community Online Tools [guid=1OEPy6aKlMe0cmo8LieQDvVcsiu6iWAr2PUZdSF5eMI=]
[COT 2024-10-28 19:12:00] 76561199072190350: Set GodMode To false [guid=1OEPy6aKlMe0cmo8LieQDvVcsiu6iWAr2PUZdSF5eMI=]
[COT 2024-10-28 19:12:00] 76561199072190350: Set GodMode To true [guid=1OEPy6aKlMe0cmo8LieQDvVcsiu6iWAr2PUZdSF5eMI=]
[COT 2024-10-28 19:14:08] 76561199072190350: Spawned Entity УАЗ 469 Без крыши (ExpansionUAZRoofless<ba7074e0>, 100, 1000, 15, 0) at <12290.288086, 89.768730, 13846.430664>
[COT 2024-10-28 19:14:16] 76561199072190350: Spawned Entity УАЗ 469 Грузовой (ExpansionUAZ<ba6f9890>, 100, 1000, 15, 0) at <12285.371094, 90.457970, 13844.773438>
[COT 2024-10-28 19:16:06] 76561199072190350: Teleported 76561199072190350 to position <11891.173828, 140.000000, 12464.757813>
