[COT 2024-10-26 12:38:27] 76561199072190350: Activated Community Online Tools [guid=1OEPy6aKlMe0cmo8LieQDvVcsiu6iWAr2PUZdSF5eMI=]
[COT 2024-10-26 12:38:28] 76561199072190350: Set GodMode To true [guid=1OEPy6aKlMe0cmo8LieQDvVcsiu6iWAr2PUZdSF5eMI=]
[COT 2024-10-26 12:38:32] 76561199072190350: Teleported 1OEPy6aKlMe0cmo8LieQDvVcsiu6iWAr2PUZdSF5eMI= to (Airfield Krasno, <12099.132813, 139.907623, 12575.767578>)
[COT 2024-10-26 12:39:18] 76561199072190350: Set GodMode To false [guid=1OEPy6aKlMe0cmo8LieQDvVcsiu6iWAr2PUZdSF5eMI=]
[COT 2024-10-26 12:39:18] 76561199072190350: Set GodMode To true [guid=1OEPy6aKlMe0cmo8LieQDvVcsiu6iWAr2PUZdSF5eMI=]
[COT 2024-10-26 12:39:23] 76561199072190350: Set UnlimitedAmmo To true [guid=1OEPy6aKlMe0cmo8LieQDvVcsiu6iWAr2PUZdSF5eMI=]
[COT 2024-10-26 12:39:29] 76561199072190350: Teleported 1OEPy6aKlMe0cmo8LieQDvVcsiu6iWAr2PUZdSF5eMI= to (Berezhki, <15018.263672, 36.508205, 13904.282227>)
[COT 2024-10-26 12:39:31] 76561199072190350: Teleported 1OEPy6aKlMe0cmo8LieQDvVcsiu6iWAr2PUZdSF5eMI= to (Berezino, <12371.172852, 16.243155, 9761.889648>)
[COT 2024-10-26 12:41:35] 76561199072190350: Teleported 1OEPy6aKlMe0cmo8LieQDvVcsiu6iWAr2PUZdSF5eMI= to (Airfield Krasno, <12099.974609, 139.806549, 12573.872070>)
[COT 2024-10-26 12:56:41] 76561199072190350: Overcast 0, 0, 240
[COT 2024-10-26 12:56:41] 76561199072190350: Rain 0, 0, 240
[COT 2024-10-26 12:56:41] 76561199072190350: Snow 0, 0, 240
[COT 2024-10-26 12:56:41] 76561199072190350: Fog 0, 0, 240
[COT 2024-10-26 12:56:41] 76561199072190350: DynamicFog 0, 0, 0
[COT 2024-10-26 12:56:41] 76561199072190350: WindMagnitude 0, 0, 240
[COT 2024-10-26 12:56:41] 76561199072190350: WindDirection 0, 0, 240
[COT 2024-10-26 12:56:41] 76561199072190350: WindFunction 0, 1, 30
[COT 2024-10-26 12:56:58] 76561199072190350: Storm 1, 0.7, 25
[COT 2024-10-26 12:56:58] 76561199072190350: Overcast 0.591417, 0, 240
[COT 2024-10-26 12:56:58] 76561199072190350: SnowfallThreshold 0.5, 1, 120
[COT 2024-10-26 12:56:58] 76561199072190350: Rain 0, 0, 240
[COT 2024-10-26 12:56:58] 76561199072190350: Snow 0.959517, 0, 240
[COT 2024-10-26 12:56:58] 76561199072190350: SnowfallThreshold 0.5, 1, 120
[COT 2024-10-26 12:56:58] 76561199072190350: Fog 0.207412, 0, 240
[COT 2024-10-26 12:56:58] 76561199072190350: DynamicFog 0, 0, 0
[COT 2024-10-26 12:56:58] 76561199072190350: WindMagnitude 14.2717, 0, 240
[COT 2024-10-26 12:56:58] 76561199072190350: WindDirection 0.916024, 0, 240
[COT 2024-10-26 12:56:58] 76561199072190350: WindFunction 0.764647, 0.990232, 15.7997
[COT 2024-10-26 12:57:00] 76561199072190350: Date 2024/9/20 6:0
[COT 2024-10-26 12:57:02] 76561199072190350: Storm 1, 0.7, 25
[COT 2024-10-26 12:57:02] 76561199072190350: Overcast 0.698702, 0, 240
[COT 2024-10-26 12:57:02] 76561199072190350: RainThreshold 0.5, 1, 120
[COT 2024-10-26 12:57:02] 76561199072190350: Rain 0.709128, 0, 240
[COT 2024-10-26 12:57:02] 76561199072190350: Snow 0, 0, 240
[COT 2024-10-26 12:57:02] 76561199072190350: Fog 0.195667, 0, 240
[COT 2024-10-26 12:57:02] 76561199072190350: DynamicFog 0, 0, 0
[COT 2024-10-26 12:57:02] 76561199072190350: WindMagnitude 15.7054, 0, 240
[COT 2024-10-26 12:57:02] 76561199072190350: WindDirection 1.68101, 0, 240
[COT 2024-10-26 12:57:02] 76561199072190350: WindFunction 0.264998, 0.268318, 2.32734
[COT 2024-10-26 12:57:05] 76561199072190350: Date 2024/9/20 12:0
[COT 2024-10-26 12:57:06] 76561199072190350: Storm 1, 0.7, 25
[COT 2024-10-26 12:57:06] 76561199072190350: Overcast 0.723859, 0, 240
[COT 2024-10-26 12:57:06] 76561199072190350: Rain 0.667501, 0, 240
[COT 2024-10-26 12:57:06] 76561199072190350: Snow 0, 0, 240
[COT 2024-10-26 12:57:06] 76561199072190350: Fog 0.669395, 0, 240
[COT 2024-10-26 12:57:06] 76561199072190350: DynamicFog 0, 0, 0
[COT 2024-10-26 12:57:06] 76561199072190350: WindMagnitude 14.4707, 0, 240
[COT 2024-10-26 12:57:06] 76561199072190350: WindDirection 0.777343, 0, 240
[COT 2024-10-26 12:57:06] 76561199072190350: WindFunction 0.124912, 0.2425, 17.1419
[COT 2024-10-26 12:57:09] 76561199072190350: Storm 1, 0.7, 25
[COT 2024-10-26 12:57:09] 76561199072190350: Overcast 0.629435, 0, 240
[COT 2024-10-26 12:57:09] 76561199072190350: SnowfallThreshold 0.5, 1, 120
[COT 2024-10-26 12:57:09] 76561199072190350: Rain 0, 0, 240
[COT 2024-10-26 12:57:09] 76561199072190350: Snow 0.859737, 0, 240
[COT 2024-10-26 12:57:09] 76561199072190350: SnowfallThreshold 0.5, 1, 120
[COT 2024-10-26 12:57:09] 76561199072190350: Fog 0.306212, 0, 240
[COT 2024-10-26 12:57:09] 76561199072190350: DynamicFog 0, 0, 0
[COT 2024-10-26 12:57:09] 76561199072190350: WindMagnitude 1.00162, 0, 240
[COT 2024-10-26 12:57:09] 76561199072190350: WindDirection 0.373934, 0, 240
[COT 2024-10-26 12:57:09] 76561199072190350: WindFunction 0.366442, 0.722597, 23.5398
[COT 2024-10-26 12:57:10] 76561199072190350: Storm 1, 0.7, 25
[COT 2024-10-26 12:57:10] 76561199072190350: Overcast 0.657816, 0, 240
[COT 2024-10-26 12:57:10] 76561199072190350: Rain 0, 0, 240
[COT 2024-10-26 12:57:10] 76561199072190350: Snow 0, 0, 240
[COT 2024-10-26 12:57:10] 76561199072190350: Fog 0, 0, 240
[COT 2024-10-26 12:57:10] 76561199072190350: DynamicFog 0, 0, 0
[COT 2024-10-26 12:57:10] 76561199072190350: WindMagnitude 17.8411, 0, 240
[COT 2024-10-26 12:57:10] 76561199072190350: WindDirection 1.23394, 0, 240
[COT 2024-10-26 12:57:10] 76561199072190350: WindFunction 0.571038, 0.997604, 19.5544
[COT 2024-10-26 12:57:11] 76561199072190350: Overcast 0, 0, 240
[COT 2024-10-26 12:57:11] 76561199072190350: Rain 0, 0, 240
[COT 2024-10-26 12:57:11] 76561199072190350: Snow 0, 0, 240
[COT 2024-10-26 12:57:11] 76561199072190350: Fog 0, 0, 240
[COT 2024-10-26 12:57:11] 76561199072190350: DynamicFog 0, 0, 0
[COT 2024-10-26 12:57:11] 76561199072190350: WindMagnitude 0, 0, 240
[COT 2024-10-26 12:57:11] 76561199072190350: WindDirection 0, 0, 240
[COT 2024-10-26 12:57:11] 76561199072190350: WindFunction 0, 1, 30
[COT 2024-10-26 12:57:31] 76561199072190350: Teleported 1OEPy6aKlMe0cmo8LieQDvVcsiu6iWAr2PUZdSF5eMI= to (Svetloyarsk, <13991.589844, 18.310673, 13262.502930>)
