[COT 2024-11-06 11:44:40] 76561199072190350: Activated Community Online Tools [guid=1OEPy6aKlMe0cmo8LieQDvVcsiu6iWAr2PUZdSF5eMI=]
[COT 2024-11-06 11:44:41] 76561199072190350: Deactivated Community Online Tools [guid=1OEPy6aKlMe0cmo8LieQDvVcsiu6iWAr2PUZdSF5eMI=]
[COT 2024-11-06 11:45:04] 76561199072190350: Activated Community Online Tools [guid=1OEPy6aKlMe0cmo8LieQDvVcsiu6iWAr2PUZdSF5eMI=]
[COT 2024-11-06 11:45:12] 76561199072190350: Deactivated Community Online Tools [guid=1OEPy6aKlMe0cmo8LieQDvVcsiu6iWAr2PUZdSF5eMI=]
[COT 2024-11-06 11:49:40] 76561199072190350: Activated Community Online Tools [guid=1OEPy6aKlMe0cmo8LieQDvVcsiu6iWAr2PUZdSF5eMI=]
[COT 2024-11-06 11:49:44] 76561199072190350: ESP: ESP updating
[COT 2024-11-06 11:50:08] 76561199072190350: Set Invisibility To 1 [guid=1OEPy6aKlMe0cmo8LieQDvVcsiu6iWAr2PUZdSF5eMI=]
[COT 2024-11-06 11:50:12] 76561199072190350: Teleported to <11711.388672, 143.487564, 12750.816406> [guid=zc8VdK3LmE4uE8VdKbx2bOGlKghmh6pN2ye-63D6kCk=]
[COT 2024-11-06 11:51:30] 76561199072190350: Set Invisibility To 0 [guid=1OEPy6aKlMe0cmo8LieQDvVcsiu6iWAr2PUZdSF5eMI=]
[COT 2024-11-06 11:53:07] 76561199072190350: Deactivated Community Online Tools [guid=1OEPy6aKlMe0cmo8LieQDvVcsiu6iWAr2PUZdSF5eMI=]
[COT 2024-11-06 11:59:49] 76561199072190350: Activated Community Online Tools [guid=1OEPy6aKlMe0cmo8LieQDvVcsiu6iWAr2PUZdSF5eMI=]
[COT 2024-11-06 11:59:59] 76561199072190350: ESP: Clearing ESP
[COT 2024-11-06 12:01:31] 76561199072190350: Deactivated Community Online Tools [guid=1OEPy6aKlMe0cmo8LieQDvVcsiu6iWAr2PUZdSF5eMI=]
[COT 2024-11-06 12:36:42] 76561199072190350: Activated Community Online Tools [guid=1OEPy6aKlMe0cmo8LieQDvVcsiu6iWAr2PUZdSF5eMI=]
[COT 2024-11-06 12:36:52] 76561199072190350: Spawned Entity Пила (HandSaw<a8a43800>, 100, 100, 15, 0) at <12447.980469, 98.131683, 13555.872070>
[COT 2024-11-06 12:36:57] 76561199072190350: Spawned Entity Молоток (Hammer<a8a3cff0>, 100, 100, 15, 0) at <12448.046875, 98.165825, 13555.768555>
[COT 2024-11-06 12:37:03] 76561199072190350: Date 2024/9/20 6:0
[COT 2024-11-06 12:37:05] 76561199072190350: Deactivated Community Online Tools [guid=1OEPy6aKlMe0cmo8LieQDvVcsiu6iWAr2PUZdSF5eMI=]
[COT 2024-11-06 12:44:10] 76561199072190350: Activated Community Online Tools [guid=1OEPy6aKlMe0cmo8LieQDvVcsiu6iWAr2PUZdSF5eMI=]
[COT 2024-11-06 12:44:25] 76561199072190350: Spawned Entity Прицел NF ATACR 1-8x24 (AD_NFATACR_1_8<492267a0>, 200, 100, 15, 0) at <12584.243164, 92.441689, 13421.489258>
[COT 2024-11-06 12:44:28] 76561199072190350: Deactivated Community Online Tools [guid=1OEPy6aKlMe0cmo8LieQDvVcsiu6iWAr2PUZdSF5eMI=]
[COT 2024-11-06 12:51:32] 76561199072190350: Activated Community Online Tools [guid=1OEPy6aKlMe0cmo8LieQDvVcsiu6iWAr2PUZdSF5eMI=]
[COT 2024-11-06 12:51:33] 76561199072190350: Set GodMode To true [guid=1OEPy6aKlMe0cmo8LieQDvVcsiu6iWAr2PUZdSF5eMI=]
[COT 2024-11-06 12:51:34] 76561199072190350: Set GodMode To false [guid=1OEPy6aKlMe0cmo8LieQDvVcsiu6iWAr2PUZdSF5eMI=]
[COT 2024-11-06 12:51:39] 76561199072190350: Set Invisibility To 1 [guid=1OEPy6aKlMe0cmo8LieQDvVcsiu6iWAr2PUZdSF5eMI=]
[COT 2024-11-06 13:01:53] 76561199072190350: Set Invisibility To 0 [guid=1OEPy6aKlMe0cmo8LieQDvVcsiu6iWAr2PUZdSF5eMI=]
[COT 2024-11-06 13:02:02] 76561199072190350: Deactivated Community Online Tools [guid=1OEPy6aKlMe0cmo8LieQDvVcsiu6iWAr2PUZdSF5eMI=]
[COT 2024-11-06 13:18:48] 76561199072190350: Activated Community Online Tools [guid=1OEPy6aKlMe0cmo8LieQDvVcsiu6iWAr2PUZdSF5eMI=]
[COT 2024-11-06 13:19:09] 76561199072190350: Spawned Entity Листовой металл (MetalPlate<5da04240>, 1, 100, 15, 0) at <12453.333008, 98.568016, 13558.385742>
[COT 2024-11-06 13:22:25] 76561199072190350: Deactivated Community Online Tools [guid=1OEPy6aKlMe0cmo8LieQDvVcsiu6iWAr2PUZdSF5eMI=]
[COT 2024-11-06 13:29:47] 76561199072190350: Activated Community Online Tools [guid=1OEPy6aKlMe0cmo8LieQDvVcsiu6iWAr2PUZdSF5eMI=]
[COT 2024-11-06 13:36:46] 76561199072190350: Deactivated Community Online Tools [guid=1OEPy6aKlMe0cmo8LieQDvVcsiu6iWAr2PUZdSF5eMI=]
