[COT 2025-01-05 20:00:45] 76561199072190350: Activated Community Online Tools [guid=1OEPy6aKlMe0cmo8LieQDvVcsiu6iWAr2PUZdSF5eMI=]
[COT 2025-01-05 20:01:42] 76561199072190350: Spawned Entity Автомобильный аккумулятор (CarBattery<8ade47a0>, 50, 200, 15, 0) at <3694.573486, 402.000031, 6000.144043>
[COT 2025-01-05 20:02:34] 76561199072190350: Deactivated Community Online Tools [guid=1OEPy6aKlMe0cmo8LieQDvVcsiu6iWAr2PUZdSF5eMI=]
[COT 2025-01-05 20:33:31] 76561199072190350: Activated Community Online Tools [guid=1OEPy6aKlMe0cmo8LieQDvVcsiu6iWAr2PUZdSF5eMI=]
[COT 2025-01-05 20:34:17] 76561199072190350: Spawned Entity Бандана (Bandana_RedPattern<8ba31c00>, 50, 25, 15, 0) at <5703.398438, 105.298088, 2474.093506>
[COT 2025-01-05 20:48:43] 76561199072190350: Deactivated Community Online Tools [guid=1OEPy6aKlMe0cmo8LieQDvVcsiu6iWAr2PUZdSF5eMI=]
[COT 2025-01-05 20:58:19] 76561199072190350: Activated Community Online Tools [guid=1OEPy6aKlMe0cmo8LieQDvVcsiu6iWAr2PUZdSF5eMI=]
[COT 2025-01-05 20:58:54] 76561199072190350: Spawned Entity Нарукавная повязка (Armband_ColorBase<226ae5f0>, 50, 100, 15, 0) at <3401.018555, 186.715729, 3930.632324>
[COT 2025-01-05 20:58:54] 76561199072190350: Spawned Entity Нарукавная повязка (Armband_ColorBase<226b2b50>, 50, 100, 15, 0) at <3401.071045, 186.779022, 3930.540771>
[COT 2025-01-05 20:58:55] 76561199072190350: Spawned Entity Нарукавная повязка (Armband_ColorBase<226b4270>, 50, 100, 15, 0) at <3401.127441, 186.847244, 3930.442139>
[COT 2025-01-05 20:59:33] 76561199072190350: Spawned Entity Нарукавная повязка (Armband_ColorBase<6d1db330>, 50, 100, 15, 0) at <3399.750000, 186.726334, 3930.745850>
[COT 2025-01-05 20:59:33] 76561199072190350: Spawned Entity Нарукавная повязка (Armband_ColorBase<6d1e77c0>, 50, 100, 15, 0) at <3399.815918, 186.810928, 3930.684326>
[COT 2025-01-05 20:59:33] 76561199072190350: Spawned Entity Нарукавная повязка (Armband_ColorBase<6d1e9a70>, 50, 100, 15, 0) at <3399.887695, 186.903000, 3930.617432>
[COT 2025-01-05 21:01:24] 76561199072190350: Deactivated Community Online Tools [guid=1OEPy6aKlMe0cmo8LieQDvVcsiu6iWAr2PUZdSF5eMI=]
[COT 2025-01-05 21:58:59] 76561199072190350: Activated Community Online Tools [guid=1OEPy6aKlMe0cmo8LieQDvVcsiu6iWAr2PUZdSF5eMI=]
[COT 2025-01-05 21:59:08] 76561199072190350: ESP: Viewing ESP
[COT 2025-01-05 22:00:21] 76561199072190350: ESP: Clearing ESP
[COT 2025-01-05 22:00:32] 76561199072190350: Deactivated Community Online Tools [guid=1OEPy6aKlMe0cmo8LieQDvVcsiu6iWAr2PUZdSF5eMI=]
[COT 2025-01-05 22:14:57] 76561199072190350: Activated Community Online Tools [guid=1OEPy6aKlMe0cmo8LieQDvVcsiu6iWAr2PUZdSF5eMI=]
[COT 2025-01-05 22:17:06] 76561199072190350: Spawned Entity Электрошокер X2 Defender (Expansion_Taser_Base<354dfb40>, 100, 100, 15, 0) at <3979.474365, 229.300659, 4712.686035>
[COT 2025-01-05 22:17:50] 76561199072190350: Spawned Entity Двойной картридж электрошокера X2 (Mag_Expansion_Taser<25845160>, 2, 100, 15, 0) at <3982.222656, 229.300659, 4714.643555>
[COT 2025-01-05 22:17:50] 76561199072190350: Spawned Entity Двойной картридж электрошокера X2 (Mag_Expansion_Taser<25845cf0>, 2, 100, 15, 0) at <3982.188477, 229.339813, 4714.707031>
[COT 2025-01-05 22:19:29] 76561199072190350: Deactivated Community Online Tools [guid=1OEPy6aKlMe0cmo8LieQDvVcsiu6iWAr2PUZdSF5eMI=]
[COT 2025-01-05 22:20:17] 76561199072190350: Activated Community Online Tools [guid=1OEPy6aKlMe0cmo8LieQDvVcsiu6iWAr2PUZdSF5eMI=]
[COT 2025-01-05 22:20:19] 76561199072190350: Spawned Entity Двойной картридж электрошокера X2 (Mag_Expansion_Taser<30b55070>, 2, 100, 15, 0) at <3983.066650, 229.748245, 4732.417969>
[COT 2025-01-05 22:20:31] 76561199072190350: Set Health To 58.06 [guid=zc8VdK3LmE4uE8VdKbx2bOGlKghmh6pN2ye-63D6kCk=]
[COT 2025-01-05 22:20:46] 76561199072190350: Deactivated Community Online Tools [guid=1OEPy6aKlMe0cmo8LieQDvVcsiu6iWAr2PUZdSF5eMI=]
[COT 2025-01-05 22:21:04] 76561199072190350: Activated Community Online Tools [guid=1OEPy6aKlMe0cmo8LieQDvVcsiu6iWAr2PUZdSF5eMI=]
[COT 2025-01-05 22:21:11] 76561199072190350: Spawned Entity Двойной картридж электрошокера X2 (Mag_Expansion_Taser<40e91380>, 2, 100, 15, 0) at <3979.725098, 229.581131, 4727.479980>
[COT 2025-01-05 22:21:11] 76561199072190350: Spawned Entity Двойной картридж электрошокера X2 (Mag_Expansion_Taser<40e941c0>, 2, 100, 15, 0) at <3979.673828, 229.652176, 4727.420898>
[COT 2025-01-05 22:21:12] 76561199072190350: Spawned Entity Двойной картридж электрошокера X2 (Mag_Expansion_Taser<40ea2900>, 2, 100, 15, 0) at <3979.620117, 229.726471, 4727.358887>
[COT 2025-01-05 22:21:29] 76561199072190350: Deactivated Community Online Tools [guid=1OEPy6aKlMe0cmo8LieQDvVcsiu6iWAr2PUZdSF5eMI=]
[COT 2025-01-05 22:22:38] 76561199072190350: Activated Community Online Tools [guid=1OEPy6aKlMe0cmo8LieQDvVcsiu6iWAr2PUZdSF5eMI=]
[COT 2025-01-05 22:22:41] 76561199072190350: Spawned Entity Двойной картридж электрошокера X2 (Mag_Expansion_Taser<250c64f0>, 2, 100, 15, 0) at <3977.671631, 229.852005, 4735.648926>
[COT 2025-01-05 22:22:41] 76561199072190350: Spawned Entity Двойной картридж электрошокера X2 (Mag_Expansion_Taser<250c36b0>, 2, 100, 15, 0) at <3977.614014, 229.940125, 4735.618652>
[COT 2025-01-05 22:22:41] 76561199072190350: Spawned Entity Двойной картридж электрошокера X2 (Mag_Expansion_Taser<250c4240>, 2, 100, 15, 0) at <3977.555420, 230.031631, 4735.587891>
[COT 2025-01-05 22:22:41] 76561199072190350: Spawned Entity Двойной картридж электрошокера X2 (Mag_Expansion_Taser<250c7c10>, 2, 100, 15, 0) at <3977.497803, 230.121902, 4735.558105>
[COT 2025-01-05 22:22:41] 76561199072190350: Spawned Entity Двойной картридж электрошокера X2 (Mag_Expansion_Taser<250c87a0>, 2, 100, 15, 0) at <3977.439941, 230.213257, 4735.527344>
[COT 2025-01-05 22:22:52] 76561199072190350: Set Health To 73.07 [guid=zc8VdK3LmE4uE8VdKbx2bOGlKghmh6pN2ye-63D6kCk=]
[COT 2025-01-05 22:23:52] 76561199072190350: Set Health To 64.24 [guid=zc8VdK3LmE4uE8VdKbx2bOGlKghmh6pN2ye-63D6kCk=]
[COT 2025-01-05 22:24:02] 76561199072190350: Set Health To 100 [guid=zc8VdK3LmE4uE8VdKbx2bOGlKghmh6pN2ye-63D6kCk=]
[COT 2025-01-05 22:25:50] 76561199072190350: Set Health To 100 [guid=zc8VdK3LmE4uE8VdKbx2bOGlKghmh6pN2ye-63D6kCk=]
[COT 2025-01-05 22:26:18] 76561199072190350: Set Blood To 5000 [guid=zc8VdK3LmE4uE8VdKbx2bOGlKghmh6pN2ye-63D6kCk=]
[COT 2025-01-05 22:26:55] 76561199072190350: Deactivated Community Online Tools [guid=1OEPy6aKlMe0cmo8LieQDvVcsiu6iWAr2PUZdSF5eMI=]
[COT 2025-01-05 22:28:39] 76561199072190350: Activated Community Online Tools [guid=1OEPy6aKlMe0cmo8LieQDvVcsiu6iWAr2PUZdSF5eMI=]
[COT 2025-01-05 22:28:43] 76561199072190350: Set Blood To 3432.5 [guid=zc8VdK3LmE4uE8VdKbx2bOGlKghmh6pN2ye-63D6kCk=]
[COT 2025-01-05 22:28:51] 76561199072190350: Set Blood To 695.5 [guid=zc8VdK3LmE4uE8VdKbx2bOGlKghmh6pN2ye-63D6kCk=]
[COT 2025-01-05 22:28:51] 76561199072190350: Set Shock To 14.79 [guid=zc8VdK3LmE4uE8VdKbx2bOGlKghmh6pN2ye-63D6kCk=]
[COT 2025-01-05 22:29:19] 76561199072190350: Teleported [guid=zc8VdK3LmE4uE8VdKbx2bOGlKghmh6pN2ye-63D6kCk=] to <3992.236816, 229.197952, 4726.150879>
[COT 2025-01-05 22:30:10] 76561199072190350: Teleported to <3988.766357, 229.685303, 4741.444824> [guid=zc8VdK3LmE4uE8VdKbx2bOGlKghmh6pN2ye-63D6kCk=]
[COT 2025-01-05 22:30:15] 76561199072190350: Set GodMode To true [guid=zc8VdK3LmE4uE8VdKbx2bOGlKghmh6pN2ye-63D6kCk=]
[COT 2025-01-05 22:30:16] 76561199072190350: Set GodMode To true [guid=zc8VdK3LmE4uE8VdKbx2bOGlKghmh6pN2ye-63D6kCk=]
[COT 2025-01-05 22:30:18] 76561199072190350: Set GodMode To false [guid=zc8VdK3LmE4uE8VdKbx2bOGlKghmh6pN2ye-63D6kCk=]
[COT 2025-01-05 22:30:25] 76561199072190350: Teleported [guid=z63osPRVUnS8pzWmaenLtvu6c2gVxwL4gvA4elWPF5w=] to <3988.131592, 229.702545, 4741.444824>
[COT 2025-01-05 22:30:56] 76561199072190350: Teleported [guid=zc8VdK3LmE4uE8VdKbx2bOGlKghmh6pN2ye-63D6kCk=] to <3973.870361, 229.892441, 4742.095703>
[COT 2025-01-05 22:32:59] 76561199072190350: Spawned Entity Пачка гривневых банкнот (ExpansionBanknoteHryvnia<478f8290>, 9345, 100, 15, 0) at <3983.613037, 229.759445, 4735.181641>
[COT 2025-01-05 22:33:01] 76561199072190350: Spawned Entity Пачка гривневых банкнот (ExpansionBanknoteHryvnia<478f5450>, 9345, 100, 15, 0) at <3984.996094, 231.243195, 4735.714355>
[COT 2025-01-05 22:33:07] 76561199072190350: Spawned Entity Пачка гривневых банкнот (ExpansionBanknoteHryvnia<478fa540>, 9345, 100, 15, 0) at <3983.149414, 229.801208, 4738.069336>
[COT 2025-01-05 22:35:34] 76561199072190350: Spawned Entity FX-45 (FNX45_Base<22964d00>, 9345, 150, 15, 0) at <3972.405518, 230.183014, 4747.264160>
[COT 2025-01-05 22:37:09] 76561199072190350: Deactivated Community Online Tools [guid=1OEPy6aKlMe0cmo8LieQDvVcsiu6iWAr2PUZdSF5eMI=]
[COT 2025-01-05 22:37:49] 76561199072190350: Activated Community Online Tools [guid=1OEPy6aKlMe0cmo8LieQDvVcsiu6iWAr2PUZdSF5eMI=]
[COT 2025-01-05 22:38:17] 76561199072190350: Deactivated Community Online Tools [guid=1OEPy6aKlMe0cmo8LieQDvVcsiu6iWAr2PUZdSF5eMI=]
