[COT 2024-12-12 12:12:15] 76561199072190350: Activated Community Online Tools [guid=1OEPy6aKlMe0cmo8LieQDvVcsiu6iWAr2PUZdSF5eMI=]
[COT 2024-12-12 12:12:16] 76561199072190350: Set GodMode To true [guid=1OEPy6aKlMe0cmo8LieQDvVcsiu6iWAr2PUZdSF5eMI=]
[COT 2024-12-12 12:12:24] 76561199072190350: Entered the Free Camera
[COT 2024-12-12 12:14:05] 76561199072190350: Left the Free Camera
[COT 2024-12-12 13:43:24] 76561199072190350: Teleported 76561199072190350 to position <8480.675781, 205.445084, 14042.138672>
[COT 2024-12-12 13:43:45] 76561199072190350: Teleported 76561199072190350 to position <8229.186523, 111.180191, 12762.335938>
[COT 2024-12-12 13:46:44] 76561199072190350: Teleported 76561199072190350 to position <7928.893555, 340.690491, 14677.980469>
[COT 2024-12-12 13:48:17] 76561199072190350: Teleported 76561199072190350 to position <7750.111816, 360.449463, 14837.692383>
[COT 2024-12-12 13:49:00] 76561199072190350: Teleported 76561199072190350 to position <7036.626953, 350.089630, 14492.631836>
[COT 2024-12-12 13:50:19] 76561199072190350: Teleported 76561199072190350 to position <8488.555664, 223.674347, 14197.970703>
[COT 2024-12-12 13:50:37] 76561199072190350: Teleported 76561199072190350 to position <8410.616211, 205.261703, 13975.855469>
[COT 2024-12-12 13:51:37] 76561199072190350: Teleported 76561199072190350 to position <7475.888184, 230.315659, 13780.746094>
[COT 2024-12-12 13:51:38] 76561199072190350: Teleported 76561199072190350 to position <7482.832031, 229.932205, 13776.117188>
[COT 2024-12-12 13:53:21] 76561199072190350: Teleported 76561199072190350 to position <5422.467285, 160.195755, 12612.266602>
[COT 2024-12-12 13:56:17] 76561199072190350: Teleported 76561199072190350 to position <3066.588379, 304.427795, 7954.390625>
[COT 2024-12-12 13:57:51] 76561199072190350: Teleported 76561199072190350 to position <4088.222900, 324.483704, 8950.285156>
[COT 2024-12-12 13:58:53] 76561199072190350: Teleported 76561199072190350 to position <381.415161, 294.357086, 9446.291992>
[COT 2024-12-12 14:00:15] 76561199072190350: Teleported 76561199072190350 to position <511.940247, 421.714844, 11078.368164>
[COT 2024-12-12 14:01:16] 76561199072190350: Teleported 76561199072190350 to position <1486.900391, 280.891937, 11978.014648>
[COT 2024-12-12 14:02:40] 76561199072190350: Teleported 76561199072190350 to position <2202.935059, 265.089813, 11106.976563>
[COT 2024-12-12 14:06:55] 76561199072190350: Teleported 76561199072190350 to position <3630.740967, 189.848022, 13075.718750>
[COT 2024-12-12 14:08:09] 76561199072190350: Teleported 76561199072190350 to position <3368.861328, 330.392487, 15218.554688>
[COT 2024-12-12 14:09:45] 76561199072190350: Teleported 76561199072190350 to position <3407.681152, 288.822388, 14797.710938>
[COT 2024-12-12 14:10:00] 76561199072190350: Teleported 76561199072190350 to position <5033.452637, 476.555664, 15036.452148>
[COT 2024-12-12 14:10:57] 76561199072190350: Teleported 76561199072190350 to position <5809.493652, 473.619995, 15250.605469>
[COT 2024-12-12 14:12:02] 76561199072190350: Teleported 76561199072190350 to position <5384.763672, 159.788879, 12622.232422>
[COT 2024-12-12 14:12:32] 76561199072190350: Teleported 76561199072190350 to position <2848.878418, 216.899414, 12373.039063>
[COT 2024-12-12 14:13:26] 76561199072190350: Teleported 76561199072190350 to position <8238.609375, 322.850983, 10504.093750>
[COT 2024-12-12 15:05:18] 76561199072190350: Teleported 76561199072190350 to position <8254.001953, 319.709320, 10558.750977>
[COT 2024-12-12 15:05:34] 76561199072190350: Teleported 76561199072190350 to position <8552.159180, 380.747559, 9526.498047>
[COT 2024-12-12 15:05:37] 76561199072190350: Teleported 76561199072190350 to position <8563.707031, 380.558044, 9507.250000>
[COT 2024-12-12 15:05:44] 76561199072190350: Teleported 76561199072190350 to position <8105.608398, 456.058746, 9353.267578>
[COT 2024-12-12 15:08:43] 76561199072190350: Teleported 76561199072190350 to position <1483.663208, 440.501038, 13640.795898>
[COT 2024-12-12 15:09:30] 76561199072190350: Teleported 76561199072190350 to position <590.289856, 509.743347, 13665.206055>
[COT 2024-12-12 15:10:04] 76561199072190350: Teleported 76561199072190350 to position <1408.956787, 459.660889, 14472.125000>
[COT 2024-12-12 15:10:55] 76561199072190350: Teleported 76561199072190350 to position <1056.066040, 470.165924, 13904.836914>
[COT 2024-12-12 15:11:03] 76561199072190350: Teleported 76561199072190350 to position <1676.887085, 451.730011, 14352.850586>
[COT 2024-12-12 15:11:42] 76561199072190350: Teleported 76561199072190350 to position <1557.601196, 452.769989, 14061.762695>
[COT 2024-12-12 15:11:49] 76561199072190350: Teleported 76561199072190350 to position <1679.524048, 448.079895, 13921.230469>
[COT 2024-12-12 15:12:17] 76561199072190350: Teleported 76561199072190350 to position <1551.916382, 452.776978, 14070.666016>
[COT 2024-12-12 15:12:23] 76561199072190350: Teleported 76561199072190350 to position <1851.546021, 434.641724, 13824.931641>
[COT 2024-12-12 15:12:26] 76561199072190350: Teleported 76561199072190350 to position <1916.647949, 434.153778, 13820.875977>
[COT 2024-12-12 15:12:29] 76561199072190350: Teleported 76561199072190350 to position <1809.923340, 435.863434, 13812.872070>
[COT 2024-12-12 15:12:58] 76561199072190350: Teleported 76561199072190350 to position <1553.377686, 452.769989, 14072.443359>
[COT 2024-12-12 15:14:26] 76561199072190350: Teleported 76561199072190350 to position <2236.403564, 435.959839, 15208.228516>
[COT 2024-12-12 15:19:29] 76561199072190350: Teleported 76561199072190350 to position <4069.415527, 379.405884, 11757.694336>
[COT 2024-12-12 15:19:30] 76561199072190350: Teleported 76561199072190350 to position <4013.210938, 375.849396, 11760.037109>
[COT 2024-12-12 15:19:34] 76561199072190350: Teleported 76561199072190350 to position <3994.476563, 375.808350, 11818.583008>
[COT 2024-12-12 15:20:46] 76561199072190350: Teleported 76561199072190350 to position <3858.882324, 327.979980, 10879.039063>
[COT 2024-12-12 15:20:50] 76561199072190350: Teleported 76561199072190350 to position <3869.524414, 328.223297, 10887.251953>
[COT 2024-12-12 15:21:54] 76561199072190350: Teleported 76561199072190350 to position <4584.642090, 338.514771, 10839.925781>
[COT 2024-12-12 15:22:43] 76561199072190350: Teleported 76561199072190350 to position <4751.382324, 339.097687, 10560.728516>
[COT 2024-12-12 15:23:13] 76561199072190350: Teleported 76561199072190350 to position <4218.408691, 338.973755, 10270.992188>
[COT 2024-12-12 15:23:49] 76561199072190350: Teleported 76561199072190350 to position <4572.014648, 339.000000, 9660.997070>
[COT 2024-12-12 15:24:28] 76561199072190350: Teleported 76561199072190350 to position <4521.063477, 339.067688, 10109.707031>
[COT 2024-12-12 15:40:34] 76561199072190350: Teleported 76561199072190350 to position <12904.607422, 25.178486, 8061.849121>
[COT 2024-12-12 15:41:57] 76561199072190350: Teleported 76561199072190350 to position <9903.290039, 285.835083, 6014.463379>
[COT 2024-12-12 15:43:09] 76561199072190350: Teleported 76561199072190350 to position <7537.895508, 215.863663, 5218.736328>
[COT 2024-12-12 15:43:51] 76561199072190350: Teleported 76561199072190350 to position <4525.244141, 316.794861, 8300.248047>
[COT 2024-12-12 15:45:27] 76561199072190350: Teleported 76561199072190350 to position <7547.855469, 213.978928, 5114.202637>
[COT 2024-12-12 15:46:27] 76561199072190350: Teleported 76561199072190350 to position <4759.888184, 270.123383, 6794.939453>
[COT 2024-12-12 15:48:46] 76561199072190350: Teleported 76561199072190350 to position <2014.347656, 254.359940, 7332.175781>
[COT 2024-12-12 15:48:47] 76561199072190350: Teleported 76561199072190350 to position <2014.347656, 254.380615, 7318.890625>
