[COT 2024-12-21 15:38:41] 76561199072190350: Activated Community Online Tools [guid=1OEPy6aKlMe0cmo8LieQDvVcsiu6iWAr2PUZdSF5eMI=]
[COT 2024-12-21 15:38:41] 76561199072190350: Set GodMode To true [guid=1OEPy6aKlMe0cmo8LieQDvVcsiu6iWAr2PUZdSF5eMI=]
[COT 2024-12-21 15:38:41] 76561199072190350: Set GodMode To false [guid=1OEPy6aKlMe0cmo8LieQDvVcsiu6iWAr2PUZdSF5eMI=]
[COT 2024-12-21 15:38:44] 76561199072190350: ESP: Viewing ESP
[COT 2024-12-21 15:39:08] 76561199072190350: ESP: Clearing ESP
[COT 2024-12-21 15:39:10] 76561199072190350: Deactivated Community Online Tools [guid=1OEPy6aKlMe0cmo8LieQDvVcsiu6iWAr2PUZdSF5eMI=]
[COT 2024-12-21 17:06:29] 76561199072190350: Activated Community Online Tools [guid=1OEPy6aKlMe0cmo8LieQDvVcsiu6iWAr2PUZdSF5eMI=]
[COT 2024-12-21 17:06:32] 76561199072190350: ESP: Viewing ESP
[COT 2024-12-21 17:06:47] 76561199072190350: Entered the Free Camera
[COT 2024-12-21 17:07:26] 76561199072190350: ESP: Clearing ESP
[COT 2024-12-21 17:07:33] 76561199072190350: Left the Free Camera
[COT 2024-12-21 17:08:37] 76561199072190350: Set GodMode To true [guid=1OEPy6aKlMe0cmo8LieQDvVcsiu6iWAr2PUZdSF5eMI=]
[COT 2024-12-21 17:08:38] 76561199072190350: Set GodMode To false [guid=1OEPy6aKlMe0cmo8LieQDvVcsiu6iWAr2PUZdSF5eMI=]
[COT 2024-12-21 17:08:39] 76561199072190350: Deactivated Community Online Tools [guid=1OEPy6aKlMe0cmo8LieQDvVcsiu6iWAr2PUZdSF5eMI=]
[COT 2024-12-21 18:16:43] 76561199072190350: Activated Community Online Tools [guid=1OEPy6aKlMe0cmo8LieQDvVcsiu6iWAr2PUZdSF5eMI=]
[COT 2024-12-21 18:16:46] 76561199072190350: ESP: Viewing ESP
[COT 2024-12-21 18:16:49] 76561199072190350: Entered the Free Camera
[COT 2024-12-21 18:18:03] 76561199072190350: Set GodMode To true [guid=1OEPy6aKlMe0cmo8LieQDvVcsiu6iWAr2PUZdSF5eMI=]
[COT 2024-12-21 18:20:37] 76561199072190350: ESP: Clearing ESP
[COT 2024-12-21 18:20:42] 76561199072190350: Set GodMode To false [guid=1OEPy6aKlMe0cmo8LieQDvVcsiu6iWAr2PUZdSF5eMI=]
[COT 2024-12-21 18:20:43] 76561199072190350: Left the Free Camera
[COT 2024-12-21 18:20:49] 76561199072190350: Deactivated Community Online Tools [guid=1OEPy6aKlMe0cmo8LieQDvVcsiu6iWAr2PUZdSF5eMI=]
[COT 2024-12-21 18:25:59] 76561199072190350: Activated Community Online Tools [guid=1OEPy6aKlMe0cmo8LieQDvVcsiu6iWAr2PUZdSF5eMI=]
[COT 2024-12-21 18:26:10] 76561199072190350: Set Reputation To 5000 [guid=1OEPy6aKlMe0cmo8LieQDvVcsiu6iWAr2PUZdSF5eMI=]
[COT 2024-12-21 18:26:14] 76561199072190350: Set Reputation To 27000 [guid=z63osPRVUnS8pzWmaenLtvu6c2gVxwL4gvA4elWPF5w=]
[COT 2024-12-21 18:26:18] 76561199072190350: Deactivated Community Online Tools [guid=1OEPy6aKlMe0cmo8LieQDvVcsiu6iWAr2PUZdSF5eMI=]
[COT 2024-12-21 18:28:10] 76561199072190350: Activated Community Online Tools [guid=1OEPy6aKlMe0cmo8LieQDvVcsiu6iWAr2PUZdSF5eMI=]
[COT 2024-12-21 18:28:14] 76561199072190350: Set Reputation To 50000 [guid=1OEPy6aKlMe0cmo8LieQDvVcsiu6iWAr2PUZdSF5eMI=]
[COT 2024-12-21 18:28:20] 76561199072190350: Deactivated Community Online Tools [guid=1OEPy6aKlMe0cmo8LieQDvVcsiu6iWAr2PUZdSF5eMI=]
