[COT 2024-12-10 15:03:09] 76561199072190350: Activated Community Online Tools [guid=1OEPy6aKlMe0cmo8LieQDvVcsiu6iWAr2PUZdSF5eMI=]
[COT 2024-12-10 15:03:11] 76561199072190350: Set GodMode To true [guid=1OEPy6aKlMe0cmo8LieQDvVcsiu6iWAr2PUZdSF5eMI=]
[COT 2024-12-10 15:05:51] 76561199072190350: Teleported 76561199072190350 to position <6123.474121, 386.375153, 4138.413086>
[COT 2024-12-10 15:06:37] 76561199072190350: Teleported 76561199072190350 to position <2009.881348, 207.391251, 7418.690430>
[COT 2024-12-10 15:10:26] 76561199072190350: Storm 1, 0.7, 25
[COT 2024-12-10 15:10:26] 76561199072190350: Overcast 0.513843, 0, 240
[COT 2024-12-10 15:10:26] 76561199072190350: Rain 0, 0, 240
[COT 2024-12-10 15:10:26] 76561199072190350: Snow 0, 0, 240
[COT 2024-12-10 15:10:26] 76561199072190350: Fog 0, 0, 240
[COT 2024-12-10 15:10:26] 76561199072190350: DynamicFog 0, 0, 0
[COT 2024-12-10 15:10:26] 76561199072190350: WindMagnitude 12.3368, 0, 240
[COT 2024-12-10 15:10:26] 76561199072190350: WindDirection 4.42633, 0, 240
[COT 2024-12-10 15:10:26] 76561199072190350: WindFunction 0.794849, 0.807708, 11.7173
[COT 2024-12-10 15:10:27] 76561199072190350: Overcast 0, 0, 240
[COT 2024-12-10 15:10:27] 76561199072190350: Rain 0, 0, 240
[COT 2024-12-10 15:10:27] 76561199072190350: Snow 0, 0, 240
[COT 2024-12-10 15:10:27] 76561199072190350: Fog 0, 0, 240
[COT 2024-12-10 15:10:27] 76561199072190350: DynamicFog 0, 0, 0
[COT 2024-12-10 15:10:27] 76561199072190350: WindMagnitude 0, 0, 240
[COT 2024-12-10 15:10:27] 76561199072190350: WindDirection 0, 0, 240
[COT 2024-12-10 15:10:27] 76561199072190350: WindFunction 0, 1, 30
[COT 2024-12-10 15:10:27] 76561199072190350: Date 2024/7/17 0:0
[COT 2024-12-10 15:10:28] 76561199072190350: Date 2024/7/17 6:0
[COT 2024-12-10 15:10:28] 76561199072190350: Overcast 0, 0, 240
[COT 2024-12-10 15:10:28] 76561199072190350: Rain 0, 0, 240
[COT 2024-12-10 15:10:28] 76561199072190350: Snow 0, 0, 240
[COT 2024-12-10 15:10:28] 76561199072190350: Fog 0, 0, 240
[COT 2024-12-10 15:10:28] 76561199072190350: DynamicFog 0, 0, 0
[COT 2024-12-10 15:10:28] 76561199072190350: WindMagnitude 0, 0, 240
[COT 2024-12-10 15:10:28] 76561199072190350: WindDirection 0, 0, 240
[COT 2024-12-10 15:10:28] 76561199072190350: WindFunction 0, 1, 30
[COT 2024-12-10 15:10:57] 76561199072190350: Spawned Entity Короткая палка (WoodenStick<6634dd10>, 5, 50, 15, 0) at <2475.620117, 220.553329, 7492.280762>
[COT 2024-12-10 15:10:58] 76561199072190350: Spawned Entity Короткая палка (WoodenStick<66355c40>, 5, 50, 15, 0) at <2475.658447, 220.599792, 7492.295898>
[COT 2024-12-10 15:10:58] 76561199072190350: Spawned Entity Короткая палка (WoodenStick<663567d0>, 5, 50, 15, 0) at <2475.700195, 220.654984, 7492.319336>
[COT 2024-12-10 15:11:03] 76561199072190350: Spawned Entity Веревка (Rope<66354520>, 5, 200, 15, 0) at <2475.766357, 220.724899, 7492.337891>
[COT 2024-12-10 15:11:03] 76561199072190350: Spawned Entity Веревка (Rope<6635ad30>, 5, 200, 15, 0) at <2475.790527, 220.756393, 7492.349121>
[COT 2024-12-10 15:11:03] 76561199072190350: Spawned Entity Веревка (Rope<66359610>, 5, 200, 15, 0) at <2475.814941, 220.787888, 7492.359863>
[COT 2024-12-10 15:11:03] 76561199072190350: Spawned Entity Веревка (Rope<6635a1a0>, 5, 200, 15, 0) at <2475.839355, 220.819366, 7492.371094>
[COT 2024-12-10 15:11:18] 76561199072190350: Spawned Entity Доска (WoodenPlank<66357ef0>, 10, 100, 15, 0) at <2475.862793, 220.850845, 7492.382813>
[COT 2024-12-10 15:11:18] 76561199072190350: Spawned Entity Доска (WoodenPlank<66358a80>, 10, 100, 15, 0) at <2475.983398, 220.998718, 7492.433594>
[COT 2024-12-10 15:12:14] 76561199072190350: Spawned Entity Гвозди (Nail<66359610>, 99, 80, 15, 0) at <2474.249023, 220.553329, 7493.762695>
[COT 2024-12-10 15:12:14] 76561199072190350: Spawned Entity Гвозди (Nail<6635fe20>, 99, 80, 15, 0) at <2474.233154, 220.628143, 7493.723145>
[COT 2024-12-10 15:12:27] 76561199072190350: Spawned Entity Молоток (Hammer<663620d0>, 99, 100, 15, 0) at <2473.592285, 220.553345, 7494.680664>
[COT 2024-12-10 15:14:04] 76561199072190350: Spawned Entity testing AKM (AKM_Base<661f4a90>, 99, 300, 15, 0) at <2448.187744, 213.733414, 7553.099121>
[COT 2024-12-10 15:14:17] 76561199072190350: ESP: Viewing ESP
[COT 2024-12-10 15:14:24] 76561199072190350: ESP: Clearing ESP
[COT 2024-12-10 15:14:24] 76561199072190350: ESP: Viewing ESP
[COT 2024-12-10 15:16:32] 76561199072190350: Spawned Entity Зараженный (ZmbM_FarmerFat_Base<68b3f180>, 100, -1, 15, 0) at <1546.121704, 184.978165, 7375.573730>
[COT 2024-12-10 15:17:05] 76561199072190350: Spawned Entity Мегафон (Megaphone<6843c650>, 100, 70, 15, 0) at <1542.406616, 186.768250, 7364.437500>
[COT 2024-12-10 15:19:12] 76561199072190350: Spawned Entity Зараженный (ZmbM_FarmerFat_Base<68b4d700>, 100, 120, 15, 0) at <1536.335938, 183.630005, 7379.209961>
[COT 2024-12-10 15:19:39] 76561199072190350: Spawned Entity Зараженный (ZmbM_FarmerFat_Base<68b519f0>, 100, 120, 15, 0) at <1535.496704, 183.629990, 7381.416016>
[COT 2024-12-10 15:20:20] 76561199072190350: Spawned Entity testing AKM (AKM_Base<661f3d80>, 100, 300, 15, 0) at <1527.890991, 183.629990, 7379.454102>
[COT 2024-12-10 15:20:59] 76561199072190350: Spawned Entity Зараженный (ZmbM_CitizenBFat_Base<68b52380>, 100, 300, 15, 0) at <1547.471802, 182.339676, 7431.639160>
