[COT 2024-10-11 11:10:09] 76561199072190350: Activated Community Online Tools [guid=1OEPy6aKlMe0cmo8LieQDvVcsiu6iWAr2PUZdSF5eMI=]
[COT 2024-10-11 11:10:10] 76561199072190350: Set GodMode To true [guid=1OEPy6aKlMe0cmo8LieQDvVcsiu6iWAr2PUZdSF5eMI=]
[COT 2024-10-11 11:10:18] 76561199072190350: Set UnlimitedAmmo To true [guid=1OEPy6aKlMe0cmo8LieQDvVcsiu6iWAr2PUZdSF5eMI=]
[COT 2024-10-11 11:10:30] 76561199072190350: ESP: Viewing ESP
[COT 2024-10-11 11:10:48] 76561199072190350: Storm 1, 0.7, 25
[COT 2024-10-11 11:10:48] 76561199072190350: Overcast 0.532745, 0, 240
[COT 2024-10-11 11:10:48] 76561199072190350: Rain 0, 0, 240
[COT 2024-10-11 11:10:48] 76561199072190350: Fog 0, 0, 240
[COT 2024-10-11 11:10:48] 76561199072190350: Wind <0.396893, 0.000000, 0.612842>, 0.149966, 0.311347
[COT 2024-10-11 11:10:48] 76561199072190350: WindFunction 0.00251473, 0.094114, 14.0666
[COT 2024-10-11 11:10:48] 76561199072190350: Date 2024/10/11 6:0
[COT 2024-10-11 11:10:49] 76561199072190350: Overcast 0, 0, 240
[COT 2024-10-11 11:10:49] 76561199072190350: Rain 0, 0, 240
[COT 2024-10-11 11:10:49] 76561199072190350: Fog 0, 0, 240
[COT 2024-10-11 11:10:49] 76561199072190350: Wind <0.000000, 0.000000, 0.000000>, 0.1, 20
[COT 2024-10-11 11:10:49] 76561199072190350: WindFunction 0, 1, 30
[COT 2024-10-11 11:10:50] 76561199072190350: Date 2024/10/11 12:0
[COT 2024-10-11 11:13:22] 76561199072190350: Set GodMode To false [guid=1OEPy6aKlMe0cmo8LieQDvVcsiu6iWAr2PUZdSF5eMI=]
[COT 2024-10-11 11:14:15] 76561199072190350: Healed [guid=1OEPy6aKlMe0cmo8LieQDvVcsiu6iWAr2PUZdSF5eMI=]
[COT 2024-10-11 11:14:43] 76561199072190350: Set GodMode To true [guid=1OEPy6aKlMe0cmo8LieQDvVcsiu6iWAr2PUZdSF5eMI=]
[COT 2024-10-11 11:15:46] 76561199072190350: Healed [guid=1OEPy6aKlMe0cmo8LieQDvVcsiu6iWAr2PUZdSF5eMI=]
[COT 2024-10-11 11:15:55] 76561199072190350: Set GodMode To false [guid=1OEPy6aKlMe0cmo8LieQDvVcsiu6iWAr2PUZdSF5eMI=]
[COT 2024-10-11 11:17:08] 76561199072190350: Set GodMode To true [guid=1OEPy6aKlMe0cmo8LieQDvVcsiu6iWAr2PUZdSF5eMI=]
[COT 2024-10-11 11:17:10] 76561199072190350: Set GodMode To false [guid=1OEPy6aKlMe0cmo8LieQDvVcsiu6iWAr2PUZdSF5eMI=]
[COT 2024-10-11 11:18:38] 76561199072190350: Set GodMode To true [guid=1OEPy6aKlMe0cmo8LieQDvVcsiu6iWAr2PUZdSF5eMI=]
[COT 2024-10-11 11:19:29] 76561199072190350: Spawned Entity Classic Guitar (ItemBase<f3e137c0>, 50000, 200, 0, 0) at <6574.839355, 5.990000, 2299.794434>
[COT 2024-10-11 11:26:22] 76561199072190350: Date 2024/10/11 6:0
[COT 2024-10-11 11:26:23] 76561199072190350: Overcast 0, 0, 240
[COT 2024-10-11 11:26:23] 76561199072190350: Rain 0, 0, 240
[COT 2024-10-11 11:26:23] 76561199072190350: Fog 0, 0, 240
[COT 2024-10-11 11:26:23] 76561199072190350: Wind <0.000000, 0.000000, 0.000000>, 0.1, 20
[COT 2024-10-11 11:26:23] 76561199072190350: WindFunction 0, 1, 30
[COT 2024-10-11 11:26:24] 76561199072190350: Date 2024/10/11 12:0
