[COT 2025-01-24 12:37:15] 76561199072190350: Activated Community Online Tools [guid=1OEPy6aKlMe0cmo8LieQDvVcsiu6iWAr2PUZdSF5eMI=]
[COT 2025-01-24 12:37:16] 76561199072190350: Set GodMode To true [guid=1OEPy6aKlMe0cmo8LieQDvVcsiu6iWAr2PUZdSF5eMI=]
[COT 2025-01-24 12:37:28] 76561199072190350: Entered the Free Camera
[COT 2025-01-24 12:41:28] 76561199072190350: Deactivated Community Online Tools [guid=1OEPy6aKlMe0cmo8LieQDvVcsiu6iWAr2PUZdSF5eMI=]
[COT 2025-01-24 12:41:31] 76561199072190350: Activated Community Online Tools [guid=1OEPy6aKlMe0cmo8LieQDvVcsiu6iWAr2PUZdSF5eMI=]
[COT 2025-01-24 12:41:32] 76561199072190350: Left the Free Camera
[COT 2025-01-24 12:41:33] 76561199072190350: Set GodMode To false [guid=1OEPy6aKlMe0cmo8LieQDvVcsiu6iWAr2PUZdSF5eMI=]
[COT 2025-01-24 12:41:34] 76561199072190350: Set GodMode To true [guid=1OEPy6aKlMe0cmo8LieQDvVcsiu6iWAr2PUZdSF5eMI=]
[COT 2025-01-24 12:41:52] 76561199072190350: Spawned Entity Гирокоптер (ExpansionBigGyrocopter<f1c72d60>, 100, 2750, 15, 0) at <5878.781738, 87.320404, 2555.428467>
[COT 2025-01-24 12:47:38] 76561199072190350: Spawned Entity Mh-6 Little Bird (ExpansionMh6<53029d0>, 100, 5000, 15, 0) at <8719.343750, 7.018632, 2387.998779>
[COT 2025-01-24 12:48:01] 76561199072190350: Overcast 0, 0, 240
[COT 2025-01-24 12:48:01] 76561199072190350: Rain 0, 0, 240
[COT 2025-01-24 12:48:01] 76561199072190350: Snow 0, 0, 240
[COT 2025-01-24 12:48:01] 76561199072190350: Fog 0, 0, 240
[COT 2025-01-24 12:48:01] 76561199072190350: DynamicFog 0, 0, 0
[COT 2025-01-24 12:48:01] 76561199072190350: WindMagnitude 0, 0, 240
[COT 2025-01-24 12:48:01] 76561199072190350: WindDirection 0, 0, 240
[COT 2025-01-24 12:48:01] 76561199072190350: WindFunction 0, 1, 30
[COT 2025-01-24 12:48:01] 76561199072190350: Date 2017/9/19 0:0
[COT 2025-01-24 12:53:07] 76561199072190350: Spawned Entity СВЧ-308 (TF_SVCh308<84c19e80>, 100, 300, 15, 0) at <10053.213867, 28.123632, 2122.305908>
[COT 2025-01-24 12:53:21] 76561199072190350: Spawned Entity Leupold 3.5-10x40 Mark 4 Scope (AD_LeupoldMk4<28050070>, 100, 50, 15, 0) at <10051.615234, 28.123632, 2123.178711>
[COT 2025-01-24 12:53:37] 76561199072190350: Spawned Entity ATLAS Bipod (AtlasBipod<2ba6a240>, 100, 100, 15, 0) at <10051.719727, 28.123634, 2122.858643>
[COT 2025-01-24 12:53:47] 76561199072190350: Spawned Entity Сошки ATLAS V8 (TF_Atlas_Bipod<2ba7cee0>, 100, 100, 15, 0) at <10051.690430, 28.123632, 2122.299316>
[COT 2025-01-24 12:54:18] 76561199072190350: Set UnlimitedAmmo To true [guid=1OEPy6aKlMe0cmo8LieQDvVcsiu6iWAr2PUZdSF5eMI=]
[COT 2025-01-24 12:55:43] 76561199072190350: Spawned Entity Оск. граната ЕГД-5 (RGD5Grenade<28051890>, 100, 50, 15, 0) at <10053.506836, 28.123632, 2120.845703>
[COT 2025-01-24 12:55:43] 76561199072190350: Spawned Entity Оск. граната ЕГД-5 (RGD5Grenade<280524a0>, 100, 50, 15, 0) at <10053.542969, 28.200722, 2120.807861>
[COT 2025-01-24 12:55:43] 76561199072190350: Spawned Entity Оск. граната ЕГД-5 (RGD5Grenade<2804f460>, 100, 50, 15, 0) at <10053.582031, 28.283804, 2120.767090>
