[COT 2024-10-25 11:35:25] 76561199072190350: Activated Community Online Tools [guid=1OEPy6aKlMe0cmo8LieQDvVcsiu6iWAr2PUZdSF5eMI=]
[COT 2024-10-25 11:36:41] 76561199072190350: Spawned Entity ПП-91 Кедр (Expansion_Kedr_Base<96048a50>, 100, 100, 15, 0) at <11875.397461, 140.000015, 12473.821289>
[COT 2024-10-25 11:36:58] 76561199072190350: Set GodMode To true [guid=1OEPy6aKlMe0cmo8LieQDvVcsiu6iWAr2PUZdSF5eMI=]
[COT 2024-10-25 11:37:47] 76561199072190350: Set GodMode To false [guid=1OEPy6aKlMe0cmo8LieQDvVcsiu6iWAr2PUZdSF5eMI=]
[COT 2024-10-25 11:37:53] 76561199072190350: Spawned Entity Магазин ПП-91 на 20 пат. (Mag_Expansion_Kedr_20Rnd<acbba280>, 20, 100, 15, 0) at <12414.334961, 145.962784, 13050.627930>
[COT 2024-10-25 11:37:54] 76561199072190350: Spawned Entity Магазин ПП-91 на 20 пат. (Mag_Expansion_Kedr_20Rnd<acbc0a90>, 20, 100, 15, 0) at <12414.330078, 145.992676, 13050.598633>
[COT 2024-10-25 11:37:54] 76561199072190350: Spawned Entity Магазин ПП-91 на 20 пат. (Mag_Expansion_Kedr_20Rnd<acbbae10>, 20, 100, 15, 0) at <12414.326172, 146.012543, 13050.580078>
[COT 2024-10-25 11:37:54] 76561199072190350: Spawned Entity Магазин ПП-91 на 20 пат. (Mag_Expansion_Kedr_20Rnd<acbc6710>, 20, 100, 15, 0) at <12414.320313, 146.042465, 13050.550781>
[COT 2024-10-25 11:37:54] 76561199072190350: Spawned Entity Магазин ПП-91 на 20 пат. (Mag_Expansion_Kedr_20Rnd<acbc21b0>, 20, 100, 15, 0) at <12414.316406, 146.062897, 13050.531250>
[COT 2024-10-25 11:37:54] 76561199072190350: Spawned Entity Магазин ПП-91 на 20 пат. (Mag_Expansion_Kedr_20Rnd<acbc4460>, 20, 100, 15, 0) at <12414.312500, 146.092789, 13050.501953>
[COT 2024-10-25 11:37:54] 76561199072190350: Spawned Entity Магазин ПП-91 на 20 пат. (Mag_Expansion_Kedr_20Rnd<acbc89c0>, 20, 100, 15, 0) at <12414.307617, 146.122681, 13050.472656>
[COT 2024-10-25 11:37:55] 76561199072190350: Spawned Entity Магазин ПП-91 на 20 пат. (Mag_Expansion_Kedr_20Rnd<acbc2d40>, 20, 100, 15, 0) at <12414.302734, 146.152603, 13050.444336>
[COT 2024-10-25 11:37:55] 76561199072190350: Spawned Entity Магазин ПП-91 на 20 пат. (Mag_Expansion_Kedr_20Rnd<acbc7e30>, 20, 100, 15, 0) at <12414.298828, 146.173981, 13050.423828>
[COT 2024-10-25 11:37:55] 76561199072190350: Spawned Entity Магазин ПП-91 на 20 пат. (Mag_Expansion_Kedr_20Rnd<acbc9550>, 20, 100, 15, 0) at <12414.295898, 146.193695, 13050.402344>
[COT 2024-10-25 11:37:55] 76561199072190350: Spawned Entity Магазин ПП-91 на 20 пат. (Mag_Expansion_Kedr_20Rnd<acbc72a0>, 20, 100, 15, 0) at <12414.291992, 146.220627, 13050.375977>
[COT 2024-10-25 11:37:55] 76561199072190350: Spawned Entity Магазин ПП-91 на 20 пат. (Mag_Expansion_Kedr_20Rnd<acbca0e0>, 20, 100, 15, 0) at <12414.289063, 146.240723, 13050.356445>
[COT 2024-10-25 11:37:55] 76561199072190350: Spawned Entity Магазин ПП-91 на 20 пат. (Mag_Expansion_Kedr_20Rnd<acbc38d0>, 20, 100, 15, 0) at <12414.284180, 146.270615, 13050.325195>
[COT 2024-10-25 11:37:55] 76561199072190350: Spawned Entity Магазин ПП-91 на 20 пат. (Mag_Expansion_Kedr_20Rnd<acbcac70>, 20, 100, 15, 0) at <12414.279297, 146.300507, 13050.294922>
[COT 2024-10-25 11:37:56] 76561199072190350: Spawned Entity Магазин ПП-91 на 20 пат. (Mag_Expansion_Kedr_20Rnd<acbc5b80>, 20, 100, 15, 0) at <12414.275391, 146.319016, 13050.275391>
[COT 2024-10-25 11:37:56] 76561199072190350: Spawned Entity Магазин ПП-91 на 20 пат. (Mag_Expansion_Kedr_20Rnd<acbcb800>, 20, 100, 15, 0) at <12414.271484, 146.338776, 13050.255859>
[COT 2024-10-25 11:37:56] 76561199072190350: Spawned Entity Магазин ПП-91 на 20 пат. (Mag_Expansion_Kedr_20Rnd<acbc4ff0>, 20, 100, 15, 0) at <12414.268555, 146.357864, 13050.236328>
[COT 2024-10-25 11:40:13] 76561199072190350: ESP: Viewing ESP
[COT 2024-10-25 11:40:54] 76561199072190350: Set GodMode To true [guid=1OEPy6aKlMe0cmo8LieQDvVcsiu6iWAr2PUZdSF5eMI=]
[COT 2024-10-25 11:40:55] 76561199072190350: Set GodMode To false [guid=1OEPy6aKlMe0cmo8LieQDvVcsiu6iWAr2PUZdSF5eMI=]
[COT 2024-10-25 11:41:13] 76561199072190350: Spawned Entity Прицел M4-A1 с рукояткой для переноски (M4_CarryHandleOptic<482535b0>, 100, 47, 15, 0) at <12304.826172, 149.814819, 12881.344727>
[COT 2024-10-25 11:41:26] 76561199072190350: Spawned Entity M4-A1 (M4A1_Base<33431560>, 100, 30, 15, 0) at <12304.779297, 149.863174, 12881.305664>
[COT 2024-10-25 11:43:30] 76561199072190350: Spawned Entity ВСС (VSS<1bfd82c0>, 100, 100, 15, 0) at <12307.471680, 149.774139, 12886.722656>
[COT 2024-10-25 11:43:50] 76561199072190350: Spawned Entity Магазин Вихрь, 30 пат.  (Mag_Vikhr_30Rnd<ad09bf20>, 30, 40, 15, 0) at <12308.699219, 149.781204, 12888.459961>
[COT 2024-10-25 11:43:50] 76561199072190350: Spawned Entity Магазин Вихрь, 30 пат.  (Mag_Vikhr_30Rnd<ad0a32c0>, 30, 40, 15, 0) at <12308.674805, 149.836121, 12888.425781>
[COT 2024-10-25 11:43:50] 76561199072190350: Spawned Entity Магазин Вихрь, 30 пат.  (Mag_Vikhr_30Rnd<ad09cab0>, 30, 40, 15, 0) at <12308.651367, 149.890869, 12888.391602>
[COT 2024-10-25 11:43:51] 76561199072190350: Spawned Entity Магазин Вихрь, 30 пат.  (Mag_Vikhr_30Rnd<ad0a3e50>, 30, 40, 15, 0) at <12308.627930, 149.945786, 12888.357422>
[COT 2024-10-25 11:43:51] 76561199072190350: Spawned Entity Магазин Вихрь, 30 пат.  (Mag_Vikhr_30Rnd<ad09d640>, 30, 40, 15, 0) at <12308.603516, 150.000534, 12888.322266>
[COT 2024-10-25 11:43:51] 76561199072190350: Spawned Entity Магазин Вихрь, 30 пат.  (Mag_Vikhr_30Rnd<ad0a49e0>, 30, 40, 15, 0) at <12308.579102, 150.055450, 12888.288086>
[COT 2024-10-25 11:43:51] 76561199072190350: Spawned Entity Магазин Вихрь, 30 пат.  (Mag_Vikhr_30Rnd<ad61b310>, 30, 40, 15, 0) at <12308.554688, 150.110367, 12888.252930>
[COT 2024-10-25 11:44:49] 76561199072190350: Spawned Entity ВСС (VSS<310d8080>, 30, 100, 15, 0) at <12311.237305, 149.859863, 12890.338867>
[COT 2024-10-25 11:44:51] 76561199072190350: Spawned Entity ВСС (VSS<310de900>, 30, 250, 15, 0) at <12311.166992, 149.907196, 12890.296875>
[COT 2024-10-25 11:46:00] 76561199072190350: Spawned Entity Магазин Вихрь, 30 пат.  (Mag_Vikhr_30Rnd<ad4c9fd0>, 30, 100, 15, 0) at <12309.065430, 149.993057, 12883.358398>
[COT 2024-10-25 11:46:00] 76561199072190350: Spawned Entity Магазин Вихрь, 30 пат.  (Mag_Vikhr_30Rnd<ad4c37c0>, 30, 100, 15, 0) at <12309.060547, 150.028351, 12883.397461>
[COT 2024-10-25 11:46:00] 76561199072190350: Spawned Entity Магазин Вихрь, 30 пат.  (Mag_Vikhr_30Rnd<ad4cfc50>, 30, 100, 15, 0) at <12309.054688, 150.083099, 12883.459961>
[COT 2024-10-25 11:46:01] 76561199072190350: Spawned Entity Магазин Вихрь, 30 пат.  (Mag_Vikhr_30Rnd<ad4cc280>, 30, 100, 15, 0) at <12309.046875, 150.138016, 12883.518555>
[COT 2024-10-25 11:46:01] 76561199072190350: Spawned Entity Магазин Вихрь, 30 пат.  (Mag_Vikhr_30Rnd<ad4cb6f0>, 30, 100, 15, 0) at <12309.043945, 150.174820, 12883.558594>
[COT 2024-10-25 11:46:01] 76561199072190350: Spawned Entity Магазин Вихрь, 30 пат.  (Mag_Vikhr_30Rnd<ad4cf0c0>, 30, 100, 15, 0) at <12309.038086, 150.229736, 12883.619141>
[COT 2024-10-25 11:46:01] 76561199072190350: Spawned Entity Магазин Вихрь, 30 пат.  (Mag_Vikhr_30Rnd<ad4d1370>, 30, 100, 15, 0) at <12309.033203, 150.284485, 12883.678711>
[COT 2024-10-25 11:46:01] 76561199072190350: Spawned Entity Магазин Вихрь, 30 пат.  (Mag_Vikhr_30Rnd<ad4ce530>, 30, 100, 15, 0) at <12309.028320, 150.339401, 12883.737305>
[COT 2024-10-25 11:47:45] 76561199072190350: Set GodMode To true [guid=1OEPy6aKlMe0cmo8LieQDvVcsiu6iWAr2PUZdSF5eMI=]
[COT 2024-10-25 11:47:59] 76561199072190350: Spawned Entity Магазин Вихрь, 30 пат.  (Mag_Vikhr_30Rnd<ad7ed2c0>, 30, 100, 15, 0) at <12781.260742, 188.845032, 12835.063477>
[COT 2024-10-25 11:57:14] 76561199072190350: Set GodMode To false [guid=1OEPy6aKlMe0cmo8LieQDvVcsiu6iWAr2PUZdSF5eMI=]
[COT 2024-10-25 11:57:15] 76561199072190350: Set GodMode To true [guid=1OEPy6aKlMe0cmo8LieQDvVcsiu6iWAr2PUZdSF5eMI=]
