[COT 2025-01-15 12:01:08] 76561199072190350: Activated Community Online Tools [guid=1OEPy6aKlMe0cmo8LieQDvVcsiu6iWAr2PUZdSF5eMI=]
[COT 2025-01-15 12:01:09] 76561199072190350: Set GodMode To true [guid=1OEPy6aKlMe0cmo8LieQDvVcsiu6iWAr2PUZdSF5eMI=]
[COT 2025-01-15 12:01:19] 76561199072190350: Entered the Free Camera
[COT 2025-01-15 12:05:15] 76561199072190350: Teleported 76561199072190350 to position <4555.790527, 339.147614, 10155.857422>
[COT 2025-01-15 12:05:19] 76561199072190350: Left the Free Camera
[COT 2025-01-15 12:05:20] 76561199072190350: Entered the Free Camera
[COT 2025-01-15 12:06:39] 76561199072190350: Teleported 76561199072190350 to position <2511.374023, 139.424332, 3560.549805>
[COT 2025-01-15 12:06:42] 76561199072190350: Left the Free Camera
[COT 2025-01-15 12:06:44] 76561199072190350: Entered the Free Camera
[COT 2025-01-15 12:07:14] 76561199072190350: Teleported 76561199072190350 to position <1678.049072, 451.730011, 14343.136719>
[COT 2025-01-15 12:07:16] 76561199072190350: Left the Free Camera
[COT 2025-01-15 12:07:18] 76561199072190350: Entered the Free Camera
[COT 2025-01-15 12:07:50] 76561199072190350: Left the Free Camera
[COT 2025-01-15 12:09:27] 76561199072190350: Spawned Entity Mk 14 EBR (TF_M14_EBR_Base<e7d4d800>, 100, 300, 15, 0) at <1544.179077, 460.619629, 14085.521484>
[COT 2025-01-15 12:09:35] 76561199072190350: Spawned Entity M14 (TF_M14_Base<e7d5d030>, 100, 300, 15, 0) at <1543.722900, 460.723389, 14084.891602>
[COT 2025-01-15 12:09:45] 76561199072190350: Spawned Entity MAR-10 (TF_MAR10<e7d3f9f0>, 100, 250, 15, 0) at <1543.850586, 460.807648, 14084.988281>
[COT 2025-01-15 12:10:11] 76561199072190350: Spawned Entity CMMG Mk47 Mutant (TF_MK47<e7d5f760>, 100, 300, 15, 0) at <1543.874756, 460.796661, 14084.979492>
[COT 2025-01-15 12:10:17] 76561199072190350: Spawned Entity ОЦ-12 «Тисс» (TF_OTs_12_Tiss<e7d638b0>, 100, 300, 15, 0) at <1542.830322, 460.871613, 14084.150391>
[COT 2025-01-15 12:10:19] 76561199072190350: Spawned Entity ОЦ-12 «Тисс» (TF_OTs_12_Tiss<e7d652d0>, 100, 300, 15, 0) at <1543.102417, 460.827057, 14084.371094>
[COT 2025-01-15 12:10:22] 76561199072190350: Spawned Entity ОЦ-14 «Гроза» (TF_OTs_14_Groza<e7d62ba0>, 100, 300, 15, 0) at <1542.779907, 460.803802, 14084.791016>
[COT 2025-01-15 12:10:55] 76561199072190350: Spawned Entity АЕК-999 Барсук (TF_AEK999<e7d66cf0>, 100, 250, 15, 0) at <1544.055542, 460.855988, 14083.486328>
[COT 2025-01-15 12:12:22] 76561199072190350: Spawned Entity M16A4 (TF_M16A4_Base<e7d3b8a0>, 100, 200, 15, 0) at <1540.652466, 460.963074, 14084.760742>
[COT 2025-01-15 12:13:07] 76561199072190350: Spawned Entity СВЧ-308 (TF_SVCh308<93d0aae0>, 100, 300, 15, 0) at <1541.946777, 460.743591, 14085.876953>
[COT 2025-01-15 12:14:00] 76561199072190350: Spawned Entity Обрез M79 (TF_M79<d2351120>, 100, 300, 15, 0) at <1544.656616, 460.941589, 14082.325195>
[COT 2025-01-15 13:07:23] 76561199072190350: Activated Community Online Tools [guid=1OEPy6aKlMe0cmo8LieQDvVcsiu6iWAr2PUZdSF5eMI=]
[COT 2025-01-15 13:07:24] 76561199072190350: Set GodMode To true [guid=1OEPy6aKlMe0cmo8LieQDvVcsiu6iWAr2PUZdSF5eMI=]
[COT 2025-01-15 13:07:35] 76561199072190350: Overcast 0, 0, 240
[COT 2025-01-15 13:07:35] 76561199072190350: Rain 0, 0, 240
[COT 2025-01-15 13:07:35] 76561199072190350: Snow 0, 0, 240
[COT 2025-01-15 13:07:35] 76561199072190350: Fog 0, 0, 240
[COT 2025-01-15 13:07:35] 76561199072190350: DynamicFog 0, 0, 0
[COT 2025-01-15 13:07:35] 76561199072190350: WindMagnitude 0, 0, 240
[COT 2025-01-15 13:07:35] 76561199072190350: WindDirection 0, 0, 240
[COT 2025-01-15 13:07:35] 76561199072190350: WindFunction 0, 1, 30
[COT 2025-01-15 13:07:41] 76561199072190350: ESP: Clearing ESP
[COT 2025-01-15 13:09:47] 76561199072190350: Spawned Entity ВПО-190 «Горностай» (TF_VPO190_Base<ca5fbe00>, 100, 200, 15, 0) at <1536.494995, 460.769196, 14089.224609>
[COT 2025-01-15 13:11:22] 76561199072190350: Spawned Entity ПБ (TF_MakarovPB<ca60b630>, 4, 100, 15, 0) at <1536.533691, 460.845459, 14089.150391>
[COT 2025-01-15 13:12:57] 76561199072190350: Spawned Entity ВПО-136 "Вепрь-КМ" (TF_VPO136_Base<e7d27f20>, 4, 300, 15, 0) at <1542.278076, 460.454926, 14088.244141>
[COT 2025-01-15 13:14:33] 76561199072190350: Spawned Entity Магазин AK 7,62x39 10 пат. (TF_Mag_AKM_10Rnd<d8d4b90>, 10, 100, 15, 0) at <1546.803223, 459.917114, 14090.089844>
[COT 2025-01-15 13:16:02] 76561199072190350: Spawned Entity Полимерная ствольная накладка КА (AK_PlasticHndgrd<dd3b5c0>, 10, 170, 15, 0) at <1546.813599, 459.910736, 14090.139648>
[COT 2025-01-15 13:16:44] 76561199072190350: Spawned Entity Полимерный приклад КА (AK_PlasticBttstck<dd3c150>, 10, 200, 15, 0) at <1546.929321, 459.885315, 14090.291992>
[COT 2025-01-15 13:16:46] 76561199072190350: Spawned Entity Деревянный приклад КА (AK_WoodBttstck<dd53ee0>, 10, 300, 15, 0) at <1546.871094, 459.963989, 14090.266602>
[COT 2025-01-15 13:18:08] 76561199072190350: Spawned Entity ADAR 2-15 (TF_M4A1_Base<51ac8060>, 10, 250, 15, 0) at <1548.116211, 459.821167, 14090.086914>
[COT 2025-01-15 13:20:02] 76561199072190350: Spawned Entity Деревянное цевье для AR-15 (TF_Handguard_M4_ADAR_Base<ef094a30>, 10, 250, 15, 0) at <1549.469604, 459.912537, 14088.380859>
[COT 2025-01-15 13:20:04] 76561199072190350: Spawned Entity Деревянный приклад для AR-15 (ItemBase<ef0955c0>, 10, 250, 15, 0) at <1549.442871, 459.934326, 14088.398438>
[COT 2025-01-15 13:20:16] 76561199072190350: Spawned Entity Целик A2 для AR-15 (TF_M4_ColtA2Optic<e7a2ba40>, 10, 100, 15, 0) at <1549.494385, 459.915039, 14088.342773>
[COT 2025-01-15 13:21:11] 76561199072190350: Spawned Entity Магазин Magpul PMAG, 10 пат. 5,56x45 мм (TF_Mag_M4_PMAG10Rnd<f317340>, 10, 100, 15, 0) at <1547.995361, 460.113586, 14087.547852>
[COT 2025-01-15 13:22:28] 76561199072190350: Spawned Entity MP-443 «Грач» (TF_MP443_Base<e7d61e90>, 10, 150, 15, 0) at <1550.376465, 459.671570, 14089.943359>
[COT 2025-01-15 13:23:08] 76561199072190350: Spawned Entity Магазин MP-443 «Грач», 18 пат. (TF_Mag_MP443_18Rnd<10048610>, 18, 100, 15, 0) at <1549.121460, 459.702911, 14090.486328>
[COT 2025-01-15 13:23:09] 76561199072190350: Spawned Entity Магазин MP-443 «Грач», 18 пат. (TF_Mag_MP443_18Rnd<10047a80>, 18, 100, 15, 0) at <1549.133545, 459.765350, 14090.427734>
[COT 2025-01-15 13:25:06] 76561199072190350: Spawned Entity Kolt 1911 (Colt1911<e7d53370>, 40, 200, 15, 0) at <1546.370972, 460.080475, 14088.910156>
