[COT 2025-01-12 18:35:05] 76561199072190350: Activated Community Online Tools [guid=1OEPy6aKlMe0cmo8LieQDvVcsiu6iWAr2PUZdSF5eMI=]
[COT 2025-01-12 18:35:05] 76561199072190350: Set GodMode To true [guid=1OEPy6aKlMe0cmo8LieQDvVcsiu6iWAr2PUZdSF5eMI=]
[COT 2025-01-12 18:38:44] 76561199072190350: Spawned Entity Gunter 2 (Hatchback_02_Black<e59b130>, 100, 1000, 15, 0) at <13189.394531, 6.026157, 7168.106445>
[COT 2025-01-12 18:38:55] 76561199072190350: Spawned Entity Мотоциклетный шлем (MotoHelmet_Blue<351959a0>, 100, 60, 15, 0) at <13191.338867, 6.025734, 7169.004395>
[COT 2025-01-12 18:39:20] 76561199072190350: Set GodMode To false [guid=1OEPy6aKlMe0cmo8LieQDvVcsiu6iWAr2PUZdSF5eMI=]
[COT 2025-01-12 18:40:41] 76561199072190350: Healed [guid=1OEPy6aKlMe0cmo8LieQDvVcsiu6iWAr2PUZdSF5eMI=]
[COT 2025-01-12 18:40:56] 76561199072190350: Set GodMode To true [guid=1OEPy6aKlMe0cmo8LieQDvVcsiu6iWAr2PUZdSF5eMI=]
[COT 2025-01-12 18:42:23] 76561199072190350: Deactivated Community Online Tools [guid=1OEPy6aKlMe0cmo8LieQDvVcsiu6iWAr2PUZdSF5eMI=]
[COT 2025-01-12 18:42:28] 76561199072190350: Activated Community Online Tools [guid=1OEPy6aKlMe0cmo8LieQDvVcsiu6iWAr2PUZdSF5eMI=]
[COT 2025-01-12 18:42:39] 76561199072190350: Spawned Entity Gunter 2 (Hatchback_02<e5ae5a0>, 100, 1000, 15, 0) at <13249.019531, 5.889909, 7057.454590>
[COT 2025-01-12 18:42:41] 76561199072190350: Spawned Entity Gunter 2 (Hatchback_02_Black<e5a6170>, 100, 1000, 15, 0) at <13246.651367, 5.888573, 7056.960449>
[COT 2025-01-12 18:42:45] 76561199072190350: Spawned Entity Gunter 2 (Hatchback_02_Blue<e5ab990>, 100, 1000, 15, 0) at <13244.061523, 5.889464, 7056.169922>
[COT 2025-01-12 18:42:48] 76561199072190350: Spawned Entity Gunter 2 (Hatchback_02_Black<e5b11b0>, 100, 1000, 15, 0) at <13241.674805, 5.891483, 7055.283691>
[COT 2025-01-12 18:42:51] 76561199072190350: Spawned Entity Gunter 2 (Hatchback_02<e5a8d80>, 100, 1000, 15, 0) at <13239.062500, 5.892893, 7054.832520>
[COT 2025-01-12 18:43:05] 76561199072190350: Set GodMode To false [guid=1OEPy6aKlMe0cmo8LieQDvVcsiu6iWAr2PUZdSF5eMI=]
[COT 2025-01-12 18:43:27] 76561199072190350: Set GodMode To true [guid=1OEPy6aKlMe0cmo8LieQDvVcsiu6iWAr2PUZdSF5eMI=]
[COT 2025-01-12 18:43:27] 76561199072190350: Set GodMode To false [guid=1OEPy6aKlMe0cmo8LieQDvVcsiu6iWAr2PUZdSF5eMI=]
[COT 2025-01-12 18:43:57] 76561199072190350: Set GodMode To true [guid=1OEPy6aKlMe0cmo8LieQDvVcsiu6iWAr2PUZdSF5eMI=]
[COT 2025-01-12 18:44:12] 76561199072190350: Spawned Entity КАС-74У (AKS74U<26d5e860>, 100, 250, 15, 0) at <13203.705078, 6.370843, 7141.361328>
[COT 2025-01-12 18:44:41] 76561199072190350: Deleted Entity Hatchback_02:20739 at <13200.789063, 6.297475, 7154.021973>
[COT 2025-01-12 18:44:57] 76561199072190350: Spawned Entity Gunter 2 (Hatchback_02<e5ab990>, 100, 1000, 15, 0) at <13278.102539, 5.929521, 6984.455566>
[COT 2025-01-12 18:44:59] 76561199072190350: Set GodMode To false [guid=1OEPy6aKlMe0cmo8LieQDvVcsiu6iWAr2PUZdSF5eMI=]
[COT 2025-01-12 18:45:46] 76561199072190350: Spawned Entity Gunter 2 (Hatchback_02<e5ae5a0>, 100, 1000, 15, 0) at <13280.342773, 5.921118, 6983.266113>
[COT 2025-01-12 18:45:48] 76561199072190350: Set GodMode To true [guid=1OEPy6aKlMe0cmo8LieQDvVcsiu6iWAr2PUZdSF5eMI=]
[COT 2025-01-12 18:45:49] 76561199072190350: Set GodMode To false [guid=1OEPy6aKlMe0cmo8LieQDvVcsiu6iWAr2PUZdSF5eMI=]
[COT 2025-01-12 18:46:13] 76561199072190350: Healed [guid=1OEPy6aKlMe0cmo8LieQDvVcsiu6iWAr2PUZdSF5eMI=]
[COT 2025-01-12 18:46:16] 76561199072190350: Set GodMode To true [guid=1OEPy6aKlMe0cmo8LieQDvVcsiu6iWAr2PUZdSF5eMI=]
[COT 2025-01-12 18:46:17] 76561199072190350: Set GodMode To false [guid=1OEPy6aKlMe0cmo8LieQDvVcsiu6iWAr2PUZdSF5eMI=]
[COT 2025-01-12 18:46:55] 76561199072190350: Healed [guid=1OEPy6aKlMe0cmo8LieQDvVcsiu6iWAr2PUZdSF5eMI=]
[COT 2025-01-12 18:47:35] 76561199072190350: Spawned Entity Gunter 2 (Hatchback_02<e5ab990>, 100, 1000, 15, 0) at <13279.252930, 5.943228, 6981.819824>
[COT 2025-01-12 18:48:55] 76561199072190350: Healed [guid=1OEPy6aKlMe0cmo8LieQDvVcsiu6iWAr2PUZdSF5eMI=]
[COT 2025-01-12 18:52:26] 76561199072190350: Spawned Entity CR-550 Savanna (CZ550_Base<26d79770>, 100, 300, 15, 0) at <13195.033203, 6.251093, 7151.477539>
[COT 2025-01-12 18:52:45] 76561199072190350: Set GodMode To true [guid=1OEPy6aKlMe0cmo8LieQDvVcsiu6iWAr2PUZdSF5eMI=]
[COT 2025-01-12 18:53:48] 76561199072190350: Spawned Entity CR-550 Savanna (CZ550_Base<bd4e8bb0>, 100, 300, 15, 0) at <13195.880859, 6.504462, 7153.201660>
[COT 2025-01-12 18:55:42] 76561199072190350: Spawned Entity Автомобильный радиатор (CarRadiator<39bd82a0>, 100, 500, 15, 0) at <6913.109863, 38.073082, 3422.693115>
[COT 2025-01-12 18:56:01] 76561199072190350: Spawned Entity Автомобильный аккумулятор (CarBattery<3cc5aa50>, 50, 200, 15, 0) at <6915.774414, 38.128014, 3419.857666>
[COT 2025-01-12 18:56:20] 76561199072190350: Spawned Entity Свеча зажигания (SparkPlug<3cc5d890>, 50, 20, 15, 0) at <6914.466797, 38.248646, 3420.319092>
[COT 2025-01-12 18:56:52] 76561199072190350: Spawned Entity Вайга (Saiga<cb4d18a0>, 50, 250, 15, 0) at <6911.091309, 38.084064, 3421.810059>
[COT 2025-01-12 18:58:24] 76561199072190350: Spawned Entity Вайга (Saiga<d20deba0>, 100, 250, 15, 0) at <12050.008789, 5.879209, 3597.053467>
[COT 2025-01-12 19:00:00] 76561199072190350: Spawned Entity Эпоксидная шпатлевка (EpoxyPutty<3cb06a40>, 100, 50, 15, 0) at <12057.110352, 5.971812, 3591.242188>
