[COT 2024-09-26 15:50:02] 76561199072190350: Activated Community Online Tools [guid=1OEPy6aKlMe0cmo8LieQDvVcsiu6iWAr2PUZdSF5eMI=]
[COT 2024-09-26 15:50:04] 76561199072190350: Set GodMode To true [guid=1OEPy6aKlMe0cmo8LieQDvVcsiu6iWAr2PUZdSF5eMI=]
[COT 2024-09-26 15:50:08] 76561199072190350: Overcast 0, 0, 240
[COT 2024-09-26 15:50:08] 76561199072190350: Rain 0, 0, 240
[COT 2024-09-26 15:50:08] 76561199072190350: Fog 0, 0, 240
[COT 2024-09-26 15:50:08] 76561199072190350: Wind <0.000000, 0.000000, 0.000000>, 0.1, 20
[COT 2024-09-26 15:50:08] 76561199072190350: WindFunction 0, 1, 30
[COT 2024-09-26 15:50:09] 76561199072190350: Storm 1, 0.7, 25
[COT 2024-09-26 15:50:09] 76561199072190350: Overcast 0.599137, 0, 240
[COT 2024-09-26 15:50:09] 76561199072190350: RainThreshold 0.5, 1, 120
[COT 2024-09-26 15:50:09] 76561199072190350: Rain 0.72335, 0, 240
[COT 2024-09-26 15:50:09] 76561199072190350: Fog 0.851382, 0, 240
[COT 2024-09-26 15:50:09] 76561199072190350: Wind <0.324137, 0.000000, 0.450179>, 3.5044, 11.752
[COT 2024-09-26 15:50:09] 76561199072190350: WindFunction 0.0733665, 0.576487, 12.6933
[COT 2024-09-26 15:50:10] 76561199072190350: Overcast 0, 0, 240
[COT 2024-09-26 15:50:10] 76561199072190350: Rain 0, 0, 240
[COT 2024-09-26 15:50:10] 76561199072190350: Fog 0, 0, 240
[COT 2024-09-26 15:50:10] 76561199072190350: Wind <0.000000, 0.000000, 0.000000>, 0.1, 20
[COT 2024-09-26 15:50:10] 76561199072190350: WindFunction 0, 1, 30
[COT 2024-09-26 15:50:11] 76561199072190350: Date 2024/9/25 0:0
[COT 2024-09-26 15:50:11] 76561199072190350: Date 2024/9/26 12:0
[COT 2024-09-26 15:52:39] 76561199072190350: Teleported 76561199072190350 to position <7054.624512, 294.538330, 7665.880859>
[COT 2024-09-26 15:55:03] 76561199072190350: Set GodMode To false [guid=1OEPy6aKlMe0cmo8LieQDvVcsiu6iWAr2PUZdSF5eMI=]
[COT 2024-09-26 15:55:04] 76561199072190350: Set GodMode To true [guid=1OEPy6aKlMe0cmo8LieQDvVcsiu6iWAr2PUZdSF5eMI=]
[COT 2024-09-26 15:55:13] 76561199072190350: Teleported 76561199072190350 to position <5990.308594, 301.408142, 7877.865723>
[COT 2024-09-26 16:00:11] 76561199072190350: Set GodMode To false [guid=1OEPy6aKlMe0cmo8LieQDvVcsiu6iWAr2PUZdSF5eMI=]
[COT 2024-09-26 16:00:12] 76561199072190350: Set GodMode To true [guid=1OEPy6aKlMe0cmo8LieQDvVcsiu6iWAr2PUZdSF5eMI=]
[COT 2024-09-26 16:00:18] 76561199072190350: Teleported 76561199072190350 to position <678.000000, 142.663986, 5442.563965>
[COT 2024-09-26 16:00:23] 76561199072190350: Set GodMode To false [guid=1OEPy6aKlMe0cmo8LieQDvVcsiu6iWAr2PUZdSF5eMI=]
[COT 2024-09-26 16:00:24] 76561199072190350: Set GodMode To true [guid=1OEPy6aKlMe0cmo8LieQDvVcsiu6iWAr2PUZdSF5eMI=]
[COT 2024-09-26 16:01:46] 76561199072190350: Teleported 76561199072190350 to position <1371.354004, 138.040161, 4063.270508>
[COT 2024-09-26 16:02:02] 76561199072190350: Teleported 76561199072190350 to position <1573.511841, 138.990158, 3925.477295>
[COT 2024-09-26 16:04:48] 76561199072190350: Teleported 76561199072190350 to position <7567.605469, 213.985001, 5117.155273>
