[COT 2025-01-20 10:14:19] 76561199072190350: Activated Community Online Tools [guid=1OEPy6aKlMe0cmo8LieQDvVcsiu6iWAr2PUZdSF5eMI=]
[COT 2025-01-20 10:14:20] 76561199072190350: Set GodMode To true [guid=1OEPy6aKlMe0cmo8LieQDvVcsiu6iWAr2PUZdSF5eMI=]
[COT 2025-01-20 10:14:50] 76561199072190350: Teleported 76561199072190350 to position <3764.174072, 403.455811, 5985.318359>
[COT 2025-01-20 10:16:03] 76561199072190350: Spawned Entity FN Five-seveN (TF_FiveSeven<51da1e30>, 100, 150, 15, 0) at <3701.666504, 402.000000, 5986.255371>
[COT 2025-01-20 10:16:47] 76561199072190350: Spawned Entity Рюкзак CamelBak Daysack (Clothing<5a0224b0>, 100, 150, 15, 0) at <3701.581299, 402.000000, 5988.763184>
[COT 2025-01-20 10:16:52] 76561199072190350: Spawned Entity Боевые Штаны G3 (TF_G3CombatPants_ColorBase<6883c370>, 100, 100, 15, 0) at <3701.680176, 402.156372, 5988.525879>
[COT 2025-01-20 10:16:58] 76561199072190350: Spawned Entity Куртка 6ш122 (TF_6sh122Jacket_Autumn<6883da90>, 100, 150, 15, 0) at <3701.763428, 402.294617, 5988.329590>
[COT 2025-01-20 10:17:01] 76561199072190350: Spawned Entity Боевая Рубашка G3 (TF_G3CombatShirt_ColorBase<68842b80>, 100, 90, 15, 0) at <3701.891113, 402.495941, 5988.024414>
[COT 2025-01-20 10:17:23] 76561199072190350: Set UnlimitedAmmo To true [guid=1OEPy6aKlMe0cmo8LieQDvVcsiu6iWAr2PUZdSF5eMI=]
[COT 2025-01-20 10:17:37] 76561199072190350: Teleported 76561199072190350 to position <1697.113525, 143.806824, 3826.100586>
[COT 2025-01-20 10:17:39] 76561199072190350: Teleported 76561199072190350 to position <2053.045898, 99.572151, 3329.848877>
[COT 2025-01-20 10:19:08] 76561199072190350: Entered the Free Camera
[COT 2025-01-20 10:19:29] 76561199072190350: Left the Free Camera
[COT 2025-01-20 10:20:09] 76561199072190350: Set GodMode To false [guid=1OEPy6aKlMe0cmo8LieQDvVcsiu6iWAr2PUZdSF5eMI=]
[COT 2025-01-20 10:20:11] 76561199072190350: Set GodMode To true [guid=1OEPy6aKlMe0cmo8LieQDvVcsiu6iWAr2PUZdSF5eMI=]
[COT 2025-01-20 10:20:53] 76561199072190350: Teleported 76561199072190350 to position <10359.154297, 52.092838, 3704.205322>
[COT 2025-01-20 10:21:19] 76561199072190350: Entered the Free Camera
[COT 2025-01-20 10:21:29] 76561199072190350: Left the Free Camera
[COT 2025-01-20 10:22:05] 76561199072190350: Teleported 76561199072190350 to position <3753.905273, 403.862823, 5975.838379>
[COT 2025-01-20 10:22:37] 76561199072190350: Teleported 76561199072190350 to position <726.416260, 51.836613, 2440.616455>
[COT 2025-01-20 10:22:53] 76561199072190350: Entered the Free Camera
[COT 2025-01-20 10:23:59] 76561199072190350: Left the Free Camera
[COT 2025-01-20 10:24:59] 76561199072190350: Entered the Free Camera
