[COT 2024-10-11 17:48:06] 76561199072190350: Activated Community Online Tools [guid=1OEPy6aKlMe0cmo8LieQDvVcsiu6iWAr2PUZdSF5eMI=]
[COT 2024-10-11 17:48:07] 76561199072190350: Set GodMode To true [guid=1OEPy6aKlMe0cmo8LieQDvVcsiu6iWAr2PUZdSF5eMI=]
[COT 2024-10-11 17:48:12] 76561199072190350: Teleported 1OEPy6aKlMe0cmo8LieQDvVcsiu6iWAr2PUZdSF5eMI= to (Zelenaya gora, <3769.105957, 401.759277, 6008.646973>)
[COT 2024-10-11 17:48:40] 76561199072190350: Set Invisibility To 1 [guid=1OEPy6aKlMe0cmo8LieQDvVcsiu6iWAr2PUZdSF5eMI=]
[COT 2024-10-11 17:48:54] 76561199072190350: Date 2024/10/11 6:0
[COT 2024-10-11 17:48:56] 76561199072190350: Overcast 0, 0, 240
[COT 2024-10-11 17:48:56] 76561199072190350: Rain 0, 0, 240
[COT 2024-10-11 17:48:56] 76561199072190350: Fog 0, 0, 240
[COT 2024-10-11 17:48:56] 76561199072190350: Wind <0.000000, 0.000000, 0.000000>, 0.1, 20
[COT 2024-10-11 17:48:56] 76561199072190350: WindFunction 0, 1, 30
[COT 2024-10-11 17:48:57] 76561199072190350: Storm 1, 0.7, 25
[COT 2024-10-11 17:48:57] 76561199072190350: Overcast 0.621915, 0, 240
[COT 2024-10-11 17:48:57] 76561199072190350: RainThreshold 0.5, 1, 120
[COT 2024-10-11 17:48:57] 76561199072190350: Rain 0.827021, 0, 240
[COT 2024-10-11 17:48:57] 76561199072190350: Fog 0.442779, 0, 240
[COT 2024-10-11 17:48:57] 76561199072190350: Wind <0.133091, 0.000000, 0.079562>, 0.953934, 3.51252
[COT 2024-10-11 17:48:57] 76561199072190350: WindFunction 0.276815, 0.486331, 5.93921
[COT 2024-10-11 17:48:59] 76561199072190350: Overcast 0, 0, 240
[COT 2024-10-11 17:48:59] 76561199072190350: Rain 0, 0, 240
[COT 2024-10-11 17:48:59] 76561199072190350: Fog 0, 0, 240
[COT 2024-10-11 17:48:59] 76561199072190350: Wind <0.000000, 0.000000, 0.000000>, 0.1, 20
[COT 2024-10-11 17:48:59] 76561199072190350: WindFunction 0, 1, 30
[COT 2024-10-11 17:49:33] 76561199072190350: Teleported 76561199072190350 to position <11600.076172, 57.910000, 14693.235352>
[COT 2024-10-11 17:51:30] 76561199072190350: Teleported 1OEPy6aKlMe0cmo8LieQDvVcsiu6iWAr2PUZdSF5eMI= to (Zelenaya gora, <3767.601563, 401.728699, 6010.951660>)
