[COT 2024-09-20 16:11:33] 76561199072190350: Activated Community Online Tools [guid=1OEPy6aKlMe0cmo8LieQDvVcsiu6iWAr2PUZdSF5eMI=]
[COT 2024-09-20 16:11:34] 76561199072190350: Set GodMode To true [guid=1OEPy6aKlMe0cmo8LieQDvVcsiu6iWAr2PUZdSF5eMI=]
[COT 2024-09-20 16:11:42] 76561199072190350: Set Invisibility To 1 [guid=1OEPy6aKlMe0cmo8LieQDvVcsiu6iWAr2PUZdSF5eMI=]
[COT 2024-09-20 16:11:50] 76561199072190350: Date 2024/9/19 6:0
[COT 2024-09-20 16:32:54] 76561199072190350: Activated Community Online Tools [guid=1OEPy6aKlMe0cmo8LieQDvVcsiu6iWAr2PUZdSF5eMI=]
[COT 2024-09-20 16:32:56] 76561199072190350: Set GodMode To true [guid=1OEPy6aKlMe0cmo8LieQDvVcsiu6iWAr2PUZdSF5eMI=]
[COT 2024-09-20 16:35:10] 76561199072190350: Teleported [guid=1OEPy6aKlMe0cmo8LieQDvVcsiu6iWAr2PUZdSF5eMI=] to <3700.000000, 20.063801, 2424.820068>
[COT 2024-09-20 16:36:37] 76561199072190350: Teleported [guid=1OEPy6aKlMe0cmo8LieQDvVcsiu6iWAr2PUZdSF5eMI=] to <1650.979980, 6.435190, 2200.000000>
[COT 2024-09-20 16:41:53] 76561199072190350: Teleported [guid=1OEPy6aKlMe0cmo8LieQDvVcsiu6iWAr2PUZdSF5eMI=] to <4566.879883, 55.008801, 2778.909912>
[COT 2024-09-20 16:42:10] 76561199072190350: Teleported [guid=1OEPy6aKlMe0cmo8LieQDvVcsiu6iWAr2PUZdSF5eMI=] to <4566.879883, 4.055600, 2550.540039>
[COT 2024-09-20 16:42:15] 76561199072190350: Teleported [guid=1OEPy6aKlMe0cmo8LieQDvVcsiu6iWAr2PUZdSF5eMI=] to <4566.879883, 7.055600, 2550.540039>
[COT 2024-09-20 16:42:18] 76561199072190350: Teleported [guid=1OEPy6aKlMe0cmo8LieQDvVcsiu6iWAr2PUZdSF5eMI=] to <4566.879883, 8.055600, 2550.540039>
[COT 2024-09-20 16:42:18] 76561199072190350: Teleported [guid=1OEPy6aKlMe0cmo8LieQDvVcsiu6iWAr2PUZdSF5eMI=] to <4566.879883, 8.055600, 2550.540039>
[COT 2024-09-20 16:42:23] 76561199072190350: Teleported [guid=1OEPy6aKlMe0cmo8LieQDvVcsiu6iWAr2PUZdSF5eMI=] to <4566.879883, 9.055600, 2550.540039>
[COT 2024-09-20 16:42:27] 76561199072190350: Teleported [guid=1OEPy6aKlMe0cmo8LieQDvVcsiu6iWAr2PUZdSF5eMI=] to <4566.879883, 10.055600, 2550.540039>
[COT 2024-09-20 16:43:44] 76561199072190350: Teleported [guid=1OEPy6aKlMe0cmo8LieQDvVcsiu6iWAr2PUZdSF5eMI=] to <5500.879883, 10.055600, 2550.540039>
[COT 2024-09-20 16:43:49] 76561199072190350: Teleported [guid=1OEPy6aKlMe0cmo8LieQDvVcsiu6iWAr2PUZdSF5eMI=] to <5500.879883, 100.055603, 2550.540039>
[COT 2024-09-20 16:45:46] 76561199072190350: Teleported [guid=1OEPy6aKlMe0cmo8LieQDvVcsiu6iWAr2PUZdSF5eMI=] to <5573.029785, 100.319702, 2502.879883>
[COT 2024-09-20 16:47:40] 76561199072190350: Teleported [guid=1OEPy6aKlMe0cmo8LieQDvVcsiu6iWAr2PUZdSF5eMI=] to <6000.189941, 69.073303, 2228.040039>
[COT 2024-09-20 16:49:53] 76561199072190350: Teleported [guid=1OEPy6aKlMe0cmo8LieQDvVcsiu6iWAr2PUZdSF5eMI=] to <6500.439941, 100.042480, 2500.639893>
[COT 2024-09-20 16:54:59] 76561199072190350: Teleported [guid=1OEPy6aKlMe0cmo8LieQDvVcsiu6iWAr2PUZdSF5eMI=] to <6600.689941, 100.450462, 3000.419922>
[COT 2024-09-20 16:57:35] 76561199072190350: Teleported [guid=1OEPy6aKlMe0cmo8LieQDvVcsiu6iWAr2PUZdSF5eMI=] to <12300.000000, 104.012497, 3532.520020>
