[COT 2025-01-29 15:03:17] 76561199072190350: Activated Community Online Tools [guid=1OEPy6aKlMe0cmo8LieQDvVcsiu6iWAr2PUZdSF5eMI=]
[COT 2025-01-29 15:03:36] 76561199072190350: Spawned Entity Frozen Radio (ItemBase<547c90b0>, 100, 100, 15, 0) at <11844.666016, 140.605072, 12464.609375>
[COT 2025-01-29 15:03:36] 76561199072190350: Spawned Entity Frozen Radio (ItemBase<547cca80>, 100, 100, 15, 0) at <11844.725586, 140.656082, 12464.642578>
[COT 2025-01-29 15:03:36] 76561199072190350: Spawned Entity Frozen Radio (ItemBase<547cbef0>, 100, 100, 15, 0) at <11844.821289, 140.738495, 12464.698242>
[COT 2025-01-29 15:03:36] 76561199072190350: Spawned Entity Frozen Radio (ItemBase<547cd610>, 100, 100, 15, 0) at <11844.882813, 140.790878, 12464.732422>
[COT 2025-01-29 15:03:37] 76561199072190350: Spawned Entity Frozen Radio (ItemBase<547cb360>, 100, 100, 15, 0) at <11845.001953, 140.893219, 12464.800781>
[COT 2025-01-29 15:03:37] 76561199072190350: Spawned Entity Frozen Radio (ItemBase<547ced30>, 100, 100, 15, 0) at <11845.065430, 140.948334, 12464.837891>
[COT 2025-01-29 15:03:37] 76561199072190350: Spawned Entity Frozen Radio (ItemBase<547cf8c0>, 100, 100, 15, 0) at <11845.131836, 141.005539, 12464.875977>
[COT 2025-01-29 15:03:37] 76561199072190350: Spawned Entity Frozen Radio (ItemBase<547d0fe0>, 100, 100, 15, 0) at <11845.198242, 141.062119, 12464.914063>
[COT 2025-01-29 15:03:37] 76561199072190350: Spawned Entity Frozen Radio (ItemBase<547d0450>, 100, 100, 15, 0) at <11845.316406, 141.164215, 12464.981445>
[COT 2025-01-29 15:03:37] 76561199072190350: Spawned Entity Frozen Radio (ItemBase<547ce1a0>, 100, 100, 15, 0) at <11845.417969, 141.251709, 12465.040039>
[COT 2025-01-29 15:03:37] 76561199072190350: Spawned Entity Frozen Radio (ItemBase<547d1b70>, 100, 100, 15, 0) at <11845.493164, 141.315842, 12465.083008>
[COT 2025-01-29 15:03:38] 76561199072190350: Spawned Entity Frozen Radio (ItemBase<547d49b0>, 100, 100, 15, 0) at <11845.610352, 141.417084, 12465.150391>
[COT 2025-01-29 15:03:38] 76561199072190350: Spawned Entity Frozen Radio (ItemBase<547c9c40>, 100, 100, 15, 0) at <11845.646484, 141.448074, 12465.170898>
[COT 2025-01-29 15:03:38] 76561199072190350: Spawned Entity Frozen Radio (ItemBase<547ca7d0>, 100, 100, 15, 0) at <11845.713867, 141.505402, 12465.208984>
[COT 2025-01-29 15:03:38] 76561199072190350: Spawned Entity Frozen Radio (ItemBase<547d3e20>, 100, 100, 15, 0) at <11845.763672, 141.548309, 12465.238281>
[COT 2025-01-29 15:03:38] 76561199072190350: Spawned Entity Frozen Radio (ItemBase<547d5540>, 100, 100, 15, 0) at <11845.882813, 141.651230, 12465.306641>
[COT 2025-01-29 15:03:38] 76561199072190350: Spawned Entity Frozen Radio (ItemBase<547d2700>, 100, 100, 15, 0) at <11845.919922, 141.683182, 12465.328125>
[COT 2025-01-29 15:03:38] 76561199072190350: Spawned Entity Frozen Radio (ItemBase<547d60d0>, 100, 100, 15, 0) at <11845.987305, 141.741119, 12465.366211>
[COT 2025-01-29 15:03:39] 76561199072190350: Spawned Entity Frozen Radio (ItemBase<547d3290>, 100, 100, 15, 0) at <11846.061523, 141.804916, 12465.409180>
[COT 2025-01-29 15:03:39] 76561199072190350: Spawned Entity Frozen Radio (ItemBase<547d77f0>, 100, 100, 15, 0) at <11846.135742, 141.868988, 12465.452148>
[COT 2025-01-29 15:03:39] 76561199072190350: Spawned Entity Frozen Radio (ItemBase<547d8380>, 100, 100, 15, 0) at <11846.201172, 141.925156, 12465.489258>
[COT 2025-01-29 15:03:39] 76561199072190350: Spawned Entity Frozen Radio (ItemBase<4f28dea0>, 100, 100, 15, 0) at <11846.256836, 141.972672, 12465.520508>
[COT 2025-01-29 15:03:39] 76561199072190350: Spawned Entity Frozen Radio (ItemBase<4f28ea30>, 100, 100, 15, 0) at <11846.327148, 142.033066, 12465.561523>
[COT 2025-01-29 15:03:39] 76561199072190350: Spawned Entity Frozen Radio (ItemBase<59643850>, 100, 100, 15, 0) at <11846.379883, 142.078568, 12465.591797>
[COT 2025-01-29 15:03:39] 76561199072190350: Spawned Entity Frozen Radio (ItemBase<596443e0>, 100, 100, 15, 0) at <11846.417969, 142.111160, 12465.613281>
[COT 2025-01-29 15:03:40] 76561199072190350: Spawned Entity Frozen Radio (ItemBase<596415a0>, 100, 100, 15, 0) at <11846.486328, 142.170258, 12465.652344>
[COT 2025-01-29 15:03:40] 76561199072190350: Spawned Entity Frozen Radio (ItemBase<59642130>, 100, 100, 15, 0) at <11846.606445, 142.273132, 12465.721680>
[COT 2025-01-29 15:03:40] 76561199072190350: Spawned Entity Frozen Radio (ItemBase<59642cc0>, 100, 100, 15, 0) at <11846.692383, 142.346985, 12465.770508>
[COT 2025-01-29 15:03:40] 76561199072190350: Spawned Entity Frozen Radio (ItemBase<59644f70>, 100, 100, 15, 0) at <11846.788086, 142.429504, 12465.825195>
[COT 2025-01-29 15:03:40] 76561199072190350: Spawned Entity Frozen Radio (ItemBase<59648940>, 100, 100, 15, 0) at <11846.856445, 142.488678, 12465.865234>
[COT 2025-01-29 15:03:40] 76561199072190350: Spawned Entity Frozen Radio (ItemBase<59647db0>, 100, 100, 15, 0) at <11846.928711, 142.550156, 12465.906250>
[COT 2025-01-29 15:03:41] 76561199072190350: Spawned Entity Frozen Radio (ItemBase<59647220>, 100, 100, 15, 0) at <11847.000977, 142.612396, 12465.947266>
[COT 2025-01-29 15:03:41] 76561199072190350: Spawned Entity Frozen Radio (ItemBase<59645b00>, 100, 100, 15, 0) at <11847.040039, 142.646164, 12465.969727>
[COT 2025-01-29 15:03:41] 76561199072190350: Spawned Entity Frozen Radio (ItemBase<59646690>, 100, 100, 15, 0) at <11847.090820, 142.689880, 12465.999023>
[COT 2025-01-29 15:03:41] 76561199072190350: Spawned Entity Frozen Radio (ItemBase<5964b780>, 100, 100, 15, 0) at <11847.188477, 142.774246, 12466.055664>
[COT 2025-01-29 15:03:41] 76561199072190350: Spawned Entity Frozen Radio (ItemBase<5964abf0>, 100, 100, 15, 0) at <11847.251953, 142.828293, 12466.091797>
[COT 2025-01-29 15:04:04] 76561199072190350: Deleted Entity ExpansionQuestItem_NamalskRadio:62554 at <11845.417969, 141.292297, 12465.040039>
[COT 2025-01-29 15:04:05] 76561199072190350: Deleted Entity ExpansionQuestItem_NamalskRadio:62555 at <11845.493164, 141.356430, 12465.083008>
[COT 2025-01-29 15:04:09] 76561199072190350: Deleted Entity ExpansionQuestItem_NamalskRadio:62560 at <11846.135742, 141.909576, 12465.452148>
[COT 2025-01-29 15:04:10] 76561199072190350: Deleted Entity ExpansionQuestItem_NamalskRadio:40298 at <11846.201172, 141.965744, 12465.489258>
[COT 2025-01-29 15:04:11] 76561199072190350: Deleted Entity ExpansionQuestItem_NamalskRadio:62561 at <11846.256836, 142.013260, 12465.520508>
[COT 2025-01-29 15:04:12] 76561199072190350: Deleted Entity ExpansionQuestItem_NamalskRadio:39620 at <11846.327148, 142.073654, 12465.561523>
[COT 2025-01-29 15:04:15] 76561199072190350: Deleted Entity ExpansionQuestItem_NamalskRadio:38203 at <11846.379883, 142.119156, 12465.591797>
[COT 2025-01-29 15:04:16] 76561199072190350: Deleted Entity ExpansionQuestItem_NamalskRadio:62562 at <11846.417969, 142.151749, 12465.613281>
[COT 2025-01-29 15:04:18] 76561199072190350: Deleted Entity ExpansionQuestItem_NamalskRadio:33365 at <11846.606445, 142.313721, 12465.721680>
[COT 2025-01-29 15:04:19] 76561199072190350: Deleted Entity ExpansionQuestItem_NamalskRadio:62564 at <11846.692383, 142.387573, 12465.770508>
[COT 2025-01-29 15:14:38] 76561199072190350: Spawned Entity Сварочная маска (WeldingMask<a1b09710>, 250, 1000, 15, 0) at <11857.678711, 140.605072, 12467.726563>
[COT 2025-01-29 15:14:41] 76561199072190350: Deactivated Community Online Tools [guid=1OEPy6aKlMe0cmo8LieQDvVcsiu6iWAr2PUZdSF5eMI=]
[COT 2025-01-29 15:49:56] 76561199072190350: Activated Community Online Tools [guid=1OEPy6aKlMe0cmo8LieQDvVcsiu6iWAr2PUZdSF5eMI=]
[COT 2025-01-29 15:50:16] 76561199072190350: Deleted Entity ExpansionLAW:28180 at <11839.035156, 140.592957, 12466.416016>
[COT 2025-01-29 15:50:20] 76561199072190350: Deactivated Community Online Tools [guid=1OEPy6aKlMe0cmo8LieQDvVcsiu6iWAr2PUZdSF5eMI=]
[COT 2025-01-29 15:50:21] 76561199072190350: Activated Community Online Tools [guid=1OEPy6aKlMe0cmo8LieQDvVcsiu6iWAr2PUZdSF5eMI=]
[COT 2025-01-29 15:50:23] 76561199072190350: Deactivated Community Online Tools [guid=1OEPy6aKlMe0cmo8LieQDvVcsiu6iWAr2PUZdSF5eMI=]
[COT 2025-01-29 16:00:10] 76561199072190350: Activated Community Online Tools [guid=1OEPy6aKlMe0cmo8LieQDvVcsiu6iWAr2PUZdSF5eMI=]
[COT 2025-01-29 16:00:32] 76561199072190350: Deleted Entity ExpansionBanknoteHryvnia:39446 at <11872.897461, 140.034073, 12455.849609>
[COT 2025-01-29 16:00:42] 76561199072190350: Spawned Entity Автомобильный аккумулятор (CarBattery<11a6f610>, 50, 200, 15, 0) at <11872.611328, 140.000153, 12454.648438>
[COT 2025-01-29 16:07:36] 76561199072190350: Deactivated Community Online Tools [guid=1OEPy6aKlMe0cmo8LieQDvVcsiu6iWAr2PUZdSF5eMI=]
[COT 2025-01-29 16:41:06] 76561199072190350: Activated Community Online Tools [guid=1OEPy6aKlMe0cmo8LieQDvVcsiu6iWAr2PUZdSF5eMI=]
[COT 2025-01-29 16:41:07] 76561199072190350: Entered the Free Camera
[COT 2025-01-29 16:41:23] 76561199072190350: Left the Free Camera
[COT 2025-01-29 16:57:13] 76561199072190350: Deactivated Community Online Tools [guid=1OEPy6aKlMe0cmo8LieQDvVcsiu6iWAr2PUZdSF5eMI=]
[COT 2025-01-29 17:14:33] 76561199072190350: Activated Community Online Tools [guid=1OEPy6aKlMe0cmo8LieQDvVcsiu6iWAr2PUZdSF5eMI=]
[COT 2025-01-29 17:14:33] 76561199072190350: Entered the Free Camera
[COT 2025-01-29 17:15:00] 76561199072190350: Left the Free Camera
[COT 2025-01-29 17:15:01] 76561199072190350: Deactivated Community Online Tools [guid=1OEPy6aKlMe0cmo8LieQDvVcsiu6iWAr2PUZdSF5eMI=]
[COT 2025-01-29 17:15:06] 76561199072190350: Activated Community Online Tools [guid=1OEPy6aKlMe0cmo8LieQDvVcsiu6iWAr2PUZdSF5eMI=]
[COT 2025-01-29 17:15:06] 76561199072190350: Entered the Free Camera
[COT 2025-01-29 17:15:29] 76561199072190350: Left the Free Camera
[COT 2025-01-29 17:15:29] 76561199072190350: Deactivated Community Online Tools [guid=1OEPy6aKlMe0cmo8LieQDvVcsiu6iWAr2PUZdSF5eMI=]
[COT 2025-01-29 17:49:18] 76561199072190350: Activated Community Online Tools [guid=1OEPy6aKlMe0cmo8LieQDvVcsiu6iWAr2PUZdSF5eMI=]
[COT 2025-01-29 18:01:38] 76561199072190350: Deactivated Community Online Tools [guid=1OEPy6aKlMe0cmo8LieQDvVcsiu6iWAr2PUZdSF5eMI=]
