[COT 2024-12-09 18:53:14] 76561199072190350: Activated Community Online Tools [guid=1OEPy6aKlMe0cmo8LieQDvVcsiu6iWAr2PUZdSF5eMI=]
[COT 2024-12-09 18:53:15] 76561199072190350: Set GodMode To true [guid=1OEPy6aKlMe0cmo8LieQDvVcsiu6iWAr2PUZdSF5eMI=]
[COT 2024-12-09 18:53:27] 76561199072190350: Storm 1, 0.7, 25
[COT 2024-12-09 18:53:27] 76561199072190350: Overcast 0.52962, 0, 240
[COT 2024-12-09 18:53:27] 76561199072190350: Rain 0, 0, 240
[COT 2024-12-09 18:53:27] 76561199072190350: Snow 0, 0, 240
[COT 2024-12-09 18:53:27] 76561199072190350: Fog 0, 0, 240
[COT 2024-12-09 18:53:27] 76561199072190350: DynamicFog 0, 0, 0
[COT 2024-12-09 18:53:27] 76561199072190350: WindMagnitude 7.61193, 0, 240
[COT 2024-12-09 18:53:27] 76561199072190350: WindDirection 6.65725, 0, 240
[COT 2024-12-09 18:53:27] 76561199072190350: WindFunction 0.085696, 0.458455, 11.7585
[COT 2024-12-09 18:53:28] 76561199072190350: Date 2024/9/19 0:0
[COT 2024-12-09 18:53:28] 76561199072190350: Date 2024/9/20 6:0
[COT 2024-12-09 18:53:29] 76561199072190350: Overcast 0, 0, 240
[COT 2024-12-09 18:53:29] 76561199072190350: Rain 0, 0, 240
[COT 2024-12-09 18:53:29] 76561199072190350: Snow 0, 0, 240
[COT 2024-12-09 18:53:29] 76561199072190350: Fog 0, 0, 240
[COT 2024-12-09 18:53:29] 76561199072190350: DynamicFog 0, 0, 0
[COT 2024-12-09 18:53:29] 76561199072190350: WindMagnitude 0, 0, 240
[COT 2024-12-09 18:53:29] 76561199072190350: WindDirection 0, 0, 240
[COT 2024-12-09 18:53:29] 76561199072190350: WindFunction 0, 1, 30
