12:34:05.410 [Expansion Quests] Added objects set for quest ID=61001 from file=q61001
12:34:05.414 [Expansion Quests] Added objects set for quest ID=5201 from file=q5201
12:34:05.414 [Expansion Quests] Added objects set for quest ID=5202 from file=q5202
12:34:05.414 [Expansion Quests] Added objects set for quest ID=5203 from file=q5203
12:34:05.414 [Expansion Quests] Added objects set for quest ID=2201 from file=q2201
12:34:05.414 [Expansion Quests] Added objects set for quest ID=2202 from file=q2202
12:34:05.414 [Expansion Quests] Added objects set for quest ID=2203 from file=q2203
12:34:05.414 [Expansion Quests] Added objects set for quest ID=2204 from file=q2204
12:34:05.414 [Expansion Quests] Added objects set for quest ID=2205 from file=q2205
12:34:05.414 [Expansion Quests] Added objects set for quest ID=2101 from file=q2101
12:34:05.414 [Expansion Quests] Added objects set for quest ID=61601 from file=q61601
12:34:05.414 [Expansion Quests] Added objects set for quest ID=2102 from file=q2102
12:34:05.414 [Expansion Quests] Added objects set for quest ID=2103 from file=q2103
12:34:05.414 [Expansion Quests] Added objects set for quest ID=2104 from file=q2104
12:34:05.414 [Expansion Quests] Added objects set for quest ID=5101 from file=q5101
12:34:05.414 [Expansion Quests] Added objects set for quest ID=5102 from file=q5102
12:34:05.414 [Expansion Quests] Added objects set for quest ID=6601 from file=q6601
12:34:05.414 [Expansion Quests] Added objects set for quest ID=6501 from file=q6501
12:34:05.414 [Expansion Quests] Added objects set for quest ID=5301 from file=q5301
12:34:05.414 [Expansion Quests] Added objects set for quest ID=5302 from file=q5302
12:34:05.414 [Expansion Quests] Added objects set for quest ID=5303 from file=q5303
12:34:05.414 [Expansion Quests] Added objects set for quest ID=5304 from file=q5304
12:34:05.414 [Expansion Quests] Added objects set for quest ID=2105 from file=q2105
12:34:05.414 [Expansion Quests] Added objects set for quest ID=61501 from file=q61501
12:34:05.414 [Expansion Quests] Added objects set for quest ID=61502 from file=q61502
12:35:18.730 [Party] Player "Survivor" (id=1OEPy6aKlMe0cmo8LieQDvVcsiu6iWAr2PUZdSF5eMI=) joinded the party "Knight Fallen" (id=1 ownerUID=1OEPy6aKlMe0cmo8LieQDvVcsiu6iWAr2PUZdSF5eMI= ownerName=Survivor)
12:35:18.730 [Expansion Quests] Initialize quest system on the connected client with UID=1OEPy6aKlMe0cmo8LieQDvVcsiu6iWAr2PUZdSF5eMI=
12:35:18.781 [Expansion Quests] Loaded existing player quest data for player with UID=1OEPy6aKlMe0cmo8LieQDvVcsiu6iWAr2PUZdSF5eMI=
12:35:18.781 [Expansion Quests] Loaded existing group quest data for group with ID=1
12:35:18.781 [Expansion Quests] Check quest initialization for quest with ID=6901 | State=COMPLETED | Player UID=1OEPy6aKlMe0cmo8LieQDvVcsiu6iWAr2PUZdSF5eMI=
12:35:18.781 [Expansion Quests] Check quest initialization for quest with ID=6401 | State=COMPLETED | Player UID=1OEPy6aKlMe0cmo8LieQDvVcsiu6iWAr2PUZdSF5eMI=
12:35:18.781 [Expansion Quests] Check quest initialization for quest with ID=5101 | State=NONE | Player UID=1OEPy6aKlMe0cmo8LieQDvVcsiu6iWAr2PUZdSF5eMI=
12:35:18.781 [Expansion Quests] Check quest initialization for quest with ID=101 | State=COMPLETED | Player UID=1OEPy6aKlMe0cmo8LieQDvVcsiu6iWAr2PUZdSF5eMI=
12:35:18.781 [Expansion Quests] Check quest initialization for quest with ID=61101 | State=COMPLETED | Player UID=1OEPy6aKlMe0cmo8LieQDvVcsiu6iWAr2PUZdSF5eMI=
12:35:18.781 [Expansion Quests] Check quest initialization for quest with ID=6601 | State=COMPLETED | Player UID=1OEPy6aKlMe0cmo8LieQDvVcsiu6iWAr2PUZdSF5eMI=
12:35:18.781 [Expansion Quests] Check quest initialization for quest with ID=61301 | State=NONE | Player UID=1OEPy6aKlMe0cmo8LieQDvVcsiu6iWAr2PUZdSF5eMI=
12:35:18.781 [Expansion Quests] Check quest initialization for quest with ID=6701 | State=COMPLETED | Player UID=1OEPy6aKlMe0cmo8LieQDvVcsiu6iWAr2PUZdSF5eMI=
12:35:18.781 [Expansion Quests] Check quest initialization for quest with ID=6501 | State=COMPLETED | Player UID=1OEPy6aKlMe0cmo8LieQDvVcsiu6iWAr2PUZdSF5eMI=
12:35:18.781 [Expansion Quests] Check quest initialization for quest with ID=6801 | State=COMPLETED | Player UID=1OEPy6aKlMe0cmo8LieQDvVcsiu6iWAr2PUZdSF5eMI=
12:35:18.781 [Expansion Quests] Check quest initialization for quest with ID=6101 | State=COMPLETED | Player UID=1OEPy6aKlMe0cmo8LieQDvVcsiu6iWAr2PUZdSF5eMI=
12:35:18.781 [Expansion Quests] Check quest initialization for quest with ID=2101 | State=COMPLETED | Player UID=1OEPy6aKlMe0cmo8LieQDvVcsiu6iWAr2PUZdSF5eMI=
12:35:18.781 [Expansion Quests] Check quest initialization for quest with ID=6301 | State=COMPLETED | Player UID=1OEPy6aKlMe0cmo8LieQDvVcsiu6iWAr2PUZdSF5eMI=
12:35:18.781 [Expansion Quests] Check quest initialization for quest with ID=6201 | State=COMPLETED | Player UID=1OEPy6aKlMe0cmo8LieQDvVcsiu6iWAr2PUZdSF5eMI=
12:35:18.781 [Expansion Quests] Check quest initialization for quest with ID=61001 | State=COMPLETED | Player UID=1OEPy6aKlMe0cmo8LieQDvVcsiu6iWAr2PUZdSF5eMI=
12:35:18.781 [Expansion Quests] Check quest initialization for quest with ID=61501 | State=NONE | Player UID=1OEPy6aKlMe0cmo8LieQDvVcsiu6iWAr2PUZdSF5eMI=
12:35:18.781 [Expansion Quests] Check quest initialization for quest with ID=61502 | State=COMPLETED | Player UID=1OEPy6aKlMe0cmo8LieQDvVcsiu6iWAr2PUZdSF5eMI=
12:35:18.781 [Expansion Quests] Quest with ID=6401 is not a a valid achievement or auto start quest. Skip quest for player with UID=1OEPy6aKlMe0cmo8LieQDvVcsiu6iWAr2PUZdSF5eMI=
12:35:18.781 [Expansion Quests] Quest with ID=61101 is not a a valid achievement or auto start quest. Skip quest for player with UID=1OEPy6aKlMe0cmo8LieQDvVcsiu6iWAr2PUZdSF5eMI=
12:35:18.781 [Expansion Quests] Quest with ID=61001 is not a a valid achievement or auto start quest. Skip quest for player with UID=1OEPy6aKlMe0cmo8LieQDvVcsiu6iWAr2PUZdSF5eMI=
12:35:18.785 [Expansion Quests] Quest with ID=61301 is not a a valid achievement or auto start quest. Skip quest for player with UID=1OEPy6aKlMe0cmo8LieQDvVcsiu6iWAr2PUZdSF5eMI=
12:35:18.785 [Expansion Quests] Quest with ID=61401 is not a a valid achievement or auto start quest. Skip quest for player with UID=1OEPy6aKlMe0cmo8LieQDvVcsiu6iWAr2PUZdSF5eMI=
12:35:18.785 [Expansion Quests] Quest with ID=6701 is not a a valid achievement or auto start quest. Skip quest for player with UID=1OEPy6aKlMe0cmo8LieQDvVcsiu6iWAr2PUZdSF5eMI=
12:35:18.785 [Expansion Quests] Quest with ID=5201 is not a a valid achievement or auto start quest. Skip quest for player with UID=1OEPy6aKlMe0cmo8LieQDvVcsiu6iWAr2PUZdSF5eMI=
12:35:18.785 [Expansion Quests] Quest with ID=5202 is not a a valid achievement or auto start quest. Skip quest for player with UID=1OEPy6aKlMe0cmo8LieQDvVcsiu6iWAr2PUZdSF5eMI=
12:35:18.785 [Expansion Quests] Quest with ID=5203 is not a a valid achievement or auto start quest. Skip quest for player with UID=1OEPy6aKlMe0cmo8LieQDvVcsiu6iWAr2PUZdSF5eMI=
12:35:18.785 [Expansion Quests] Quest with ID=6101 is not a a valid achievement or auto start quest. Skip quest for player with UID=1OEPy6aKlMe0cmo8LieQDvVcsiu6iWAr2PUZdSF5eMI=
12:35:18.785 [Expansion Quests] Quest with ID=6801 is not a a valid achievement or auto start quest. Skip quest for player with UID=1OEPy6aKlMe0cmo8LieQDvVcsiu6iWAr2PUZdSF5eMI=
12:35:18.785 [Expansion Quests] Quest with ID=6301 is not a a valid achievement or auto start quest. Skip quest for player with UID=1OEPy6aKlMe0cmo8LieQDvVcsiu6iWAr2PUZdSF5eMI=
12:35:18.785 [Expansion Quests] Quest with ID=2201 is not a a valid achievement or auto start quest. Skip quest for player with UID=1OEPy6aKlMe0cmo8LieQDvVcsiu6iWAr2PUZdSF5eMI=
12:35:18.785 [Expansion Quests] Quest with ID=2202 is not a a valid achievement or auto start quest. Skip quest for player with UID=1OEPy6aKlMe0cmo8LieQDvVcsiu6iWAr2PUZdSF5eMI=
12:35:18.785 [Expansion Quests] Quest with ID=2203 is not a a valid achievement or auto start quest. Skip quest for player with UID=1OEPy6aKlMe0cmo8LieQDvVcsiu6iWAr2PUZdSF5eMI=
12:35:18.785 [Expansion Quests] Quest with ID=2204 is not a a valid achievement or auto start quest. Skip quest for player with UID=1OEPy6aKlMe0cmo8LieQDvVcsiu6iWAr2PUZdSF5eMI=
12:35:18.785 [Expansion Quests] Quest with ID=2205 is not a a valid achievement or auto start quest. Skip quest for player with UID=1OEPy6aKlMe0cmo8LieQDvVcsiu6iWAr2PUZdSF5eMI=
12:35:18.785 [Expansion Quests] Quest with ID=2101 is not a a valid achievement or auto start quest. Skip quest for player with UID=1OEPy6aKlMe0cmo8LieQDvVcsiu6iWAr2PUZdSF5eMI=
12:35:18.785 [Expansion Quests] Quest with ID=61601 is not a a valid achievement or auto start quest. Skip quest for player with UID=1OEPy6aKlMe0cmo8LieQDvVcsiu6iWAr2PUZdSF5eMI=
12:35:18.785 [Expansion Quests] Quest with ID=6901 is not a a valid achievement or auto start quest. Skip quest for player with UID=1OEPy6aKlMe0cmo8LieQDvVcsiu6iWAr2PUZdSF5eMI=
12:35:18.785 [Expansion Quests] Quest with ID=2102 is not a a valid achievement or auto start quest. Skip quest for player with UID=1OEPy6aKlMe0cmo8LieQDvVcsiu6iWAr2PUZdSF5eMI=
12:35:18.785 [Expansion Quests] Quest with ID=2103 is not a a valid achievement or auto start quest. Skip quest for player with UID=1OEPy6aKlMe0cmo8LieQDvVcsiu6iWAr2PUZdSF5eMI=
12:35:18.785 [Expansion Quests] Quest with ID=2104 is not a a valid achievement or auto start quest. Skip quest for player with UID=1OEPy6aKlMe0cmo8LieQDvVcsiu6iWAr2PUZdSF5eMI=
12:35:18.785 [Expansion Quests] Quest with ID=6201 is not a a valid achievement or auto start quest. Skip quest for player with UID=1OEPy6aKlMe0cmo8LieQDvVcsiu6iWAr2PUZdSF5eMI=
12:35:18.785 [Expansion Quests] Quest with ID=5101 is not a a valid achievement or auto start quest. Skip quest for player with UID=1OEPy6aKlMe0cmo8LieQDvVcsiu6iWAr2PUZdSF5eMI=
12:35:18.785 [Expansion Quests] Quest with ID=5102 is not a a valid achievement or auto start quest. Skip quest for player with UID=1OEPy6aKlMe0cmo8LieQDvVcsiu6iWAr2PUZdSF5eMI=
12:35:18.785 [Expansion Quests] Quest with ID=6601 is not a a valid achievement or auto start quest. Skip quest for player with UID=1OEPy6aKlMe0cmo8LieQDvVcsiu6iWAr2PUZdSF5eMI=
12:35:18.785 [Expansion Quests] Quest with ID=6501 is not a a valid achievement or auto start quest. Skip quest for player with UID=1OEPy6aKlMe0cmo8LieQDvVcsiu6iWAr2PUZdSF5eMI=
12:35:18.785 [Expansion Quests] Quest with ID=62001 is not a a valid achievement or auto start quest. Skip quest for player with UID=1OEPy6aKlMe0cmo8LieQDvVcsiu6iWAr2PUZdSF5eMI=
12:35:18.785 [Expansion Quests] Quest with ID=61201 is not a a valid achievement or auto start quest. Skip quest for player with UID=1OEPy6aKlMe0cmo8LieQDvVcsiu6iWAr2PUZdSF5eMI=
12:35:18.789 [Expansion Quests] Quest with ID=5301 is not a a valid achievement or auto start quest. Skip quest for player with UID=1OEPy6aKlMe0cmo8LieQDvVcsiu6iWAr2PUZdSF5eMI=
12:35:18.789 [Expansion Quests] Quest with ID=5302 is not a a valid achievement or auto start quest. Skip quest for player with UID=1OEPy6aKlMe0cmo8LieQDvVcsiu6iWAr2PUZdSF5eMI=
12:35:18.789 [Expansion Quests] Quest with ID=5303 is not a a valid achievement or auto start quest. Skip quest for player with UID=1OEPy6aKlMe0cmo8LieQDvVcsiu6iWAr2PUZdSF5eMI=
12:35:18.789 [Expansion Quests] Quest with ID=5304 is not a a valid achievement or auto start quest. Skip quest for player with UID=1OEPy6aKlMe0cmo8LieQDvVcsiu6iWAr2PUZdSF5eMI=
12:35:18.789 [Expansion Quests] Quest with ID=2105 is not a a valid achievement or auto start quest. Skip quest for player with UID=1OEPy6aKlMe0cmo8LieQDvVcsiu6iWAr2PUZdSF5eMI=
12:35:18.789 [Expansion Quests] Quest with ID=61501 is not a a valid achievement or auto start quest. Skip quest for player with UID=1OEPy6aKlMe0cmo8LieQDvVcsiu6iWAr2PUZdSF5eMI=
12:35:18.789 [Expansion Quests] Quest with ID=61502 is not a a valid achievement or auto start quest. Skip quest for player with UID=1OEPy6aKlMe0cmo8LieQDvVcsiu6iWAr2PUZdSF5eMI=
12:35:18.792 [Expansion Quests] Sending 1OEPy6aKlMe0cmo8LieQDvVcsiu6iWAr2PUZdSF5eMI= quest configs to client for player with UID=1OEPy6aKlMe0cmo8LieQDvVcsiu6iWAr2PUZdSF5eMI=
12:35:18.792 [Expansion Quests] Sending player quest data for 17 quests to player with UID=1OEPy6aKlMe0cmo8LieQDvVcsiu6iWAr2PUZdSF5eMI=
12:35:18.812 [AI Patrol 00112] Spawning 1 Pavlovo_Tier2 (Raiders) bots at <1719.694458, 144.052490, 3905.144775>
12:35:18.859 [AI Patrol 00112] Global patrol count: 1
12:35:18.933 [AI Object Patrol 00052] Spawning 1 HospitalStation_Tier2 (Raiders) bots at <2151.795410, 91.242599, 3345.292725>
12:35:18.972 [AI Object Patrol 00052] Global patrol count: 2
12:35:19.074 [AI Object Patrol 00053] Spawning 3 ContaminatedArea_Tier4 (Raiders) bots at <2176.881836, 90.347733, 3337.314209>
12:35:19.101 [AI Object Patrol 00053] Global patrol count: 3
12:35:19.242 [AI Object Patrol 00051] Spawning 1 ContaminatedArea_Tier4 (Raiders) bots at <2051.282715, 109.591713, 3501.759277>
12:35:19.261 [AI Object Patrol 00051] Global patrol count: 4
12:35:19.710 [Expansion Quests] - LoadGroupQuestData - Got cached group quest data for group with ID=1
12:35:43.816 [VehicleDeleted] Sedan_02 (id=FDE262D3AC4D1F469593D6A445BA4C5B pos=<12373.5, 22.07, 14350.5>)
12:35:43.816 [VehicleDeleted] Hatchback_02_Blue (id=1BAAF4065040A140F8A9BFBB517E2B11 pos=<12575, 52.26, 13818.5>)
12:35:43.816 [VehicleDeleted] ExpansionTractor_Blue (id=1A610B7B664F72B945F84584FD17A5A7 pos=<13465, 79.14, 13068>)
12:35:43.816 [VehicleDeleted] CivilianSedan_Black (id=E675C3591D461FDC18CA409FBCD5AEE4 pos=<3302.37, 314.31, 15085.1>)
12:35:43.816 [VehicleDeleted] ExpansionVodnik (id=94AA8AB49C47BDA12B2728BF266A87B1 pos=<567.56, 501.31, 13655.6>)
12:35:43.820 [VehicleDeleted] ExpansionTractor_Blue (id=3BE43C6BBE470C0200663EACD5A182A9 pos=<10869, 234, 12285.8>)
12:35:43.820 [VehicleDeleted] ExpansionGyrocopter (id=D4762097054E5392443DA990CB324FF0 pos=<5030.6, 9.58, 2356.4>)
12:35:43.820 [VehicleDeleted] ExpansionUh1h_Uber (id=961A924B2D428F18407896A7E1C185AF pos=<8007.24, 339.76, 14628>)
12:35:43.820 [VehicleDeleted] ExpansionUh1h (id=CB9B0CDBB9464447AF2B628806BDEE66 pos=<4096.73, 339.09, 10652.3>)
12:35:43.820 [VehicleDeleted] ExpansionMerlin_Ion (id=97A268AA5946B7BD88B3F3919224E5AD pos=<4671.62, 342.11, 10360.9>)
12:35:43.820 [VehicleDeleted] ExpansionMh6_Speedy (id=C86C3106E74A0EDA33A8928406313A3C pos=<4169.22, 338.46, 10990.3>)
12:35:43.820 [VehicleDeleted] ExpansionMh6_Wave (id=5E4064F98A4715A25C8A40A95D3AB6CE pos=<2610.11, 21.81, 1306.51>)
12:35:43.820 [VehicleDeleted] Expansion_Landrover (id=3C7EC1E27B4B9697485B5FA898D06B79 pos=<1052.22, 157.27, 6674.85>)
12:35:43.820 [VehicleDeleted] Expansion_Landrover_Orange (id=4CFB059A3D4A7A2A6C9AB7BB95423F08 pos=<12865, 62.86, 15123.1>)
12:35:43.820 [VehicleDeleted] Expansion_Landrover_Blue (id=08763C51514A956F8D76EDA39A21C483 pos=<503.83, 421.54, 11067>)
12:35:43.820 [VehicleDeleted] Expansion_Landrover (id=98444FE5CD481D632DEE03ACFC6BB2D1 pos=<4832.06, 473.81, 15187.4>)
12:35:43.820 [VehicleDeleted] ExpansionTractor_Green (id=D8621A8D064DDD5A0BAD80ADF7F27E5E pos=<12300.7, 33.56, 9174.86>)
12:35:43.824 [VehicleDeleted] ExpansionTractor_Green (id=7206F87DF846642FBDAD19966E4BB088 pos=<10786, 233.21, 8238.88>)
12:35:43.824 [VehicleDeleted] ExpansionBus (id=2896E7A9964D309E6F131185FEF1F653 pos=<6391.6, 8.96, 2696.85>)
12:35:43.824 [VehicleDeleted] ExpansionBus (id=61653CF98D4C625841EDCE922A8A044D pos=<7912.8, 116.7, 12669.3>)
12:35:43.824 [VehicleDeleted] ExpansionBus_Weeb (id=60AAFFB76D40C2A825C1EA855D7452A9 pos=<2907.47, 331.15, 7308.52>)
12:35:43.824 [VehicleDeleted] ExpansionUAZCargoRoofless (id=07BA27C1944D54F00537268A54DF757E pos=<4847.2, 8.69, 2465.88>)
12:35:43.824 [VehicleDeleted] ExpansionUAZCargoRoofless (id=B46B89D4B144F21587900E8D8964A7D8 pos=<5419.17, 331.64, 9886.75>)
12:35:43.824 [VehicleDeleted] ExpansionUAZRoofless_Black (id=459DC02B114A811E8648DD96225B88E3 pos=<4544.53, 317.56, 8333.66>)
12:35:43.824 [VehicleDeleted] Truck_01_Covered_Red (id=E47E4F9E5F4B2F9D2165A1B490F9FBA6 pos=<10224.1, 5.9, 1893.05>)
12:35:43.824 [VehicleDeleted] Truck_01_Covered_Red (id=FFF24756E842075525ABDCAC55A2F7E3 pos=<6944.26, 296.77, 7693.53>)
12:35:43.824 [VehicleDeleted] Truck_01_Covered_YellowBright (id=990B092CB8409435B1B1B8BDDA8CB5A5 pos=<10257.8, 49.26, 3617.5>)
12:35:43.824 [VehicleDeleted] Truck_01_Covered_YellowBright (id=911C29877C4E2A453FD74F948F583F53 pos=<6324.34, 300.99, 7708.42>)
12:35:43.824 [VehicleDeleted] Truck_01_Covered_Blue (id=1CE8F8071E4CE69FA1387EBA723ECA46 pos=<7414.64, 5.79, 2902.15>)
12:35:43.824 [VehicleDeleted] Truck_01_Covered_Yellow (id=85ED68AE5B43B562B54349AA82E4C2AF pos=<12739.3, 60.89, 15065.7>)
12:35:43.828 [VehicleDeleted] Truck_01_Covered_Wine (id=8F2E43693041614C8F8AB28B9D42D834 pos=<11617.7, 201.22, 7294.72>)
12:35:43.828 [VehicleDeleted] Truck_01_Covered_YellowBright (id=424F08D60945A1D5482C1AAAB154E08C pos=<13058.7, 5.94, 7050.82>)
12:35:43.828 [VehicleDeleted] Hatchback_02_Blue (id=65F01DF5E54137A05258B99F19666BB1 pos=<6373.46, 14.27, 2829.31>)
12:35:43.828 [VehicleDeleted] Hatchback_02_Blue (id=624FD92AC44C3762CE40CC88C9133202 pos=<7566.76, 213.98, 5168.55>)
12:35:43.828 [VehicleDeleted] Hatchback_02_Blue (id=803CB7F4F841DFBF81158DA073949191 pos=<11684.7, 108.85, 15060.8>)
12:35:43.828 [VehicleDeleted] Hatchback_02 (id=801E1307D14533E2271F1587DBDCAFDE pos=<10698.3, 65.17, 14456.1>)
12:35:43.828 [VehicleDeleted] Hatchback_02_BanditKitty (id=B0D3A36D5E484B23BAF06DBB473DA01E pos=<12071.9, 54.02, 9129.98>)
12:35:43.832 [VehicleDeleted] Hatchback_02 (id=7101221A03456041FBAB18A52268D985 pos=<10226.2, 65.07, 4077.46>)
12:35:43.832 [VehicleDeleted] Hatchback_02_Black (id=818A4C84824B8DEB3E73E3B1F5DBE8EE pos=<6497.13, 60.89, 3666.68>)
12:35:43.832 [VehicleDeleted] Sedan_02_Red (id=C2BD11EC904637BE7A53059AC2F429B5 pos=<11271.5, 194.04, 12211.9>)
12:35:43.832 [VehicleDeleted] Sedan_02_Grey (id=214832B2034A5A4E38628B9C000053F0 pos=<11673.9, 57.2, 14660.3>)
12:35:43.832 [VehicleDeleted] Sedan_02_Grey (id=A96E443DF34F40F7826BDEB5EAE832E1 pos=<12324.6, 11.13, 9699.47>)
12:35:43.832 [VehicleDeleted] Sedan_02_Grey (id=C1F48FA8F3407C5345CC678A73974638 pos=<2225.06, 265.23, 11088.7>)
12:35:43.835 [VehicleDeleted] Sedan_02_Grey (id=62421EF7E7497608BE92B992655D638A pos=<9512.07, 84.08, 13663.2>)
12:35:43.835 [VehicleDeleted] Sedan_02_Grey (id=CBEB61FA8444AC72BB2A129D7670DF85 pos=<6382.88, 288.38, 7562.46>)
12:35:43.835 [VehicleDeleted] Sedan_02 (id=C8647ED5BF4C534BF75562AB35B603AC pos=<10267.1, 57.86, 14096.3>)
12:35:43.835 [VehicleDeleted] OffroadHatchback (id=011663F5854763708C2C65B2307EFC47 pos=<2797.51, 274.03, 9871.41>)
12:35:43.835 [VehicleDeleted] OffroadHatchback_Blue (id=37FBA463DD436184C891609564533E8A pos=<401.6, 133.37, 5180.11>)
12:35:43.835 [VehicleDeleted] OffroadHatchback_Blue (id=6E5E31851B41E37FE4420BA1D999E42A pos=<189.92, 103.33, 2375.64>)
12:35:43.835 [VehicleDeleted] OffroadHatchback (id=4DB488EB604F929B8E6BD4A3FF168A5B pos=<5219.45, 218.49, 4219.18>)
12:35:43.835 [VehicleDeleted] OffroadHatchback_Blue (id=F6B8766E1A4DC26E3C79039509299A6B pos=<731.1, 130.82, 4614.77>)
12:35:43.835 [VehicleDeleted] OffroadHatchback (id=E70BA31EC3473945764B1FAFEE84A407 pos=<5731.21, 224.76, 13565.4>)
12:35:43.839 [VehicleDeleted] OffroadHatchback (id=2B6A52C0F94260A93E39CEAC1D4A1926 pos=<698.05, 140.74, 5655.84>)
12:35:43.839 [VehicleDeleted] OffroadHatchback_Blue (id=2C2653825C4234A921A690BE14536DE1 pos=<5709.9, 318.2, 8665.89>)
12:35:43.839 [VehicleDeleted] Offroad_02 (id=C8E88DB3514D6E0C7279C4B18CFB2D6A pos=<10425.5, 277.14, 5837.95>)
12:35:43.839 [VehicleDeleted] Offroad_02 (id=137DE8B4194221004B0AD38A8246C16C pos=<4482.7, 314.15, 8247.97>)
12:35:43.839 [VehicleDeleted] Offroad_02 (id=B29FF6387E439B2D8666139A14C9D788 pos=<4496.71, 339, 9785.61>)
12:35:43.839 [VehicleDeleted] CivilianSedan_Black (id=A1AF92C86F479C65D149CCAF947508C5 pos=<3422.72, 203.89, 12687.7>)
12:35:43.839 [VehicleDeleted] CivilianSedan (id=A1301A0C524B62CDA69F4CAC1A9FCCB4 pos=<6299.64, 154.69, 12683.2>)
12:35:43.843 [VehicleDeleted] CivilianSedan_Black (id=DE7653959348FE1171D100BAD237ECC7 pos=<10748.9, 144.89, 10804.4>)
12:35:43.843 [VehicleDeleted] CivilianSedan (id=D30BCB9D654B194A0E73CEB0EFB42D21 pos=<13354.9, 5.99, 5440.34>)
12:35:43.843 [VehicleDeleted] CivilianSedan_Black (id=895DF9F28749D2E8816F4CACDAC73FC4 pos=<9602.14, 81.04, 13731.8>)
12:35:43.843 [VehicleDeleted] CivilianSedan_Wine (id=B933C31A304FD8166F2806A51622A12D pos=<10225.5, 20.36, 2295.52>)
12:35:43.843 [VehicleDeleted] ExpansionUAZRoofless (id=4E82FD76BB4DC1EA9F0D71BF4E95406A pos=<2548.72, 190.07, 5198.6>)
12:35:43.843 [VehicleDeleted] CivilianSedan_Black (id=122F71529141761A3E877993D24E476B pos=<2529.19, 193.84, 5041.13>)
12:35:43.843 [VehicleDeleted] ExpansionUAZ_Black (id=332B8BE75D460E1B5EC63F9E9E700EC5 pos=<2209.27, 91.86, 3369.18>)
12:35:43.843 [VehicleDeleted] Boat_01_Blue (id=E46747C63248D07FE2C0FB87710E9015 pos=<14434.5, 0.23, 13261.3>)
12:35:43.847 [VehicleDeleted] Boat_01_Blue (id=B61F0854A54A7E1F5C7024898B971B3B pos=<13458.4, 0.3, 5449.45>)
12:35:43.847 [VehicleDeleted] Boat_01_Orange (id=AE96737D324B71698800099F2F6261EB pos=<13529.8, 0.21, 6418.16>)
12:35:43.847 [VehicleDeleted] Boat_01_Blue (id=F0CAC7403440B279A0C2EEA803D7D793 pos=<9343.63, 0.26, 1844.94>)
12:35:43.847 [VehicleDeleted] Boat_01_Orange (id=62FC5F245D4027BFC5DC06AC28AEE382 pos=<7295.62, 0.29, 2661.39>)
12:35:43.847 [VehicleDeleted] Boat_01_Orange (id=954095CBDC4EE0E2DB77DF9C99F71EA2 pos=<12378.1, 0.35, 3436.74>)
12:35:43.847 [VehicleDeleted] Boat_01_Black (id=169772D9734EE4E754701BA06FAC3B1A pos=<8332.07, 0.29, 2366.07>)
12:35:43.847 [VehicleDeleted] Boat_01_Blue (id=6E393C250445167C05009590578E6AA9 pos=<13272.7, 0.27, 10128.5>)
12:35:43.847 [VehicleDeleted] Boat_01_Blue (id=85A374ECBC4F8F6A72210090BC785695 pos=<8858.19, 0.24, 2081.83>)
12:35:43.847 [VehicleDeleted] Boat_01_Orange (id=25DE20041F48E711931D398160024AA3 pos=<10421.8, 0.5, 1737.24>)
12:35:43.847 [VehicleDeleted] Boat_01_Black (id=7FDA1F76D54DBBBC8282C495A4EC8E90 pos=<10943.6, 0.33, 2631.87>)
12:35:43.847 [VehicleDeleted] Boat_01_Black (id=A637789BF44D74BC2AD270986CC5867D pos=<6218.47, 0.36, 2017.05>)
12:35:43.847 [VehicleDeleted] Boat_01_Orange (id=BBA4D6A77941F5720A40ED9BA82EA70F pos=<13085.5, 0.36, 8206.57>)
12:35:43.847 [VehicleDeleted] Boat_01_Orange (id=4A965548694A55F8A87D158246EC8C95 pos=<4086.29, 0.32, 2194.69>)
12:35:43.847 [VehicleDeleted] Boat_01_Orange (id=6CFA3247074BE868271686B8C7399ABE pos=<7813.26, 0.35, 2758.58>)
12:35:43.847 [VehicleDeleted] Boat_01_Black (id=BFBED44AFF4408C6DB8876BB2E175AA4 pos=<15244, 0.41, 13825.6>)
12:35:43.847 [VehicleDeleted] Boat_01_Black (id=47AA6C3004490176FD5F188F773F5950 pos=<13262.9, 0.72, 3753.43>)
12:35:43.847 [VehicleDeleted] Boat_01_Orange (id=D91DF4CE6F4876873F9C8F80AA2051B7 pos=<13359.4, 0.25, 10708.4>)
12:35:43.851 [VehicleDeleted] Boat_01_Blue (id=950A64471A41215167935E93D5F73463 pos=<3578.13, 0.25, 2113.82>)
12:35:49.476 [Killfeed] AI Boris (HospitalStation_Tier2) был убит AI Denis (ContaminatedArea_Tier4) с Витязь-СН ПП19-01 из 9 м расстояние.
12:35:51.859 [AI Object Patrol 00052] HospitalStation_Tier2 (Raiders) bots were wiped out (spawn position <2151.795410, 91.242599, 3345.292725>, 1/1 deceased)
12:35:51.859 [AI Object Patrol 00052] Global patrol count: 3
12:38:19.605 [AI Object Patrol 00170] Spawning 1 WaterPump_Tier0 (Raiders) bots at <3356.053223, 183.019547, 3921.772949>
12:38:19.617 [AI Object Patrol 00170] Global patrol count: 4
12:38:31.121 [AI Patrol 00113] Spawning 1 Kozlovka_Tier2 (Raiders) bots at <4357.794434, 235.189224, 4699.726074>
12:38:31.144 [AI Patrol 00113] Global patrol count: 5
12:38:31.148 [AI Object Patrol 00015] Spawning 1 WaterPump_Tier0 (Raiders) bots at <4363.521973, 231.979355, 4658.201660>
12:38:31.160 [AI Object Patrol 00015] Global patrol count: 6
12:38:31.160 [AI Patrol 00114] Spawning 1 Kozlovka_Tier2 (Raiders) bots at <4437.016602, 235.415817, 4648.044434>
12:38:31.179 [AI Patrol 00114] Global patrol count: 7
12:38:31.179 [AI Patrol 00119] Spawning 1 Drozhino_Tier2RR (Raiders) bots at <3414.772705, 246.495972, 4848.408691>
12:38:31.203 [AI Patrol 00119] Global patrol count: 8
12:39:14.019 [Killfeed] AI Peter (ContaminatedArea_Tier4) был убит AI Kaito (ContaminatedArea_Tier4) с Вайга из 7 м расстояние.
12:39:46.242 [MissionAirdrop] An airdrop is heading towards "Elektrozavodsk" (pos=<9371.000000, 0.000000, 2229.000000> type=Random_Elektrozavodsk) with a ExpansionAirdropContainer_Medical
12:40:16.242 [AI Patrol 00074] Spawning 2 GM_Trader (InvincibleObservers) bots at <3764.242676, 393.223755, 5892.206543>
12:40:16.285 [AI Patrol 00074] Global patrol count: 9
12:40:17.015 [Safezone] Player "Survivor" (id=1OEPy6aKlMe0cmo8LieQDvVcsiu6iWAr2PUZdSF5eMI= pos=<3868.36, 383.08, 5857.86>) entered the safezone
12:40:21.511 [AI Patrol 00166] Spawning 8 West bots at <4616.349121, 313.370361, 5756.025391>
12:40:21.523 [AI Patrol 00166] Global patrol count: 10
12:40:23.984 [AI Patrol 00158] Spawning 2 Rogovo_Tier2 (Raiders) bots at <4750.031738, 271.806305, 6863.116699>
12:40:24.011 [AI Patrol 00158] Global patrol count: 11
12:40:24.011 [AI Object Patrol 00177] Spawning 1 WaterPump_Tier0 (Raiders) bots at <4807.913574, 270.299500, 6815.746582>
12:40:24.023 [AI Object Patrol 00177] Global patrol count: 12
12:40:32.183 [Safezone] Player "{1:name}" (id={1:id} pos={1:position}) left the safezone
12:40:39.011 [Killfeed] AI Kaito (ContaminatedArea_Tier4) был убит AI Frida (ContaminatedArea_Tier4) с ВСС из 58 м расстояние.
12:40:42.484 [AI Object Patrol 00051] ContaminatedArea_Tier4 (Raiders) bots were wiped out (spawn position <2051.282715, 109.591713, 3501.759277>, 1/1 deceased)
12:40:42.484 [AI Object Patrol 00051] Global patrol count: 11
12:40:52.695 [AI Object Patrol 00009] Spawning 3 PoliceStation_Tier1 (Raiders) bots at <6210.744629, 25.754498, 2907.337158>
12:40:52.718 [AI Object Patrol 00009] Global patrol count: 12
12:40:52.718 [AI Object Patrol 00068] Spawning 2 FirelStation_Tier2 (Raiders) bots at <6274.340332, 8.608317, 2728.027588>
12:40:52.734 [AI Object Patrol 00068] Global patrol count: 13
12:40:52.734 [AI Patrol 00099] Spawning 1 Vysotovo_Tier1 (Raiders) bots at <5907.560059, 121.502998, 2752.749512>
12:40:52.746 [AI Patrol 00099] Global patrol count: 14
12:40:52.750 [AI Patrol 00097] Spawning 1 Dubovo_Tier1 (Raiders) bots at <6753.259277, 78.502998, 3680.571533>
12:40:52.769 [AI Patrol 00097] Global patrol count: 15
12:40:52.769 [AI Patrol 00096] Spawning 1 Dubovo_Tier1 (Raiders) bots at <6708.920410, 100.502998, 3655.904053>
12:40:52.785 [AI Patrol 00096] Global patrol count: 16
12:40:52.785 [AI Patrol 00095] Spawning 1 Dubovo_Tier1 (Raiders) bots at <6570.013672, 103.502998, 3645.605469>
12:40:52.796 [AI Patrol 00095] Global patrol count: 17
12:41:03.109 [AI Object Patrol 00006] Spawning 1 WaterPump_Tier0 (Raiders) bots at <6527.393555, 6.111228, 2307.256104>
12:41:03.121 [AI Object Patrol 00006] Global patrol count: 18
12:41:03.121 [AI Object Patrol 00047] Spawning 2 ContaminatedArea_Tier4 (Raiders) bots at <6559.505859, 5.997983, 2298.282227>
12:41:03.140 [AI Object Patrol 00047] Global patrol count: 19
12:41:03.140 [AI Patrol 00098] Spawning 1 Vysotovo_Tier1 (Raiders) bots at <5867.275879, 97.502998, 2630.452148>
12:41:03.148 [AI Patrol 00098] Global patrol count: 20
12:41:03.148 [AI Patrol 00091] Spawning 1 Chernogorsk_Tier1 (Raiders) bots at <6346.697266, 11.037115, 2379.999512>
12:41:03.160 [AI Patrol 00091] Global patrol count: 21
12:41:03.160 [AI Patrol 00092] Spawning 1 Chernogorsk_Tier1 (Raiders) bots at <6493.359375, 8.127233, 2356.843018>
12:41:03.171 [AI Patrol 00092] Global patrol count: 22
12:41:03.171 [AI Object Patrol 00200] Spawning 1 OilStation_Tier2RR (Raiders) bots at <6884.106934, 7.182637, 3108.150391>
12:41:03.183 [AI Object Patrol 00200] Global patrol count: 23
12:41:03.531 [AI Object Patrol 00183] Spawning 1 ContaminatedArea_Tier4 (Raiders) bots at <6173.102051, 50.410225, 3236.708496>
12:41:03.546 [AI Object Patrol 00183] Global patrol count: 24
12:41:03.710 [AI Patrol 00094] Spawning 1 Novoselki_Tier1 (Raiders) bots at <6195.554199, 96.502998, 3269.850586>
12:41:03.722 [AI Patrol 00094] Global patrol count: 25
12:41:03.773 [AI Patrol 00093] Spawning 1 Novoselki_Tier1 (Raiders) bots at <6215.938965, 69.502998, 3212.584229>
12:41:03.785 [AI Patrol 00093] Global patrol count: 26
12:41:26.699 [AI Patrol 00101] Spawning 2 Komarovo_Tier1 (Raiders) bots at <6563.362305, 6.000000, 2445.186523>
12:41:26.714 [AI Patrol 00101] Global patrol count: 27
12:41:36.363 [AI Patrol 00149] Spawning 1 Vybor_Tier3 (Raiders) bots at <4656.913086, 338.797852, 10755.227539>
12:41:36.382 [AI Patrol 00149] Global patrol count: 28
12:41:36.382 [AI Patrol 00150] Spawning 1 Vybor_Tier3 (Raiders) bots at <4690.710449, 339.310150, 10579.725586>
12:41:36.394 [AI Patrol 00150] Global patrol count: 29
12:41:37.449 [Killfeed] AI Rolf (WaterPump_Tier0) был убит AI Eva (Kozlovka_Tier2) с Blaze из 8 м расстояние.
12:41:41.550 [AI Object Patrol 00015] WaterPump_Tier0 (Raiders) bots were wiped out (spawn position <4363.521973, 231.979355, 4658.201660>, 1/1 deceased)
12:41:41.550 [AI Object Patrol 00015] Global patrol count: 28
12:41:58.277 [AI Object Patrol 00027] Spawning 1 WaterPump_Tier0 (Raiders) bots at <5973.157715, 267.215332, 10318.884766>
12:41:58.285 [AI Object Patrol 00027] Global patrol count: 29
12:41:58.285 [AI Object Patrol 00028] Spawning 3 PoliceStation_Tier1 (Raiders) bots at <5996.149414, 266.955383, 10359.517578>
12:41:58.296 [AI Object Patrol 00028] Global patrol count: 30
12:42:08.253 [Killfeed] AI Guo (WaterPump_Tier0) был убит AI Gabi (Rogovo_Tier2) с CR-527 из 11 м расстояние.
12:42:12.445 [AI Object Patrol 00177] WaterPump_Tier0 (Raiders) bots were wiped out (spawn position <4807.913574, 270.299500, 6815.746582>, 1/1 deceased)
12:42:12.445 [AI Object Patrol 00177] Global patrol count: 29
12:42:19.781 [AI Object Patrol 00056] Spawning 1 WaterPump_Tier0 (Raiders) bots at <9797.367188, 29.958467, 2224.549072>
12:42:19.789 [AI Object Patrol 00056] Global patrol count: 30
12:42:19.789 [AI Patrol 00088] Spawning 1 Electro_Tier1 (Raiders) bots at <10097.509766, 14.503000, 1757.062256>
12:42:19.804 [AI Patrol 00088] Global patrol count: 31
12:42:23.785 [Killfeed] AI Manua (WaterPump_Tier0) был убит AI Keiko (ContaminatedArea_Tier4) с КА-101 из 3 м расстояние.
12:42:26.945 [AI Object Patrol 00006] WaterPump_Tier0 (Raiders) bots were wiped out (spawn position <6527.393555, 6.111228, 2307.256104>, 1/1 deceased)
12:42:26.945 [AI Object Patrol 00006] Global patrol count: 30
12:42:30.527 [AI Patrol 00126] Spawning 2 Severograd_Tier3 (Raiders) bots at <8130.231934, 112.853462, 12774.220703>
12:42:30.562 [AI Patrol 00126] Global patrol count: 31
12:42:37.011 [AI Patrol 00089] Spawning 2 Prigorodki_Tier1 (Raiders) bots at <7275.025879, 16.503000, 2773.513916>
12:42:37.027 [AI Patrol 00089] Global patrol count: 32
12:42:48.996 [Killfeed] AI Gabi (Chernogorsk_Tier1) умер от Химическое отравление.
12:42:50.601 [Killfeed] AI Eva (Novoselki_Tier1) умер от Химическое отравление.
12:42:51.515 [AI Patrol 00091] Chernogorsk_Tier1 (Raiders) bots were wiped out (spawn position <6346.697266, 11.037115, 2379.999512>, 1/1 deceased)
12:42:51.515 [AI Patrol 00091] Global patrol count: 31
12:42:51.714 [AI Patrol 00094] Novoselki_Tier1 (Raiders) bots were wiped out (spawn position <6195.554199, 96.502998, 3269.850586>, 1/1 deceased)
12:42:51.714 [AI Patrol 00094] Global patrol count: 30
12:43:01.871 [Killfeed] AI Maria (Dubovo_Tier1) был убит AI Baty (Dubovo_Tier1) с DT11 из 27 м расстояние.
12:43:02.207 [AI Patrol 00096] Dubovo_Tier1 (Raiders) bots were wiped out (spawn position <6708.920410, 100.502998, 3655.904053>, 1/1 deceased)
12:43:02.207 [AI Patrol 00096] Global patrol count: 29
12:43:19.269 [Killfeed] AI Baty (Komarovo_Tier1) умер от Химическое отравление.
12:43:21.000 [AI Patrol 00151] Spawning 2 Vybor_Tier3 (Raiders) bots at <4314.372070, 339.209991, 10250.547852>
12:43:21.011 [AI Patrol 00151] Global patrol count: 30
12:43:23.273 [Killfeed] AI Elias (Komarovo_Tier1) умер от Химическое отравление.
12:43:24.289 [Killfeed] AI Linda (Chernogorsk_Tier1) умер от Химическое отравление.
12:43:26.750 [AI Patrol 00092] Chernogorsk_Tier1 (Raiders) bots were wiped out (spawn position <6493.359375, 8.127233, 2356.843018>, 1/1 deceased)
12:43:26.750 [AI Patrol 00092] Global patrol count: 29
12:43:26.750 [AI Patrol 00101] Komarovo_Tier1 (Raiders) bots were wiped out (spawn position <6563.362305, 6.000000, 2445.186523>, 2/2 deceased)
12:43:26.753 [AI Patrol 00101] Global patrol count: 28
12:44:13.269 [Killfeed] AI Baty (WaterPump_Tier0) был убит AI Hassan (PoliceStation_Tier1) с CR-550 Savanna из 1 м расстояние.
12:44:14.878 [Killfeed] AI Eva (Kozlovka_Tier2) был убит AI Mirek (Kozlovka_Tier2) с ПП-91 Кедр из 13 м расстояние.
12:44:16.414 [AI Patrol 00114] Kozlovka_Tier2 (Raiders) bots were wiped out (spawn position <4437.016602, 235.415817, 4648.044434>, 1/1 deceased)
12:44:16.414 [AI Patrol 00114] Global patrol count: 27
12:44:17.441 [AI Object Patrol 00027] WaterPump_Tier0 (Raiders) bots were wiped out (spawn position <5973.157715, 267.215332, 10318.884766>, 1/1 deceased)
12:44:17.445 [AI Object Patrol 00027] Global patrol count: 26
12:44:35.933 [Killfeed] AI Frida (ContaminatedArea_Tier4) умер от Химическое отравление.
12:45:45.800 [Killfeed] AI Lewis (FirelStation_Tier2) умер от Химическое отравление.
12:45:51.445 [Killfeed] AI Indar (FirelStation_Tier2) умер от Химическое отравление.
12:45:52.679 [AI Object Patrol 00068] FirelStation_Tier2 (Raiders) bots were wiped out (spawn position <6274.340332, 8.608317, 2728.027588>, 2/2 deceased)
12:45:52.683 [AI Object Patrol 00068] Global patrol count: 25
12:48:22.332 [AI Patrol 00112] Despawning 1 Pavlovo_Tier2 (Raiders) bots (spawn position <1719.694458, 144.052490, 3905.144775>, 0/1 deceased)
12:48:22.332 [AI Patrol 00112] Global patrol count: 24
12:48:22.441 [AI Object Patrol 00053] Despawning 1 ContaminatedArea_Tier4 (Raiders) bots (spawn position <2176.881836, 90.347733, 3337.314209>, 2/3 deceased)
12:48:22.441 [AI Object Patrol 00053] Global patrol count: 23
12:49:12.308 [Killfeed] AI Rolf (Novoselki_Tier1) умер от Химическое отравление.
12:49:16.730 [AI Patrol 00093] Novoselki_Tier1 (Raiders) bots were wiped out (spawn position <6215.938965, 69.502998, 3212.584229>, 1/1 deceased)
12:49:16.730 [AI Patrol 00093] Global patrol count: 22
