19:59:33.281 [Expansion Quests] Added objects set for quest ID=61001 from file=q61001
19:59:33.281 [Expansion Quests] Added objects set for quest ID=6501 from file=q6501
19:59:33.281 [Expansion Quests] Added objects set for quest ID=61501 from file=q61501
19:59:33.281 [Expansion Quests] Added objects set for quest ID=6601 from file=q6601
20:00:23.929 [Party] Player "Survivor" (id=1OEPy6aKlMe0cmo8LieQDvVcsiu6iWAr2PUZdSF5eMI=) joinded the party "Falcon Resolute" (id=1 ownerUID=z63osPRVUnS8pzWmaenLtvu6c2gVxwL4gvA4elWPF5w= ownerName=Survivor (2))
20:00:23.929 [Expansion Quests] Initialize quest system on the connected client with UID=1OEPy6aKlMe0cmo8LieQDvVcsiu6iWAr2PUZdSF5eMI=
20:00:23.976 [Expansion Quests] Loaded existing player quest data for player with UID=1OEPy6aKlMe0cmo8LieQDvVcsiu6iWAr2PUZdSF5eMI=
20:00:23.976 [Expansion Quests] Loaded existing group quest data for group with ID=1
20:00:23.976 [Expansion Quests] Check quest initialization for quest with ID=101 | State=COMPLETED | Player UID=1OEPy6aKlMe0cmo8LieQDvVcsiu6iWAr2PUZdSF5eMI=
20:00:23.984 [Expansion Quests] Check quest initialization for quest with ID=6601 | State=NONE | Player UID=1OEPy6aKlMe0cmo8LieQDvVcsiu6iWAr2PUZdSF5eMI=
20:00:23.984 [Expansion Quests] Check quest initialization for quest with ID=6501 | State=NONE | Player UID=1OEPy6aKlMe0cmo8LieQDvVcsiu6iWAr2PUZdSF5eMI=
20:00:23.984 [Expansion Quests] Check quest initialization for quest with ID=61001 | State=NONE | Player UID=1OEPy6aKlMe0cmo8LieQDvVcsiu6iWAr2PUZdSF5eMI=
20:00:23.984 [Expansion Quests] Check quest initialization for quest with ID=61101 | State=NONE | Player UID=1OEPy6aKlMe0cmo8LieQDvVcsiu6iWAr2PUZdSF5eMI=
20:00:23.984 [Expansion Quests] Check quest initialization for quest with ID=61401 | State=NONE | Player UID=1OEPy6aKlMe0cmo8LieQDvVcsiu6iWAr2PUZdSF5eMI=
20:00:23.984 [Expansion Quests] Quest with ID=61301 is not a a valid achievement or auto start quest. Skip quest for player with UID=1OEPy6aKlMe0cmo8LieQDvVcsiu6iWAr2PUZdSF5eMI=
20:00:23.984 [Expansion Quests] Quest with ID=6401 is not a a valid achievement or auto start quest. Skip quest for player with UID=1OEPy6aKlMe0cmo8LieQDvVcsiu6iWAr2PUZdSF5eMI=
20:00:23.984 [Expansion Quests] Quest with ID=6701 is not a a valid achievement or auto start quest. Skip quest for player with UID=1OEPy6aKlMe0cmo8LieQDvVcsiu6iWAr2PUZdSF5eMI=
20:00:23.984 [Expansion Quests] Quest with ID=61001 is not a a valid achievement or auto start quest. Skip quest for player with UID=1OEPy6aKlMe0cmo8LieQDvVcsiu6iWAr2PUZdSF5eMI=
20:00:23.984 [Expansion Quests] Quest with ID=6901 is not a a valid achievement or auto start quest. Skip quest for player with UID=1OEPy6aKlMe0cmo8LieQDvVcsiu6iWAr2PUZdSF5eMI=
20:00:23.984 [Expansion Quests] Quest with ID=6201 is not a a valid achievement or auto start quest. Skip quest for player with UID=1OEPy6aKlMe0cmo8LieQDvVcsiu6iWAr2PUZdSF5eMI=
20:00:23.984 [Expansion Quests] Quest with ID=61101 is not a a valid achievement or auto start quest. Skip quest for player with UID=1OEPy6aKlMe0cmo8LieQDvVcsiu6iWAr2PUZdSF5eMI=
20:00:23.984 [Expansion Quests] Quest with ID=6501 is not a a valid achievement or auto start quest. Skip quest for player with UID=1OEPy6aKlMe0cmo8LieQDvVcsiu6iWAr2PUZdSF5eMI=
20:00:23.984 [Expansion Quests] Quest with ID=61201 is not a a valid achievement or auto start quest. Skip quest for player with UID=1OEPy6aKlMe0cmo8LieQDvVcsiu6iWAr2PUZdSF5eMI=
20:00:23.984 [Expansion Quests] Quest with ID=6801 is not a a valid achievement or auto start quest. Skip quest for player with UID=1OEPy6aKlMe0cmo8LieQDvVcsiu6iWAr2PUZdSF5eMI=
20:00:23.984 [Expansion Quests] Quest with ID=6101 is not a a valid achievement or auto start quest. Skip quest for player with UID=1OEPy6aKlMe0cmo8LieQDvVcsiu6iWAr2PUZdSF5eMI=
20:00:23.984 [Expansion Quests] Quest with ID=61501 is not a a valid achievement or auto start quest. Skip quest for player with UID=1OEPy6aKlMe0cmo8LieQDvVcsiu6iWAr2PUZdSF5eMI=
20:00:23.984 [Expansion Quests] Quest with ID=61401 is not a a valid achievement or auto start quest. Skip quest for player with UID=1OEPy6aKlMe0cmo8LieQDvVcsiu6iWAr2PUZdSF5eMI=
20:00:23.984 [Expansion Quests] Quest with ID=6601 is not a a valid achievement or auto start quest. Skip quest for player with UID=1OEPy6aKlMe0cmo8LieQDvVcsiu6iWAr2PUZdSF5eMI=
20:00:23.984 [Expansion Quests] Quest with ID=6301 is not a a valid achievement or auto start quest. Skip quest for player with UID=1OEPy6aKlMe0cmo8LieQDvVcsiu6iWAr2PUZdSF5eMI=
20:00:23.984 [Expansion Quests] Sending 1OEPy6aKlMe0cmo8LieQDvVcsiu6iWAr2PUZdSF5eMI= quest configs to client for player with UID=1OEPy6aKlMe0cmo8LieQDvVcsiu6iWAr2PUZdSF5eMI=
20:00:23.984 [Expansion Quests] Sending player quest data for 6 quests to player with UID=1OEPy6aKlMe0cmo8LieQDvVcsiu6iWAr2PUZdSF5eMI=
20:00:23.984 [AI Object Patrol 00042] Spawning 1 WaterPump_Tier0 (Raiders) bots at <10771.545898, 52.860397, 14354.001953>
20:00:24.000 [AI Object Patrol 00042] Global patrol count: 1
20:00:24.000 [AI Patrol 00100] Spawning 2 Novodmitrovsk_Tier1 (Raiders) bots at <11923.608398, 28.127630, 14369.433594>
20:00:24.031 [AI Patrol 00100] Global patrol count: 2
20:00:24.914 [Expansion Quests] - LoadGroupQuestData - Got cached group quest data for group with ID=1
20:00:44.242 [AI Object Patrol 00038] Spawning 1 WaterPump_Tier0 (Raiders) bots at <10993.560547, 226.469833, 12414.269531>
20:00:44.257 [AI Object Patrol 00038] Global patrol count: 3
20:00:44.257 [AI Object Patrol 00041] Spawning 2 PoliceStation_Tier1 (Raiders) bots at <11068.757813, 226.850967, 12498.744141>
20:00:44.273 [AI Object Patrol 00041] Global patrol count: 4
20:00:44.273 [AI Patrol 00073] Spawning 2 Krasnostav_Trader (InvincibleObservers) bots at <11822.642578, 140.365997, 12430.631836>
20:00:44.296 [AI Patrol 00073] Global patrol count: 5
20:00:44.296 [AI Patrol 00077] Spawning 1 Krasnostav_Tier1 (Raiders) bots at <11201.818359, 195.891327, 12222.961914>
20:00:44.312 [AI Patrol 00077] Global patrol count: 6
20:00:44.312 [AI Patrol 00071] Spawning 2 Krasnostav_Trader (InvincibleObservers) bots at <11779.775391, 141.241089, 12422.001953>
20:00:44.328 [AI Patrol 00071] Global patrol count: 7
20:00:44.328 [AI Patrol 00072] Spawning 2 Krasnostav_Trader (InvincibleObservers) bots at <11890.394531, 141.446381, 12397.805664>
20:00:44.437 [AI Patrol 00072] Global patrol count: 8
20:00:44.437 [AI Patrol 00070] Spawning 1 Krasnostav_Trader (Guards) bots at <11778.209961, 140.032059, 12518.787109>
20:00:44.453 [AI Patrol 00070] Global patrol count: 9
20:00:45.476 [Safezone] Player "Survivor" (id=1OEPy6aKlMe0cmo8LieQDvVcsiu6iWAr2PUZdSF5eMI= pos=<11888.424805, 140.000000, 12475.038086>) Entered the safezone
20:00:57.445 [Expansion Quests] Spawned objects from set for quest ID=61501 from file=$mission:expansion\quests\\objects\q61501.map
20:00:57.445 [Expansion Quests] Added new objective data for type=TRAVEL | Key=1OEPy6aKlMe0cmo8LieQDvVcsiu6iWAr2PUZdSF5eMI= | ID=701
20:00:57.445 [Expansion Quests] Added new objective data for type=TREASUREHUNT | Key=1OEPy6aKlMe0cmo8LieQDvVcsiu6iWAr2PUZdSF5eMI= | ID=1001
20:00:57.445 [Expansion Quests] Updated and saved persistent player quest data for player with UID=1OEPy6aKlMe0cmo8LieQDvVcsiu6iWAr2PUZdSF5eMI= | Quest ID=61501
20:00:57.445 [Expansion Quests] Created new quest instance with instance key=1OEPy6aKlMe0cmo8LieQDvVcsiu6iWAr2PUZdSF5eMI= for quest with ID=61501
20:00:57.914 [Expansion Quests] Added new objective data for type=TRAVEL | Key=1OEPy6aKlMe0cmo8LieQDvVcsiu6iWAr2PUZdSF5eMI= | ID=701
20:00:57.914 [Expansion Quests] Added new objective data for type=TREASUREHUNT | Key=1OEPy6aKlMe0cmo8LieQDvVcsiu6iWAr2PUZdSF5eMI= | ID=1001
20:00:57.921 [Expansion Quests] Updated and saved persistent player quest data for player with UID=1OEPy6aKlMe0cmo8LieQDvVcsiu6iWAr2PUZdSF5eMI= | Quest ID=61501
20:01:06.000 [Expansion Quests] Added new objective data for type=TRAVEL | Key=1OEPy6aKlMe0cmo8LieQDvVcsiu6iWAr2PUZdSF5eMI= | ID=701
20:01:06.000 [Expansion Quests] Added new objective data for type=TREASUREHUNT | Key=1OEPy6aKlMe0cmo8LieQDvVcsiu6iWAr2PUZdSF5eMI= | ID=1001
20:01:06.007 [Expansion Quests] Updated and saved persistent player quest data for player with UID=1OEPy6aKlMe0cmo8LieQDvVcsiu6iWAr2PUZdSF5eMI= | Quest ID=61501
20:01:06.039 [AI Object Patrol 00166] Spawning 1 QuestEnemyTier2 (Mercenaries) bots at <11385.756836, 78.771950, 14598.517578>
20:01:06.054 [AI Object Patrol 00166] Global patrol count: 10
20:01:06.054 [AI Object Patrol 00168] Spawning 1 QuestEnemyTier3 (Mercenaries) bots at <11395.766602, 78.401291, 14593.596680>
20:01:06.070 [AI Object Patrol 00168] Global patrol count: 11
20:01:06.078 [AI Object Patrol 00165] Spawning 1 QuestEnemyTier2 (Mercenaries) bots at <11428.742188, 78.348434, 14589.511719>
20:01:06.085 [AI Object Patrol 00165] Global patrol count: 12
20:01:06.085 [AI Object Patrol 00167] Spawning 1 QuestEnemyTier2 (Mercenaries) bots at <11410.020508, 78.533928, 14601.014648>
20:01:06.101 [AI Object Patrol 00167] Global patrol count: 13
20:01:17.093 [Safezone] Player "Survivor" (id=1OEPy6aKlMe0cmo8LieQDvVcsiu6iWAr2PUZdSF5eMI= pos=<11470.870117, 71.761871, 14584.607422>) Left the safezone
20:01:34.476 [Killfeed] AI Guo (QuestEnemyTier2) был убит [Falco] Survivor с testing AKM из 3 м расстояние.
20:01:38.148 [AI Object Patrol 00165] QuestEnemyTier2 (Mercenaries) bots were wiped out (spawn position <11428.742188, 78.348434, 14589.511719>, 1/1 deceased)
20:01:38.148 [AI Object Patrol 00165] Global patrol count: 12
20:01:41.507 [Killfeed] AI Judy (QuestEnemyTier2) был убит [Falco] Survivor с testing AKM из 12 м расстояние.
20:01:43.234 [AI Object Patrol 00167] QuestEnemyTier2 (Mercenaries) bots were wiped out (spawn position <11410.020508, 78.533928, 14601.014648>, 1/1 deceased)
20:01:43.234 [AI Object Patrol 00167] Global patrol count: 11
20:01:48.289 [Killfeed] AI Hassan (QuestEnemyTier2) был убит [Falco] Survivor с testing AKM из 27 м расстояние.
20:01:52.640 [AI Object Patrol 00166] QuestEnemyTier2 (Mercenaries) bots were wiped out (spawn position <11385.756836, 78.771950, 14598.517578>, 1/1 deceased)
20:01:52.648 [AI Object Patrol 00166] Global patrol count: 10
20:01:58.132 [Killfeed] AI Irena (QuestEnemyTier3) был убит [Falco] Survivor с testing AKM из 1 м расстояние.
20:02:02.890 [AI Object Patrol 00168] QuestEnemyTier3 (Mercenaries) bots were wiped out (spawn position <11395.766602, 78.401291, 14593.596680>, 1/1 deceased)
20:02:02.890 [AI Object Patrol 00168] Global patrol count: 9
20:02:17.984 [Expansion Quests] Added new objective data for type=TRAVEL | Key=1OEPy6aKlMe0cmo8LieQDvVcsiu6iWAr2PUZdSF5eMI= | ID=701
20:02:17.984 [Expansion Quests] Added new objective data for type=TREASUREHUNT | Key=1OEPy6aKlMe0cmo8LieQDvVcsiu6iWAr2PUZdSF5eMI= | ID=1001
20:02:17.984 [Expansion Quests] Updated and saved persistent player quest data for player with UID=1OEPy6aKlMe0cmo8LieQDvVcsiu6iWAr2PUZdSF5eMI= | Quest ID=61501
20:02:21.351 [Expansion Quests] Added new objective data for type=TRAVEL | Key=1OEPy6aKlMe0cmo8LieQDvVcsiu6iWAr2PUZdSF5eMI= | ID=701
20:02:21.351 [Expansion Quests] Added new objective data for type=TREASUREHUNT | Key=1OEPy6aKlMe0cmo8LieQDvVcsiu6iWAr2PUZdSF5eMI= | ID=1001
20:02:21.351 [Expansion Quests] Updated and saved persistent player quest data for player with UID=1OEPy6aKlMe0cmo8LieQDvVcsiu6iWAr2PUZdSF5eMI= | Quest ID=61501
20:02:24.390 [Expansion Quests] Added new objective data for type=TRAVEL | Key=1OEPy6aKlMe0cmo8LieQDvVcsiu6iWAr2PUZdSF5eMI= | ID=701
20:02:24.390 [Expansion Quests] Added new objective data for type=TREASUREHUNT | Key=1OEPy6aKlMe0cmo8LieQDvVcsiu6iWAr2PUZdSF5eMI= | ID=1001
20:02:24.398 [Expansion Quests] Updated and saved persistent player quest data for player with UID=1OEPy6aKlMe0cmo8LieQDvVcsiu6iWAr2PUZdSF5eMI= | Quest ID=61501
20:02:24.398 [Expansion Quests] Player with UID=1OEPy6aKlMe0cmo8LieQDvVcsiu6iWAr2PUZdSF5eMI= has completed quest with ID=61501
20:02:24.398 [AI Object Patrol 00165] Despawning 0 QuestEnemyTier2 (Mercenaries) bots (spawn position <11426.118164, 78.167831, 14578.017578>, 1/1 deceased)
20:02:24.398 [AI Object Patrol 00166] Despawning 0 QuestEnemyTier2 (Mercenaries) bots (spawn position <11411.240234, 78.533508, 14605.666016>, 1/1 deceased)
20:02:24.398 [AI Object Patrol 00167] Despawning 0 QuestEnemyTier2 (Mercenaries) bots (spawn position <11423.280273, 78.722412, 14616.726563>, 1/1 deceased)
20:02:24.406 [AI Object Patrol 00168] Despawning 0 QuestEnemyTier3 (Mercenaries) bots (spawn position <11410.743164, 79.596481, 14616.615234>, 1/1 deceased)
