19:20:38.546 [Expansion Quests] Initialize quest system on the connected client with UID=1OEPy6aKlMe0cmo8LieQDvVcsiu6iWAr2PUZdSF5eMI=
19:20:38.609 [Expansion Quests] Loaded existing player quest data for player with UID=1OEPy6aKlMe0cmo8LieQDvVcsiu6iWAr2PUZdSF5eMI=
19:20:38.609 [Expansion Quests] Check quest initialization for quest with ID=6101 | State=COMPLETED | Player UID=1OEPy6aKlMe0cmo8LieQDvVcsiu6iWAr2PUZdSF5eMI=
19:20:38.609 [Expansion Quests] Check quest initialization for quest with ID=61601 | State=NONE | Player UID=1OEPy6aKlMe0cmo8LieQDvVcsiu6iWAr2PUZdSF5eMI=
19:20:38.609 [Expansion Quests] Check quest initialization for quest with ID=6501 | State=NONE | Player UID=1OEPy6aKlMe0cmo8LieQDvVcsiu6iWAr2PUZdSF5eMI=
19:20:38.609 [Expansion Quests] Check quest initialization for quest with ID=8 | State=STARTED | Player UID=1OEPy6aKlMe0cmo8LieQDvVcsiu6iWAr2PUZdSF5eMI=
19:20:38.609 [Expansion Quests] Create new quest instance for quest with ID=8 | Player UID=1OEPy6aKlMe0cmo8LieQDvVcsiu6iWAr2PUZdSF5eMI=
19:20:38.617 [Expansion Quests] Check quest initialization for quest with ID=61001 | State=NONE | Player UID=1OEPy6aKlMe0cmo8LieQDvVcsiu6iWAr2PUZdSF5eMI=
19:20:38.617 [Expansion Quests] Check quest initialization for quest with ID=11 | State=STARTED | Player UID=1OEPy6aKlMe0cmo8LieQDvVcsiu6iWAr2PUZdSF5eMI=
19:20:38.617 [Expansion Quests] Create new quest instance for quest with ID=11 | Player UID=1OEPy6aKlMe0cmo8LieQDvVcsiu6iWAr2PUZdSF5eMI=
19:20:38.617 [Expansion Quests] Check quest initialization for quest with ID=14 | State=COMPLETED | Player UID=1OEPy6aKlMe0cmo8LieQDvVcsiu6iWAr2PUZdSF5eMI=
19:20:38.617 [Expansion Quests] Check quest initialization for quest with ID=61701 | State=NONE | Player UID=1OEPy6aKlMe0cmo8LieQDvVcsiu6iWAr2PUZdSF5eMI=
19:20:38.617 [Expansion Quests] Check quest initialization for quest with ID=6901 | State=COMPLETED | Player UID=1OEPy6aKlMe0cmo8LieQDvVcsiu6iWAr2PUZdSF5eMI=
19:20:38.617 [Expansion Quests] Check quest initialization for quest with ID=61401 | State=NONE | Player UID=1OEPy6aKlMe0cmo8LieQDvVcsiu6iWAr2PUZdSF5eMI=
19:20:38.617 [Expansion Quests] Check quest initialization for quest with ID=9 | State=COMPLETED | Player UID=1OEPy6aKlMe0cmo8LieQDvVcsiu6iWAr2PUZdSF5eMI=
19:20:38.617 [Expansion Quests] Check quest initialization for quest with ID=61501 | State=NONE | Player UID=1OEPy6aKlMe0cmo8LieQDvVcsiu6iWAr2PUZdSF5eMI=
19:20:38.617 [Expansion Quests] Quest with ID=1 is not a a valid achievement or auto start quest. Skip quest for player with UID=1OEPy6aKlMe0cmo8LieQDvVcsiu6iWAr2PUZdSF5eMI=
19:20:38.617 [Expansion Quests] Quest with ID=2 is not a a valid achievement or auto start quest. Skip quest for player with UID=1OEPy6aKlMe0cmo8LieQDvVcsiu6iWAr2PUZdSF5eMI=
19:20:38.617 [Expansion Quests] Quest with ID=3 is not a a valid achievement or auto start quest. Skip quest for player with UID=1OEPy6aKlMe0cmo8LieQDvVcsiu6iWAr2PUZdSF5eMI=
19:20:38.617 [Expansion Quests] Quest with ID=4 is not a a valid achievement or auto start quest. Skip quest for player with UID=1OEPy6aKlMe0cmo8LieQDvVcsiu6iWAr2PUZdSF5eMI=
19:20:38.617 [Expansion Quests] Quest with ID=5 is not a a valid achievement or auto start quest. Skip quest for player with UID=1OEPy6aKlMe0cmo8LieQDvVcsiu6iWAr2PUZdSF5eMI=
19:20:38.617 [Expansion Quests] Quest with ID=6 is not a a valid achievement or auto start quest. Skip quest for player with UID=1OEPy6aKlMe0cmo8LieQDvVcsiu6iWAr2PUZdSF5eMI=
19:20:38.617 [Expansion Quests] Quest with ID=6401 is not a a valid achievement or auto start quest. Skip quest for player with UID=1OEPy6aKlMe0cmo8LieQDvVcsiu6iWAr2PUZdSF5eMI=
19:20:38.617 [Expansion Quests] Quest with ID=301 is not a a valid achievement or auto start quest. Skip quest for player with UID=1OEPy6aKlMe0cmo8LieQDvVcsiu6iWAr2PUZdSF5eMI=
19:20:38.617 [Expansion Quests] Quest with ID=10 is not a a valid achievement or auto start quest. Skip quest for player with UID=1OEPy6aKlMe0cmo8LieQDvVcsiu6iWAr2PUZdSF5eMI=
19:20:38.617 [Expansion Quests] Quest with ID=12 is not a a valid achievement or auto start quest. Skip quest for player with UID=1OEPy6aKlMe0cmo8LieQDvVcsiu6iWAr2PUZdSF5eMI=
19:20:38.617 [Expansion Quests] Quest with ID=13 is not a a valid achievement or auto start quest. Skip quest for player with UID=1OEPy6aKlMe0cmo8LieQDvVcsiu6iWAr2PUZdSF5eMI=
19:20:38.617 [Expansion Quests] Quest with ID=15 is not a a valid achievement or auto start quest. Skip quest for player with UID=1OEPy6aKlMe0cmo8LieQDvVcsiu6iWAr2PUZdSF5eMI=
19:20:38.617 [Expansion Quests] Quest with ID=16 is not a a valid achievement or auto start quest. Skip quest for player with UID=1OEPy6aKlMe0cmo8LieQDvVcsiu6iWAr2PUZdSF5eMI=
19:20:38.617 [Expansion Quests] Quest with ID=17 is not a a valid achievement or auto start quest. Skip quest for player with UID=1OEPy6aKlMe0cmo8LieQDvVcsiu6iWAr2PUZdSF5eMI=
19:20:38.617 [Expansion Quests] Quest with ID=18 is not a a valid achievement or auto start quest. Skip quest for player with UID=1OEPy6aKlMe0cmo8LieQDvVcsiu6iWAr2PUZdSF5eMI=
19:20:38.617 [Expansion Quests] Quest with ID=19 is not a a valid achievement or auto start quest. Skip quest for player with UID=1OEPy6aKlMe0cmo8LieQDvVcsiu6iWAr2PUZdSF5eMI=
19:20:38.617 [Expansion Quests] Quest with ID=20 is not a a valid achievement or auto start quest. Skip quest for player with UID=1OEPy6aKlMe0cmo8LieQDvVcsiu6iWAr2PUZdSF5eMI=
19:20:38.617 [Expansion Quests] Quest with ID=21 is not a a valid achievement or auto start quest. Skip quest for player with UID=1OEPy6aKlMe0cmo8LieQDvVcsiu6iWAr2PUZdSF5eMI=
19:20:38.617 [Expansion Quests] Quest with ID=22 is not a a valid achievement or auto start quest. Skip quest for player with UID=1OEPy6aKlMe0cmo8LieQDvVcsiu6iWAr2PUZdSF5eMI=
19:20:38.617 [Expansion Quests] Quest with ID=23 is not a a valid achievement or auto start quest. Skip quest for player with UID=1OEPy6aKlMe0cmo8LieQDvVcsiu6iWAr2PUZdSF5eMI=
19:20:38.617 [Expansion Quests] Quest with ID=26 is not a a valid achievement or auto start quest. Skip quest for player with UID=1OEPy6aKlMe0cmo8LieQDvVcsiu6iWAr2PUZdSF5eMI=
19:20:38.617 [Expansion Quests] Quest with ID=61701 is not a a valid achievement or auto start quest. Skip quest for player with UID=1OEPy6aKlMe0cmo8LieQDvVcsiu6iWAr2PUZdSF5eMI=
19:20:38.617 [Expansion Quests] Quest with ID=28 is not a a valid achievement or auto start quest. Skip quest for player with UID=1OEPy6aKlMe0cmo8LieQDvVcsiu6iWAr2PUZdSF5eMI=
19:20:38.617 [Expansion Quests] Quest with ID=6301 is not a a valid achievement or auto start quest. Skip quest for player with UID=1OEPy6aKlMe0cmo8LieQDvVcsiu6iWAr2PUZdSF5eMI=
19:20:38.617 [Expansion Quests] Quest with ID=31 is not a a valid achievement or auto start quest. Skip quest for player with UID=1OEPy6aKlMe0cmo8LieQDvVcsiu6iWAr2PUZdSF5eMI=
19:20:38.617 [Expansion Quests] Quest with ID=61601 is not a a valid achievement or auto start quest. Skip quest for player with UID=1OEPy6aKlMe0cmo8LieQDvVcsiu6iWAr2PUZdSF5eMI=
19:20:38.617 [Expansion Quests] Quest with ID=7 is not a a valid achievement or auto start quest. Skip quest for player with UID=1OEPy6aKlMe0cmo8LieQDvVcsiu6iWAr2PUZdSF5eMI=
19:20:38.617 [Expansion Quests] Quest with ID=6701 is not a a valid achievement or auto start quest. Skip quest for player with UID=1OEPy6aKlMe0cmo8LieQDvVcsiu6iWAr2PUZdSF5eMI=
19:20:38.617 [Expansion Quests] Quest with ID=6501 is not a a valid achievement or auto start quest. Skip quest for player with UID=1OEPy6aKlMe0cmo8LieQDvVcsiu6iWAr2PUZdSF5eMI=
19:20:38.617 [Expansion Quests] Quest with ID=62001 is not a a valid achievement or auto start quest. Skip quest for player with UID=1OEPy6aKlMe0cmo8LieQDvVcsiu6iWAr2PUZdSF5eMI=
19:20:38.617 [Expansion Quests] Quest with ID=6801 is not a a valid achievement or auto start quest. Skip quest for player with UID=1OEPy6aKlMe0cmo8LieQDvVcsiu6iWAr2PUZdSF5eMI=
19:20:38.617 [Expansion Quests] Quest with ID=402 is not a a valid achievement or auto start quest. Skip quest for player with UID=1OEPy6aKlMe0cmo8LieQDvVcsiu6iWAr2PUZdSF5eMI=
19:20:38.617 [Expansion Quests] Quest with ID=6201 is not a a valid achievement or auto start quest. Skip quest for player with UID=1OEPy6aKlMe0cmo8LieQDvVcsiu6iWAr2PUZdSF5eMI=
19:20:38.617 [Expansion Quests] Quest with ID=6202 is not a a valid achievement or auto start quest. Skip quest for player with UID=1OEPy6aKlMe0cmo8LieQDvVcsiu6iWAr2PUZdSF5eMI=
19:20:38.617 [Expansion Quests] Quest with ID=61501 is not a a valid achievement or auto start quest. Skip quest for player with UID=1OEPy6aKlMe0cmo8LieQDvVcsiu6iWAr2PUZdSF5eMI=
19:20:38.617 [Expansion Quests] Quest with ID=201 is not a a valid achievement or auto start quest. Skip quest for player with UID=1OEPy6aKlMe0cmo8LieQDvVcsiu6iWAr2PUZdSF5eMI=
19:20:38.617 [Expansion Quests] Quest with ID=202 is not a a valid achievement or auto start quest. Skip quest for player with UID=1OEPy6aKlMe0cmo8LieQDvVcsiu6iWAr2PUZdSF5eMI=
19:20:38.617 [Expansion Quests] Quest with ID=203 is not a a valid achievement or auto start quest. Skip quest for player with UID=1OEPy6aKlMe0cmo8LieQDvVcsiu6iWAr2PUZdSF5eMI=
19:20:38.617 [Expansion Quests] Quest with ID=6101 is not a a valid achievement or auto start quest. Skip quest for player with UID=1OEPy6aKlMe0cmo8LieQDvVcsiu6iWAr2PUZdSF5eMI=
19:20:38.617 [Expansion Quests] Quest with ID=401 is not a a valid achievement or auto start quest. Skip quest for player with UID=1OEPy6aKlMe0cmo8LieQDvVcsiu6iWAr2PUZdSF5eMI=
19:20:38.617 [Expansion Quests] Quest with ID=29 is not a a valid achievement or auto start quest. Skip quest for player with UID=1OEPy6aKlMe0cmo8LieQDvVcsiu6iWAr2PUZdSF5eMI=
19:20:38.617 [Expansion Quests] Quest with ID=61401 is not a a valid achievement or auto start quest. Skip quest for player with UID=1OEPy6aKlMe0cmo8LieQDvVcsiu6iWAr2PUZdSF5eMI=
19:20:38.617 [Expansion Quests] Quest with ID=6601 is not a a valid achievement or auto start quest. Skip quest for player with UID=1OEPy6aKlMe0cmo8LieQDvVcsiu6iWAr2PUZdSF5eMI=
19:20:38.617 [Expansion Quests] Quest with ID=61301 is not a a valid achievement or auto start quest. Skip quest for player with UID=1OEPy6aKlMe0cmo8LieQDvVcsiu6iWAr2PUZdSF5eMI=
19:20:38.617 [Expansion Quests] Quest with ID=61101 is not a a valid achievement or auto start quest. Skip quest for player with UID=1OEPy6aKlMe0cmo8LieQDvVcsiu6iWAr2PUZdSF5eMI=
19:20:38.617 [Expansion Quests] Quest with ID=101 is not a a valid achievement or auto start quest. Skip quest for player with UID=1OEPy6aKlMe0cmo8LieQDvVcsiu6iWAr2PUZdSF5eMI=
19:20:38.617 [Expansion Quests] Quest with ID=102 is not a a valid achievement or auto start quest. Skip quest for player with UID=1OEPy6aKlMe0cmo8LieQDvVcsiu6iWAr2PUZdSF5eMI=
19:20:38.617 [Expansion Quests] Quest with ID=61801 is not a a valid achievement or auto start quest. Skip quest for player with UID=1OEPy6aKlMe0cmo8LieQDvVcsiu6iWAr2PUZdSF5eMI=
19:20:38.617 [Expansion Quests] Quest with ID=61001 is not a a valid achievement or auto start quest. Skip quest for player with UID=1OEPy6aKlMe0cmo8LieQDvVcsiu6iWAr2PUZdSF5eMI=
19:20:38.617 [Expansion Quests] Quest with ID=6901 is not a a valid achievement or auto start quest. Skip quest for player with UID=1OEPy6aKlMe0cmo8LieQDvVcsiu6iWAr2PUZdSF5eMI=
19:20:38.617 [Expansion Quests] Quest with ID=61201 is not a a valid achievement or auto start quest. Skip quest for player with UID=1OEPy6aKlMe0cmo8LieQDvVcsiu6iWAr2PUZdSF5eMI=
19:20:38.625 [Expansion Quests] Sending 1OEPy6aKlMe0cmo8LieQDvVcsiu6iWAr2PUZdSF5eMI= quest configs to client for player with UID=1OEPy6aKlMe0cmo8LieQDvVcsiu6iWAr2PUZdSF5eMI=
19:20:38.625 [Expansion Quests] Sending player quest data for 12 quests to player with UID=1OEPy6aKlMe0cmo8LieQDvVcsiu6iWAr2PUZdSF5eMI=
19:20:38.632 [AI Patrol 00073] Spawning 1 Ordinary_Scavengers_Tier_1(Novodmitrovsk) (Raiders) bots at <11202.103516, 42.923862, 14331.240234>
19:20:38.656 [AI Patrol 00073] Global patrol count: 1
19:20:48.726 [AI Object Patrol 00037] Spawning 2 PoliceStationScavs_Tier_1 (Raiders) bots at <11056.149414, 226.946381, 12480.805664>
19:20:48.750 [AI Object Patrol 00037] Global patrol count: 2
19:20:48.750 [AI Object Patrol 00035] Spawning 2 Ordinary_Raiders (Raiders) bots at <11001.764648, 226.479645, 12424.000977>
19:20:48.757 [AI Object Patrol 00035] Global patrol count: 3
19:20:48.757 [AI Patrol 00083] Spawning 2 Ordinary_Scavengers_Tier_1(Krasnostav) (Raiders) bots at <11185.948242, 202.864975, 12420.587891>
19:20:48.781 [AI Patrol 00083] Global patrol count: 4
19:20:49.421 [Safezone] Player "Da da Ya" (id=1OEPy6aKlMe0cmo8LieQDvVcsiu6iWAr2PUZdSF5eMI= pos=<11885.226563, 140.000000, 12469.862305>) Entered the safezone
19:21:01.437 [Expansion Quests] Added new objective data for type=TRAVEL | Key=1OEPy6aKlMe0cmo8LieQDvVcsiu6iWAr2PUZdSF5eMI= | ID=1301
19:21:01.437 [Expansion Quests] Added new objective data for type=TRAVEL | Key=1OEPy6aKlMe0cmo8LieQDvVcsiu6iWAr2PUZdSF5eMI= | ID=1302
19:21:01.437 [Expansion Quests] Added new objective data for type=TRAVEL | Key=1OEPy6aKlMe0cmo8LieQDvVcsiu6iWAr2PUZdSF5eMI= | ID=1303
19:21:01.437 [Expansion Quests] Added new objective data for type=DELIVERY | Key=1OEPy6aKlMe0cmo8LieQDvVcsiu6iWAr2PUZdSF5eMI= | ID=401
19:21:01.445 [Expansion Quests] Updated and saved persistent player quest data for player with UID=1OEPy6aKlMe0cmo8LieQDvVcsiu6iWAr2PUZdSF5eMI= | Quest ID=61801
19:21:01.445 [Expansion Quests] Created new quest instance with instance key=1OEPy6aKlMe0cmo8LieQDvVcsiu6iWAr2PUZdSF5eMI= for quest with ID=61801
19:21:01.937 [Expansion Quests] Added new objective data for type=TRAVEL | Key=1OEPy6aKlMe0cmo8LieQDvVcsiu6iWAr2PUZdSF5eMI= | ID=1301
19:21:01.937 [Expansion Quests] Added new objective data for type=TRAVEL | Key=1OEPy6aKlMe0cmo8LieQDvVcsiu6iWAr2PUZdSF5eMI= | ID=1302
19:21:01.937 [Expansion Quests] Added new objective data for type=TRAVEL | Key=1OEPy6aKlMe0cmo8LieQDvVcsiu6iWAr2PUZdSF5eMI= | ID=1303
19:21:01.937 [Expansion Quests] Added new objective data for type=DELIVERY | Key=1OEPy6aKlMe0cmo8LieQDvVcsiu6iWAr2PUZdSF5eMI= | ID=401
19:21:01.945 [Expansion Quests] Updated and saved persistent player quest data for player with UID=1OEPy6aKlMe0cmo8LieQDvVcsiu6iWAr2PUZdSF5eMI= | Quest ID=61801
19:21:13.773 [Expansion Quests] Updated and saved persistent player quest data for player with UID=1OEPy6aKlMe0cmo8LieQDvVcsiu6iWAr2PUZdSF5eMI= | Quest ID=61801
19:21:13.773 [Expansion Quests] Player with UID=1OEPy6aKlMe0cmo8LieQDvVcsiu6iWAr2PUZdSF5eMI= has cancelled quest with ID=61801. State=STARTED
19:21:45.867 [Killfeed] AI Keiko (Ordinary_Raiders) был убит AI Baty (PoliceStationScavs_Tier_1) с CR-61 Skorpion из 2 м расстояние.
19:22:32.562 [Killfeed] AI Gabi (Ordinary_Raiders) был убит AI Baty (PoliceStationScavs_Tier_1) с CR-61 Skorpion из 31 м расстояние.
19:22:34.593 [AI Object Patrol 00035] Ordinary_Raiders (Raiders) bots were wiped out (spawn position <11001.764648, 226.479645, 12424.000977>, 2/2 deceased)
19:22:34.593 [AI Object Patrol 00035] Global patrol count: 3
19:25:09.703 [Killfeed] AI Oliver (Ordinary_Scavengers_Tier_1(Krasnostav)) был убит AI Kaito (Ordinary_Scavengers_Tier_1(Krasnostav)) с CR-61 Skorpion из 19 м расстояние.
19:25:18.421 [MissionAirdrop] An airdrop is heading towards "Zelenogorsk" (pos=<2351.000000, 0.000000, 5393.000000> type=Random_Zelenogorsk) with a ExpansionAirdropContainer
19:26:07.328 [Killfeed] AI Kaito (Ordinary_Scavengers_Tier_1(Krasnostav)) был убит AI Baty (PoliceStationScavs_Tier_1) при помощи.
19:26:08.718 [AI Patrol 00083] Ordinary_Scavengers_Tier_1(Krasnostav) (Raiders) bots were wiped out (spawn position <11185.948242, 202.864975, 12420.587891>, 2/2 deceased)
19:26:08.718 [AI Patrol 00083] Global patrol count: 2
19:27:17.132 [Killfeed] AI Baty (PoliceStationScavs_Tier_1) умер от потери крови.
19:30:44.265 [AI Patrol 00073] Despawning 1 Ordinary_Scavengers_Tier_1(Novodmitrovsk) (Raiders) bots (spawn position <11202.103516, 42.923862, 14331.240234>, 0/1 deceased)
19:30:44.265 [AI Patrol 00073] Global patrol count: 1
19:30:49.539 [AI Object Patrol 00044] Spawning 2 Mercenaries bots at <13813.705078, 24.473888, 11268.753906>
19:30:49.562 [AI Object Patrol 00044] Global patrol count: 2
19:30:49.562 [AI Object Patrol 00045] Spawning 2 Mercenaries bots at <13735.137695, -0.236406, 11089.330078>
19:30:49.578 [AI Object Patrol 00045] Global patrol count: 3
19:30:51.484 [VehicleDeleted] OffroadHatchback_Police (id=59BC22848546C99B8456D09A49BD3BAF pos=<11881.748047, 140.040756, 12480.831055>)
19:31:00.562 [Safezone] Player "Da da Ya" (id=1OEPy6aKlMe0cmo8LieQDvVcsiu6iWAr2PUZdSF5eMI= pos=<13078.547852, 46.698116, 11785.218750>) Left the safezone
19:31:18.007 [AI Object Patrol 00043] Spawning 1 Mercenaries bots at <13660.028320, -14.273390, 10939.896484>
19:31:18.031 [AI Object Patrol 00043] Global patrol count: 4
19:32:39.187 [VehicleDeleted] ExpansionVodnik_Camo (id=E7ADFC622D43986E1A4D4AA35ADDAF5A pos=<12295.311523, 88.247055, 13854.770508>)
19:33:16.523 [Killfeed] AI Eva (Наёмники) был убит Da da Ya с КАС-74У из 84 м расстояние.
19:33:59.335 [Killfeed] AI Cyril (Наёмники) был убит Da da Ya с КАС-74У из 25 м расстояние.
19:35:20.148 [Killfeed] AI Guo (Наёмники) был убит Da da Ya с Бизон из 7 м расстояние.
19:35:24.031 [AI Object Patrol 00044] Mercenaries bots were wiped out (spawn position <13813.705078, 24.473888, 11268.753906>, 2/2 deceased)
19:35:24.031 [AI Object Patrol 00044] Global patrol count: 3
19:35:35.546 [Killfeed] AI Helga (Наёмники) был убит Da da Ya с Бизон из 2 м расстояние.
19:35:39.601 [AI Object Patrol 00045] Mercenaries bots were wiped out (spawn position <13735.137695, -0.236406, 11089.330078>, 2/2 deceased)
19:35:39.601 [AI Object Patrol 00045] Global patrol count: 2
19:40:19.726 [VehicleEnter] Player Da da Ya [uid=1OEPy6aKlMe0cmo8LieQDvVcsiu6iWAr2PUZdSF5eMI=] entered vehicle Резиновая лодка (id=D460E2AC734E1C0D50F0C5A047D7E9AF pos=<13542.374023, 0.796675, 10990.902344>) as driver
19:40:49.046 [AI Object Patrol 00037] Despawning 1 PoliceStationScavs_Tier_1 (Raiders) bots (spawn position <11056.149414, 226.946381, 12480.805664>, 1/2 deceased)
19:40:49.046 [AI Object Patrol 00037] Global patrol count: 1
19:41:04.695 [AI Object Patrol 00030] Spawning 1 PoliceStationScavs_Tier_1 (Raiders) bots at <12925.772461, 14.320031, 10178.173828>
19:41:04.718 [AI Object Patrol 00030] Global patrol count: 2
19:41:17.070 [VehicleLeave] Player Da da Ya [uid=1OEPy6aKlMe0cmo8LieQDvVcsiu6iWAr2PUZdSF5eMI=] left vehicle Резиновая лодка (id=D460E2AC734E1C0D50F0C5A047D7E9AF pos=<13657.006836, 0.324370, 10869.353516>)
19:41:29.671 [Killfeed] AI Maria (Наёмники) был убит Da da Ya с Бизон из 17 м расстояние.
19:41:33.750 [AI Object Patrol 00043] Mercenaries bots were wiped out (spawn position <13660.028320, -14.273390, 10939.896484>, 1/1 deceased)
19:41:33.750 [AI Object Patrol 00043] Global patrol count: 1
19:42:28.460 [VehicleEnter] Player Da da Ya [uid=1OEPy6aKlMe0cmo8LieQDvVcsiu6iWAr2PUZdSF5eMI=] entered vehicle Merlin (id=74A247D3FD405AE9B525668D05B1DA67 pos=<13496.969727, 1.941425, 10975.044922>) as passenger
19:42:31.804 [VehicleLeave] Player Da da Ya [uid=1OEPy6aKlMe0cmo8LieQDvVcsiu6iWAr2PUZdSF5eMI=] left vehicle Merlin (id=74A247D3FD405AE9B525668D05B1DA67 pos=<13496.969727, 1.941425, 10975.044922>)
19:42:34.351 [VehicleEnter] Player Da da Ya [uid=1OEPy6aKlMe0cmo8LieQDvVcsiu6iWAr2PUZdSF5eMI=] entered vehicle Merlin (id=74A247D3FD405AE9B525668D05B1DA67 pos=<13496.969727, 1.941211, 10975.044922>) as pilot
19:42:35.867 [VehicleEngine] Player Da da Ya [uid=1OEPy6aKlMe0cmo8LieQDvVcsiu6iWAr2PUZdSF5eMI=] started vehicle Merlin (id=74A247D3FD405AE9B525668D05B1DA67 pos=<13496.969727, 1.941202, 10975.044922>)
19:43:17.953 [AI Patrol 00077] Spawning 1 Ordinary_Scavengers_Tier_1(Berezhino) (Raiders) bots at <12984.382813, 5.956767, 10011.691406>
19:43:17.976 [AI Patrol 00077] Global patrol count: 2
19:43:23.117 [AI Object Patrol 00105] Spawning 1 FireStationScavs_Tier1 (Raiders) bots at <12793.148438, 5.820000, 9989.865234>
19:43:23.132 [AI Object Patrol 00105] Global patrol count: 3
19:43:36.000 [AI Patrol 00076] Spawning 1 Ordinary_Scavengers_Tier_1(Berezhino) (Raiders) bots at <12282.510742, 12.738917, 9805.770508>
19:43:36.023 [AI Patrol 00076] Global patrol count: 4
19:43:58.984 [AI Object Patrol 00029] Spawning 2 Ordinary_Raiders (Raiders) bots at <11899.018555, 53.993336, 9163.480469>
19:43:59.000 [AI Object Patrol 00029] Global patrol count: 5
19:43:59.148 [AI Object Patrol 00103] Spawning 2 PoliceStationScavs_Tier_1 (Raiders) bots at <12051.167969, 53.998226, 9060.111328>
19:43:59.179 [AI Object Patrol 00103] Global patrol count: 6
19:45:16.562 [AI Object Patrol 00104] Spawning 2 Ordinary_Raiders (Raiders) bots at <10432.958984, 116.878990, 9828.598633>
19:45:16.570 [AI Object Patrol 00104] Global patrol count: 7
19:45:40.335 [AI Object Patrol 00059] Spawning 2 Road_Raiders (Raiders) bots at <10745.694336, 142.969666, 10763.158203>
19:45:40.359 [AI Object Patrol 00059] Global patrol count: 8
19:46:03.125 [Killfeed] AI Naomi (FireStationScavs_Tier1) был убит AI Indar (Ordinary_Scavengers_Tier_1(Berezhino)) при помощи.
19:46:07.375 [AI Object Patrol 00105] FireStationScavs_Tier1 (Raiders) bots were wiped out (spawn position <12793.148438, 5.820000, 9989.865234>, 1/1 deceased)
19:46:07.375 [AI Object Patrol 00105] Global patrol count: 7
19:46:08.609 [Killfeed] AI Indar (Ordinary_Scavengers_Tier_1(Berezhino)) был убит AI Lewis (PoliceStationScavs_Tier_1) с DT11 из 17 м расстояние.
19:46:09.093 [AI Patrol 00077] Ordinary_Scavengers_Tier_1(Berezhino) (Raiders) bots were wiped out (spawn position <12984.382813, 5.956767, 10011.691406>, 1/1 deceased)
19:46:09.093 [AI Patrol 00077] Global patrol count: 6
19:46:35.703 [VehicleEngine] Player Da da Ya [uid=1OEPy6aKlMe0cmo8LieQDvVcsiu6iWAr2PUZdSF5eMI=] stopped vehicle Merlin (id=74A247D3FD405AE9B525668D05B1DA67 pos=<10823.041016, 131.275772, 10547.086914>)
19:46:40.296 [VehicleLeave] Player Da da Ya [uid=1OEPy6aKlMe0cmo8LieQDvVcsiu6iWAr2PUZdSF5eMI=] left vehicle Merlin (id=74A247D3FD405AE9B525668D05B1DA67 pos=<10823.020508, 131.271683, 10547.080078>)
19:46:57.835 [Killfeed] AI Mirek (Road_Raiders) был убит Da da Ya с Бизон из 16 м расстояние.
19:47:36.648 [Killfeed] AI Peter (Road_Raiders) был убит Da da Ya с Бизон из 2 м расстояние.
19:47:38.750 [AI Object Patrol 00059] Road_Raiders (Raiders) bots were wiped out (spawn position <10745.694336, 142.969666, 10763.158203>, 2/2 deceased)
19:47:38.750 [AI Object Patrol 00059] Global patrol count: 5
19:49:20.296 [AI Object Patrol 00117] Spawning 2 Ordinary_Raiders (Raiders) bots at <12239.789063, 93.232834, 10622.428711>
19:49:20.304 [AI Object Patrol 00117] Global patrol count: 6
19:49:30.750 [AI Object Patrol 00020] Spawning 2 Ordinary_Raiders (Raiders) bots at <13396.954102, 5.918619, 6259.615234>
19:49:30.757 [AI Object Patrol 00020] Global patrol count: 7
19:49:44.789 [AI Object Patrol 00051] Spawning 1 Road_Raiders (Raiders) bots at <13373.519531, 6.226932, 6600.201172>
19:49:44.804 [AI Object Patrol 00051] Global patrol count: 8
19:49:59.492 [Killfeed] AI Maria (Road_Raiders) был убит Da da Ya с Бизон из 4 м расстояние.
19:50:03.750 [AI Object Patrol 00051] Road_Raiders (Raiders) bots were wiped out (spawn position <13373.519531, 6.226932, 6600.201172>, 1/1 deceased)
19:50:03.757 [AI Object Patrol 00051] Global patrol count: 7
19:52:33.617 [Killfeed] AI Baty (Ordinary_Raiders) был убит Da da Ya с Бизон из 2 м расстояние.
19:52:49.117 [Killfeed] AI Boris (Ordinary_Raiders) был убит Da da Ya с Бизон из 2 м расстояние.
19:52:54.054 [AI Object Patrol 00020] Ordinary_Raiders (Raiders) bots were wiped out (spawn position <13396.954102, 5.918619, 6259.615234>, 2/2 deceased)
19:52:54.054 [AI Object Patrol 00020] Global patrol count: 6
