14:26:00.273 [Expansion Quests] Added objects set for quest ID=2101 from file=q2101
14:26:00.273 [Expansion Quests] Added objects set for quest ID=61601 from file=q61601
14:26:00.273 [Expansion Quests] Added objects set for quest ID=61001 from file=q61001
14:26:00.273 [Expansion Quests] Added objects set for quest ID=6501 from file=q6501
14:26:00.273 [Expansion Quests] Added objects set for quest ID=6601 from file=q6601
14:26:00.273 [Expansion Quests] Added objects set for quest ID=61501 from file=q61501
14:26:00.273 [Expansion Quests] Added objects set for quest ID=61502 from file=q61502
14:26:50.152 [Safezone] Player "Survivor" (id=1OEPy6aKlMe0cmo8LieQDvVcsiu6iWAr2PUZdSF5eMI= pos=<3705.350830, 402.012451, 5985.824219>) Entered the safezone
14:26:50.167 [Party] Player "Survivor" (id=1OEPy6aKlMe0cmo8LieQDvVcsiu6iWAr2PUZdSF5eMI=) joinded the party "Falcon Resolute" (id=1 ownerUID=z63osPRVUnS8pzWmaenLtvu6c2gVxwL4gvA4elWPF5w= ownerName=Survivor (2))
14:26:50.167 [Expansion Quests] Initialize quest system on the connected client with UID=1OEPy6aKlMe0cmo8LieQDvVcsiu6iWAr2PUZdSF5eMI=
14:26:50.195 [Expansion Quests] Loaded existing player quest data for player with UID=1OEPy6aKlMe0cmo8LieQDvVcsiu6iWAr2PUZdSF5eMI=
14:26:50.195 [Expansion Quests] Loaded existing group quest data for group with ID=1
14:26:50.195 [Expansion Quests] Check quest initialization for quest with ID=6501 | State=NONE | Player UID=1OEPy6aKlMe0cmo8LieQDvVcsiu6iWAr2PUZdSF5eMI=
14:26:50.195 [Expansion Quests] Check quest initialization for quest with ID=62001 | State=NONE | Player UID=1OEPy6aKlMe0cmo8LieQDvVcsiu6iWAr2PUZdSF5eMI=
14:26:50.195 [Expansion Quests] Check quest initialization for quest with ID=101 | State=COMPLETED | Player UID=1OEPy6aKlMe0cmo8LieQDvVcsiu6iWAr2PUZdSF5eMI=
14:26:50.195 [Expansion Quests] Check quest initialization for quest with ID=61101 | State=NONE | Player UID=1OEPy6aKlMe0cmo8LieQDvVcsiu6iWAr2PUZdSF5eMI=
14:26:50.195 [Expansion Quests] Check quest initialization for quest with ID=6601 | State=NONE | Player UID=1OEPy6aKlMe0cmo8LieQDvVcsiu6iWAr2PUZdSF5eMI=
14:26:50.195 [Expansion Quests] Check quest initialization for quest with ID=61001 | State=NONE | Player UID=1OEPy6aKlMe0cmo8LieQDvVcsiu6iWAr2PUZdSF5eMI=
14:26:50.195 [Expansion Quests] Check quest initialization for quest with ID=61501 | State=NONE | Player UID=1OEPy6aKlMe0cmo8LieQDvVcsiu6iWAr2PUZdSF5eMI=
14:26:50.195 [Expansion Quests] Check quest initialization for quest with ID=61502 | State=NONE | Player UID=1OEPy6aKlMe0cmo8LieQDvVcsiu6iWAr2PUZdSF5eMI=
14:26:50.195 [Expansion Quests] Check quest initialization for quest with ID=61401 | State=NONE | Player UID=1OEPy6aKlMe0cmo8LieQDvVcsiu6iWAr2PUZdSF5eMI=
14:26:50.195 [Expansion Quests] Quest with ID=2101 is not a a valid achievement or auto start quest. Skip quest for player with UID=1OEPy6aKlMe0cmo8LieQDvVcsiu6iWAr2PUZdSF5eMI=
14:26:50.195 [Expansion Quests] Quest with ID=61601 is not a a valid achievement or auto start quest. Skip quest for player with UID=1OEPy6aKlMe0cmo8LieQDvVcsiu6iWAr2PUZdSF5eMI=
14:26:50.195 [Expansion Quests] Quest with ID=6401 is not a a valid achievement or auto start quest. Skip quest for player with UID=1OEPy6aKlMe0cmo8LieQDvVcsiu6iWAr2PUZdSF5eMI=
14:26:50.195 [Expansion Quests] Quest with ID=6701 is not a a valid achievement or auto start quest. Skip quest for player with UID=1OEPy6aKlMe0cmo8LieQDvVcsiu6iWAr2PUZdSF5eMI=
14:26:50.199 [Expansion Quests] Quest with ID=61001 is not a a valid achievement or auto start quest. Skip quest for player with UID=1OEPy6aKlMe0cmo8LieQDvVcsiu6iWAr2PUZdSF5eMI=
14:26:50.199 [Expansion Quests] Quest with ID=61301 is not a a valid achievement or auto start quest. Skip quest for player with UID=1OEPy6aKlMe0cmo8LieQDvVcsiu6iWAr2PUZdSF5eMI=
14:26:50.199 [Expansion Quests] Quest with ID=6201 is not a a valid achievement or auto start quest. Skip quest for player with UID=1OEPy6aKlMe0cmo8LieQDvVcsiu6iWAr2PUZdSF5eMI=
14:26:50.199 [Expansion Quests] Quest with ID=61101 is not a a valid achievement or auto start quest. Skip quest for player with UID=1OEPy6aKlMe0cmo8LieQDvVcsiu6iWAr2PUZdSF5eMI=
14:26:50.199 [Expansion Quests] Quest with ID=6501 is not a a valid achievement or auto start quest. Skip quest for player with UID=1OEPy6aKlMe0cmo8LieQDvVcsiu6iWAr2PUZdSF5eMI=
14:26:50.199 [Expansion Quests] Quest with ID=61201 is not a a valid achievement or auto start quest. Skip quest for player with UID=1OEPy6aKlMe0cmo8LieQDvVcsiu6iWAr2PUZdSF5eMI=
14:26:50.199 [Expansion Quests] Quest with ID=62001 is not a a valid achievement or auto start quest. Skip quest for player with UID=1OEPy6aKlMe0cmo8LieQDvVcsiu6iWAr2PUZdSF5eMI=
14:26:50.199 [Expansion Quests] Quest with ID=6101 is not a a valid achievement or auto start quest. Skip quest for player with UID=1OEPy6aKlMe0cmo8LieQDvVcsiu6iWAr2PUZdSF5eMI=
14:26:50.199 [Expansion Quests] Quest with ID=6901 is not a a valid achievement or auto start quest. Skip quest for player with UID=1OEPy6aKlMe0cmo8LieQDvVcsiu6iWAr2PUZdSF5eMI=
14:26:50.199 [Expansion Quests] Quest with ID=6801 is not a a valid achievement or auto start quest. Skip quest for player with UID=1OEPy6aKlMe0cmo8LieQDvVcsiu6iWAr2PUZdSF5eMI=
14:26:50.199 [Expansion Quests] Quest with ID=6301 is not a a valid achievement or auto start quest. Skip quest for player with UID=1OEPy6aKlMe0cmo8LieQDvVcsiu6iWAr2PUZdSF5eMI=
14:26:50.199 [Expansion Quests] Quest with ID=61401 is not a a valid achievement or auto start quest. Skip quest for player with UID=1OEPy6aKlMe0cmo8LieQDvVcsiu6iWAr2PUZdSF5eMI=
14:26:50.199 [Expansion Quests] Quest with ID=6601 is not a a valid achievement or auto start quest. Skip quest for player with UID=1OEPy6aKlMe0cmo8LieQDvVcsiu6iWAr2PUZdSF5eMI=
14:26:50.199 [Expansion Quests] Quest with ID=61501 is not a a valid achievement or auto start quest. Skip quest for player with UID=1OEPy6aKlMe0cmo8LieQDvVcsiu6iWAr2PUZdSF5eMI=
14:26:50.199 [Expansion Quests] Quest with ID=61502 is not a a valid achievement or auto start quest. Skip quest for player with UID=1OEPy6aKlMe0cmo8LieQDvVcsiu6iWAr2PUZdSF5eMI=
14:26:50.203 [Expansion Quests] Sending 1OEPy6aKlMe0cmo8LieQDvVcsiu6iWAr2PUZdSF5eMI= quest configs to client for player with UID=1OEPy6aKlMe0cmo8LieQDvVcsiu6iWAr2PUZdSF5eMI=
14:26:50.203 [Expansion Quests] Sending player quest data for 9 quests to player with UID=1OEPy6aKlMe0cmo8LieQDvVcsiu6iWAr2PUZdSF5eMI=
14:26:50.207 [AI Patrol 00158] Spawning 8 West bots at <4627.477051, 309.535645, 5821.012207>
14:26:50.218 [AI Patrol 00158] Global patrol count: 1
14:26:50.218 [AI Patrol 00114] Spawning 1 Drozhino_Tier2RR (Raiders) bots at <3454.773926, 245.555954, 4927.601074>
14:26:50.234 [AI Patrol 00114] Global patrol count: 2
14:26:50.234 [AI Patrol 00117] Spawning 1 Zelenogorsk_Tier2 (Raiders) bots at <2996.598633, 223.578873, 5296.304688>
14:26:50.253 [AI Patrol 00117] Global patrol count: 3
14:26:51.132 [Expansion Quests] - LoadGroupQuestData - Got cached group quest data for group with ID=1
14:27:00.207 [Expansion Quests] Spawned objects from set for quest ID=2101 from file=$mission:expansion\quests\\objects\q2101.map
14:27:00.207 [Expansion Quests] Added new objective data for type=TRAVEL | Key=1OEPy6aKlMe0cmo8LieQDvVcsiu6iWAr2PUZdSF5eMI= | ID=901
14:27:00.207 [Expansion Quests] Added new objective data for type=COLLECT | Key=1OEPy6aKlMe0cmo8LieQDvVcsiu6iWAr2PUZdSF5eMI= | ID=901
14:27:00.210 [Expansion Quests] Updated and saved persistent player quest data for player with UID=1OEPy6aKlMe0cmo8LieQDvVcsiu6iWAr2PUZdSF5eMI= | Quest ID=2101
14:27:00.210 [Expansion Quests] Created new quest instance with instance key=1OEPy6aKlMe0cmo8LieQDvVcsiu6iWAr2PUZdSF5eMI= for quest with ID=2101
14:27:00.671 [Expansion Quests] Added new objective data for type=TRAVEL | Key=1OEPy6aKlMe0cmo8LieQDvVcsiu6iWAr2PUZdSF5eMI= | ID=901
14:27:00.671 [Expansion Quests] Added new objective data for type=COLLECT | Key=1OEPy6aKlMe0cmo8LieQDvVcsiu6iWAr2PUZdSF5eMI= | ID=901
14:27:00.671 [Expansion Quests] Updated and saved persistent player quest data for player with UID=1OEPy6aKlMe0cmo8LieQDvVcsiu6iWAr2PUZdSF5eMI= | Quest ID=2101
14:27:01.355 [AI Object Patrol 00014] Spawning 1 PoliceStation_Tier2 (Raiders) bots at <2744.772217, 206.529999, 5382.505371>
14:27:01.480 [AI Object Patrol 00014] Global patrol count: 4
14:27:26.386 [AI Object Patrol 00162] Spawning 1 QuestEnemyTier2 (Mercenaries) bots at <3376.939453, 186.568192, 3935.792236>
14:27:26.417 [AI Object Patrol 00162] Global patrol count: 5
14:27:26.417 [AI Object Patrol 00161] Spawning 1 QuestEnemyTier2 (Mercenaries) bots at <3365.797119, 189.868988, 3969.006104>
14:27:26.441 [AI Object Patrol 00161] Global patrol count: 6
14:27:26.441 [AI Object Patrol 00160] Spawning 1 QuestEnemyTier2 (Mercenaries) bots at <3343.254883, 186.503967, 3946.579346>
14:27:26.464 [AI Object Patrol 00160] Global patrol count: 7
14:27:37.886 [Safezone] Player "Survivor" (id=1OEPy6aKlMe0cmo8LieQDvVcsiu6iWAr2PUZdSF5eMI= pos=<3342.094971, 186.535950, 3952.187988>) Left the safezone
14:27:39.230 [Killfeed] AI Keiko (QuestEnemyTier2) был убит [Falco] Survivor с КАС-74У из 3 м расстояние.
14:27:40.605 [AI Object Patrol 00160] QuestEnemyTier2 (Mercenaries) bots were wiped out (spawn position <3343.254883, 186.503967, 3946.579346>, 1/1 deceased)
14:27:40.605 [AI Object Patrol 00160] Global patrol count: 6
14:27:45.226 [Expansion Quests] Added new objective data for type=TRAVEL | Key=1OEPy6aKlMe0cmo8LieQDvVcsiu6iWAr2PUZdSF5eMI= | ID=901
14:27:45.226 [Expansion Quests] Added new objective data for type=COLLECT | Key=1OEPy6aKlMe0cmo8LieQDvVcsiu6iWAr2PUZdSF5eMI= | ID=901
14:27:45.226 [Expansion Quests] Updated and saved persistent player quest data for player with UID=1OEPy6aKlMe0cmo8LieQDvVcsiu6iWAr2PUZdSF5eMI= | Quest ID=2101
14:27:45.718 [Expansion Quests] Added new objective data for type=TRAVEL | Key=1OEPy6aKlMe0cmo8LieQDvVcsiu6iWAr2PUZdSF5eMI= | ID=901
14:27:45.722 [Expansion Quests] Added new objective data for type=COLLECT | Key=1OEPy6aKlMe0cmo8LieQDvVcsiu6iWAr2PUZdSF5eMI= | ID=901
14:27:45.722 [Expansion Quests] Updated and saved persistent player quest data for player with UID=1OEPy6aKlMe0cmo8LieQDvVcsiu6iWAr2PUZdSF5eMI= | Quest ID=2101
14:28:07.769 [Killfeed] AI Seth (QuestEnemyTier2) был убит [Falco] Survivor с КАС-74У из 3 м расстояние.
14:28:10.906 [AI Object Patrol 00162] QuestEnemyTier2 (Mercenaries) bots were wiped out (spawn position <3376.939453, 186.568192, 3935.792236>, 1/1 deceased)
14:28:10.906 [AI Object Patrol 00162] Global patrol count: 5
14:28:11.140 [Expansion Quests] Added new objective data for type=TRAVEL | Key=1OEPy6aKlMe0cmo8LieQDvVcsiu6iWAr2PUZdSF5eMI= | ID=901
14:28:11.140 [Expansion Quests] Added new objective data for type=COLLECT | Key=1OEPy6aKlMe0cmo8LieQDvVcsiu6iWAr2PUZdSF5eMI= | ID=901
14:28:11.144 [Expansion Quests] Updated and saved persistent player quest data for player with UID=1OEPy6aKlMe0cmo8LieQDvVcsiu6iWAr2PUZdSF5eMI= | Quest ID=2101
14:28:23.531 [Killfeed] AI Peter (QuestEnemyTier2) был убит [Falco] Survivor с КАС-74У из 1 м расстояние.
14:28:25.261 [AI Object Patrol 00161] QuestEnemyTier2 (Mercenaries) bots were wiped out (spawn position <3365.797119, 189.868988, 3969.006104>, 1/1 deceased)
14:28:25.261 [AI Object Patrol 00161] Global patrol count: 4
14:31:35.324 [MissionAirdrop] An airdrop is heading towards "Stary Sobor" (pos=<5823.000000, 0.000000, 7764.000000> type=Random_Stary Sobor) with a ExpansionAirdropContainer_Military
14:37:20.339 [AI Patrol 00158] Despawning 8 West bots (spawn position <4627.477051, 309.535645, 5821.012207>, 0/8 deceased)
14:37:20.339 [AI Patrol 00158] Global patrol count: 3
14:37:25.640 [AI Object Patrol 00014] Despawning 1 PoliceStation_Tier2 (Raiders) bots (spawn position <2744.772217, 206.529999, 5382.505371>, 0/1 deceased)
14:37:25.640 [AI Object Patrol 00014] Global patrol count: 2
14:37:25.792 [AI Patrol 00117] Despawning 1 Zelenogorsk_Tier2 (Raiders) bots (spawn position <2996.598633, 223.578873, 5296.304688>, 0/1 deceased)
14:37:25.792 [AI Patrol 00117] Global patrol count: 1
