12:01:17.003 [Expansion Quests] Added objects set for quest ID=5401 from file=q5301
12:01:17.003 [Expansion Quests] Added objects set for quest ID=2202 from file=q2202
12:01:17.003 [Expansion Quests] Added objects set for quest ID=2203 from file=q2203
12:01:17.003 [Expansion Quests] Added objects set for quest ID=2204 from file=q2204
12:01:17.003 [Expansion Quests] Added objects set for quest ID=2101 from file=q2101
12:01:17.003 [Expansion Quests] Added objects set for quest ID=61601 from file=q61601
12:01:17.003 [Expansion Quests] Added objects set for quest ID=2102 from file=q2102
12:01:17.003 [Expansion Quests] Added objects set for quest ID=2103 from file=q2103
12:01:17.003 [Expansion Quests] Added objects set for quest ID=2104 from file=q2104
12:01:17.003 [Expansion Quests] Added objects set for quest ID=2105 from file=q2105
12:01:17.003 [Expansion Quests] Added objects set for quest ID=6501 from file=q6501
12:01:17.003 [Expansion Quests] Added objects set for quest ID=5301 from file=q5301
12:01:17.003 [Expansion Quests] Added objects set for quest ID=5302 from file=q5302
12:01:17.003 [Expansion Quests] Added objects set for quest ID=5303 from file=q5303
12:01:17.003 [Expansion Quests] Added objects set for quest ID=5304 from file=q5304
12:01:17.003 [Expansion Quests] Added objects set for quest ID=61501 from file=q61501
12:01:17.003 [Expansion Quests] Added objects set for quest ID=61502 from file=q61502
12:01:17.003 [Expansion Quests] Added objects set for quest ID=61001 from file=q61001
12:01:17.003 [Expansion Quests] Added objects set for quest ID=2201 from file=q2201
12:01:17.003 [Expansion Quests] Added objects set for quest ID=1101 from file=q1101
12:01:17.007 [Expansion Quests] Added objects set for quest ID=1102 from file=q1102
12:01:17.007 [Expansion Quests] Added objects set for quest ID=1103 from file=q1102
12:01:17.007 [Expansion Quests] Added objects set for quest ID=1104 from file=q1104
12:01:17.007 [Expansion Quests] Added objects set for quest ID=1105 from file=q1105
12:01:17.007 [Expansion Quests] Added objects set for quest ID=5202 from file=q5202
12:01:17.007 [Expansion Quests] Added objects set for quest ID=5203 from file=q5203
12:01:17.007 [Expansion Quests] Added objects set for quest ID=2205 from file=q2205
12:01:17.007 [Expansion Quests] Added objects set for quest ID=6601 from file=q6601
12:01:17.007 [Expansion Quests] Added objects set for quest ID=5101 from file=q5101
12:01:17.007 [Expansion Quests] Added objects set for quest ID=5102 from file=q5102
12:01:17.007 [Expansion Quests] Added objects set for quest ID=5201 from file=q5201
12:01:53.234 [VehicleDestroyed] Hatchback_02_Blue (id=D1187F67C148C24C1D6A77ABCD7512AB pos=<3807.57, -20924.8, 8849.29>)
12:01:55.949 [VehicleDeleted] Hatchback_02_Blue (id=57921585294EEE18EA1B6CBDFD2A1013 pos=<3807.57, -20924.8, 8849.29>)
12:02:33.031 [Expansion Quests] Initialize quest system on the connected client with UID=1OEPy6aKlMe0cmo8LieQDvVcsiu6iWAr2PUZdSF5eMI=
12:02:33.062 [Expansion Quests] Loaded existing player quest data for player with UID=1OEPy6aKlMe0cmo8LieQDvVcsiu6iWAr2PUZdSF5eMI=
12:02:33.062 [Expansion Quests] Check quest initialization for quest with ID=5201 | State=STARTED | Player UID=1OEPy6aKlMe0cmo8LieQDvVcsiu6iWAr2PUZdSF5eMI=
12:02:33.062 [Expansion Quests] Create new quest instance for quest with ID=5201 | Player UID=1OEPy6aKlMe0cmo8LieQDvVcsiu6iWAr2PUZdSF5eMI=
12:02:33.144 [Expansion Quests] Spawned objects from set for quest ID=5201 from file=$mission:expansion\quests\\objects\q5201.map
12:02:33.148 [Expansion Quests] Check quest initialization for quest with ID=101 | State=STARTED | Player UID=1OEPy6aKlMe0cmo8LieQDvVcsiu6iWAr2PUZdSF5eMI=
12:02:33.148 [Expansion Quests] Create new quest instance for quest with ID=101 | Player UID=1OEPy6aKlMe0cmo8LieQDvVcsiu6iWAr2PUZdSF5eMI=
12:02:33.148 [Expansion Quests] Quest with ID=6401 is not a a valid achievement or auto start quest. Skip quest for player with UID=1OEPy6aKlMe0cmo8LieQDvVcsiu6iWAr2PUZdSF5eMI=
12:02:33.148 [Expansion Quests] Quest with ID=6701 is not a a valid achievement or auto start quest. Skip quest for player with UID=1OEPy6aKlMe0cmo8LieQDvVcsiu6iWAr2PUZdSF5eMI=
12:02:33.148 [Expansion Quests] Quest with ID=61201 is not a a valid achievement or auto start quest. Skip quest for player with UID=1OEPy6aKlMe0cmo8LieQDvVcsiu6iWAr2PUZdSF5eMI=
12:02:33.148 [Expansion Quests] Quest with ID=5401 is not a a valid achievement or auto start quest. Skip quest for player with UID=1OEPy6aKlMe0cmo8LieQDvVcsiu6iWAr2PUZdSF5eMI=
12:02:33.148 [Expansion Quests] Quest with ID=2202 is not a a valid achievement or auto start quest. Skip quest for player with UID=1OEPy6aKlMe0cmo8LieQDvVcsiu6iWAr2PUZdSF5eMI=
12:02:33.148 [Expansion Quests] Quest with ID=2203 is not a a valid achievement or auto start quest. Skip quest for player with UID=1OEPy6aKlMe0cmo8LieQDvVcsiu6iWAr2PUZdSF5eMI=
12:02:33.148 [Expansion Quests] Quest with ID=2204 is not a a valid achievement or auto start quest. Skip quest for player with UID=1OEPy6aKlMe0cmo8LieQDvVcsiu6iWAr2PUZdSF5eMI=
12:02:33.148 [Expansion Quests] Quest with ID=6301 is not a a valid achievement or auto start quest. Skip quest for player with UID=1OEPy6aKlMe0cmo8LieQDvVcsiu6iWAr2PUZdSF5eMI=
12:02:33.148 [Expansion Quests] Quest with ID=2101 is not a a valid achievement or auto start quest. Skip quest for player with UID=1OEPy6aKlMe0cmo8LieQDvVcsiu6iWAr2PUZdSF5eMI=
12:02:33.148 [Expansion Quests] Quest with ID=61601 is not a a valid achievement or auto start quest. Skip quest for player with UID=1OEPy6aKlMe0cmo8LieQDvVcsiu6iWAr2PUZdSF5eMI=
12:02:33.148 [Expansion Quests] Quest with ID=2102 is not a a valid achievement or auto start quest. Skip quest for player with UID=1OEPy6aKlMe0cmo8LieQDvVcsiu6iWAr2PUZdSF5eMI=
12:02:33.148 [Expansion Quests] Quest with ID=2103 is not a a valid achievement or auto start quest. Skip quest for player with UID=1OEPy6aKlMe0cmo8LieQDvVcsiu6iWAr2PUZdSF5eMI=
12:02:33.148 [Expansion Quests] Quest with ID=2104 is not a a valid achievement or auto start quest. Skip quest for player with UID=1OEPy6aKlMe0cmo8LieQDvVcsiu6iWAr2PUZdSF5eMI=
12:02:33.148 [Expansion Quests] Quest with ID=2105 is not a a valid achievement or auto start quest. Skip quest for player with UID=1OEPy6aKlMe0cmo8LieQDvVcsiu6iWAr2PUZdSF5eMI=
12:02:33.148 [Expansion Quests] Quest with ID=61101 is not a a valid achievement or auto start quest. Skip quest for player with UID=1OEPy6aKlMe0cmo8LieQDvVcsiu6iWAr2PUZdSF5eMI=
12:02:33.148 [Expansion Quests] Quest with ID=6501 is not a a valid achievement or auto start quest. Skip quest for player with UID=1OEPy6aKlMe0cmo8LieQDvVcsiu6iWAr2PUZdSF5eMI=
12:02:33.148 [Expansion Quests] Quest with ID=62001 is not a a valid achievement or auto start quest. Skip quest for player with UID=1OEPy6aKlMe0cmo8LieQDvVcsiu6iWAr2PUZdSF5eMI=
12:02:33.148 [Expansion Quests] Quest with ID=6801 is not a a valid achievement or auto start quest. Skip quest for player with UID=1OEPy6aKlMe0cmo8LieQDvVcsiu6iWAr2PUZdSF5eMI=
12:02:33.148 [Expansion Quests] Quest with ID=5301 is not a a valid achievement or auto start quest. Skip quest for player with UID=1OEPy6aKlMe0cmo8LieQDvVcsiu6iWAr2PUZdSF5eMI=
12:02:33.152 [Expansion Quests] Quest with ID=5302 is not a a valid achievement or auto start quest. Skip quest for player with UID=1OEPy6aKlMe0cmo8LieQDvVcsiu6iWAr2PUZdSF5eMI=
12:02:33.152 [Expansion Quests] Quest with ID=5303 is not a a valid achievement or auto start quest. Skip quest for player with UID=1OEPy6aKlMe0cmo8LieQDvVcsiu6iWAr2PUZdSF5eMI=
12:02:33.152 [Expansion Quests] Quest with ID=5304 is not a a valid achievement or auto start quest. Skip quest for player with UID=1OEPy6aKlMe0cmo8LieQDvVcsiu6iWAr2PUZdSF5eMI=
12:02:33.152 [Expansion Quests] Quest with ID=6201 is not a a valid achievement or auto start quest. Skip quest for player with UID=1OEPy6aKlMe0cmo8LieQDvVcsiu6iWAr2PUZdSF5eMI=
12:02:33.152 [Expansion Quests] Quest with ID=61501 is not a a valid achievement or auto start quest. Skip quest for player with UID=1OEPy6aKlMe0cmo8LieQDvVcsiu6iWAr2PUZdSF5eMI=
12:02:33.152 [Expansion Quests] Quest with ID=61502 is not a a valid achievement or auto start quest. Skip quest for player with UID=1OEPy6aKlMe0cmo8LieQDvVcsiu6iWAr2PUZdSF5eMI=
12:02:33.152 [Expansion Quests] Quest with ID=61001 is not a a valid achievement or auto start quest. Skip quest for player with UID=1OEPy6aKlMe0cmo8LieQDvVcsiu6iWAr2PUZdSF5eMI=
12:02:33.152 [Expansion Quests] Quest with ID=2201 is not a a valid achievement or auto start quest. Skip quest for player with UID=1OEPy6aKlMe0cmo8LieQDvVcsiu6iWAr2PUZdSF5eMI=
12:02:33.152 [Expansion Quests] Quest with ID=1101 is not a a valid achievement or auto start quest. Skip quest for player with UID=1OEPy6aKlMe0cmo8LieQDvVcsiu6iWAr2PUZdSF5eMI=
12:02:33.152 [Expansion Quests] Quest with ID=1102 is not a a valid achievement or auto start quest. Skip quest for player with UID=1OEPy6aKlMe0cmo8LieQDvVcsiu6iWAr2PUZdSF5eMI=
12:02:33.152 [Expansion Quests] Quest with ID=1103 is not a a valid achievement or auto start quest. Skip quest for player with UID=1OEPy6aKlMe0cmo8LieQDvVcsiu6iWAr2PUZdSF5eMI=
12:02:33.152 [Expansion Quests] Quest with ID=1104 is not a a valid achievement or auto start quest. Skip quest for player with UID=1OEPy6aKlMe0cmo8LieQDvVcsiu6iWAr2PUZdSF5eMI=
12:02:33.152 [Expansion Quests] Quest with ID=1105 is not a a valid achievement or auto start quest. Skip quest for player with UID=1OEPy6aKlMe0cmo8LieQDvVcsiu6iWAr2PUZdSF5eMI=
12:02:33.152 [Expansion Quests] Quest with ID=5202 is not a a valid achievement or auto start quest. Skip quest for player with UID=1OEPy6aKlMe0cmo8LieQDvVcsiu6iWAr2PUZdSF5eMI=
12:02:33.152 [Expansion Quests] Quest with ID=5203 is not a a valid achievement or auto start quest. Skip quest for player with UID=1OEPy6aKlMe0cmo8LieQDvVcsiu6iWAr2PUZdSF5eMI=
12:02:33.152 [Expansion Quests] Quest with ID=6101 is not a a valid achievement or auto start quest. Skip quest for player with UID=1OEPy6aKlMe0cmo8LieQDvVcsiu6iWAr2PUZdSF5eMI=
12:02:33.152 [Expansion Quests] Quest with ID=2205 is not a a valid achievement or auto start quest. Skip quest for player with UID=1OEPy6aKlMe0cmo8LieQDvVcsiu6iWAr2PUZdSF5eMI=
12:02:33.152 [Expansion Quests] Quest with ID=61401 is not a a valid achievement or auto start quest. Skip quest for player with UID=1OEPy6aKlMe0cmo8LieQDvVcsiu6iWAr2PUZdSF5eMI=
12:02:33.152 [Expansion Quests] Quest with ID=6601 is not a a valid achievement or auto start quest. Skip quest for player with UID=1OEPy6aKlMe0cmo8LieQDvVcsiu6iWAr2PUZdSF5eMI=
12:02:33.152 [Expansion Quests] Quest with ID=6901 is not a a valid achievement or auto start quest. Skip quest for player with UID=1OEPy6aKlMe0cmo8LieQDvVcsiu6iWAr2PUZdSF5eMI=
12:02:33.152 [Expansion Quests] Quest with ID=5101 is not a a valid achievement or auto start quest. Skip quest for player with UID=1OEPy6aKlMe0cmo8LieQDvVcsiu6iWAr2PUZdSF5eMI=
12:02:33.152 [Expansion Quests] Quest with ID=5102 is not a a valid achievement or auto start quest. Skip quest for player with UID=1OEPy6aKlMe0cmo8LieQDvVcsiu6iWAr2PUZdSF5eMI=
12:02:33.152 [Expansion Quests] Quest with ID=61301 is not a a valid achievement or auto start quest. Skip quest for player with UID=1OEPy6aKlMe0cmo8LieQDvVcsiu6iWAr2PUZdSF5eMI=
12:02:33.152 [Expansion Quests] Quest with ID=2301 is not a a valid achievement or auto start quest. Skip quest for player with UID=1OEPy6aKlMe0cmo8LieQDvVcsiu6iWAr2PUZdSF5eMI=
12:02:33.156 [Expansion Quests] Sending 1OEPy6aKlMe0cmo8LieQDvVcsiu6iWAr2PUZdSF5eMI= quest configs to client for player with UID=1OEPy6aKlMe0cmo8LieQDvVcsiu6iWAr2PUZdSF5eMI=
12:02:33.156 [Expansion Quests] Sending player quest data for 2 quests to player with UID=1OEPy6aKlMe0cmo8LieQDvVcsiu6iWAr2PUZdSF5eMI=
12:02:33.167 [AI Patrol 00173] Spawning 3 TestSound (West) bots at <2693.122559, 23.408119, 1311.004150>
12:02:33.179 [AI Patrol 00173] Global patrol count: 1
12:02:33.511 [Expansion Quests] Added new objective data for type=TRAVEL | Key=1OEPy6aKlMe0cmo8LieQDvVcsiu6iWAr2PUZdSF5eMI= | ID=101
12:02:33.511 [Expansion Quests] Updated and saved persistent player quest data for player with UID=1OEPy6aKlMe0cmo8LieQDvVcsiu6iWAr2PUZdSF5eMI= | Quest ID=101
12:03:23.890 [Killfeed] AI Frida (TestSound) был убит Tonby с КА-74 из 4 м расстояние.
12:03:28.062 [Killfeed] AI Indar (TestSound) был убит Tonby с КА-74 из 2 м расстояние.
12:03:41.011 [Killfeed] AI Baty (TestSound) был убит Tonby с КА-74 из 1 м расстояние.
12:03:42.550 [AI Patrol 00173] TestSound (West) bots were wiped out (spawn position <2693.122559, 23.408119, 1311.004150>, 3/3 deceased)
12:03:42.554 [AI Patrol 00173] Global patrol count: 0
12:07:01.859 [MissionAirdrop] An airdrop is heading towards "Sosnovka" (pos=<2700.000000, 0.000000, 6193.000000> type=Random_Sosnovka) with a ExpansionAirdropContainer_Military
12:20:47.304 [Expansion Quests] Deleted quest with ID=5201 is a of player with UID=1OEPy6aKlMe0cmo8LieQDvVcsiu6iWAr2PUZdSF5eMI=.
12:20:47.308 [Expansion Quests] Deleted quest with ID=101 is a of player with UID=1OEPy6aKlMe0cmo8LieQDvVcsiu6iWAr2PUZdSF5eMI=.
