16:48:44.558 [Expansion Quests] Initialize quest system on the connected client with UID=1OEPy6aKlMe0cmo8LieQDvVcsiu6iWAr2PUZdSF5eMI=
16:48:44.597 [Expansion Quests] Loaded existing player quest data for player with UID=1OEPy6aKlMe0cmo8LieQDvVcsiu6iWAr2PUZdSF5eMI=
16:48:44.597 [Expansion Quests] Check quest initialization for quest with ID=8 | State=STARTED | Player UID=1OEPy6aKlMe0cmo8LieQDvVcsiu6iWAr2PUZdSF5eMI=
16:48:44.597 [Expansion Quests] Create new quest instance for quest with ID=8 | Player UID=1OEPy6aKlMe0cmo8LieQDvVcsiu6iWAr2PUZdSF5eMI=
16:48:44.597 [Expansion Quests] Check quest initialization for quest with ID=9 | State=STARTED | Player UID=1OEPy6aKlMe0cmo8LieQDvVcsiu6iWAr2PUZdSF5eMI=
16:48:44.597 [Expansion Quests] Create new quest instance for quest with ID=9 | Player UID=1OEPy6aKlMe0cmo8LieQDvVcsiu6iWAr2PUZdSF5eMI=
16:48:44.597 [Expansion Quests] Check quest initialization for quest with ID=11 | State=STARTED | Player UID=1OEPy6aKlMe0cmo8LieQDvVcsiu6iWAr2PUZdSF5eMI=
16:48:44.597 [Expansion Quests] Create new quest instance for quest with ID=11 | Player UID=1OEPy6aKlMe0cmo8LieQDvVcsiu6iWAr2PUZdSF5eMI=
16:48:44.597 [Expansion Quests] Check quest initialization for quest with ID=6901 | State=STARTED | Player UID=1OEPy6aKlMe0cmo8LieQDvVcsiu6iWAr2PUZdSF5eMI=
16:48:44.597 [Expansion Quests] Create new quest instance for quest with ID=6901 | Player UID=1OEPy6aKlMe0cmo8LieQDvVcsiu6iWAr2PUZdSF5eMI=
16:48:44.597 [Expansion Quests] Check quest initialization for quest with ID=14 | State=COMPLETED | Player UID=1OEPy6aKlMe0cmo8LieQDvVcsiu6iWAr2PUZdSF5eMI=
16:48:44.597 [Expansion Quests] Quest with ID=1 is not a a valid achievement or auto start quest. Skip quest for player with UID=1OEPy6aKlMe0cmo8LieQDvVcsiu6iWAr2PUZdSF5eMI=
16:48:44.597 [Expansion Quests] Quest with ID=2 is not a a valid achievement or auto start quest. Skip quest for player with UID=1OEPy6aKlMe0cmo8LieQDvVcsiu6iWAr2PUZdSF5eMI=
16:48:44.597 [Expansion Quests] Quest with ID=3 is not a a valid achievement or auto start quest. Skip quest for player with UID=1OEPy6aKlMe0cmo8LieQDvVcsiu6iWAr2PUZdSF5eMI=
16:48:44.601 [Expansion Quests] Quest with ID=4 is not a a valid achievement or auto start quest. Skip quest for player with UID=1OEPy6aKlMe0cmo8LieQDvVcsiu6iWAr2PUZdSF5eMI=
16:48:44.601 [Expansion Quests] Quest with ID=5 is not a a valid achievement or auto start quest. Skip quest for player with UID=1OEPy6aKlMe0cmo8LieQDvVcsiu6iWAr2PUZdSF5eMI=
16:48:44.601 [Expansion Quests] Quest with ID=6 is not a a valid achievement or auto start quest. Skip quest for player with UID=1OEPy6aKlMe0cmo8LieQDvVcsiu6iWAr2PUZdSF5eMI=
16:48:44.601 [Expansion Quests] Quest with ID=6401 is not a a valid achievement or auto start quest. Skip quest for player with UID=1OEPy6aKlMe0cmo8LieQDvVcsiu6iWAr2PUZdSF5eMI=
16:48:44.601 [Expansion Quests] Quest with ID=301 is not a a valid achievement or auto start quest. Skip quest for player with UID=1OEPy6aKlMe0cmo8LieQDvVcsiu6iWAr2PUZdSF5eMI=
16:48:44.601 [Expansion Quests] Quest with ID=10 is not a a valid achievement or auto start quest. Skip quest for player with UID=1OEPy6aKlMe0cmo8LieQDvVcsiu6iWAr2PUZdSF5eMI=
16:48:44.601 [Expansion Quests] Quest with ID=12 is not a a valid achievement or auto start quest. Skip quest for player with UID=1OEPy6aKlMe0cmo8LieQDvVcsiu6iWAr2PUZdSF5eMI=
16:48:44.601 [Expansion Quests] Quest with ID=13 is not a a valid achievement or auto start quest. Skip quest for player with UID=1OEPy6aKlMe0cmo8LieQDvVcsiu6iWAr2PUZdSF5eMI=
16:48:44.601 [Expansion Quests] Quest with ID=15 is not a a valid achievement or auto start quest. Skip quest for player with UID=1OEPy6aKlMe0cmo8LieQDvVcsiu6iWAr2PUZdSF5eMI=
16:48:44.601 [Expansion Quests] Quest with ID=16 is not a a valid achievement or auto start quest. Skip quest for player with UID=1OEPy6aKlMe0cmo8LieQDvVcsiu6iWAr2PUZdSF5eMI=
16:48:44.601 [Expansion Quests] Quest with ID=17 is not a a valid achievement or auto start quest. Skip quest for player with UID=1OEPy6aKlMe0cmo8LieQDvVcsiu6iWAr2PUZdSF5eMI=
16:48:44.601 [Expansion Quests] Quest with ID=18 is not a a valid achievement or auto start quest. Skip quest for player with UID=1OEPy6aKlMe0cmo8LieQDvVcsiu6iWAr2PUZdSF5eMI=
16:48:44.601 [Expansion Quests] Quest with ID=19 is not a a valid achievement or auto start quest. Skip quest for player with UID=1OEPy6aKlMe0cmo8LieQDvVcsiu6iWAr2PUZdSF5eMI=
16:48:44.601 [Expansion Quests] Quest with ID=20 is not a a valid achievement or auto start quest. Skip quest for player with UID=1OEPy6aKlMe0cmo8LieQDvVcsiu6iWAr2PUZdSF5eMI=
16:48:44.601 [Expansion Quests] Quest with ID=21 is not a a valid achievement or auto start quest. Skip quest for player with UID=1OEPy6aKlMe0cmo8LieQDvVcsiu6iWAr2PUZdSF5eMI=
16:48:44.601 [Expansion Quests] Quest with ID=22 is not a a valid achievement or auto start quest. Skip quest for player with UID=1OEPy6aKlMe0cmo8LieQDvVcsiu6iWAr2PUZdSF5eMI=
16:48:44.601 [Expansion Quests] Quest with ID=23 is not a a valid achievement or auto start quest. Skip quest for player with UID=1OEPy6aKlMe0cmo8LieQDvVcsiu6iWAr2PUZdSF5eMI=
16:48:44.601 [Expansion Quests] Quest with ID=26 is not a a valid achievement or auto start quest. Skip quest for player with UID=1OEPy6aKlMe0cmo8LieQDvVcsiu6iWAr2PUZdSF5eMI=
16:48:44.601 [Expansion Quests] Quest with ID=28 is not a a valid achievement or auto start quest. Skip quest for player with UID=1OEPy6aKlMe0cmo8LieQDvVcsiu6iWAr2PUZdSF5eMI=
16:48:44.601 [Expansion Quests] Quest with ID=6301 is not a a valid achievement or auto start quest. Skip quest for player with UID=1OEPy6aKlMe0cmo8LieQDvVcsiu6iWAr2PUZdSF5eMI=
16:48:44.601 [Expansion Quests] Quest with ID=31 is not a a valid achievement or auto start quest. Skip quest for player with UID=1OEPy6aKlMe0cmo8LieQDvVcsiu6iWAr2PUZdSF5eMI=
16:48:44.601 [Expansion Quests] Quest with ID=7 is not a a valid achievement or auto start quest. Skip quest for player with UID=1OEPy6aKlMe0cmo8LieQDvVcsiu6iWAr2PUZdSF5eMI=
16:48:44.601 [Expansion Quests] Quest with ID=6701 is not a a valid achievement or auto start quest. Skip quest for player with UID=1OEPy6aKlMe0cmo8LieQDvVcsiu6iWAr2PUZdSF5eMI=
16:48:44.601 [Expansion Quests] Quest with ID=6501 is not a a valid achievement or auto start quest. Skip quest for player with UID=1OEPy6aKlMe0cmo8LieQDvVcsiu6iWAr2PUZdSF5eMI=
16:48:44.601 [Expansion Quests] Quest with ID=62001 is not a a valid achievement or auto start quest. Skip quest for player with UID=1OEPy6aKlMe0cmo8LieQDvVcsiu6iWAr2PUZdSF5eMI=
16:48:44.601 [Expansion Quests] Quest with ID=6801 is not a a valid achievement or auto start quest. Skip quest for player with UID=1OEPy6aKlMe0cmo8LieQDvVcsiu6iWAr2PUZdSF5eMI=
16:48:44.601 [Expansion Quests] Quest with ID=402 is not a a valid achievement or auto start quest. Skip quest for player with UID=1OEPy6aKlMe0cmo8LieQDvVcsiu6iWAr2PUZdSF5eMI=
16:48:44.601 [Expansion Quests] Quest with ID=6201 is not a a valid achievement or auto start quest. Skip quest for player with UID=1OEPy6aKlMe0cmo8LieQDvVcsiu6iWAr2PUZdSF5eMI=
16:48:44.601 [Expansion Quests] Quest with ID=6202 is not a a valid achievement or auto start quest. Skip quest for player with UID=1OEPy6aKlMe0cmo8LieQDvVcsiu6iWAr2PUZdSF5eMI=
16:48:44.601 [Expansion Quests] Quest with ID=201 is not a a valid achievement or auto start quest. Skip quest for player with UID=1OEPy6aKlMe0cmo8LieQDvVcsiu6iWAr2PUZdSF5eMI=
16:48:44.601 [Expansion Quests] Quest with ID=202 is not a a valid achievement or auto start quest. Skip quest for player with UID=1OEPy6aKlMe0cmo8LieQDvVcsiu6iWAr2PUZdSF5eMI=
16:48:44.601 [Expansion Quests] Quest with ID=203 is not a a valid achievement or auto start quest. Skip quest for player with UID=1OEPy6aKlMe0cmo8LieQDvVcsiu6iWAr2PUZdSF5eMI=
16:48:44.601 [Expansion Quests] Quest with ID=6101 is not a a valid achievement or auto start quest. Skip quest for player with UID=1OEPy6aKlMe0cmo8LieQDvVcsiu6iWAr2PUZdSF5eMI=
16:48:44.601 [Expansion Quests] Quest with ID=401 is not a a valid achievement or auto start quest. Skip quest for player with UID=1OEPy6aKlMe0cmo8LieQDvVcsiu6iWAr2PUZdSF5eMI=
16:48:44.601 [Expansion Quests] Quest with ID=29 is not a a valid achievement or auto start quest. Skip quest for player with UID=1OEPy6aKlMe0cmo8LieQDvVcsiu6iWAr2PUZdSF5eMI=
16:48:44.605 [Expansion Quests] Quest with ID=6601 is not a a valid achievement or auto start quest. Skip quest for player with UID=1OEPy6aKlMe0cmo8LieQDvVcsiu6iWAr2PUZdSF5eMI=
16:48:44.605 [Expansion Quests] Quest with ID=61101 is not a a valid achievement or auto start quest. Skip quest for player with UID=1OEPy6aKlMe0cmo8LieQDvVcsiu6iWAr2PUZdSF5eMI=
16:48:44.605 [Expansion Quests] Quest with ID=101 is not a a valid achievement or auto start quest. Skip quest for player with UID=1OEPy6aKlMe0cmo8LieQDvVcsiu6iWAr2PUZdSF5eMI=
16:48:44.605 [Expansion Quests] Quest with ID=102 is not a a valid achievement or auto start quest. Skip quest for player with UID=1OEPy6aKlMe0cmo8LieQDvVcsiu6iWAr2PUZdSF5eMI=
16:48:44.605 [Expansion Quests] Quest with ID=61001 is not a a valid achievement or auto start quest. Skip quest for player with UID=1OEPy6aKlMe0cmo8LieQDvVcsiu6iWAr2PUZdSF5eMI=
16:48:44.605 [Expansion Quests] Quest with ID=61201 is not a a valid achievement or auto start quest. Skip quest for player with UID=1OEPy6aKlMe0cmo8LieQDvVcsiu6iWAr2PUZdSF5eMI=
16:48:44.605 [Expansion Quests] Sending 1OEPy6aKlMe0cmo8LieQDvVcsiu6iWAr2PUZdSF5eMI= quest configs to client for player with UID=1OEPy6aKlMe0cmo8LieQDvVcsiu6iWAr2PUZdSF5eMI=
16:48:44.609 [Expansion Quests] Sending player quest data for 5 quests to player with UID=1OEPy6aKlMe0cmo8LieQDvVcsiu6iWAr2PUZdSF5eMI=
16:50:15.746 [Expansion Quests] Added new objective data for type=TREASUREHUNT | Key=1OEPy6aKlMe0cmo8LieQDvVcsiu6iWAr2PUZdSF5eMI= | ID=1001
16:50:15.750 [Expansion Quests] Added new objective data for type=COLLECT | Key=1OEPy6aKlMe0cmo8LieQDvVcsiu6iWAr2PUZdSF5eMI= | ID=1001
16:50:15.750 [Expansion Quests] Updated and saved persistent player quest data for player with UID=1OEPy6aKlMe0cmo8LieQDvVcsiu6iWAr2PUZdSF5eMI= | Quest ID=6901
16:50:42.582 [Expansion Quests] Added new objective data for type=TREASUREHUNT | Key=1OEPy6aKlMe0cmo8LieQDvVcsiu6iWAr2PUZdSF5eMI= | ID=1001
16:50:42.582 [Expansion Quests] Added new objective data for type=COLLECT | Key=1OEPy6aKlMe0cmo8LieQDvVcsiu6iWAr2PUZdSF5eMI= | ID=1001
16:50:42.582 [Expansion Quests] Updated and saved persistent player quest data for player with UID=1OEPy6aKlMe0cmo8LieQDvVcsiu6iWAr2PUZdSF5eMI= | Quest ID=6901
16:50:42.585 [Expansion Quests] Added new objective data for type=TREASUREHUNT | Key=1OEPy6aKlMe0cmo8LieQDvVcsiu6iWAr2PUZdSF5eMI= | ID=1001
16:50:42.585 [Expansion Quests] Added new objective data for type=COLLECT | Key=1OEPy6aKlMe0cmo8LieQDvVcsiu6iWAr2PUZdSF5eMI= | ID=1001
16:50:42.593 [Expansion Quests] Updated and saved persistent player quest data for player with UID=1OEPy6aKlMe0cmo8LieQDvVcsiu6iWAr2PUZdSF5eMI= | Quest ID=6901
16:50:43.078 [Expansion Quests] Added new objective data for type=TREASUREHUNT | Key=1OEPy6aKlMe0cmo8LieQDvVcsiu6iWAr2PUZdSF5eMI= | ID=1001
16:50:43.082 [Expansion Quests] Added new objective data for type=COLLECT | Key=1OEPy6aKlMe0cmo8LieQDvVcsiu6iWAr2PUZdSF5eMI= | ID=1001
16:50:43.082 [Expansion Quests] Updated and saved persistent player quest data for player with UID=1OEPy6aKlMe0cmo8LieQDvVcsiu6iWAr2PUZdSF5eMI= | Quest ID=6901
16:50:58.808 [Expansion Quests] Added new objective data for type=TREASUREHUNT | Key=1OEPy6aKlMe0cmo8LieQDvVcsiu6iWAr2PUZdSF5eMI= | ID=1001
16:50:58.808 [Expansion Quests] Added new objective data for type=COLLECT | Key=1OEPy6aKlMe0cmo8LieQDvVcsiu6iWAr2PUZdSF5eMI= | ID=1001
16:50:58.812 [Expansion Quests] Updated and saved persistent player quest data for player with UID=1OEPy6aKlMe0cmo8LieQDvVcsiu6iWAr2PUZdSF5eMI= | Quest ID=6901
16:51:00.812 [Expansion Quests] Added new objective data for type=TREASUREHUNT | Key=1OEPy6aKlMe0cmo8LieQDvVcsiu6iWAr2PUZdSF5eMI= | ID=1001
16:51:00.812 [Expansion Quests] Added new objective data for type=COLLECT | Key=1OEPy6aKlMe0cmo8LieQDvVcsiu6iWAr2PUZdSF5eMI= | ID=1001
16:51:00.812 [Expansion Quests] Updated and saved persistent player quest data for player with UID=1OEPy6aKlMe0cmo8LieQDvVcsiu6iWAr2PUZdSF5eMI= | Quest ID=6901
16:53:19.757 [MissionAirdrop] An airdrop is heading towards "Stary Sobor" (pos=<5823.000000, 0.000000, 7764.000000> type=Random_Stary Sobor) with a ExpansionAirdropContainer_Basebuilding
16:53:29.390 [AI Object Patrol 00091] Spawning 2 Ordinary_Raiders (Raiders) bots at <10430.566406, 118.373528, 9808.389648>
16:53:29.398 [AI Object Patrol 00091] Global patrol count: 1
16:58:19.777 [VehicleDeleted] Offroad_02 (id=48FE07ED64434671892238BB170A7F0E pos=<4176.369141, 338.710632, 10725.787109>)
17:02:35.906 [AI Object Patrol 00035] Spawning 1 Ordinary_Raiders (Raiders) bots at <11011.214844, 224.036819, 12404.663086>
17:02:35.925 [AI Object Patrol 00035] Global patrol count: 2
17:02:41.269 [AI Patrol 00079] Spawning 2 Ordinary_Scavengers_Tier_1(Krasnostav) (Raiders) bots at <11191.791016, 202.588303, 12400.442383>
17:02:41.300 [AI Patrol 00079] Global patrol count: 3
17:02:54.601 [AI Object Patrol 00037] Spawning 1 PoliceStationScavs_Tier_1 (Raiders) bots at <11054.352539, 227.169312, 12489.858398>
17:02:54.628 [AI Object Patrol 00037] Global patrol count: 4
17:07:10.984 [Killfeed] AI Seth (Ordinary_Scavengers_Tier_1(Krasnostav)) был убит Da da Ya с БК-133 из 16 м расстояние.
17:07:36.308 [Killfeed] AI Mirek (Ordinary_Scavengers_Tier_1(Krasnostav)) был убит Da da Ya с БК-133 из 5 м расстояние.
17:07:39.832 [AI Patrol 00079] Ordinary_Scavengers_Tier_1(Krasnostav) (Raiders) bots were wiped out (spawn position <11191.791016, 202.588303, 12400.442383>, 2/2 deceased)
17:07:39.832 [AI Patrol 00079] Global patrol count: 3
17:08:51.207 [Killfeed] Da da Ya был убит AI Francis (Ordinary_Raiders) при помощи.
17:09:02.023 [AI Object Patrol 00102] Spawning 2 PoliceStationScavs_Tier_1 (Raiders) bots at <12049.575195, 53.996101, 9060.498047>
17:09:02.050 [AI Object Patrol 00102] Global patrol count: 4
17:09:02.078 [AI Object Patrol 00029] Spawning 2 Ordinary_Raiders (Raiders) bots at <11910.550781, 53.990002, 9145.994141>
17:09:02.093 [AI Object Patrol 00029] Global patrol count: 5
17:09:02.093 [AI Object Patrol 00030] Spawning 2 PoliceStationScavs_Tier_1 (Raiders) bots at <12940.058594, 5.980000, 10176.586914>
17:09:02.128 [AI Object Patrol 00030] Global patrol count: 6
17:09:02.128 [AI Patrol 00073] Spawning 3 Ordinary_Scavengers_Tier_1(Berezhino) (Raiders) bots at <12999.937500, 5.950153, 10007.600586>
17:09:02.152 [AI Patrol 00073] Global patrol count: 7
17:09:02.152 [AI Patrol 00072] Spawning 2 Ordinary_Scavengers_Tier_1(Berezhino) (Raiders) bots at <12274.773438, 10.643636, 9816.470703>
17:09:02.175 [AI Patrol 00072] Global patrol count: 8
17:09:02.175 [AI Object Patrol 00103] Spawning 2 FireStationScavs_Tier1 (Raiders) bots at <12790.568359, 5.820000, 9978.721680>
17:09:02.191 [AI Object Patrol 00103] Global patrol count: 9
17:09:10.488 [SpawnSelection] Player "Da da Ya" (id=1OEPy6aKlMe0cmo8LieQDvVcsiu6iWAr2PUZdSF5eMI=) spawned at <14273.200195, 2.400000, 13053.299805>
17:09:10.523 [AI Object Patrol 00040] Spawning 1 PoliceStationScavs_Tier_1 (Raiders) bots at <13865.984375, 20.313366, 13219.799805>
17:09:10.546 [AI Object Patrol 00040] Global patrol count: 10
17:09:10.546 [AI Object Patrol 00041] Spawning 2 Ordinary_Raiders (Raiders) bots at <13790.935547, 20.059999, 13299.262695>
17:09:10.554 [AI Object Patrol 00041] Global patrol count: 11
17:09:10.554 [AI Object Patrol 00039] Spawning 1 Ordinary_Raiders (Raiders) bots at <13362.531250, 95.080872, 12860.679688>
17:09:10.566 [AI Object Patrol 00039] Global patrol count: 12
17:10:30.257 [Killfeed] AI Francis (Ordinary_Raiders) был убит AI Frida (PoliceStationScavs_Tier_1) при помощи.
17:10:30.464 [AI Object Patrol 00035] Ordinary_Raiders (Raiders) bots were wiped out (spawn position <11011.214844, 224.036819, 12404.663086>, 1/1 deceased)
17:10:30.464 [AI Object Patrol 00035] Global patrol count: 11
17:10:39.921 [Killfeed] AI Linda (Ordinary_Raiders) был убит AI Denis (PoliceStationScavs_Tier_1) с DT11 из 3 м расстояние.
17:10:40.398 [AI Object Patrol 00091] Despawning 2 Ordinary_Raiders (Raiders) bots (spawn position <10430.566406, 118.373528, 9808.389648>, 0/2 deceased)
17:10:40.398 [AI Object Patrol 00091] Global patrol count: 10
17:11:25.320 [Killfeed] AI Helga (PoliceStationScavs_Tier_1) был убит AI Linda (Ordinary_Scavengers_Tier_1(Berezhino)) с P1 из 2 м расстояние.
17:12:36.726 [Killfeed] AI Denis (PoliceStationScavs_Tier_1) был убит AI Naomi (Ordinary_Raiders) с БК-133 из 5 м расстояние.
17:12:40.421 [AI Object Patrol 00040] PoliceStationScavs_Tier_1 (Raiders) bots were wiped out (spawn position <13865.984375, 20.313366, 13219.799805>, 1/1 deceased)
17:12:40.421 [AI Object Patrol 00040] Global patrol count: 9
17:12:58.898 [Killfeed] AI Naomi (PoliceStationScavs_Tier_1) был убит AI Baty (FireStationScavs_Tier1) с CR-61 Skorpion из 12 м расстояние.
17:13:00.820 [AI Object Patrol 00030] PoliceStationScavs_Tier_1 (Raiders) bots were wiped out (spawn position <12940.058594, 5.980000, 10176.586914>, 2/2 deceased)
17:13:00.820 [AI Object Patrol 00030] Global patrol count: 8
17:13:18.050 [Killfeed] AI Baty (FireStationScavs_Tier1) был убит AI Linda (Ordinary_Scavengers_Tier_1(Berezhino)) при помощи.
17:13:18.980 [Killfeed] AI Indar (Ordinary_Scavengers_Tier_1(Berezhino)) был убит AI Keiko (FireStationScavs_Tier1) при помощи.
17:13:29.031 [Killfeed] AI Keiko (FireStationScavs_Tier1) был убит AI Manua (Ordinary_Scavengers_Tier_1(Berezhino)) при помощи.
17:13:31.105 [AI Object Patrol 00103] FireStationScavs_Tier1 (Raiders) bots were wiped out (spawn position <12790.568359, 5.820000, 9978.721680>, 2/2 deceased)
17:13:31.105 [AI Object Patrol 00103] Global patrol count: 7
17:15:04.316 [Killfeed] AI Gabi (Ordinary_Scavengers_Tier_1(Berezhino)) был убит AI Rolf (Ordinary_Raiders) голыми руками.
17:15:20.734 [Killfeed] AI Naomi (Ordinary_Raiders) умер от потери крови.
17:15:20.820 [AI Object Patrol 00041] Ordinary_Raiders (Raiders) bots were wiped out (spawn position <13790.935547, 20.059999, 13299.262695>, 2/2 deceased)
17:15:20.820 [AI Object Patrol 00041] Global patrol count: 6
17:16:08.652 [Safezone] Player "Da da Ya" (id=1OEPy6aKlMe0cmo8LieQDvVcsiu6iWAr2PUZdSF5eMI= pos=<12316.284180, 140.012482, 12488.863281>) Entered the safezone
17:16:29.871 [Expansion Quests] Added new objective data for type=TREASUREHUNT | Key=1OEPy6aKlMe0cmo8LieQDvVcsiu6iWAr2PUZdSF5eMI= | ID=1001
17:16:29.871 [Expansion Quests] Added new objective data for type=COLLECT | Key=1OEPy6aKlMe0cmo8LieQDvVcsiu6iWAr2PUZdSF5eMI= | ID=1001
17:16:29.871 [Expansion Quests] Updated and saved persistent player quest data for player with UID=1OEPy6aKlMe0cmo8LieQDvVcsiu6iWAr2PUZdSF5eMI= | Quest ID=6901
17:16:29.910 [Expansion Quests] Player with UID=1OEPy6aKlMe0cmo8LieQDvVcsiu6iWAr2PUZdSF5eMI= has completed quest with ID=6901
17:16:55.796 [Killfeed] AI Maria (Ordinary_Raiders) был убит AI Quinn (Ordinary_Scavengers_Tier_1(Berezhino)) голыми руками.
17:17:07.367 [Safezone] Player "Da da Ya" (id=1OEPy6aKlMe0cmo8LieQDvVcsiu6iWAr2PUZdSF5eMI= pos=<11683.151367, 147.228180, 12431.733398>) Left the safezone
17:17:07.582 [Killfeed] AI Linda (Ordinary_Scavengers_Tier_1(Berezhino)) умер от потери крови.
17:17:13.699 [Killfeed] AI Manua (Ordinary_Scavengers_Tier_1(Berezhino)) умер от потери крови.
17:17:15.261 [AI Patrol 00073] Ordinary_Scavengers_Tier_1(Berezhino) (Raiders) bots were wiped out (spawn position <12999.937500, 5.950153, 10007.600586>, 3/3 deceased)
17:17:15.261 [AI Patrol 00073] Global patrol count: 5
17:17:24.515 [Killfeed] AI Quinn (Ordinary_Scavengers_Tier_1(Berezhino)) был убит AI Rolf (Ordinary_Raiders) голыми руками.
17:17:25.570 [AI Patrol 00072] Ordinary_Scavengers_Tier_1(Berezhino) (Raiders) bots were wiped out (spawn position <12274.773438, 10.643636, 9816.470703>, 2/2 deceased)
17:17:25.570 [AI Patrol 00072] Global patrol count: 4
17:17:39.949 [Killfeed] AI Judy (PoliceStationScavs_Tier_1) был убит AI Rolf (Ordinary_Raiders) голыми руками.
17:19:02.726 [Killfeed] AI Rolf (Ordinary_Raiders) умер от потери крови.
17:19:05.425 [AI Object Patrol 00029] Ordinary_Raiders (Raiders) bots were wiped out (spawn position <11910.550781, 53.990002, 9145.994141>, 2/2 deceased)
17:19:05.425 [AI Object Patrol 00029] Global patrol count: 3
17:19:06.023 [AI Object Patrol 00102] Despawning 1 PoliceStationScavs_Tier_1 (Raiders) bots (spawn position <12049.575195, 53.996101, 9060.498047>, 1/2 deceased)
17:19:06.023 [AI Object Patrol 00102] Global patrol count: 2
17:26:16.007 [AI Object Patrol 00039] Despawning 1 Ordinary_Raiders (Raiders) bots (spawn position <13362.531250, 95.080872, 12860.679688>, 0/1 deceased)
17:26:16.007 [AI Object Patrol 00039] Global patrol count: 1
17:29:24.398 [Safezone] Player "Da da Ya" (id=1OEPy6aKlMe0cmo8LieQDvVcsiu6iWAr2PUZdSF5eMI= pos=<11760.572266, 141.869949, 12418.731445>) Entered the safezone
17:33:05.148 [AI Object Patrol 00037] Despawning 1 PoliceStationScavs_Tier_1 (Raiders) bots (spawn position <11054.352539, 227.169312, 12489.858398>, 0/1 deceased)
17:33:05.148 [AI Object Patrol 00037] Global patrol count: 0
17:37:26.785 [Expansion Quests] Added new objective data for type=TRAVEL | Key=1OEPy6aKlMe0cmo8LieQDvVcsiu6iWAr2PUZdSF5eMI= | ID=501
17:37:26.785 [Expansion Quests] Added new objective data for type=TREASUREHUNT | Key=1OEPy6aKlMe0cmo8LieQDvVcsiu6iWAr2PUZdSF5eMI= | ID=501
17:37:26.785 [Expansion Quests] Added new objective data for type=COLLECT | Key=1OEPy6aKlMe0cmo8LieQDvVcsiu6iWAr2PUZdSF5eMI= | ID=501
17:37:26.789 [Expansion Quests] Updated and saved persistent player quest data for player with UID=1OEPy6aKlMe0cmo8LieQDvVcsiu6iWAr2PUZdSF5eMI= | Quest ID=6101
17:37:26.835 [Expansion Quests] Created new quest instance with instance key=1OEPy6aKlMe0cmo8LieQDvVcsiu6iWAr2PUZdSF5eMI= for quest with ID=6101
17:37:27.285 [Expansion Quests] Added new objective data for type=TRAVEL | Key=1OEPy6aKlMe0cmo8LieQDvVcsiu6iWAr2PUZdSF5eMI= | ID=501
17:37:27.285 [Expansion Quests] Added new objective data for type=TREASUREHUNT | Key=1OEPy6aKlMe0cmo8LieQDvVcsiu6iWAr2PUZdSF5eMI= | ID=501
17:37:27.285 [Expansion Quests] Added new objective data for type=COLLECT | Key=1OEPy6aKlMe0cmo8LieQDvVcsiu6iWAr2PUZdSF5eMI= | ID=501
17:37:27.289 [Expansion Quests] Updated and saved persistent player quest data for player with UID=1OEPy6aKlMe0cmo8LieQDvVcsiu6iWAr2PUZdSF5eMI= | Quest ID=6101
17:37:28.847 [Expansion Quests] Added new objective data for type=TARGET | Key=1OEPy6aKlMe0cmo8LieQDvVcsiu6iWAr2PUZdSF5eMI= | ID=2
17:37:28.851 [Expansion Quests] Updated and saved persistent player quest data for player with UID=1OEPy6aKlMe0cmo8LieQDvVcsiu6iWAr2PUZdSF5eMI= | Quest ID=61001
17:37:28.851 [Expansion Quests] Created new quest instance with instance key=1OEPy6aKlMe0cmo8LieQDvVcsiu6iWAr2PUZdSF5eMI= for quest with ID=61001
17:39:24.148 [Safezone] Player "Da da Ya" (id=1OEPy6aKlMe0cmo8LieQDvVcsiu6iWAr2PUZdSF5eMI= pos=<11688.546875, 143.714340, 12494.097656>) Left the safezone
17:41:48.246 [Expansion Quests] Added new objective data for type=TRAVEL | Key=1OEPy6aKlMe0cmo8LieQDvVcsiu6iWAr2PUZdSF5eMI= | ID=501
17:41:48.246 [Expansion Quests] Added new objective data for type=TREASUREHUNT | Key=1OEPy6aKlMe0cmo8LieQDvVcsiu6iWAr2PUZdSF5eMI= | ID=501
17:41:48.246 [Expansion Quests] Added new objective data for type=COLLECT | Key=1OEPy6aKlMe0cmo8LieQDvVcsiu6iWAr2PUZdSF5eMI= | ID=501
17:41:48.250 [Expansion Quests] Updated and saved persistent player quest data for player with UID=1OEPy6aKlMe0cmo8LieQDvVcsiu6iWAr2PUZdSF5eMI= | Quest ID=6101
17:43:16.312 [Expansion Quests] Added new objective data for type=TRAVEL | Key=1OEPy6aKlMe0cmo8LieQDvVcsiu6iWAr2PUZdSF5eMI= | ID=501
17:43:16.312 [Expansion Quests] Added new objective data for type=TREASUREHUNT | Key=1OEPy6aKlMe0cmo8LieQDvVcsiu6iWAr2PUZdSF5eMI= | ID=501
17:43:16.312 [Expansion Quests] Added new objective data for type=COLLECT | Key=1OEPy6aKlMe0cmo8LieQDvVcsiu6iWAr2PUZdSF5eMI= | ID=501
17:43:16.312 [Expansion Quests] Updated and saved persistent player quest data for player with UID=1OEPy6aKlMe0cmo8LieQDvVcsiu6iWAr2PUZdSF5eMI= | Quest ID=6101
17:43:16.675 [Expansion Quests] Added new objective data for type=TRAVEL | Key=1OEPy6aKlMe0cmo8LieQDvVcsiu6iWAr2PUZdSF5eMI= | ID=501
17:43:16.675 [Expansion Quests] Added new objective data for type=TREASUREHUNT | Key=1OEPy6aKlMe0cmo8LieQDvVcsiu6iWAr2PUZdSF5eMI= | ID=501
17:43:16.675 [Expansion Quests] Added new objective data for type=COLLECT | Key=1OEPy6aKlMe0cmo8LieQDvVcsiu6iWAr2PUZdSF5eMI= | ID=501
17:43:16.675 [Expansion Quests] Updated and saved persistent player quest data for player with UID=1OEPy6aKlMe0cmo8LieQDvVcsiu6iWAr2PUZdSF5eMI= | Quest ID=6101
17:43:22.039 [Expansion Quests] Added new objective data for type=TRAVEL | Key=1OEPy6aKlMe0cmo8LieQDvVcsiu6iWAr2PUZdSF5eMI= | ID=501
17:43:22.039 [Expansion Quests] Added new objective data for type=TREASUREHUNT | Key=1OEPy6aKlMe0cmo8LieQDvVcsiu6iWAr2PUZdSF5eMI= | ID=501
17:43:22.039 [Expansion Quests] Added new objective data for type=COLLECT | Key=1OEPy6aKlMe0cmo8LieQDvVcsiu6iWAr2PUZdSF5eMI= | ID=501
17:43:22.042 [Expansion Quests] Updated and saved persistent player quest data for player with UID=1OEPy6aKlMe0cmo8LieQDvVcsiu6iWAr2PUZdSF5eMI= | Quest ID=6101
17:43:27.273 [Expansion Quests] Added new objective data for type=TRAVEL | Key=1OEPy6aKlMe0cmo8LieQDvVcsiu6iWAr2PUZdSF5eMI= | ID=501
17:43:27.273 [Expansion Quests] Added new objective data for type=TREASUREHUNT | Key=1OEPy6aKlMe0cmo8LieQDvVcsiu6iWAr2PUZdSF5eMI= | ID=501
17:43:27.273 [Expansion Quests] Added new objective data for type=COLLECT | Key=1OEPy6aKlMe0cmo8LieQDvVcsiu6iWAr2PUZdSF5eMI= | ID=501
17:43:27.273 [Expansion Quests] Updated and saved persistent player quest data for player with UID=1OEPy6aKlMe0cmo8LieQDvVcsiu6iWAr2PUZdSF5eMI= | Quest ID=6101
17:43:27.277 [Expansion Quests] Added new objective data for type=TRAVEL | Key=1OEPy6aKlMe0cmo8LieQDvVcsiu6iWAr2PUZdSF5eMI= | ID=501
17:43:27.277 [Expansion Quests] Added new objective data for type=TREASUREHUNT | Key=1OEPy6aKlMe0cmo8LieQDvVcsiu6iWAr2PUZdSF5eMI= | ID=501
17:43:27.277 [Expansion Quests] Added new objective data for type=COLLECT | Key=1OEPy6aKlMe0cmo8LieQDvVcsiu6iWAr2PUZdSF5eMI= | ID=501
17:43:27.281 [Expansion Quests] Updated and saved persistent player quest data for player with UID=1OEPy6aKlMe0cmo8LieQDvVcsiu6iWAr2PUZdSF5eMI= | Quest ID=6101
17:43:27.773 [Expansion Quests] Added new objective data for type=TRAVEL | Key=1OEPy6aKlMe0cmo8LieQDvVcsiu6iWAr2PUZdSF5eMI= | ID=501
17:43:27.773 [Expansion Quests] Added new objective data for type=TREASUREHUNT | Key=1OEPy6aKlMe0cmo8LieQDvVcsiu6iWAr2PUZdSF5eMI= | ID=501
17:43:27.773 [Expansion Quests] Added new objective data for type=COLLECT | Key=1OEPy6aKlMe0cmo8LieQDvVcsiu6iWAr2PUZdSF5eMI= | ID=501
17:43:27.773 [Expansion Quests] Updated and saved persistent player quest data for player with UID=1OEPy6aKlMe0cmo8LieQDvVcsiu6iWAr2PUZdSF5eMI= | Quest ID=6101
17:43:30.539 [Expansion Quests] Added new objective data for type=TRAVEL | Key=1OEPy6aKlMe0cmo8LieQDvVcsiu6iWAr2PUZdSF5eMI= | ID=501
17:43:30.539 [Expansion Quests] Added new objective data for type=TREASUREHUNT | Key=1OEPy6aKlMe0cmo8LieQDvVcsiu6iWAr2PUZdSF5eMI= | ID=501
17:43:30.539 [Expansion Quests] Added new objective data for type=COLLECT | Key=1OEPy6aKlMe0cmo8LieQDvVcsiu6iWAr2PUZdSF5eMI= | ID=501
17:43:30.539 [Expansion Quests] Updated and saved persistent player quest data for player with UID=1OEPy6aKlMe0cmo8LieQDvVcsiu6iWAr2PUZdSF5eMI= | Quest ID=6101
18:03:36.347 [VehicleEnter] Player Da da Ya [uid=1OEPy6aKlMe0cmo8LieQDvVcsiu6iWAr2PUZdSF5eMI=] entered vehicle Land Rover Defender (id=33D4A615384673352830A4AA07E0C3F3 pos=<11163.993164, 197.490372, 12182.799805>) as driver
18:03:46.718 [VehicleEngine] Player Da da Ya [uid=1OEPy6aKlMe0cmo8LieQDvVcsiu6iWAr2PUZdSF5eMI=] started vehicle Land Rover Defender (id=33D4A615384673352830A4AA07E0C3F3 pos=<11163.993164, 197.490463, 12182.799805>)
18:05:29.308 [Safezone] Player "Da da Ya" (id=1OEPy6aKlMe0cmo8LieQDvVcsiu6iWAr2PUZdSF5eMI= pos=<11810.621094, 144.997391, 12310.642578>) Entered the safezone
18:05:45.152 [VehicleEngine] Player Da da Ya [uid=1OEPy6aKlMe0cmo8LieQDvVcsiu6iWAr2PUZdSF5eMI=] stopped vehicle Land Rover Defender (id=33D4A615384673352830A4AA07E0C3F3 pos=<11843.515625, 139.929977, 12429.024414>)
18:05:48.734 [VehicleLeave] Player Da da Ya [uid=1OEPy6aKlMe0cmo8LieQDvVcsiu6iWAr2PUZdSF5eMI=] left vehicle Land Rover Defender (id=33D4A615384673352830A4AA07E0C3F3 pos=<11843.515625, 139.929993, 12429.024414>)
18:09:21.988 [Expansion Quests] Added new objective data for type=TRAVEL | Key=1OEPy6aKlMe0cmo8LieQDvVcsiu6iWAr2PUZdSF5eMI= | ID=501
18:09:21.988 [Expansion Quests] Added new objective data for type=TREASUREHUNT | Key=1OEPy6aKlMe0cmo8LieQDvVcsiu6iWAr2PUZdSF5eMI= | ID=501
18:09:21.988 [Expansion Quests] Added new objective data for type=COLLECT | Key=1OEPy6aKlMe0cmo8LieQDvVcsiu6iWAr2PUZdSF5eMI= | ID=501
18:09:21.988 [Expansion Quests] Updated and saved persistent player quest data for player with UID=1OEPy6aKlMe0cmo8LieQDvVcsiu6iWAr2PUZdSF5eMI= | Quest ID=6101
18:09:22.050 [Expansion Quests] Added new objective data for type=TRAVEL | Key=1OEPy6aKlMe0cmo8LieQDvVcsiu6iWAr2PUZdSF5eMI= | ID=501
18:09:22.050 [Expansion Quests] Added new objective data for type=TREASUREHUNT | Key=1OEPy6aKlMe0cmo8LieQDvVcsiu6iWAr2PUZdSF5eMI= | ID=501
18:09:22.050 [Expansion Quests] Added new objective data for type=COLLECT | Key=1OEPy6aKlMe0cmo8LieQDvVcsiu6iWAr2PUZdSF5eMI= | ID=501
18:09:22.058 [Expansion Quests] Updated and saved persistent player quest data for player with UID=1OEPy6aKlMe0cmo8LieQDvVcsiu6iWAr2PUZdSF5eMI= | Quest ID=6101
18:09:22.058 [Expansion Quests] Player with UID=1OEPy6aKlMe0cmo8LieQDvVcsiu6iWAr2PUZdSF5eMI= has completed quest with ID=6101
18:09:47.750 [Expansion Quests] Updated and saved persistent player quest data for player with UID=1OEPy6aKlMe0cmo8LieQDvVcsiu6iWAr2PUZdSF5eMI= | Quest ID=61001
18:09:47.750 [Expansion Quests] Player with UID=1OEPy6aKlMe0cmo8LieQDvVcsiu6iWAr2PUZdSF5eMI= has cancelled quest with ID=61001. State=STARTED
18:10:14.730 [VehicleEnter] Player Da da Ya [uid=1OEPy6aKlMe0cmo8LieQDvVcsiu6iWAr2PUZdSF5eMI=] entered vehicle Land Rover Defender (id=33D4A615384673352830A4AA07E0C3F3 pos=<11843.515625, 139.930023, 12429.024414>) as driver
18:10:16.632 [VehicleLeave] Player Da da Ya [uid=1OEPy6aKlMe0cmo8LieQDvVcsiu6iWAr2PUZdSF5eMI=] left vehicle Land Rover Defender (id=33D4A615384673352830A4AA07E0C3F3 pos=<11843.514648, 139.929611, 12429.024414>)
18:13:45.242 [VehicleEnter] Player Da da Ya [uid=1OEPy6aKlMe0cmo8LieQDvVcsiu6iWAr2PUZdSF5eMI=] entered vehicle Land Rover Defender (id=33D4A615384673352830A4AA07E0C3F3 pos=<11843.514648, 139.930008, 12429.024414>) as driver
18:14:06.468 [VehicleLeave] Player Da da Ya [uid=1OEPy6aKlMe0cmo8LieQDvVcsiu6iWAr2PUZdSF5eMI=] left vehicle Land Rover Defender (id=33D4A615384673352830A4AA07E0C3F3 pos=<11843.513672, 139.929962, 12429.023438>)
18:14:38.476 [Safezone] Player "Da da Ya" (id=1OEPy6aKlMe0cmo8LieQDvVcsiu6iWAr2PUZdSF5eMI= pos=<11691.241211, 144.478409, 12459.680664>) Left the safezone
18:16:27.617 [Safezone] Player "Da da Ya" (id=1OEPy6aKlMe0cmo8LieQDvVcsiu6iWAr2PUZdSF5eMI= pos=<11760.798828, 141.075592, 12407.106445>) Entered the safezone
18:16:57.507 [Expansion Quests] Deleted quest with ID=8 is a of player with UID=1OEPy6aKlMe0cmo8LieQDvVcsiu6iWAr2PUZdSF5eMI=.
18:16:57.507 [Expansion Quests] Deleted quest with ID=9 is a of player with UID=1OEPy6aKlMe0cmo8LieQDvVcsiu6iWAr2PUZdSF5eMI=.
18:16:57.507 [Expansion Quests] Deleted quest with ID=11 is a of player with UID=1OEPy6aKlMe0cmo8LieQDvVcsiu6iWAr2PUZdSF5eMI=.
18:21:09.210 [MissionAirdrop] An airdrop is heading towards "Myshkinko" (pos=<2036.000000, 0.000000, 7491.000000> type=Random_Myshkinko) with a ExpansionAirdropContainer_Medical
