22:58:17.414 [Expansion Quests] Initialize quest system on the connected client with UID=1OEPy6aKlMe0cmo8LieQDvVcsiu6iWAr2PUZdSF5eMI=
22:58:17.445 [Expansion Quests] Loaded existing player quest data for player with UID=1OEPy6aKlMe0cmo8LieQDvVcsiu6iWAr2PUZdSF5eMI=
22:58:17.445 [Expansion Quests] Check quest initialization for quest with ID=8 | State=STARTED | Player UID=1OEPy6aKlMe0cmo8LieQDvVcsiu6iWAr2PUZdSF5eMI=
22:58:17.445 [Expansion Quests] Create new quest instance for quest with ID=8 | Player UID=1OEPy6aKlMe0cmo8LieQDvVcsiu6iWAr2PUZdSF5eMI=
22:58:17.445 [Expansion Quests] Check quest initialization for quest with ID=9 | State=STARTED | Player UID=1OEPy6aKlMe0cmo8LieQDvVcsiu6iWAr2PUZdSF5eMI=
22:58:17.445 [Expansion Quests] Create new quest instance for quest with ID=9 | Player UID=1OEPy6aKlMe0cmo8LieQDvVcsiu6iWAr2PUZdSF5eMI=
22:58:17.453 [Expansion Quests] Check quest initialization for quest with ID=11 | State=STARTED | Player UID=1OEPy6aKlMe0cmo8LieQDvVcsiu6iWAr2PUZdSF5eMI=
22:58:17.453 [Expansion Quests] Create new quest instance for quest with ID=11 | Player UID=1OEPy6aKlMe0cmo8LieQDvVcsiu6iWAr2PUZdSF5eMI=
22:58:17.453 [Expansion Quests] Check quest initialization for quest with ID=14 | State=COMPLETED | Player UID=1OEPy6aKlMe0cmo8LieQDvVcsiu6iWAr2PUZdSF5eMI=
22:58:17.453 [Expansion Quests] Quest with ID=1 is not a a valid achievement or auto start quest. Skip quest for player with UID=1OEPy6aKlMe0cmo8LieQDvVcsiu6iWAr2PUZdSF5eMI=
22:58:17.453 [Expansion Quests] Quest with ID=2 is not a a valid achievement or auto start quest. Skip quest for player with UID=1OEPy6aKlMe0cmo8LieQDvVcsiu6iWAr2PUZdSF5eMI=
22:58:17.453 [Expansion Quests] Quest with ID=3 is not a a valid achievement or auto start quest. Skip quest for player with UID=1OEPy6aKlMe0cmo8LieQDvVcsiu6iWAr2PUZdSF5eMI=
22:58:17.453 [Expansion Quests] Quest with ID=4 is not a a valid achievement or auto start quest. Skip quest for player with UID=1OEPy6aKlMe0cmo8LieQDvVcsiu6iWAr2PUZdSF5eMI=
22:58:17.453 [Expansion Quests] Quest with ID=5 is not a a valid achievement or auto start quest. Skip quest for player with UID=1OEPy6aKlMe0cmo8LieQDvVcsiu6iWAr2PUZdSF5eMI=
22:58:17.453 [Expansion Quests] Quest with ID=6 is not a a valid achievement or auto start quest. Skip quest for player with UID=1OEPy6aKlMe0cmo8LieQDvVcsiu6iWAr2PUZdSF5eMI=
22:58:17.453 [Expansion Quests] Quest with ID=7 is not a a valid achievement or auto start quest. Skip quest for player with UID=1OEPy6aKlMe0cmo8LieQDvVcsiu6iWAr2PUZdSF5eMI=
22:58:17.453 [Expansion Quests] Quest with ID=10 is not a a valid achievement or auto start quest. Skip quest for player with UID=1OEPy6aKlMe0cmo8LieQDvVcsiu6iWAr2PUZdSF5eMI=
22:58:17.453 [Expansion Quests] Quest with ID=12 is not a a valid achievement or auto start quest. Skip quest for player with UID=1OEPy6aKlMe0cmo8LieQDvVcsiu6iWAr2PUZdSF5eMI=
22:58:17.453 [Expansion Quests] Quest with ID=13 is not a a valid achievement or auto start quest. Skip quest for player with UID=1OEPy6aKlMe0cmo8LieQDvVcsiu6iWAr2PUZdSF5eMI=
22:58:17.453 [Expansion Quests] Quest with ID=15 is not a a valid achievement or auto start quest. Skip quest for player with UID=1OEPy6aKlMe0cmo8LieQDvVcsiu6iWAr2PUZdSF5eMI=
22:58:17.453 [Expansion Quests] Quest with ID=16 is not a a valid achievement or auto start quest. Skip quest for player with UID=1OEPy6aKlMe0cmo8LieQDvVcsiu6iWAr2PUZdSF5eMI=
22:58:17.453 [Expansion Quests] Quest with ID=17 is not a a valid achievement or auto start quest. Skip quest for player with UID=1OEPy6aKlMe0cmo8LieQDvVcsiu6iWAr2PUZdSF5eMI=
22:58:17.453 [Expansion Quests] Quest with ID=18 is not a a valid achievement or auto start quest. Skip quest for player with UID=1OEPy6aKlMe0cmo8LieQDvVcsiu6iWAr2PUZdSF5eMI=
22:58:17.453 [Expansion Quests] Quest with ID=19 is not a a valid achievement or auto start quest. Skip quest for player with UID=1OEPy6aKlMe0cmo8LieQDvVcsiu6iWAr2PUZdSF5eMI=
22:58:17.453 [Expansion Quests] Quest with ID=20 is not a a valid achievement or auto start quest. Skip quest for player with UID=1OEPy6aKlMe0cmo8LieQDvVcsiu6iWAr2PUZdSF5eMI=
22:58:17.453 [Expansion Quests] Quest with ID=21 is not a a valid achievement or auto start quest. Skip quest for player with UID=1OEPy6aKlMe0cmo8LieQDvVcsiu6iWAr2PUZdSF5eMI=
22:58:17.453 [Expansion Quests] Quest with ID=22 is not a a valid achievement or auto start quest. Skip quest for player with UID=1OEPy6aKlMe0cmo8LieQDvVcsiu6iWAr2PUZdSF5eMI=
22:58:17.453 [Expansion Quests] Quest with ID=23 is not a a valid achievement or auto start quest. Skip quest for player with UID=1OEPy6aKlMe0cmo8LieQDvVcsiu6iWAr2PUZdSF5eMI=
22:58:17.453 [Expansion Quests] Quest with ID=24 is not a a valid achievement or auto start quest. Skip quest for player with UID=1OEPy6aKlMe0cmo8LieQDvVcsiu6iWAr2PUZdSF5eMI=
22:58:17.453 [Expansion Quests] Sending 1OEPy6aKlMe0cmo8LieQDvVcsiu6iWAr2PUZdSF5eMI= quest configs to client for player with UID=1OEPy6aKlMe0cmo8LieQDvVcsiu6iWAr2PUZdSF5eMI=
22:58:17.453 [Expansion Quests] Sending player quest data for 4 quests to player with UID=1OEPy6aKlMe0cmo8LieQDvVcsiu6iWAr2PUZdSF5eMI=
22:58:17.453 [AI Object Patrol] Spawning 2 Ordinary_Civilian bots at <6515.262207, 6.533941, 2307.472656>
22:58:17.468 [AI Patrol] Spawning 2 Ordinary_Scavengers_Tier_2(Hotel_Cherno) bots at <6590.066895, 5.915183, 2293.841064>
22:58:17.484 [AI Patrol] Spawning 1 Ordinary_Scavengers_Tier_1(Vysotovo) bots at <5937.903809, 69.022087, 2641.524414>
22:58:49.125 [AI Patrol] Spawning 1 Ordinary_Scavengers_Tier_1(Cherno_Oil) bots at <5867.167480, 9.022890, 2186.089111>
22:58:50.195 [AI Object Patrol] Spawning 1 PoliceStationScavs_Tier_1 bots at <6202.298340, 32.781120, 2920.927002>
22:58:55.320 [AI Patrol] Spawning 1 Ordinary_Scavengers_Tier_1(Cherno_Exit) bots at <6607.606445, 13.848114, 2990.465576>
22:58:58.960 [AI Object Patrol] Spawning 2 FireStationScavs_Tier1 bots at <6262.113281, 8.619924, 2721.123047>
22:59:18.648 [Killfeed] AI Rolf (Ordinary_Scavengers_Tier_2(Hotel_Cherno)) был убит Da da Ya с AUR A1 из 7 м расстояние.
22:59:56.359 [Killfeed] AI Taiki (Ordinary_Civilian) был убит Da da Ya с AUR A1 из 3 м расстояние.
23:00:14.953 [Killfeed] AI Niki (Ordinary_Scavengers_Tier_1(Cherno_Exit)) был убит Da da Ya с AUR A1 из 2 м расстояние.
23:00:15.250 [AI Patrol] Ordinary_Scavengers_Tier_1(Cherno_Exit) bots were wiped out (spawn position <6607.606445, 13.848114, 2990.465576>, 1/1 deceased)
23:00:19.023 [AI Patrol] Spawning 1 Ordinary_Scavengers_Tier_1(Vysotovo) bots at <5492.211426, 62.389408, 2564.724609>
23:00:19.531 [AI Object Patrol] Spawning 2 PoliceStationScavs_Tier_1 bots at <6633.093262, 13.969685, 2586.646240>
23:00:20.390 [AI Patrol] Spawning 1 Ordinary_Scavengers_Tier_1(Cherno_Med) bots at <6485.866211, 9.320000, 2687.852539>
23:00:33.195 [Killfeed] AI Gabi (PoliceStationScavs_Tier_1) был убит Da da Ya с AUR A1 из 12 м расстояние.
23:00:38.125 [AI Object Patrol] PoliceStationScavs_Tier_1 bots were wiped out (spawn position <6202.298340, 32.781120, 2920.927002>, 1/1 deceased)
23:01:06.859 [Killfeed] AI Maria (Ordinary_Scavengers_Tier_1(Cherno_Oil)) был убит Da da Ya с AUR A1 из 3 м расстояние.
23:01:10.648 [AI Patrol] Ordinary_Scavengers_Tier_1(Cherno_Oil) bots were wiped out (spawn position <5867.167480, 9.022890, 2186.089111>, 1/1 deceased)
23:01:16.812 [Killfeed] AI Kaito (Ordinary_Scavengers_Tier_1(Vysotovo)) был убит Da da Ya с AUR A1 из 2 м расстояние.
23:01:20.757 [AI Patrol] Ordinary_Scavengers_Tier_1(Vysotovo) bots were wiped out (spawn position <5492.211426, 62.389408, 2564.724609>, 1/1 deceased)
23:01:38.406 [Killfeed] AI Naomi (Ordinary_Scavengers_Tier_1(Cherno_Med)) был убит AI Seth (FireStationScavs_Tier1) при помощи.
23:01:40.304 [AI Patrol] Ordinary_Scavengers_Tier_1(Cherno_Med) bots were wiped out (spawn position <6485.866211, 9.320000, 2687.852539>, 1/1 deceased)
23:02:54.867 [MissionAirdrop] An airdrop is heading towards "Sosnovka" (pos=<2700.000000, 0.000000, 6193.000000> type=Random_Sosnovka) with a ExpansionAirdropContainer_Military
23:02:58.062 [Killfeed] AI Helga (Ordinary_Scavengers_Tier_2(Hotel_Cherno)) был убит Da da Ya с AUR A1 из 8 м расстояние.
23:03:00.414 [AI Patrol] Ordinary_Scavengers_Tier_2(Hotel_Cherno) bots were wiped out (spawn position <6590.066895, 5.915183, 2293.841064>, 2/2 deceased)
23:04:05.703 [Killfeed] AI Guo (PoliceStationScavs_Tier_1) был убит AI Seth (FireStationScavs_Tier1) при помощи.
23:04:37.617 [Expansion Quests] Deleted quest with ID=8 is a of player with UID=1OEPy6aKlMe0cmo8LieQDvVcsiu6iWAr2PUZdSF5eMI=.
23:04:37.617 [Expansion Quests] Deleted quest with ID=9 is a of player with UID=1OEPy6aKlMe0cmo8LieQDvVcsiu6iWAr2PUZdSF5eMI=.
23:04:37.617 [Expansion Quests] Deleted quest with ID=11 is a of player with UID=1OEPy6aKlMe0cmo8LieQDvVcsiu6iWAr2PUZdSF5eMI=.
23:05:40.812 [Killfeed] AI Keiko (FireStationScavs_Tier1) был убит AI Eva (PoliceStationScavs_Tier_1) с Mlock-91 из 13 м расстояние.
23:07:41.195 [Killfeed] AI Seth (FireStationScavs_Tier1) умер от потери крови.
23:07:42.226 [AI Object Patrol] FireStationScavs_Tier1 bots were wiped out (spawn position <6262.113281, 8.619924, 2721.123047>, 2/2 deceased)
