10:19:28.410 [Expansion Quests] Added objects set for quest ID=5401 from file=q5301
10:19:28.410 [Expansion Quests] Added objects set for quest ID=2202 from file=q2202
10:19:28.410 [Expansion Quests] Added objects set for quest ID=2203 from file=q2203
10:19:28.410 [Expansion Quests] Added objects set for quest ID=2204 from file=q2204
10:19:28.410 [Expansion Quests] Added objects set for quest ID=2101 from file=q2101
10:19:28.410 [Expansion Quests] Added objects set for quest ID=61601 from file=q61601
10:19:28.410 [Expansion Quests] Added objects set for quest ID=2102 from file=q2102
10:19:28.410 [Expansion Quests] Added objects set for quest ID=2103 from file=q2103
10:19:28.410 [Expansion Quests] Added objects set for quest ID=2104 from file=q2104
10:19:28.414 [Expansion Quests] Added objects set for quest ID=2105 from file=q2105
10:19:28.414 [Expansion Quests] Added objects set for quest ID=6501 from file=q6501
10:19:28.414 [Expansion Quests] Added objects set for quest ID=5301 from file=q5301
10:19:28.414 [Expansion Quests] Added objects set for quest ID=5302 from file=q5302
10:19:28.414 [Expansion Quests] Added objects set for quest ID=5303 from file=q5303
10:19:28.414 [Expansion Quests] Added objects set for quest ID=5304 from file=q5304
10:19:28.414 [Expansion Quests] Added objects set for quest ID=61501 from file=q61501
10:19:28.414 [Expansion Quests] Added objects set for quest ID=61502 from file=q61502
10:19:28.414 [Expansion Quests] Added objects set for quest ID=61001 from file=q61001
10:19:28.414 [Expansion Quests] Added objects set for quest ID=2201 from file=q2201
10:19:28.414 [Expansion Quests] Added objects set for quest ID=1101 from file=q1101
10:19:28.414 [Expansion Quests] Added objects set for quest ID=1102 from file=q1102
10:19:28.414 [Expansion Quests] Added objects set for quest ID=1103 from file=q1102
10:19:28.414 [Expansion Quests] Added objects set for quest ID=1104 from file=q1104
10:19:28.414 [Expansion Quests] Added objects set for quest ID=1105 from file=q1105
10:19:28.414 [Expansion Quests] Added objects set for quest ID=5202 from file=q5202
10:19:28.414 [Expansion Quests] Added objects set for quest ID=5203 from file=q5203
10:19:28.414 [Expansion Quests] Added objects set for quest ID=2205 from file=q2205
10:19:28.414 [Expansion Quests] Added objects set for quest ID=6601 from file=q6601
10:19:28.414 [Expansion Quests] Added objects set for quest ID=5101 from file=q5101
10:19:28.414 [Expansion Quests] Added objects set for quest ID=5102 from file=q5102
10:19:28.414 [Expansion Quests] Added objects set for quest ID=5201 from file=q5201
10:20:34.726 [Party] Player "Quvio" (id=z63osPRVUnS8pzWmaenLtvu6c2gVxwL4gvA4elWPF5w=) joinded the party "Knight Fallen" (id=1 ownerUID=1OEPy6aKlMe0cmo8LieQDvVcsiu6iWAr2PUZdSF5eMI= ownerName=Survivor)
10:20:34.726 [Expansion Quests] Initialize quest system on the connected client with UID=z63osPRVUnS8pzWmaenLtvu6c2gVxwL4gvA4elWPF5w=
10:20:34.812 [Expansion Quests] Loaded existing player quest data for player with UID=z63osPRVUnS8pzWmaenLtvu6c2gVxwL4gvA4elWPF5w=
10:20:34.812 [Expansion Quests] Loaded existing group quest data for group with ID=1
10:20:34.812 [Expansion Quests] Check quest initialization for quest with ID=61301 | State=NONE | Player UID=z63osPRVUnS8pzWmaenLtvu6c2gVxwL4gvA4elWPF5w=
10:20:34.812 [Expansion Quests] Check quest initialization for quest with ID=6401 | State=COMPLETED | Player UID=z63osPRVUnS8pzWmaenLtvu6c2gVxwL4gvA4elWPF5w=
10:20:34.812 [Expansion Quests] Check quest initialization for quest with ID=5101 | State=NONE | Player UID=z63osPRVUnS8pzWmaenLtvu6c2gVxwL4gvA4elWPF5w=
10:20:34.812 [Expansion Quests] Check quest initialization for quest with ID=6501 | State=COMPLETED | Player UID=z63osPRVUnS8pzWmaenLtvu6c2gVxwL4gvA4elWPF5w=
10:20:34.812 [Expansion Quests] Check quest initialization for quest with ID=61101 | State=COMPLETED | Player UID=z63osPRVUnS8pzWmaenLtvu6c2gVxwL4gvA4elWPF5w=
10:20:34.812 [Expansion Quests] Check quest initialization for quest with ID=6601 | State=COMPLETED | Player UID=z63osPRVUnS8pzWmaenLtvu6c2gVxwL4gvA4elWPF5w=
10:20:34.812 [Expansion Quests] Check quest initialization for quest with ID=6101 | State=COMPLETED | Player UID=z63osPRVUnS8pzWmaenLtvu6c2gVxwL4gvA4elWPF5w=
10:20:34.812 [Expansion Quests] Check quest initialization for quest with ID=61401 | State=NONE | Player UID=z63osPRVUnS8pzWmaenLtvu6c2gVxwL4gvA4elWPF5w=
10:20:34.812 [Expansion Quests] Check quest initialization for quest with ID=6701 | State=COMPLETED | Player UID=z63osPRVUnS8pzWmaenLtvu6c2gVxwL4gvA4elWPF5w=
10:20:34.812 [Expansion Quests] Check quest initialization for quest with ID=101 | State=COMPLETED | Player UID=z63osPRVUnS8pzWmaenLtvu6c2gVxwL4gvA4elWPF5w=
10:20:34.812 [Expansion Quests] Check quest initialization for quest with ID=6801 | State=COMPLETED | Player UID=z63osPRVUnS8pzWmaenLtvu6c2gVxwL4gvA4elWPF5w=
10:20:34.812 [Expansion Quests] Check quest initialization for quest with ID=61201 | State=STARTED | Player UID=z63osPRVUnS8pzWmaenLtvu6c2gVxwL4gvA4elWPF5w=
10:20:34.812 [Expansion Quests] Create new quest instance for quest with ID=61201 | Player UID=z63osPRVUnS8pzWmaenLtvu6c2gVxwL4gvA4elWPF5w=
10:20:34.816 [Expansion Quests] Check quest initialization for quest with ID=6901 | State=COMPLETED | Player UID=z63osPRVUnS8pzWmaenLtvu6c2gVxwL4gvA4elWPF5w=
10:20:34.816 [Expansion Quests] Check quest initialization for quest with ID=2101 | State=COMPLETED | Player UID=z63osPRVUnS8pzWmaenLtvu6c2gVxwL4gvA4elWPF5w=
10:20:34.816 [Expansion Quests] Check quest initialization for quest with ID=61501 | State=NONE | Player UID=z63osPRVUnS8pzWmaenLtvu6c2gVxwL4gvA4elWPF5w=
10:20:34.816 [Expansion Quests] Check quest initialization for quest with ID=6201 | State=COMPLETED | Player UID=z63osPRVUnS8pzWmaenLtvu6c2gVxwL4gvA4elWPF5w=
10:20:34.816 [Expansion Quests] Check quest initialization for quest with ID=61001 | State=COMPLETED | Player UID=z63osPRVUnS8pzWmaenLtvu6c2gVxwL4gvA4elWPF5w=
10:20:34.816 [Expansion Quests] Check quest initialization for quest with ID=6301 | State=COMPLETED | Player UID=z63osPRVUnS8pzWmaenLtvu6c2gVxwL4gvA4elWPF5w=
10:20:34.816 [Expansion Quests] Check quest initialization for quest with ID=61502 | State=COMPLETED | Player UID=z63osPRVUnS8pzWmaenLtvu6c2gVxwL4gvA4elWPF5w=
10:20:34.816 [Expansion Quests] Quest with ID=6401 is not a a valid achievement or auto start quest. Skip quest for player with UID=z63osPRVUnS8pzWmaenLtvu6c2gVxwL4gvA4elWPF5w=
10:20:34.816 [Expansion Quests] Quest with ID=6701 is not a a valid achievement or auto start quest. Skip quest for player with UID=z63osPRVUnS8pzWmaenLtvu6c2gVxwL4gvA4elWPF5w=
10:20:34.816 [Expansion Quests] Quest with ID=5401 is not a a valid achievement or auto start quest. Skip quest for player with UID=z63osPRVUnS8pzWmaenLtvu6c2gVxwL4gvA4elWPF5w=
10:20:34.816 [Expansion Quests] Quest with ID=2202 is not a a valid achievement or auto start quest. Skip quest for player with UID=z63osPRVUnS8pzWmaenLtvu6c2gVxwL4gvA4elWPF5w=
10:20:34.816 [Expansion Quests] Quest with ID=2203 is not a a valid achievement or auto start quest. Skip quest for player with UID=z63osPRVUnS8pzWmaenLtvu6c2gVxwL4gvA4elWPF5w=
10:20:34.816 [Expansion Quests] Quest with ID=2204 is not a a valid achievement or auto start quest. Skip quest for player with UID=z63osPRVUnS8pzWmaenLtvu6c2gVxwL4gvA4elWPF5w=
10:20:34.816 [Expansion Quests] Quest with ID=6301 is not a a valid achievement or auto start quest. Skip quest for player with UID=z63osPRVUnS8pzWmaenLtvu6c2gVxwL4gvA4elWPF5w=
10:20:34.816 [Expansion Quests] Quest with ID=2101 is not a a valid achievement or auto start quest. Skip quest for player with UID=z63osPRVUnS8pzWmaenLtvu6c2gVxwL4gvA4elWPF5w=
10:20:34.816 [Expansion Quests] Quest with ID=61601 is not a a valid achievement or auto start quest. Skip quest for player with UID=z63osPRVUnS8pzWmaenLtvu6c2gVxwL4gvA4elWPF5w=
10:20:34.816 [Expansion Quests] Quest with ID=2102 is not a a valid achievement or auto start quest. Skip quest for player with UID=z63osPRVUnS8pzWmaenLtvu6c2gVxwL4gvA4elWPF5w=
10:20:34.816 [Expansion Quests] Quest with ID=2103 is not a a valid achievement or auto start quest. Skip quest for player with UID=z63osPRVUnS8pzWmaenLtvu6c2gVxwL4gvA4elWPF5w=
10:20:34.816 [Expansion Quests] Quest with ID=2104 is not a a valid achievement or auto start quest. Skip quest for player with UID=z63osPRVUnS8pzWmaenLtvu6c2gVxwL4gvA4elWPF5w=
10:20:34.816 [Expansion Quests] Quest with ID=2105 is not a a valid achievement or auto start quest. Skip quest for player with UID=z63osPRVUnS8pzWmaenLtvu6c2gVxwL4gvA4elWPF5w=
10:20:34.816 [Expansion Quests] Quest with ID=61101 is not a a valid achievement or auto start quest. Skip quest for player with UID=z63osPRVUnS8pzWmaenLtvu6c2gVxwL4gvA4elWPF5w=
10:20:34.816 [Expansion Quests] Quest with ID=6501 is not a a valid achievement or auto start quest. Skip quest for player with UID=z63osPRVUnS8pzWmaenLtvu6c2gVxwL4gvA4elWPF5w=
10:20:34.816 [Expansion Quests] Quest with ID=62001 is not a a valid achievement or auto start quest. Skip quest for player with UID=z63osPRVUnS8pzWmaenLtvu6c2gVxwL4gvA4elWPF5w=
10:20:34.816 [Expansion Quests] Quest with ID=6801 is not a a valid achievement or auto start quest. Skip quest for player with UID=z63osPRVUnS8pzWmaenLtvu6c2gVxwL4gvA4elWPF5w=
10:20:34.816 [Expansion Quests] Quest with ID=5301 is not a a valid achievement or auto start quest. Skip quest for player with UID=z63osPRVUnS8pzWmaenLtvu6c2gVxwL4gvA4elWPF5w=
10:20:34.816 [Expansion Quests] Quest with ID=5302 is not a a valid achievement or auto start quest. Skip quest for player with UID=z63osPRVUnS8pzWmaenLtvu6c2gVxwL4gvA4elWPF5w=
10:20:34.820 [Expansion Quests] Quest with ID=5303 is not a a valid achievement or auto start quest. Skip quest for player with UID=z63osPRVUnS8pzWmaenLtvu6c2gVxwL4gvA4elWPF5w=
10:20:34.820 [Expansion Quests] Quest with ID=5304 is not a a valid achievement or auto start quest. Skip quest for player with UID=z63osPRVUnS8pzWmaenLtvu6c2gVxwL4gvA4elWPF5w=
10:20:34.820 [Expansion Quests] Quest with ID=6201 is not a a valid achievement or auto start quest. Skip quest for player with UID=z63osPRVUnS8pzWmaenLtvu6c2gVxwL4gvA4elWPF5w=
10:20:34.820 [Expansion Quests] Quest with ID=61501 is not a a valid achievement or auto start quest. Skip quest for player with UID=z63osPRVUnS8pzWmaenLtvu6c2gVxwL4gvA4elWPF5w=
10:20:34.820 [Expansion Quests] Quest with ID=61502 is not a a valid achievement or auto start quest. Skip quest for player with UID=z63osPRVUnS8pzWmaenLtvu6c2gVxwL4gvA4elWPF5w=
10:20:34.820 [Expansion Quests] Quest with ID=61001 is not a a valid achievement or auto start quest. Skip quest for player with UID=z63osPRVUnS8pzWmaenLtvu6c2gVxwL4gvA4elWPF5w=
10:20:34.820 [Expansion Quests] Quest with ID=2201 is not a a valid achievement or auto start quest. Skip quest for player with UID=z63osPRVUnS8pzWmaenLtvu6c2gVxwL4gvA4elWPF5w=
10:20:34.820 [Expansion Quests] Quest with ID=1101 is not a a valid achievement or auto start quest. Skip quest for player with UID=z63osPRVUnS8pzWmaenLtvu6c2gVxwL4gvA4elWPF5w=
10:20:34.820 [Expansion Quests] Quest with ID=1102 is not a a valid achievement or auto start quest. Skip quest for player with UID=z63osPRVUnS8pzWmaenLtvu6c2gVxwL4gvA4elWPF5w=
10:20:34.820 [Expansion Quests] Quest with ID=1103 is not a a valid achievement or auto start quest. Skip quest for player with UID=z63osPRVUnS8pzWmaenLtvu6c2gVxwL4gvA4elWPF5w=
10:20:34.820 [Expansion Quests] Quest with ID=1104 is not a a valid achievement or auto start quest. Skip quest for player with UID=z63osPRVUnS8pzWmaenLtvu6c2gVxwL4gvA4elWPF5w=
10:20:34.820 [Expansion Quests] Quest with ID=1105 is not a a valid achievement or auto start quest. Skip quest for player with UID=z63osPRVUnS8pzWmaenLtvu6c2gVxwL4gvA4elWPF5w=
10:20:34.820 [Expansion Quests] Quest with ID=5202 is not a a valid achievement or auto start quest. Skip quest for player with UID=z63osPRVUnS8pzWmaenLtvu6c2gVxwL4gvA4elWPF5w=
10:20:34.820 [Expansion Quests] Quest with ID=5203 is not a a valid achievement or auto start quest. Skip quest for player with UID=z63osPRVUnS8pzWmaenLtvu6c2gVxwL4gvA4elWPF5w=
10:20:34.820 [Expansion Quests] Quest with ID=6101 is not a a valid achievement or auto start quest. Skip quest for player with UID=z63osPRVUnS8pzWmaenLtvu6c2gVxwL4gvA4elWPF5w=
10:20:34.820 [Expansion Quests] Quest with ID=2205 is not a a valid achievement or auto start quest. Skip quest for player with UID=z63osPRVUnS8pzWmaenLtvu6c2gVxwL4gvA4elWPF5w=
10:20:34.820 [Expansion Quests] Quest with ID=61401 is not a a valid achievement or auto start quest. Skip quest for player with UID=z63osPRVUnS8pzWmaenLtvu6c2gVxwL4gvA4elWPF5w=
10:20:34.820 [Expansion Quests] Quest with ID=6601 is not a a valid achievement or auto start quest. Skip quest for player with UID=z63osPRVUnS8pzWmaenLtvu6c2gVxwL4gvA4elWPF5w=
10:20:34.820 [Expansion Quests] Quest with ID=6901 is not a a valid achievement or auto start quest. Skip quest for player with UID=z63osPRVUnS8pzWmaenLtvu6c2gVxwL4gvA4elWPF5w=
10:20:34.820 [Expansion Quests] Quest with ID=5101 is not a a valid achievement or auto start quest. Skip quest for player with UID=z63osPRVUnS8pzWmaenLtvu6c2gVxwL4gvA4elWPF5w=
10:20:34.820 [Expansion Quests] Quest with ID=5102 is not a a valid achievement or auto start quest. Skip quest for player with UID=z63osPRVUnS8pzWmaenLtvu6c2gVxwL4gvA4elWPF5w=
10:20:34.824 [Expansion Quests] Quest with ID=5201 is not a a valid achievement or auto start quest. Skip quest for player with UID=z63osPRVUnS8pzWmaenLtvu6c2gVxwL4gvA4elWPF5w=
10:20:34.824 [Expansion Quests] Quest with ID=61301 is not a a valid achievement or auto start quest. Skip quest for player with UID=z63osPRVUnS8pzWmaenLtvu6c2gVxwL4gvA4elWPF5w=
10:20:34.824 [Expansion Quests] Quest with ID=2301 is not a a valid achievement or auto start quest. Skip quest for player with UID=z63osPRVUnS8pzWmaenLtvu6c2gVxwL4gvA4elWPF5w=
10:20:34.828 [Expansion Quests] Sending z63osPRVUnS8pzWmaenLtvu6c2gVxwL4gvA4elWPF5w= quest configs to client for player with UID=z63osPRVUnS8pzWmaenLtvu6c2gVxwL4gvA4elWPF5w=
10:20:34.828 [Expansion Quests] Sending player quest data for 19 quests to player with UID=z63osPRVUnS8pzWmaenLtvu6c2gVxwL4gvA4elWPF5w=
10:20:35.695 [Expansion Quests] - LoadGroupQuestData - Got cached group quest data for group with ID=1
10:21:26.363 [Party] Player "Tonby" (id=1OEPy6aKlMe0cmo8LieQDvVcsiu6iWAr2PUZdSF5eMI=) joinded the party "Knight Fallen" (id=1 ownerUID=1OEPy6aKlMe0cmo8LieQDvVcsiu6iWAr2PUZdSF5eMI= ownerName=Survivor)
10:21:26.363 [Expansion Quests] Initialize quest system on the connected client with UID=1OEPy6aKlMe0cmo8LieQDvVcsiu6iWAr2PUZdSF5eMI=
10:21:26.429 [Expansion Quests] Loaded existing player quest data for player with UID=1OEPy6aKlMe0cmo8LieQDvVcsiu6iWAr2PUZdSF5eMI=
10:21:26.429 [Expansion Quests] - LoadGroupQuestData - Got cached group quest data for group with ID=1
10:21:26.429 [Expansion Quests] Check quest initialization for quest with ID=6901 | State=COMPLETED | Player UID=1OEPy6aKlMe0cmo8LieQDvVcsiu6iWAr2PUZdSF5eMI=
10:21:26.429 [Expansion Quests] Check quest initialization for quest with ID=6401 | State=COMPLETED | Player UID=1OEPy6aKlMe0cmo8LieQDvVcsiu6iWAr2PUZdSF5eMI=
10:21:26.429 [Expansion Quests] Check quest initialization for quest with ID=5101 | State=NONE | Player UID=1OEPy6aKlMe0cmo8LieQDvVcsiu6iWAr2PUZdSF5eMI=
10:21:26.429 [Expansion Quests] Check quest initialization for quest with ID=101 | State=COMPLETED | Player UID=1OEPy6aKlMe0cmo8LieQDvVcsiu6iWAr2PUZdSF5eMI=
10:21:26.433 [Expansion Quests] Check quest initialization for quest with ID=61101 | State=COMPLETED | Player UID=1OEPy6aKlMe0cmo8LieQDvVcsiu6iWAr2PUZdSF5eMI=
10:21:26.433 [Expansion Quests] Check quest initialization for quest with ID=6601 | State=COMPLETED | Player UID=1OEPy6aKlMe0cmo8LieQDvVcsiu6iWAr2PUZdSF5eMI=
10:21:26.433 [Expansion Quests] Check quest initialization for quest with ID=61301 | State=NONE | Player UID=1OEPy6aKlMe0cmo8LieQDvVcsiu6iWAr2PUZdSF5eMI=
10:21:26.433 [Expansion Quests] Check quest initialization for quest with ID=6701 | State=COMPLETED | Player UID=1OEPy6aKlMe0cmo8LieQDvVcsiu6iWAr2PUZdSF5eMI=
10:21:26.433 [Expansion Quests] Check quest initialization for quest with ID=1102 | State=NONE | Player UID=1OEPy6aKlMe0cmo8LieQDvVcsiu6iWAr2PUZdSF5eMI=
10:21:26.433 [Expansion Quests] Check quest initialization for quest with ID=1103 | State=NONE | Player UID=1OEPy6aKlMe0cmo8LieQDvVcsiu6iWAr2PUZdSF5eMI=
10:21:26.433 [Expansion Quests] Check quest initialization for quest with ID=6501 | State=COMPLETED | Player UID=1OEPy6aKlMe0cmo8LieQDvVcsiu6iWAr2PUZdSF5eMI=
10:21:26.433 [Expansion Quests] Check quest initialization for quest with ID=6801 | State=COMPLETED | Player UID=1OEPy6aKlMe0cmo8LieQDvVcsiu6iWAr2PUZdSF5eMI=
10:21:26.433 [Expansion Quests] Check quest initialization for quest with ID=1104 | State=NONE | Player UID=1OEPy6aKlMe0cmo8LieQDvVcsiu6iWAr2PUZdSF5eMI=
10:21:26.433 [Expansion Quests] Check quest initialization for quest with ID=6101 | State=COMPLETED | Player UID=1OEPy6aKlMe0cmo8LieQDvVcsiu6iWAr2PUZdSF5eMI=
10:21:26.433 [Expansion Quests] Check quest initialization for quest with ID=2101 | State=COMPLETED | Player UID=1OEPy6aKlMe0cmo8LieQDvVcsiu6iWAr2PUZdSF5eMI=
10:21:26.433 [Expansion Quests] Check quest initialization for quest with ID=6301 | State=COMPLETED | Player UID=1OEPy6aKlMe0cmo8LieQDvVcsiu6iWAr2PUZdSF5eMI=
10:21:26.433 [Expansion Quests] Check quest initialization for quest with ID=6201 | State=COMPLETED | Player UID=1OEPy6aKlMe0cmo8LieQDvVcsiu6iWAr2PUZdSF5eMI=
10:21:26.433 [Expansion Quests] Check quest initialization for quest with ID=61502 | State=COMPLETED | Player UID=1OEPy6aKlMe0cmo8LieQDvVcsiu6iWAr2PUZdSF5eMI=
10:21:26.433 [Expansion Quests] Check quest initialization for quest with ID=61001 | State=COMPLETED | Player UID=1OEPy6aKlMe0cmo8LieQDvVcsiu6iWAr2PUZdSF5eMI=
10:21:26.433 [Expansion Quests] Check quest initialization for quest with ID=61501 | State=NONE | Player UID=1OEPy6aKlMe0cmo8LieQDvVcsiu6iWAr2PUZdSF5eMI=
10:21:26.433 [Expansion Quests] Check quest initialization for quest with ID=1101 | State=NONE | Player UID=1OEPy6aKlMe0cmo8LieQDvVcsiu6iWAr2PUZdSF5eMI=
10:21:26.433 [Expansion Quests] Quest with ID=6401 is not a a valid achievement or auto start quest. Skip quest for player with UID=1OEPy6aKlMe0cmo8LieQDvVcsiu6iWAr2PUZdSF5eMI=
10:21:26.433 [Expansion Quests] Quest with ID=6701 is not a a valid achievement or auto start quest. Skip quest for player with UID=1OEPy6aKlMe0cmo8LieQDvVcsiu6iWAr2PUZdSF5eMI=
10:21:26.433 [Expansion Quests] Quest with ID=61201 is not a a valid achievement or auto start quest. Skip quest for player with UID=1OEPy6aKlMe0cmo8LieQDvVcsiu6iWAr2PUZdSF5eMI=
10:21:26.437 [Expansion Quests] Quest with ID=5401 is not a a valid achievement or auto start quest. Skip quest for player with UID=1OEPy6aKlMe0cmo8LieQDvVcsiu6iWAr2PUZdSF5eMI=
10:21:26.437 [Expansion Quests] Quest with ID=2202 is not a a valid achievement or auto start quest. Skip quest for player with UID=1OEPy6aKlMe0cmo8LieQDvVcsiu6iWAr2PUZdSF5eMI=
10:21:26.437 [Expansion Quests] Quest with ID=2203 is not a a valid achievement or auto start quest. Skip quest for player with UID=1OEPy6aKlMe0cmo8LieQDvVcsiu6iWAr2PUZdSF5eMI=
10:21:26.437 [Expansion Quests] Quest with ID=2204 is not a a valid achievement or auto start quest. Skip quest for player with UID=1OEPy6aKlMe0cmo8LieQDvVcsiu6iWAr2PUZdSF5eMI=
10:21:26.437 [Expansion Quests] Quest with ID=6301 is not a a valid achievement or auto start quest. Skip quest for player with UID=1OEPy6aKlMe0cmo8LieQDvVcsiu6iWAr2PUZdSF5eMI=
10:21:26.437 [Expansion Quests] Quest with ID=2101 is not a a valid achievement or auto start quest. Skip quest for player with UID=1OEPy6aKlMe0cmo8LieQDvVcsiu6iWAr2PUZdSF5eMI=
10:21:26.437 [Expansion Quests] Quest with ID=61601 is not a a valid achievement or auto start quest. Skip quest for player with UID=1OEPy6aKlMe0cmo8LieQDvVcsiu6iWAr2PUZdSF5eMI=
10:21:26.437 [Expansion Quests] Quest with ID=2102 is not a a valid achievement or auto start quest. Skip quest for player with UID=1OEPy6aKlMe0cmo8LieQDvVcsiu6iWAr2PUZdSF5eMI=
10:21:26.437 [Expansion Quests] Quest with ID=2103 is not a a valid achievement or auto start quest. Skip quest for player with UID=1OEPy6aKlMe0cmo8LieQDvVcsiu6iWAr2PUZdSF5eMI=
10:21:26.437 [Expansion Quests] Quest with ID=2104 is not a a valid achievement or auto start quest. Skip quest for player with UID=1OEPy6aKlMe0cmo8LieQDvVcsiu6iWAr2PUZdSF5eMI=
10:21:26.437 [Expansion Quests] Quest with ID=2105 is not a a valid achievement or auto start quest. Skip quest for player with UID=1OEPy6aKlMe0cmo8LieQDvVcsiu6iWAr2PUZdSF5eMI=
10:21:26.437 [Expansion Quests] Quest with ID=61101 is not a a valid achievement or auto start quest. Skip quest for player with UID=1OEPy6aKlMe0cmo8LieQDvVcsiu6iWAr2PUZdSF5eMI=
10:21:26.437 [Expansion Quests] Quest with ID=6501 is not a a valid achievement or auto start quest. Skip quest for player with UID=1OEPy6aKlMe0cmo8LieQDvVcsiu6iWAr2PUZdSF5eMI=
10:21:26.437 [Expansion Quests] Quest with ID=62001 is not a a valid achievement or auto start quest. Skip quest for player with UID=1OEPy6aKlMe0cmo8LieQDvVcsiu6iWAr2PUZdSF5eMI=
10:21:26.437 [Expansion Quests] Quest with ID=6801 is not a a valid achievement or auto start quest. Skip quest for player with UID=1OEPy6aKlMe0cmo8LieQDvVcsiu6iWAr2PUZdSF5eMI=
10:21:26.437 [Expansion Quests] Quest with ID=5301 is not a a valid achievement or auto start quest. Skip quest for player with UID=1OEPy6aKlMe0cmo8LieQDvVcsiu6iWAr2PUZdSF5eMI=
10:21:26.437 [Expansion Quests] Quest with ID=5302 is not a a valid achievement or auto start quest. Skip quest for player with UID=1OEPy6aKlMe0cmo8LieQDvVcsiu6iWAr2PUZdSF5eMI=
10:21:26.441 [Expansion Quests] Quest with ID=5303 is not a a valid achievement or auto start quest. Skip quest for player with UID=1OEPy6aKlMe0cmo8LieQDvVcsiu6iWAr2PUZdSF5eMI=
10:21:26.441 [Expansion Quests] Quest with ID=5304 is not a a valid achievement or auto start quest. Skip quest for player with UID=1OEPy6aKlMe0cmo8LieQDvVcsiu6iWAr2PUZdSF5eMI=
10:21:26.441 [Expansion Quests] Quest with ID=6201 is not a a valid achievement or auto start quest. Skip quest for player with UID=1OEPy6aKlMe0cmo8LieQDvVcsiu6iWAr2PUZdSF5eMI=
10:21:26.441 [Expansion Quests] Quest with ID=61501 is not a a valid achievement or auto start quest. Skip quest for player with UID=1OEPy6aKlMe0cmo8LieQDvVcsiu6iWAr2PUZdSF5eMI=
10:21:26.441 [Expansion Quests] Quest with ID=61502 is not a a valid achievement or auto start quest. Skip quest for player with UID=1OEPy6aKlMe0cmo8LieQDvVcsiu6iWAr2PUZdSF5eMI=
10:21:26.441 [Expansion Quests] Quest with ID=61001 is not a a valid achievement or auto start quest. Skip quest for player with UID=1OEPy6aKlMe0cmo8LieQDvVcsiu6iWAr2PUZdSF5eMI=
10:21:26.441 [Expansion Quests] Quest with ID=2201 is not a a valid achievement or auto start quest. Skip quest for player with UID=1OEPy6aKlMe0cmo8LieQDvVcsiu6iWAr2PUZdSF5eMI=
10:21:26.441 [Expansion Quests] Quest with ID=1101 is not a a valid achievement or auto start quest. Skip quest for player with UID=1OEPy6aKlMe0cmo8LieQDvVcsiu6iWAr2PUZdSF5eMI=
10:21:26.441 [Expansion Quests] Quest with ID=1102 is not a a valid achievement or auto start quest. Skip quest for player with UID=1OEPy6aKlMe0cmo8LieQDvVcsiu6iWAr2PUZdSF5eMI=
10:21:26.441 [Expansion Quests] Quest with ID=1103 is not a a valid achievement or auto start quest. Skip quest for player with UID=1OEPy6aKlMe0cmo8LieQDvVcsiu6iWAr2PUZdSF5eMI=
10:21:26.441 [Expansion Quests] Quest with ID=1104 is not a a valid achievement or auto start quest. Skip quest for player with UID=1OEPy6aKlMe0cmo8LieQDvVcsiu6iWAr2PUZdSF5eMI=
10:21:26.441 [Expansion Quests] Quest with ID=1105 is not a a valid achievement or auto start quest. Skip quest for player with UID=1OEPy6aKlMe0cmo8LieQDvVcsiu6iWAr2PUZdSF5eMI=
10:21:26.441 [Expansion Quests] Quest with ID=5202 is not a a valid achievement or auto start quest. Skip quest for player with UID=1OEPy6aKlMe0cmo8LieQDvVcsiu6iWAr2PUZdSF5eMI=
10:21:26.441 [Expansion Quests] Quest with ID=5203 is not a a valid achievement or auto start quest. Skip quest for player with UID=1OEPy6aKlMe0cmo8LieQDvVcsiu6iWAr2PUZdSF5eMI=
10:21:26.441 [Expansion Quests] Quest with ID=6101 is not a a valid achievement or auto start quest. Skip quest for player with UID=1OEPy6aKlMe0cmo8LieQDvVcsiu6iWAr2PUZdSF5eMI=
10:21:26.441 [Expansion Quests] Quest with ID=2205 is not a a valid achievement or auto start quest. Skip quest for player with UID=1OEPy6aKlMe0cmo8LieQDvVcsiu6iWAr2PUZdSF5eMI=
10:21:26.441 [Expansion Quests] Quest with ID=61401 is not a a valid achievement or auto start quest. Skip quest for player with UID=1OEPy6aKlMe0cmo8LieQDvVcsiu6iWAr2PUZdSF5eMI=
10:21:26.441 [Expansion Quests] Quest with ID=6601 is not a a valid achievement or auto start quest. Skip quest for player with UID=1OEPy6aKlMe0cmo8LieQDvVcsiu6iWAr2PUZdSF5eMI=
10:21:26.441 [Expansion Quests] Quest with ID=6901 is not a a valid achievement or auto start quest. Skip quest for player with UID=1OEPy6aKlMe0cmo8LieQDvVcsiu6iWAr2PUZdSF5eMI=
10:21:26.441 [Expansion Quests] Quest with ID=5101 is not a a valid achievement or auto start quest. Skip quest for player with UID=1OEPy6aKlMe0cmo8LieQDvVcsiu6iWAr2PUZdSF5eMI=
10:21:26.445 [Expansion Quests] Quest with ID=5102 is not a a valid achievement or auto start quest. Skip quest for player with UID=1OEPy6aKlMe0cmo8LieQDvVcsiu6iWAr2PUZdSF5eMI=
10:21:26.445 [Expansion Quests] Quest with ID=5201 is not a a valid achievement or auto start quest. Skip quest for player with UID=1OEPy6aKlMe0cmo8LieQDvVcsiu6iWAr2PUZdSF5eMI=
10:21:26.445 [Expansion Quests] Quest with ID=61301 is not a a valid achievement or auto start quest. Skip quest for player with UID=1OEPy6aKlMe0cmo8LieQDvVcsiu6iWAr2PUZdSF5eMI=
10:21:26.445 [Expansion Quests] Quest with ID=2301 is not a a valid achievement or auto start quest. Skip quest for player with UID=1OEPy6aKlMe0cmo8LieQDvVcsiu6iWAr2PUZdSF5eMI=
10:21:26.449 [Expansion Quests] Sending 1OEPy6aKlMe0cmo8LieQDvVcsiu6iWAr2PUZdSF5eMI= quest configs to client for player with UID=1OEPy6aKlMe0cmo8LieQDvVcsiu6iWAr2PUZdSF5eMI=
10:21:26.449 [Expansion Quests] Sending player quest data for 21 quests to player with UID=1OEPy6aKlMe0cmo8LieQDvVcsiu6iWAr2PUZdSF5eMI=
10:21:27.277 [Expansion Quests] - LoadGroupQuestData - Got cached group quest data for group with ID=1
10:21:52.339 [AI Patrol 00107] Spawning 1 Novodmitrovsk_Tier2 (Raiders) bots at <11600.020508, 57.910000, 14654.741211>
10:21:52.359 [AI Patrol 00107] Global patrol count: 1
10:22:32.464 [VehicleEnter] Player "Tonby" (id=1OEPy6aKlMe0cmo8LieQDvVcsiu6iWAr2PUZdSF5eMI=) entered vehicle Водник (id=4025B12F1A4FFDB527E4F2BFD8E687C2 pos=<12021.2, 27.37, 14411.6>) as driver
10:22:35.429 [VehicleEngine] Player "Tonby" [uid=1OEPy6aKlMe0cmo8LieQDvVcsiu6iWAr2PUZdSF5eMI=] started vehicle Водник (id=4025B12F1A4FFDB527E4F2BFD8E687C2 pos=<12021.228516, 27.367516, 14411.642578>)
10:22:54.660 [AI Object Patrol 00177] Spawning 3 ContaminatedArea_Tier4 (Raiders) bots at <11795.972656, 28.520859, 14293.135742>
10:22:54.683 [AI Object Patrol 00177] Global patrol count: 2
10:23:04.109 [VehicleEngine] Player "Tonby" [uid=1OEPy6aKlMe0cmo8LieQDvVcsiu6iWAr2PUZdSF5eMI=] stopped vehicle Водник (id=4025B12F1A4FFDB527E4F2BFD8E687C2 pos=<12280.057617, 24.335884, 14400.707031>)
10:23:07.515 [VehicleLeave] Player "Tonby" (id=1OEPy6aKlMe0cmo8LieQDvVcsiu6iWAr2PUZdSF5eMI=) left vehicle Водник (id=4025B12F1A4FFDB527E4F2BFD8E687C2 pos=<12280.1, 24.34, 14400.7>)
10:23:45.777 [AI Patrol 00107] Despawning 1 Novodmitrovsk_Tier2 (Raiders) bots (spawn position <11600.020508, 57.910000, 14654.741211>, 0/1 deceased)
10:23:45.777 [AI Patrol 00107] Global patrol count: 1
