15:34:06.535 [Safezone] Player "Da da Ya" (id=1OEPy6aKlMe0cmo8LieQDvVcsiu6iWAr2PUZdSF5eMI= pos=<11845.263672, 140.605072, 12465.384766>) Entered the safezone
15:34:06.535 [Expansion Quests] Initialize quest system on the connected client with UID=1OEPy6aKlMe0cmo8LieQDvVcsiu6iWAr2PUZdSF5eMI=
15:34:06.625 [Expansion Quests] Loaded existing player quest data for player with UID=1OEPy6aKlMe0cmo8LieQDvVcsiu6iWAr2PUZdSF5eMI=
15:34:06.625 [Expansion Quests] Check quest initialization for quest with ID=203 | State=NONE | Player UID=1OEPy6aKlMe0cmo8LieQDvVcsiu6iWAr2PUZdSF5eMI=
15:34:06.625 [Expansion Quests] Check quest initialization for quest with ID=101 | State=NONE | Player UID=1OEPy6aKlMe0cmo8LieQDvVcsiu6iWAr2PUZdSF5eMI=
15:34:06.625 [Expansion Quests] Check quest initialization for quest with ID=102 | State=NONE | Player UID=1OEPy6aKlMe0cmo8LieQDvVcsiu6iWAr2PUZdSF5eMI=
15:34:06.625 [Expansion Quests] Check quest initialization for quest with ID=28 | State=NONE | Player UID=1OEPy6aKlMe0cmo8LieQDvVcsiu6iWAr2PUZdSF5eMI=
15:34:06.625 [Expansion Quests] Check quest initialization for quest with ID=8 | State=STARTED | Player UID=1OEPy6aKlMe0cmo8LieQDvVcsiu6iWAr2PUZdSF5eMI=
15:34:06.625 [Expansion Quests] Create new quest instance for quest with ID=8 | Player UID=1OEPy6aKlMe0cmo8LieQDvVcsiu6iWAr2PUZdSF5eMI=
15:34:06.625 [Expansion Quests] Check quest initialization for quest with ID=9 | State=STARTED | Player UID=1OEPy6aKlMe0cmo8LieQDvVcsiu6iWAr2PUZdSF5eMI=
15:34:06.625 [Expansion Quests] Create new quest instance for quest with ID=9 | Player UID=1OEPy6aKlMe0cmo8LieQDvVcsiu6iWAr2PUZdSF5eMI=
15:34:06.628 [Expansion Quests] Check quest initialization for quest with ID=202 | State=NONE | Player UID=1OEPy6aKlMe0cmo8LieQDvVcsiu6iWAr2PUZdSF5eMI=
15:34:06.628 [Expansion Quests] Check quest initialization for quest with ID=11 | State=STARTED | Player UID=1OEPy6aKlMe0cmo8LieQDvVcsiu6iWAr2PUZdSF5eMI=
15:34:06.628 [Expansion Quests] Create new quest instance for quest with ID=11 | Player UID=1OEPy6aKlMe0cmo8LieQDvVcsiu6iWAr2PUZdSF5eMI=
15:34:06.628 [Expansion Quests] Check quest initialization for quest with ID=301 | State=NONE | Player UID=1OEPy6aKlMe0cmo8LieQDvVcsiu6iWAr2PUZdSF5eMI=
15:34:06.628 [Expansion Quests] Check quest initialization for quest with ID=14 | State=COMPLETED | Player UID=1OEPy6aKlMe0cmo8LieQDvVcsiu6iWAr2PUZdSF5eMI=
15:34:06.628 [Expansion Quests] Check quest initialization for quest with ID=401 | State=NONE | Player UID=1OEPy6aKlMe0cmo8LieQDvVcsiu6iWAr2PUZdSF5eMI=
15:34:06.628 [Expansion Quests] Check quest initialization for quest with ID=402 | State=NONE | Player UID=1OEPy6aKlMe0cmo8LieQDvVcsiu6iWAr2PUZdSF5eMI=
15:34:06.628 [Expansion Quests] Check quest initialization for quest with ID=20 | State=NONE | Player UID=1OEPy6aKlMe0cmo8LieQDvVcsiu6iWAr2PUZdSF5eMI=
15:34:06.628 [Expansion Quests] Check quest initialization for quest with ID=501 | State=NONE | Player UID=1OEPy6aKlMe0cmo8LieQDvVcsiu6iWAr2PUZdSF5eMI=
15:34:06.628 [Expansion Quests] Check quest initialization for quest with ID=22 | State=COMPLETED | Player UID=1OEPy6aKlMe0cmo8LieQDvVcsiu6iWAr2PUZdSF5eMI=
15:34:06.628 [Expansion Quests] Check quest initialization for quest with ID=23 | State=NONE | Player UID=1OEPy6aKlMe0cmo8LieQDvVcsiu6iWAr2PUZdSF5eMI=
15:34:06.628 [Expansion Quests] Check quest initialization for quest with ID=201 | State=NONE | Player UID=1OEPy6aKlMe0cmo8LieQDvVcsiu6iWAr2PUZdSF5eMI=
15:34:06.628 [Expansion Quests] Check quest initialization for quest with ID=31 | State=NONE | Player UID=1OEPy6aKlMe0cmo8LieQDvVcsiu6iWAr2PUZdSF5eMI=
15:34:06.628 [Expansion Quests] Quest with ID=1 is not a a valid achievement or auto start quest. Skip quest for player with UID=1OEPy6aKlMe0cmo8LieQDvVcsiu6iWAr2PUZdSF5eMI=
15:34:06.628 [Expansion Quests] Quest with ID=2 is not a a valid achievement or auto start quest. Skip quest for player with UID=1OEPy6aKlMe0cmo8LieQDvVcsiu6iWAr2PUZdSF5eMI=
15:34:06.628 [Expansion Quests] Quest with ID=3 is not a a valid achievement or auto start quest. Skip quest for player with UID=1OEPy6aKlMe0cmo8LieQDvVcsiu6iWAr2PUZdSF5eMI=
15:34:06.628 [Expansion Quests] Quest with ID=4 is not a a valid achievement or auto start quest. Skip quest for player with UID=1OEPy6aKlMe0cmo8LieQDvVcsiu6iWAr2PUZdSF5eMI=
15:34:06.628 [Expansion Quests] Quest with ID=5 is not a a valid achievement or auto start quest. Skip quest for player with UID=1OEPy6aKlMe0cmo8LieQDvVcsiu6iWAr2PUZdSF5eMI=
15:34:06.628 [Expansion Quests] Quest with ID=6 is not a a valid achievement or auto start quest. Skip quest for player with UID=1OEPy6aKlMe0cmo8LieQDvVcsiu6iWAr2PUZdSF5eMI=
15:34:06.628 [Expansion Quests] Quest with ID=7 is not a a valid achievement or auto start quest. Skip quest for player with UID=1OEPy6aKlMe0cmo8LieQDvVcsiu6iWAr2PUZdSF5eMI=
15:34:06.628 [Expansion Quests] Quest with ID=201 is not a a valid achievement or auto start quest. Skip quest for player with UID=1OEPy6aKlMe0cmo8LieQDvVcsiu6iWAr2PUZdSF5eMI=
15:34:06.628 [Expansion Quests] Quest with ID=10 is not a a valid achievement or auto start quest. Skip quest for player with UID=1OEPy6aKlMe0cmo8LieQDvVcsiu6iWAr2PUZdSF5eMI=
15:34:06.628 [Expansion Quests] Quest with ID=12 is not a a valid achievement or auto start quest. Skip quest for player with UID=1OEPy6aKlMe0cmo8LieQDvVcsiu6iWAr2PUZdSF5eMI=
15:34:06.628 [Expansion Quests] Quest with ID=13 is not a a valid achievement or auto start quest. Skip quest for player with UID=1OEPy6aKlMe0cmo8LieQDvVcsiu6iWAr2PUZdSF5eMI=
15:34:06.628 [Expansion Quests] Quest with ID=15 is not a a valid achievement or auto start quest. Skip quest for player with UID=1OEPy6aKlMe0cmo8LieQDvVcsiu6iWAr2PUZdSF5eMI=
15:34:06.628 [Expansion Quests] Quest with ID=16 is not a a valid achievement or auto start quest. Skip quest for player with UID=1OEPy6aKlMe0cmo8LieQDvVcsiu6iWAr2PUZdSF5eMI=
15:34:06.628 [Expansion Quests] Quest with ID=17 is not a a valid achievement or auto start quest. Skip quest for player with UID=1OEPy6aKlMe0cmo8LieQDvVcsiu6iWAr2PUZdSF5eMI=
15:34:06.628 [Expansion Quests] Quest with ID=18 is not a a valid achievement or auto start quest. Skip quest for player with UID=1OEPy6aKlMe0cmo8LieQDvVcsiu6iWAr2PUZdSF5eMI=
15:34:06.628 [Expansion Quests] Quest with ID=19 is not a a valid achievement or auto start quest. Skip quest for player with UID=1OEPy6aKlMe0cmo8LieQDvVcsiu6iWAr2PUZdSF5eMI=
15:34:06.628 [Expansion Quests] Quest with ID=20 is not a a valid achievement or auto start quest. Skip quest for player with UID=1OEPy6aKlMe0cmo8LieQDvVcsiu6iWAr2PUZdSF5eMI=
15:34:06.628 [Expansion Quests] Quest with ID=21 is not a a valid achievement or auto start quest. Skip quest for player with UID=1OEPy6aKlMe0cmo8LieQDvVcsiu6iWAr2PUZdSF5eMI=
15:34:06.628 [Expansion Quests] Quest with ID=22 is not a a valid achievement or auto start quest. Skip quest for player with UID=1OEPy6aKlMe0cmo8LieQDvVcsiu6iWAr2PUZdSF5eMI=
15:34:06.628 [Expansion Quests] Quest with ID=23 is not a a valid achievement or auto start quest. Skip quest for player with UID=1OEPy6aKlMe0cmo8LieQDvVcsiu6iWAr2PUZdSF5eMI=
15:34:06.628 [Expansion Quests] Quest with ID=26 is not a a valid achievement or auto start quest. Skip quest for player with UID=1OEPy6aKlMe0cmo8LieQDvVcsiu6iWAr2PUZdSF5eMI=
15:34:06.628 [Expansion Quests] Quest with ID=28 is not a a valid achievement or auto start quest. Skip quest for player with UID=1OEPy6aKlMe0cmo8LieQDvVcsiu6iWAr2PUZdSF5eMI=
15:34:06.628 [Expansion Quests] Quest with ID=29 is not a a valid achievement or auto start quest. Skip quest for player with UID=1OEPy6aKlMe0cmo8LieQDvVcsiu6iWAr2PUZdSF5eMI=
15:34:06.628 [Expansion Quests] Quest with ID=31 is not a a valid achievement or auto start quest. Skip quest for player with UID=1OEPy6aKlMe0cmo8LieQDvVcsiu6iWAr2PUZdSF5eMI=
15:34:06.628 [Expansion Quests] Quest with ID=203 is not a a valid achievement or auto start quest. Skip quest for player with UID=1OEPy6aKlMe0cmo8LieQDvVcsiu6iWAr2PUZdSF5eMI=
15:34:06.632 [Expansion Quests] Quest with ID=101 is not a a valid achievement or auto start quest. Skip quest for player with UID=1OEPy6aKlMe0cmo8LieQDvVcsiu6iWAr2PUZdSF5eMI=
15:34:06.632 [Expansion Quests] Quest with ID=102 is not a a valid achievement or auto start quest. Skip quest for player with UID=1OEPy6aKlMe0cmo8LieQDvVcsiu6iWAr2PUZdSF5eMI=
15:34:06.632 [Expansion Quests] Quest with ID=301 is not a a valid achievement or auto start quest. Skip quest for player with UID=1OEPy6aKlMe0cmo8LieQDvVcsiu6iWAr2PUZdSF5eMI=
15:34:06.632 [Expansion Quests] Quest with ID=202 is not a a valid achievement or auto start quest. Skip quest for player with UID=1OEPy6aKlMe0cmo8LieQDvVcsiu6iWAr2PUZdSF5eMI=
15:34:06.632 [Expansion Quests] Quest with ID=501 is not a a valid achievement or auto start quest. Skip quest for player with UID=1OEPy6aKlMe0cmo8LieQDvVcsiu6iWAr2PUZdSF5eMI=
15:34:06.632 [Expansion Quests] Quest with ID=402 is not a a valid achievement or auto start quest. Skip quest for player with UID=1OEPy6aKlMe0cmo8LieQDvVcsiu6iWAr2PUZdSF5eMI=
15:34:06.632 [Expansion Quests] Quest with ID=401 is not a a valid achievement or auto start quest. Skip quest for player with UID=1OEPy6aKlMe0cmo8LieQDvVcsiu6iWAr2PUZdSF5eMI=
15:34:06.652 [Expansion Quests] Sending 1OEPy6aKlMe0cmo8LieQDvVcsiu6iWAr2PUZdSF5eMI= quest configs to client for player with UID=1OEPy6aKlMe0cmo8LieQDvVcsiu6iWAr2PUZdSF5eMI=
15:34:06.652 [Expansion Quests] Sending player quest data for 18 quests to player with UID=1OEPy6aKlMe0cmo8LieQDvVcsiu6iWAr2PUZdSF5eMI=
15:34:06.656 [AI Object Patrol 00035] Spawning 2 Ordinary_Civilian (Civilian) bots at <11012.565430, 226.217590, 12428.250000>
15:34:06.667 [AI Object Patrol 00035] Global patrol count: 1
15:34:06.667 [AI Object Patrol 00037] Spawning 2 PoliceStationScavs_Tier_1 (Raiders) bots at <11060.833008, 226.819992, 12478.116211>
15:34:06.691 [AI Object Patrol 00037] Global patrol count: 2
15:34:06.691 [AI Patrol 00074] Spawning 2 Ordinary_Scavengers_Tier_1(Krasnostav) (Raiders) bots at <11178.536133, 203.225143, 12419.921875>
15:34:06.707 [AI Patrol 00074] Global patrol count: 3
15:35:28.191 [Killfeed] AI Peter (PoliceStationScavs_Tier_1) был убит AI Linda (Ordinary_Civilian) голыми руками.
15:36:11.171 [Killfeed] AI Linda (Ordinary_Civilian) умер от потери крови.
15:37:00.535 [AI Object Patrol 00042] Spawning 1 Ordinary_Civilian (Civilian) bots at <12107.897461, 95.235825, 13723.779297>
15:37:00.550 [AI Object Patrol 00042] Global patrol count: 4
15:37:02.558 [AI Object Patrol 00106] Spawning 2 FireStationScavs_Tier1 (Raiders) bots at <12197.828125, 93.028885, 13859.932617>
15:37:02.574 [AI Object Patrol 00106] Global patrol count: 5
15:37:11.121 [AI Object Patrol 00039] Spawning 2 Ordinary_Civilian (Civilian) bots at <13353.289063, 95.425224, 12871.993164>
15:37:11.136 [AI Object Patrol 00039] Global patrol count: 6
15:37:13.992 [Safezone] Player "Da da Ya" (id=1OEPy6aKlMe0cmo8LieQDvVcsiu6iWAr2PUZdSF5eMI= pos=<12565.411133, 138.647003, 13117.838867>) Left the safezone
15:37:16.582 [Killfeed] AI Irena (Ordinary_Civilian) был убит AI Oliver (Ordinary_Scavengers_Tier_1(Krasnostav)) с Blaze из 1 м расстояние.
15:37:17.656 [AI Object Patrol 00035] Ordinary_Civilian (Civilian) bots were wiped out (spawn position <11012.565430, 226.217590, 12428.250000>, 2/2 deceased)
15:37:17.656 [AI Object Patrol 00035] Global patrol count: 5
15:38:37.355 [MissionAirdrop] An airdrop is heading towards "Novodmitrovsk" (pos=<11125.000000, 0.000000, 14040.000000> type=Random_Novodmitrovsk) with a ExpansionAirdropContainer_Medical
15:38:59.136 [Killfeed] AI Keiko (PoliceStationScavs_Tier_1) был убит AI Naomi (Ordinary_Scavengers_Tier_1(Krasnostav)) с CR-75 из 10 м расстояние.
15:39:03.367 [AI Object Patrol 00037] PoliceStationScavs_Tier_1 (Raiders) bots were wiped out (spawn position <11060.833008, 226.819992, 12478.116211>, 2/2 deceased)
15:39:03.371 [AI Object Patrol 00037] Global patrol count: 4
15:47:02.851 [AI Patrol 00074] Despawning 2 Ordinary_Scavengers_Tier_1(Krasnostav) (Raiders) bots (spawn position <11178.536133, 203.225143, 12419.921875>, 0/2 deceased)
15:47:02.851 [AI Patrol 00074] Global patrol count: 3
15:48:12.492 [AI Object Patrol 00040] Spawning 1 PoliceStationScavs_Tier_1 (Raiders) bots at <13839.048828, 20.856432, 13226.892578>
15:48:12.519 [AI Object Patrol 00040] Global patrol count: 4
15:48:13.281 [AI Object Patrol 00041] Spawning 2 Ordinary_Civilian (Civilian) bots at <13811.417969, 20.363028, 13284.262695>
15:48:13.296 [AI Object Patrol 00041] Global patrol count: 5
15:48:20.160 [Killfeed] AI Rolf (Ordinary_Civilian) был убит Da da Ya с ВСС из 2 м расстояние.
15:48:21.710 [Killfeed] AI Indar (Ordinary_Civilian) был убит Da da Ya с ВСС из 1 м расстояние.
15:48:22.972 [AI Object Patrol 00039] Ordinary_Civilian (Civilian) bots were wiped out (spawn position <13353.289063, 95.425224, 12871.993164>, 2/2 deceased)
15:48:22.972 [AI Object Patrol 00039] Global patrol count: 4
15:48:57.824 [Safezone] Player "Da da Ya" (id=1OEPy6aKlMe0cmo8LieQDvVcsiu6iWAr2PUZdSF5eMI= pos=<12137.000977, 140.012436, 12499.914063>) Entered the safezone
15:49:01.015 [Safezone] Player "Da da Ya" (id=1OEPy6aKlMe0cmo8LieQDvVcsiu6iWAr2PUZdSF5eMI= pos=<12198.541016, 140.012512, 12524.955078>) Entered the safezone
15:55:38.167 [AI Object Patrol 00042] Despawning 1 Ordinary_Civilian (Civilian) bots (spawn position <12107.897461, 95.235825, 13723.779297>, 0/1 deceased)
15:55:38.167 [AI Object Patrol 00042] Global patrol count: 3
15:57:52.015 [AI Object Patrol 00106] Despawning 2 FireStationScavs_Tier1 (Raiders) bots (spawn position <12197.828125, 93.028885, 13859.932617>, 0/2 deceased)
15:57:52.015 [AI Object Patrol 00106] Global patrol count: 2
15:58:52.703 [AI Object Patrol 00040] Despawning 1 PoliceStationScavs_Tier_1 (Raiders) bots (spawn position <13839.048828, 20.856432, 13226.892578>, 0/1 deceased)
15:58:52.703 [AI Object Patrol 00040] Global patrol count: 1
15:58:53.175 [AI Object Patrol 00041] Despawning 2 Ordinary_Civilian (Civilian) bots (spawn position <13811.417969, 20.363028, 13284.262695>, 0/2 deceased)
15:58:53.175 [AI Object Patrol 00041] Global patrol count: 0
16:07:52.214 [Expansion Quests] Deleted quest with ID=8 is a of player with UID=1OEPy6aKlMe0cmo8LieQDvVcsiu6iWAr2PUZdSF5eMI=.
16:07:52.214 [Expansion Quests] Deleted quest with ID=9 is a of player with UID=1OEPy6aKlMe0cmo8LieQDvVcsiu6iWAr2PUZdSF5eMI=.
16:07:52.214 [Expansion Quests] Deleted quest with ID=11 is a of player with UID=1OEPy6aKlMe0cmo8LieQDvVcsiu6iWAr2PUZdSF5eMI=.
