17:13:39.718 [Party] Player "Tonby" (id=1OEPy6aKlMe0cmo8LieQDvVcsiu6iWAr2PUZdSF5eMI=) joinded the party "Spartan Dark" (id=0 ownerUID=1OEPy6aKlMe0cmo8LieQDvVcsiu6iWAr2PUZdSF5eMI= ownerName=Tonby)
17:13:39.718 [Expansion Quests] Initialize quest system on the connected client with UID=1OEPy6aKlMe0cmo8LieQDvVcsiu6iWAr2PUZdSF5eMI=
17:13:39.742 [Expansion Quests] Loaded existing player quest data for player with UID=1OEPy6aKlMe0cmo8LieQDvVcsiu6iWAr2PUZdSF5eMI=
17:13:39.742 [Expansion Quests] Loaded existing group quest data for group with ID=0
17:13:39.742 [Expansion Quests] Sending 1OEPy6aKlMe0cmo8LieQDvVcsiu6iWAr2PUZdSF5eMI= quest configs to client for player with UID=1OEPy6aKlMe0cmo8LieQDvVcsiu6iWAr2PUZdSF5eMI=
17:13:39.742 [Expansion Quests] Sending player quest data for 0 quests to player with UID=1OEPy6aKlMe0cmo8LieQDvVcsiu6iWAr2PUZdSF5eMI=
17:13:39.746 [AI Patrol 00003] Spawning 3 Tier3_AlHalal (Mercenaries) bots at <6574.761719, 294.323303, 6976.439941>
17:13:39.878 [AI Patrol 00003] Global patrol count: 1
17:13:40.699 [Expansion Quests] - LoadGroupQuestData - Got cached group quest data for group with ID=0
17:13:58.625 [AI Patrol 00004] Spawning 3 Tier2_AlHalal (Mercenaries) bots at <6629.844238, 293.133972, 7044.182617>
17:13:58.699 [AI Patrol 00004] Global patrol count: 2
17:14:14.976 [AI Patrol 00006] Spawning 1 Raiders bots at <7903.093262, 156.130569, 7985.741699>
17:14:15.000 [AI Patrol 00006] Global patrol count: 3
17:15:40.511 [Killfeed] AI Elias (Tier3_AlHalal) был убит [Spart] Tonby с КА-74 из 3 м расстояние.
17:15:44.148 [Killfeed] AI Lewis (Tier3_AlHalal) был убит [Spart] Tonby с КА-74 из 9 м расстояние.
17:15:47.480 [AI Patrol 00003] Tier3_AlHalal (Mercenaries) bots were wiped out (spawn position <6574.761719, 294.323303, 6976.439941>, 3/3 deceased)
17:15:47.480 [AI Patrol 00003] Global patrol count: 2
17:16:03.785 [Killfeed] AI Elias (Tier2_AlHalal) был убит [Spart] Tonby с КА-74 из 2 м расстояние.
17:16:10.914 [Killfeed] AI Lewis (Tier2_AlHalal) был убит [Spart] Tonby с КА-74 из 7 м расстояние.
17:16:12.562 [AI Patrol 00004] Tier2_AlHalal (Mercenaries) bots were wiped out (spawn position <6629.844238, 293.133972, 7044.182617>, 3/3 deceased)
17:16:12.566 [AI Patrol 00004] Global patrol count: 1
17:18:27.015 [MissionAirdrop] An airdrop is heading towards "Al Falludiyah" (pos=<1966.145020, 0.000000, 3851.378418> type=Random_AlFalludiyah) with a ExpansionAirdropContainer_Basebuilding
17:21:04.609 [Party] Player "Tonby" (id=1OEPy6aKlMe0cmo8LieQDvVcsiu6iWAr2PUZdSF5eMI=) left the party "Spartan Dark" (id=0 ownerUID=1OEPy6aKlMe0cmo8LieQDvVcsiu6iWAr2PUZdSF5eMI= ownerName=Tonby)
