21:53:55.226 [Expansion Quests] Initialize quest system on the connected client with UID=1OEPy6aKlMe0cmo8LieQDvVcsiu6iWAr2PUZdSF5eMI=
21:53:55.273 [Expansion Quests] Loaded existing player quest data for player with UID=1OEPy6aKlMe0cmo8LieQDvVcsiu6iWAr2PUZdSF5eMI=
21:53:55.273 [Expansion Quests] Check quest initialization for quest with ID=101 | State=NONE | Player UID=1OEPy6aKlMe0cmo8LieQDvVcsiu6iWAr2PUZdSF5eMI=
21:53:55.273 [Expansion Quests] Check quest initialization for quest with ID=102 | State=NONE | Player UID=1OEPy6aKlMe0cmo8LieQDvVcsiu6iWAr2PUZdSF5eMI=
21:53:55.273 [Expansion Quests] Check quest initialization for quest with ID=8 | State=STARTED | Player UID=1OEPy6aKlMe0cmo8LieQDvVcsiu6iWAr2PUZdSF5eMI=
21:53:55.273 [Expansion Quests] Create new quest instance for quest with ID=8 | Player UID=1OEPy6aKlMe0cmo8LieQDvVcsiu6iWAr2PUZdSF5eMI=
21:53:55.273 [Expansion Quests] Check quest initialization for quest with ID=9 | State=STARTED | Player UID=1OEPy6aKlMe0cmo8LieQDvVcsiu6iWAr2PUZdSF5eMI=
21:53:55.273 [Expansion Quests] Create new quest instance for quest with ID=9 | Player UID=1OEPy6aKlMe0cmo8LieQDvVcsiu6iWAr2PUZdSF5eMI=
21:53:55.273 [Expansion Quests] Check quest initialization for quest with ID=202 | State=NONE | Player UID=1OEPy6aKlMe0cmo8LieQDvVcsiu6iWAr2PUZdSF5eMI=
21:53:55.273 [Expansion Quests] Check quest initialization for quest with ID=11 | State=STARTED | Player UID=1OEPy6aKlMe0cmo8LieQDvVcsiu6iWAr2PUZdSF5eMI=
21:53:55.273 [Expansion Quests] Create new quest instance for quest with ID=11 | Player UID=1OEPy6aKlMe0cmo8LieQDvVcsiu6iWAr2PUZdSF5eMI=
21:53:55.273 [Expansion Quests] Check quest initialization for quest with ID=14 | State=COMPLETED | Player UID=1OEPy6aKlMe0cmo8LieQDvVcsiu6iWAr2PUZdSF5eMI=
21:53:55.273 [Expansion Quests] Check quest initialization for quest with ID=20 | State=NONE | Player UID=1OEPy6aKlMe0cmo8LieQDvVcsiu6iWAr2PUZdSF5eMI=
21:53:55.273 [Expansion Quests] Check quest initialization for quest with ID=28 | State=NONE | Player UID=1OEPy6aKlMe0cmo8LieQDvVcsiu6iWAr2PUZdSF5eMI=
21:53:55.273 [Expansion Quests] Check quest initialization for quest with ID=22 | State=COMPLETED | Player UID=1OEPy6aKlMe0cmo8LieQDvVcsiu6iWAr2PUZdSF5eMI=
21:53:55.273 [Expansion Quests] Check quest initialization for quest with ID=23 | State=NONE | Player UID=1OEPy6aKlMe0cmo8LieQDvVcsiu6iWAr2PUZdSF5eMI=
21:53:55.273 [Expansion Quests] Check quest initialization for quest with ID=201 | State=NONE | Player UID=1OEPy6aKlMe0cmo8LieQDvVcsiu6iWAr2PUZdSF5eMI=
21:53:55.273 [Expansion Quests] Check quest initialization for quest with ID=31 | State=NONE | Player UID=1OEPy6aKlMe0cmo8LieQDvVcsiu6iWAr2PUZdSF5eMI=
21:53:55.273 [Expansion Quests] Quest with ID=1 is not a a valid achievement or auto start quest. Skip quest for player with UID=1OEPy6aKlMe0cmo8LieQDvVcsiu6iWAr2PUZdSF5eMI=
21:53:55.273 [Expansion Quests] Quest with ID=2 is not a a valid achievement or auto start quest. Skip quest for player with UID=1OEPy6aKlMe0cmo8LieQDvVcsiu6iWAr2PUZdSF5eMI=
21:53:55.273 [Expansion Quests] Quest with ID=3 is not a a valid achievement or auto start quest. Skip quest for player with UID=1OEPy6aKlMe0cmo8LieQDvVcsiu6iWAr2PUZdSF5eMI=
21:53:55.281 [Expansion Quests] Quest with ID=4 is not a a valid achievement or auto start quest. Skip quest for player with UID=1OEPy6aKlMe0cmo8LieQDvVcsiu6iWAr2PUZdSF5eMI=
21:53:55.281 [Expansion Quests] Quest with ID=5 is not a a valid achievement or auto start quest. Skip quest for player with UID=1OEPy6aKlMe0cmo8LieQDvVcsiu6iWAr2PUZdSF5eMI=
21:53:55.281 [Expansion Quests] Quest with ID=6 is not a a valid achievement or auto start quest. Skip quest for player with UID=1OEPy6aKlMe0cmo8LieQDvVcsiu6iWAr2PUZdSF5eMI=
21:53:55.281 [Expansion Quests] Quest with ID=7 is not a a valid achievement or auto start quest. Skip quest for player with UID=1OEPy6aKlMe0cmo8LieQDvVcsiu6iWAr2PUZdSF5eMI=
21:53:55.281 [Expansion Quests] Quest with ID=201 is not a a valid achievement or auto start quest. Skip quest for player with UID=1OEPy6aKlMe0cmo8LieQDvVcsiu6iWAr2PUZdSF5eMI=
21:53:55.281 [Expansion Quests] Quest with ID=202 is not a a valid achievement or auto start quest. Skip quest for player with UID=1OEPy6aKlMe0cmo8LieQDvVcsiu6iWAr2PUZdSF5eMI=
21:53:55.281 [Expansion Quests] Quest with ID=12 is not a a valid achievement or auto start quest. Skip quest for player with UID=1OEPy6aKlMe0cmo8LieQDvVcsiu6iWAr2PUZdSF5eMI=
21:53:55.281 [Expansion Quests] Quest with ID=13 is not a a valid achievement or auto start quest. Skip quest for player with UID=1OEPy6aKlMe0cmo8LieQDvVcsiu6iWAr2PUZdSF5eMI=
21:53:55.281 [Expansion Quests] Quest with ID=15 is not a a valid achievement or auto start quest. Skip quest for player with UID=1OEPy6aKlMe0cmo8LieQDvVcsiu6iWAr2PUZdSF5eMI=
21:53:55.281 [Expansion Quests] Quest with ID=16 is not a a valid achievement or auto start quest. Skip quest for player with UID=1OEPy6aKlMe0cmo8LieQDvVcsiu6iWAr2PUZdSF5eMI=
21:53:55.281 [Expansion Quests] Quest with ID=17 is not a a valid achievement or auto start quest. Skip quest for player with UID=1OEPy6aKlMe0cmo8LieQDvVcsiu6iWAr2PUZdSF5eMI=
21:53:55.281 [Expansion Quests] Quest with ID=18 is not a a valid achievement or auto start quest. Skip quest for player with UID=1OEPy6aKlMe0cmo8LieQDvVcsiu6iWAr2PUZdSF5eMI=
21:53:55.281 [Expansion Quests] Quest with ID=19 is not a a valid achievement or auto start quest. Skip quest for player with UID=1OEPy6aKlMe0cmo8LieQDvVcsiu6iWAr2PUZdSF5eMI=
21:53:55.281 [Expansion Quests] Quest with ID=20 is not a a valid achievement or auto start quest. Skip quest for player with UID=1OEPy6aKlMe0cmo8LieQDvVcsiu6iWAr2PUZdSF5eMI=
21:53:55.281 [Expansion Quests] Quest with ID=21 is not a a valid achievement or auto start quest. Skip quest for player with UID=1OEPy6aKlMe0cmo8LieQDvVcsiu6iWAr2PUZdSF5eMI=
21:53:55.281 [Expansion Quests] Quest with ID=22 is not a a valid achievement or auto start quest. Skip quest for player with UID=1OEPy6aKlMe0cmo8LieQDvVcsiu6iWAr2PUZdSF5eMI=
21:53:55.281 [Expansion Quests] Quest with ID=23 is not a a valid achievement or auto start quest. Skip quest for player with UID=1OEPy6aKlMe0cmo8LieQDvVcsiu6iWAr2PUZdSF5eMI=
21:53:55.281 [Expansion Quests] Quest with ID=26 is not a a valid achievement or auto start quest. Skip quest for player with UID=1OEPy6aKlMe0cmo8LieQDvVcsiu6iWAr2PUZdSF5eMI=
21:53:55.281 [Expansion Quests] Quest with ID=28 is not a a valid achievement or auto start quest. Skip quest for player with UID=1OEPy6aKlMe0cmo8LieQDvVcsiu6iWAr2PUZdSF5eMI=
21:53:55.281 [Expansion Quests] Quest with ID=29 is not a a valid achievement or auto start quest. Skip quest for player with UID=1OEPy6aKlMe0cmo8LieQDvVcsiu6iWAr2PUZdSF5eMI=
21:53:55.281 [Expansion Quests] Quest with ID=31 is not a a valid achievement or auto start quest. Skip quest for player with UID=1OEPy6aKlMe0cmo8LieQDvVcsiu6iWAr2PUZdSF5eMI=
21:53:55.281 [Expansion Quests] Quest with ID=10 is not a a valid achievement or auto start quest. Skip quest for player with UID=1OEPy6aKlMe0cmo8LieQDvVcsiu6iWAr2PUZdSF5eMI=
21:53:55.281 [Expansion Quests] Quest with ID=101 is not a a valid achievement or auto start quest. Skip quest for player with UID=1OEPy6aKlMe0cmo8LieQDvVcsiu6iWAr2PUZdSF5eMI=
21:53:55.281 [Expansion Quests] Quest with ID=102 is not a a valid achievement or auto start quest. Skip quest for player with UID=1OEPy6aKlMe0cmo8LieQDvVcsiu6iWAr2PUZdSF5eMI=
21:53:55.281 [Expansion Quests] Sending 1OEPy6aKlMe0cmo8LieQDvVcsiu6iWAr2PUZdSF5eMI= quest configs to client for player with UID=1OEPy6aKlMe0cmo8LieQDvVcsiu6iWAr2PUZdSF5eMI=
21:53:55.281 [Expansion Quests] Sending player quest data for 13 quests to player with UID=1OEPy6aKlMe0cmo8LieQDvVcsiu6iWAr2PUZdSF5eMI=
21:53:55.281 [AI Object Patrol 00049] Spawning 1 Ordinary_Civilian (Civilian) bots at <10763.415039, 53.435474, 14364.730469>
21:53:55.296 [AI Object Patrol 00049] Global patrol count: 1
21:54:07.343 [Safezone] Player "Da da Ya" (id=1OEPy6aKlMe0cmo8LieQDvVcsiu6iWAr2PUZdSF5eMI= pos=<3766.935547, 402.021057, 6008.694336>) Entered the safezone
21:54:20.914 [Expansion Quests] Added new objective data for type=TRAVEL | Key=1OEPy6aKlMe0cmo8LieQDvVcsiu6iWAr2PUZdSF5eMI= | ID=203
21:54:20.914 [Expansion Quests] Added new objective data for type=AICAMP | Key=1OEPy6aKlMe0cmo8LieQDvVcsiu6iWAr2PUZdSF5eMI= | ID=203
21:54:20.914 [Expansion Quests] Updated and saved persistent player quest data for player with UID=1OEPy6aKlMe0cmo8LieQDvVcsiu6iWAr2PUZdSF5eMI= | Quest ID=202
21:54:20.914 [Expansion Quests] Created new quest instance with instance key=1OEPy6aKlMe0cmo8LieQDvVcsiu6iWAr2PUZdSF5eMI= for quest with ID=202
21:54:21.421 [Expansion Quests] Added new objective data for type=TRAVEL | Key=1OEPy6aKlMe0cmo8LieQDvVcsiu6iWAr2PUZdSF5eMI= | ID=203
21:54:21.421 [Expansion Quests] Added new objective data for type=AICAMP | Key=1OEPy6aKlMe0cmo8LieQDvVcsiu6iWAr2PUZdSF5eMI= | ID=203
21:54:21.421 [Expansion Quests] Updated and saved persistent player quest data for player with UID=1OEPy6aKlMe0cmo8LieQDvVcsiu6iWAr2PUZdSF5eMI= | Quest ID=202
21:55:03.796 [Expansion Quests] Added new objective data for type=TRAVEL | Key=1OEPy6aKlMe0cmo8LieQDvVcsiu6iWAr2PUZdSF5eMI= | ID=203
21:55:03.796 [Expansion Quests] Added new objective data for type=AICAMP | Key=1OEPy6aKlMe0cmo8LieQDvVcsiu6iWAr2PUZdSF5eMI= | ID=203
21:55:03.796 [Expansion Quests] Updated and saved persistent player quest data for player with UID=1OEPy6aKlMe0cmo8LieQDvVcsiu6iWAr2PUZdSF5eMI= | Quest ID=202
21:55:03.937 [AI Patrol 00094] Spawning 1 Mercenaries bots at <11553.000000, 57.910000, 14727.000000>
21:55:03.976 [AI Patrol 00094] Global patrol count: 2
21:55:03.992 [AI Patrol 00092] Spawning 1 Mercenaries bots at <11621.000000, 57.910000, 14689.000000>
21:55:04.015 [AI Patrol 00092] Global patrol count: 3
21:55:04.335 [AI Patrol 00095] Spawning 1 Mercenaries bots at <11584.000000, 58.128304, 14711.000000>
21:55:04.359 [AI Patrol 00095] Global patrol count: 4
21:55:04.375 [AI Patrol 00096] Spawning 1 Mercenaries bots at <11600.000000, 57.910000, 14666.000000>
21:55:04.398 [AI Patrol 00096] Global patrol count: 5
21:55:04.765 [AI Patrol 00097] Spawning 1 Mercenaries bots at <11602.000000, 57.910000, 14686.000000>
21:55:04.789 [AI Patrol 00097] Global patrol count: 6
21:55:04.804 [AI Patrol 00093] Spawning 1 Mercenaries bots at <11618.000000, 58.097553, 14651.000000>
21:55:04.828 [AI Patrol 00093] Global patrol count: 7
21:55:14.664 [Safezone] Player "Da da Ya" (id=1OEPy6aKlMe0cmo8LieQDvVcsiu6iWAr2PUZdSF5eMI= pos=<11630.483398, 58.142365, 14655.333984>) Left the safezone
21:56:49.398 [AI Object Patrol 00110] Spawning 1 FireStationScavs_Tier1 (Raiders) bots at <12182.975586, 92.991562, 13863.704102>
21:56:49.414 [AI Object Patrol 00110] Global patrol count: 8
21:57:06.203 [Killfeed] Боец ЧВК Вэст был убит Da da Ya с КАС-74У из 1 м расстояние.
21:57:06.203 [Expansion Quests] Added new objective data for type=TRAVEL | Key=1OEPy6aKlMe0cmo8LieQDvVcsiu6iWAr2PUZdSF5eMI= | ID=203
21:57:06.203 [Expansion Quests] Added new objective data for type=AICAMP | Key=1OEPy6aKlMe0cmo8LieQDvVcsiu6iWAr2PUZdSF5eMI= | ID=203
21:57:06.210 [Expansion Quests] Updated and saved persistent player quest data for player with UID=1OEPy6aKlMe0cmo8LieQDvVcsiu6iWAr2PUZdSF5eMI= | Quest ID=202
21:57:09.773 [AI Patrol 00097] Mercenaries bots were wiped out (spawn position <11602.000000, 57.910000, 14686.000000>, 1/1 deceased)
21:57:09.773 [AI Patrol 00097] Global patrol count: 7
21:58:22.195 [AI Object Patrol 00045] Spawning 1 FireStationScavs_Tier1 (Raiders) bots at <6262.113281, 8.619924, 2721.123047>
21:58:22.210 [AI Object Patrol 00045] Global patrol count: 8
21:58:22.210 [AI Patrol 00055] Spawning 1 Ordinary_Scavengers_Tier_1(Cherno_Oil) (Raiders) bots at <5877.720703, 9.030000, 2183.063965>
21:58:22.257 [AI Patrol 00055] Global patrol count: 9
21:58:22.257 [AI Patrol 00054] Spawning 1 Ordinary_Scavengers_Tier_1(Vysotovo) (Raiders) bots at <5907.800293, 70.106178, 2643.829102>
21:58:22.273 [AI Patrol 00054] Global patrol count: 10
21:58:22.273 [AI Patrol 00056] Spawning 1 Ordinary_Scavengers_Tier_1(Cherno_Med) (Raiders) bots at <6486.438965, 9.483613, 2693.504639>
21:58:22.296 [AI Patrol 00056] Global patrol count: 11
21:58:22.296 [AI Patrol 00058] Spawning 1 Ordinary_Scavengers_Tier_1(Cherno_Exit) (Raiders) bots at <6609.814941, 13.690413, 3017.066650>
21:58:22.312 [AI Patrol 00058] Global patrol count: 12
21:58:22.312 [AI Object Patrol 00080] Spawning 2 PoliceStationScavs_Tier_1 (Raiders) bots at <6202.298340, 32.781120, 2920.927002>
21:58:22.335 [AI Object Patrol 00080] Global patrol count: 13
21:58:23.937 [AI Patrol 00094] Despawning 1 Mercenaries bots (spawn position <11553.000000, 57.910000, 14727.000000>, 0/1 deceased)
21:58:23.937 [AI Patrol 00094] Global patrol count: 12
21:58:23.992 [AI Patrol 00092] Despawning 1 Mercenaries bots (spawn position <11621.000000, 57.910000, 14689.000000>, 0/1 deceased)
21:58:23.992 [AI Patrol 00092] Global patrol count: 11
21:58:24.335 [AI Patrol 00095] Despawning 1 Mercenaries bots (spawn position <11584.000000, 58.128304, 14711.000000>, 0/1 deceased)
21:58:24.335 [AI Patrol 00095] Global patrol count: 10
21:58:24.367 [AI Patrol 00096] Despawning 1 Mercenaries bots (spawn position <11600.000000, 57.910000, 14666.000000>, 0/1 deceased)
21:58:24.367 [AI Patrol 00096] Global patrol count: 9
21:58:24.773 [AI Patrol 00097] Despawning 0 Mercenaries bots (spawn position <11602.000000, 57.910000, 14686.000000>, 1/1 deceased)
21:58:24.773 [AI Patrol 00093] Despawning 1 Mercenaries bots (spawn position <11618.000000, 58.097553, 14651.000000>, 0/1 deceased)
21:58:24.773 [AI Patrol 00093] Global patrol count: 8
21:58:33.757 [AI Object Patrol 00047] Spawning 2 Ordinary_Civilian (Civilian) bots at <6515.262207, 6.533941, 2307.472656>
21:58:33.773 [AI Object Patrol 00047] Global patrol count: 9
21:58:34.398 [AI Object Patrol 00002] Spawning 1 PoliceStationScavs_Tier_1 (Raiders) bots at <6633.093262, 13.969685, 2586.646240>
21:58:34.414 [AI Object Patrol 00002] Global patrol count: 10
21:58:34.703 [AI Patrol 00057] Spawning 5 Ordinary_Scavengers_Tier_2(Hotel_Cherno) (Raiders) bots at <6609.964844, 5.890385, 2292.823486>
21:58:34.726 [AI Patrol 00057] Global patrol count: 11
21:58:35.054 [MissionAirdrop] An airdrop is heading towards "Novodmitrovsk" (pos=<11125.000000, 0.000000, 14040.000000> type=Random_Novodmitrovsk) with a ExpansionAirdropContainer_Basebuilding
21:58:51.328 [Killfeed] AI Baty (Ordinary_Scavengers_Tier_2(Hotel_Cherno)) был убит Da da Ya с КАС-74У из 2 м расстояние.
21:59:01.796 [Killfeed] AI Peter (Ordinary_Scavengers_Tier_2(Hotel_Cherno)) был убит Da da Ya с КАС-74У из 2 м расстояние.
21:59:20.320 [Killfeed] AI Hassan (Ordinary_Scavengers_Tier_2(Hotel_Cherno)) был убит Da da Ya с КАС-74У из 2 м расстояние.
21:59:44.335 [Killfeed] AI Gabi (Ordinary_Civilian) был убит Da da Ya с КАС-74У из 14 м расстояние.
22:00:06.757 [Killfeed] AI Guo (Ordinary_Scavengers_Tier_2(Hotel_Cherno)) был убит Da da Ya с КАС-74У из 3 м расстояние.
22:00:38.585 [Killfeed] AI Seth (Ordinary_Scavengers_Tier_2(Hotel_Cherno)) был убит зараженным.
22:00:40.640 [AI Patrol 00057] Ordinary_Scavengers_Tier_2(Hotel_Cherno) (Raiders) bots were wiped out (spawn position <6609.964844, 5.890385, 2292.823486>, 5/5 deceased)
22:00:40.640 [AI Patrol 00057] Global patrol count: 10
22:01:26.812 [AI Patrol 00053] Spawning 1 Ordinary_Scavengers_Tier_1(Vysotovo) (Raiders) bots at <5494.520996, 63.001202, 2568.058105>
22:01:26.859 [AI Patrol 00053] Global patrol count: 11
22:01:36.484 [Killfeed] AI Rolf (Ordinary_Scavengers_Tier_1(Cherno_Med)) был убит AI Boris (Ordinary_Scavengers_Tier_1(Cherno_Exit)) с БК-43 из 10 м расстояние.
22:01:40.679 [AI Patrol 00056] Ordinary_Scavengers_Tier_1(Cherno_Med) (Raiders) bots were wiped out (spawn position <6486.438965, 9.483613, 2693.504639>, 1/1 deceased)
22:01:40.679 [AI Patrol 00056] Global patrol count: 10
22:02:30.117 [Safezone] Player "Da da Ya" (id=1OEPy6aKlMe0cmo8LieQDvVcsiu6iWAr2PUZdSF5eMI= pos=<3765.671387, 402.092194, 6009.769531>) Entered the safezone
22:02:49.507 [Expansion Quests] Updated and saved persistent player quest data for player with UID=1OEPy6aKlMe0cmo8LieQDvVcsiu6iWAr2PUZdSF5eMI= | Quest ID=202
22:02:49.507 [Expansion Quests] Player with UID=1OEPy6aKlMe0cmo8LieQDvVcsiu6iWAr2PUZdSF5eMI= has cancelled quest with ID=202. State=STARTED
22:03:23.398 [Killfeed] AI Naomi (PoliceStationScavs_Tier_1) был убит AI Frida (FireStationScavs_Tier1) голыми руками.
22:03:25.343 [AI Object Patrol 00002] PoliceStationScavs_Tier_1 (Raiders) bots were wiped out (spawn position <6633.093262, 13.969685, 2586.646240>, 1/1 deceased)
22:03:25.343 [AI Object Patrol 00002] Global patrol count: 9
22:04:19.718 [Killfeed] AI Linda (Ordinary_Civilian) умер от потери крови.
22:04:22.703 [AI Object Patrol 00047] Ordinary_Civilian (Civilian) bots were wiped out (spawn position <6515.262207, 6.533941, 2307.472656>, 2/2 deceased)
22:04:22.703 [AI Object Patrol 00047] Global patrol count: 8
