16:26:43.449 [Expansion Quests] Added objects set for quest ID=5101 from file=q5101
16:26:43.464 [Expansion Quests] Added objects set for quest ID=6601 from file=q6601
16:26:43.464 [Expansion Quests] Added objects set for quest ID=5201 from file=q5201
16:26:43.464 [Expansion Quests] Added objects set for quest ID=5202 from file=q5202
16:26:43.464 [Expansion Quests] Added objects set for quest ID=5203 from file=q5203
16:26:43.464 [Expansion Quests] Added objects set for quest ID=2201 from file=q2201
16:26:43.464 [Expansion Quests] Added objects set for quest ID=2202 from file=q2202
16:26:43.464 [Expansion Quests] Added objects set for quest ID=2203 from file=q2203
16:26:43.464 [Expansion Quests] Added objects set for quest ID=2204 from file=q2204
16:26:43.464 [Expansion Quests] Added objects set for quest ID=2205 from file=q2205
16:26:43.464 [Expansion Quests] Added objects set for quest ID=2101 from file=q2101
16:26:43.464 [Expansion Quests] Added objects set for quest ID=61601 from file=q61601
16:26:43.464 [Expansion Quests] Added objects set for quest ID=5102 from file=q5102
16:26:43.464 [Expansion Quests] Added objects set for quest ID=6501 from file=q6501
16:26:43.468 [Expansion Quests] Added objects set for quest ID=2102 from file=q2102
16:26:43.468 [Expansion Quests] Added objects set for quest ID=2103 from file=q2103
16:26:43.468 [Expansion Quests] Added objects set for quest ID=2104 from file=q2104
16:26:43.468 [Expansion Quests] Added objects set for quest ID=2105 from file=q2105
16:26:43.468 [Expansion Quests] Added objects set for quest ID=61501 from file=q61501
16:26:43.468 [Expansion Quests] Added objects set for quest ID=61502 from file=q61502
16:29:20.187 [Party] Player "Survivor" (id=1OEPy6aKlMe0cmo8LieQDvVcsiu6iWAr2PUZdSF5eMI=) joinded the party "Falcon Resolute" (id=1 ownerUID=z63osPRVUnS8pzWmaenLtvu6c2gVxwL4gvA4elWPF5w= ownerName=Survivor (2))
16:29:20.187 [Expansion Quests] Initialize quest system on the connected client with UID=1OEPy6aKlMe0cmo8LieQDvVcsiu6iWAr2PUZdSF5eMI=
16:29:20.308 [Expansion Quests] Loaded existing player quest data for player with UID=1OEPy6aKlMe0cmo8LieQDvVcsiu6iWAr2PUZdSF5eMI=
16:29:20.308 [Expansion Quests] Loaded existing group quest data for group with ID=1
16:29:20.308 [Expansion Quests] Check quest initialization for quest with ID=6501 | State=NONE | Player UID=1OEPy6aKlMe0cmo8LieQDvVcsiu6iWAr2PUZdSF5eMI=
16:29:20.308 [Expansion Quests] Check quest initialization for quest with ID=5101 | State=COMPLETED | Player UID=1OEPy6aKlMe0cmo8LieQDvVcsiu6iWAr2PUZdSF5eMI=
16:29:20.308 [Expansion Quests] Check quest initialization for quest with ID=61401 | State=NONE | Player UID=1OEPy6aKlMe0cmo8LieQDvVcsiu6iWAr2PUZdSF5eMI=
16:29:20.308 [Expansion Quests] Check quest initialization for quest with ID=61101 | State=NONE | Player UID=1OEPy6aKlMe0cmo8LieQDvVcsiu6iWAr2PUZdSF5eMI=
16:29:20.308 [Expansion Quests] Check quest initialization for quest with ID=5102 | State=NONE | Player UID=1OEPy6aKlMe0cmo8LieQDvVcsiu6iWAr2PUZdSF5eMI=
16:29:20.308 [Expansion Quests] Check quest initialization for quest with ID=101 | State=COMPLETED | Player UID=1OEPy6aKlMe0cmo8LieQDvVcsiu6iWAr2PUZdSF5eMI=
16:29:20.308 [Expansion Quests] Check quest initialization for quest with ID=62001 | State=NONE | Player UID=1OEPy6aKlMe0cmo8LieQDvVcsiu6iWAr2PUZdSF5eMI=
16:29:20.308 [Expansion Quests] Check quest initialization for quest with ID=2101 | State=NONE | Player UID=1OEPy6aKlMe0cmo8LieQDvVcsiu6iWAr2PUZdSF5eMI=
16:29:20.308 [Expansion Quests] Check quest initialization for quest with ID=2104 | State=NONE | Player UID=1OEPy6aKlMe0cmo8LieQDvVcsiu6iWAr2PUZdSF5eMI=
16:29:20.308 [Expansion Quests] Check quest initialization for quest with ID=2201 | State=NONE | Player UID=1OEPy6aKlMe0cmo8LieQDvVcsiu6iWAr2PUZdSF5eMI=
16:29:20.308 [Expansion Quests] Check quest initialization for quest with ID=2202 | State=NONE | Player UID=1OEPy6aKlMe0cmo8LieQDvVcsiu6iWAr2PUZdSF5eMI=
16:29:20.308 [Expansion Quests] Check quest initialization for quest with ID=6601 | State=NONE | Player UID=1OEPy6aKlMe0cmo8LieQDvVcsiu6iWAr2PUZdSF5eMI=
16:29:20.308 [Expansion Quests] Check quest initialization for quest with ID=61501 | State=NONE | Player UID=1OEPy6aKlMe0cmo8LieQDvVcsiu6iWAr2PUZdSF5eMI=
16:29:20.312 [Expansion Quests] Check quest initialization for quest with ID=61502 | State=NONE | Player UID=1OEPy6aKlMe0cmo8LieQDvVcsiu6iWAr2PUZdSF5eMI=
16:29:20.312 [Expansion Quests] Quest with ID=6401 is not a a valid achievement or auto start quest. Skip quest for player with UID=1OEPy6aKlMe0cmo8LieQDvVcsiu6iWAr2PUZdSF5eMI=
16:29:20.312 [Expansion Quests] Quest with ID=5101 is not a a valid achievement or auto start quest. Skip quest for player with UID=1OEPy6aKlMe0cmo8LieQDvVcsiu6iWAr2PUZdSF5eMI=
16:29:20.312 [Expansion Quests] Quest with ID=6601 is not a a valid achievement or auto start quest. Skip quest for player with UID=1OEPy6aKlMe0cmo8LieQDvVcsiu6iWAr2PUZdSF5eMI=
16:29:20.312 [Expansion Quests] Quest with ID=6901 is not a a valid achievement or auto start quest. Skip quest for player with UID=1OEPy6aKlMe0cmo8LieQDvVcsiu6iWAr2PUZdSF5eMI=
16:29:20.312 [Expansion Quests] Quest with ID=61401 is not a a valid achievement or auto start quest. Skip quest for player with UID=1OEPy6aKlMe0cmo8LieQDvVcsiu6iWAr2PUZdSF5eMI=
16:29:20.312 [Expansion Quests] Quest with ID=5201 is not a a valid achievement or auto start quest. Skip quest for player with UID=1OEPy6aKlMe0cmo8LieQDvVcsiu6iWAr2PUZdSF5eMI=
16:29:20.312 [Expansion Quests] Quest with ID=5202 is not a a valid achievement or auto start quest. Skip quest for player with UID=1OEPy6aKlMe0cmo8LieQDvVcsiu6iWAr2PUZdSF5eMI=
16:29:20.312 [Expansion Quests] Quest with ID=5203 is not a a valid achievement or auto start quest. Skip quest for player with UID=1OEPy6aKlMe0cmo8LieQDvVcsiu6iWAr2PUZdSF5eMI=
16:29:20.312 [Expansion Quests] Quest with ID=6101 is not a a valid achievement or auto start quest. Skip quest for player with UID=1OEPy6aKlMe0cmo8LieQDvVcsiu6iWAr2PUZdSF5eMI=
16:29:20.312 [Expansion Quests] Quest with ID=6801 is not a a valid achievement or auto start quest. Skip quest for player with UID=1OEPy6aKlMe0cmo8LieQDvVcsiu6iWAr2PUZdSF5eMI=
16:29:20.312 [Expansion Quests] Quest with ID=6301 is not a a valid achievement or auto start quest. Skip quest for player with UID=1OEPy6aKlMe0cmo8LieQDvVcsiu6iWAr2PUZdSF5eMI=
16:29:20.312 [Expansion Quests] Quest with ID=2201 is not a a valid achievement or auto start quest. Skip quest for player with UID=1OEPy6aKlMe0cmo8LieQDvVcsiu6iWAr2PUZdSF5eMI=
16:29:20.312 [Expansion Quests] Quest with ID=2202 is not a a valid achievement or auto start quest. Skip quest for player with UID=1OEPy6aKlMe0cmo8LieQDvVcsiu6iWAr2PUZdSF5eMI=
16:29:20.312 [Expansion Quests] Quest with ID=2203 is not a a valid achievement or auto start quest. Skip quest for player with UID=1OEPy6aKlMe0cmo8LieQDvVcsiu6iWAr2PUZdSF5eMI=
16:29:20.312 [Expansion Quests] Quest with ID=2204 is not a a valid achievement or auto start quest. Skip quest for player with UID=1OEPy6aKlMe0cmo8LieQDvVcsiu6iWAr2PUZdSF5eMI=
16:29:20.312 [Expansion Quests] Quest with ID=2205 is not a a valid achievement or auto start quest. Skip quest for player with UID=1OEPy6aKlMe0cmo8LieQDvVcsiu6iWAr2PUZdSF5eMI=
16:29:20.312 [Expansion Quests] Quest with ID=2101 is not a a valid achievement or auto start quest. Skip quest for player with UID=1OEPy6aKlMe0cmo8LieQDvVcsiu6iWAr2PUZdSF5eMI=
16:29:20.312 [Expansion Quests] Quest with ID=61601 is not a a valid achievement or auto start quest. Skip quest for player with UID=1OEPy6aKlMe0cmo8LieQDvVcsiu6iWAr2PUZdSF5eMI=
16:29:20.312 [Expansion Quests] Quest with ID=6701 is not a a valid achievement or auto start quest. Skip quest for player with UID=1OEPy6aKlMe0cmo8LieQDvVcsiu6iWAr2PUZdSF5eMI=
16:29:20.312 [Expansion Quests] Quest with ID=6201 is not a a valid achievement or auto start quest. Skip quest for player with UID=1OEPy6aKlMe0cmo8LieQDvVcsiu6iWAr2PUZdSF5eMI=
16:29:20.312 [Expansion Quests] Quest with ID=61101 is not a a valid achievement or auto start quest. Skip quest for player with UID=1OEPy6aKlMe0cmo8LieQDvVcsiu6iWAr2PUZdSF5eMI=
16:29:20.312 [Expansion Quests] Quest with ID=5102 is not a a valid achievement or auto start quest. Skip quest for player with UID=1OEPy6aKlMe0cmo8LieQDvVcsiu6iWAr2PUZdSF5eMI=
16:29:20.312 [Expansion Quests] Quest with ID=6501 is not a a valid achievement or auto start quest. Skip quest for player with UID=1OEPy6aKlMe0cmo8LieQDvVcsiu6iWAr2PUZdSF5eMI=
16:29:20.312 [Expansion Quests] Quest with ID=62001 is not a a valid achievement or auto start quest. Skip quest for player with UID=1OEPy6aKlMe0cmo8LieQDvVcsiu6iWAr2PUZdSF5eMI=
16:29:20.312 [Expansion Quests] Quest with ID=61201 is not a a valid achievement or auto start quest. Skip quest for player with UID=1OEPy6aKlMe0cmo8LieQDvVcsiu6iWAr2PUZdSF5eMI=
16:29:20.312 [Expansion Quests] Quest with ID=61301 is not a a valid achievement or auto start quest. Skip quest for player with UID=1OEPy6aKlMe0cmo8LieQDvVcsiu6iWAr2PUZdSF5eMI=
16:29:20.312 [Expansion Quests] Quest with ID=2102 is not a a valid achievement or auto start quest. Skip quest for player with UID=1OEPy6aKlMe0cmo8LieQDvVcsiu6iWAr2PUZdSF5eMI=
16:29:20.312 [Expansion Quests] Quest with ID=2103 is not a a valid achievement or auto start quest. Skip quest for player with UID=1OEPy6aKlMe0cmo8LieQDvVcsiu6iWAr2PUZdSF5eMI=
16:29:20.312 [Expansion Quests] Quest with ID=2104 is not a a valid achievement or auto start quest. Skip quest for player with UID=1OEPy6aKlMe0cmo8LieQDvVcsiu6iWAr2PUZdSF5eMI=
16:29:20.316 [Expansion Quests] Quest with ID=2105 is not a a valid achievement or auto start quest. Skip quest for player with UID=1OEPy6aKlMe0cmo8LieQDvVcsiu6iWAr2PUZdSF5eMI=
16:29:20.316 [Expansion Quests] Quest with ID=61501 is not a a valid achievement or auto start quest. Skip quest for player with UID=1OEPy6aKlMe0cmo8LieQDvVcsiu6iWAr2PUZdSF5eMI=
16:29:20.316 [Expansion Quests] Quest with ID=61502 is not a a valid achievement or auto start quest. Skip quest for player with UID=1OEPy6aKlMe0cmo8LieQDvVcsiu6iWAr2PUZdSF5eMI=
16:29:20.316 [Expansion Quests] Sending 1OEPy6aKlMe0cmo8LieQDvVcsiu6iWAr2PUZdSF5eMI= quest configs to client for player with UID=1OEPy6aKlMe0cmo8LieQDvVcsiu6iWAr2PUZdSF5eMI=
16:29:20.316 [Expansion Quests] Sending player quest data for 14 quests to player with UID=1OEPy6aKlMe0cmo8LieQDvVcsiu6iWAr2PUZdSF5eMI=
16:29:20.320 [AI Object Patrol 00009] Spawning 3 PoliceStation_Tier1 (Raiders) bots at <6211.237793, 25.679693, 2926.162842>
16:29:20.343 [AI Object Patrol 00009] Global patrol count: 1
16:29:20.343 [AI Object Patrol 00006] Spawning 1 WaterPump_Tier0 (Raiders) bots at <6531.342773, 6.087653, 2306.103271>
16:29:20.355 [AI Object Patrol 00006] Global patrol count: 2
16:29:20.355 [AI Object Patrol 00008] Spawning 2 HospitalStation_Tier2 (Raiders) bots at <6474.008301, 9.447586, 2708.706543>
16:29:20.386 [AI Object Patrol 00008] Global patrol count: 3
16:29:20.390 [AI Object Patrol 00007] Spawning 1 PoliceStation_Tier2 (Raiders) bots at <6624.604980, 7.564044, 2576.765625>
16:29:20.414 [AI Object Patrol 00007] Global patrol count: 4
16:29:20.414 [AI Object Patrol 00005] Spawning 3 OilStation_Tier2RR (Raiders) bots at <5871.101563, 8.664764, 2222.107422>
16:29:20.429 [AI Object Patrol 00005] Global patrol count: 5
16:29:20.429 [AI Patrol 00093] Spawning 1 Chernogorsk_Tier1 (Raiders) bots at <6543.969727, 6.177389, 2508.151123>
16:29:20.445 [AI Patrol 00093] Global patrol count: 6
16:29:20.445 [AI Patrol 00095] Spawning 1 Novoselki_Tier1 (Raiders) bots at <6182.983398, 96.502998, 3279.947266>
16:29:20.468 [AI Patrol 00095] Global patrol count: 7
16:29:20.468 [AI Patrol 00102] Spawning 1 Komarovo_Tier1 (Raiders) bots at <6491.401367, 6.201979, 2400.609619>
16:29:20.484 [AI Patrol 00102] Global patrol count: 8
16:29:20.484 [AI Patrol 00092] Spawning 1 Chernogorsk_Tier1 (Raiders) bots at <6392.617676, 6.000000, 2339.758301>
16:29:20.503 [AI Patrol 00092] Global patrol count: 9
16:29:20.503 [AI Patrol 00094] Spawning 1 Novoselki_Tier1 (Raiders) bots at <6206.591309, 69.502998, 3333.122803>
16:29:20.519 [AI Patrol 00094] Global patrol count: 10
16:29:20.519 [AI Object Patrol 00165] Spawning 2 FirelStation_Tier2 (Raiders) bots at <6254.674316, 8.950813, 2737.119873>
16:29:20.539 [AI Object Patrol 00165] Global patrol count: 11
16:29:21.332 [Expansion Quests] - LoadGroupQuestData - Got cached group quest data for group with ID=1
16:30:41.535 [AI Patrol 00122] Spawning 1 Zelenogorsk_Tier2 (Raiders) bots at <2905.890869, 207.179047, 5256.118164>
16:30:41.574 [AI Patrol 00122] Global patrol count: 12
16:30:41.574 [AI Patrol 00163] Spawning 8 West bots at <4646.950195, 308.133575, 5855.240234>
16:30:41.585 [AI Patrol 00163] Global patrol count: 13
16:30:41.585 [AI Patrol 00119] Spawning 1 Drozhino_Tier2RR (Raiders) bots at <3380.184570, 241.094345, 4931.152832>
16:30:41.597 [AI Patrol 00119] Global patrol count: 14
16:30:41.781 [Safezone] Player "Survivor" (id=1OEPy6aKlMe0cmo8LieQDvVcsiu6iWAr2PUZdSF5eMI= pos=<3731.393799, 402.214905, 6002.041504>) Entered the safezone
16:32:17.320 [MissionAirdrop] An airdrop is heading towards "Novy Sobor" (pos=<7436.000000, 0.000000, 7720.000000> type=Random_Novy Sobor) with a ExpansionAirdropContainer_Basebuilding
16:37:12.964 [Killfeed] AI Jose (Chernogorsk_Tier1) был убит AI Elias (HospitalStation_Tier2) с КАС-74У из 12 м расстояние.
16:37:12.964 [AI Patrol 00092] Chernogorsk_Tier1 (Raiders) bots were wiped out (spawn position <6392.617676, 6.000000, 2339.758301>, 1/1 deceased)
16:37:12.964 [AI Patrol 00092] Global patrol count: 13
16:37:44.480 [Killfeed] AI Rolf (Komarovo_Tier1) был убит AI Cyril (Chernogorsk_Tier1) с Blaze из 4 м расстояние.
16:37:47.839 [AI Patrol 00102] Komarovo_Tier1 (Raiders) bots were wiped out (spawn position <6491.401367, 6.201979, 2400.609619>, 1/1 deceased)
16:37:47.839 [AI Patrol 00102] Global patrol count: 12
16:38:01.562 [Killfeed] AI Helga (FirelStation_Tier2) был убит AI Elias (HospitalStation_Tier2) с КАС-74У из 9 м расстояние.
16:38:23.351 [Killfeed] AI Judy (HospitalStation_Tier2) был убит AI Cyril (Chernogorsk_Tier1) с Blaze из 6 м расстояние.
16:38:32.515 [Killfeed] AI Oliver (PoliceStation_Tier2) был убит AI Cyril (Chernogorsk_Tier1) с Blaze из 1 м расстояние.
