18:36:28.945 [AI Object Patrol] Generating default Object Patrol config for "chernarusplus"
18:36:28.945 [AI Patrol] Generating default Patrol config for "chernarusplus"
18:36:47.726 [Expansion Quests] Added objects set for quest ID=5101 from file=q5101
18:36:47.726 [Expansion Quests] Added objects set for quest ID=6601 from file=q6601
18:36:47.726 [Expansion Quests] Added objects set for quest ID=5201 from file=q5201
18:36:47.726 [Expansion Quests] Added objects set for quest ID=5202 from file=q5202
18:36:47.726 [Expansion Quests] Added objects set for quest ID=5203 from file=q5203
18:36:47.726 [Expansion Quests] Added objects set for quest ID=2201 from file=q2201
18:36:47.726 [Expansion Quests] Added objects set for quest ID=2202 from file=q2202
18:36:47.734 [Expansion Quests] Added objects set for quest ID=2203 from file=q2203
18:36:47.734 [Expansion Quests] Added objects set for quest ID=2204 from file=q2204
18:36:47.734 [Expansion Quests] Added objects set for quest ID=2205 from file=q2205
18:36:47.734 [Expansion Quests] Added objects set for quest ID=2101 from file=q2101
18:36:47.734 [Expansion Quests] Added objects set for quest ID=61601 from file=q61601
18:36:47.734 [Expansion Quests] Added objects set for quest ID=5102 from file=q5102
18:36:47.734 [Expansion Quests] Added objects set for quest ID=6501 from file=q6501
18:36:47.734 [Expansion Quests] Added objects set for quest ID=2102 from file=q2102
18:36:47.734 [Expansion Quests] Added objects set for quest ID=2103 from file=q2103
18:36:47.734 [Expansion Quests] Added objects set for quest ID=2104 from file=q2104
18:36:47.734 [Expansion Quests] Added objects set for quest ID=2105 from file=q2105
18:36:47.734 [Expansion Quests] Added objects set for quest ID=61501 from file=q61501
18:36:47.734 [Expansion Quests] Added objects set for quest ID=61502 from file=q61502
18:38:14.000 [Expansion Quests] Initialize quest system on the connected client with UID=z63osPRVUnS8pzWmaenLtvu6c2gVxwL4gvA4elWPF5w=
18:38:14.039 [Expansion Quests] Created new persistent player quest data for player UID=z63osPRVUnS8pzWmaenLtvu6c2gVxwL4gvA4elWPF5w=
18:38:14.039 [Expansion Quests] Quest with ID=6401 is not a a valid achievement or auto start quest. Skip quest for player with UID=z63osPRVUnS8pzWmaenLtvu6c2gVxwL4gvA4elWPF5w=
18:38:14.039 [Expansion Quests] Quest with ID=5101 is not a a valid achievement or auto start quest. Skip quest for player with UID=z63osPRVUnS8pzWmaenLtvu6c2gVxwL4gvA4elWPF5w=
18:38:14.039 [Expansion Quests] Quest with ID=6601 is not a a valid achievement or auto start quest. Skip quest for player with UID=z63osPRVUnS8pzWmaenLtvu6c2gVxwL4gvA4elWPF5w=
18:38:14.039 [Expansion Quests] Quest with ID=6901 is not a a valid achievement or auto start quest. Skip quest for player with UID=z63osPRVUnS8pzWmaenLtvu6c2gVxwL4gvA4elWPF5w=
18:38:14.039 [Expansion Quests] Quest with ID=61401 is not a a valid achievement or auto start quest. Skip quest for player with UID=z63osPRVUnS8pzWmaenLtvu6c2gVxwL4gvA4elWPF5w=
18:38:14.039 [Expansion Quests] Quest with ID=5201 is not a a valid achievement or auto start quest. Skip quest for player with UID=z63osPRVUnS8pzWmaenLtvu6c2gVxwL4gvA4elWPF5w=
18:38:14.039 [Expansion Quests] Quest with ID=5202 is not a a valid achievement or auto start quest. Skip quest for player with UID=z63osPRVUnS8pzWmaenLtvu6c2gVxwL4gvA4elWPF5w=
18:38:14.039 [Expansion Quests] Quest with ID=5203 is not a a valid achievement or auto start quest. Skip quest for player with UID=z63osPRVUnS8pzWmaenLtvu6c2gVxwL4gvA4elWPF5w=
18:38:14.039 [Expansion Quests] Quest with ID=6101 is not a a valid achievement or auto start quest. Skip quest for player with UID=z63osPRVUnS8pzWmaenLtvu6c2gVxwL4gvA4elWPF5w=
18:38:14.039 [Expansion Quests] Quest with ID=6801 is not a a valid achievement or auto start quest. Skip quest for player with UID=z63osPRVUnS8pzWmaenLtvu6c2gVxwL4gvA4elWPF5w=
18:38:14.039 [Expansion Quests] Quest with ID=6301 is not a a valid achievement or auto start quest. Skip quest for player with UID=z63osPRVUnS8pzWmaenLtvu6c2gVxwL4gvA4elWPF5w=
18:38:14.039 [Expansion Quests] Quest with ID=2201 is not a a valid achievement or auto start quest. Skip quest for player with UID=z63osPRVUnS8pzWmaenLtvu6c2gVxwL4gvA4elWPF5w=
18:38:14.039 [Expansion Quests] Quest with ID=2202 is not a a valid achievement or auto start quest. Skip quest for player with UID=z63osPRVUnS8pzWmaenLtvu6c2gVxwL4gvA4elWPF5w=
18:38:14.039 [Expansion Quests] Quest with ID=2203 is not a a valid achievement or auto start quest. Skip quest for player with UID=z63osPRVUnS8pzWmaenLtvu6c2gVxwL4gvA4elWPF5w=
18:38:14.039 [Expansion Quests] Quest with ID=2204 is not a a valid achievement or auto start quest. Skip quest for player with UID=z63osPRVUnS8pzWmaenLtvu6c2gVxwL4gvA4elWPF5w=
18:38:14.039 [Expansion Quests] Quest with ID=2205 is not a a valid achievement or auto start quest. Skip quest for player with UID=z63osPRVUnS8pzWmaenLtvu6c2gVxwL4gvA4elWPF5w=
18:38:14.039 [Expansion Quests] Quest with ID=2101 is not a a valid achievement or auto start quest. Skip quest for player with UID=z63osPRVUnS8pzWmaenLtvu6c2gVxwL4gvA4elWPF5w=
18:38:14.039 [Expansion Quests] Quest with ID=61601 is not a a valid achievement or auto start quest. Skip quest for player with UID=z63osPRVUnS8pzWmaenLtvu6c2gVxwL4gvA4elWPF5w=
18:38:14.039 [Expansion Quests] Quest with ID=6701 is not a a valid achievement or auto start quest. Skip quest for player with UID=z63osPRVUnS8pzWmaenLtvu6c2gVxwL4gvA4elWPF5w=
18:38:14.039 [Expansion Quests] Create new achievement/auto-start quest for quest ID=101 for player with UID=z63osPRVUnS8pzWmaenLtvu6c2gVxwL4gvA4elWPF5w=
18:38:14.039 [Expansion Quests] Added new objective data for type=TRAVEL | Key= | ID=101
18:38:14.039 [Expansion Quests] Updated and saved persistent player quest data for player with UID=z63osPRVUnS8pzWmaenLtvu6c2gVxwL4gvA4elWPF5w= | Quest ID=101
18:38:14.039 [Expansion Quests] Quest with ID=6201 is not a a valid achievement or auto start quest. Skip quest for player with UID=z63osPRVUnS8pzWmaenLtvu6c2gVxwL4gvA4elWPF5w=
18:38:14.039 [Expansion Quests] Quest with ID=61101 is not a a valid achievement or auto start quest. Skip quest for player with UID=z63osPRVUnS8pzWmaenLtvu6c2gVxwL4gvA4elWPF5w=
18:38:14.039 [Expansion Quests] Quest with ID=5102 is not a a valid achievement or auto start quest. Skip quest for player with UID=z63osPRVUnS8pzWmaenLtvu6c2gVxwL4gvA4elWPF5w=
18:38:14.046 [Expansion Quests] Quest with ID=6501 is not a a valid achievement or auto start quest. Skip quest for player with UID=z63osPRVUnS8pzWmaenLtvu6c2gVxwL4gvA4elWPF5w=
18:38:14.046 [Expansion Quests] Quest with ID=62001 is not a a valid achievement or auto start quest. Skip quest for player with UID=z63osPRVUnS8pzWmaenLtvu6c2gVxwL4gvA4elWPF5w=
18:38:14.046 [Expansion Quests] Quest with ID=61201 is not a a valid achievement or auto start quest. Skip quest for player with UID=z63osPRVUnS8pzWmaenLtvu6c2gVxwL4gvA4elWPF5w=
18:38:14.046 [Expansion Quests] Quest with ID=61301 is not a a valid achievement or auto start quest. Skip quest for player with UID=z63osPRVUnS8pzWmaenLtvu6c2gVxwL4gvA4elWPF5w=
18:38:14.046 [Expansion Quests] Quest with ID=2102 is not a a valid achievement or auto start quest. Skip quest for player with UID=z63osPRVUnS8pzWmaenLtvu6c2gVxwL4gvA4elWPF5w=
18:38:14.046 [Expansion Quests] Quest with ID=2103 is not a a valid achievement or auto start quest. Skip quest for player with UID=z63osPRVUnS8pzWmaenLtvu6c2gVxwL4gvA4elWPF5w=
18:38:14.046 [Expansion Quests] Quest with ID=2104 is not a a valid achievement or auto start quest. Skip quest for player with UID=z63osPRVUnS8pzWmaenLtvu6c2gVxwL4gvA4elWPF5w=
18:38:14.046 [Expansion Quests] Quest with ID=2105 is not a a valid achievement or auto start quest. Skip quest for player with UID=z63osPRVUnS8pzWmaenLtvu6c2gVxwL4gvA4elWPF5w=
18:38:14.046 [Expansion Quests] Quest with ID=61501 is not a a valid achievement or auto start quest. Skip quest for player with UID=z63osPRVUnS8pzWmaenLtvu6c2gVxwL4gvA4elWPF5w=
18:38:14.046 [Expansion Quests] Quest with ID=61502 is not a a valid achievement or auto start quest. Skip quest for player with UID=z63osPRVUnS8pzWmaenLtvu6c2gVxwL4gvA4elWPF5w=
18:38:14.046 [Expansion Quests] Sending z63osPRVUnS8pzWmaenLtvu6c2gVxwL4gvA4elWPF5w= quest configs to client for player with UID=z63osPRVUnS8pzWmaenLtvu6c2gVxwL4gvA4elWPF5w=
18:38:14.046 [Expansion Quests] Sending player quest data for 1 quests to player with UID=z63osPRVUnS8pzWmaenLtvu6c2gVxwL4gvA4elWPF5w=
18:38:14.492 [Expansion Quests] Added new objective data for type=TRAVEL | Key= | ID=101
18:38:14.492 [Expansion Quests] Updated and saved persistent player quest data for player with UID=z63osPRVUnS8pzWmaenLtvu6c2gVxwL4gvA4elWPF5w= | Quest ID=101
18:39:00.960 [Expansion Quests] Initialize quest system on the connected client with UID=1OEPy6aKlMe0cmo8LieQDvVcsiu6iWAr2PUZdSF5eMI=
18:39:01.000 [Expansion Quests] Created new persistent player quest data for player UID=1OEPy6aKlMe0cmo8LieQDvVcsiu6iWAr2PUZdSF5eMI=
18:39:01.000 [Expansion Quests] Quest with ID=6401 is not a a valid achievement or auto start quest. Skip quest for player with UID=1OEPy6aKlMe0cmo8LieQDvVcsiu6iWAr2PUZdSF5eMI=
18:39:01.000 [Expansion Quests] Quest with ID=5101 is not a a valid achievement or auto start quest. Skip quest for player with UID=1OEPy6aKlMe0cmo8LieQDvVcsiu6iWAr2PUZdSF5eMI=
18:39:01.000 [Expansion Quests] Quest with ID=6601 is not a a valid achievement or auto start quest. Skip quest for player with UID=1OEPy6aKlMe0cmo8LieQDvVcsiu6iWAr2PUZdSF5eMI=
18:39:01.000 [Expansion Quests] Quest with ID=6901 is not a a valid achievement or auto start quest. Skip quest for player with UID=1OEPy6aKlMe0cmo8LieQDvVcsiu6iWAr2PUZdSF5eMI=
18:39:01.000 [Expansion Quests] Quest with ID=61401 is not a a valid achievement or auto start quest. Skip quest for player with UID=1OEPy6aKlMe0cmo8LieQDvVcsiu6iWAr2PUZdSF5eMI=
18:39:01.000 [Expansion Quests] Quest with ID=5201 is not a a valid achievement or auto start quest. Skip quest for player with UID=1OEPy6aKlMe0cmo8LieQDvVcsiu6iWAr2PUZdSF5eMI=
18:39:01.000 [Expansion Quests] Quest with ID=5202 is not a a valid achievement or auto start quest. Skip quest for player with UID=1OEPy6aKlMe0cmo8LieQDvVcsiu6iWAr2PUZdSF5eMI=
18:39:01.000 [Expansion Quests] Quest with ID=5203 is not a a valid achievement or auto start quest. Skip quest for player with UID=1OEPy6aKlMe0cmo8LieQDvVcsiu6iWAr2PUZdSF5eMI=
18:39:01.000 [Expansion Quests] Quest with ID=6101 is not a a valid achievement or auto start quest. Skip quest for player with UID=1OEPy6aKlMe0cmo8LieQDvVcsiu6iWAr2PUZdSF5eMI=
18:39:01.000 [Expansion Quests] Quest with ID=6801 is not a a valid achievement or auto start quest. Skip quest for player with UID=1OEPy6aKlMe0cmo8LieQDvVcsiu6iWAr2PUZdSF5eMI=
18:39:01.000 [Expansion Quests] Quest with ID=6301 is not a a valid achievement or auto start quest. Skip quest for player with UID=1OEPy6aKlMe0cmo8LieQDvVcsiu6iWAr2PUZdSF5eMI=
18:39:01.000 [Expansion Quests] Quest with ID=2201 is not a a valid achievement or auto start quest. Skip quest for player with UID=1OEPy6aKlMe0cmo8LieQDvVcsiu6iWAr2PUZdSF5eMI=
18:39:01.000 [Expansion Quests] Quest with ID=2202 is not a a valid achievement or auto start quest. Skip quest for player with UID=1OEPy6aKlMe0cmo8LieQDvVcsiu6iWAr2PUZdSF5eMI=
18:39:01.000 [Expansion Quests] Quest with ID=2203 is not a a valid achievement or auto start quest. Skip quest for player with UID=1OEPy6aKlMe0cmo8LieQDvVcsiu6iWAr2PUZdSF5eMI=
18:39:01.000 [Expansion Quests] Quest with ID=2204 is not a a valid achievement or auto start quest. Skip quest for player with UID=1OEPy6aKlMe0cmo8LieQDvVcsiu6iWAr2PUZdSF5eMI=
18:39:01.000 [Expansion Quests] Quest with ID=2205 is not a a valid achievement or auto start quest. Skip quest for player with UID=1OEPy6aKlMe0cmo8LieQDvVcsiu6iWAr2PUZdSF5eMI=
18:39:01.000 [Expansion Quests] Quest with ID=2101 is not a a valid achievement or auto start quest. Skip quest for player with UID=1OEPy6aKlMe0cmo8LieQDvVcsiu6iWAr2PUZdSF5eMI=
18:39:01.000 [Expansion Quests] Quest with ID=61601 is not a a valid achievement or auto start quest. Skip quest for player with UID=1OEPy6aKlMe0cmo8LieQDvVcsiu6iWAr2PUZdSF5eMI=
18:39:01.000 [Expansion Quests] Quest with ID=6701 is not a a valid achievement or auto start quest. Skip quest for player with UID=1OEPy6aKlMe0cmo8LieQDvVcsiu6iWAr2PUZdSF5eMI=
18:39:01.000 [Expansion Quests] Create new achievement/auto-start quest for quest ID=101 for player with UID=1OEPy6aKlMe0cmo8LieQDvVcsiu6iWAr2PUZdSF5eMI=
18:39:01.000 [Expansion Quests] Added new objective data for type=TRAVEL | Key= | ID=101
18:39:01.000 [Expansion Quests] Updated and saved persistent player quest data for player with UID=1OEPy6aKlMe0cmo8LieQDvVcsiu6iWAr2PUZdSF5eMI= | Quest ID=101
18:39:01.000 [Expansion Quests] Quest with ID=6201 is not a a valid achievement or auto start quest. Skip quest for player with UID=1OEPy6aKlMe0cmo8LieQDvVcsiu6iWAr2PUZdSF5eMI=
18:39:01.000 [Expansion Quests] Quest with ID=61101 is not a a valid achievement or auto start quest. Skip quest for player with UID=1OEPy6aKlMe0cmo8LieQDvVcsiu6iWAr2PUZdSF5eMI=
18:39:01.000 [Expansion Quests] Quest with ID=5102 is not a a valid achievement or auto start quest. Skip quest for player with UID=1OEPy6aKlMe0cmo8LieQDvVcsiu6iWAr2PUZdSF5eMI=
18:39:01.000 [Expansion Quests] Quest with ID=6501 is not a a valid achievement or auto start quest. Skip quest for player with UID=1OEPy6aKlMe0cmo8LieQDvVcsiu6iWAr2PUZdSF5eMI=
18:39:01.000 [Expansion Quests] Quest with ID=62001 is not a a valid achievement or auto start quest. Skip quest for player with UID=1OEPy6aKlMe0cmo8LieQDvVcsiu6iWAr2PUZdSF5eMI=
18:39:01.000 [Expansion Quests] Quest with ID=61201 is not a a valid achievement or auto start quest. Skip quest for player with UID=1OEPy6aKlMe0cmo8LieQDvVcsiu6iWAr2PUZdSF5eMI=
18:39:01.007 [Expansion Quests] Quest with ID=61301 is not a a valid achievement or auto start quest. Skip quest for player with UID=1OEPy6aKlMe0cmo8LieQDvVcsiu6iWAr2PUZdSF5eMI=
18:39:01.007 [Expansion Quests] Quest with ID=2102 is not a a valid achievement or auto start quest. Skip quest for player with UID=1OEPy6aKlMe0cmo8LieQDvVcsiu6iWAr2PUZdSF5eMI=
18:39:01.007 [Expansion Quests] Quest with ID=2103 is not a a valid achievement or auto start quest. Skip quest for player with UID=1OEPy6aKlMe0cmo8LieQDvVcsiu6iWAr2PUZdSF5eMI=
18:39:01.007 [Expansion Quests] Quest with ID=2104 is not a a valid achievement or auto start quest. Skip quest for player with UID=1OEPy6aKlMe0cmo8LieQDvVcsiu6iWAr2PUZdSF5eMI=
18:39:01.007 [Expansion Quests] Quest with ID=2105 is not a a valid achievement or auto start quest. Skip quest for player with UID=1OEPy6aKlMe0cmo8LieQDvVcsiu6iWAr2PUZdSF5eMI=
18:39:01.007 [Expansion Quests] Quest with ID=61501 is not a a valid achievement or auto start quest. Skip quest for player with UID=1OEPy6aKlMe0cmo8LieQDvVcsiu6iWAr2PUZdSF5eMI=
18:39:01.007 [Expansion Quests] Quest with ID=61502 is not a a valid achievement or auto start quest. Skip quest for player with UID=1OEPy6aKlMe0cmo8LieQDvVcsiu6iWAr2PUZdSF5eMI=
18:39:01.007 [Expansion Quests] Sending 1OEPy6aKlMe0cmo8LieQDvVcsiu6iWAr2PUZdSF5eMI= quest configs to client for player with UID=1OEPy6aKlMe0cmo8LieQDvVcsiu6iWAr2PUZdSF5eMI=
18:39:01.007 [Expansion Quests] Sending player quest data for 1 quests to player with UID=1OEPy6aKlMe0cmo8LieQDvVcsiu6iWAr2PUZdSF5eMI=
18:39:01.445 [Expansion Quests] Added new objective data for type=TRAVEL | Key= | ID=101
18:39:01.445 [Expansion Quests] Updated and saved persistent player quest data for player with UID=1OEPy6aKlMe0cmo8LieQDvVcsiu6iWAr2PUZdSF5eMI= | Quest ID=101
18:39:42.187 [SpawnSelection] Player "Survivor (2)" (id=1OEPy6aKlMe0cmo8LieQDvVcsiu6iWAr2PUZdSF5eMI=) spawned at <13515.912109, 2.679648, 6117.384277>
18:39:44.914 [SpawnSelection] Player "Survivor" (id=z63osPRVUnS8pzWmaenLtvu6c2gVxwL4gvA4elWPF5w=) spawned at <13515.912109, 2.679648, 6117.384277>
18:39:54.234 [Party] Player "Survivor" (id=z63osPRVUnS8pzWmaenLtvu6c2gVxwL4gvA4elWPF5w=) joinded the party "Fury Ruthless" (id=0 ownerUID= ownerName=)
18:39:54.234 [Party] Player "Survivor" (id=z63osPRVUnS8pzWmaenLtvu6c2gVxwL4gvA4elWPF5w=) created a party named Fury Ruthless (Fury )
18:39:54.234 [Party] Player "Survivor" (id=z63osPRVUnS8pzWmaenLtvu6c2gVxwL4gvA4elWPF5w=) invited the player "Survivor (2)" (id=1OEPy6aKlMe0cmo8LieQDvVcsiu6iWAr2PUZdSF5eMI=)to the party named Fury Ruthless
18:39:55.234 [Expansion Quests] Loaded existing group quest data for group with ID=0
18:40:26.671 [Party] Player "Survivor (2)" (id=1OEPy6aKlMe0cmo8LieQDvVcsiu6iWAr2PUZdSF5eMI=) joinded the party "Fury Ruthless" (id=0 ownerUID=z63osPRVUnS8pzWmaenLtvu6c2gVxwL4gvA4elWPF5w= ownerName=Survivor)
18:40:27.671 [Expansion Quests] - LoadGroupQuestData - Got cached group quest data for group with ID=0
18:42:43.429 [MissionAirdrop] An airdrop is heading towards "Elektrozavodsk" (pos=<9371.000000, 0.000000, 2229.000000> type=Random_Elektrozavodsk) with a ExpansionAirdropContainer_Military
19:32:43.851 [VehicleDestroyed] OffroadHatchback (id=B33B41A8F04FEF7341EA64BCD59C7A16 pos=<4176.432617, 338.801666, 10725.701172>)
19:37:29.796 [AI Patrol 00013] Spawning 1 Raiders bots at <10595.210938, 106.617592, 10451.766602>
19:37:29.812 [AI Patrol 00013] Global patrol count: 1
19:38:52.445 [VehicleDeleted] OffroadHatchback (id=B33B41A8F04FEF7341EA64BCD59C7A16 pos=<4176.432617, 338.801666, 10725.702148>)
19:41:16.515 [Killfeed] [Fury ] Survivor был убит зараженным.
19:41:47.960 [Party] Player "Survivor" (id=z63osPRVUnS8pzWmaenLtvu6c2gVxwL4gvA4elWPF5w=) joinded the party "Fury Ruthless" (id=0 ownerUID=z63osPRVUnS8pzWmaenLtvu6c2gVxwL4gvA4elWPF5w= ownerName=Survivor)
19:41:48.953 [Expansion Quests] - LoadGroupQuestData - Got cached group quest data for group with ID=0
19:42:07.835 [SpawnSelection] Player "Survivor" (id=z63osPRVUnS8pzWmaenLtvu6c2gVxwL4gvA4elWPF5w=) spawned at <12915.700195, 3.400000, 9278.200195>
19:42:28.625 [Killfeed] [Fury ] Survivor (2) был убит зараженным.
19:42:34.695 [Party] Player "Survivor (2)" (id=1OEPy6aKlMe0cmo8LieQDvVcsiu6iWAr2PUZdSF5eMI=) joinded the party "Fury Ruthless" (id=0 ownerUID=z63osPRVUnS8pzWmaenLtvu6c2gVxwL4gvA4elWPF5w= ownerName=Survivor)
19:42:35.687 [Expansion Quests] - LoadGroupQuestData - Got cached group quest data for group with ID=0
19:42:42.937 [SpawnSelection] Player "Survivor (2)" (id=1OEPy6aKlMe0cmo8LieQDvVcsiu6iWAr2PUZdSF5eMI=) spawned at <12915.700195, 3.400000, 9278.200195>
19:52:24.210 [AI Patrol 00013] Despawning 1 Raiders bots (spawn position <10595.210938, 106.617592, 10451.766602>, 0/1 deceased)
19:52:24.210 [AI Patrol 00013] Global patrol count: 0
20:12:26.445 [MissionAirdrop] An airdrop is heading towards "Skalisty Island" (pos=<13452.000000, 0.000000, 3112.000000> type=Random_Skalisty Island) with a ExpansionAirdropContainer_Military
20:16:19.492 [AI Patrol 00015] Spawning 3 Civilian bots at <9932.822266, 194.929703, 10995.428711>
20:16:19.507 [AI Patrol 00015] Global patrol count: 1
20:32:04.539 [AI Patrol 00015] Despawning 3 Civilian bots (spawn position <9932.822266, 194.929703, 10995.428711>, 0/3 deceased)
20:32:04.539 [AI Patrol 00015] Global patrol count: 0
20:33:04.843 [Safezone] Player "Survivor (2)" (id=1OEPy6aKlMe0cmo8LieQDvVcsiu6iWAr2PUZdSF5eMI= pos=<11747.968750, 140.842300, 12470.146484>) Entered the safezone
20:33:16.046 [Safezone] Player "Survivor" (id=z63osPRVUnS8pzWmaenLtvu6c2gVxwL4gvA4elWPF5w= pos=<11748.162109, 142.014832, 12448.005859>) Entered the safezone
20:33:33.687 [Expansion Quests] Added new objective data for type=TRAVEL | Key= | ID=101
20:33:33.687 [Expansion Quests] Updated and saved persistent player quest data for player with UID=z63osPRVUnS8pzWmaenLtvu6c2gVxwL4gvA4elWPF5w= | Quest ID=101
20:33:33.687 [Expansion Quests] Player with UID=z63osPRVUnS8pzWmaenLtvu6c2gVxwL4gvA4elWPF5w= has completed quest with ID=101
20:33:33.695 [Expansion Quests] Updated and saved persistent player quest data for player with UID=z63osPRVUnS8pzWmaenLtvu6c2gVxwL4gvA4elWPF5w= | Quest ID=101
20:33:46.593 [Expansion Quests] Added new objective data for type=TRAVEL | Key= | ID=101
20:33:46.593 [Expansion Quests] Updated and saved persistent player quest data for player with UID=1OEPy6aKlMe0cmo8LieQDvVcsiu6iWAr2PUZdSF5eMI= | Quest ID=101
20:33:46.593 [Expansion Quests] Player with UID=1OEPy6aKlMe0cmo8LieQDvVcsiu6iWAr2PUZdSF5eMI= has completed quest with ID=101
20:33:46.601 [Expansion Quests] Updated and saved persistent player quest data for player with UID=1OEPy6aKlMe0cmo8LieQDvVcsiu6iWAr2PUZdSF5eMI= | Quest ID=101
20:35:31.757 [Party] Player "Survivor (2)" (id=1OEPy6aKlMe0cmo8LieQDvVcsiu6iWAr2PUZdSF5eMI=) left the party "Fury Ruthless" (id=0 ownerUID=z63osPRVUnS8pzWmaenLtvu6c2gVxwL4gvA4elWPF5w= ownerName=Survivor)
20:35:36.531 [Party] Player "Survivor" (id=z63osPRVUnS8pzWmaenLtvu6c2gVxwL4gvA4elWPF5w=) left the party "Fury Ruthless" (id=0 ownerUID=z63osPRVUnS8pzWmaenLtvu6c2gVxwL4gvA4elWPF5w= ownerName=Survivor)
21:04:26.484 [Safezone] Player "Survivor (2)" (id=1OEPy6aKlMe0cmo8LieQDvVcsiu6iWAr2PUZdSF5eMI= pos=<11847.383789, 140.605072, 12465.958008>) Entered the safezone
21:04:26.484 [Party] Player "Survivor (2)" (id=1OEPy6aKlMe0cmo8LieQDvVcsiu6iWAr2PUZdSF5eMI=) joinded the party "Fury Ruthless" (id=0 ownerUID=z63osPRVUnS8pzWmaenLtvu6c2gVxwL4gvA4elWPF5w= ownerName=Survivor)
21:04:26.484 [Expansion Quests] Initialize quest system on the connected client with UID=1OEPy6aKlMe0cmo8LieQDvVcsiu6iWAr2PUZdSF5eMI=
21:04:26.523 [Expansion Quests] Loaded existing player quest data for player with UID=1OEPy6aKlMe0cmo8LieQDvVcsiu6iWAr2PUZdSF5eMI=
21:04:26.523 [Expansion Quests] - LoadGroupQuestData - Got cached group quest data for group with ID=0
21:04:26.523 [Expansion Quests] Check quest initialization for quest with ID=101 | State=COMPLETED | Player UID=1OEPy6aKlMe0cmo8LieQDvVcsiu6iWAr2PUZdSF5eMI=
21:04:26.523 [Expansion Quests] Quest with ID=6401 is not a a valid achievement or auto start quest. Skip quest for player with UID=1OEPy6aKlMe0cmo8LieQDvVcsiu6iWAr2PUZdSF5eMI=
21:04:26.523 [Expansion Quests] Quest with ID=5101 is not a a valid achievement or auto start quest. Skip quest for player with UID=1OEPy6aKlMe0cmo8LieQDvVcsiu6iWAr2PUZdSF5eMI=
21:04:26.523 [Expansion Quests] Quest with ID=6601 is not a a valid achievement or auto start quest. Skip quest for player with UID=1OEPy6aKlMe0cmo8LieQDvVcsiu6iWAr2PUZdSF5eMI=
21:04:26.523 [Expansion Quests] Quest with ID=6901 is not a a valid achievement or auto start quest. Skip quest for player with UID=1OEPy6aKlMe0cmo8LieQDvVcsiu6iWAr2PUZdSF5eMI=
21:04:26.523 [Expansion Quests] Quest with ID=61401 is not a a valid achievement or auto start quest. Skip quest for player with UID=1OEPy6aKlMe0cmo8LieQDvVcsiu6iWAr2PUZdSF5eMI=
21:04:26.523 [Expansion Quests] Quest with ID=5201 is not a a valid achievement or auto start quest. Skip quest for player with UID=1OEPy6aKlMe0cmo8LieQDvVcsiu6iWAr2PUZdSF5eMI=
21:04:26.523 [Expansion Quests] Quest with ID=5202 is not a a valid achievement or auto start quest. Skip quest for player with UID=1OEPy6aKlMe0cmo8LieQDvVcsiu6iWAr2PUZdSF5eMI=
21:04:26.523 [Expansion Quests] Quest with ID=5203 is not a a valid achievement or auto start quest. Skip quest for player with UID=1OEPy6aKlMe0cmo8LieQDvVcsiu6iWAr2PUZdSF5eMI=
21:04:26.523 [Expansion Quests] Quest with ID=6101 is not a a valid achievement or auto start quest. Skip quest for player with UID=1OEPy6aKlMe0cmo8LieQDvVcsiu6iWAr2PUZdSF5eMI=
21:04:26.523 [Expansion Quests] Quest with ID=6801 is not a a valid achievement or auto start quest. Skip quest for player with UID=1OEPy6aKlMe0cmo8LieQDvVcsiu6iWAr2PUZdSF5eMI=
21:04:26.523 [Expansion Quests] Quest with ID=6301 is not a a valid achievement or auto start quest. Skip quest for player with UID=1OEPy6aKlMe0cmo8LieQDvVcsiu6iWAr2PUZdSF5eMI=
21:04:26.523 [Expansion Quests] Quest with ID=2201 is not a a valid achievement or auto start quest. Skip quest for player with UID=1OEPy6aKlMe0cmo8LieQDvVcsiu6iWAr2PUZdSF5eMI=
21:04:26.523 [Expansion Quests] Quest with ID=2202 is not a a valid achievement or auto start quest. Skip quest for player with UID=1OEPy6aKlMe0cmo8LieQDvVcsiu6iWAr2PUZdSF5eMI=
21:04:26.523 [Expansion Quests] Quest with ID=2203 is not a a valid achievement or auto start quest. Skip quest for player with UID=1OEPy6aKlMe0cmo8LieQDvVcsiu6iWAr2PUZdSF5eMI=
21:04:26.523 [Expansion Quests] Quest with ID=2204 is not a a valid achievement or auto start quest. Skip quest for player with UID=1OEPy6aKlMe0cmo8LieQDvVcsiu6iWAr2PUZdSF5eMI=
21:04:26.523 [Expansion Quests] Quest with ID=2205 is not a a valid achievement or auto start quest. Skip quest for player with UID=1OEPy6aKlMe0cmo8LieQDvVcsiu6iWAr2PUZdSF5eMI=
21:04:26.523 [Expansion Quests] Quest with ID=2101 is not a a valid achievement or auto start quest. Skip quest for player with UID=1OEPy6aKlMe0cmo8LieQDvVcsiu6iWAr2PUZdSF5eMI=
21:04:26.523 [Expansion Quests] Quest with ID=61601 is not a a valid achievement or auto start quest. Skip quest for player with UID=1OEPy6aKlMe0cmo8LieQDvVcsiu6iWAr2PUZdSF5eMI=
21:04:26.523 [Expansion Quests] Quest with ID=6701 is not a a valid achievement or auto start quest. Skip quest for player with UID=1OEPy6aKlMe0cmo8LieQDvVcsiu6iWAr2PUZdSF5eMI=
21:04:26.523 [Expansion Quests] Quest with ID=6201 is not a a valid achievement or auto start quest. Skip quest for player with UID=1OEPy6aKlMe0cmo8LieQDvVcsiu6iWAr2PUZdSF5eMI=
21:04:26.523 [Expansion Quests] Quest with ID=61101 is not a a valid achievement or auto start quest. Skip quest for player with UID=1OEPy6aKlMe0cmo8LieQDvVcsiu6iWAr2PUZdSF5eMI=
21:04:26.523 [Expansion Quests] Quest with ID=5102 is not a a valid achievement or auto start quest. Skip quest for player with UID=1OEPy6aKlMe0cmo8LieQDvVcsiu6iWAr2PUZdSF5eMI=
21:04:26.523 [Expansion Quests] Quest with ID=6501 is not a a valid achievement or auto start quest. Skip quest for player with UID=1OEPy6aKlMe0cmo8LieQDvVcsiu6iWAr2PUZdSF5eMI=
21:04:26.523 [Expansion Quests] Quest with ID=62001 is not a a valid achievement or auto start quest. Skip quest for player with UID=1OEPy6aKlMe0cmo8LieQDvVcsiu6iWAr2PUZdSF5eMI=
21:04:26.523 [Expansion Quests] Quest with ID=61201 is not a a valid achievement or auto start quest. Skip quest for player with UID=1OEPy6aKlMe0cmo8LieQDvVcsiu6iWAr2PUZdSF5eMI=
21:04:26.523 [Expansion Quests] Quest with ID=61301 is not a a valid achievement or auto start quest. Skip quest for player with UID=1OEPy6aKlMe0cmo8LieQDvVcsiu6iWAr2PUZdSF5eMI=
21:04:26.523 [Expansion Quests] Quest with ID=2102 is not a a valid achievement or auto start quest. Skip quest for player with UID=1OEPy6aKlMe0cmo8LieQDvVcsiu6iWAr2PUZdSF5eMI=
21:04:26.523 [Expansion Quests] Quest with ID=2103 is not a a valid achievement or auto start quest. Skip quest for player with UID=1OEPy6aKlMe0cmo8LieQDvVcsiu6iWAr2PUZdSF5eMI=
21:04:26.523 [Expansion Quests] Quest with ID=2104 is not a a valid achievement or auto start quest. Skip quest for player with UID=1OEPy6aKlMe0cmo8LieQDvVcsiu6iWAr2PUZdSF5eMI=
21:04:26.523 [Expansion Quests] Quest with ID=2105 is not a a valid achievement or auto start quest. Skip quest for player with UID=1OEPy6aKlMe0cmo8LieQDvVcsiu6iWAr2PUZdSF5eMI=
21:04:26.523 [Expansion Quests] Quest with ID=61501 is not a a valid achievement or auto start quest. Skip quest for player with UID=1OEPy6aKlMe0cmo8LieQDvVcsiu6iWAr2PUZdSF5eMI=
21:04:26.523 [Expansion Quests] Quest with ID=61502 is not a a valid achievement or auto start quest. Skip quest for player with UID=1OEPy6aKlMe0cmo8LieQDvVcsiu6iWAr2PUZdSF5eMI=
21:04:26.531 [Expansion Quests] Sending 1OEPy6aKlMe0cmo8LieQDvVcsiu6iWAr2PUZdSF5eMI= quest configs to client for player with UID=1OEPy6aKlMe0cmo8LieQDvVcsiu6iWAr2PUZdSF5eMI=
21:04:26.531 [Expansion Quests] Sending player quest data for 1 quests to player with UID=1OEPy6aKlMe0cmo8LieQDvVcsiu6iWAr2PUZdSF5eMI=
21:04:26.531 [AI Object Patrol 00032] Spawning 1 West bots at <11049.250000, 227.437393, 12495.326172>
21:04:26.546 [AI Object Patrol 00032] Global patrol count: 1
21:04:27.468 [Expansion Quests] - LoadGroupQuestData - Got cached group quest data for group with ID=0
21:12:56.859 [Safezone] Player "Survivor" (id=z63osPRVUnS8pzWmaenLtvu6c2gVxwL4gvA4elWPF5w= pos=<11847.859375, 141.111465, 12464.254883>) Entered the safezone
21:12:56.859 [Party] Player "Survivor" (id=z63osPRVUnS8pzWmaenLtvu6c2gVxwL4gvA4elWPF5w=) joinded the party "Fury Ruthless" (id=0 ownerUID=z63osPRVUnS8pzWmaenLtvu6c2gVxwL4gvA4elWPF5w= ownerName=Survivor)
21:12:56.859 [Expansion Quests] Initialize quest system on the connected client with UID=z63osPRVUnS8pzWmaenLtvu6c2gVxwL4gvA4elWPF5w=
21:12:56.875 [Expansion Quests] Loaded existing player quest data for player with UID=z63osPRVUnS8pzWmaenLtvu6c2gVxwL4gvA4elWPF5w=
21:12:56.875 [Expansion Quests] - LoadGroupQuestData - Got cached group quest data for group with ID=0
21:12:56.875 [Expansion Quests] Check quest initialization for quest with ID=101 | State=COMPLETED | Player UID=z63osPRVUnS8pzWmaenLtvu6c2gVxwL4gvA4elWPF5w=
21:12:56.875 [Expansion Quests] Quest with ID=6401 is not a a valid achievement or auto start quest. Skip quest for player with UID=z63osPRVUnS8pzWmaenLtvu6c2gVxwL4gvA4elWPF5w=
21:12:56.875 [Expansion Quests] Quest with ID=5101 is not a a valid achievement or auto start quest. Skip quest for player with UID=z63osPRVUnS8pzWmaenLtvu6c2gVxwL4gvA4elWPF5w=
21:12:56.875 [Expansion Quests] Quest with ID=6601 is not a a valid achievement or auto start quest. Skip quest for player with UID=z63osPRVUnS8pzWmaenLtvu6c2gVxwL4gvA4elWPF5w=
21:12:56.875 [Expansion Quests] Quest with ID=6901 is not a a valid achievement or auto start quest. Skip quest for player with UID=z63osPRVUnS8pzWmaenLtvu6c2gVxwL4gvA4elWPF5w=
21:12:56.875 [Expansion Quests] Quest with ID=61401 is not a a valid achievement or auto start quest. Skip quest for player with UID=z63osPRVUnS8pzWmaenLtvu6c2gVxwL4gvA4elWPF5w=
21:12:56.875 [Expansion Quests] Quest with ID=5201 is not a a valid achievement or auto start quest. Skip quest for player with UID=z63osPRVUnS8pzWmaenLtvu6c2gVxwL4gvA4elWPF5w=
21:12:56.875 [Expansion Quests] Quest with ID=5202 is not a a valid achievement or auto start quest. Skip quest for player with UID=z63osPRVUnS8pzWmaenLtvu6c2gVxwL4gvA4elWPF5w=
21:12:56.875 [Expansion Quests] Quest with ID=5203 is not a a valid achievement or auto start quest. Skip quest for player with UID=z63osPRVUnS8pzWmaenLtvu6c2gVxwL4gvA4elWPF5w=
21:12:56.875 [Expansion Quests] Quest with ID=6101 is not a a valid achievement or auto start quest. Skip quest for player with UID=z63osPRVUnS8pzWmaenLtvu6c2gVxwL4gvA4elWPF5w=
21:12:56.875 [Expansion Quests] Quest with ID=6801 is not a a valid achievement or auto start quest. Skip quest for player with UID=z63osPRVUnS8pzWmaenLtvu6c2gVxwL4gvA4elWPF5w=
21:12:56.875 [Expansion Quests] Quest with ID=6301 is not a a valid achievement or auto start quest. Skip quest for player with UID=z63osPRVUnS8pzWmaenLtvu6c2gVxwL4gvA4elWPF5w=
21:12:56.875 [Expansion Quests] Quest with ID=2201 is not a a valid achievement or auto start quest. Skip quest for player with UID=z63osPRVUnS8pzWmaenLtvu6c2gVxwL4gvA4elWPF5w=
21:12:56.875 [Expansion Quests] Quest with ID=2202 is not a a valid achievement or auto start quest. Skip quest for player with UID=z63osPRVUnS8pzWmaenLtvu6c2gVxwL4gvA4elWPF5w=
21:12:56.875 [Expansion Quests] Quest with ID=2203 is not a a valid achievement or auto start quest. Skip quest for player with UID=z63osPRVUnS8pzWmaenLtvu6c2gVxwL4gvA4elWPF5w=
21:12:56.875 [Expansion Quests] Quest with ID=2204 is not a a valid achievement or auto start quest. Skip quest for player with UID=z63osPRVUnS8pzWmaenLtvu6c2gVxwL4gvA4elWPF5w=
21:12:56.875 [Expansion Quests] Quest with ID=2205 is not a a valid achievement or auto start quest. Skip quest for player with UID=z63osPRVUnS8pzWmaenLtvu6c2gVxwL4gvA4elWPF5w=
21:12:56.875 [Expansion Quests] Quest with ID=2101 is not a a valid achievement or auto start quest. Skip quest for player with UID=z63osPRVUnS8pzWmaenLtvu6c2gVxwL4gvA4elWPF5w=
21:12:56.875 [Expansion Quests] Quest with ID=61601 is not a a valid achievement or auto start quest. Skip quest for player with UID=z63osPRVUnS8pzWmaenLtvu6c2gVxwL4gvA4elWPF5w=
21:12:56.875 [Expansion Quests] Quest with ID=6701 is not a a valid achievement or auto start quest. Skip quest for player with UID=z63osPRVUnS8pzWmaenLtvu6c2gVxwL4gvA4elWPF5w=
21:12:56.875 [Expansion Quests] Quest with ID=6201 is not a a valid achievement or auto start quest. Skip quest for player with UID=z63osPRVUnS8pzWmaenLtvu6c2gVxwL4gvA4elWPF5w=
21:12:56.875 [Expansion Quests] Quest with ID=61101 is not a a valid achievement or auto start quest. Skip quest for player with UID=z63osPRVUnS8pzWmaenLtvu6c2gVxwL4gvA4elWPF5w=
21:12:56.875 [Expansion Quests] Quest with ID=5102 is not a a valid achievement or auto start quest. Skip quest for player with UID=z63osPRVUnS8pzWmaenLtvu6c2gVxwL4gvA4elWPF5w=
21:12:56.875 [Expansion Quests] Quest with ID=6501 is not a a valid achievement or auto start quest. Skip quest for player with UID=z63osPRVUnS8pzWmaenLtvu6c2gVxwL4gvA4elWPF5w=
21:12:56.875 [Expansion Quests] Quest with ID=62001 is not a a valid achievement or auto start quest. Skip quest for player with UID=z63osPRVUnS8pzWmaenLtvu6c2gVxwL4gvA4elWPF5w=
21:12:56.875 [Expansion Quests] Quest with ID=61201 is not a a valid achievement or auto start quest. Skip quest for player with UID=z63osPRVUnS8pzWmaenLtvu6c2gVxwL4gvA4elWPF5w=
21:12:56.875 [Expansion Quests] Quest with ID=61301 is not a a valid achievement or auto start quest. Skip quest for player with UID=z63osPRVUnS8pzWmaenLtvu6c2gVxwL4gvA4elWPF5w=
21:12:56.875 [Expansion Quests] Quest with ID=2102 is not a a valid achievement or auto start quest. Skip quest for player with UID=z63osPRVUnS8pzWmaenLtvu6c2gVxwL4gvA4elWPF5w=
21:12:56.875 [Expansion Quests] Quest with ID=2103 is not a a valid achievement or auto start quest. Skip quest for player with UID=z63osPRVUnS8pzWmaenLtvu6c2gVxwL4gvA4elWPF5w=
21:12:56.875 [Expansion Quests] Quest with ID=2104 is not a a valid achievement or auto start quest. Skip quest for player with UID=z63osPRVUnS8pzWmaenLtvu6c2gVxwL4gvA4elWPF5w=
21:12:56.875 [Expansion Quests] Quest with ID=2105 is not a a valid achievement or auto start quest. Skip quest for player with UID=z63osPRVUnS8pzWmaenLtvu6c2gVxwL4gvA4elWPF5w=
21:12:56.875 [Expansion Quests] Quest with ID=61501 is not a a valid achievement or auto start quest. Skip quest for player with UID=z63osPRVUnS8pzWmaenLtvu6c2gVxwL4gvA4elWPF5w=
21:12:56.875 [Expansion Quests] Quest with ID=61502 is not a a valid achievement or auto start quest. Skip quest for player with UID=z63osPRVUnS8pzWmaenLtvu6c2gVxwL4gvA4elWPF5w=
21:12:56.875 [Expansion Quests] Sending z63osPRVUnS8pzWmaenLtvu6c2gVxwL4gvA4elWPF5w= quest configs to client for player with UID=z63osPRVUnS8pzWmaenLtvu6c2gVxwL4gvA4elWPF5w=
21:12:56.882 [Expansion Quests] Sending player quest data for 1 quests to player with UID=z63osPRVUnS8pzWmaenLtvu6c2gVxwL4gvA4elWPF5w=
21:12:57.843 [Expansion Quests] - LoadGroupQuestData - Got cached group quest data for group with ID=0
21:14:29.828 [Expansion Quests] Added new objective data for type=TREASUREHUNT | Key=z63osPRVUnS8pzWmaenLtvu6c2gVxwL4gvA4elWPF5w= | ID=301
21:14:29.828 [Expansion Quests] Updated and saved persistent player quest data for player with UID=z63osPRVUnS8pzWmaenLtvu6c2gVxwL4gvA4elWPF5w= | Quest ID=6401
21:14:29.828 [Expansion Quests] Created new quest instance with instance key=z63osPRVUnS8pzWmaenLtvu6c2gVxwL4gvA4elWPF5w= for quest with ID=6401
21:14:32.531 [Expansion Quests] Added new objective data for type=TRAVEL | Key=z63osPRVUnS8pzWmaenLtvu6c2gVxwL4gvA4elWPF5w= | ID=101
21:14:32.531 [Expansion Quests] Added new objective data for type=TREASUREHUNT | Key=z63osPRVUnS8pzWmaenLtvu6c2gVxwL4gvA4elWPF5w= | ID=101
21:14:32.531 [Expansion Quests] Added new objective data for type=COLLECT | Key=z63osPRVUnS8pzWmaenLtvu6c2gVxwL4gvA4elWPF5w= | ID=101
21:14:32.531 [Expansion Quests] Updated and saved persistent player quest data for player with UID=z63osPRVUnS8pzWmaenLtvu6c2gVxwL4gvA4elWPF5w= | Quest ID=6101
21:14:32.531 [Expansion Quests] Created new quest instance with instance key=z63osPRVUnS8pzWmaenLtvu6c2gVxwL4gvA4elWPF5w= for quest with ID=6101
21:14:32.531 [Expansion Quests] Added new objective data for type=TRAVEL | Key=z63osPRVUnS8pzWmaenLtvu6c2gVxwL4gvA4elWPF5w= | ID=101
21:14:32.531 [Expansion Quests] Added new objective data for type=TREASUREHUNT | Key=z63osPRVUnS8pzWmaenLtvu6c2gVxwL4gvA4elWPF5w= | ID=101
21:14:32.531 [Expansion Quests] Added new objective data for type=COLLECT | Key=z63osPRVUnS8pzWmaenLtvu6c2gVxwL4gvA4elWPF5w= | ID=101
21:14:32.539 [Expansion Quests] Updated and saved persistent player quest data for player with UID=z63osPRVUnS8pzWmaenLtvu6c2gVxwL4gvA4elWPF5w= | Quest ID=6101
21:14:33.031 [Expansion Quests] Added new objective data for type=TRAVEL | Key=z63osPRVUnS8pzWmaenLtvu6c2gVxwL4gvA4elWPF5w= | ID=101
21:14:33.031 [Expansion Quests] Added new objective data for type=TREASUREHUNT | Key=z63osPRVUnS8pzWmaenLtvu6c2gVxwL4gvA4elWPF5w= | ID=101
21:14:33.031 [Expansion Quests] Added new objective data for type=COLLECT | Key=z63osPRVUnS8pzWmaenLtvu6c2gVxwL4gvA4elWPF5w= | ID=101
21:14:33.031 [Expansion Quests] Updated and saved persistent player quest data for player with UID=z63osPRVUnS8pzWmaenLtvu6c2gVxwL4gvA4elWPF5w= | Quest ID=6101
21:14:34.250 [Expansion Quests] Added new objective data for type=TREASUREHUNT | Key=z63osPRVUnS8pzWmaenLtvu6c2gVxwL4gvA4elWPF5w= | ID=201
21:14:34.250 [Expansion Quests] Added new objective data for type=TREASUREHUNT | Key=z63osPRVUnS8pzWmaenLtvu6c2gVxwL4gvA4elWPF5w= | ID=202
21:14:34.250 [Expansion Quests] Added new objective data for type=TREASUREHUNT | Key=z63osPRVUnS8pzWmaenLtvu6c2gVxwL4gvA4elWPF5w= | ID=203
21:14:34.250 [Expansion Quests] Added new objective data for type=COLLECT | Key=z63osPRVUnS8pzWmaenLtvu6c2gVxwL4gvA4elWPF5w= | ID=201
21:14:34.250 [Expansion Quests] Updated and saved persistent player quest data for player with UID=z63osPRVUnS8pzWmaenLtvu6c2gVxwL4gvA4elWPF5w= | Quest ID=6301
21:14:34.250 [Expansion Quests] Created new quest instance with instance key=z63osPRVUnS8pzWmaenLtvu6c2gVxwL4gvA4elWPF5w= for quest with ID=6301
21:14:36.054 [Expansion Quests] Added new objective data for type=TARGET | Key=z63osPRVUnS8pzWmaenLtvu6c2gVxwL4gvA4elWPF5w= | ID=101
21:14:36.062 [Expansion Quests] Updated and saved persistent player quest data for player with UID=z63osPRVUnS8pzWmaenLtvu6c2gVxwL4gvA4elWPF5w= | Quest ID=6201
21:14:36.062 [Expansion Quests] Created new quest instance with instance key=z63osPRVUnS8pzWmaenLtvu6c2gVxwL4gvA4elWPF5w= for quest with ID=6201
21:14:36.093 [Expansion Quests] Added new objective data for type=TREASUREHUNT | Key=1OEPy6aKlMe0cmo8LieQDvVcsiu6iWAr2PUZdSF5eMI= | ID=301
21:14:36.093 [Expansion Quests] Updated and saved persistent player quest data for player with UID=1OEPy6aKlMe0cmo8LieQDvVcsiu6iWAr2PUZdSF5eMI= | Quest ID=6401
21:14:36.093 [Expansion Quests] Created new quest instance with instance key=1OEPy6aKlMe0cmo8LieQDvVcsiu6iWAr2PUZdSF5eMI= for quest with ID=6401
21:14:37.421 [Expansion Quests] Added new objective data for type=TRAVEL | Key=1OEPy6aKlMe0cmo8LieQDvVcsiu6iWAr2PUZdSF5eMI= | ID=101
21:14:37.421 [Expansion Quests] Added new objective data for type=TREASUREHUNT | Key=1OEPy6aKlMe0cmo8LieQDvVcsiu6iWAr2PUZdSF5eMI= | ID=101
21:14:37.421 [Expansion Quests] Added new objective data for type=COLLECT | Key=1OEPy6aKlMe0cmo8LieQDvVcsiu6iWAr2PUZdSF5eMI= | ID=101
21:14:37.429 [Expansion Quests] Updated and saved persistent player quest data for player with UID=1OEPy6aKlMe0cmo8LieQDvVcsiu6iWAr2PUZdSF5eMI= | Quest ID=6101
21:14:37.429 [Expansion Quests] Created new quest instance with instance key=1OEPy6aKlMe0cmo8LieQDvVcsiu6iWAr2PUZdSF5eMI= for quest with ID=6101
21:14:37.921 [Expansion Quests] Added new objective data for type=TRAVEL | Key=1OEPy6aKlMe0cmo8LieQDvVcsiu6iWAr2PUZdSF5eMI= | ID=101
21:14:37.921 [Expansion Quests] Added new objective data for type=TREASUREHUNT | Key=1OEPy6aKlMe0cmo8LieQDvVcsiu6iWAr2PUZdSF5eMI= | ID=101
21:14:37.921 [Expansion Quests] Added new objective data for type=COLLECT | Key=1OEPy6aKlMe0cmo8LieQDvVcsiu6iWAr2PUZdSF5eMI= | ID=101
21:14:37.929 [Expansion Quests] Updated and saved persistent player quest data for player with UID=1OEPy6aKlMe0cmo8LieQDvVcsiu6iWAr2PUZdSF5eMI= | Quest ID=6101
21:14:38.757 [Expansion Quests] Added new objective data for type=TREASUREHUNT | Key=1OEPy6aKlMe0cmo8LieQDvVcsiu6iWAr2PUZdSF5eMI= | ID=201
21:14:38.757 [Expansion Quests] Added new objective data for type=TREASUREHUNT | Key=1OEPy6aKlMe0cmo8LieQDvVcsiu6iWAr2PUZdSF5eMI= | ID=202
21:14:38.757 [Expansion Quests] Added new objective data for type=TREASUREHUNT | Key=1OEPy6aKlMe0cmo8LieQDvVcsiu6iWAr2PUZdSF5eMI= | ID=203
21:14:38.757 [Expansion Quests] Added new objective data for type=COLLECT | Key=1OEPy6aKlMe0cmo8LieQDvVcsiu6iWAr2PUZdSF5eMI= | ID=201
21:14:38.765 [Expansion Quests] Updated and saved persistent player quest data for player with UID=1OEPy6aKlMe0cmo8LieQDvVcsiu6iWAr2PUZdSF5eMI= | Quest ID=6301
21:14:38.765 [Expansion Quests] Created new quest instance with instance key=1OEPy6aKlMe0cmo8LieQDvVcsiu6iWAr2PUZdSF5eMI= for quest with ID=6301
21:14:39.953 [Expansion Quests] Added new objective data for type=TARGET | Key=1OEPy6aKlMe0cmo8LieQDvVcsiu6iWAr2PUZdSF5eMI= | ID=101
21:14:39.960 [Expansion Quests] Updated and saved persistent player quest data for player with UID=1OEPy6aKlMe0cmo8LieQDvVcsiu6iWAr2PUZdSF5eMI= | Quest ID=6201
21:14:39.960 [Expansion Quests] Created new quest instance with instance key=1OEPy6aKlMe0cmo8LieQDvVcsiu6iWAr2PUZdSF5eMI= for quest with ID=6201
21:16:31.187 [Safezone] Player "Survivor (2)" (id=1OEPy6aKlMe0cmo8LieQDvVcsiu6iWAr2PUZdSF5eMI= pos=<11659.286133, 144.474350, 12531.231445>) Left the safezone
21:16:47.593 [Expansion Quests] Added new objective data for type=TARGET | Key=1OEPy6aKlMe0cmo8LieQDvVcsiu6iWAr2PUZdSF5eMI= | ID=101
21:16:47.593 [Expansion Quests] Updated and saved persistent player quest data for player with UID=1OEPy6aKlMe0cmo8LieQDvVcsiu6iWAr2PUZdSF5eMI= | Quest ID=6201
21:16:56.359 [Safezone] Player "Survivor" (id=z63osPRVUnS8pzWmaenLtvu6c2gVxwL4gvA4elWPF5w= pos=<11663.918945, 144.693604, 12528.464844>) Left the safezone
21:16:57.062 [Expansion Quests] Added new objective data for type=TARGET | Key=1OEPy6aKlMe0cmo8LieQDvVcsiu6iWAr2PUZdSF5eMI= | ID=101
21:16:57.062 [Expansion Quests] Updated and saved persistent player quest data for player with UID=1OEPy6aKlMe0cmo8LieQDvVcsiu6iWAr2PUZdSF5eMI= | Quest ID=6201
21:17:48.578 [Expansion Quests] Added new objective data for type=TARGET | Key=1OEPy6aKlMe0cmo8LieQDvVcsiu6iWAr2PUZdSF5eMI= | ID=101
21:17:48.585 [Expansion Quests] Updated and saved persistent player quest data for player with UID=1OEPy6aKlMe0cmo8LieQDvVcsiu6iWAr2PUZdSF5eMI= | Quest ID=6201
21:19:28.148 [Expansion Quests] Added new objective data for type=TARGET | Key=1OEPy6aKlMe0cmo8LieQDvVcsiu6iWAr2PUZdSF5eMI= | ID=101
21:19:28.148 [Expansion Quests] Updated and saved persistent player quest data for player with UID=1OEPy6aKlMe0cmo8LieQDvVcsiu6iWAr2PUZdSF5eMI= | Quest ID=6201
21:20:46.398 [Expansion Quests] Added new objective data for type=TRAVEL | Key=z63osPRVUnS8pzWmaenLtvu6c2gVxwL4gvA4elWPF5w= | ID=101
21:20:46.398 [Expansion Quests] Added new objective data for type=TREASUREHUNT | Key=z63osPRVUnS8pzWmaenLtvu6c2gVxwL4gvA4elWPF5w= | ID=101
21:20:46.398 [Expansion Quests] Added new objective data for type=COLLECT | Key=z63osPRVUnS8pzWmaenLtvu6c2gVxwL4gvA4elWPF5w= | ID=101
21:20:46.406 [Expansion Quests] Updated and saved persistent player quest data for player with UID=z63osPRVUnS8pzWmaenLtvu6c2gVxwL4gvA4elWPF5w= | Quest ID=6101
21:20:55.125 [Expansion Quests] Added new objective data for type=TRAVEL | Key=z63osPRVUnS8pzWmaenLtvu6c2gVxwL4gvA4elWPF5w= | ID=101
21:20:55.125 [Expansion Quests] Added new objective data for type=TREASUREHUNT | Key=z63osPRVUnS8pzWmaenLtvu6c2gVxwL4gvA4elWPF5w= | ID=101
21:20:55.125 [Expansion Quests] Added new objective data for type=COLLECT | Key=z63osPRVUnS8pzWmaenLtvu6c2gVxwL4gvA4elWPF5w= | ID=101
21:20:55.132 [Expansion Quests] Updated and saved persistent player quest data for player with UID=z63osPRVUnS8pzWmaenLtvu6c2gVxwL4gvA4elWPF5w= | Quest ID=6101
21:20:56.492 [Expansion Quests] Added new objective data for type=TRAVEL | Key=z63osPRVUnS8pzWmaenLtvu6c2gVxwL4gvA4elWPF5w= | ID=101
21:20:56.492 [Expansion Quests] Added new objective data for type=TREASUREHUNT | Key=z63osPRVUnS8pzWmaenLtvu6c2gVxwL4gvA4elWPF5w= | ID=101
21:20:56.492 [Expansion Quests] Added new objective data for type=COLLECT | Key=z63osPRVUnS8pzWmaenLtvu6c2gVxwL4gvA4elWPF5w= | ID=101
21:20:56.500 [Expansion Quests] Updated and saved persistent player quest data for player with UID=z63osPRVUnS8pzWmaenLtvu6c2gVxwL4gvA4elWPF5w= | Quest ID=6101
21:20:57.625 [Expansion Quests] Added new objective data for type=TRAVEL | Key=z63osPRVUnS8pzWmaenLtvu6c2gVxwL4gvA4elWPF5w= | ID=101
21:20:57.625 [Expansion Quests] Added new objective data for type=TREASUREHUNT | Key=z63osPRVUnS8pzWmaenLtvu6c2gVxwL4gvA4elWPF5w= | ID=101
21:20:57.625 [Expansion Quests] Added new objective data for type=COLLECT | Key=z63osPRVUnS8pzWmaenLtvu6c2gVxwL4gvA4elWPF5w= | ID=101
21:20:57.632 [Expansion Quests] Updated and saved persistent player quest data for player with UID=z63osPRVUnS8pzWmaenLtvu6c2gVxwL4gvA4elWPF5w= | Quest ID=6101
21:21:03.531 [Expansion Quests] Added new objective data for type=TRAVEL | Key=z63osPRVUnS8pzWmaenLtvu6c2gVxwL4gvA4elWPF5w= | ID=101
21:21:03.531 [Expansion Quests] Added new objective data for type=TREASUREHUNT | Key=z63osPRVUnS8pzWmaenLtvu6c2gVxwL4gvA4elWPF5w= | ID=101
21:21:03.531 [Expansion Quests] Added new objective data for type=COLLECT | Key=z63osPRVUnS8pzWmaenLtvu6c2gVxwL4gvA4elWPF5w= | ID=101
21:21:03.531 [Expansion Quests] Updated and saved persistent player quest data for player with UID=z63osPRVUnS8pzWmaenLtvu6c2gVxwL4gvA4elWPF5w= | Quest ID=6101
21:21:18.796 [Expansion Quests] Added new objective data for type=TRAVEL | Key=z63osPRVUnS8pzWmaenLtvu6c2gVxwL4gvA4elWPF5w= | ID=101
21:21:18.804 [Expansion Quests] Added new objective data for type=TREASUREHUNT | Key=z63osPRVUnS8pzWmaenLtvu6c2gVxwL4gvA4elWPF5w= | ID=101
21:21:18.804 [Expansion Quests] Added new objective data for type=COLLECT | Key=z63osPRVUnS8pzWmaenLtvu6c2gVxwL4gvA4elWPF5w= | ID=101
21:21:18.804 [Expansion Quests] Updated and saved persistent player quest data for player with UID=z63osPRVUnS8pzWmaenLtvu6c2gVxwL4gvA4elWPF5w= | Quest ID=6101
21:21:18.804 [Expansion Quests] Added new objective data for type=TRAVEL | Key=z63osPRVUnS8pzWmaenLtvu6c2gVxwL4gvA4elWPF5w= | ID=101
21:21:18.804 [Expansion Quests] Added new objective data for type=TREASUREHUNT | Key=z63osPRVUnS8pzWmaenLtvu6c2gVxwL4gvA4elWPF5w= | ID=101
21:21:18.804 [Expansion Quests] Added new objective data for type=COLLECT | Key=z63osPRVUnS8pzWmaenLtvu6c2gVxwL4gvA4elWPF5w= | ID=101
21:21:18.812 [Expansion Quests] Updated and saved persistent player quest data for player with UID=z63osPRVUnS8pzWmaenLtvu6c2gVxwL4gvA4elWPF5w= | Quest ID=6101
21:21:19.296 [Expansion Quests] Added new objective data for type=TRAVEL | Key=z63osPRVUnS8pzWmaenLtvu6c2gVxwL4gvA4elWPF5w= | ID=101
21:21:19.296 [Expansion Quests] Added new objective data for type=TREASUREHUNT | Key=z63osPRVUnS8pzWmaenLtvu6c2gVxwL4gvA4elWPF5w= | ID=101
21:21:19.296 [Expansion Quests] Added new objective data for type=COLLECT | Key=z63osPRVUnS8pzWmaenLtvu6c2gVxwL4gvA4elWPF5w= | ID=101
21:21:19.304 [Expansion Quests] Updated and saved persistent player quest data for player with UID=z63osPRVUnS8pzWmaenLtvu6c2gVxwL4gvA4elWPF5w= | Quest ID=6101
21:21:34.593 [Expansion Quests] Added new objective data for type=TRAVEL | Key=z63osPRVUnS8pzWmaenLtvu6c2gVxwL4gvA4elWPF5w= | ID=101
21:21:34.593 [Expansion Quests] Added new objective data for type=TREASUREHUNT | Key=z63osPRVUnS8pzWmaenLtvu6c2gVxwL4gvA4elWPF5w= | ID=101
21:21:34.593 [Expansion Quests] Added new objective data for type=COLLECT | Key=z63osPRVUnS8pzWmaenLtvu6c2gVxwL4gvA4elWPF5w= | ID=101
21:21:34.593 [Expansion Quests] Updated and saved persistent player quest data for player with UID=z63osPRVUnS8pzWmaenLtvu6c2gVxwL4gvA4elWPF5w= | Quest ID=6101
21:21:39.125 [Expansion Quests] Added new objective data for type=TRAVEL | Key=z63osPRVUnS8pzWmaenLtvu6c2gVxwL4gvA4elWPF5w= | ID=101
21:21:39.125 [Expansion Quests] Added new objective data for type=TREASUREHUNT | Key=z63osPRVUnS8pzWmaenLtvu6c2gVxwL4gvA4elWPF5w= | ID=101
21:21:39.125 [Expansion Quests] Added new objective data for type=COLLECT | Key=z63osPRVUnS8pzWmaenLtvu6c2gVxwL4gvA4elWPF5w= | ID=101
21:21:39.125 [Expansion Quests] Updated and saved persistent player quest data for player with UID=z63osPRVUnS8pzWmaenLtvu6c2gVxwL4gvA4elWPF5w= | Quest ID=6101
21:21:43.820 [Expansion Quests] Added new objective data for type=TRAVEL | Key=z63osPRVUnS8pzWmaenLtvu6c2gVxwL4gvA4elWPF5w= | ID=101
21:21:43.820 [Expansion Quests] Added new objective data for type=TREASUREHUNT | Key=z63osPRVUnS8pzWmaenLtvu6c2gVxwL4gvA4elWPF5w= | ID=101
21:21:43.820 [Expansion Quests] Added new objective data for type=COLLECT | Key=z63osPRVUnS8pzWmaenLtvu6c2gVxwL4gvA4elWPF5w= | ID=101
21:21:43.828 [Expansion Quests] Updated and saved persistent player quest data for player with UID=z63osPRVUnS8pzWmaenLtvu6c2gVxwL4gvA4elWPF5w= | Quest ID=6101
21:21:56.562 [Expansion Quests] Added new objective data for type=TRAVEL | Key=z63osPRVUnS8pzWmaenLtvu6c2gVxwL4gvA4elWPF5w= | ID=101
21:21:56.562 [Expansion Quests] Added new objective data for type=TREASUREHUNT | Key=z63osPRVUnS8pzWmaenLtvu6c2gVxwL4gvA4elWPF5w= | ID=101
21:21:56.562 [Expansion Quests] Added new objective data for type=COLLECT | Key=z63osPRVUnS8pzWmaenLtvu6c2gVxwL4gvA4elWPF5w= | ID=101
21:21:56.562 [Expansion Quests] Updated and saved persistent player quest data for player with UID=z63osPRVUnS8pzWmaenLtvu6c2gVxwL4gvA4elWPF5w= | Quest ID=6101
21:22:03.593 [Expansion Quests] Added new objective data for type=TRAVEL | Key=z63osPRVUnS8pzWmaenLtvu6c2gVxwL4gvA4elWPF5w= | ID=101
21:22:03.593 [Expansion Quests] Added new objective data for type=TREASUREHUNT | Key=z63osPRVUnS8pzWmaenLtvu6c2gVxwL4gvA4elWPF5w= | ID=101
21:22:03.593 [Expansion Quests] Added new objective data for type=COLLECT | Key=z63osPRVUnS8pzWmaenLtvu6c2gVxwL4gvA4elWPF5w= | ID=101
21:22:03.593 [Expansion Quests] Updated and saved persistent player quest data for player with UID=z63osPRVUnS8pzWmaenLtvu6c2gVxwL4gvA4elWPF5w= | Quest ID=6101
21:22:08.992 [Expansion Quests] Added new objective data for type=TRAVEL | Key=z63osPRVUnS8pzWmaenLtvu6c2gVxwL4gvA4elWPF5w= | ID=101
21:22:08.992 [Expansion Quests] Added new objective data for type=TREASUREHUNT | Key=z63osPRVUnS8pzWmaenLtvu6c2gVxwL4gvA4elWPF5w= | ID=101
21:22:08.992 [Expansion Quests] Added new objective data for type=COLLECT | Key=z63osPRVUnS8pzWmaenLtvu6c2gVxwL4gvA4elWPF5w= | ID=101
21:22:08.992 [Expansion Quests] Updated and saved persistent player quest data for player with UID=z63osPRVUnS8pzWmaenLtvu6c2gVxwL4gvA4elWPF5w= | Quest ID=6101
21:22:20.664 [Expansion Quests] Added new objective data for type=TRAVEL | Key=z63osPRVUnS8pzWmaenLtvu6c2gVxwL4gvA4elWPF5w= | ID=101
21:22:20.664 [Expansion Quests] Added new objective data for type=TREASUREHUNT | Key=z63osPRVUnS8pzWmaenLtvu6c2gVxwL4gvA4elWPF5w= | ID=101
21:22:20.664 [Expansion Quests] Added new objective data for type=COLLECT | Key=z63osPRVUnS8pzWmaenLtvu6c2gVxwL4gvA4elWPF5w= | ID=101
21:22:20.664 [Expansion Quests] Updated and saved persistent player quest data for player with UID=z63osPRVUnS8pzWmaenLtvu6c2gVxwL4gvA4elWPF5w= | Quest ID=6101
21:23:55.125 [Expansion Quests] Added new objective data for type=TRAVEL | Key=z63osPRVUnS8pzWmaenLtvu6c2gVxwL4gvA4elWPF5w= | ID=101
21:23:55.125 [Expansion Quests] Added new objective data for type=TREASUREHUNT | Key=z63osPRVUnS8pzWmaenLtvu6c2gVxwL4gvA4elWPF5w= | ID=101
21:23:55.125 [Expansion Quests] Added new objective data for type=COLLECT | Key=z63osPRVUnS8pzWmaenLtvu6c2gVxwL4gvA4elWPF5w= | ID=101
21:23:55.125 [Expansion Quests] Updated and saved persistent player quest data for player with UID=z63osPRVUnS8pzWmaenLtvu6c2gVxwL4gvA4elWPF5w= | Quest ID=6101
21:24:50.984 [Expansion Quests] Added new objective data for type=TRAVEL | Key=z63osPRVUnS8pzWmaenLtvu6c2gVxwL4gvA4elWPF5w= | ID=101
21:24:50.984 [Expansion Quests] Added new objective data for type=TREASUREHUNT | Key=z63osPRVUnS8pzWmaenLtvu6c2gVxwL4gvA4elWPF5w= | ID=101
21:24:50.984 [Expansion Quests] Added new objective data for type=COLLECT | Key=z63osPRVUnS8pzWmaenLtvu6c2gVxwL4gvA4elWPF5w= | ID=101
21:24:50.992 [Expansion Quests] Updated and saved persistent player quest data for player with UID=z63osPRVUnS8pzWmaenLtvu6c2gVxwL4gvA4elWPF5w= | Quest ID=6101
21:26:05.132 [Expansion Quests] Added new objective data for type=TRAVEL | Key=z63osPRVUnS8pzWmaenLtvu6c2gVxwL4gvA4elWPF5w= | ID=101
21:26:05.132 [Expansion Quests] Added new objective data for type=TREASUREHUNT | Key=z63osPRVUnS8pzWmaenLtvu6c2gVxwL4gvA4elWPF5w= | ID=101
21:26:05.132 [Expansion Quests] Added new objective data for type=COLLECT | Key=z63osPRVUnS8pzWmaenLtvu6c2gVxwL4gvA4elWPF5w= | ID=101
21:26:05.140 [Expansion Quests] Updated and saved persistent player quest data for player with UID=z63osPRVUnS8pzWmaenLtvu6c2gVxwL4gvA4elWPF5w= | Quest ID=6101
21:26:15.820 [Expansion Quests] Added new objective data for type=TRAVEL | Key=z63osPRVUnS8pzWmaenLtvu6c2gVxwL4gvA4elWPF5w= | ID=101
21:26:15.828 [Expansion Quests] Added new objective data for type=TREASUREHUNT | Key=z63osPRVUnS8pzWmaenLtvu6c2gVxwL4gvA4elWPF5w= | ID=101
21:26:15.828 [Expansion Quests] Added new objective data for type=COLLECT | Key=z63osPRVUnS8pzWmaenLtvu6c2gVxwL4gvA4elWPF5w= | ID=101
21:26:15.828 [Expansion Quests] Updated and saved persistent player quest data for player with UID=z63osPRVUnS8pzWmaenLtvu6c2gVxwL4gvA4elWPF5w= | Quest ID=6101
21:26:56.218 [Expansion Quests] Added new objective data for type=TARGET | Key=1OEPy6aKlMe0cmo8LieQDvVcsiu6iWAr2PUZdSF5eMI= | ID=101
21:26:56.218 [Expansion Quests] Updated and saved persistent player quest data for player with UID=1OEPy6aKlMe0cmo8LieQDvVcsiu6iWAr2PUZdSF5eMI= | Quest ID=6201
21:27:00.421 [Expansion Quests] Added new objective data for type=TRAVEL | Key=z63osPRVUnS8pzWmaenLtvu6c2gVxwL4gvA4elWPF5w= | ID=101
21:27:00.421 [Expansion Quests] Added new objective data for type=TREASUREHUNT | Key=z63osPRVUnS8pzWmaenLtvu6c2gVxwL4gvA4elWPF5w= | ID=101
21:27:00.421 [Expansion Quests] Added new objective data for type=COLLECT | Key=z63osPRVUnS8pzWmaenLtvu6c2gVxwL4gvA4elWPF5w= | ID=101
21:27:00.421 [Expansion Quests] Updated and saved persistent player quest data for player with UID=z63osPRVUnS8pzWmaenLtvu6c2gVxwL4gvA4elWPF5w= | Quest ID=6101
21:28:07.156 [Expansion Quests] Added new objective data for type=TRAVEL | Key=z63osPRVUnS8pzWmaenLtvu6c2gVxwL4gvA4elWPF5w= | ID=101
21:28:07.156 [Expansion Quests] Added new objective data for type=TREASUREHUNT | Key=z63osPRVUnS8pzWmaenLtvu6c2gVxwL4gvA4elWPF5w= | ID=101
21:28:07.156 [Expansion Quests] Added new objective data for type=COLLECT | Key=z63osPRVUnS8pzWmaenLtvu6c2gVxwL4gvA4elWPF5w= | ID=101
21:28:07.156 [Expansion Quests] Updated and saved persistent player quest data for player with UID=z63osPRVUnS8pzWmaenLtvu6c2gVxwL4gvA4elWPF5w= | Quest ID=6101
21:29:54.578 [Expansion Quests] Added new objective data for type=TARGET | Key=1OEPy6aKlMe0cmo8LieQDvVcsiu6iWAr2PUZdSF5eMI= | ID=101
21:29:54.578 [Expansion Quests] Updated and saved persistent player quest data for player with UID=1OEPy6aKlMe0cmo8LieQDvVcsiu6iWAr2PUZdSF5eMI= | Quest ID=6201
21:30:16.656 [Expansion Quests] Added new objective data for type=TARGET | Key=1OEPy6aKlMe0cmo8LieQDvVcsiu6iWAr2PUZdSF5eMI= | ID=101
21:30:16.656 [Expansion Quests] Updated and saved persistent player quest data for player with UID=1OEPy6aKlMe0cmo8LieQDvVcsiu6iWAr2PUZdSF5eMI= | Quest ID=6201
21:30:29.093 [Expansion Quests] Added new objective data for type=TARGET | Key=1OEPy6aKlMe0cmo8LieQDvVcsiu6iWAr2PUZdSF5eMI= | ID=101
21:30:29.101 [Expansion Quests] Updated and saved persistent player quest data for player with UID=1OEPy6aKlMe0cmo8LieQDvVcsiu6iWAr2PUZdSF5eMI= | Quest ID=6201
21:30:38.890 [Expansion Quests] Added new objective data for type=TARGET | Key=1OEPy6aKlMe0cmo8LieQDvVcsiu6iWAr2PUZdSF5eMI= | ID=101
21:30:38.890 [Expansion Quests] Updated and saved persistent player quest data for player with UID=1OEPy6aKlMe0cmo8LieQDvVcsiu6iWAr2PUZdSF5eMI= | Quest ID=6201
21:31:23.859 [Expansion Quests] Added new objective data for type=TRAVEL | Key=1OEPy6aKlMe0cmo8LieQDvVcsiu6iWAr2PUZdSF5eMI= | ID=101
21:31:23.859 [Expansion Quests] Added new objective data for type=TREASUREHUNT | Key=1OEPy6aKlMe0cmo8LieQDvVcsiu6iWAr2PUZdSF5eMI= | ID=101
21:31:23.859 [Expansion Quests] Added new objective data for type=COLLECT | Key=1OEPy6aKlMe0cmo8LieQDvVcsiu6iWAr2PUZdSF5eMI= | ID=101
21:31:23.867 [Expansion Quests] Updated and saved persistent player quest data for player with UID=1OEPy6aKlMe0cmo8LieQDvVcsiu6iWAr2PUZdSF5eMI= | Quest ID=6101
21:31:31.687 [Expansion Quests] Added new objective data for type=TRAVEL | Key=1OEPy6aKlMe0cmo8LieQDvVcsiu6iWAr2PUZdSF5eMI= | ID=101
21:31:31.687 [Expansion Quests] Added new objective data for type=TREASUREHUNT | Key=1OEPy6aKlMe0cmo8LieQDvVcsiu6iWAr2PUZdSF5eMI= | ID=101
21:31:31.687 [Expansion Quests] Added new objective data for type=COLLECT | Key=1OEPy6aKlMe0cmo8LieQDvVcsiu6iWAr2PUZdSF5eMI= | ID=101
21:31:31.687 [Expansion Quests] Updated and saved persistent player quest data for player with UID=1OEPy6aKlMe0cmo8LieQDvVcsiu6iWAr2PUZdSF5eMI= | Quest ID=6101
21:31:34.515 [Expansion Quests] Added new objective data for type=TRAVEL | Key=1OEPy6aKlMe0cmo8LieQDvVcsiu6iWAr2PUZdSF5eMI= | ID=101
21:31:34.515 [Expansion Quests] Added new objective data for type=TREASUREHUNT | Key=1OEPy6aKlMe0cmo8LieQDvVcsiu6iWAr2PUZdSF5eMI= | ID=101
21:31:34.515 [Expansion Quests] Added new objective data for type=COLLECT | Key=1OEPy6aKlMe0cmo8LieQDvVcsiu6iWAr2PUZdSF5eMI= | ID=101
21:31:34.523 [Expansion Quests] Updated and saved persistent player quest data for player with UID=1OEPy6aKlMe0cmo8LieQDvVcsiu6iWAr2PUZdSF5eMI= | Quest ID=6101
21:31:37.953 [Expansion Quests] Added new objective data for type=TRAVEL | Key=1OEPy6aKlMe0cmo8LieQDvVcsiu6iWAr2PUZdSF5eMI= | ID=101
21:31:37.953 [Expansion Quests] Added new objective data for type=TREASUREHUNT | Key=1OEPy6aKlMe0cmo8LieQDvVcsiu6iWAr2PUZdSF5eMI= | ID=101
21:31:37.953 [Expansion Quests] Added new objective data for type=COLLECT | Key=1OEPy6aKlMe0cmo8LieQDvVcsiu6iWAr2PUZdSF5eMI= | ID=101
21:31:37.953 [Expansion Quests] Updated and saved persistent player quest data for player with UID=1OEPy6aKlMe0cmo8LieQDvVcsiu6iWAr2PUZdSF5eMI= | Quest ID=6101
21:31:37.960 [Expansion Quests] Added new objective data for type=TRAVEL | Key=1OEPy6aKlMe0cmo8LieQDvVcsiu6iWAr2PUZdSF5eMI= | ID=101
21:31:37.960 [Expansion Quests] Added new objective data for type=TREASUREHUNT | Key=1OEPy6aKlMe0cmo8LieQDvVcsiu6iWAr2PUZdSF5eMI= | ID=101
21:31:37.960 [Expansion Quests] Added new objective data for type=COLLECT | Key=1OEPy6aKlMe0cmo8LieQDvVcsiu6iWAr2PUZdSF5eMI= | ID=101
21:31:37.968 [Expansion Quests] Updated and saved persistent player quest data for player with UID=1OEPy6aKlMe0cmo8LieQDvVcsiu6iWAr2PUZdSF5eMI= | Quest ID=6101
21:31:38.453 [Expansion Quests] Added new objective data for type=TRAVEL | Key=1OEPy6aKlMe0cmo8LieQDvVcsiu6iWAr2PUZdSF5eMI= | ID=101
21:31:38.453 [Expansion Quests] Added new objective data for type=TREASUREHUNT | Key=1OEPy6aKlMe0cmo8LieQDvVcsiu6iWAr2PUZdSF5eMI= | ID=101
21:31:38.453 [Expansion Quests] Added new objective data for type=COLLECT | Key=1OEPy6aKlMe0cmo8LieQDvVcsiu6iWAr2PUZdSF5eMI= | ID=101
21:31:38.453 [Expansion Quests] Updated and saved persistent player quest data for player with UID=1OEPy6aKlMe0cmo8LieQDvVcsiu6iWAr2PUZdSF5eMI= | Quest ID=6101
21:31:41.351 [Expansion Quests] Added new objective data for type=TRAVEL | Key=1OEPy6aKlMe0cmo8LieQDvVcsiu6iWAr2PUZdSF5eMI= | ID=101
21:31:41.351 [Expansion Quests] Added new objective data for type=TREASUREHUNT | Key=1OEPy6aKlMe0cmo8LieQDvVcsiu6iWAr2PUZdSF5eMI= | ID=101
21:31:41.351 [Expansion Quests] Added new objective data for type=COLLECT | Key=1OEPy6aKlMe0cmo8LieQDvVcsiu6iWAr2PUZdSF5eMI= | ID=101
21:31:41.351 [Expansion Quests] Updated and saved persistent player quest data for player with UID=1OEPy6aKlMe0cmo8LieQDvVcsiu6iWAr2PUZdSF5eMI= | Quest ID=6101
21:31:52.820 [Expansion Quests] Added new objective data for type=TRAVEL | Key=1OEPy6aKlMe0cmo8LieQDvVcsiu6iWAr2PUZdSF5eMI= | ID=101
21:31:52.820 [Expansion Quests] Added new objective data for type=TREASUREHUNT | Key=1OEPy6aKlMe0cmo8LieQDvVcsiu6iWAr2PUZdSF5eMI= | ID=101
21:31:52.820 [Expansion Quests] Added new objective data for type=COLLECT | Key=1OEPy6aKlMe0cmo8LieQDvVcsiu6iWAr2PUZdSF5eMI= | ID=101
21:31:52.820 [Expansion Quests] Updated and saved persistent player quest data for player with UID=1OEPy6aKlMe0cmo8LieQDvVcsiu6iWAr2PUZdSF5eMI= | Quest ID=6101
21:31:58.585 [Expansion Quests] Added new objective data for type=TRAVEL | Key=1OEPy6aKlMe0cmo8LieQDvVcsiu6iWAr2PUZdSF5eMI= | ID=101
21:31:58.585 [Expansion Quests] Added new objective data for type=TREASUREHUNT | Key=1OEPy6aKlMe0cmo8LieQDvVcsiu6iWAr2PUZdSF5eMI= | ID=101
21:31:58.585 [Expansion Quests] Added new objective data for type=COLLECT | Key=1OEPy6aKlMe0cmo8LieQDvVcsiu6iWAr2PUZdSF5eMI= | ID=101
21:31:58.585 [Expansion Quests] Updated and saved persistent player quest data for player with UID=1OEPy6aKlMe0cmo8LieQDvVcsiu6iWAr2PUZdSF5eMI= | Quest ID=6101
21:32:07.398 [Expansion Quests] Added new objective data for type=TRAVEL | Key=1OEPy6aKlMe0cmo8LieQDvVcsiu6iWAr2PUZdSF5eMI= | ID=101
21:32:07.398 [Expansion Quests] Added new objective data for type=TREASUREHUNT | Key=1OEPy6aKlMe0cmo8LieQDvVcsiu6iWAr2PUZdSF5eMI= | ID=101
21:32:07.398 [Expansion Quests] Added new objective data for type=COLLECT | Key=1OEPy6aKlMe0cmo8LieQDvVcsiu6iWAr2PUZdSF5eMI= | ID=101
21:32:07.398 [Expansion Quests] Updated and saved persistent player quest data for player with UID=1OEPy6aKlMe0cmo8LieQDvVcsiu6iWAr2PUZdSF5eMI= | Quest ID=6101
21:32:08.515 [Expansion Quests] Added new objective data for type=TRAVEL | Key=1OEPy6aKlMe0cmo8LieQDvVcsiu6iWAr2PUZdSF5eMI= | ID=101
21:32:08.515 [Expansion Quests] Added new objective data for type=TREASUREHUNT | Key=1OEPy6aKlMe0cmo8LieQDvVcsiu6iWAr2PUZdSF5eMI= | ID=101
21:32:08.515 [Expansion Quests] Added new objective data for type=COLLECT | Key=1OEPy6aKlMe0cmo8LieQDvVcsiu6iWAr2PUZdSF5eMI= | ID=101
21:32:08.515 [Expansion Quests] Updated and saved persistent player quest data for player with UID=1OEPy6aKlMe0cmo8LieQDvVcsiu6iWAr2PUZdSF5eMI= | Quest ID=6101
21:37:23.125 [AI Object Patrol 00032] Despawning 1 West bots (spawn position <11049.250000, 227.437393, 12495.326172>, 0/1 deceased)
21:37:23.125 [AI Object Patrol 00032] Global patrol count: 0
21:39:57.515 [Expansion Quests] Added new objective data for type=TARGET | Key=1OEPy6aKlMe0cmo8LieQDvVcsiu6iWAr2PUZdSF5eMI= | ID=101
21:39:57.515 [Expansion Quests] Updated and saved persistent player quest data for player with UID=1OEPy6aKlMe0cmo8LieQDvVcsiu6iWAr2PUZdSF5eMI= | Quest ID=6201
21:41:54.632 [Expansion Quests] Added new objective data for type=TARGET | Key=z63osPRVUnS8pzWmaenLtvu6c2gVxwL4gvA4elWPF5w= | ID=101
21:41:54.632 [Expansion Quests] Updated and saved persistent player quest data for player with UID=z63osPRVUnS8pzWmaenLtvu6c2gVxwL4gvA4elWPF5w= | Quest ID=6201
21:42:33.937 [Expansion Quests] Added new objective data for type=TARGET | Key=z63osPRVUnS8pzWmaenLtvu6c2gVxwL4gvA4elWPF5w= | ID=101
21:42:33.937 [Expansion Quests] Updated and saved persistent player quest data for player with UID=z63osPRVUnS8pzWmaenLtvu6c2gVxwL4gvA4elWPF5w= | Quest ID=6201
21:43:53.796 [MissionAirdrop] An airdrop is heading towards "Stary Sobor" (pos=<5823.000000, 0.000000, 7764.000000> type=Random_Stary Sobor) with a ExpansionAirdropContainer_Military
21:44:40.718 [Expansion Quests] Added new objective data for type=TARGET | Key=1OEPy6aKlMe0cmo8LieQDvVcsiu6iWAr2PUZdSF5eMI= | ID=101
21:44:40.718 [Expansion Quests] Updated and saved persistent player quest data for player with UID=1OEPy6aKlMe0cmo8LieQDvVcsiu6iWAr2PUZdSF5eMI= | Quest ID=6201
21:44:53.578 [Expansion Quests] Added new objective data for type=TARGET | Key=1OEPy6aKlMe0cmo8LieQDvVcsiu6iWAr2PUZdSF5eMI= | ID=101
21:44:53.585 [Expansion Quests] Updated and saved persistent player quest data for player with UID=1OEPy6aKlMe0cmo8LieQDvVcsiu6iWAr2PUZdSF5eMI= | Quest ID=6201
21:45:13.718 [Expansion Quests] Added new objective data for type=TARGET | Key=1OEPy6aKlMe0cmo8LieQDvVcsiu6iWAr2PUZdSF5eMI= | ID=101
21:45:13.718 [Expansion Quests] Updated and saved persistent player quest data for player with UID=1OEPy6aKlMe0cmo8LieQDvVcsiu6iWAr2PUZdSF5eMI= | Quest ID=6201
21:55:22.117 [Expansion Quests] Added new objective data for type=TARGET | Key=1OEPy6aKlMe0cmo8LieQDvVcsiu6iWAr2PUZdSF5eMI= | ID=101
21:55:22.125 [Expansion Quests] Updated and saved persistent player quest data for player with UID=1OEPy6aKlMe0cmo8LieQDvVcsiu6iWAr2PUZdSF5eMI= | Quest ID=6201
21:58:39.210 [Expansion Quests] Added new objective data for type=TARGET | Key=z63osPRVUnS8pzWmaenLtvu6c2gVxwL4gvA4elWPF5w= | ID=101
21:58:39.210 [Expansion Quests] Updated and saved persistent player quest data for player with UID=z63osPRVUnS8pzWmaenLtvu6c2gVxwL4gvA4elWPF5w= | Quest ID=6201
22:09:32.500 [Expansion Quests] Added new objective data for type=TREASUREHUNT | Key=1OEPy6aKlMe0cmo8LieQDvVcsiu6iWAr2PUZdSF5eMI= | ID=301
22:09:32.500 [Expansion Quests] Updated and saved persistent player quest data for player with UID=1OEPy6aKlMe0cmo8LieQDvVcsiu6iWAr2PUZdSF5eMI= | Quest ID=6401
22:09:49.562 [Expansion Quests] Added new objective data for type=TREASUREHUNT | Key=z63osPRVUnS8pzWmaenLtvu6c2gVxwL4gvA4elWPF5w= | ID=301
22:09:49.562 [Expansion Quests] Updated and saved persistent player quest data for player with UID=z63osPRVUnS8pzWmaenLtvu6c2gVxwL4gvA4elWPF5w= | Quest ID=6401
22:10:02.187 [Expansion Quests] Added new objective data for type=TREASUREHUNT | Key=1OEPy6aKlMe0cmo8LieQDvVcsiu6iWAr2PUZdSF5eMI= | ID=301
22:10:02.187 [Expansion Quests] Updated and saved persistent player quest data for player with UID=1OEPy6aKlMe0cmo8LieQDvVcsiu6iWAr2PUZdSF5eMI= | Quest ID=6401
22:10:05.031 [Expansion Quests] Added new objective data for type=TREASUREHUNT | Key=1OEPy6aKlMe0cmo8LieQDvVcsiu6iWAr2PUZdSF5eMI= | ID=301
22:10:05.031 [Expansion Quests] Updated and saved persistent player quest data for player with UID=1OEPy6aKlMe0cmo8LieQDvVcsiu6iWAr2PUZdSF5eMI= | Quest ID=6401
22:10:05.031 [Expansion Quests] Player with UID=1OEPy6aKlMe0cmo8LieQDvVcsiu6iWAr2PUZdSF5eMI= has completed quest with ID=6401
22:10:34.093 [Expansion Quests] Added new objective data for type=TREASUREHUNT | Key=z63osPRVUnS8pzWmaenLtvu6c2gVxwL4gvA4elWPF5w= | ID=301
22:10:34.093 [Expansion Quests] Updated and saved persistent player quest data for player with UID=z63osPRVUnS8pzWmaenLtvu6c2gVxwL4gvA4elWPF5w= | Quest ID=6401
22:13:25.257 [Expansion Quests] Added new objective data for type=TREASUREHUNT | Key=z63osPRVUnS8pzWmaenLtvu6c2gVxwL4gvA4elWPF5w= | ID=301
22:13:25.257 [Expansion Quests] Updated and saved persistent player quest data for player with UID=z63osPRVUnS8pzWmaenLtvu6c2gVxwL4gvA4elWPF5w= | Quest ID=6401
22:15:59.812 [Expansion Quests] Added new objective data for type=TARGET | Key=1OEPy6aKlMe0cmo8LieQDvVcsiu6iWAr2PUZdSF5eMI= | ID=101
22:15:59.812 [Expansion Quests] Updated and saved persistent player quest data for player with UID=1OEPy6aKlMe0cmo8LieQDvVcsiu6iWAr2PUZdSF5eMI= | Quest ID=6201
22:17:25.695 [Expansion Quests] Added new objective data for type=TREASUREHUNT | Key=z63osPRVUnS8pzWmaenLtvu6c2gVxwL4gvA4elWPF5w= | ID=301
22:17:25.695 [Expansion Quests] Updated and saved persistent player quest data for player with UID=z63osPRVUnS8pzWmaenLtvu6c2gVxwL4gvA4elWPF5w= | Quest ID=6401
22:23:06.695 [Safezone] Player "Survivor" (id=z63osPRVUnS8pzWmaenLtvu6c2gVxwL4gvA4elWPF5w= pos=<12002.260742, 138.239471, 12874.111328>) Entered the safezone
22:23:28.335 [Safezone] Player "Survivor (2)" (id=1OEPy6aKlMe0cmo8LieQDvVcsiu6iWAr2PUZdSF5eMI= pos=<11980.330078, 139.201630, 12860.988281>) Entered the safezone
22:25:18.445 [Expansion Quests] Added new objective data for type=TREASUREHUNT | Key=z63osPRVUnS8pzWmaenLtvu6c2gVxwL4gvA4elWPF5w= | ID=301
22:25:18.453 [Expansion Quests] Updated and saved persistent player quest data for player with UID=z63osPRVUnS8pzWmaenLtvu6c2gVxwL4gvA4elWPF5w= | Quest ID=6401
22:25:18.453 [Expansion Quests] Player with UID=z63osPRVUnS8pzWmaenLtvu6c2gVxwL4gvA4elWPF5w= has completed quest with ID=6401
22:25:22.046 [Expansion Quests] Added new objective data for type=TRAVEL | Key=z63osPRVUnS8pzWmaenLtvu6c2gVxwL4gvA4elWPF5w= | ID=101
22:25:22.054 [Expansion Quests] Added new objective data for type=TREASUREHUNT | Key=z63osPRVUnS8pzWmaenLtvu6c2gVxwL4gvA4elWPF5w= | ID=101
22:25:22.054 [Expansion Quests] Added new objective data for type=COLLECT | Key=z63osPRVUnS8pzWmaenLtvu6c2gVxwL4gvA4elWPF5w= | ID=101
22:25:22.054 [Expansion Quests] Updated and saved persistent player quest data for player with UID=z63osPRVUnS8pzWmaenLtvu6c2gVxwL4gvA4elWPF5w= | Quest ID=6101
22:25:22.062 [Expansion Quests] Added new objective data for type=TRAVEL | Key=z63osPRVUnS8pzWmaenLtvu6c2gVxwL4gvA4elWPF5w= | ID=101
22:25:22.062 [Expansion Quests] Added new objective data for type=TREASUREHUNT | Key=z63osPRVUnS8pzWmaenLtvu6c2gVxwL4gvA4elWPF5w= | ID=101
22:25:22.062 [Expansion Quests] Added new objective data for type=COLLECT | Key=z63osPRVUnS8pzWmaenLtvu6c2gVxwL4gvA4elWPF5w= | ID=101
22:25:22.070 [Expansion Quests] Updated and saved persistent player quest data for player with UID=z63osPRVUnS8pzWmaenLtvu6c2gVxwL4gvA4elWPF5w= | Quest ID=6101
22:25:22.070 [Expansion Quests] Player with UID=z63osPRVUnS8pzWmaenLtvu6c2gVxwL4gvA4elWPF5w= has completed quest with ID=6101
22:25:26.492 [Expansion Quests] Added new objective data for type=TRAVEL | Key=1OEPy6aKlMe0cmo8LieQDvVcsiu6iWAr2PUZdSF5eMI= | ID=101
22:25:26.492 [Expansion Quests] Added new objective data for type=TREASUREHUNT | Key=1OEPy6aKlMe0cmo8LieQDvVcsiu6iWAr2PUZdSF5eMI= | ID=101
22:25:26.492 [Expansion Quests] Added new objective data for type=COLLECT | Key=1OEPy6aKlMe0cmo8LieQDvVcsiu6iWAr2PUZdSF5eMI= | ID=101
22:25:26.500 [Expansion Quests] Updated and saved persistent player quest data for player with UID=1OEPy6aKlMe0cmo8LieQDvVcsiu6iWAr2PUZdSF5eMI= | Quest ID=6101
22:25:26.507 [Expansion Quests] Added new objective data for type=TRAVEL | Key=1OEPy6aKlMe0cmo8LieQDvVcsiu6iWAr2PUZdSF5eMI= | ID=101
22:25:26.507 [Expansion Quests] Added new objective data for type=TREASUREHUNT | Key=1OEPy6aKlMe0cmo8LieQDvVcsiu6iWAr2PUZdSF5eMI= | ID=101
22:25:26.507 [Expansion Quests] Added new objective data for type=COLLECT | Key=1OEPy6aKlMe0cmo8LieQDvVcsiu6iWAr2PUZdSF5eMI= | ID=101
22:25:26.507 [Expansion Quests] Updated and saved persistent player quest data for player with UID=1OEPy6aKlMe0cmo8LieQDvVcsiu6iWAr2PUZdSF5eMI= | Quest ID=6101
22:25:26.515 [Expansion Quests] Player with UID=1OEPy6aKlMe0cmo8LieQDvVcsiu6iWAr2PUZdSF5eMI= has completed quest with ID=6101
22:26:47.359 [Market] Player "Survivor (2)" (id=1OEPy6aKlMe0cmo8LieQDvVcsiu6iWAr2PUZdSF5eMI=) has bought marmalade x1 (bde502c0) from the trader "Consumables (Linda [#STR_EXPANSION_MARKET_TRADER_CONSUMABLES])" in market zone "Krasnostav Trading Zone" (pos=<11924.700195, 140.699997, 12527.000000>) for a price of 326.
22:28:33.835 [Market] Player "Survivor (2)" (id=1OEPy6aKlMe0cmo8LieQDvVcsiu6iWAr2PUZdSF5eMI=) has sold nbcpantsyellow x1 (348deeb0) at the trader "Clothing (Cyril [#STR_EXPANSION_MARKET_TRADER_CLOTHING])" in market zone "Krasnostav Trading Zone" (pos=<11924.700195, 140.699997, 12527.000000>) and got 1968.
22:29:36.218 [Market] Player "Survivor (2)" (id=1OEPy6aKlMe0cmo8LieQDvVcsiu6iWAr2PUZdSF5eMI=) has bought sewingkit x1 (bde17ce0) from the trader "Components (Kaito [#STR_EXPANSION_MARKET_TRADER_COMPONENTS])" in market zone "Krasnostav Trading Zone" (pos=<11924.700195, 140.699997, 12527.000000>) for a price of 800.
22:30:24.664 [Market] Player "Survivor (2)" (id=1OEPy6aKlMe0cmo8LieQDvVcsiu6iWAr2PUZdSF5eMI=) has bought cargopants_black x1 (bde1f080) from the trader "Clothing (Cyril [#STR_EXPANSION_MARKET_TRADER_CLOTHING])" in market zone "Krasnostav Trading Zone" (pos=<11924.700195, 140.699997, 12527.000000>) for a price of 35.
22:31:03.148 [Market] Player "Survivor (2)" (id=1OEPy6aKlMe0cmo8LieQDvVcsiu6iWAr2PUZdSF5eMI=) has bought workinggloves_black x1 (d5d354f0) from the trader "Clothing_Accessories (Guo [#STR_EXPANSION_MARKET_TRADER_CLOTHING_ACCESSORIES])" in market zone "Krasnostav Trading Zone" (pos=<11924.700195, 140.699997, 12527.000000>) for a price of 60.
22:33:17.250 [Market] Player "Survivor (2)" (id=1OEPy6aKlMe0cmo8LieQDvVcsiu6iWAr2PUZdSF5eMI=) has sold epinephrine x1 (ba29adf0) at the trader "Medicals (Keiko [#STR_EXPANSION_MARKET_TRADER_MEDICALS])" in market zone "Krasnostav Trading Zone" (pos=<11924.700195, 140.699997, 12527.000000>) and got 1000.
22:34:24.812 [Market] Player "Survivor" (id=z63osPRVUnS8pzWmaenLtvu6c2gVxwL4gvA4elWPF5w=) has bought honey x1 (d5d3eb40) from the trader "Consumables (Linda [#STR_EXPANSION_MARKET_TRADER_CONSUMABLES])" in market zone "Krasnostav Trading Zone" (pos=<11924.700195, 140.699997, 12527.000000>) for a price of 446.
22:35:15.156 [Market] Player "Survivor (2)" (id=1OEPy6aKlMe0cmo8LieQDvVcsiu6iWAr2PUZdSF5eMI=) has bought rope x1 (d5d3a5e0) from the trader "BuildingSupplies (Linda [#STR_EXPANSION_MARKET_TRADER_BUILDING_SUPPLIES])" in market zone "Krasnostav Trading Zone" (pos=<11924.700195, 140.699997, 12527.000000>) for a price of 4.
