19:46:50.179 [Expansion Quests] Initialize quest system on the connected client with UID=1OEPy6aKlMe0cmo8LieQDvVcsiu6iWAr2PUZdSF5eMI=
19:46:50.250 [Expansion Quests] Loaded existing player quest data for player with UID=1OEPy6aKlMe0cmo8LieQDvVcsiu6iWAr2PUZdSF5eMI=
19:46:50.250 [Expansion Quests] Check quest initialization for quest with ID=8 | State=STARTED | Player UID=1OEPy6aKlMe0cmo8LieQDvVcsiu6iWAr2PUZdSF5eMI=
19:46:50.250 [Expansion Quests] Create new quest instance for quest with ID=8 | Player UID=1OEPy6aKlMe0cmo8LieQDvVcsiu6iWAr2PUZdSF5eMI=
19:46:50.250 [Expansion Quests] Check quest initialization for quest with ID=9 | State=STARTED | Player UID=1OEPy6aKlMe0cmo8LieQDvVcsiu6iWAr2PUZdSF5eMI=
19:46:50.250 [Expansion Quests] Create new quest instance for quest with ID=9 | Player UID=1OEPy6aKlMe0cmo8LieQDvVcsiu6iWAr2PUZdSF5eMI=
19:46:50.250 [Expansion Quests] Check quest initialization for quest with ID=11 | State=STARTED | Player UID=1OEPy6aKlMe0cmo8LieQDvVcsiu6iWAr2PUZdSF5eMI=
19:46:50.250 [Expansion Quests] Create new quest instance for quest with ID=11 | Player UID=1OEPy6aKlMe0cmo8LieQDvVcsiu6iWAr2PUZdSF5eMI=
19:46:50.250 [Expansion Quests] Check quest initialization for quest with ID=14 | State=COMPLETED | Player UID=1OEPy6aKlMe0cmo8LieQDvVcsiu6iWAr2PUZdSF5eMI=
19:46:50.250 [Expansion Quests] Quest with ID=1 is not a a valid achievement or auto start quest. Skip quest for player with UID=1OEPy6aKlMe0cmo8LieQDvVcsiu6iWAr2PUZdSF5eMI=
19:46:50.250 [Expansion Quests] Quest with ID=2 is not a a valid achievement or auto start quest. Skip quest for player with UID=1OEPy6aKlMe0cmo8LieQDvVcsiu6iWAr2PUZdSF5eMI=
19:46:50.250 [Expansion Quests] Quest with ID=3 is not a a valid achievement or auto start quest. Skip quest for player with UID=1OEPy6aKlMe0cmo8LieQDvVcsiu6iWAr2PUZdSF5eMI=
19:46:50.250 [Expansion Quests] Quest with ID=4 is not a a valid achievement or auto start quest. Skip quest for player with UID=1OEPy6aKlMe0cmo8LieQDvVcsiu6iWAr2PUZdSF5eMI=
19:46:50.250 [Expansion Quests] Quest with ID=5 is not a a valid achievement or auto start quest. Skip quest for player with UID=1OEPy6aKlMe0cmo8LieQDvVcsiu6iWAr2PUZdSF5eMI=
19:46:50.250 [Expansion Quests] Quest with ID=6 is not a a valid achievement or auto start quest. Skip quest for player with UID=1OEPy6aKlMe0cmo8LieQDvVcsiu6iWAr2PUZdSF5eMI=
19:46:50.250 [Expansion Quests] Quest with ID=7 is not a a valid achievement or auto start quest. Skip quest for player with UID=1OEPy6aKlMe0cmo8LieQDvVcsiu6iWAr2PUZdSF5eMI=
19:46:50.250 [Expansion Quests] Quest with ID=10 is not a a valid achievement or auto start quest. Skip quest for player with UID=1OEPy6aKlMe0cmo8LieQDvVcsiu6iWAr2PUZdSF5eMI=
19:46:50.250 [Expansion Quests] Quest with ID=12 is not a a valid achievement or auto start quest. Skip quest for player with UID=1OEPy6aKlMe0cmo8LieQDvVcsiu6iWAr2PUZdSF5eMI=
19:46:50.250 [Expansion Quests] Quest with ID=13 is not a a valid achievement or auto start quest. Skip quest for player with UID=1OEPy6aKlMe0cmo8LieQDvVcsiu6iWAr2PUZdSF5eMI=
19:46:50.250 [Expansion Quests] Quest with ID=15 is not a a valid achievement or auto start quest. Skip quest for player with UID=1OEPy6aKlMe0cmo8LieQDvVcsiu6iWAr2PUZdSF5eMI=
19:46:50.250 [Expansion Quests] Quest with ID=16 is not a a valid achievement or auto start quest. Skip quest for player with UID=1OEPy6aKlMe0cmo8LieQDvVcsiu6iWAr2PUZdSF5eMI=
19:46:50.250 [Expansion Quests] Quest with ID=17 is not a a valid achievement or auto start quest. Skip quest for player with UID=1OEPy6aKlMe0cmo8LieQDvVcsiu6iWAr2PUZdSF5eMI=
19:46:50.250 [Expansion Quests] Quest with ID=18 is not a a valid achievement or auto start quest. Skip quest for player with UID=1OEPy6aKlMe0cmo8LieQDvVcsiu6iWAr2PUZdSF5eMI=
19:46:50.250 [Expansion Quests] Quest with ID=19 is not a a valid achievement or auto start quest. Skip quest for player with UID=1OEPy6aKlMe0cmo8LieQDvVcsiu6iWAr2PUZdSF5eMI=
19:46:50.250 [Expansion Quests] Quest with ID=20 is not a a valid achievement or auto start quest. Skip quest for player with UID=1OEPy6aKlMe0cmo8LieQDvVcsiu6iWAr2PUZdSF5eMI=
19:46:50.250 [Expansion Quests] Quest with ID=21 is not a a valid achievement or auto start quest. Skip quest for player with UID=1OEPy6aKlMe0cmo8LieQDvVcsiu6iWAr2PUZdSF5eMI=
19:46:50.250 [Expansion Quests] Quest with ID=22 is not a a valid achievement or auto start quest. Skip quest for player with UID=1OEPy6aKlMe0cmo8LieQDvVcsiu6iWAr2PUZdSF5eMI=
19:46:50.250 [Expansion Quests] Quest with ID=23 is not a a valid achievement or auto start quest. Skip quest for player with UID=1OEPy6aKlMe0cmo8LieQDvVcsiu6iWAr2PUZdSF5eMI=
19:46:50.250 [Expansion Quests] Quest with ID=24 is not a a valid achievement or auto start quest. Skip quest for player with UID=1OEPy6aKlMe0cmo8LieQDvVcsiu6iWAr2PUZdSF5eMI=
19:46:50.250 [Expansion Quests] Sending 1OEPy6aKlMe0cmo8LieQDvVcsiu6iWAr2PUZdSF5eMI= quest configs to client for player with UID=1OEPy6aKlMe0cmo8LieQDvVcsiu6iWAr2PUZdSF5eMI=
19:46:50.257 [Expansion Quests] Sending player quest data for 4 quests to player with UID=1OEPy6aKlMe0cmo8LieQDvVcsiu6iWAr2PUZdSF5eMI=
19:47:08.078 [SpawnSelection] Player "Da da Ya" (id=1OEPy6aKlMe0cmo8LieQDvVcsiu6iWAr2PUZdSF5eMI=) spawned at <7419.497070, 1.768386, 2576.503906>
19:47:08.085 [AI Object Patrol] Spawning 2 PoliceStationScavs bots at <6633.093262, 13.969685, 2586.646240>
19:48:45.000 [VehicleEnter] Player Da da Ya [uid=1OEPy6aKlMe0cmo8LieQDvVcsiu6iWAr2PUZdSF5eMI=] entered vehicle Olga 24 (id=F2ABEE37E14568D1F76A93858ADC149E pos=<7446.362305, 5.240145, 2591.584473>) as driver
19:48:52.031 [VehicleEngine] Player Da da Ya [uid=1OEPy6aKlMe0cmo8LieQDvVcsiu6iWAr2PUZdSF5eMI=] started vehicle Olga 24 (id=F2ABEE37E14568D1F76A93858ADC149E pos=<7446.361816, 5.239916, 2591.590576>)
19:49:31.695 [AI Object Patrol] Spawning 1 PoliceStationScavs bots at <6202.298340, 32.781120, 2920.927002>
19:49:50.062 [VehicleLeave] Player Da da Ya [uid=1OEPy6aKlMe0cmo8LieQDvVcsiu6iWAr2PUZdSF5eMI=] left vehicle Olga 24 (id=F2ABEE37E14568D1F76A93858ADC149E pos=<6587.776855, 7.005225, 2310.797607>)
19:50:18.750 [Killfeed] AI Boris (Рейдеры) был убит Da da Ya с КАС-74У из 2 м расстояние.
19:50:50.312 [MissionAirdrop] An airdrop is heading towards "Elektrozavodsk" (pos=<9371.000000, 0.000000, 2229.000000> type=Random_Elektrozavodsk) with a ExpansionAirdropContainer
19:52:15.179 [Killfeed] AI Taiki (Рейдеры) был убит Da da Ya с КАС-74У из 2 м расстояние.
19:52:15.679 [Killfeed] AI Quinn (Рейдеры) был убит Da da Ya с КАС-74У из 5 м расстояние.
19:52:18.828 [Killfeed] AI Keiko (Рейдеры) был убит Da da Ya с КАС-74У из 3 м расстояние.
19:52:21.179 [Killfeed] AI Eva (Рейдеры) был убит Da da Ya с КАС-74У из 4 м расстояние.
19:52:22.476 [Killfeed] AI Jose (Рейдеры) был убит Da da Ya с КАС-74У из 3 м расстояние.
19:52:23.742 [Killfeed] AI Linda (Рейдеры) был убит Da da Ya с КАС-74У из 4 м расстояние.
19:52:24.343 [Killfeed] AI Guo (Рейдеры) был убит Da da Ya с КАС-74У из 5 м расстояние.
19:52:28.398 [Killfeed] AI Niki (Рейдеры) был убит Da da Ya с КАС-74У из 3 м расстояние.
19:53:14.343 [VehicleDeleted] CivilianSedan_Wine (id=F2ABEE37E14568D1F76A93858ADC149E pos=<6587.775391, 7.004460, 2310.795654>)
19:53:53.632 [Killfeed] AI Kaito (PoliceStationScavs) был убит Da da Ya с КАС-74У из 1 м расстояние.
19:54:02.031 [Killfeed] AI Lewis (PoliceStationScavs) был убит Da da Ya с КАС-74У из 2 м расстояние.
19:54:06.203 [AI Object Patrol] PoliceStationScavs bots were wiped out (spawn position <6633.093262, 13.969685, 2586.646240>, 2/2 deceased)
19:55:02.359 [Killfeed] AI Manua (PoliceStationScavs) был убит Da da Ya с КАС-74У из 2 м расстояние.
19:55:02.507 [AI Object Patrol] PoliceStationScavs bots were wiped out (spawn position <6202.298340, 32.781120, 2920.927002>, 1/1 deceased)
19:55:25.757 [Killfeed] AI Gabi (Пассивные) был убит Da da Ya с КАС-74У из 3 м расстояние.
19:55:31.812 [Killfeed] AI Judy (Шаманы) был убит Da da Ya с КАС-74У из 1 м расстояние.
19:55:43.796 [Killfeed] AI Baty (Рейдеры) был убит Da da Ya с КАС-74У из 3 м расстояние.
19:58:20.070 [Killfeed] AI Irena (Рейдеры) был убит Da da Ya с КАС-74У из 3 м расстояние.
19:59:58.039 [Expansion Quests] Deleted quest with ID=8 is a of player with UID=1OEPy6aKlMe0cmo8LieQDvVcsiu6iWAr2PUZdSF5eMI=.
19:59:58.039 [Expansion Quests] Deleted quest with ID=9 is a of player with UID=1OEPy6aKlMe0cmo8LieQDvVcsiu6iWAr2PUZdSF5eMI=.
19:59:58.039 [Expansion Quests] Deleted quest with ID=11 is a of player with UID=1OEPy6aKlMe0cmo8LieQDvVcsiu6iWAr2PUZdSF5eMI=.
