18:21:54.429 [Expansion Quests] Added objects set for quest ID=6501 from file=q6501
18:22:43.140 [Party] Player "Survivor" (id=1OEPy6aKlMe0cmo8LieQDvVcsiu6iWAr2PUZdSF5eMI=) joinded the party "Falcon Resolute" (id=1 ownerUID=z63osPRVUnS8pzWmaenLtvu6c2gVxwL4gvA4elWPF5w= ownerName=Survivor (2))
18:22:43.140 [Expansion Quests] Initialize quest system on the connected client with UID=1OEPy6aKlMe0cmo8LieQDvVcsiu6iWAr2PUZdSF5eMI=
18:22:43.179 [Expansion Quests] Loaded existing player quest data for player with UID=1OEPy6aKlMe0cmo8LieQDvVcsiu6iWAr2PUZdSF5eMI=
18:22:43.179 [Expansion Quests] Loaded existing group quest data for group with ID=1
18:22:43.179 [Expansion Quests] Check quest initialization for quest with ID=101 | State=COMPLETED | Player UID=1OEPy6aKlMe0cmo8LieQDvVcsiu6iWAr2PUZdSF5eMI=
18:22:43.187 [Expansion Quests] Check quest initialization for quest with ID=6501 | State=CAN_TURNIN | Player UID=1OEPy6aKlMe0cmo8LieQDvVcsiu6iWAr2PUZdSF5eMI=
18:22:43.187 [Expansion Quests] Create new quest instance for quest with ID=6501 | Player UID=1OEPy6aKlMe0cmo8LieQDvVcsiu6iWAr2PUZdSF5eMI=
18:22:43.195 [Expansion Quests] Spawned objects from set for quest ID=6501 from file=$mission:expansion\quests\\objects\q6501.map
18:22:43.195 [Expansion Quests] Quest with ID=6101 is not a a valid achievement or auto start quest. Skip quest for player with UID=1OEPy6aKlMe0cmo8LieQDvVcsiu6iWAr2PUZdSF5eMI=
18:22:43.195 [Expansion Quests] Quest with ID=6201 is not a a valid achievement or auto start quest. Skip quest for player with UID=1OEPy6aKlMe0cmo8LieQDvVcsiu6iWAr2PUZdSF5eMI=
18:22:43.195 [Expansion Quests] Quest with ID=6301 is not a a valid achievement or auto start quest. Skip quest for player with UID=1OEPy6aKlMe0cmo8LieQDvVcsiu6iWAr2PUZdSF5eMI=
18:22:43.195 [Expansion Quests] Quest with ID=6401 is not a a valid achievement or auto start quest. Skip quest for player with UID=1OEPy6aKlMe0cmo8LieQDvVcsiu6iWAr2PUZdSF5eMI=
18:22:43.195 [Expansion Quests] Sending 1OEPy6aKlMe0cmo8LieQDvVcsiu6iWAr2PUZdSF5eMI= quest configs to client for player with UID=1OEPy6aKlMe0cmo8LieQDvVcsiu6iWAr2PUZdSF5eMI=
18:22:43.195 [Expansion Quests] Sending player quest data for 2 quests to player with UID=1OEPy6aKlMe0cmo8LieQDvVcsiu6iWAr2PUZdSF5eMI=
18:22:43.195 [AI Object Patrol 00030] Spawning 1 WaterPump_Tier0 (Raiders) bots at <11906.748047, 54.000000, 9134.618164>
18:22:43.210 [AI Object Patrol 00030] Global patrol count: 1
18:22:43.210 [AI Object Patrol 00032] Spawning 1 PoliceStation_Tier1 (Raiders) bots at <12910.128906, 6.010000, 10172.755859>
18:22:43.226 [AI Object Patrol 00032] Global patrol count: 2
18:22:43.226 [AI Object Patrol 00031] Spawning 1 OilStation_Tier2RR (Raiders) bots at <12991.328125, 6.000000, 10091.552734>
18:22:43.242 [AI Object Patrol 00031] Global patrol count: 3
18:22:43.242 [AI Object Patrol 00063] Spawning 2 HospitalStation_Tier2 (Raiders) bots at <11946.470703, 54.080276, 9073.150391>
18:22:43.273 [AI Object Patrol 00063] Global patrol count: 4
18:22:44.117 [Expansion Quests] - LoadGroupQuestData - Got cached group quest data for group with ID=1
18:22:55.968 [AI Object Patrol 00037] Spawning 1 WaterPump_Tier0 (Raiders) bots at <10999.221680, 224.725967, 12405.492188>
18:22:55.984 [AI Object Patrol 00037] Global patrol count: 5
18:22:55.984 [AI Object Patrol 00040] Spawning 2 PoliceStation_Tier1 (Raiders) bots at <11077.243164, 226.707687, 12498.783203>
18:22:56.000 [AI Object Patrol 00040] Global patrol count: 6
18:22:56.000 [AI Patrol 00072] Spawning 1 Krasnostav_Trader (InvincibleObservers) bots at <11916.020508, 140.000000, 12480.116211>
18:22:56.023 [AI Patrol 00072] Global patrol count: 7
18:22:56.023 [AI Patrol 00070] Spawning 1 Krasnostav_Trader (InvincibleObservers) bots at <11857.166992, 140.378723, 12407.932617>
18:22:56.039 [AI Patrol 00070] Global patrol count: 8
18:22:56.039 [AI Patrol 00069] Spawning 2 Krasnostav_Trader (Guards) bots at <11737.710938, 142.232300, 12516.548828>
18:22:56.054 [AI Patrol 00069] Global patrol count: 9
18:22:56.054 [AI Patrol 00076] Spawning 1 Krasnostav_Tier1 (Raiders) bots at <11181.830078, 196.411560, 12226.075195>
18:22:56.078 [AI Patrol 00076] Global patrol count: 10
18:22:56.078 [AI Patrol 00071] Spawning 2 Krasnostav_Trader (InvincibleObservers) bots at <11821.779297, 140.162231, 12479.872070>
18:22:56.101 [AI Patrol 00071] Global patrol count: 11
18:22:56.101 [AI Object Patrol 00160] Spawning 1 QuestEnemyTier2 (Mercenaries) bots at <11691.709961, 143.251465, 12724.889648>
18:22:56.117 [AI Object Patrol 00160] Global patrol count: 12
18:22:56.117 [AI Object Patrol 00163] Spawning 1 QuestEnemyTier2 (Mercenaries) bots at <11708.822266, 142.528931, 12729.833984>
18:22:56.132 [AI Object Patrol 00163] Global patrol count: 13
18:22:56.132 [AI Object Patrol 00161] Spawning 1 QuestEnemyTier2 (Mercenaries) bots at <11679.711914, 143.562683, 12726.789063>
18:22:56.148 [AI Object Patrol 00161] Global patrol count: 14
18:22:56.148 [AI Object Patrol 00162] Spawning 1 QuestEnemyTier2 (Mercenaries) bots at <11688.339844, 145.052078, 12759.023438>
18:22:56.164 [AI Object Patrol 00162] Global patrol count: 15
18:22:56.515 [Safezone] Player "Survivor" (id=1OEPy6aKlMe0cmo8LieQDvVcsiu6iWAr2PUZdSF5eMI= pos=<11885.824219, 140.000000, 12488.970703>) Entered the safezone
