10:25:39.289 [Expansion Quests] Initialize quest system on the connected client with UID=1OEPy6aKlMe0cmo8LieQDvVcsiu6iWAr2PUZdSF5eMI=
10:25:39.343 [Expansion Quests] Loaded existing player quest data for player with UID=1OEPy6aKlMe0cmo8LieQDvVcsiu6iWAr2PUZdSF5eMI=
10:25:39.343 [Expansion Quests] Check quest initialization for quest with ID=102 | State=NONE | Player UID=1OEPy6aKlMe0cmo8LieQDvVcsiu6iWAr2PUZdSF5eMI=
10:25:39.347 [Expansion Quests] Check quest initialization for quest with ID=20 | State=NONE | Player UID=1OEPy6aKlMe0cmo8LieQDvVcsiu6iWAr2PUZdSF5eMI=
10:25:39.347 [Expansion Quests] Check quest initialization for quest with ID=101 | State=NONE | Player UID=1OEPy6aKlMe0cmo8LieQDvVcsiu6iWAr2PUZdSF5eMI=
10:25:39.347 [Expansion Quests] Check quest initialization for quest with ID=22 | State=COMPLETED | Player UID=1OEPy6aKlMe0cmo8LieQDvVcsiu6iWAr2PUZdSF5eMI=
10:25:39.347 [Expansion Quests] Check quest initialization for quest with ID=23 | State=NONE | Player UID=1OEPy6aKlMe0cmo8LieQDvVcsiu6iWAr2PUZdSF5eMI=
10:25:39.347 [Expansion Quests] Check quest initialization for quest with ID=8 | State=STARTED | Player UID=1OEPy6aKlMe0cmo8LieQDvVcsiu6iWAr2PUZdSF5eMI=
10:25:39.347 [Expansion Quests] Create new quest instance for quest with ID=8 | Player UID=1OEPy6aKlMe0cmo8LieQDvVcsiu6iWAr2PUZdSF5eMI=
10:25:39.347 [Expansion Quests] Check quest initialization for quest with ID=9 | State=STARTED | Player UID=1OEPy6aKlMe0cmo8LieQDvVcsiu6iWAr2PUZdSF5eMI=
10:25:39.347 [Expansion Quests] Create new quest instance for quest with ID=9 | Player UID=1OEPy6aKlMe0cmo8LieQDvVcsiu6iWAr2PUZdSF5eMI=
10:25:39.347 [Expansion Quests] Check quest initialization for quest with ID=11 | State=STARTED | Player UID=1OEPy6aKlMe0cmo8LieQDvVcsiu6iWAr2PUZdSF5eMI=
10:25:39.347 [Expansion Quests] Create new quest instance for quest with ID=11 | Player UID=1OEPy6aKlMe0cmo8LieQDvVcsiu6iWAr2PUZdSF5eMI=
10:25:39.347 [Expansion Quests] Check quest initialization for quest with ID=28 | State=NONE | Player UID=1OEPy6aKlMe0cmo8LieQDvVcsiu6iWAr2PUZdSF5eMI=
10:25:39.347 [Expansion Quests] Check quest initialization for quest with ID=14 | State=COMPLETED | Player UID=1OEPy6aKlMe0cmo8LieQDvVcsiu6iWAr2PUZdSF5eMI=
10:25:39.347 [Expansion Quests] Check quest initialization for quest with ID=31 | State=NONE | Player UID=1OEPy6aKlMe0cmo8LieQDvVcsiu6iWAr2PUZdSF5eMI=
10:25:39.347 [Expansion Quests] Quest with ID=1 is not a a valid achievement or auto start quest. Skip quest for player with UID=1OEPy6aKlMe0cmo8LieQDvVcsiu6iWAr2PUZdSF5eMI=
10:25:39.347 [Expansion Quests] Quest with ID=2 is not a a valid achievement or auto start quest. Skip quest for player with UID=1OEPy6aKlMe0cmo8LieQDvVcsiu6iWAr2PUZdSF5eMI=
10:25:39.347 [Expansion Quests] Quest with ID=3 is not a a valid achievement or auto start quest. Skip quest for player with UID=1OEPy6aKlMe0cmo8LieQDvVcsiu6iWAr2PUZdSF5eMI=
10:25:39.347 [Expansion Quests] Quest with ID=4 is not a a valid achievement or auto start quest. Skip quest for player with UID=1OEPy6aKlMe0cmo8LieQDvVcsiu6iWAr2PUZdSF5eMI=
10:25:39.347 [Expansion Quests] Quest with ID=5 is not a a valid achievement or auto start quest. Skip quest for player with UID=1OEPy6aKlMe0cmo8LieQDvVcsiu6iWAr2PUZdSF5eMI=
10:25:39.347 [Expansion Quests] Quest with ID=6 is not a a valid achievement or auto start quest. Skip quest for player with UID=1OEPy6aKlMe0cmo8LieQDvVcsiu6iWAr2PUZdSF5eMI=
10:25:39.347 [Expansion Quests] Quest with ID=7 is not a a valid achievement or auto start quest. Skip quest for player with UID=1OEPy6aKlMe0cmo8LieQDvVcsiu6iWAr2PUZdSF5eMI=
10:25:39.347 [Expansion Quests] Quest with ID=10 is not a a valid achievement or auto start quest. Skip quest for player with UID=1OEPy6aKlMe0cmo8LieQDvVcsiu6iWAr2PUZdSF5eMI=
10:25:39.347 [Expansion Quests] Quest with ID=12 is not a a valid achievement or auto start quest. Skip quest for player with UID=1OEPy6aKlMe0cmo8LieQDvVcsiu6iWAr2PUZdSF5eMI=
10:25:39.347 [Expansion Quests] Quest with ID=13 is not a a valid achievement or auto start quest. Skip quest for player with UID=1OEPy6aKlMe0cmo8LieQDvVcsiu6iWAr2PUZdSF5eMI=
10:25:39.347 [Expansion Quests] Quest with ID=15 is not a a valid achievement or auto start quest. Skip quest for player with UID=1OEPy6aKlMe0cmo8LieQDvVcsiu6iWAr2PUZdSF5eMI=
10:25:39.347 [Expansion Quests] Quest with ID=16 is not a a valid achievement or auto start quest. Skip quest for player with UID=1OEPy6aKlMe0cmo8LieQDvVcsiu6iWAr2PUZdSF5eMI=
10:25:39.347 [Expansion Quests] Quest with ID=17 is not a a valid achievement or auto start quest. Skip quest for player with UID=1OEPy6aKlMe0cmo8LieQDvVcsiu6iWAr2PUZdSF5eMI=
10:25:39.347 [Expansion Quests] Quest with ID=18 is not a a valid achievement or auto start quest. Skip quest for player with UID=1OEPy6aKlMe0cmo8LieQDvVcsiu6iWAr2PUZdSF5eMI=
10:25:39.347 [Expansion Quests] Quest with ID=19 is not a a valid achievement or auto start quest. Skip quest for player with UID=1OEPy6aKlMe0cmo8LieQDvVcsiu6iWAr2PUZdSF5eMI=
10:25:39.347 [Expansion Quests] Quest with ID=20 is not a a valid achievement or auto start quest. Skip quest for player with UID=1OEPy6aKlMe0cmo8LieQDvVcsiu6iWAr2PUZdSF5eMI=
10:25:39.347 [Expansion Quests] Quest with ID=21 is not a a valid achievement or auto start quest. Skip quest for player with UID=1OEPy6aKlMe0cmo8LieQDvVcsiu6iWAr2PUZdSF5eMI=
10:25:39.347 [Expansion Quests] Quest with ID=22 is not a a valid achievement or auto start quest. Skip quest for player with UID=1OEPy6aKlMe0cmo8LieQDvVcsiu6iWAr2PUZdSF5eMI=
10:25:39.347 [Expansion Quests] Quest with ID=23 is not a a valid achievement or auto start quest. Skip quest for player with UID=1OEPy6aKlMe0cmo8LieQDvVcsiu6iWAr2PUZdSF5eMI=
10:25:39.347 [Expansion Quests] Quest with ID=26 is not a a valid achievement or auto start quest. Skip quest for player with UID=1OEPy6aKlMe0cmo8LieQDvVcsiu6iWAr2PUZdSF5eMI=
10:25:39.351 [Expansion Quests] Quest with ID=28 is not a a valid achievement or auto start quest. Skip quest for player with UID=1OEPy6aKlMe0cmo8LieQDvVcsiu6iWAr2PUZdSF5eMI=
10:25:39.351 [Expansion Quests] Quest with ID=29 is not a a valid achievement or auto start quest. Skip quest for player with UID=1OEPy6aKlMe0cmo8LieQDvVcsiu6iWAr2PUZdSF5eMI=
10:25:39.351 [Expansion Quests] Quest with ID=31 is not a a valid achievement or auto start quest. Skip quest for player with UID=1OEPy6aKlMe0cmo8LieQDvVcsiu6iWAr2PUZdSF5eMI=
10:25:39.351 [Expansion Quests] Quest with ID=101 is not a a valid achievement or auto start quest. Skip quest for player with UID=1OEPy6aKlMe0cmo8LieQDvVcsiu6iWAr2PUZdSF5eMI=
10:25:39.351 [Expansion Quests] Quest with ID=102 is not a a valid achievement or auto start quest. Skip quest for player with UID=1OEPy6aKlMe0cmo8LieQDvVcsiu6iWAr2PUZdSF5eMI=
10:25:39.351 [Expansion Quests] Sending 1OEPy6aKlMe0cmo8LieQDvVcsiu6iWAr2PUZdSF5eMI= quest configs to client for player with UID=1OEPy6aKlMe0cmo8LieQDvVcsiu6iWAr2PUZdSF5eMI=
10:25:39.351 [Expansion Quests] Sending player quest data for 11 quests to player with UID=1OEPy6aKlMe0cmo8LieQDvVcsiu6iWAr2PUZdSF5eMI=
10:25:39.355 [AI Object Patrol 00004] Spawning 2 PoliceStationScavs_Tier_1 (Raiders) bots at <6633.093262, 13.969685, 2586.646240>
10:25:39.378 [AI Object Patrol 00004] Global patrol count: 1
10:25:39.378 [AI Object Patrol 00047] Spawning 2 FireStationScavs_Tier1 (Raiders) bots at <6262.113281, 8.619924, 2721.123047>
10:25:39.394 [AI Object Patrol 00047] Global patrol count: 2
10:25:39.394 [AI Object Patrol 00048] Spawning 1 Ordinary_Civilian (Civilian) bots at <6515.262207, 6.533941, 2307.472656>
10:25:39.406 [AI Object Patrol 00048] Global patrol count: 3
10:25:39.406 [AI Patrol 00058] Spawning 2 Ordinary_Scavengers_Tier_2(Hotel_Cherno) (Raiders) bots at <6593.052734, 5.943338, 2298.636719>
10:25:39.425 [AI Patrol 00058] Global patrol count: 4
10:25:39.425 [AI Patrol 00057] Spawning 1 Ordinary_Scavengers_Tier_1(Cherno_Med) (Raiders) bots at <6504.743652, 9.290666, 2714.500488>
10:25:39.441 [AI Patrol 00057] Global patrol count: 5
10:25:54.664 [AI Patrol 00059] Spawning 1 Ordinary_Scavengers_Tier_1(Cherno_Exit) (Raiders) bots at <6594.200684, 14.234457, 2984.985596>
10:25:54.714 [AI Patrol 00059] Global patrol count: 6
10:25:58.675 [AI Patrol 00054] Spawning 1 Ordinary_Scavengers_Tier_1(Vysotovo) (Raiders) bots at <5492.715332, 61.129002, 2553.011719>
10:25:58.707 [AI Patrol 00054] Global patrol count: 7
10:26:02.453 [AI Patrol 00056] Spawning 1 Ordinary_Scavengers_Tier_1(Cherno_Oil) (Raiders) bots at <5868.960938, 9.025282, 2195.987305>
10:26:02.484 [AI Patrol 00056] Global patrol count: 8
10:26:15.324 [AI Patrol 00055] Spawning 1 Ordinary_Scavengers_Tier_1(Vysotovo) (Raiders) bots at <5937.766113, 68.442177, 2630.518799>
10:26:15.347 [AI Patrol 00055] Global patrol count: 9
10:26:46.046 [AI Object Patrol 00080] Spawning 2 PoliceStationScavs_Tier_1 (Raiders) bots at <6202.298340, 32.781120, 2920.927002>
10:26:46.078 [AI Object Patrol 00080] Global patrol count: 10
10:27:52.550 [Killfeed] AI Taiki (PoliceStationScavs_Tier_1) был убит Da da Ya с MK II из 2 м расстояние.
10:28:44.609 [Killfeed] AI Niki (Ordinary_Scavengers_Tier_1(Cherno_Exit)) умер от потери крови.
10:28:45.531 [AI Patrol 00059] Ordinary_Scavengers_Tier_1(Cherno_Exit) (Raiders) bots were wiped out (spawn position <6594.200684, 14.234457, 2984.985596>, 1/1 deceased)
10:28:45.531 [AI Patrol 00059] Global patrol count: 9
10:29:54.621 [Killfeed] AI Guo (Ordinary_Scavengers_Tier_1(Cherno_Med)) был убит AI Naomi (FireStationScavs_Tier1) при помощи.
10:29:54.839 [AI Patrol 00057] Ordinary_Scavengers_Tier_1(Cherno_Med) (Raiders) bots were wiped out (spawn position <6504.743652, 9.290666, 2714.500488>, 1/1 deceased)
10:29:54.839 [AI Patrol 00057] Global patrol count: 8
10:30:19.707 [MissionAirdrop] An airdrop is heading towards "Novy Sobor" (pos=<7436.000000, 0.000000, 7720.000000> type=Random_Novy Sobor) with a ExpansionAirdropContainer_Basebuilding
10:30:26.703 [Killfeed] AI Naomi (FireStationScavs_Tier1) был убит AI Frida (PoliceStationScavs_Tier_1) с Blaze из 1 м расстояние.
10:30:44.066 [Killfeed] AI Frida (PoliceStationScavs_Tier_1) был убит зараженным.
10:30:45.507 [AI Object Patrol 00004] PoliceStationScavs_Tier_1 (Raiders) bots were wiped out (spawn position <6633.093262, 13.969685, 2586.646240>, 2/2 deceased)
10:30:45.507 [AI Object Patrol 00004] Global patrol count: 7
10:30:55.746 [Killfeed] AI Linda (Ordinary_Civilian) был убит AI Elias (PoliceStationScavs_Tier_1) с MK II из 2 м расстояние.
10:30:56.554 [AI Object Patrol 00048] Ordinary_Civilian (Civilian) bots were wiped out (spawn position <6515.262207, 6.533941, 2307.472656>, 1/1 deceased)
10:30:56.554 [AI Object Patrol 00048] Global patrol count: 6
10:33:17.519 [Killfeed] AI Denis (FireStationScavs_Tier1) был убит AI Hassan (Ordinary_Scavengers_Tier_2(Hotel_Cherno)) при помощи.
10:33:21.332 [AI Object Patrol 00047] FireStationScavs_Tier1 (Raiders) bots were wiped out (spawn position <6262.113281, 8.619924, 2721.123047>, 2/2 deceased)
10:33:21.332 [AI Object Patrol 00047] Global patrol count: 5
