19:41:23.968 [Expansion Quests] Added objects set for quest ID=5401 from file=q5301
19:41:24.007 [Expansion Quests] Added objects set for quest ID=2202 from file=q2202
19:41:24.007 [Expansion Quests] Added objects set for quest ID=2203 from file=q2203
19:41:24.007 [Expansion Quests] Added objects set for quest ID=2204 from file=q2204
19:41:24.007 [Expansion Quests] Added objects set for quest ID=2101 from file=q2101
19:41:24.007 [Expansion Quests] Added objects set for quest ID=61601 from file=q61601
19:41:24.007 [Expansion Quests] Added objects set for quest ID=2102 from file=q2102
19:41:24.007 [Expansion Quests] Added objects set for quest ID=2103 from file=q2103
19:41:24.007 [Expansion Quests] Added objects set for quest ID=2104 from file=q2104
19:41:24.015 [Expansion Quests] Added objects set for quest ID=2105 from file=q2105
19:41:24.015 [Expansion Quests] Added objects set for quest ID=6501 from file=q6501
19:41:24.015 [Expansion Quests] Added objects set for quest ID=5301 from file=q5301
19:41:24.015 [Expansion Quests] Added objects set for quest ID=5302 from file=q5302
19:41:24.015 [Expansion Quests] Added objects set for quest ID=5303 from file=q5303
19:41:24.015 [Expansion Quests] Added objects set for quest ID=5304 from file=q5304
19:41:24.015 [Expansion Quests] Added objects set for quest ID=61501 from file=q61501
19:41:24.015 [Expansion Quests] Added objects set for quest ID=61502 from file=q61502
19:41:24.015 [Expansion Quests] Added objects set for quest ID=61001 from file=q61001
19:41:24.015 [Expansion Quests] Added objects set for quest ID=2201 from file=q2201
19:41:24.015 [Expansion Quests] Added objects set for quest ID=1101 from file=q1101
19:41:24.015 [Expansion Quests] Added objects set for quest ID=1102 from file=q1102
19:41:24.015 [Expansion Quests] Added objects set for quest ID=1103 from file=q1102
19:41:24.015 [Expansion Quests] Added objects set for quest ID=1104 from file=q1104
19:41:24.015 [Expansion Quests] Added objects set for quest ID=1105 from file=q1105
19:41:24.015 [Expansion Quests] Added objects set for quest ID=5202 from file=q5202
19:41:24.015 [Expansion Quests] Added objects set for quest ID=5203 from file=q5203
19:41:24.015 [Expansion Quests] Added objects set for quest ID=2205 from file=q2205
19:41:24.015 [Expansion Quests] Added objects set for quest ID=6601 from file=q6601
19:41:24.015 [Expansion Quests] Added objects set for quest ID=5101 from file=q5101
19:41:24.015 [Expansion Quests] Added objects set for quest ID=5102 from file=q5102
19:41:24.015 [Expansion Quests] Added objects set for quest ID=5201 from file=q5201
19:44:26.257 [Safezone] Player "Tonby" (id=1OEPy6aKlMe0cmo8LieQDvVcsiu6iWAr2PUZdSF5eMI= pos=<11891.4, 140.01, 12475.9>) entered the safezone
19:44:26.257 [Expansion Quests] Initialize quest system on the connected client with UID=1OEPy6aKlMe0cmo8LieQDvVcsiu6iWAr2PUZdSF5eMI=
19:44:26.351 [Expansion Quests] Loaded existing player quest data for player with UID=1OEPy6aKlMe0cmo8LieQDvVcsiu6iWAr2PUZdSF5eMI=
19:44:26.359 [Expansion Quests] Check quest initialization for quest with ID=5201 | State=STARTED | Player UID=1OEPy6aKlMe0cmo8LieQDvVcsiu6iWAr2PUZdSF5eMI=
19:44:26.359 [Expansion Quests] Create new quest instance for quest with ID=5201 | Player UID=1OEPy6aKlMe0cmo8LieQDvVcsiu6iWAr2PUZdSF5eMI=
19:44:26.453 [Expansion Quests] Spawned objects from set for quest ID=5201 from file=$mission:expansion\quests\\objects\q5201.map
19:44:26.453 [Expansion Quests] Check quest initialization for quest with ID=101 | State=COMPLETED | Player UID=1OEPy6aKlMe0cmo8LieQDvVcsiu6iWAr2PUZdSF5eMI=
19:44:26.453 [Expansion Quests] Quest with ID=6401 is not a a valid achievement or auto start quest. Skip quest for player with UID=1OEPy6aKlMe0cmo8LieQDvVcsiu6iWAr2PUZdSF5eMI=
19:44:26.453 [Expansion Quests] Quest with ID=6701 is not a a valid achievement or auto start quest. Skip quest for player with UID=1OEPy6aKlMe0cmo8LieQDvVcsiu6iWAr2PUZdSF5eMI=
19:44:26.453 [Expansion Quests] Quest with ID=61201 is not a a valid achievement or auto start quest. Skip quest for player with UID=1OEPy6aKlMe0cmo8LieQDvVcsiu6iWAr2PUZdSF5eMI=
19:44:26.453 [Expansion Quests] Quest with ID=5401 is not a a valid achievement or auto start quest. Skip quest for player with UID=1OEPy6aKlMe0cmo8LieQDvVcsiu6iWAr2PUZdSF5eMI=
19:44:26.453 [Expansion Quests] Quest with ID=2202 is not a a valid achievement or auto start quest. Skip quest for player with UID=1OEPy6aKlMe0cmo8LieQDvVcsiu6iWAr2PUZdSF5eMI=
19:44:26.453 [Expansion Quests] Quest with ID=2203 is not a a valid achievement or auto start quest. Skip quest for player with UID=1OEPy6aKlMe0cmo8LieQDvVcsiu6iWAr2PUZdSF5eMI=
19:44:26.453 [Expansion Quests] Quest with ID=2204 is not a a valid achievement or auto start quest. Skip quest for player with UID=1OEPy6aKlMe0cmo8LieQDvVcsiu6iWAr2PUZdSF5eMI=
19:44:26.453 [Expansion Quests] Quest with ID=6301 is not a a valid achievement or auto start quest. Skip quest for player with UID=1OEPy6aKlMe0cmo8LieQDvVcsiu6iWAr2PUZdSF5eMI=
19:44:26.453 [Expansion Quests] Quest with ID=2101 is not a a valid achievement or auto start quest. Skip quest for player with UID=1OEPy6aKlMe0cmo8LieQDvVcsiu6iWAr2PUZdSF5eMI=
19:44:26.460 [Expansion Quests] Quest with ID=61601 is not a a valid achievement or auto start quest. Skip quest for player with UID=1OEPy6aKlMe0cmo8LieQDvVcsiu6iWAr2PUZdSF5eMI=
19:44:26.460 [Expansion Quests] Quest with ID=2102 is not a a valid achievement or auto start quest. Skip quest for player with UID=1OEPy6aKlMe0cmo8LieQDvVcsiu6iWAr2PUZdSF5eMI=
19:44:26.460 [Expansion Quests] Quest with ID=2103 is not a a valid achievement or auto start quest. Skip quest for player with UID=1OEPy6aKlMe0cmo8LieQDvVcsiu6iWAr2PUZdSF5eMI=
19:44:26.460 [Expansion Quests] Quest with ID=2104 is not a a valid achievement or auto start quest. Skip quest for player with UID=1OEPy6aKlMe0cmo8LieQDvVcsiu6iWAr2PUZdSF5eMI=
19:44:26.460 [Expansion Quests] Quest with ID=2105 is not a a valid achievement or auto start quest. Skip quest for player with UID=1OEPy6aKlMe0cmo8LieQDvVcsiu6iWAr2PUZdSF5eMI=
19:44:26.460 [Expansion Quests] Quest with ID=61101 is not a a valid achievement or auto start quest. Skip quest for player with UID=1OEPy6aKlMe0cmo8LieQDvVcsiu6iWAr2PUZdSF5eMI=
19:44:26.460 [Expansion Quests] Quest with ID=6501 is not a a valid achievement or auto start quest. Skip quest for player with UID=1OEPy6aKlMe0cmo8LieQDvVcsiu6iWAr2PUZdSF5eMI=
19:44:26.460 [Expansion Quests] Quest with ID=62001 is not a a valid achievement or auto start quest. Skip quest for player with UID=1OEPy6aKlMe0cmo8LieQDvVcsiu6iWAr2PUZdSF5eMI=
19:44:26.460 [Expansion Quests] Quest with ID=6801 is not a a valid achievement or auto start quest. Skip quest for player with UID=1OEPy6aKlMe0cmo8LieQDvVcsiu6iWAr2PUZdSF5eMI=
19:44:26.460 [Expansion Quests] Quest with ID=5301 is not a a valid achievement or auto start quest. Skip quest for player with UID=1OEPy6aKlMe0cmo8LieQDvVcsiu6iWAr2PUZdSF5eMI=
19:44:26.460 [Expansion Quests] Quest with ID=5302 is not a a valid achievement or auto start quest. Skip quest for player with UID=1OEPy6aKlMe0cmo8LieQDvVcsiu6iWAr2PUZdSF5eMI=
19:44:26.460 [Expansion Quests] Quest with ID=5303 is not a a valid achievement or auto start quest. Skip quest for player with UID=1OEPy6aKlMe0cmo8LieQDvVcsiu6iWAr2PUZdSF5eMI=
19:44:26.460 [Expansion Quests] Quest with ID=5304 is not a a valid achievement or auto start quest. Skip quest for player with UID=1OEPy6aKlMe0cmo8LieQDvVcsiu6iWAr2PUZdSF5eMI=
19:44:26.460 [Expansion Quests] Quest with ID=6201 is not a a valid achievement or auto start quest. Skip quest for player with UID=1OEPy6aKlMe0cmo8LieQDvVcsiu6iWAr2PUZdSF5eMI=
19:44:26.460 [Expansion Quests] Quest with ID=61501 is not a a valid achievement or auto start quest. Skip quest for player with UID=1OEPy6aKlMe0cmo8LieQDvVcsiu6iWAr2PUZdSF5eMI=
19:44:26.460 [Expansion Quests] Quest with ID=61502 is not a a valid achievement or auto start quest. Skip quest for player with UID=1OEPy6aKlMe0cmo8LieQDvVcsiu6iWAr2PUZdSF5eMI=
19:44:26.460 [Expansion Quests] Quest with ID=61001 is not a a valid achievement or auto start quest. Skip quest for player with UID=1OEPy6aKlMe0cmo8LieQDvVcsiu6iWAr2PUZdSF5eMI=
19:44:26.460 [Expansion Quests] Quest with ID=2201 is not a a valid achievement or auto start quest. Skip quest for player with UID=1OEPy6aKlMe0cmo8LieQDvVcsiu6iWAr2PUZdSF5eMI=
19:44:26.460 [Expansion Quests] Quest with ID=1101 is not a a valid achievement or auto start quest. Skip quest for player with UID=1OEPy6aKlMe0cmo8LieQDvVcsiu6iWAr2PUZdSF5eMI=
19:44:26.460 [Expansion Quests] Quest with ID=1102 is not a a valid achievement or auto start quest. Skip quest for player with UID=1OEPy6aKlMe0cmo8LieQDvVcsiu6iWAr2PUZdSF5eMI=
19:44:26.460 [Expansion Quests] Quest with ID=1103 is not a a valid achievement or auto start quest. Skip quest for player with UID=1OEPy6aKlMe0cmo8LieQDvVcsiu6iWAr2PUZdSF5eMI=
19:44:26.460 [Expansion Quests] Quest with ID=1104 is not a a valid achievement or auto start quest. Skip quest for player with UID=1OEPy6aKlMe0cmo8LieQDvVcsiu6iWAr2PUZdSF5eMI=
19:44:26.460 [Expansion Quests] Quest with ID=1105 is not a a valid achievement or auto start quest. Skip quest for player with UID=1OEPy6aKlMe0cmo8LieQDvVcsiu6iWAr2PUZdSF5eMI=
19:44:26.460 [Expansion Quests] Quest with ID=5202 is not a a valid achievement or auto start quest. Skip quest for player with UID=1OEPy6aKlMe0cmo8LieQDvVcsiu6iWAr2PUZdSF5eMI=
19:44:26.460 [Expansion Quests] Quest with ID=5203 is not a a valid achievement or auto start quest. Skip quest for player with UID=1OEPy6aKlMe0cmo8LieQDvVcsiu6iWAr2PUZdSF5eMI=
19:44:26.460 [Expansion Quests] Quest with ID=6101 is not a a valid achievement or auto start quest. Skip quest for player with UID=1OEPy6aKlMe0cmo8LieQDvVcsiu6iWAr2PUZdSF5eMI=
19:44:26.460 [Expansion Quests] Quest with ID=2205 is not a a valid achievement or auto start quest. Skip quest for player with UID=1OEPy6aKlMe0cmo8LieQDvVcsiu6iWAr2PUZdSF5eMI=
19:44:26.460 [Expansion Quests] Quest with ID=61401 is not a a valid achievement or auto start quest. Skip quest for player with UID=1OEPy6aKlMe0cmo8LieQDvVcsiu6iWAr2PUZdSF5eMI=
19:44:26.460 [Expansion Quests] Quest with ID=6601 is not a a valid achievement or auto start quest. Skip quest for player with UID=1OEPy6aKlMe0cmo8LieQDvVcsiu6iWAr2PUZdSF5eMI=
19:44:26.460 [Expansion Quests] Quest with ID=6901 is not a a valid achievement or auto start quest. Skip quest for player with UID=1OEPy6aKlMe0cmo8LieQDvVcsiu6iWAr2PUZdSF5eMI=
19:44:26.460 [Expansion Quests] Quest with ID=5101 is not a a valid achievement or auto start quest. Skip quest for player with UID=1OEPy6aKlMe0cmo8LieQDvVcsiu6iWAr2PUZdSF5eMI=
19:44:26.460 [Expansion Quests] Quest with ID=5102 is not a a valid achievement or auto start quest. Skip quest for player with UID=1OEPy6aKlMe0cmo8LieQDvVcsiu6iWAr2PUZdSF5eMI=
19:44:26.460 [Expansion Quests] Quest with ID=61301 is not a a valid achievement or auto start quest. Skip quest for player with UID=1OEPy6aKlMe0cmo8LieQDvVcsiu6iWAr2PUZdSF5eMI=
19:44:26.460 [Expansion Quests] Quest with ID=2301 is not a a valid achievement or auto start quest. Skip quest for player with UID=1OEPy6aKlMe0cmo8LieQDvVcsiu6iWAr2PUZdSF5eMI=
19:44:26.460 [Expansion Quests] Sending 1OEPy6aKlMe0cmo8LieQDvVcsiu6iWAr2PUZdSF5eMI= quest configs to client for player with UID=1OEPy6aKlMe0cmo8LieQDvVcsiu6iWAr2PUZdSF5eMI=
19:44:26.460 [Expansion Quests] Sending player quest data for 2 quests to player with UID=1OEPy6aKlMe0cmo8LieQDvVcsiu6iWAr2PUZdSF5eMI=
19:44:26.476 [AI Patrol 00082] Spawning 2 Krasnostav_Trader (InvincibleObservers) bots at <11874.660156, 140.000000, 12478.095703>
19:44:26.500 [AI Patrol 00082] Global patrol count: 1
19:44:26.500 [AI Patrol 00084] Spawning 1 Krasnostav_Trader (InvincibleObservers) bots at <11948.191406, 140.000000, 12471.969727>
19:44:26.546 [AI Patrol 00084] Global patrol count: 2
19:44:26.546 [AI Patrol 00085] Spawning 1 Krasnostav_Trader (InvincibleObservers) bots at <11809.356445, 139.882431, 12496.877930>
19:44:26.578 [AI Patrol 00085] Global patrol count: 3
19:44:26.578 [AI Patrol 00081] Spawning 2 Krasnostav_Trader (Guards) bots at <11855.413086, 140.534698, 12397.078125>
19:44:26.601 [AI Patrol 00081] Global patrol count: 4
19:47:13.382 [MissionAirdrop] An airdrop is heading towards "Chernogorsk" (pos=<6128.000000, 0.000000, 2497.000000> type=Random_Chernogorsk) with a ExpansionAirdropContainer
19:50:28.796 [Safezone] Player "{1:name}" (id={1:id} pos={1:position}) left the safezone
19:51:14.140 [AI Patrol 00085] Despawning 1 Krasnostav_Trader (InvincibleObservers) bots (spawn position <11809.356445, 139.882431, 12496.877930>, 0/1 deceased)
19:51:14.140 [AI Patrol 00085] Global patrol count: 3
19:51:14.187 [AI Patrol 00081] Despawning 2 Krasnostav_Trader (Guards) bots (spawn position <11855.413086, 140.534698, 12397.078125>, 0/2 deceased)
19:51:14.187 [AI Patrol 00081] Global patrol count: 2
19:51:18.390 [AI Patrol 00082] Despawning 2 Krasnostav_Trader (InvincibleObservers) bots (spawn position <11874.660156, 140.000000, 12478.095703>, 0/2 deceased)
19:51:18.390 [AI Patrol 00082] Global patrol count: 1
19:51:18.898 [AI Patrol 00084] Despawning 1 Krasnostav_Trader (InvincibleObservers) bots (spawn position <11948.191406, 140.000000, 12471.969727>, 0/1 deceased)
19:51:18.898 [AI Patrol 00084] Global patrol count: 0
19:51:46.757 [AI Object Patrol 00209] Spawning 1 OilStation_Tier2RR (Raiders) bots at <13582.752930, 34.218311, 13311.795898>
19:51:46.789 [AI Object Patrol 00209] Global patrol count: 1
19:54:37.625 [Expansion Quests] Deleted quest with ID=5201 is a of player with UID=1OEPy6aKlMe0cmo8LieQDvVcsiu6iWAr2PUZdSF5eMI=.
