12:18:19.789 [Expansion Quests] Added objects set for quest ID=5401 from file=q5301
12:18:19.789 [Expansion Quests] Added objects set for quest ID=2202 from file=q2202
12:18:19.789 [Expansion Quests] Added objects set for quest ID=2203 from file=q2203
12:18:19.789 [Expansion Quests] Added objects set for quest ID=2204 from file=q2204
12:18:19.789 [Expansion Quests] Added objects set for quest ID=2101 from file=q2101
12:18:19.789 [Expansion Quests] Added objects set for quest ID=61601 from file=q61601
12:18:19.789 [Expansion Quests] Added objects set for quest ID=2102 from file=q2102
12:18:19.789 [Expansion Quests] Added objects set for quest ID=2103 from file=q2103
12:18:19.789 [Expansion Quests] Added objects set for quest ID=2104 from file=q2104
12:18:19.789 [Expansion Quests] Added objects set for quest ID=2105 from file=q2105
12:18:19.789 [Expansion Quests] Added objects set for quest ID=6501 from file=q6501
12:18:19.789 [Expansion Quests] Added objects set for quest ID=5301 from file=q5301
12:18:19.792 [Expansion Quests] Added objects set for quest ID=5302 from file=q5302
12:18:19.792 [Expansion Quests] Added objects set for quest ID=5303 from file=q5303
12:18:19.792 [Expansion Quests] Added objects set for quest ID=5304 from file=q5304
12:18:19.792 [Expansion Quests] Added objects set for quest ID=61501 from file=q61501
12:18:19.792 [Expansion Quests] Added objects set for quest ID=61502 from file=q61502
12:18:19.792 [Expansion Quests] Added objects set for quest ID=61001 from file=q61001
12:18:19.792 [Expansion Quests] Added objects set for quest ID=2201 from file=q2201
12:18:19.792 [Expansion Quests] Added objects set for quest ID=1101 from file=q1101
12:18:19.792 [Expansion Quests] Added objects set for quest ID=1102 from file=q1102
12:18:19.792 [Expansion Quests] Added objects set for quest ID=1103 from file=q1102
12:18:19.792 [Expansion Quests] Added objects set for quest ID=1104 from file=q1104
12:18:19.792 [Expansion Quests] Added objects set for quest ID=1105 from file=q1105
12:18:19.792 [Expansion Quests] Added objects set for quest ID=5202 from file=q5202
12:18:19.792 [Expansion Quests] Added objects set for quest ID=5203 from file=q5203
12:18:19.792 [Expansion Quests] Added objects set for quest ID=2205 from file=q2205
12:18:19.792 [Expansion Quests] Added objects set for quest ID=6601 from file=q6601
12:18:19.792 [Expansion Quests] Added objects set for quest ID=5101 from file=q5101
12:18:19.792 [Expansion Quests] Added objects set for quest ID=5102 from file=q5102
12:18:19.792 [Expansion Quests] Added objects set for quest ID=5201 from file=q5201
12:19:10.500 [Expansion Quests] Initialize quest system on the connected client with UID=1OEPy6aKlMe0cmo8LieQDvVcsiu6iWAr2PUZdSF5eMI=
12:19:10.535 [Expansion Quests] Loaded existing player quest data for player with UID=1OEPy6aKlMe0cmo8LieQDvVcsiu6iWAr2PUZdSF5eMI=
12:19:10.535 [Expansion Quests] Check quest initialization for quest with ID=101 | State=STARTED | Player UID=1OEPy6aKlMe0cmo8LieQDvVcsiu6iWAr2PUZdSF5eMI=
12:19:10.535 [Expansion Quests] Create new quest instance for quest with ID=101 | Player UID=1OEPy6aKlMe0cmo8LieQDvVcsiu6iWAr2PUZdSF5eMI=
12:19:10.535 [Expansion Quests] Quest with ID=6401 is not a a valid achievement or auto start quest. Skip quest for player with UID=1OEPy6aKlMe0cmo8LieQDvVcsiu6iWAr2PUZdSF5eMI=
12:19:10.535 [Expansion Quests] Quest with ID=6701 is not a a valid achievement or auto start quest. Skip quest for player with UID=1OEPy6aKlMe0cmo8LieQDvVcsiu6iWAr2PUZdSF5eMI=
12:19:10.535 [Expansion Quests] Quest with ID=61201 is not a a valid achievement or auto start quest. Skip quest for player with UID=1OEPy6aKlMe0cmo8LieQDvVcsiu6iWAr2PUZdSF5eMI=
12:19:10.535 [Expansion Quests] Quest with ID=5401 is not a a valid achievement or auto start quest. Skip quest for player with UID=1OEPy6aKlMe0cmo8LieQDvVcsiu6iWAr2PUZdSF5eMI=
12:19:10.539 [Expansion Quests] Quest with ID=2202 is not a a valid achievement or auto start quest. Skip quest for player with UID=1OEPy6aKlMe0cmo8LieQDvVcsiu6iWAr2PUZdSF5eMI=
12:19:10.539 [Expansion Quests] Quest with ID=2203 is not a a valid achievement or auto start quest. Skip quest for player with UID=1OEPy6aKlMe0cmo8LieQDvVcsiu6iWAr2PUZdSF5eMI=
12:19:10.539 [Expansion Quests] Quest with ID=2204 is not a a valid achievement or auto start quest. Skip quest for player with UID=1OEPy6aKlMe0cmo8LieQDvVcsiu6iWAr2PUZdSF5eMI=
12:19:10.539 [Expansion Quests] Quest with ID=6301 is not a a valid achievement or auto start quest. Skip quest for player with UID=1OEPy6aKlMe0cmo8LieQDvVcsiu6iWAr2PUZdSF5eMI=
12:19:10.539 [Expansion Quests] Quest with ID=2101 is not a a valid achievement or auto start quest. Skip quest for player with UID=1OEPy6aKlMe0cmo8LieQDvVcsiu6iWAr2PUZdSF5eMI=
12:19:10.539 [Expansion Quests] Quest with ID=61601 is not a a valid achievement or auto start quest. Skip quest for player with UID=1OEPy6aKlMe0cmo8LieQDvVcsiu6iWAr2PUZdSF5eMI=
12:19:10.539 [Expansion Quests] Quest with ID=2102 is not a a valid achievement or auto start quest. Skip quest for player with UID=1OEPy6aKlMe0cmo8LieQDvVcsiu6iWAr2PUZdSF5eMI=
12:19:10.539 [Expansion Quests] Quest with ID=2103 is not a a valid achievement or auto start quest. Skip quest for player with UID=1OEPy6aKlMe0cmo8LieQDvVcsiu6iWAr2PUZdSF5eMI=
12:19:10.539 [Expansion Quests] Quest with ID=2104 is not a a valid achievement or auto start quest. Skip quest for player with UID=1OEPy6aKlMe0cmo8LieQDvVcsiu6iWAr2PUZdSF5eMI=
12:19:10.539 [Expansion Quests] Quest with ID=2105 is not a a valid achievement or auto start quest. Skip quest for player with UID=1OEPy6aKlMe0cmo8LieQDvVcsiu6iWAr2PUZdSF5eMI=
12:19:10.539 [Expansion Quests] Quest with ID=61101 is not a a valid achievement or auto start quest. Skip quest for player with UID=1OEPy6aKlMe0cmo8LieQDvVcsiu6iWAr2PUZdSF5eMI=
12:19:10.539 [Expansion Quests] Quest with ID=6501 is not a a valid achievement or auto start quest. Skip quest for player with UID=1OEPy6aKlMe0cmo8LieQDvVcsiu6iWAr2PUZdSF5eMI=
12:19:10.539 [Expansion Quests] Quest with ID=62001 is not a a valid achievement or auto start quest. Skip quest for player with UID=1OEPy6aKlMe0cmo8LieQDvVcsiu6iWAr2PUZdSF5eMI=
12:19:10.539 [Expansion Quests] Quest with ID=6801 is not a a valid achievement or auto start quest. Skip quest for player with UID=1OEPy6aKlMe0cmo8LieQDvVcsiu6iWAr2PUZdSF5eMI=
12:19:10.539 [Expansion Quests] Quest with ID=5301 is not a a valid achievement or auto start quest. Skip quest for player with UID=1OEPy6aKlMe0cmo8LieQDvVcsiu6iWAr2PUZdSF5eMI=
12:19:10.539 [Expansion Quests] Quest with ID=5302 is not a a valid achievement or auto start quest. Skip quest for player with UID=1OEPy6aKlMe0cmo8LieQDvVcsiu6iWAr2PUZdSF5eMI=
12:19:10.539 [Expansion Quests] Quest with ID=5303 is not a a valid achievement or auto start quest. Skip quest for player with UID=1OEPy6aKlMe0cmo8LieQDvVcsiu6iWAr2PUZdSF5eMI=
12:19:10.539 [Expansion Quests] Quest with ID=5304 is not a a valid achievement or auto start quest. Skip quest for player with UID=1OEPy6aKlMe0cmo8LieQDvVcsiu6iWAr2PUZdSF5eMI=
12:19:10.539 [Expansion Quests] Quest with ID=6201 is not a a valid achievement or auto start quest. Skip quest for player with UID=1OEPy6aKlMe0cmo8LieQDvVcsiu6iWAr2PUZdSF5eMI=
12:19:10.539 [Expansion Quests] Quest with ID=61501 is not a a valid achievement or auto start quest. Skip quest for player with UID=1OEPy6aKlMe0cmo8LieQDvVcsiu6iWAr2PUZdSF5eMI=
12:19:10.539 [Expansion Quests] Quest with ID=61502 is not a a valid achievement or auto start quest. Skip quest for player with UID=1OEPy6aKlMe0cmo8LieQDvVcsiu6iWAr2PUZdSF5eMI=
12:19:10.539 [Expansion Quests] Quest with ID=61001 is not a a valid achievement or auto start quest. Skip quest for player with UID=1OEPy6aKlMe0cmo8LieQDvVcsiu6iWAr2PUZdSF5eMI=
12:19:10.539 [Expansion Quests] Quest with ID=2201 is not a a valid achievement or auto start quest. Skip quest for player with UID=1OEPy6aKlMe0cmo8LieQDvVcsiu6iWAr2PUZdSF5eMI=
12:19:10.539 [Expansion Quests] Quest with ID=1101 is not a a valid achievement or auto start quest. Skip quest for player with UID=1OEPy6aKlMe0cmo8LieQDvVcsiu6iWAr2PUZdSF5eMI=
12:19:10.539 [Expansion Quests] Quest with ID=1102 is not a a valid achievement or auto start quest. Skip quest for player with UID=1OEPy6aKlMe0cmo8LieQDvVcsiu6iWAr2PUZdSF5eMI=
12:19:10.539 [Expansion Quests] Quest with ID=1103 is not a a valid achievement or auto start quest. Skip quest for player with UID=1OEPy6aKlMe0cmo8LieQDvVcsiu6iWAr2PUZdSF5eMI=
12:19:10.539 [Expansion Quests] Quest with ID=1104 is not a a valid achievement or auto start quest. Skip quest for player with UID=1OEPy6aKlMe0cmo8LieQDvVcsiu6iWAr2PUZdSF5eMI=
12:19:10.542 [Expansion Quests] Quest with ID=1105 is not a a valid achievement or auto start quest. Skip quest for player with UID=1OEPy6aKlMe0cmo8LieQDvVcsiu6iWAr2PUZdSF5eMI=
12:19:10.542 [Expansion Quests] Quest with ID=5202 is not a a valid achievement or auto start quest. Skip quest for player with UID=1OEPy6aKlMe0cmo8LieQDvVcsiu6iWAr2PUZdSF5eMI=
12:19:10.542 [Expansion Quests] Quest with ID=5203 is not a a valid achievement or auto start quest. Skip quest for player with UID=1OEPy6aKlMe0cmo8LieQDvVcsiu6iWAr2PUZdSF5eMI=
12:19:10.542 [Expansion Quests] Quest with ID=6101 is not a a valid achievement or auto start quest. Skip quest for player with UID=1OEPy6aKlMe0cmo8LieQDvVcsiu6iWAr2PUZdSF5eMI=
12:19:10.542 [Expansion Quests] Quest with ID=2205 is not a a valid achievement or auto start quest. Skip quest for player with UID=1OEPy6aKlMe0cmo8LieQDvVcsiu6iWAr2PUZdSF5eMI=
12:19:10.542 [Expansion Quests] Quest with ID=61401 is not a a valid achievement or auto start quest. Skip quest for player with UID=1OEPy6aKlMe0cmo8LieQDvVcsiu6iWAr2PUZdSF5eMI=
12:19:10.542 [Expansion Quests] Quest with ID=6601 is not a a valid achievement or auto start quest. Skip quest for player with UID=1OEPy6aKlMe0cmo8LieQDvVcsiu6iWAr2PUZdSF5eMI=
12:19:10.542 [Expansion Quests] Quest with ID=6901 is not a a valid achievement or auto start quest. Skip quest for player with UID=1OEPy6aKlMe0cmo8LieQDvVcsiu6iWAr2PUZdSF5eMI=
12:19:10.542 [Expansion Quests] Quest with ID=5101 is not a a valid achievement or auto start quest. Skip quest for player with UID=1OEPy6aKlMe0cmo8LieQDvVcsiu6iWAr2PUZdSF5eMI=
12:19:10.542 [Expansion Quests] Quest with ID=5102 is not a a valid achievement or auto start quest. Skip quest for player with UID=1OEPy6aKlMe0cmo8LieQDvVcsiu6iWAr2PUZdSF5eMI=
12:19:10.542 [Expansion Quests] Quest with ID=5201 is not a a valid achievement or auto start quest. Skip quest for player with UID=1OEPy6aKlMe0cmo8LieQDvVcsiu6iWAr2PUZdSF5eMI=
12:19:10.542 [Expansion Quests] Quest with ID=61301 is not a a valid achievement or auto start quest. Skip quest for player with UID=1OEPy6aKlMe0cmo8LieQDvVcsiu6iWAr2PUZdSF5eMI=
12:19:10.542 [Expansion Quests] Quest with ID=2301 is not a a valid achievement or auto start quest. Skip quest for player with UID=1OEPy6aKlMe0cmo8LieQDvVcsiu6iWAr2PUZdSF5eMI=
12:19:10.542 [Expansion Quests] Sending 1OEPy6aKlMe0cmo8LieQDvVcsiu6iWAr2PUZdSF5eMI= quest configs to client for player with UID=1OEPy6aKlMe0cmo8LieQDvVcsiu6iWAr2PUZdSF5eMI=
12:19:10.546 [Expansion Quests] Sending player quest data for 1 quests to player with UID=1OEPy6aKlMe0cmo8LieQDvVcsiu6iWAr2PUZdSF5eMI=
12:19:10.878 [Expansion Quests] Added new objective data for type=TRAVEL | Key=1OEPy6aKlMe0cmo8LieQDvVcsiu6iWAr2PUZdSF5eMI= | ID=101
12:19:10.878 [Expansion Quests] Updated and saved persistent player quest data for player with UID=1OEPy6aKlMe0cmo8LieQDvVcsiu6iWAr2PUZdSF5eMI= | Quest ID=101
12:19:15.898 [SpawnSelection] Player "Tonby" (id=1OEPy6aKlMe0cmo8LieQDvVcsiu6iWAr2PUZdSF5eMI=) spawned at <14407.299805, 2.000000, 13253.000000>
12:19:44.980 [Expansion Quests] Initialize quest system on the connected client with UID=z63osPRVUnS8pzWmaenLtvu6c2gVxwL4gvA4elWPF5w=
12:19:45.027 [Expansion Quests] Loaded existing player quest data for player with UID=z63osPRVUnS8pzWmaenLtvu6c2gVxwL4gvA4elWPF5w=
12:19:45.027 [Expansion Quests] Check quest initialization for quest with ID=101 | State=STARTED | Player UID=z63osPRVUnS8pzWmaenLtvu6c2gVxwL4gvA4elWPF5w=
12:19:45.027 [Expansion Quests] Create new quest instance for quest with ID=101 | Player UID=z63osPRVUnS8pzWmaenLtvu6c2gVxwL4gvA4elWPF5w=
12:19:45.027 [Expansion Quests] Quest with ID=6401 is not a a valid achievement or auto start quest. Skip quest for player with UID=z63osPRVUnS8pzWmaenLtvu6c2gVxwL4gvA4elWPF5w=
12:19:45.027 [Expansion Quests] Quest with ID=6701 is not a a valid achievement or auto start quest. Skip quest for player with UID=z63osPRVUnS8pzWmaenLtvu6c2gVxwL4gvA4elWPF5w=
12:19:45.027 [Expansion Quests] Quest with ID=61201 is not a a valid achievement or auto start quest. Skip quest for player with UID=z63osPRVUnS8pzWmaenLtvu6c2gVxwL4gvA4elWPF5w=
12:19:45.027 [Expansion Quests] Quest with ID=5401 is not a a valid achievement or auto start quest. Skip quest for player with UID=z63osPRVUnS8pzWmaenLtvu6c2gVxwL4gvA4elWPF5w=
12:19:45.027 [Expansion Quests] Quest with ID=2202 is not a a valid achievement or auto start quest. Skip quest for player with UID=z63osPRVUnS8pzWmaenLtvu6c2gVxwL4gvA4elWPF5w=
12:19:45.031 [Expansion Quests] Quest with ID=2203 is not a a valid achievement or auto start quest. Skip quest for player with UID=z63osPRVUnS8pzWmaenLtvu6c2gVxwL4gvA4elWPF5w=
12:19:45.031 [Expansion Quests] Quest with ID=2204 is not a a valid achievement or auto start quest. Skip quest for player with UID=z63osPRVUnS8pzWmaenLtvu6c2gVxwL4gvA4elWPF5w=
12:19:45.031 [Expansion Quests] Quest with ID=6301 is not a a valid achievement or auto start quest. Skip quest for player with UID=z63osPRVUnS8pzWmaenLtvu6c2gVxwL4gvA4elWPF5w=
12:19:45.031 [Expansion Quests] Quest with ID=2101 is not a a valid achievement or auto start quest. Skip quest for player with UID=z63osPRVUnS8pzWmaenLtvu6c2gVxwL4gvA4elWPF5w=
12:19:45.031 [Expansion Quests] Quest with ID=61601 is not a a valid achievement or auto start quest. Skip quest for player with UID=z63osPRVUnS8pzWmaenLtvu6c2gVxwL4gvA4elWPF5w=
12:19:45.031 [Expansion Quests] Quest with ID=2102 is not a a valid achievement or auto start quest. Skip quest for player with UID=z63osPRVUnS8pzWmaenLtvu6c2gVxwL4gvA4elWPF5w=
12:19:45.031 [Expansion Quests] Quest with ID=2103 is not a a valid achievement or auto start quest. Skip quest for player with UID=z63osPRVUnS8pzWmaenLtvu6c2gVxwL4gvA4elWPF5w=
12:19:45.031 [Expansion Quests] Quest with ID=2104 is not a a valid achievement or auto start quest. Skip quest for player with UID=z63osPRVUnS8pzWmaenLtvu6c2gVxwL4gvA4elWPF5w=
12:19:45.031 [Expansion Quests] Quest with ID=2105 is not a a valid achievement or auto start quest. Skip quest for player with UID=z63osPRVUnS8pzWmaenLtvu6c2gVxwL4gvA4elWPF5w=
12:19:45.031 [Expansion Quests] Quest with ID=61101 is not a a valid achievement or auto start quest. Skip quest for player with UID=z63osPRVUnS8pzWmaenLtvu6c2gVxwL4gvA4elWPF5w=
12:19:45.031 [Expansion Quests] Quest with ID=6501 is not a a valid achievement or auto start quest. Skip quest for player with UID=z63osPRVUnS8pzWmaenLtvu6c2gVxwL4gvA4elWPF5w=
12:19:45.031 [Expansion Quests] Quest with ID=62001 is not a a valid achievement or auto start quest. Skip quest for player with UID=z63osPRVUnS8pzWmaenLtvu6c2gVxwL4gvA4elWPF5w=
12:19:45.031 [Expansion Quests] Quest with ID=6801 is not a a valid achievement or auto start quest. Skip quest for player with UID=z63osPRVUnS8pzWmaenLtvu6c2gVxwL4gvA4elWPF5w=
12:19:45.031 [Expansion Quests] Quest with ID=5301 is not a a valid achievement or auto start quest. Skip quest for player with UID=z63osPRVUnS8pzWmaenLtvu6c2gVxwL4gvA4elWPF5w=
12:19:45.031 [Expansion Quests] Quest with ID=5302 is not a a valid achievement or auto start quest. Skip quest for player with UID=z63osPRVUnS8pzWmaenLtvu6c2gVxwL4gvA4elWPF5w=
12:19:45.031 [Expansion Quests] Quest with ID=5303 is not a a valid achievement or auto start quest. Skip quest for player with UID=z63osPRVUnS8pzWmaenLtvu6c2gVxwL4gvA4elWPF5w=
12:19:45.031 [Expansion Quests] Quest with ID=5304 is not a a valid achievement or auto start quest. Skip quest for player with UID=z63osPRVUnS8pzWmaenLtvu6c2gVxwL4gvA4elWPF5w=
12:19:45.031 [Expansion Quests] Quest with ID=6201 is not a a valid achievement or auto start quest. Skip quest for player with UID=z63osPRVUnS8pzWmaenLtvu6c2gVxwL4gvA4elWPF5w=
12:19:45.031 [Expansion Quests] Quest with ID=61501 is not a a valid achievement or auto start quest. Skip quest for player with UID=z63osPRVUnS8pzWmaenLtvu6c2gVxwL4gvA4elWPF5w=
12:19:45.031 [Expansion Quests] Quest with ID=61502 is not a a valid achievement or auto start quest. Skip quest for player with UID=z63osPRVUnS8pzWmaenLtvu6c2gVxwL4gvA4elWPF5w=
12:19:45.031 [Expansion Quests] Quest with ID=61001 is not a a valid achievement or auto start quest. Skip quest for player with UID=z63osPRVUnS8pzWmaenLtvu6c2gVxwL4gvA4elWPF5w=
12:19:45.031 [Expansion Quests] Quest with ID=2201 is not a a valid achievement or auto start quest. Skip quest for player with UID=z63osPRVUnS8pzWmaenLtvu6c2gVxwL4gvA4elWPF5w=
12:19:45.031 [Expansion Quests] Quest with ID=1101 is not a a valid achievement or auto start quest. Skip quest for player with UID=z63osPRVUnS8pzWmaenLtvu6c2gVxwL4gvA4elWPF5w=
12:19:45.031 [Expansion Quests] Quest with ID=1102 is not a a valid achievement or auto start quest. Skip quest for player with UID=z63osPRVUnS8pzWmaenLtvu6c2gVxwL4gvA4elWPF5w=
12:19:45.035 [Expansion Quests] Quest with ID=1103 is not a a valid achievement or auto start quest. Skip quest for player with UID=z63osPRVUnS8pzWmaenLtvu6c2gVxwL4gvA4elWPF5w=
12:19:45.035 [Expansion Quests] Quest with ID=1104 is not a a valid achievement or auto start quest. Skip quest for player with UID=z63osPRVUnS8pzWmaenLtvu6c2gVxwL4gvA4elWPF5w=
12:19:45.035 [Expansion Quests] Quest with ID=1105 is not a a valid achievement or auto start quest. Skip quest for player with UID=z63osPRVUnS8pzWmaenLtvu6c2gVxwL4gvA4elWPF5w=
12:19:45.035 [Expansion Quests] Quest with ID=5202 is not a a valid achievement or auto start quest. Skip quest for player with UID=z63osPRVUnS8pzWmaenLtvu6c2gVxwL4gvA4elWPF5w=
12:19:45.035 [Expansion Quests] Quest with ID=5203 is not a a valid achievement or auto start quest. Skip quest for player with UID=z63osPRVUnS8pzWmaenLtvu6c2gVxwL4gvA4elWPF5w=
12:19:45.035 [Expansion Quests] Quest with ID=6101 is not a a valid achievement or auto start quest. Skip quest for player with UID=z63osPRVUnS8pzWmaenLtvu6c2gVxwL4gvA4elWPF5w=
12:19:45.035 [Expansion Quests] Quest with ID=2205 is not a a valid achievement or auto start quest. Skip quest for player with UID=z63osPRVUnS8pzWmaenLtvu6c2gVxwL4gvA4elWPF5w=
12:19:45.035 [Expansion Quests] Quest with ID=61401 is not a a valid achievement or auto start quest. Skip quest for player with UID=z63osPRVUnS8pzWmaenLtvu6c2gVxwL4gvA4elWPF5w=
12:19:45.035 [Expansion Quests] Quest with ID=6601 is not a a valid achievement or auto start quest. Skip quest for player with UID=z63osPRVUnS8pzWmaenLtvu6c2gVxwL4gvA4elWPF5w=
12:19:45.035 [Expansion Quests] Quest with ID=6901 is not a a valid achievement or auto start quest. Skip quest for player with UID=z63osPRVUnS8pzWmaenLtvu6c2gVxwL4gvA4elWPF5w=
12:19:45.035 [Expansion Quests] Quest with ID=5101 is not a a valid achievement or auto start quest. Skip quest for player with UID=z63osPRVUnS8pzWmaenLtvu6c2gVxwL4gvA4elWPF5w=
12:19:45.035 [Expansion Quests] Quest with ID=5102 is not a a valid achievement or auto start quest. Skip quest for player with UID=z63osPRVUnS8pzWmaenLtvu6c2gVxwL4gvA4elWPF5w=
12:19:45.035 [Expansion Quests] Quest with ID=5201 is not a a valid achievement or auto start quest. Skip quest for player with UID=z63osPRVUnS8pzWmaenLtvu6c2gVxwL4gvA4elWPF5w=
12:19:45.035 [Expansion Quests] Quest with ID=61301 is not a a valid achievement or auto start quest. Skip quest for player with UID=z63osPRVUnS8pzWmaenLtvu6c2gVxwL4gvA4elWPF5w=
12:19:45.035 [Expansion Quests] Quest with ID=2301 is not a a valid achievement or auto start quest. Skip quest for player with UID=z63osPRVUnS8pzWmaenLtvu6c2gVxwL4gvA4elWPF5w=
12:19:45.035 [Expansion Quests] Sending z63osPRVUnS8pzWmaenLtvu6c2gVxwL4gvA4elWPF5w= quest configs to client for player with UID=z63osPRVUnS8pzWmaenLtvu6c2gVxwL4gvA4elWPF5w=
12:19:45.035 [Expansion Quests] Sending player quest data for 1 quests to player with UID=z63osPRVUnS8pzWmaenLtvu6c2gVxwL4gvA4elWPF5w=
12:19:45.472 [Expansion Quests] Added new objective data for type=TRAVEL | Key=z63osPRVUnS8pzWmaenLtvu6c2gVxwL4gvA4elWPF5w= | ID=101
12:19:45.472 [Expansion Quests] Updated and saved persistent player quest data for player with UID=z63osPRVUnS8pzWmaenLtvu6c2gVxwL4gvA4elWPF5w= | Quest ID=101
12:19:57.406 [SpawnSelection] Player "Quvio" (id=z63osPRVUnS8pzWmaenLtvu6c2gVxwL4gvA4elWPF5w=) spawned at <14273.200195, 2.400000, 13053.299805>
12:21:59.078 [Killfeed] Quvio умер разбился с высоты.
12:22:20.167 [SpawnSelection] Player "Quvio" (id=z63osPRVUnS8pzWmaenLtvu6c2gVxwL4gvA4elWPF5w=) spawned at <13484.724609, 1.746646, 5911.094727>
