17:55:37.019 [Safezone] Player "Survivor" (id=1OEPy6aKlMe0cmo8LieQDvVcsiu6iWAr2PUZdSF5eMI= pos=<11905.746094, 140.566635, 12501.625000>) Entered the safezone
17:55:37.019 [Party] Player "Survivor" (id=1OEPy6aKlMe0cmo8LieQDvVcsiu6iWAr2PUZdSF5eMI=) joinded the party "Falcon Resolute" (id=1 ownerUID=z63osPRVUnS8pzWmaenLtvu6c2gVxwL4gvA4elWPF5w= ownerName=Survivor (2))
17:55:37.019 [Expansion Quests] Initialize quest system on the connected client with UID=1OEPy6aKlMe0cmo8LieQDvVcsiu6iWAr2PUZdSF5eMI=
17:55:37.101 [Expansion Quests] Loaded existing player quest data for player with UID=1OEPy6aKlMe0cmo8LieQDvVcsiu6iWAr2PUZdSF5eMI=
17:55:37.101 [Expansion Quests] Loaded existing group quest data for group with ID=1
17:55:37.113 [Expansion Quests] Sending 1OEPy6aKlMe0cmo8LieQDvVcsiu6iWAr2PUZdSF5eMI= quest configs to client for player with UID=1OEPy6aKlMe0cmo8LieQDvVcsiu6iWAr2PUZdSF5eMI=
17:55:37.113 [Expansion Quests] Sending player quest data for 0 quests to player with UID=1OEPy6aKlMe0cmo8LieQDvVcsiu6iWAr2PUZdSF5eMI=
17:55:37.117 [AI Object Patrol 00038] Spawning 1 WaterPump_Tier0 (Raiders) bots at <11009.717773, 226.468613, 12413.500977>
17:55:37.132 [AI Object Patrol 00038] Global patrol count: 1
17:55:37.132 [AI Object Patrol 00041] Spawning 1 PoliceStation_Tier1 (Raiders) bots at <11054.143555, 227.041138, 12476.641602>
17:55:37.144 [AI Object Patrol 00041] Global patrol count: 2
17:55:37.144 [AI Patrol 00071] Spawning 1 Krasnostav_Trader (InvincibleObservers) bots at <11880.500000, 141.043793, 12380.424805>
17:55:37.164 [AI Patrol 00071] Global patrol count: 3
17:55:37.164 [AI Patrol 00070] Spawning 1 Krasnostav_Trader (Guards) bots at <11900.252930, 140.023148, 12451.713867>
17:55:37.191 [AI Patrol 00070] Global patrol count: 4
17:55:37.191 [AI Patrol 00075] Spawning 1 Krasnostav_Tier1 (Raiders) bots at <11111.955078, 200.846542, 12295.253906>
17:55:37.207 [AI Patrol 00075] Global patrol count: 5
17:55:37.207 [AI Patrol 00074] Spawning 1 ChernayaPolyana_Tier1 (Raiders) bots at <12073.996094, 112.118774, 13458.435547>
17:55:37.265 [AI Patrol 00074] Global patrol count: 6
17:55:37.984 [Expansion Quests] - LoadGroupQuestData - Got cached group quest data for group with ID=1
