14:41:38.167 [Expansion Quests] Initialize quest system on the connected client with UID=1OEPy6aKlMe0cmo8LieQDvVcsiu6iWAr2PUZdSF5eMI=
14:41:38.203 [Expansion Quests] Loaded existing player quest data for player with UID=1OEPy6aKlMe0cmo8LieQDvVcsiu6iWAr2PUZdSF5eMI=
14:41:38.203 [Expansion Quests] Check quest initialization for quest with ID=8 | State=STARTED | Player UID=1OEPy6aKlMe0cmo8LieQDvVcsiu6iWAr2PUZdSF5eMI=
14:41:38.203 [Expansion Quests] Create new quest instance for quest with ID=8 | Player UID=1OEPy6aKlMe0cmo8LieQDvVcsiu6iWAr2PUZdSF5eMI=
14:41:38.203 [Expansion Quests] Check quest initialization for quest with ID=9 | State=STARTED | Player UID=1OEPy6aKlMe0cmo8LieQDvVcsiu6iWAr2PUZdSF5eMI=
14:41:38.207 [Expansion Quests] Create new quest instance for quest with ID=9 | Player UID=1OEPy6aKlMe0cmo8LieQDvVcsiu6iWAr2PUZdSF5eMI=
14:41:38.207 [Expansion Quests] Check quest initialization for quest with ID=11 | State=STARTED | Player UID=1OEPy6aKlMe0cmo8LieQDvVcsiu6iWAr2PUZdSF5eMI=
14:41:38.207 [Expansion Quests] Create new quest instance for quest with ID=11 | Player UID=1OEPy6aKlMe0cmo8LieQDvVcsiu6iWAr2PUZdSF5eMI=
14:41:38.207 [Expansion Quests] Check quest initialization for quest with ID=14 | State=COMPLETED | Player UID=1OEPy6aKlMe0cmo8LieQDvVcsiu6iWAr2PUZdSF5eMI=
14:41:38.207 [Expansion Quests] Quest with ID=1 is not a a valid achievement or auto start quest. Skip quest for player with UID=1OEPy6aKlMe0cmo8LieQDvVcsiu6iWAr2PUZdSF5eMI=
14:41:38.207 [Expansion Quests] Quest with ID=2 is not a a valid achievement or auto start quest. Skip quest for player with UID=1OEPy6aKlMe0cmo8LieQDvVcsiu6iWAr2PUZdSF5eMI=
14:41:38.207 [Expansion Quests] Quest with ID=3 is not a a valid achievement or auto start quest. Skip quest for player with UID=1OEPy6aKlMe0cmo8LieQDvVcsiu6iWAr2PUZdSF5eMI=
14:41:38.207 [Expansion Quests] Quest with ID=4 is not a a valid achievement or auto start quest. Skip quest for player with UID=1OEPy6aKlMe0cmo8LieQDvVcsiu6iWAr2PUZdSF5eMI=
14:41:38.207 [Expansion Quests] Quest with ID=5 is not a a valid achievement or auto start quest. Skip quest for player with UID=1OEPy6aKlMe0cmo8LieQDvVcsiu6iWAr2PUZdSF5eMI=
14:41:38.207 [Expansion Quests] Quest with ID=6 is not a a valid achievement or auto start quest. Skip quest for player with UID=1OEPy6aKlMe0cmo8LieQDvVcsiu6iWAr2PUZdSF5eMI=
14:41:38.207 [Expansion Quests] Quest with ID=7 is not a a valid achievement or auto start quest. Skip quest for player with UID=1OEPy6aKlMe0cmo8LieQDvVcsiu6iWAr2PUZdSF5eMI=
14:41:38.207 [Expansion Quests] Quest with ID=10 is not a a valid achievement or auto start quest. Skip quest for player with UID=1OEPy6aKlMe0cmo8LieQDvVcsiu6iWAr2PUZdSF5eMI=
14:41:38.207 [Expansion Quests] Quest with ID=12 is not a a valid achievement or auto start quest. Skip quest for player with UID=1OEPy6aKlMe0cmo8LieQDvVcsiu6iWAr2PUZdSF5eMI=
14:41:38.207 [Expansion Quests] Quest with ID=13 is not a a valid achievement or auto start quest. Skip quest for player with UID=1OEPy6aKlMe0cmo8LieQDvVcsiu6iWAr2PUZdSF5eMI=
14:41:38.207 [Expansion Quests] Quest with ID=15 is not a a valid achievement or auto start quest. Skip quest for player with UID=1OEPy6aKlMe0cmo8LieQDvVcsiu6iWAr2PUZdSF5eMI=
14:41:38.207 [Expansion Quests] Quest with ID=16 is not a a valid achievement or auto start quest. Skip quest for player with UID=1OEPy6aKlMe0cmo8LieQDvVcsiu6iWAr2PUZdSF5eMI=
14:41:38.207 [Expansion Quests] Quest with ID=17 is not a a valid achievement or auto start quest. Skip quest for player with UID=1OEPy6aKlMe0cmo8LieQDvVcsiu6iWAr2PUZdSF5eMI=
14:41:38.207 [Expansion Quests] Quest with ID=18 is not a a valid achievement or auto start quest. Skip quest for player with UID=1OEPy6aKlMe0cmo8LieQDvVcsiu6iWAr2PUZdSF5eMI=
14:41:38.207 [Expansion Quests] Quest with ID=19 is not a a valid achievement or auto start quest. Skip quest for player with UID=1OEPy6aKlMe0cmo8LieQDvVcsiu6iWAr2PUZdSF5eMI=
14:41:38.207 [Expansion Quests] Quest with ID=20 is not a a valid achievement or auto start quest. Skip quest for player with UID=1OEPy6aKlMe0cmo8LieQDvVcsiu6iWAr2PUZdSF5eMI=
14:41:38.207 [Expansion Quests] Quest with ID=21 is not a a valid achievement or auto start quest. Skip quest for player with UID=1OEPy6aKlMe0cmo8LieQDvVcsiu6iWAr2PUZdSF5eMI=
14:41:38.207 [Expansion Quests] Quest with ID=22 is not a a valid achievement or auto start quest. Skip quest for player with UID=1OEPy6aKlMe0cmo8LieQDvVcsiu6iWAr2PUZdSF5eMI=
14:41:38.207 [Expansion Quests] Quest with ID=23 is not a a valid achievement or auto start quest. Skip quest for player with UID=1OEPy6aKlMe0cmo8LieQDvVcsiu6iWAr2PUZdSF5eMI=
14:41:38.207 [Expansion Quests] Quest with ID=24 is not a a valid achievement or auto start quest. Skip quest for player with UID=1OEPy6aKlMe0cmo8LieQDvVcsiu6iWAr2PUZdSF5eMI=
14:41:38.210 [Expansion Quests] Sending 1OEPy6aKlMe0cmo8LieQDvVcsiu6iWAr2PUZdSF5eMI= quest configs to client for player with UID=1OEPy6aKlMe0cmo8LieQDvVcsiu6iWAr2PUZdSF5eMI=
14:41:38.210 [Expansion Quests] Sending player quest data for 4 quests to player with UID=1OEPy6aKlMe0cmo8LieQDvVcsiu6iWAr2PUZdSF5eMI=
14:41:38.210 [AI Object Patrol] Spawning 1 West bots at <2758.381592, 109.849960, 2405.857666>
14:42:06.324 [AI Object Patrol] Spawning 2 Ordinary_Civilian bots at <1914.502808, 6.466916, 2231.609131>
14:42:23.140 [AI Object Patrol] Spawning 1 Ordinary_Civilian bots at <3654.875000, 7.349223, 2464.537598>
14:42:23.867 [AI Object Patrol] Spawning 2 PoliceStationScavs_Tier_1 bots at <3569.727783, 13.309641, 2431.353027>
14:42:24.132 [AI Patrol] Spawning 5 Tartilla_Squad(Storozh) bots at <2726.815186, 23.334442, 1312.146729>
14:42:31.003 [AI Patrol] Spawning 2 Ordinary_Scavengers_Tier_1(Komarovo) bots at <3700.454102, 7.055085, 2509.144287>
14:46:23.980 [MissionAirdrop] An airdrop is heading towards "Chernogorsk" (pos=<6128.000000, 0.000000, 2497.000000> type=Random_Chernogorsk) with a ExpansionAirdropContainer_Basebuilding
14:47:38.039 [Killfeed] AI Gabi (Ordinary_Civilian) был убит AI Rolf (Ordinary_Scavengers_Tier_1(Komarovo)) при помощи.
14:47:39.617 [Killfeed] AI Helga (Наёмники) был убит Da da Ya с КА-101 из 4 м расстояние.
14:47:40.082 [AI Object Patrol] Ordinary_Civilian bots were wiped out (spawn position <3654.875000, 7.349223, 2464.537598>, 1/1 deceased)
14:48:33.871 [Killfeed] Da da Ya был убит AI Baty (Tartilla_Squad(Storozh)) с LAR из 5 м расстояние.
14:49:04.960 [SpawnSelection] Player "Da da Ya" (id=1OEPy6aKlMe0cmo8LieQDvVcsiu6iWAr2PUZdSF5eMI=) spawned at <6044.103027, 6.429995, 1871.500610>
14:49:04.964 [AI Object Patrol] Spawning 1 PoliceStationScavs_Tier_1 bots at <6633.093262, 13.969685, 2586.646240>
14:49:04.976 [AI Object Patrol] Spawning 2 FireStationScavs_Tier1 bots at <6262.113281, 8.619924, 2721.123047>
14:49:04.992 [AI Object Patrol] Spawning 2 Ordinary_Civilian bots at <6515.262207, 6.533941, 2307.472656>
14:49:05.007 [AI Patrol] Spawning 2 Ordinary_Scavengers_Tier_2(Hotel_Cherno) bots at <6591.564941, 6.457648, 2307.822754>
14:49:05.023 [AI Patrol] Spawning 1 Ordinary_Scavengers_Tier_1(Vysotovo) bots at <5491.555176, 62.327885, 2564.864746>
14:49:05.035 [AI Patrol] Spawning 1 Ordinary_Scavengers_Tier_1(Cherno_Med) bots at <6510.492676, 9.295298, 2711.519287>
14:49:05.058 [AI Patrol] Spawning 1 Ordinary_Scavengers_Tier_1(Vysotovo) bots at <5934.249512, 69.223488, 2638.977783>
14:49:33.632 [Killfeed] AI Keiko (Наёмники) был убит Da da Ya с КА-M из 1 м расстояние.
14:51:18.906 [Killfeed] AI Rolf (Ordinary_Scavengers_Tier_1(Komarovo)) умер от потери крови.
14:52:03.210 [Killfeed] AI Eva (Ordinary_Civilian) был убит AI Niki (Ordinary_Scavengers_Tier_2(Hotel_Cherno)) с FX-45 из 3 м расстояние.
14:52:04.777 [Killfeed] AI Judy (Ordinary_Civilian) был убит AI Niki (Ordinary_Scavengers_Tier_2(Hotel_Cherno)) с FX-45 из 4 м расстояние.
14:52:06.757 [AI Object Patrol] Ordinary_Civilian bots were wiped out (spawn position <6515.262207, 6.533941, 2307.472656>, 2/2 deceased)
14:52:12.796 [Killfeed] AI Naomi (Tartilla_Squad(Storozh)) был убит Da da Ya с КА-M из 9 м расстояние.
14:52:13.261 [Killfeed] AI Keiko (Ordinary_Scavengers_Tier_1(Komarovo)) был убит.
14:52:14.113 [AI Patrol] Ordinary_Scavengers_Tier_1(Komarovo) bots were wiped out (spawn position <3700.454102, 7.055085, 2509.144287>, 2/2 deceased)
14:53:03.875 [AI Object Patrol] Despawning 2 PoliceStationScavs_Tier_1 bots (spawn position <3569.727783, 13.309641, 2431.353027>, 0/2 deceased)
14:53:58.644 [Killfeed] Da da Ya был убит AI Quinn (Tartilla_Squad(Storozh)) с LE-MAS из 7 м расстояние.
14:54:21.027 [AI Patrol] Spawning 2 Ordinary_Scavengers_Tier_1(Berezhino) bots at <12256.960938, 10.640000, 9796.963867>
14:54:21.042 [AI Patrol] Spawning 2 Ordinary_Scavengers_Tier_1(Berezhino) bots at <13002.133789, 5.957067, 10007.132813>
14:54:21.058 [AI Object Patrol] Spawning 2 FireStationScavs_Tier1 bots at <12810.090820, 6.091342, 9979.775391>
14:54:21.070 [AI Object Patrol] Spawning 2 Ordinary_Civilian bots at <12255.232422, 93.208206, 10626.826172>
14:54:34.324 [SpawnSelection] Player "Da da Ya" (id=1OEPy6aKlMe0cmo8LieQDvVcsiu6iWAr2PUZdSF5eMI=) spawned at <1563.325684, 2.174132, 2063.254883>
14:54:34.328 [AI Patrol] Spawning 1 East bots at <1795.894409, 289.888000, 2943.245850>
14:54:34.347 [AI Object Patrol] Spawning 2 West bots at <748.000000, 6.110000, 1876.000000>
14:54:35.179 [Safezone] Player "Da da Ya" (id=1OEPy6aKlMe0cmo8LieQDvVcsiu6iWAr2PUZdSF5eMI= pos=<1563.325684, 2.174132, 2063.254883>) Entered the safezone
14:54:41.109 [Killfeed] AI Elias (Восток) умер разбился с высоты.
14:54:44.253 [AI Patrol] East bots were wiped out (spawn position <1795.894409, 289.888000, 2943.245850>, 1/1 deceased)
14:55:19.785 [Safezone] Player "Da da Ya" (id=1OEPy6aKlMe0cmo8LieQDvVcsiu6iWAr2PUZdSF5eMI= pos=<2258.623291, 2.764865, 2041.511963>) Left the safezone
14:55:26.843 [Killfeed] AI Taiki (FireStationScavs_Tier1) был убит AI Niki (Ordinary_Scavengers_Tier_2(Hotel_Cherno)) с FX-45 из 9 м расстояние.
14:55:37.171 [Killfeed] AI Eva (Наёмники) был убит Da da Ya с КА-74 из 1 м расстояние.
14:56:19.964 [Killfeed] AI Guo (FireStationScavs_Tier1) был убит AI Peter (Ordinary_Scavengers_Tier_1(Cherno_Med)) с CR-61 Skorpion из 5 м расстояние.
14:56:21.406 [AI Object Patrol] FireStationScavs_Tier1 bots were wiped out (spawn position <6262.113281, 8.619924, 2721.123047>, 2/2 deceased)
14:56:29.441 [Killfeed] AI Quinn (Tartilla_Squad(Storozh)) был убит Da da Ya с КА-74 из 69 м расстояние.
14:56:37.757 [AI Object Patrol] Despawning 2 Ordinary_Civilian bots (spawn position <1914.502808, 6.466916, 2231.609131>, 0/2 deceased)
14:56:57.589 [Killfeed] AI Lewis (Tartilla_Squad(Storozh)) был убит Da da Ya с КА-74 из 57 м расстояние.
14:57:10.351 [Killfeed] AI Indar (PoliceStationScavs_Tier_1) умер от потери крови.
14:57:15.207 [AI Object Patrol] PoliceStationScavs_Tier_1 bots were wiped out (spawn position <6633.093262, 13.969685, 2586.646240>, 1/1 deceased)
14:57:48.898 [Killfeed] AI Niki (Ordinary_Scavengers_Tier_2(Hotel_Cherno)) был убит AI Peter (Ordinary_Scavengers_Tier_1(Cherno_Med)) с CR-61 Skorpion из 1 м расстояние.
14:57:54.214 [Killfeed] AI Peter (Ordinary_Scavengers_Tier_1(Cherno_Med)) был убит AI Maria (Ordinary_Scavengers_Tier_2(Hotel_Cherno)) с USG-45 из 14 м расстояние.
14:57:54.765 [AI Patrol] Ordinary_Scavengers_Tier_1(Cherno_Med) bots were wiped out (spawn position <6510.492676, 9.295298, 2711.519287>, 1/1 deceased)
14:58:00.273 [Killfeed] AI Helga (Наёмники) был убит AI Baty (Tartilla_Squad(Storozh)) с LAR из 49 м расстояние.
14:58:47.273 [Killfeed] AI Baty (Tartilla_Squad(Storozh)) был убит Da da Ya с КА-74 из 55 м расстояние.
14:59:29.863 [Killfeed] AI Frida (Наёмники) был убит Da da Ya с КА-74 из 1 м расстояние.
14:59:44.054 [Expansion Quests] Deleted quest with ID=8 is a of player with UID=1OEPy6aKlMe0cmo8LieQDvVcsiu6iWAr2PUZdSF5eMI=.
14:59:44.054 [Expansion Quests] Deleted quest with ID=9 is a of player with UID=1OEPy6aKlMe0cmo8LieQDvVcsiu6iWAr2PUZdSF5eMI=.
14:59:44.054 [Expansion Quests] Deleted quest with ID=11 is a of player with UID=1OEPy6aKlMe0cmo8LieQDvVcsiu6iWAr2PUZdSF5eMI=.
15:00:09.113 [AI Patrol] Despawning 1 Ordinary_Scavengers_Tier_2(Hotel_Cherno) bots (spawn position <6591.564941, 6.457648, 2307.822754>, 1/2 deceased)
15:00:09.246 [AI Patrol] Despawning 1 Ordinary_Scavengers_Tier_1(Vysotovo) bots (spawn position <5491.555176, 62.327885, 2564.864746>, 0/1 deceased)
15:00:09.789 [AI Patrol] Despawning 1 Ordinary_Scavengers_Tier_1(Vysotovo) bots (spawn position <5934.249512, 69.223488, 2638.977783>, 0/1 deceased)
15:01:30.078 [AI Object Patrol] Despawning 1 West bots (spawn position <2758.381592, 109.849960, 2405.857666>, 0/1 deceased)
15:02:19.312 [Expansion Quests] Initialize quest system on the connected client with UID=1OEPy6aKlMe0cmo8LieQDvVcsiu6iWAr2PUZdSF5eMI=
15:02:19.343 [Expansion Quests] Loaded existing player quest data for player with UID=1OEPy6aKlMe0cmo8LieQDvVcsiu6iWAr2PUZdSF5eMI=
15:02:19.343 [Expansion Quests] Check quest initialization for quest with ID=8 | State=STARTED | Player UID=1OEPy6aKlMe0cmo8LieQDvVcsiu6iWAr2PUZdSF5eMI=
15:02:19.343 [Expansion Quests] Create new quest instance for quest with ID=8 | Player UID=1OEPy6aKlMe0cmo8LieQDvVcsiu6iWAr2PUZdSF5eMI=
15:02:19.343 [Expansion Quests] Check quest initialization for quest with ID=9 | State=STARTED | Player UID=1OEPy6aKlMe0cmo8LieQDvVcsiu6iWAr2PUZdSF5eMI=
15:02:19.343 [Expansion Quests] Create new quest instance for quest with ID=9 | Player UID=1OEPy6aKlMe0cmo8LieQDvVcsiu6iWAr2PUZdSF5eMI=
15:02:19.343 [Expansion Quests] Check quest initialization for quest with ID=11 | State=STARTED | Player UID=1OEPy6aKlMe0cmo8LieQDvVcsiu6iWAr2PUZdSF5eMI=
15:02:19.343 [Expansion Quests] Create new quest instance for quest with ID=11 | Player UID=1OEPy6aKlMe0cmo8LieQDvVcsiu6iWAr2PUZdSF5eMI=
15:02:19.343 [Expansion Quests] Check quest initialization for quest with ID=14 | State=COMPLETED | Player UID=1OEPy6aKlMe0cmo8LieQDvVcsiu6iWAr2PUZdSF5eMI=
15:02:19.343 [Expansion Quests] Quest with ID=1 is not a a valid achievement or auto start quest. Skip quest for player with UID=1OEPy6aKlMe0cmo8LieQDvVcsiu6iWAr2PUZdSF5eMI=
15:02:19.343 [Expansion Quests] Quest with ID=2 is not a a valid achievement or auto start quest. Skip quest for player with UID=1OEPy6aKlMe0cmo8LieQDvVcsiu6iWAr2PUZdSF5eMI=
15:02:19.343 [Expansion Quests] Quest with ID=3 is not a a valid achievement or auto start quest. Skip quest for player with UID=1OEPy6aKlMe0cmo8LieQDvVcsiu6iWAr2PUZdSF5eMI=
15:02:19.343 [Expansion Quests] Quest with ID=4 is not a a valid achievement or auto start quest. Skip quest for player with UID=1OEPy6aKlMe0cmo8LieQDvVcsiu6iWAr2PUZdSF5eMI=
15:02:19.343 [Expansion Quests] Quest with ID=5 is not a a valid achievement or auto start quest. Skip quest for player with UID=1OEPy6aKlMe0cmo8LieQDvVcsiu6iWAr2PUZdSF5eMI=
15:02:19.343 [Expansion Quests] Quest with ID=6 is not a a valid achievement or auto start quest. Skip quest for player with UID=1OEPy6aKlMe0cmo8LieQDvVcsiu6iWAr2PUZdSF5eMI=
15:02:19.343 [Expansion Quests] Quest with ID=7 is not a a valid achievement or auto start quest. Skip quest for player with UID=1OEPy6aKlMe0cmo8LieQDvVcsiu6iWAr2PUZdSF5eMI=
15:02:19.343 [Expansion Quests] Quest with ID=10 is not a a valid achievement or auto start quest. Skip quest for player with UID=1OEPy6aKlMe0cmo8LieQDvVcsiu6iWAr2PUZdSF5eMI=
15:02:19.343 [Expansion Quests] Quest with ID=12 is not a a valid achievement or auto start quest. Skip quest for player with UID=1OEPy6aKlMe0cmo8LieQDvVcsiu6iWAr2PUZdSF5eMI=
15:02:19.343 [Expansion Quests] Quest with ID=13 is not a a valid achievement or auto start quest. Skip quest for player with UID=1OEPy6aKlMe0cmo8LieQDvVcsiu6iWAr2PUZdSF5eMI=
15:02:19.343 [Expansion Quests] Quest with ID=15 is not a a valid achievement or auto start quest. Skip quest for player with UID=1OEPy6aKlMe0cmo8LieQDvVcsiu6iWAr2PUZdSF5eMI=
15:02:19.343 [Expansion Quests] Quest with ID=16 is not a a valid achievement or auto start quest. Skip quest for player with UID=1OEPy6aKlMe0cmo8LieQDvVcsiu6iWAr2PUZdSF5eMI=
15:02:19.343 [Expansion Quests] Quest with ID=17 is not a a valid achievement or auto start quest. Skip quest for player with UID=1OEPy6aKlMe0cmo8LieQDvVcsiu6iWAr2PUZdSF5eMI=
15:02:19.343 [Expansion Quests] Quest with ID=18 is not a a valid achievement or auto start quest. Skip quest for player with UID=1OEPy6aKlMe0cmo8LieQDvVcsiu6iWAr2PUZdSF5eMI=
15:02:19.343 [Expansion Quests] Quest with ID=19 is not a a valid achievement or auto start quest. Skip quest for player with UID=1OEPy6aKlMe0cmo8LieQDvVcsiu6iWAr2PUZdSF5eMI=
15:02:19.343 [Expansion Quests] Quest with ID=20 is not a a valid achievement or auto start quest. Skip quest for player with UID=1OEPy6aKlMe0cmo8LieQDvVcsiu6iWAr2PUZdSF5eMI=
15:02:19.343 [Expansion Quests] Quest with ID=21 is not a a valid achievement or auto start quest. Skip quest for player with UID=1OEPy6aKlMe0cmo8LieQDvVcsiu6iWAr2PUZdSF5eMI=
15:02:19.343 [Expansion Quests] Quest with ID=22 is not a a valid achievement or auto start quest. Skip quest for player with UID=1OEPy6aKlMe0cmo8LieQDvVcsiu6iWAr2PUZdSF5eMI=
15:02:19.343 [Expansion Quests] Quest with ID=23 is not a a valid achievement or auto start quest. Skip quest for player with UID=1OEPy6aKlMe0cmo8LieQDvVcsiu6iWAr2PUZdSF5eMI=
15:02:19.343 [Expansion Quests] Quest with ID=24 is not a a valid achievement or auto start quest. Skip quest for player with UID=1OEPy6aKlMe0cmo8LieQDvVcsiu6iWAr2PUZdSF5eMI=
15:02:19.347 [Expansion Quests] Sending 1OEPy6aKlMe0cmo8LieQDvVcsiu6iWAr2PUZdSF5eMI= quest configs to client for player with UID=1OEPy6aKlMe0cmo8LieQDvVcsiu6iWAr2PUZdSF5eMI=
15:02:19.347 [Expansion Quests] Sending player quest data for 4 quests to player with UID=1OEPy6aKlMe0cmo8LieQDvVcsiu6iWAr2PUZdSF5eMI=
15:02:33.007 [Killfeed] Da da Ya покончил с собой при помощи КА-74.
15:03:11.937 [SpawnSelection] Player "Da da Ya" (id=1OEPy6aKlMe0cmo8LieQDvVcsiu6iWAr2PUZdSF5eMI=) spawned at <4111.905762, 1.566264, 2193.932617>
15:03:11.941 [AI Object Patrol] Spawning 1 Ordinary_Civilian bots at <4402.512207, 6.935333, 2483.396484>
15:03:11.949 [AI Patrol] Spawning 1 Ordinary_Scavengers_Tier_1(Balota) bots at <4484.663086, 6.237140, 2509.043701>
15:04:16.468 [Killfeed] AI Cyril (Ordinary_Civilian) был убит AI Guo (Ordinary_Scavengers_Tier_1(Balota)) с БК-43 из 3 м расстояние.
15:04:20.402 [AI Object Patrol] Ordinary_Civilian bots were wiped out (spawn position <4402.512207, 6.935333, 2483.396484>, 1/1 deceased)
15:04:32.789 [AI Object Patrol] Despawning 2 FireStationScavs_Tier1 bots (spawn position <12810.090820, 6.091342, 9979.775391>, 0/2 deceased)
15:04:33.929 [AI Object Patrol] Despawning 2 Ordinary_Civilian bots (spawn position <12255.232422, 93.208206, 10626.826172>, 0/2 deceased)
15:04:34.757 [AI Patrol] Despawning 2 Ordinary_Scavengers_Tier_1(Berezhino) bots (spawn position <12256.960938, 10.640000, 9796.963867>, 0/2 deceased)
15:04:34.816 [AI Patrol] Despawning 2 Ordinary_Scavengers_Tier_1(Berezhino) bots (spawn position <13002.133789, 5.957067, 10007.132813>, 0/2 deceased)
15:05:08.820 [AI Object Patrol] Despawning 2 West bots (spawn position <748.000000, 6.110000, 1876.000000>, 0/2 deceased)
15:05:37.335 [Killfeed] AI Guo (Ordinary_Scavengers_Tier_1(Balota)) был убит Da da Ya голыми руками.
15:05:40.292 [AI Patrol] Ordinary_Scavengers_Tier_1(Balota) bots were wiped out (spawn position <4484.663086, 6.237140, 2509.043701>, 1/1 deceased)
15:06:54.398 [AI Patrol] Despawning 1 Tartilla_Squad(Storozh) bots (spawn position <2726.815186, 23.334442, 1312.146729>, 4/5 deceased)
15:26:58.300 [AI Object Patrol] Spawning 2 Ordinary_Civilian bots at <4371.355469, 232.538055, 4657.902344>
15:32:15.562 [AI Object Patrol] Spawning 2 Ordinary_Civilian bots at <3347.140625, 186.331940, 3910.228027>
15:37:57.265 [AI Patrol] Spawning 2 Raiders bots at <4370.153320, 301.874084, 5318.046387>
15:41:27.230 [AI Patrol] Spawning 2 Ordinary_Scavengers_Tier_2(Zelenogorsk) bots at <2754.616455, 200.440002, 5209.858887>
15:41:44.562 [AI Object Patrol] Spawning 2 Ordinary_Civilian bots at <2715.814453, 204.885406, 5292.602539>
15:41:51.093 [AI Object Patrol] Spawning 2 PoliceStationScavs_Tier_1 bots at <2730.398193, 213.219894, 5373.806152>
15:41:59.296 [AI Object Patrol] Spawning 1 FireStationScavs_Tier1 bots at <2586.393311, 195.018494, 5087.915527>
15:42:14.312 [AI Patrol] Spawning 1 Ordinary_Scavengers_Tier_2(Zelenogorsk) bots at <2606.667236, 201.448822, 5388.302734>
15:42:22.429 [AI Patrol] Spawning 1 Ordinary_Scavengers_Tier_2(Zelenogorsk) bots at <2610.154785, 206.022354, 5415.715332>
15:45:54.843 [Killfeed] AI Frida (Ordinary_Scavengers_Tier_2(Zelenogorsk)) умер от потери крови.
15:45:59.398 [AI Patrol] Ordinary_Scavengers_Tier_2(Zelenogorsk) bots were wiped out (spawn position <2610.154785, 206.022354, 5415.715332>, 1/1 deceased)
15:47:44.207 [Killfeed] AI Mirek (Ordinary_Scavengers_Tier_2(Zelenogorsk)) был убит AI Jose (Ordinary_Civilian) голыми руками.
15:47:44.492 [AI Patrol] Ordinary_Scavengers_Tier_2(Zelenogorsk) bots were wiped out (spawn position <2606.667236, 201.448822, 5388.302734>, 1/1 deceased)
15:48:55.039 [Killfeed] AI Gabi (FireStationScavs_Tier1) был убит Da da Ya с БК-43 из 17 м расстояние.
15:48:55.164 [AI Object Patrol] FireStationScavs_Tier1 bots were wiped out (spawn position <2586.393311, 195.018494, 5087.915527>, 1/1 deceased)
15:49:52.132 [Killfeed] AI Judy (PoliceStationScavs_Tier_1) был убит зараженным.
15:51:35.347 [AI Object Patrol] Despawning 2 Ordinary_Civilian bots (spawn position <4371.355469, 232.538055, 4657.902344>, 0/2 deceased)
15:51:49.949 [AI Patrol] Despawning 2 Raiders bots (spawn position <4370.153320, 301.874084, 5318.046387>, 0/2 deceased)
15:52:58.937 [Killfeed] AI Helga (Ordinary_Scavengers_Tier_2(Zelenogorsk)) умер от потери крови.
15:56:41.929 [AI Object Patrol] Despawning 2 Ordinary_Civilian bots (spawn position <3347.140625, 186.331940, 3910.228027>, 0/2 deceased)
15:58:01.687 [Killfeed] AI Manua (PoliceStationScavs_Tier_1) был убит AI Jose (Ordinary_Civilian) с P1 из 22 м расстояние.
15:58:05.617 [AI Object Patrol] PoliceStationScavs_Tier_1 bots were wiped out (spawn position <2730.398193, 213.219894, 5373.806152>, 2/2 deceased)
16:03:09.847 [Killfeed] Da da Ya умер от потери крови.
16:03:20.562 [Expansion Quests] Deleted quest with ID=8 is a of player with UID=1OEPy6aKlMe0cmo8LieQDvVcsiu6iWAr2PUZdSF5eMI=.
16:03:20.562 [Expansion Quests] Deleted quest with ID=9 is a of player with UID=1OEPy6aKlMe0cmo8LieQDvVcsiu6iWAr2PUZdSF5eMI=.
16:03:20.562 [Expansion Quests] Deleted quest with ID=11 is a of player with UID=1OEPy6aKlMe0cmo8LieQDvVcsiu6iWAr2PUZdSF5eMI=.
16:13:07.007 [AI Object Patrol] Despawning 2 Ordinary_Civilian bots (spawn position <2715.814453, 204.885406, 5292.602539>, 0/2 deceased)
16:13:09.914 [AI Patrol] Despawning 1 Ordinary_Scavengers_Tier_2(Zelenogorsk) bots (spawn position <2754.616455, 200.440002, 5209.858887>, 1/2 deceased)
16:16:40.773 [MissionAirdrop] An airdrop is heading towards "Skalisty Island" (pos=<13452.000000, 0.000000, 3112.000000> type=Random_Skalisty Island) with a ExpansionAirdropContainer
