18:51:54.796 [Expansion Quests] Added objects set for quest ID=5401 from file=q5301
18:51:54.796 [Expansion Quests] Added objects set for quest ID=2202 from file=q2202
18:51:54.796 [Expansion Quests] Added objects set for quest ID=2203 from file=q2203
18:51:54.796 [Expansion Quests] Added objects set for quest ID=2204 from file=q2204
18:51:54.796 [Expansion Quests] Added objects set for quest ID=2101 from file=q2101
18:51:54.796 [Expansion Quests] Added objects set for quest ID=61601 from file=q61601
18:51:54.796 [Expansion Quests] Added objects set for quest ID=2102 from file=q2102
18:51:54.796 [Expansion Quests] Added objects set for quest ID=2103 from file=q2103
18:51:54.796 [Expansion Quests] Added objects set for quest ID=2104 from file=q2104
18:51:54.796 [Expansion Quests] Added objects set for quest ID=2105 from file=q2105
18:51:54.796 [Expansion Quests] Added objects set for quest ID=6501 from file=q6501
18:51:54.796 [Expansion Quests] Added objects set for quest ID=5301 from file=q5301
18:51:54.796 [Expansion Quests] Added objects set for quest ID=5302 from file=q5302
18:51:54.796 [Expansion Quests] Added objects set for quest ID=5303 from file=q5303
18:51:54.796 [Expansion Quests] Added objects set for quest ID=5304 from file=q5304
18:51:54.796 [Expansion Quests] Added objects set for quest ID=61501 from file=q61501
18:51:54.796 [Expansion Quests] Added objects set for quest ID=61502 from file=q61502
18:51:54.796 [Expansion Quests] Added objects set for quest ID=61001 from file=q61001
18:51:54.796 [Expansion Quests] Added objects set for quest ID=2201 from file=q2201
18:51:54.796 [Expansion Quests] Added objects set for quest ID=1101 from file=q1101
18:51:54.796 [Expansion Quests] Added objects set for quest ID=1102 from file=q1102
18:51:54.796 [Expansion Quests] Added objects set for quest ID=1103 from file=q1102
18:51:54.796 [Expansion Quests] Added objects set for quest ID=1104 from file=q1104
18:51:54.796 [Expansion Quests] Added objects set for quest ID=1105 from file=q1105
18:51:54.796 [Expansion Quests] Added objects set for quest ID=5202 from file=q5202
18:51:54.796 [Expansion Quests] Added objects set for quest ID=5203 from file=q5203
18:51:54.796 [Expansion Quests] Added objects set for quest ID=2205 from file=q2205
18:51:54.796 [Expansion Quests] Added objects set for quest ID=6601 from file=q6601
18:51:54.796 [Expansion Quests] Added objects set for quest ID=5101 from file=q5101
18:51:54.796 [Expansion Quests] Added objects set for quest ID=5102 from file=q5102
18:51:54.796 [Expansion Quests] Added objects set for quest ID=5201 from file=q5201
18:52:59.031 [Party] Player "Tonby" (id=1OEPy6aKlMe0cmo8LieQDvVcsiu6iWAr2PUZdSF5eMI=) joinded the party "Knight Fallen" (id=1 ownerUID=1OEPy6aKlMe0cmo8LieQDvVcsiu6iWAr2PUZdSF5eMI= ownerName=Survivor)
18:52:59.031 [Expansion Quests] Initialize quest system on the connected client with UID=1OEPy6aKlMe0cmo8LieQDvVcsiu6iWAr2PUZdSF5eMI=
18:52:59.085 [Expansion Quests] Loaded existing player quest data for player with UID=1OEPy6aKlMe0cmo8LieQDvVcsiu6iWAr2PUZdSF5eMI=
18:52:59.085 [Expansion Quests] Loaded existing group quest data for group with ID=1
18:52:59.085 [Expansion Quests] Check quest initialization for quest with ID=6901 | State=COMPLETED | Player UID=1OEPy6aKlMe0cmo8LieQDvVcsiu6iWAr2PUZdSF5eMI=
18:52:59.085 [Expansion Quests] Check quest initialization for quest with ID=6401 | State=COMPLETED | Player UID=1OEPy6aKlMe0cmo8LieQDvVcsiu6iWAr2PUZdSF5eMI=
18:52:59.085 [Expansion Quests] Check quest initialization for quest with ID=5101 | State=NONE | Player UID=1OEPy6aKlMe0cmo8LieQDvVcsiu6iWAr2PUZdSF5eMI=
18:52:59.085 [Expansion Quests] Check quest initialization for quest with ID=101 | State=COMPLETED | Player UID=1OEPy6aKlMe0cmo8LieQDvVcsiu6iWAr2PUZdSF5eMI=
18:52:59.085 [Expansion Quests] Check quest initialization for quest with ID=61101 | State=COMPLETED | Player UID=1OEPy6aKlMe0cmo8LieQDvVcsiu6iWAr2PUZdSF5eMI=
18:52:59.085 [Expansion Quests] Check quest initialization for quest with ID=6601 | State=COMPLETED | Player UID=1OEPy6aKlMe0cmo8LieQDvVcsiu6iWAr2PUZdSF5eMI=
18:52:59.085 [Expansion Quests] Check quest initialization for quest with ID=61301 | State=NONE | Player UID=1OEPy6aKlMe0cmo8LieQDvVcsiu6iWAr2PUZdSF5eMI=
18:52:59.085 [Expansion Quests] Check quest initialization for quest with ID=6701 | State=COMPLETED | Player UID=1OEPy6aKlMe0cmo8LieQDvVcsiu6iWAr2PUZdSF5eMI=
18:52:59.085 [Expansion Quests] Check quest initialization for quest with ID=1102 | State=NONE | Player UID=1OEPy6aKlMe0cmo8LieQDvVcsiu6iWAr2PUZdSF5eMI=
18:52:59.085 [Expansion Quests] Check quest initialization for quest with ID=1103 | State=NONE | Player UID=1OEPy6aKlMe0cmo8LieQDvVcsiu6iWAr2PUZdSF5eMI=
18:52:59.085 [Expansion Quests] Check quest initialization for quest with ID=6501 | State=COMPLETED | Player UID=1OEPy6aKlMe0cmo8LieQDvVcsiu6iWAr2PUZdSF5eMI=
18:52:59.085 [Expansion Quests] Check quest initialization for quest with ID=6801 | State=COMPLETED | Player UID=1OEPy6aKlMe0cmo8LieQDvVcsiu6iWAr2PUZdSF5eMI=
18:52:59.085 [Expansion Quests] Check quest initialization for quest with ID=1104 | State=NONE | Player UID=1OEPy6aKlMe0cmo8LieQDvVcsiu6iWAr2PUZdSF5eMI=
18:52:59.085 [Expansion Quests] Check quest initialization for quest with ID=1101 | State=NONE | Player UID=1OEPy6aKlMe0cmo8LieQDvVcsiu6iWAr2PUZdSF5eMI=
18:52:59.085 [Expansion Quests] Check quest initialization for quest with ID=6101 | State=COMPLETED | Player UID=1OEPy6aKlMe0cmo8LieQDvVcsiu6iWAr2PUZdSF5eMI=
18:52:59.085 [Expansion Quests] Check quest initialization for quest with ID=2101 | State=COMPLETED | Player UID=1OEPy6aKlMe0cmo8LieQDvVcsiu6iWAr2PUZdSF5eMI=
18:52:59.085 [Expansion Quests] Check quest initialization for quest with ID=61501 | State=NONE | Player UID=1OEPy6aKlMe0cmo8LieQDvVcsiu6iWAr2PUZdSF5eMI=
18:52:59.085 [Expansion Quests] Check quest initialization for quest with ID=6201 | State=COMPLETED | Player UID=1OEPy6aKlMe0cmo8LieQDvVcsiu6iWAr2PUZdSF5eMI=
18:52:59.085 [Expansion Quests] Check quest initialization for quest with ID=61001 | State=COMPLETED | Player UID=1OEPy6aKlMe0cmo8LieQDvVcsiu6iWAr2PUZdSF5eMI=
18:52:59.085 [Expansion Quests] Check quest initialization for quest with ID=6301 | State=COMPLETED | Player UID=1OEPy6aKlMe0cmo8LieQDvVcsiu6iWAr2PUZdSF5eMI=
18:52:59.085 [Expansion Quests] Check quest initialization for quest with ID=61502 | State=COMPLETED | Player UID=1OEPy6aKlMe0cmo8LieQDvVcsiu6iWAr2PUZdSF5eMI=
18:52:59.085 [Expansion Quests] Quest with ID=6401 is not a a valid achievement or auto start quest. Skip quest for player with UID=1OEPy6aKlMe0cmo8LieQDvVcsiu6iWAr2PUZdSF5eMI=
18:52:59.085 [Expansion Quests] Quest with ID=6701 is not a a valid achievement or auto start quest. Skip quest for player with UID=1OEPy6aKlMe0cmo8LieQDvVcsiu6iWAr2PUZdSF5eMI=
18:52:59.085 [Expansion Quests] Quest with ID=61201 is not a a valid achievement or auto start quest. Skip quest for player with UID=1OEPy6aKlMe0cmo8LieQDvVcsiu6iWAr2PUZdSF5eMI=
18:52:59.085 [Expansion Quests] Quest with ID=5401 is not a a valid achievement or auto start quest. Skip quest for player with UID=1OEPy6aKlMe0cmo8LieQDvVcsiu6iWAr2PUZdSF5eMI=
18:52:59.085 [Expansion Quests] Quest with ID=2202 is not a a valid achievement or auto start quest. Skip quest for player with UID=1OEPy6aKlMe0cmo8LieQDvVcsiu6iWAr2PUZdSF5eMI=
18:52:59.085 [Expansion Quests] Quest with ID=2203 is not a a valid achievement or auto start quest. Skip quest for player with UID=1OEPy6aKlMe0cmo8LieQDvVcsiu6iWAr2PUZdSF5eMI=
18:52:59.085 [Expansion Quests] Quest with ID=2204 is not a a valid achievement or auto start quest. Skip quest for player with UID=1OEPy6aKlMe0cmo8LieQDvVcsiu6iWAr2PUZdSF5eMI=
18:52:59.085 [Expansion Quests] Quest with ID=6301 is not a a valid achievement or auto start quest. Skip quest for player with UID=1OEPy6aKlMe0cmo8LieQDvVcsiu6iWAr2PUZdSF5eMI=
18:52:59.085 [Expansion Quests] Quest with ID=2101 is not a a valid achievement or auto start quest. Skip quest for player with UID=1OEPy6aKlMe0cmo8LieQDvVcsiu6iWAr2PUZdSF5eMI=
18:52:59.085 [Expansion Quests] Quest with ID=61601 is not a a valid achievement or auto start quest. Skip quest for player with UID=1OEPy6aKlMe0cmo8LieQDvVcsiu6iWAr2PUZdSF5eMI=
18:52:59.093 [Expansion Quests] Quest with ID=2102 is not a a valid achievement or auto start quest. Skip quest for player with UID=1OEPy6aKlMe0cmo8LieQDvVcsiu6iWAr2PUZdSF5eMI=
18:52:59.093 [Expansion Quests] Quest with ID=2103 is not a a valid achievement or auto start quest. Skip quest for player with UID=1OEPy6aKlMe0cmo8LieQDvVcsiu6iWAr2PUZdSF5eMI=
18:52:59.093 [Expansion Quests] Quest with ID=2104 is not a a valid achievement or auto start quest. Skip quest for player with UID=1OEPy6aKlMe0cmo8LieQDvVcsiu6iWAr2PUZdSF5eMI=
18:52:59.093 [Expansion Quests] Quest with ID=2105 is not a a valid achievement or auto start quest. Skip quest for player with UID=1OEPy6aKlMe0cmo8LieQDvVcsiu6iWAr2PUZdSF5eMI=
18:52:59.093 [Expansion Quests] Quest with ID=61101 is not a a valid achievement or auto start quest. Skip quest for player with UID=1OEPy6aKlMe0cmo8LieQDvVcsiu6iWAr2PUZdSF5eMI=
18:52:59.093 [Expansion Quests] Quest with ID=6501 is not a a valid achievement or auto start quest. Skip quest for player with UID=1OEPy6aKlMe0cmo8LieQDvVcsiu6iWAr2PUZdSF5eMI=
18:52:59.093 [Expansion Quests] Quest with ID=62001 is not a a valid achievement or auto start quest. Skip quest for player with UID=1OEPy6aKlMe0cmo8LieQDvVcsiu6iWAr2PUZdSF5eMI=
18:52:59.093 [Expansion Quests] Quest with ID=6801 is not a a valid achievement or auto start quest. Skip quest for player with UID=1OEPy6aKlMe0cmo8LieQDvVcsiu6iWAr2PUZdSF5eMI=
18:52:59.093 [Expansion Quests] Quest with ID=5301 is not a a valid achievement or auto start quest. Skip quest for player with UID=1OEPy6aKlMe0cmo8LieQDvVcsiu6iWAr2PUZdSF5eMI=
18:52:59.093 [Expansion Quests] Quest with ID=5302 is not a a valid achievement or auto start quest. Skip quest for player with UID=1OEPy6aKlMe0cmo8LieQDvVcsiu6iWAr2PUZdSF5eMI=
18:52:59.093 [Expansion Quests] Quest with ID=5303 is not a a valid achievement or auto start quest. Skip quest for player with UID=1OEPy6aKlMe0cmo8LieQDvVcsiu6iWAr2PUZdSF5eMI=
18:52:59.093 [Expansion Quests] Quest with ID=5304 is not a a valid achievement or auto start quest. Skip quest for player with UID=1OEPy6aKlMe0cmo8LieQDvVcsiu6iWAr2PUZdSF5eMI=
18:52:59.093 [Expansion Quests] Quest with ID=6201 is not a a valid achievement or auto start quest. Skip quest for player with UID=1OEPy6aKlMe0cmo8LieQDvVcsiu6iWAr2PUZdSF5eMI=
18:52:59.093 [Expansion Quests] Quest with ID=61501 is not a a valid achievement or auto start quest. Skip quest for player with UID=1OEPy6aKlMe0cmo8LieQDvVcsiu6iWAr2PUZdSF5eMI=
18:52:59.093 [Expansion Quests] Quest with ID=61502 is not a a valid achievement or auto start quest. Skip quest for player with UID=1OEPy6aKlMe0cmo8LieQDvVcsiu6iWAr2PUZdSF5eMI=
18:52:59.093 [Expansion Quests] Quest with ID=61001 is not a a valid achievement or auto start quest. Skip quest for player with UID=1OEPy6aKlMe0cmo8LieQDvVcsiu6iWAr2PUZdSF5eMI=
18:52:59.093 [Expansion Quests] Quest with ID=2201 is not a a valid achievement or auto start quest. Skip quest for player with UID=1OEPy6aKlMe0cmo8LieQDvVcsiu6iWAr2PUZdSF5eMI=
18:52:59.093 [Expansion Quests] Quest with ID=1101 is not a a valid achievement or auto start quest. Skip quest for player with UID=1OEPy6aKlMe0cmo8LieQDvVcsiu6iWAr2PUZdSF5eMI=
18:52:59.093 [Expansion Quests] Quest with ID=1102 is not a a valid achievement or auto start quest. Skip quest for player with UID=1OEPy6aKlMe0cmo8LieQDvVcsiu6iWAr2PUZdSF5eMI=
18:52:59.093 [Expansion Quests] Quest with ID=1103 is not a a valid achievement or auto start quest. Skip quest for player with UID=1OEPy6aKlMe0cmo8LieQDvVcsiu6iWAr2PUZdSF5eMI=
18:52:59.093 [Expansion Quests] Quest with ID=1104 is not a a valid achievement or auto start quest. Skip quest for player with UID=1OEPy6aKlMe0cmo8LieQDvVcsiu6iWAr2PUZdSF5eMI=
18:52:59.093 [Expansion Quests] Quest with ID=1105 is not a a valid achievement or auto start quest. Skip quest for player with UID=1OEPy6aKlMe0cmo8LieQDvVcsiu6iWAr2PUZdSF5eMI=
18:52:59.093 [Expansion Quests] Quest with ID=5202 is not a a valid achievement or auto start quest. Skip quest for player with UID=1OEPy6aKlMe0cmo8LieQDvVcsiu6iWAr2PUZdSF5eMI=
18:52:59.093 [Expansion Quests] Quest with ID=5203 is not a a valid achievement or auto start quest. Skip quest for player with UID=1OEPy6aKlMe0cmo8LieQDvVcsiu6iWAr2PUZdSF5eMI=
18:52:59.093 [Expansion Quests] Quest with ID=6101 is not a a valid achievement or auto start quest. Skip quest for player with UID=1OEPy6aKlMe0cmo8LieQDvVcsiu6iWAr2PUZdSF5eMI=
18:52:59.093 [Expansion Quests] Quest with ID=2205 is not a a valid achievement or auto start quest. Skip quest for player with UID=1OEPy6aKlMe0cmo8LieQDvVcsiu6iWAr2PUZdSF5eMI=
18:52:59.093 [Expansion Quests] Quest with ID=61401 is not a a valid achievement or auto start quest. Skip quest for player with UID=1OEPy6aKlMe0cmo8LieQDvVcsiu6iWAr2PUZdSF5eMI=
18:52:59.093 [Expansion Quests] Quest with ID=6601 is not a a valid achievement or auto start quest. Skip quest for player with UID=1OEPy6aKlMe0cmo8LieQDvVcsiu6iWAr2PUZdSF5eMI=
18:52:59.093 [Expansion Quests] Quest with ID=6901 is not a a valid achievement or auto start quest. Skip quest for player with UID=1OEPy6aKlMe0cmo8LieQDvVcsiu6iWAr2PUZdSF5eMI=
18:52:59.093 [Expansion Quests] Quest with ID=5101 is not a a valid achievement or auto start quest. Skip quest for player with UID=1OEPy6aKlMe0cmo8LieQDvVcsiu6iWAr2PUZdSF5eMI=
18:52:59.093 [Expansion Quests] Quest with ID=5102 is not a a valid achievement or auto start quest. Skip quest for player with UID=1OEPy6aKlMe0cmo8LieQDvVcsiu6iWAr2PUZdSF5eMI=
18:52:59.093 [Expansion Quests] Quest with ID=5201 is not a a valid achievement or auto start quest. Skip quest for player with UID=1OEPy6aKlMe0cmo8LieQDvVcsiu6iWAr2PUZdSF5eMI=
18:52:59.093 [Expansion Quests] Quest with ID=61301 is not a a valid achievement or auto start quest. Skip quest for player with UID=1OEPy6aKlMe0cmo8LieQDvVcsiu6iWAr2PUZdSF5eMI=
18:52:59.093 [Expansion Quests] Quest with ID=2301 is not a a valid achievement or auto start quest. Skip quest for player with UID=1OEPy6aKlMe0cmo8LieQDvVcsiu6iWAr2PUZdSF5eMI=
18:52:59.093 [Expansion Quests] Sending 1OEPy6aKlMe0cmo8LieQDvVcsiu6iWAr2PUZdSF5eMI= quest configs to client for player with UID=1OEPy6aKlMe0cmo8LieQDvVcsiu6iWAr2PUZdSF5eMI=
18:52:59.101 [Expansion Quests] Sending player quest data for 21 quests to player with UID=1OEPy6aKlMe0cmo8LieQDvVcsiu6iWAr2PUZdSF5eMI=
18:52:59.953 [Expansion Quests] - LoadGroupQuestData - Got cached group quest data for group with ID=1
18:57:37.757 [MissionAirdrop] An airdrop is heading towards "Skalisty Island" (pos=<13452.000000, 0.000000, 3112.000000> type=Random_Skalisty Island) with a ExpansionAirdropContainer_Medical
19:03:46.156 [AI Object Patrol 00034] Spawning 2 OilStation_Tier2RR (Raiders) bots at <12976.472656, 6.168456, 10066.740234>
19:03:46.187 [AI Object Patrol 00034] Global patrol count: 1
19:03:46.203 [AI Patrol 00095] Spawning 2 Berezino_Tier1 (Raiders) bots at <12220.204102, 16.448282, 9579.374023>
19:03:46.281 [AI Patrol 00095] Global patrol count: 2
19:05:18.804 [AI Patrol 00095] Despawning 2 Berezino_Tier1 (Raiders) bots (spawn position <12220.204102, 16.448282, 9579.374023>, 0/2 deceased)
19:05:18.804 [AI Patrol 00095] Global patrol count: 1
19:14:08.117 [AI Object Patrol 00034] Despawning 2 OilStation_Tier2RR (Raiders) bots (spawn position <12976.472656, 6.168456, 10066.740234>, 0/2 deceased)
19:14:08.117 [AI Object Patrol 00034] Global patrol count: 0
19:17:18.171 [AI Patrol 00101] Spawning 2 Prigorodki_Tier1 (Raiders) bots at <7268.928711, 16.503000, 2818.014648>
19:17:18.273 [AI Patrol 00101] Global patrol count: 1
19:21:12.828 [AI Patrol 00101] Despawning 2 Prigorodki_Tier1 (Raiders) bots (spawn position <7268.928711, 16.503000, 2818.014648>, 0/2 deceased)
19:21:12.828 [AI Patrol 00101] Global patrol count: 0
19:22:01.375 [AI Object Patrol 00009] Spawning 3 PoliceStation_Tier1 (Raiders) bots at <6219.222168, 25.590000, 2929.323975>
19:22:01.406 [AI Object Patrol 00009] Global patrol count: 1
19:22:01.406 [AI Object Patrol 00185] Spawning 1 FirelStation_Tier2 (Raiders) bots at <6264.321777, 8.454546, 2737.382568>
19:22:01.429 [AI Object Patrol 00185] Global patrol count: 2
19:23:02.460 [AI Object Patrol 00049] Spawning 3 ContaminatedArea_Tier4 (Raiders) bots at <6577.656738, 7.682653, 2323.978516>
19:23:02.500 [AI Object Patrol 00049] Global patrol count: 3
19:23:02.507 [AI Patrol 00106] Spawning 1 Vysotovo_Tier1 (Raiders) bots at <5991.083496, 97.502998, 2727.355713>
19:23:02.523 [AI Patrol 00106] Global patrol count: 4
19:23:02.523 [AI Patrol 00107] Spawning 1 Vysotovo_Tier1 (Raiders) bots at <5891.891602, 121.502998, 2680.444092>
19:23:02.539 [AI Patrol 00107] Global patrol count: 5
19:23:03.156 [AI Object Patrol 00008] Spawning 1 HospitalStation_Tier2 (Raiders) bots at <6476.550293, 20.384640, 2709.660156>
19:23:03.171 [AI Object Patrol 00008] Global patrol count: 6
19:23:58.734 [AI Object Patrol 00009] Despawning 3 PoliceStation_Tier1 (Raiders) bots (spawn position <6219.222168, 25.590000, 2929.323975>, 0/3 deceased)
19:23:58.734 [AI Object Patrol 00009] Global patrol count: 5
19:26:02.132 [AI Object Patrol 00185] Despawning 1 FirelStation_Tier2 (Raiders) bots (spawn position <6264.321777, 8.454546, 2737.382568>, 0/1 deceased)
19:26:02.132 [AI Object Patrol 00185] Global patrol count: 4
19:26:08.132 [AI Object Patrol 00008] Despawning 1 HospitalStation_Tier2 (Raiders) bots (spawn position <6476.550293, 20.384640, 2709.660156>, 0/1 deceased)
19:26:08.132 [AI Object Patrol 00008] Global patrol count: 3
19:26:08.312 [AI Patrol 00106] Despawning 1 Vysotovo_Tier1 (Raiders) bots (spawn position <5991.083496, 97.502998, 2727.355713>, 0/1 deceased)
19:26:08.312 [AI Patrol 00106] Global patrol count: 2
19:26:08.585 [AI Patrol 00107] Despawning 1 Vysotovo_Tier1 (Raiders) bots (spawn position <5891.891602, 121.502998, 2680.444092>, 0/1 deceased)
19:26:08.585 [AI Patrol 00107] Global patrol count: 1
19:26:08.734 [AI Object Patrol 00049] Despawning 3 ContaminatedArea_Tier4 (Raiders) bots (spawn position <6577.656738, 7.682653, 2323.978516>, 0/3 deceased)
19:26:08.734 [AI Object Patrol 00049] Global patrol count: 0
19:26:39.906 [Party] Player "Tonby" (id=1OEPy6aKlMe0cmo8LieQDvVcsiu6iWAr2PUZdSF5eMI=) left the party "Knight Fallen" (id=1 ownerUID=1OEPy6aKlMe0cmo8LieQDvVcsiu6iWAr2PUZdSF5eMI= ownerName=Survivor)
