20:09:16.687 [Safezone] Player "Da da Ya" (id=1OEPy6aKlMe0cmo8LieQDvVcsiu6iWAr2PUZdSF5eMI= pos=<3704.678711, 402.012390, 5986.431152>) Entered the safezone
20:09:16.687 [Expansion Quests] Initialize quest system on the connected client with UID=1OEPy6aKlMe0cmo8LieQDvVcsiu6iWAr2PUZdSF5eMI=
20:09:16.734 [Expansion Quests] Loaded existing player quest data for player with UID=1OEPy6aKlMe0cmo8LieQDvVcsiu6iWAr2PUZdSF5eMI=
20:09:16.734 [Expansion Quests] Check quest initialization for quest with ID=14 | State=COMPLETED | Player UID=1OEPy6aKlMe0cmo8LieQDvVcsiu6iWAr2PUZdSF5eMI=
20:09:16.734 [Expansion Quests] Check quest initialization for quest with ID=22 | State=COMPLETED | Player UID=1OEPy6aKlMe0cmo8LieQDvVcsiu6iWAr2PUZdSF5eMI=
20:09:16.734 [Expansion Quests] Check quest initialization for quest with ID=8 | State=STARTED | Player UID=1OEPy6aKlMe0cmo8LieQDvVcsiu6iWAr2PUZdSF5eMI=
20:09:16.734 [Expansion Quests] Create new quest instance for quest with ID=8 | Player UID=1OEPy6aKlMe0cmo8LieQDvVcsiu6iWAr2PUZdSF5eMI=
20:09:16.734 [Expansion Quests] Check quest initialization for quest with ID=9 | State=STARTED | Player UID=1OEPy6aKlMe0cmo8LieQDvVcsiu6iWAr2PUZdSF5eMI=
20:09:16.734 [Expansion Quests] Create new quest instance for quest with ID=9 | Player UID=1OEPy6aKlMe0cmo8LieQDvVcsiu6iWAr2PUZdSF5eMI=
20:09:16.734 [Expansion Quests] Check quest initialization for quest with ID=11 | State=STARTED | Player UID=1OEPy6aKlMe0cmo8LieQDvVcsiu6iWAr2PUZdSF5eMI=
20:09:16.734 [Expansion Quests] Create new quest instance for quest with ID=11 | Player UID=1OEPy6aKlMe0cmo8LieQDvVcsiu6iWAr2PUZdSF5eMI=
20:09:16.734 [Expansion Quests] Check quest initialization for quest with ID=28 | State=NONE | Player UID=1OEPy6aKlMe0cmo8LieQDvVcsiu6iWAr2PUZdSF5eMI=
20:09:16.734 [Expansion Quests] Check quest initialization for quest with ID=29 | State=NONE | Player UID=1OEPy6aKlMe0cmo8LieQDvVcsiu6iWAr2PUZdSF5eMI=
20:09:16.734 [Expansion Quests] Check quest initialization for quest with ID=30 | State=NONE | Player UID=1OEPy6aKlMe0cmo8LieQDvVcsiu6iWAr2PUZdSF5eMI=
20:09:16.734 [Expansion Quests] Check quest initialization for quest with ID=31 | State=NONE | Player UID=1OEPy6aKlMe0cmo8LieQDvVcsiu6iWAr2PUZdSF5eMI=
20:09:16.734 [Expansion Quests] Quest with ID=1 is not a a valid achievement or auto start quest. Skip quest for player with UID=1OEPy6aKlMe0cmo8LieQDvVcsiu6iWAr2PUZdSF5eMI=
20:09:16.734 [Expansion Quests] Quest with ID=2 is not a a valid achievement or auto start quest. Skip quest for player with UID=1OEPy6aKlMe0cmo8LieQDvVcsiu6iWAr2PUZdSF5eMI=
20:09:16.734 [Expansion Quests] Quest with ID=3 is not a a valid achievement or auto start quest. Skip quest for player with UID=1OEPy6aKlMe0cmo8LieQDvVcsiu6iWAr2PUZdSF5eMI=
20:09:16.734 [Expansion Quests] Quest with ID=4 is not a a valid achievement or auto start quest. Skip quest for player with UID=1OEPy6aKlMe0cmo8LieQDvVcsiu6iWAr2PUZdSF5eMI=
20:09:16.734 [Expansion Quests] Quest with ID=5 is not a a valid achievement or auto start quest. Skip quest for player with UID=1OEPy6aKlMe0cmo8LieQDvVcsiu6iWAr2PUZdSF5eMI=
20:09:16.734 [Expansion Quests] Quest with ID=6 is not a a valid achievement or auto start quest. Skip quest for player with UID=1OEPy6aKlMe0cmo8LieQDvVcsiu6iWAr2PUZdSF5eMI=
20:09:16.734 [Expansion Quests] Quest with ID=7 is not a a valid achievement or auto start quest. Skip quest for player with UID=1OEPy6aKlMe0cmo8LieQDvVcsiu6iWAr2PUZdSF5eMI=
20:09:16.734 [Expansion Quests] Quest with ID=10 is not a a valid achievement or auto start quest. Skip quest for player with UID=1OEPy6aKlMe0cmo8LieQDvVcsiu6iWAr2PUZdSF5eMI=
20:09:16.734 [Expansion Quests] Quest with ID=12 is not a a valid achievement or auto start quest. Skip quest for player with UID=1OEPy6aKlMe0cmo8LieQDvVcsiu6iWAr2PUZdSF5eMI=
20:09:16.734 [Expansion Quests] Quest with ID=13 is not a a valid achievement or auto start quest. Skip quest for player with UID=1OEPy6aKlMe0cmo8LieQDvVcsiu6iWAr2PUZdSF5eMI=
20:09:16.734 [Expansion Quests] Quest with ID=15 is not a a valid achievement or auto start quest. Skip quest for player with UID=1OEPy6aKlMe0cmo8LieQDvVcsiu6iWAr2PUZdSF5eMI=
20:09:16.734 [Expansion Quests] Quest with ID=16 is not a a valid achievement or auto start quest. Skip quest for player with UID=1OEPy6aKlMe0cmo8LieQDvVcsiu6iWAr2PUZdSF5eMI=
20:09:16.734 [Expansion Quests] Quest with ID=17 is not a a valid achievement or auto start quest. Skip quest for player with UID=1OEPy6aKlMe0cmo8LieQDvVcsiu6iWAr2PUZdSF5eMI=
20:09:16.734 [Expansion Quests] Quest with ID=18 is not a a valid achievement or auto start quest. Skip quest for player with UID=1OEPy6aKlMe0cmo8LieQDvVcsiu6iWAr2PUZdSF5eMI=
20:09:16.734 [Expansion Quests] Quest with ID=19 is not a a valid achievement or auto start quest. Skip quest for player with UID=1OEPy6aKlMe0cmo8LieQDvVcsiu6iWAr2PUZdSF5eMI=
20:09:16.734 [Expansion Quests] Quest with ID=20 is not a a valid achievement or auto start quest. Skip quest for player with UID=1OEPy6aKlMe0cmo8LieQDvVcsiu6iWAr2PUZdSF5eMI=
20:09:16.734 [Expansion Quests] Quest with ID=21 is not a a valid achievement or auto start quest. Skip quest for player with UID=1OEPy6aKlMe0cmo8LieQDvVcsiu6iWAr2PUZdSF5eMI=
20:09:16.734 [Expansion Quests] Quest with ID=22 is not a a valid achievement or auto start quest. Skip quest for player with UID=1OEPy6aKlMe0cmo8LieQDvVcsiu6iWAr2PUZdSF5eMI=
20:09:16.734 [Expansion Quests] Quest with ID=23 is not a a valid achievement or auto start quest. Skip quest for player with UID=1OEPy6aKlMe0cmo8LieQDvVcsiu6iWAr2PUZdSF5eMI=
20:09:16.734 [Expansion Quests] Quest with ID=26 is not a a valid achievement or auto start quest. Skip quest for player with UID=1OEPy6aKlMe0cmo8LieQDvVcsiu6iWAr2PUZdSF5eMI=
20:09:16.734 [Expansion Quests] Quest with ID=28 is not a a valid achievement or auto start quest. Skip quest for player with UID=1OEPy6aKlMe0cmo8LieQDvVcsiu6iWAr2PUZdSF5eMI=
20:09:16.734 [Expansion Quests] Quest with ID=29 is not a a valid achievement or auto start quest. Skip quest for player with UID=1OEPy6aKlMe0cmo8LieQDvVcsiu6iWAr2PUZdSF5eMI=
20:09:16.734 [Expansion Quests] Quest with ID=30 is not a a valid achievement or auto start quest. Skip quest for player with UID=1OEPy6aKlMe0cmo8LieQDvVcsiu6iWAr2PUZdSF5eMI=
20:09:16.734 [Expansion Quests] Quest with ID=31 is not a a valid achievement or auto start quest. Skip quest for player with UID=1OEPy6aKlMe0cmo8LieQDvVcsiu6iWAr2PUZdSF5eMI=
20:09:16.734 [Expansion Quests] Sending 1OEPy6aKlMe0cmo8LieQDvVcsiu6iWAr2PUZdSF5eMI= quest configs to client for player with UID=1OEPy6aKlMe0cmo8LieQDvVcsiu6iWAr2PUZdSF5eMI=
20:09:16.734 [Expansion Quests] Sending player quest data for 9 quests to player with UID=1OEPy6aKlMe0cmo8LieQDvVcsiu6iWAr2PUZdSF5eMI=
20:09:33.007 [Expansion Quests] Added new objective data for type=TRAVEL | Key=1OEPy6aKlMe0cmo8LieQDvVcsiu6iWAr2PUZdSF5eMI= | ID=101
20:09:33.007 [Expansion Quests] Added new objective data for type=AICAMP | Key=1OEPy6aKlMe0cmo8LieQDvVcsiu6iWAr2PUZdSF5eMI= | ID=103
20:09:33.007 [Expansion Quests] Added new objective data for type=TRAVEL | Key=1OEPy6aKlMe0cmo8LieQDvVcsiu6iWAr2PUZdSF5eMI= | ID=102
20:09:33.007 [Expansion Quests] Added new objective data for type=AICAMP | Key=1OEPy6aKlMe0cmo8LieQDvVcsiu6iWAr2PUZdSF5eMI= | ID=101
20:09:33.007 [Expansion Quests] Added new objective data for type=AICAMP | Key=1OEPy6aKlMe0cmo8LieQDvVcsiu6iWAr2PUZdSF5eMI= | ID=102
20:09:33.007 [Expansion Quests] Updated and saved persistent player quest data for player with UID=1OEPy6aKlMe0cmo8LieQDvVcsiu6iWAr2PUZdSF5eMI= | Quest ID=30
20:09:33.007 [Expansion Quests] Created new quest instance with instance key=1OEPy6aKlMe0cmo8LieQDvVcsiu6iWAr2PUZdSF5eMI= for quest with ID=30
20:09:33.507 [Expansion Quests] Added new objective data for type=TRAVEL | Key=1OEPy6aKlMe0cmo8LieQDvVcsiu6iWAr2PUZdSF5eMI= | ID=101
20:09:33.507 [Expansion Quests] Added new objective data for type=AICAMP | Key=1OEPy6aKlMe0cmo8LieQDvVcsiu6iWAr2PUZdSF5eMI= | ID=103
20:09:33.507 [Expansion Quests] Added new objective data for type=TRAVEL | Key=1OEPy6aKlMe0cmo8LieQDvVcsiu6iWAr2PUZdSF5eMI= | ID=102
20:09:33.507 [Expansion Quests] Added new objective data for type=AICAMP | Key=1OEPy6aKlMe0cmo8LieQDvVcsiu6iWAr2PUZdSF5eMI= | ID=101
20:09:33.507 [Expansion Quests] Added new objective data for type=AICAMP | Key=1OEPy6aKlMe0cmo8LieQDvVcsiu6iWAr2PUZdSF5eMI= | ID=102
20:09:33.507 [Expansion Quests] Updated and saved persistent player quest data for player with UID=1OEPy6aKlMe0cmo8LieQDvVcsiu6iWAr2PUZdSF5eMI= | Quest ID=30
20:11:21.640 [Expansion Quests] Added new objective data for type=TRAVEL | Key=1OEPy6aKlMe0cmo8LieQDvVcsiu6iWAr2PUZdSF5eMI= | ID=101
20:11:21.640 [Expansion Quests] Added new objective data for type=AICAMP | Key=1OEPy6aKlMe0cmo8LieQDvVcsiu6iWAr2PUZdSF5eMI= | ID=103
20:11:21.640 [Expansion Quests] Added new objective data for type=TRAVEL | Key=1OEPy6aKlMe0cmo8LieQDvVcsiu6iWAr2PUZdSF5eMI= | ID=102
20:11:21.640 [Expansion Quests] Added new objective data for type=AICAMP | Key=1OEPy6aKlMe0cmo8LieQDvVcsiu6iWAr2PUZdSF5eMI= | ID=101
20:11:21.640 [Expansion Quests] Added new objective data for type=AICAMP | Key=1OEPy6aKlMe0cmo8LieQDvVcsiu6iWAr2PUZdSF5eMI= | ID=102
20:11:21.648 [Expansion Quests] Updated and saved persistent player quest data for player with UID=1OEPy6aKlMe0cmo8LieQDvVcsiu6iWAr2PUZdSF5eMI= | Quest ID=30
20:11:21.898 [AI Patrol 00102] Spawning 1 Mercenaries bots at <1257.000000, 150.000000, 6252.000000>
20:11:21.976 [AI Patrol 00102] Global patrol count: 1
20:11:22.101 [AI Patrol 00099] Spawning 1 Mercenaries bots at <1179.000000, 149.895050, 6252.000000>
20:11:22.117 [AI Patrol 00099] Global patrol count: 2
20:11:22.492 [AI Patrol 00101] Spawning 1 Mercenaries bots at <1264.000000, 149.869324, 6352.000000>
20:11:22.515 [AI Patrol 00101] Global patrol count: 3
20:11:22.531 [AI Patrol 00103] Spawning 1 Mercenaries bots at <1215.000000, 149.890457, 6280.000000>
20:11:22.546 [AI Patrol 00103] Global patrol count: 4
20:11:22.554 [AI Patrol 00100] Spawning 1 Mercenaries bots at <1244.000000, 149.893967, 6292.000000>
20:11:22.570 [AI Patrol 00100] Global patrol count: 5
20:11:32.031 [Safezone] Player "Da da Ya" (id=1OEPy6aKlMe0cmo8LieQDvVcsiu6iWAr2PUZdSF5eMI= pos=<1381.734741, 175.413544, 6231.095215>) Left the safezone
20:11:42.601 [Killfeed] John Murstone's man был убит Da da Ya с КА-74 из 3 м расстояние.
20:11:42.601 [Expansion Quests] Added new objective data for type=TRAVEL | Key=1OEPy6aKlMe0cmo8LieQDvVcsiu6iWAr2PUZdSF5eMI= | ID=101
20:11:42.601 [Expansion Quests] Added new objective data for type=AICAMP | Key=1OEPy6aKlMe0cmo8LieQDvVcsiu6iWAr2PUZdSF5eMI= | ID=103
20:11:42.601 [Expansion Quests] Added new objective data for type=TRAVEL | Key=1OEPy6aKlMe0cmo8LieQDvVcsiu6iWAr2PUZdSF5eMI= | ID=102
20:11:42.601 [Expansion Quests] Added new objective data for type=AICAMP | Key=1OEPy6aKlMe0cmo8LieQDvVcsiu6iWAr2PUZdSF5eMI= | ID=101
20:11:42.601 [Expansion Quests] Added new objective data for type=AICAMP | Key=1OEPy6aKlMe0cmo8LieQDvVcsiu6iWAr2PUZdSF5eMI= | ID=102
20:11:42.609 [Expansion Quests] Updated and saved persistent player quest data for player with UID=1OEPy6aKlMe0cmo8LieQDvVcsiu6iWAr2PUZdSF5eMI= | Quest ID=30
20:11:45.953 [Killfeed] John Murstone's man был убит Da da Ya с КА-74 из 12 м расстояние.
20:11:45.953 [Expansion Quests] Added new objective data for type=TRAVEL | Key=1OEPy6aKlMe0cmo8LieQDvVcsiu6iWAr2PUZdSF5eMI= | ID=101
20:11:45.953 [Expansion Quests] Added new objective data for type=AICAMP | Key=1OEPy6aKlMe0cmo8LieQDvVcsiu6iWAr2PUZdSF5eMI= | ID=103
20:11:45.953 [Expansion Quests] Added new objective data for type=TRAVEL | Key=1OEPy6aKlMe0cmo8LieQDvVcsiu6iWAr2PUZdSF5eMI= | ID=102
20:11:45.953 [Expansion Quests] Added new objective data for type=AICAMP | Key=1OEPy6aKlMe0cmo8LieQDvVcsiu6iWAr2PUZdSF5eMI= | ID=101
20:11:45.953 [Expansion Quests] Added new objective data for type=AICAMP | Key=1OEPy6aKlMe0cmo8LieQDvVcsiu6iWAr2PUZdSF5eMI= | ID=102
20:11:45.960 [Expansion Quests] Updated and saved persistent player quest data for player with UID=1OEPy6aKlMe0cmo8LieQDvVcsiu6iWAr2PUZdSF5eMI= | Quest ID=30
20:11:47.492 [AI Patrol 00101] Mercenaries bots were wiped out (spawn position <1264.000000, 149.869324, 6352.000000>, 1/1 deceased)
20:11:47.492 [AI Patrol 00101] Global patrol count: 4
20:11:47.554 [AI Patrol 00100] Mercenaries bots were wiped out (spawn position <1244.000000, 149.893967, 6292.000000>, 1/1 deceased)
20:11:47.554 [AI Patrol 00100] Global patrol count: 3
20:11:49.500 [Killfeed] John Murstone's man был убит Da da Ya с КА-74 из 43 м расстояние.
20:11:49.500 [Expansion Quests] Added new objective data for type=TRAVEL | Key=1OEPy6aKlMe0cmo8LieQDvVcsiu6iWAr2PUZdSF5eMI= | ID=101
20:11:49.500 [Expansion Quests] Added new objective data for type=AICAMP | Key=1OEPy6aKlMe0cmo8LieQDvVcsiu6iWAr2PUZdSF5eMI= | ID=103
20:11:49.500 [Expansion Quests] Added new objective data for type=TRAVEL | Key=1OEPy6aKlMe0cmo8LieQDvVcsiu6iWAr2PUZdSF5eMI= | ID=102
20:11:49.500 [Expansion Quests] Added new objective data for type=AICAMP | Key=1OEPy6aKlMe0cmo8LieQDvVcsiu6iWAr2PUZdSF5eMI= | ID=101
20:11:49.500 [Expansion Quests] Added new objective data for type=AICAMP | Key=1OEPy6aKlMe0cmo8LieQDvVcsiu6iWAr2PUZdSF5eMI= | ID=102
20:11:49.507 [Expansion Quests] Updated and saved persistent player quest data for player with UID=1OEPy6aKlMe0cmo8LieQDvVcsiu6iWAr2PUZdSF5eMI= | Quest ID=30
20:11:52.335 [Killfeed] John Murstone's man был убит Da da Ya с КА-74 из 91 м расстояние.
20:11:52.335 [Expansion Quests] Added new objective data for type=TRAVEL | Key=1OEPy6aKlMe0cmo8LieQDvVcsiu6iWAr2PUZdSF5eMI= | ID=101
20:11:52.335 [Expansion Quests] Added new objective data for type=AICAMP | Key=1OEPy6aKlMe0cmo8LieQDvVcsiu6iWAr2PUZdSF5eMI= | ID=103
20:11:52.335 [Expansion Quests] Added new objective data for type=TRAVEL | Key=1OEPy6aKlMe0cmo8LieQDvVcsiu6iWAr2PUZdSF5eMI= | ID=102
20:11:52.335 [Expansion Quests] Added new objective data for type=AICAMP | Key=1OEPy6aKlMe0cmo8LieQDvVcsiu6iWAr2PUZdSF5eMI= | ID=101
20:11:52.335 [Expansion Quests] Added new objective data for type=AICAMP | Key=1OEPy6aKlMe0cmo8LieQDvVcsiu6iWAr2PUZdSF5eMI= | ID=102
20:11:52.343 [Expansion Quests] Updated and saved persistent player quest data for player with UID=1OEPy6aKlMe0cmo8LieQDvVcsiu6iWAr2PUZdSF5eMI= | Quest ID=30
20:11:52.531 [AI Patrol 00103] Mercenaries bots were wiped out (spawn position <1215.000000, 149.890457, 6280.000000>, 1/1 deceased)
20:11:52.531 [AI Patrol 00103] Global patrol count: 2
20:11:57.101 [AI Patrol 00099] Mercenaries bots were wiped out (spawn position <1179.000000, 149.895050, 6252.000000>, 1/1 deceased)
20:11:57.101 [AI Patrol 00099] Global patrol count: 1
20:11:59.148 [Killfeed] John Murstone's man был убит Da da Ya с КА-74 из 23 м расстояние.
20:11:59.156 [Expansion Quests] Added new objective data for type=TRAVEL | Key=1OEPy6aKlMe0cmo8LieQDvVcsiu6iWAr2PUZdSF5eMI= | ID=101
20:11:59.156 [Expansion Quests] Added new objective data for type=AICAMP | Key=1OEPy6aKlMe0cmo8LieQDvVcsiu6iWAr2PUZdSF5eMI= | ID=103
20:11:59.156 [Expansion Quests] Added new objective data for type=TRAVEL | Key=1OEPy6aKlMe0cmo8LieQDvVcsiu6iWAr2PUZdSF5eMI= | ID=102
20:11:59.156 [Expansion Quests] Added new objective data for type=AICAMP | Key=1OEPy6aKlMe0cmo8LieQDvVcsiu6iWAr2PUZdSF5eMI= | ID=101
20:11:59.156 [Expansion Quests] Added new objective data for type=AICAMP | Key=1OEPy6aKlMe0cmo8LieQDvVcsiu6iWAr2PUZdSF5eMI= | ID=102
20:11:59.156 [Expansion Quests] Updated and saved persistent player quest data for player with UID=1OEPy6aKlMe0cmo8LieQDvVcsiu6iWAr2PUZdSF5eMI= | Quest ID=30
20:11:59.648 [Expansion Quests] Added new objective data for type=TRAVEL | Key=1OEPy6aKlMe0cmo8LieQDvVcsiu6iWAr2PUZdSF5eMI= | ID=101
20:11:59.648 [Expansion Quests] Added new objective data for type=AICAMP | Key=1OEPy6aKlMe0cmo8LieQDvVcsiu6iWAr2PUZdSF5eMI= | ID=103
20:11:59.648 [Expansion Quests] Added new objective data for type=TRAVEL | Key=1OEPy6aKlMe0cmo8LieQDvVcsiu6iWAr2PUZdSF5eMI= | ID=102
20:11:59.648 [Expansion Quests] Added new objective data for type=AICAMP | Key=1OEPy6aKlMe0cmo8LieQDvVcsiu6iWAr2PUZdSF5eMI= | ID=101
20:11:59.648 [Expansion Quests] Added new objective data for type=AICAMP | Key=1OEPy6aKlMe0cmo8LieQDvVcsiu6iWAr2PUZdSF5eMI= | ID=102
20:11:59.656 [Expansion Quests] Updated and saved persistent player quest data for player with UID=1OEPy6aKlMe0cmo8LieQDvVcsiu6iWAr2PUZdSF5eMI= | Quest ID=30
20:12:13.718 [Expansion Quests] Added new objective data for type=TRAVEL | Key=1OEPy6aKlMe0cmo8LieQDvVcsiu6iWAr2PUZdSF5eMI= | ID=101
20:12:13.718 [Expansion Quests] Added new objective data for type=AICAMP | Key=1OEPy6aKlMe0cmo8LieQDvVcsiu6iWAr2PUZdSF5eMI= | ID=103
20:12:13.718 [Expansion Quests] Added new objective data for type=TRAVEL | Key=1OEPy6aKlMe0cmo8LieQDvVcsiu6iWAr2PUZdSF5eMI= | ID=102
20:12:13.718 [Expansion Quests] Added new objective data for type=AICAMP | Key=1OEPy6aKlMe0cmo8LieQDvVcsiu6iWAr2PUZdSF5eMI= | ID=101
20:12:13.718 [Expansion Quests] Added new objective data for type=AICAMP | Key=1OEPy6aKlMe0cmo8LieQDvVcsiu6iWAr2PUZdSF5eMI= | ID=102
20:12:13.718 [Expansion Quests] Updated and saved persistent player quest data for player with UID=1OEPy6aKlMe0cmo8LieQDvVcsiu6iWAr2PUZdSF5eMI= | Quest ID=30
20:12:13.851 [AI Patrol 00113] Spawning 1 Mercenaries bots at <1075.330078, 152.678223, 6660.520020>
20:12:13.875 [AI Patrol 00113] Global patrol count: 2
20:12:14.039 [AI Patrol 00115] Spawning 1 Mercenaries bots at <1083.330078, 151.910141, 6592.520020>
20:12:14.054 [AI Patrol 00115] Global patrol count: 3
20:12:14.234 [AI Patrol 00114] Spawning 1 Mercenaries bots at <1106.330078, 149.346100, 6628.520020>
20:12:14.257 [AI Patrol 00114] Global patrol count: 4
20:12:14.312 [AI Patrol 00116] Spawning 1 Mercenaries bots at <1083.330078, 151.910141, 6592.520020>
20:12:14.335 [AI Patrol 00116] Global patrol count: 5
20:12:26.148 [Killfeed] John Murstone's man был убит Da da Ya с КА-74 из 8 м расстояние.
20:12:26.156 [Expansion Quests] Added new objective data for type=TRAVEL | Key=1OEPy6aKlMe0cmo8LieQDvVcsiu6iWAr2PUZdSF5eMI= | ID=101
20:12:26.156 [Expansion Quests] Added new objective data for type=AICAMP | Key=1OEPy6aKlMe0cmo8LieQDvVcsiu6iWAr2PUZdSF5eMI= | ID=103
20:12:26.156 [Expansion Quests] Added new objective data for type=TRAVEL | Key=1OEPy6aKlMe0cmo8LieQDvVcsiu6iWAr2PUZdSF5eMI= | ID=102
20:12:26.156 [Expansion Quests] Added new objective data for type=AICAMP | Key=1OEPy6aKlMe0cmo8LieQDvVcsiu6iWAr2PUZdSF5eMI= | ID=101
20:12:26.156 [Expansion Quests] Added new objective data for type=AICAMP | Key=1OEPy6aKlMe0cmo8LieQDvVcsiu6iWAr2PUZdSF5eMI= | ID=102
20:12:26.156 [Expansion Quests] Updated and saved persistent player quest data for player with UID=1OEPy6aKlMe0cmo8LieQDvVcsiu6iWAr2PUZdSF5eMI= | Quest ID=30
20:12:34.031 [Killfeed] John Murstone's man был убит Da da Ya с КА-74 из 6 м расстояние.
20:12:34.984 [Killfeed] John Murstone's man был убит Da da Ya с КА-74 из 11 м расстояние.
20:12:42.820 [Killfeed] John Murstone's man был убит Da da Ya с КА-74 из 5 м расстояние.
20:13:40.750 [Safezone] Player "Da da Ya" (id=1OEPy6aKlMe0cmo8LieQDvVcsiu6iWAr2PUZdSF5eMI= pos=<3766.758545, 401.906647, 6010.152832>) Entered the safezone
20:13:51.601 [Expansion Quests] Updated and saved persistent player quest data for player with UID=1OEPy6aKlMe0cmo8LieQDvVcsiu6iWAr2PUZdSF5eMI= | Quest ID=30
20:13:51.601 [Expansion Quests] Player with UID=1OEPy6aKlMe0cmo8LieQDvVcsiu6iWAr2PUZdSF5eMI= has cancelled quest with ID=30. State=STARTED
20:13:58.968 [MissionAirdrop] An airdrop is heading towards "Sosnovka" (pos=<2700.000000, 0.000000, 6193.000000> type=Random_Sosnovka) with a ExpansionAirdropContainer_Military
20:15:05.796 [Expansion Quests] Deleted quest with ID=8 is a of player with UID=1OEPy6aKlMe0cmo8LieQDvVcsiu6iWAr2PUZdSF5eMI=.
20:15:05.796 [Expansion Quests] Deleted quest with ID=9 is a of player with UID=1OEPy6aKlMe0cmo8LieQDvVcsiu6iWAr2PUZdSF5eMI=.
20:15:05.796 [Expansion Quests] Deleted quest with ID=11 is a of player with UID=1OEPy6aKlMe0cmo8LieQDvVcsiu6iWAr2PUZdSF5eMI=.
