23:18:30.304 [Expansion Quests] Initialize quest system on the connected client with UID=1OEPy6aKlMe0cmo8LieQDvVcsiu6iWAr2PUZdSF5eMI=
23:18:30.335 [Expansion Quests] Loaded existing player quest data for player with UID=1OEPy6aKlMe0cmo8LieQDvVcsiu6iWAr2PUZdSF5eMI=
23:18:30.335 [Expansion Quests] Check quest initialization for quest with ID=8 | State=STARTED | Player UID=1OEPy6aKlMe0cmo8LieQDvVcsiu6iWAr2PUZdSF5eMI=
23:18:30.335 [Expansion Quests] Create new quest instance for quest with ID=8 | Player UID=1OEPy6aKlMe0cmo8LieQDvVcsiu6iWAr2PUZdSF5eMI=
23:18:30.335 [Expansion Quests] Check quest initialization for quest with ID=9 | State=STARTED | Player UID=1OEPy6aKlMe0cmo8LieQDvVcsiu6iWAr2PUZdSF5eMI=
23:18:30.335 [Expansion Quests] Create new quest instance for quest with ID=9 | Player UID=1OEPy6aKlMe0cmo8LieQDvVcsiu6iWAr2PUZdSF5eMI=
23:18:30.335 [Expansion Quests] Check quest initialization for quest with ID=11 | State=STARTED | Player UID=1OEPy6aKlMe0cmo8LieQDvVcsiu6iWAr2PUZdSF5eMI=
23:18:30.335 [Expansion Quests] Create new quest instance for quest with ID=11 | Player UID=1OEPy6aKlMe0cmo8LieQDvVcsiu6iWAr2PUZdSF5eMI=
23:18:30.335 [Expansion Quests] Check quest initialization for quest with ID=14 | State=COMPLETED | Player UID=1OEPy6aKlMe0cmo8LieQDvVcsiu6iWAr2PUZdSF5eMI=
23:18:30.335 [Expansion Quests] Quest with ID=1 is not a a valid achievement or auto start quest. Skip quest for player with UID=1OEPy6aKlMe0cmo8LieQDvVcsiu6iWAr2PUZdSF5eMI=
23:18:30.335 [Expansion Quests] Quest with ID=2 is not a a valid achievement or auto start quest. Skip quest for player with UID=1OEPy6aKlMe0cmo8LieQDvVcsiu6iWAr2PUZdSF5eMI=
23:18:30.335 [Expansion Quests] Quest with ID=3 is not a a valid achievement or auto start quest. Skip quest for player with UID=1OEPy6aKlMe0cmo8LieQDvVcsiu6iWAr2PUZdSF5eMI=
23:18:30.335 [Expansion Quests] Quest with ID=4 is not a a valid achievement or auto start quest. Skip quest for player with UID=1OEPy6aKlMe0cmo8LieQDvVcsiu6iWAr2PUZdSF5eMI=
23:18:30.335 [Expansion Quests] Quest with ID=5 is not a a valid achievement or auto start quest. Skip quest for player with UID=1OEPy6aKlMe0cmo8LieQDvVcsiu6iWAr2PUZdSF5eMI=
23:18:30.335 [Expansion Quests] Quest with ID=6 is not a a valid achievement or auto start quest. Skip quest for player with UID=1OEPy6aKlMe0cmo8LieQDvVcsiu6iWAr2PUZdSF5eMI=
23:18:30.335 [Expansion Quests] Quest with ID=7 is not a a valid achievement or auto start quest. Skip quest for player with UID=1OEPy6aKlMe0cmo8LieQDvVcsiu6iWAr2PUZdSF5eMI=
23:18:30.335 [Expansion Quests] Quest with ID=10 is not a a valid achievement or auto start quest. Skip quest for player with UID=1OEPy6aKlMe0cmo8LieQDvVcsiu6iWAr2PUZdSF5eMI=
23:18:30.335 [Expansion Quests] Quest with ID=12 is not a a valid achievement or auto start quest. Skip quest for player with UID=1OEPy6aKlMe0cmo8LieQDvVcsiu6iWAr2PUZdSF5eMI=
23:18:30.335 [Expansion Quests] Quest with ID=13 is not a a valid achievement or auto start quest. Skip quest for player with UID=1OEPy6aKlMe0cmo8LieQDvVcsiu6iWAr2PUZdSF5eMI=
23:18:30.335 [Expansion Quests] Quest with ID=15 is not a a valid achievement or auto start quest. Skip quest for player with UID=1OEPy6aKlMe0cmo8LieQDvVcsiu6iWAr2PUZdSF5eMI=
23:18:30.335 [Expansion Quests] Quest with ID=16 is not a a valid achievement or auto start quest. Skip quest for player with UID=1OEPy6aKlMe0cmo8LieQDvVcsiu6iWAr2PUZdSF5eMI=
23:18:30.335 [Expansion Quests] Quest with ID=17 is not a a valid achievement or auto start quest. Skip quest for player with UID=1OEPy6aKlMe0cmo8LieQDvVcsiu6iWAr2PUZdSF5eMI=
23:18:30.335 [Expansion Quests] Quest with ID=18 is not a a valid achievement or auto start quest. Skip quest for player with UID=1OEPy6aKlMe0cmo8LieQDvVcsiu6iWAr2PUZdSF5eMI=
23:18:30.335 [Expansion Quests] Quest with ID=19 is not a a valid achievement or auto start quest. Skip quest for player with UID=1OEPy6aKlMe0cmo8LieQDvVcsiu6iWAr2PUZdSF5eMI=
23:18:30.335 [Expansion Quests] Quest with ID=20 is not a a valid achievement or auto start quest. Skip quest for player with UID=1OEPy6aKlMe0cmo8LieQDvVcsiu6iWAr2PUZdSF5eMI=
23:18:30.335 [Expansion Quests] Quest with ID=21 is not a a valid achievement or auto start quest. Skip quest for player with UID=1OEPy6aKlMe0cmo8LieQDvVcsiu6iWAr2PUZdSF5eMI=
23:18:30.335 [Expansion Quests] Quest with ID=22 is not a a valid achievement or auto start quest. Skip quest for player with UID=1OEPy6aKlMe0cmo8LieQDvVcsiu6iWAr2PUZdSF5eMI=
23:18:30.335 [Expansion Quests] Quest with ID=23 is not a a valid achievement or auto start quest. Skip quest for player with UID=1OEPy6aKlMe0cmo8LieQDvVcsiu6iWAr2PUZdSF5eMI=
23:18:30.343 [Expansion Quests] Quest with ID=24 is not a a valid achievement or auto start quest. Skip quest for player with UID=1OEPy6aKlMe0cmo8LieQDvVcsiu6iWAr2PUZdSF5eMI=
23:18:30.343 [Expansion Quests] Sending 1OEPy6aKlMe0cmo8LieQDvVcsiu6iWAr2PUZdSF5eMI= quest configs to client for player with UID=1OEPy6aKlMe0cmo8LieQDvVcsiu6iWAr2PUZdSF5eMI=
23:18:30.343 [Expansion Quests] Sending player quest data for 4 quests to player with UID=1OEPy6aKlMe0cmo8LieQDvVcsiu6iWAr2PUZdSF5eMI=
23:18:30.343 [AI Object Patrol] Spawning 1 FireStationScavs_Tier1 bots at <6262.113281, 8.619924, 2721.123047>
23:18:30.359 [AI Patrol] Spawning 1 Ordinary_Scavengers_Tier_1(Cherno_Oil) bots at <5865.887207, 9.107567, 2184.537354>
23:18:30.375 [AI Patrol] Spawning 1 Ordinary_Scavengers_Tier_1(Vysotovo) bots at <5925.194336, 70.358261, 2647.577148>
23:18:30.390 [AI Patrol] Spawning 1 Ordinary_Scavengers_Tier_1(Cherno_Med) bots at <6517.767578, 9.389766, 2698.535156>
23:18:30.406 [AI Patrol] Spawning 1 Ordinary_Scavengers_Tier_1(Cherno_Exit) bots at <6593.721191, 14.069863, 2993.398682>
23:18:43.804 [AI Patrol] Spawning 1 Ordinary_Scavengers_Tier_1(Vysotovo) bots at <5500.611816, 60.954601, 2531.212891>
23:18:45.304 [AI Object Patrol] Spawning 2 PoliceStationScavs_Tier_1 bots at <6633.093262, 13.969685, 2586.646240>
23:18:48.671 [AI Patrol] Spawning 2 Ordinary_Scavengers_Tier_2(Hotel_Cherno) bots at <6605.463867, 6.023986, 2299.660156>
23:18:49.914 [AI Object Patrol] Spawning 2 Ordinary_Civilian bots at <6515.262207, 6.533941, 2307.472656>
23:18:52.320 [AI Object Patrol] Spawning 1 PoliceStationScavs_Tier_1 bots at <6202.298340, 32.781120, 2920.927002>
23:19:02.976 [Killfeed] AI Judy (Ordinary_Scavengers_Tier_1(Cherno_Oil)) был убит Da da Ya с USG-45 из 3 м расстояние.
23:19:03.312 [AI Patrol] Ordinary_Scavengers_Tier_1(Cherno_Oil) bots were wiped out (spawn position <5865.887207, 9.107567, 2184.537354>, 1/1 deceased)
23:19:32.468 [Killfeed] AI Maria (PoliceStationScavs_Tier_1) был убит Da da Ya с USG-45 из 6 м расстояние.
23:19:37.320 [AI Object Patrol] PoliceStationScavs_Tier_1 bots were wiped out (spawn position <6202.298340, 32.781120, 2920.927002>, 1/1 deceased)
23:19:45.742 [Killfeed] AI Baty (Ordinary_Scavengers_Tier_1(Cherno_Exit)) был убит Da da Ya с USG-45 из 4 м расстояние.
23:19:48.929 [AI Patrol] Ordinary_Scavengers_Tier_1(Cherno_Exit) bots were wiped out (spawn position <6593.721191, 14.069863, 2993.398682>, 1/1 deceased)
23:20:03.929 [Killfeed] AI Irena (PoliceStationScavs_Tier_1) был убит Da da Ya с USG-45 из 4 м расстояние.
23:20:31.125 [Killfeed] AI Rolf (Ordinary_Civilian) был убит Da da Ya с USG-45 из 2 м расстояние.
23:20:38.578 [Killfeed] AI Indar (Ordinary_Scavengers_Tier_2(Hotel_Cherno)) был убит Da da Ya с USG-45 из 1 м расстояние.
23:21:00.179 [Killfeed] AI Keiko (Ordinary_Scavengers_Tier_2(Hotel_Cherno)) был убит Da da Ya с USG-45 из 1 м расстояние.
23:21:03.601 [AI Patrol] Ordinary_Scavengers_Tier_2(Hotel_Cherno) bots were wiped out (spawn position <6605.463867, 6.023986, 2299.660156>, 2/2 deceased)
23:21:56.570 [Expansion Quests] Deleted quest with ID=8 is a of player with UID=1OEPy6aKlMe0cmo8LieQDvVcsiu6iWAr2PUZdSF5eMI=.
23:21:56.570 [Expansion Quests] Deleted quest with ID=9 is a of player with UID=1OEPy6aKlMe0cmo8LieQDvVcsiu6iWAr2PUZdSF5eMI=.
23:21:56.570 [Expansion Quests] Deleted quest with ID=11 is a of player with UID=1OEPy6aKlMe0cmo8LieQDvVcsiu6iWAr2PUZdSF5eMI=.
23:22:20.921 [Killfeed] AI Eva (Ordinary_Scavengers_Tier_1(Vysotovo)) был убит.
23:22:23.015 [AI Patrol] Ordinary_Scavengers_Tier_1(Vysotovo) bots were wiped out (spawn position <5500.611816, 60.954601, 2531.212891>, 1/1 deceased)
