16:00:28.636 [Expansion Quests] Added objects set for quest ID=5401 from file=q5301
16:00:28.636 [Expansion Quests] Added objects set for quest ID=2202 from file=q2202
16:00:28.636 [Expansion Quests] Added objects set for quest ID=2203 from file=q2203
16:00:28.636 [Expansion Quests] Added objects set for quest ID=2204 from file=q2204
16:00:28.636 [Expansion Quests] Added objects set for quest ID=2101 from file=q2101
16:00:28.636 [Expansion Quests] Added objects set for quest ID=61601 from file=q61601
16:00:28.636 [Expansion Quests] Added objects set for quest ID=2102 from file=q2102
16:00:28.636 [Expansion Quests] Added objects set for quest ID=2103 from file=q2103
16:00:28.636 [Expansion Quests] Added objects set for quest ID=2104 from file=q2104
16:00:28.636 [Expansion Quests] Added objects set for quest ID=2105 from file=q2105
16:00:28.636 [Expansion Quests] Added objects set for quest ID=6501 from file=q6501
16:00:28.636 [Expansion Quests] Added objects set for quest ID=5301 from file=q5301
16:00:28.636 [Expansion Quests] Added objects set for quest ID=5302 from file=q5302
16:00:28.640 [Expansion Quests] Added objects set for quest ID=5303 from file=q5303
16:00:28.640 [Expansion Quests] Added objects set for quest ID=5304 from file=q5304
16:00:28.640 [Expansion Quests] Added objects set for quest ID=61501 from file=q61501
16:00:28.640 [Expansion Quests] Added objects set for quest ID=61502 from file=q61502
16:00:28.640 [Expansion Quests] Added objects set for quest ID=61001 from file=q61001
16:00:28.640 [Expansion Quests] Added objects set for quest ID=2201 from file=q2201
16:00:28.640 [Expansion Quests] Added objects set for quest ID=1101 from file=q1101
16:00:28.640 [Expansion Quests] Added objects set for quest ID=1102 from file=q1102
16:00:28.640 [Expansion Quests] Added objects set for quest ID=1103 from file=q1102
16:00:28.640 [Expansion Quests] Added objects set for quest ID=1104 from file=q1104
16:00:28.640 [Expansion Quests] Added objects set for quest ID=1105 from file=q1105
16:00:28.640 [Expansion Quests] Added objects set for quest ID=5202 from file=q5202
16:00:28.640 [Expansion Quests] Added objects set for quest ID=5203 from file=q5203
16:00:28.640 [Expansion Quests] Added objects set for quest ID=2205 from file=q2205
16:00:28.640 [Expansion Quests] Added objects set for quest ID=6601 from file=q6601
16:00:28.640 [Expansion Quests] Added objects set for quest ID=5101 from file=q5101
16:00:28.640 [Expansion Quests] Added objects set for quest ID=5102 from file=q5102
16:00:28.640 [Expansion Quests] Added objects set for quest ID=5201 from file=q5201
16:01:04.699 [VehicleDeleted] Sedan_02_Red (id=AB698956D64FA3B8F25A5EAAA58A1EBE pos=<12141.7, 31.03, 9697.87>)
16:01:04.703 [VehicleDeleted] Sedan_02_Red (id=B683594CF942742F637EE888B8F2A4AA pos=<12144.6, 31.46, 9701.09>)
16:01:04.703 [VehicleDeleted] Sedan_02_Red (id=FD0D1A47034242F64058E497C14DE4E9 pos=<12144.7, 31.44, 9699.31>)
16:01:04.703 [VehicleDeleted] Sedan_02_Red (id=37F528141E419EDC56BDE9BB851632D6 pos=<12149, 31.11, 9699.58>)
16:01:04.707 [VehicleDeleted] Sedan_02_Red (id=FAB8CA1722497B38DA3C45825C7D1CE3 pos=<12146.5, 12.03, 9710.67>)
16:01:04.707 [VehicleDeleted] Sedan_02_Red (id=8AFB4C420842EEF40F7A58B212AC6EE7 pos=<12136.4, 31.76, 9706.15>)
16:01:04.707 [VehicleDeleted] Sedan_02_Red (id=4B9E48D7154F11E7D4E47199D5C599EC pos=<12142.6, 30.85, 9703.22>)
16:01:04.710 [VehicleDeleted] Sedan_02_Red (id=BD35E9714B4AE28E9929E691A0F191E6 pos=<12137.8, 32.5, 9706.46>)
16:01:04.710 [VehicleDeleted] Sedan_02_Red (id=A39953F32343D3D760D0169E11C6F767 pos=<12138.9, 31.11, 9704.45>)
16:01:04.710 [VehicleDeleted] Sedan_02_Red (id=D9ED2FB15D435809FC5C33B2FCA2FC28 pos=<12142.6, 31.96, 9704.24>)
16:01:04.710 [VehicleDeleted] Sedan_02_Red (id=F54801C554416D66EAF0FEB81262E368 pos=<12139.9, 31.76, 9700.96>)
16:01:04.714 [VehicleDeleted] Sedan_02_Red (id=902594A52643926D882D37BBB3AB3F74 pos=<12137.6, 31.11, 9700.48>)
16:01:04.714 [VehicleDeleted] Sedan_02_Red (id=E651A3D04345B3A2A6D895AF16963DE6 pos=<12146.8, 31.14, 9703.61>)
16:01:04.714 [VehicleDeleted] Sedan_02_Red (id=5BBF529FBB4C2CC3ED2622B54A1800D1 pos=<12135.7, 31.06, 9702.86>)
16:01:04.718 [VehicleDeleted] Sedan_02_Red (id=1E7E99FB484885AFB23E20962B79ECAE pos=<12144.7, 31.53, 9703.88>)
16:03:07.632 [Party] Player "Tonby" (id=1OEPy6aKlMe0cmo8LieQDvVcsiu6iWAr2PUZdSF5eMI=) joinded the party "Knight Fallen" (id=1 ownerUID=1OEPy6aKlMe0cmo8LieQDvVcsiu6iWAr2PUZdSF5eMI= ownerName=Survivor)
16:03:07.632 [Expansion Quests] Initialize quest system on the connected client with UID=1OEPy6aKlMe0cmo8LieQDvVcsiu6iWAr2PUZdSF5eMI=
16:03:07.687 [Expansion Quests] Loaded existing player quest data for player with UID=1OEPy6aKlMe0cmo8LieQDvVcsiu6iWAr2PUZdSF5eMI=
16:03:07.687 [Expansion Quests] Loaded existing group quest data for group with ID=1
16:03:07.691 [Expansion Quests] Check quest initialization for quest with ID=6901 | State=COMPLETED | Player UID=1OEPy6aKlMe0cmo8LieQDvVcsiu6iWAr2PUZdSF5eMI=
16:03:07.691 [Expansion Quests] Check quest initialization for quest with ID=6401 | State=COMPLETED | Player UID=1OEPy6aKlMe0cmo8LieQDvVcsiu6iWAr2PUZdSF5eMI=
16:03:07.691 [Expansion Quests] Check quest initialization for quest with ID=5101 | State=NONE | Player UID=1OEPy6aKlMe0cmo8LieQDvVcsiu6iWAr2PUZdSF5eMI=
16:03:07.691 [Expansion Quests] Check quest initialization for quest with ID=101 | State=COMPLETED | Player UID=1OEPy6aKlMe0cmo8LieQDvVcsiu6iWAr2PUZdSF5eMI=
16:03:07.691 [Expansion Quests] Check quest initialization for quest with ID=61101 | State=COMPLETED | Player UID=1OEPy6aKlMe0cmo8LieQDvVcsiu6iWAr2PUZdSF5eMI=
16:03:07.691 [Expansion Quests] Check quest initialization for quest with ID=6601 | State=COMPLETED | Player UID=1OEPy6aKlMe0cmo8LieQDvVcsiu6iWAr2PUZdSF5eMI=
16:03:07.691 [Expansion Quests] Check quest initialization for quest with ID=61301 | State=NONE | Player UID=1OEPy6aKlMe0cmo8LieQDvVcsiu6iWAr2PUZdSF5eMI=
16:03:07.691 [Expansion Quests] Check quest initialization for quest with ID=6701 | State=COMPLETED | Player UID=1OEPy6aKlMe0cmo8LieQDvVcsiu6iWAr2PUZdSF5eMI=
16:03:07.691 [Expansion Quests] Check quest initialization for quest with ID=1102 | State=NONE | Player UID=1OEPy6aKlMe0cmo8LieQDvVcsiu6iWAr2PUZdSF5eMI=
16:03:07.691 [Expansion Quests] Check quest initialization for quest with ID=1103 | State=NONE | Player UID=1OEPy6aKlMe0cmo8LieQDvVcsiu6iWAr2PUZdSF5eMI=
16:03:07.691 [Expansion Quests] Check quest initialization for quest with ID=6501 | State=COMPLETED | Player UID=1OEPy6aKlMe0cmo8LieQDvVcsiu6iWAr2PUZdSF5eMI=
16:03:07.691 [Expansion Quests] Check quest initialization for quest with ID=6801 | State=COMPLETED | Player UID=1OEPy6aKlMe0cmo8LieQDvVcsiu6iWAr2PUZdSF5eMI=
16:03:07.691 [Expansion Quests] Check quest initialization for quest with ID=1104 | State=NONE | Player UID=1OEPy6aKlMe0cmo8LieQDvVcsiu6iWAr2PUZdSF5eMI=
16:03:07.691 [Expansion Quests] Check quest initialization for quest with ID=6101 | State=COMPLETED | Player UID=1OEPy6aKlMe0cmo8LieQDvVcsiu6iWAr2PUZdSF5eMI=
16:03:07.691 [Expansion Quests] Check quest initialization for quest with ID=2101 | State=COMPLETED | Player UID=1OEPy6aKlMe0cmo8LieQDvVcsiu6iWAr2PUZdSF5eMI=
16:03:07.691 [Expansion Quests] Check quest initialization for quest with ID=6301 | State=COMPLETED | Player UID=1OEPy6aKlMe0cmo8LieQDvVcsiu6iWAr2PUZdSF5eMI=
16:03:07.691 [Expansion Quests] Check quest initialization for quest with ID=6201 | State=COMPLETED | Player UID=1OEPy6aKlMe0cmo8LieQDvVcsiu6iWAr2PUZdSF5eMI=
16:03:07.691 [Expansion Quests] Check quest initialization for quest with ID=61502 | State=COMPLETED | Player UID=1OEPy6aKlMe0cmo8LieQDvVcsiu6iWAr2PUZdSF5eMI=
16:03:07.691 [Expansion Quests] Check quest initialization for quest with ID=61001 | State=COMPLETED | Player UID=1OEPy6aKlMe0cmo8LieQDvVcsiu6iWAr2PUZdSF5eMI=
16:03:07.691 [Expansion Quests] Check quest initialization for quest with ID=61501 | State=NONE | Player UID=1OEPy6aKlMe0cmo8LieQDvVcsiu6iWAr2PUZdSF5eMI=
16:03:07.691 [Expansion Quests] Check quest initialization for quest with ID=1101 | State=NONE | Player UID=1OEPy6aKlMe0cmo8LieQDvVcsiu6iWAr2PUZdSF5eMI=
16:03:07.691 [Expansion Quests] Quest with ID=6401 is not a a valid achievement or auto start quest. Skip quest for player with UID=1OEPy6aKlMe0cmo8LieQDvVcsiu6iWAr2PUZdSF5eMI=
16:03:07.691 [Expansion Quests] Quest with ID=6701 is not a a valid achievement or auto start quest. Skip quest for player with UID=1OEPy6aKlMe0cmo8LieQDvVcsiu6iWAr2PUZdSF5eMI=
16:03:07.691 [Expansion Quests] Quest with ID=61201 is not a a valid achievement or auto start quest. Skip quest for player with UID=1OEPy6aKlMe0cmo8LieQDvVcsiu6iWAr2PUZdSF5eMI=
16:03:07.695 [Expansion Quests] Quest with ID=5401 is not a a valid achievement or auto start quest. Skip quest for player with UID=1OEPy6aKlMe0cmo8LieQDvVcsiu6iWAr2PUZdSF5eMI=
16:03:07.695 [Expansion Quests] Quest with ID=2202 is not a a valid achievement or auto start quest. Skip quest for player with UID=1OEPy6aKlMe0cmo8LieQDvVcsiu6iWAr2PUZdSF5eMI=
16:03:07.695 [Expansion Quests] Quest with ID=2203 is not a a valid achievement or auto start quest. Skip quest for player with UID=1OEPy6aKlMe0cmo8LieQDvVcsiu6iWAr2PUZdSF5eMI=
16:03:07.695 [Expansion Quests] Quest with ID=2204 is not a a valid achievement or auto start quest. Skip quest for player with UID=1OEPy6aKlMe0cmo8LieQDvVcsiu6iWAr2PUZdSF5eMI=
16:03:07.695 [Expansion Quests] Quest with ID=6301 is not a a valid achievement or auto start quest. Skip quest for player with UID=1OEPy6aKlMe0cmo8LieQDvVcsiu6iWAr2PUZdSF5eMI=
16:03:07.695 [Expansion Quests] Quest with ID=2101 is not a a valid achievement or auto start quest. Skip quest for player with UID=1OEPy6aKlMe0cmo8LieQDvVcsiu6iWAr2PUZdSF5eMI=
16:03:07.695 [Expansion Quests] Quest with ID=61601 is not a a valid achievement or auto start quest. Skip quest for player with UID=1OEPy6aKlMe0cmo8LieQDvVcsiu6iWAr2PUZdSF5eMI=
16:03:07.695 [Expansion Quests] Quest with ID=2102 is not a a valid achievement or auto start quest. Skip quest for player with UID=1OEPy6aKlMe0cmo8LieQDvVcsiu6iWAr2PUZdSF5eMI=
16:03:07.695 [Expansion Quests] Quest with ID=2103 is not a a valid achievement or auto start quest. Skip quest for player with UID=1OEPy6aKlMe0cmo8LieQDvVcsiu6iWAr2PUZdSF5eMI=
16:03:07.695 [Expansion Quests] Quest with ID=2104 is not a a valid achievement or auto start quest. Skip quest for player with UID=1OEPy6aKlMe0cmo8LieQDvVcsiu6iWAr2PUZdSF5eMI=
16:03:07.695 [Expansion Quests] Quest with ID=2105 is not a a valid achievement or auto start quest. Skip quest for player with UID=1OEPy6aKlMe0cmo8LieQDvVcsiu6iWAr2PUZdSF5eMI=
16:03:07.695 [Expansion Quests] Quest with ID=61101 is not a a valid achievement or auto start quest. Skip quest for player with UID=1OEPy6aKlMe0cmo8LieQDvVcsiu6iWAr2PUZdSF5eMI=
16:03:07.695 [Expansion Quests] Quest with ID=6501 is not a a valid achievement or auto start quest. Skip quest for player with UID=1OEPy6aKlMe0cmo8LieQDvVcsiu6iWAr2PUZdSF5eMI=
16:03:07.695 [Expansion Quests] Quest with ID=62001 is not a a valid achievement or auto start quest. Skip quest for player with UID=1OEPy6aKlMe0cmo8LieQDvVcsiu6iWAr2PUZdSF5eMI=
16:03:07.695 [Expansion Quests] Quest with ID=6801 is not a a valid achievement or auto start quest. Skip quest for player with UID=1OEPy6aKlMe0cmo8LieQDvVcsiu6iWAr2PUZdSF5eMI=
16:03:07.695 [Expansion Quests] Quest with ID=5301 is not a a valid achievement or auto start quest. Skip quest for player with UID=1OEPy6aKlMe0cmo8LieQDvVcsiu6iWAr2PUZdSF5eMI=
16:03:07.695 [Expansion Quests] Quest with ID=5302 is not a a valid achievement or auto start quest. Skip quest for player with UID=1OEPy6aKlMe0cmo8LieQDvVcsiu6iWAr2PUZdSF5eMI=
16:03:07.695 [Expansion Quests] Quest with ID=5303 is not a a valid achievement or auto start quest. Skip quest for player with UID=1OEPy6aKlMe0cmo8LieQDvVcsiu6iWAr2PUZdSF5eMI=
16:03:07.695 [Expansion Quests] Quest with ID=5304 is not a a valid achievement or auto start quest. Skip quest for player with UID=1OEPy6aKlMe0cmo8LieQDvVcsiu6iWAr2PUZdSF5eMI=
16:03:07.695 [Expansion Quests] Quest with ID=6201 is not a a valid achievement or auto start quest. Skip quest for player with UID=1OEPy6aKlMe0cmo8LieQDvVcsiu6iWAr2PUZdSF5eMI=
16:03:07.695 [Expansion Quests] Quest with ID=61501 is not a a valid achievement or auto start quest. Skip quest for player with UID=1OEPy6aKlMe0cmo8LieQDvVcsiu6iWAr2PUZdSF5eMI=
16:03:07.695 [Expansion Quests] Quest with ID=61502 is not a a valid achievement or auto start quest. Skip quest for player with UID=1OEPy6aKlMe0cmo8LieQDvVcsiu6iWAr2PUZdSF5eMI=
16:03:07.695 [Expansion Quests] Quest with ID=61001 is not a a valid achievement or auto start quest. Skip quest for player with UID=1OEPy6aKlMe0cmo8LieQDvVcsiu6iWAr2PUZdSF5eMI=
16:03:07.695 [Expansion Quests] Quest with ID=2201 is not a a valid achievement or auto start quest. Skip quest for player with UID=1OEPy6aKlMe0cmo8LieQDvVcsiu6iWAr2PUZdSF5eMI=
16:03:07.695 [Expansion Quests] Quest with ID=1101 is not a a valid achievement or auto start quest. Skip quest for player with UID=1OEPy6aKlMe0cmo8LieQDvVcsiu6iWAr2PUZdSF5eMI=
16:03:07.695 [Expansion Quests] Quest with ID=1102 is not a a valid achievement or auto start quest. Skip quest for player with UID=1OEPy6aKlMe0cmo8LieQDvVcsiu6iWAr2PUZdSF5eMI=
16:03:07.695 [Expansion Quests] Quest with ID=1103 is not a a valid achievement or auto start quest. Skip quest for player with UID=1OEPy6aKlMe0cmo8LieQDvVcsiu6iWAr2PUZdSF5eMI=
16:03:07.695 [Expansion Quests] Quest with ID=1104 is not a a valid achievement or auto start quest. Skip quest for player with UID=1OEPy6aKlMe0cmo8LieQDvVcsiu6iWAr2PUZdSF5eMI=
16:03:07.699 [Expansion Quests] Quest with ID=1105 is not a a valid achievement or auto start quest. Skip quest for player with UID=1OEPy6aKlMe0cmo8LieQDvVcsiu6iWAr2PUZdSF5eMI=
16:03:07.699 [Expansion Quests] Quest with ID=5202 is not a a valid achievement or auto start quest. Skip quest for player with UID=1OEPy6aKlMe0cmo8LieQDvVcsiu6iWAr2PUZdSF5eMI=
16:03:07.699 [Expansion Quests] Quest with ID=5203 is not a a valid achievement or auto start quest. Skip quest for player with UID=1OEPy6aKlMe0cmo8LieQDvVcsiu6iWAr2PUZdSF5eMI=
16:03:07.699 [Expansion Quests] Quest with ID=6101 is not a a valid achievement or auto start quest. Skip quest for player with UID=1OEPy6aKlMe0cmo8LieQDvVcsiu6iWAr2PUZdSF5eMI=
16:03:07.699 [Expansion Quests] Quest with ID=2205 is not a a valid achievement or auto start quest. Skip quest for player with UID=1OEPy6aKlMe0cmo8LieQDvVcsiu6iWAr2PUZdSF5eMI=
16:03:07.699 [Expansion Quests] Quest with ID=61401 is not a a valid achievement or auto start quest. Skip quest for player with UID=1OEPy6aKlMe0cmo8LieQDvVcsiu6iWAr2PUZdSF5eMI=
16:03:07.699 [Expansion Quests] Quest with ID=6601 is not a a valid achievement or auto start quest. Skip quest for player with UID=1OEPy6aKlMe0cmo8LieQDvVcsiu6iWAr2PUZdSF5eMI=
16:03:07.699 [Expansion Quests] Quest with ID=6901 is not a a valid achievement or auto start quest. Skip quest for player with UID=1OEPy6aKlMe0cmo8LieQDvVcsiu6iWAr2PUZdSF5eMI=
16:03:07.699 [Expansion Quests] Quest with ID=5101 is not a a valid achievement or auto start quest. Skip quest for player with UID=1OEPy6aKlMe0cmo8LieQDvVcsiu6iWAr2PUZdSF5eMI=
16:03:07.699 [Expansion Quests] Quest with ID=5102 is not a a valid achievement or auto start quest. Skip quest for player with UID=1OEPy6aKlMe0cmo8LieQDvVcsiu6iWAr2PUZdSF5eMI=
16:03:07.699 [Expansion Quests] Quest with ID=5201 is not a a valid achievement or auto start quest. Skip quest for player with UID=1OEPy6aKlMe0cmo8LieQDvVcsiu6iWAr2PUZdSF5eMI=
16:03:07.699 [Expansion Quests] Quest with ID=61301 is not a a valid achievement or auto start quest. Skip quest for player with UID=1OEPy6aKlMe0cmo8LieQDvVcsiu6iWAr2PUZdSF5eMI=
16:03:07.699 [Expansion Quests] Quest with ID=2301 is not a a valid achievement or auto start quest. Skip quest for player with UID=1OEPy6aKlMe0cmo8LieQDvVcsiu6iWAr2PUZdSF5eMI=
16:03:07.703 [Expansion Quests] Sending 1OEPy6aKlMe0cmo8LieQDvVcsiu6iWAr2PUZdSF5eMI= quest configs to client for player with UID=1OEPy6aKlMe0cmo8LieQDvVcsiu6iWAr2PUZdSF5eMI=
16:03:07.703 [Expansion Quests] Sending player quest data for 21 quests to player with UID=1OEPy6aKlMe0cmo8LieQDvVcsiu6iWAr2PUZdSF5eMI=
16:03:08.578 [Expansion Quests] - LoadGroupQuestData - Got cached group quest data for group with ID=1
16:06:10.820 [MissionAirdrop] An airdrop is heading towards "Stary Sobor" (pos=<5823.000000, 0.000000, 7764.000000> type=Random_Stary Sobor) with a ExpansionAirdropContainer_Basebuilding
16:18:45.164 [AI Object Patrol 00032] Spawning 1 WaterPump_Tier0 (Raiders) bots at <11890.382813, 54.003056, 9152.323242>
16:18:45.183 [AI Object Patrol 00032] Global patrol count: 1
16:18:45.222 [AI Object Patrol 00193] Spawning 1 PoliceStation_Tier2 (Raiders) bots at <12083.207031, 53.814720, 9065.133789>
16:18:45.250 [AI Object Patrol 00193] Global patrol count: 2
16:19:24.957 [AI Object Patrol 00171] Spawning 1 HospitalStation_Tier2 (Raiders) bots at <11921.613281, 54.162018, 9075.592773>
16:19:25.000 [AI Object Patrol 00171] Global patrol count: 3
16:19:39.066 [AI Object Patrol 00200] Spawning 1 WaterPump_Tier0 (Raiders) bots at <12259.695313, 92.788788, 10610.065430>
16:19:39.082 [AI Object Patrol 00200] Global patrol count: 4
16:19:39.957 [AI Patrol 00080] Spawning 1 Berezino_Tier1 (Raiders) bots at <12100.365234, 11.456337, 9749.109375>
16:19:39.988 [AI Patrol 00080] Global patrol count: 5
16:19:51.218 [AI Patrol 00079] Spawning 2 Berezino_Tier1 (Raiders) bots at <12383.283203, 9.182735, 9613.567383>
16:19:51.238 [AI Patrol 00079] Global patrol count: 6
16:19:52.949 [AI Object Patrol 00179] Spawning 3 ContaminatedArea_Tier4 (Raiders) bots at <12283.393555, 18.209999, 9483.810547>
16:19:52.980 [AI Object Patrol 00179] Global patrol count: 7
16:20:04.429 [Killfeed] AI Indar (Berezino_Tier1) был убит [Knigh] Tonby с АН-94M «Абакан» из 5 м расстояние.
16:20:05.921 [AI Patrol 00080] Berezino_Tier1 (Raiders) bots were wiped out (spawn position <12100.365234, 11.456337, 9749.109375>, 1/1 deceased)
16:20:05.921 [AI Patrol 00080] Global patrol count: 6
16:20:18.460 [Killfeed] AI Helga (Berezino_Tier1) был убит [Knigh] Tonby с АН-94M «Абакан» из 21 м расстояние.
16:20:22.082 [Killfeed] AI Manua (Berezino_Tier1) был убит [Knigh] Tonby с АН-94M «Абакан» из 36 м расстояние.
16:20:26.226 [AI Patrol 00079] Berezino_Tier1 (Raiders) bots were wiped out (spawn position <12383.283203, 9.182735, 9613.567383>, 2/2 deceased)
16:20:26.226 [AI Patrol 00079] Global patrol count: 5
16:20:36.523 [AI Object Patrol 00032] Despawning 1 WaterPump_Tier0 (Raiders) bots (spawn position <11890.382813, 54.003056, 9152.323242>, 0/1 deceased)
16:20:36.523 [AI Object Patrol 00032] Global patrol count: 4
16:20:38.773 [AI Object Patrol 00171] Despawning 1 HospitalStation_Tier2 (Raiders) bots (spawn position <11921.613281, 54.162018, 9075.592773>, 0/1 deceased)
16:20:38.773 [AI Object Patrol 00171] Global patrol count: 3
16:20:51.375 [AI Object Patrol 00200] Despawning 1 WaterPump_Tier0 (Raiders) bots (spawn position <12259.695313, 92.788788, 10610.065430>, 0/1 deceased)
16:20:51.375 [AI Object Patrol 00200] Global patrol count: 2
16:21:11.546 [Killfeed] AI Keiko (ContaminatedArea_Tier4) был убит [Knigh] Tonby с АН-94M «Абакан» из 8 м расстояние.
16:21:18.621 [Killfeed] AI Judy (ContaminatedArea_Tier4) был убит [Knigh] Tonby с АН-94M «Абакан» из 44 м расстояние.
16:23:06.226 [AI Patrol 00079] Despawning 0 Berezino_Tier1 (Raiders) bots (spawn position <12383.283203, 9.182735, 9613.567383>, 2/2 deceased)
16:23:16.414 [Killfeed] AI Frida (ContaminatedArea_Tier4) умер от Химическое отравление.
16:23:18.734 [AI Object Patrol 00179] ContaminatedArea_Tier4 (Raiders) bots were wiped out (spawn position <12283.393555, 18.209999, 9483.810547>, 3/3 deceased)
16:23:18.734 [AI Object Patrol 00179] Global patrol count: 1
16:23:25.925 [AI Patrol 00080] Despawning 0 Berezino_Tier1 (Raiders) bots (spawn position <12100.365234, 11.456337, 9749.109375>, 1/1 deceased)
16:24:06.847 [Killfeed] AI Boris (PoliceStation_Tier2) был убит [Knigh] Tonby с АН-94M «Абакан» из 3 м расстояние.
16:24:07.863 [AI Object Patrol 00193] PoliceStation_Tier2 (Raiders) bots were wiped out (spawn position <12083.207031, 53.814720, 9065.133789>, 1/1 deceased)
16:24:07.863 [AI Object Patrol 00193] Global patrol count: 0
16:27:10.781 [Party] Player "Tonby" (id=1OEPy6aKlMe0cmo8LieQDvVcsiu6iWAr2PUZdSF5eMI=) left the party "Knight Fallen" (id=1 ownerUID=1OEPy6aKlMe0cmo8LieQDvVcsiu6iWAr2PUZdSF5eMI= ownerName=Survivor)
16:27:12.902 [AI Object Patrol 00193] Despawning 0 PoliceStation_Tier2 (Raiders) bots (spawn position <12078.086914, 54.030640, 9053.322266>, 1/1 deceased)
16:27:13.773 [AI Object Patrol 00179] Despawning 0 ContaminatedArea_Tier4 (Raiders) bots (spawn position <12261.819336, 18.850561, 9464.834961>, 3/3 deceased)
16:56:12.257 [VehicleDestroyed] Truck_01_Covered (id=F767409E2E44A2DA645577813230DD63 pos=<4176.32, 338.75, 10725.7>)
