10:25:32.281 [Expansion Quests] Added objects set for quest ID=5401 from file=q5301
10:25:32.281 [Expansion Quests] Added objects set for quest ID=2202 from file=q2202
10:25:32.281 [Expansion Quests] Added objects set for quest ID=2203 from file=q2203
10:25:32.281 [Expansion Quests] Added objects set for quest ID=2204 from file=q2204
10:25:32.281 [Expansion Quests] Added objects set for quest ID=2101 from file=q2101
10:25:32.281 [Expansion Quests] Added objects set for quest ID=61601 from file=q61601
10:25:32.281 [Expansion Quests] Added objects set for quest ID=2102 from file=q2102
10:25:32.281 [Expansion Quests] Added objects set for quest ID=2103 from file=q2103
10:25:32.281 [Expansion Quests] Added objects set for quest ID=2104 from file=q2104
10:25:32.281 [Expansion Quests] Added objects set for quest ID=2105 from file=q2105
10:25:32.281 [Expansion Quests] Added objects set for quest ID=6501 from file=q6501
10:25:32.281 [Expansion Quests] Added objects set for quest ID=5301 from file=q5301
10:25:32.281 [Expansion Quests] Added objects set for quest ID=5302 from file=q5302
10:25:32.281 [Expansion Quests] Added objects set for quest ID=5303 from file=q5303
10:25:32.281 [Expansion Quests] Added objects set for quest ID=5304 from file=q5304
10:25:32.281 [Expansion Quests] Added objects set for quest ID=61501 from file=q61501
10:25:32.281 [Expansion Quests] Added objects set for quest ID=61502 from file=q61502
10:25:32.281 [Expansion Quests] Added objects set for quest ID=61001 from file=q61001
10:25:32.285 [Expansion Quests] Added objects set for quest ID=2201 from file=q2201
10:25:32.285 [Expansion Quests] Added objects set for quest ID=1101 from file=q1101
10:25:32.285 [Expansion Quests] Added objects set for quest ID=1102 from file=q1102
10:25:32.285 [Expansion Quests] Added objects set for quest ID=1103 from file=q1102
10:25:32.285 [Expansion Quests] Added objects set for quest ID=1104 from file=q1104
10:25:32.285 [Expansion Quests] Added objects set for quest ID=1105 from file=q1105
10:25:32.285 [Expansion Quests] Added objects set for quest ID=5202 from file=q5202
10:25:32.285 [Expansion Quests] Added objects set for quest ID=5203 from file=q5203
10:25:32.285 [Expansion Quests] Added objects set for quest ID=2205 from file=q2205
10:25:32.285 [Expansion Quests] Added objects set for quest ID=6601 from file=q6601
10:25:32.285 [Expansion Quests] Added objects set for quest ID=5101 from file=q5101
10:25:32.285 [Expansion Quests] Added objects set for quest ID=5102 from file=q5102
10:25:32.285 [Expansion Quests] Added objects set for quest ID=5201 from file=q5201
10:26:32.539 [Party] Player "Tonby" (id=1OEPy6aKlMe0cmo8LieQDvVcsiu6iWAr2PUZdSF5eMI=) joinded the party "Knight Fallen" (id=1 ownerUID=1OEPy6aKlMe0cmo8LieQDvVcsiu6iWAr2PUZdSF5eMI= ownerName=Survivor)
10:26:32.539 [Expansion Quests] Initialize quest system on the connected client with UID=1OEPy6aKlMe0cmo8LieQDvVcsiu6iWAr2PUZdSF5eMI=
10:26:32.589 [Expansion Quests] Loaded existing player quest data for player with UID=1OEPy6aKlMe0cmo8LieQDvVcsiu6iWAr2PUZdSF5eMI=
10:26:32.589 [Expansion Quests] Loaded existing group quest data for group with ID=1
10:26:32.589 [Expansion Quests] Check quest initialization for quest with ID=61301 | State=NONE | Player UID=1OEPy6aKlMe0cmo8LieQDvVcsiu6iWAr2PUZdSF5eMI=
10:26:32.589 [Expansion Quests] Check quest initialization for quest with ID=6401 | State=COMPLETED | Player UID=1OEPy6aKlMe0cmo8LieQDvVcsiu6iWAr2PUZdSF5eMI=
10:26:32.589 [Expansion Quests] Check quest initialization for quest with ID=5101 | State=NONE | Player UID=1OEPy6aKlMe0cmo8LieQDvVcsiu6iWAr2PUZdSF5eMI=
10:26:32.589 [Expansion Quests] Check quest initialization for quest with ID=101 | State=COMPLETED | Player UID=1OEPy6aKlMe0cmo8LieQDvVcsiu6iWAr2PUZdSF5eMI=
10:26:32.589 [Expansion Quests] Check quest initialization for quest with ID=61101 | State=COMPLETED | Player UID=1OEPy6aKlMe0cmo8LieQDvVcsiu6iWAr2PUZdSF5eMI=
10:26:32.589 [Expansion Quests] Check quest initialization for quest with ID=6601 | State=COMPLETED | Player UID=1OEPy6aKlMe0cmo8LieQDvVcsiu6iWAr2PUZdSF5eMI=
10:26:32.589 [Expansion Quests] Check quest initialization for quest with ID=6101 | State=COMPLETED | Player UID=1OEPy6aKlMe0cmo8LieQDvVcsiu6iWAr2PUZdSF5eMI=
10:26:32.589 [Expansion Quests] Check quest initialization for quest with ID=6701 | State=COMPLETED | Player UID=1OEPy6aKlMe0cmo8LieQDvVcsiu6iWAr2PUZdSF5eMI=
10:26:32.589 [Expansion Quests] Check quest initialization for quest with ID=1102 | State=NONE | Player UID=1OEPy6aKlMe0cmo8LieQDvVcsiu6iWAr2PUZdSF5eMI=
10:26:32.589 [Expansion Quests] Check quest initialization for quest with ID=1103 | State=NONE | Player UID=1OEPy6aKlMe0cmo8LieQDvVcsiu6iWAr2PUZdSF5eMI=
10:26:32.589 [Expansion Quests] Check quest initialization for quest with ID=6501 | State=COMPLETED | Player UID=1OEPy6aKlMe0cmo8LieQDvVcsiu6iWAr2PUZdSF5eMI=
10:26:32.589 [Expansion Quests] Check quest initialization for quest with ID=6801 | State=COMPLETED | Player UID=1OEPy6aKlMe0cmo8LieQDvVcsiu6iWAr2PUZdSF5eMI=
10:26:32.589 [Expansion Quests] Check quest initialization for quest with ID=1104 | State=NONE | Player UID=1OEPy6aKlMe0cmo8LieQDvVcsiu6iWAr2PUZdSF5eMI=
10:26:32.589 [Expansion Quests] Check quest initialization for quest with ID=1101 | State=NONE | Player UID=1OEPy6aKlMe0cmo8LieQDvVcsiu6iWAr2PUZdSF5eMI=
10:26:32.589 [Expansion Quests] Check quest initialization for quest with ID=6901 | State=COMPLETED | Player UID=1OEPy6aKlMe0cmo8LieQDvVcsiu6iWAr2PUZdSF5eMI=
10:26:32.589 [Expansion Quests] Check quest initialization for quest with ID=2101 | State=COMPLETED | Player UID=1OEPy6aKlMe0cmo8LieQDvVcsiu6iWAr2PUZdSF5eMI=
10:26:32.589 [Expansion Quests] Check quest initialization for quest with ID=61501 | State=NONE | Player UID=1OEPy6aKlMe0cmo8LieQDvVcsiu6iWAr2PUZdSF5eMI=
10:26:32.593 [Expansion Quests] Check quest initialization for quest with ID=6201 | State=COMPLETED | Player UID=1OEPy6aKlMe0cmo8LieQDvVcsiu6iWAr2PUZdSF5eMI=
10:26:32.593 [Expansion Quests] Check quest initialization for quest with ID=61001 | State=COMPLETED | Player UID=1OEPy6aKlMe0cmo8LieQDvVcsiu6iWAr2PUZdSF5eMI=
10:26:32.593 [Expansion Quests] Check quest initialization for quest with ID=6301 | State=COMPLETED | Player UID=1OEPy6aKlMe0cmo8LieQDvVcsiu6iWAr2PUZdSF5eMI=
10:26:32.593 [Expansion Quests] Check quest initialization for quest with ID=61502 | State=COMPLETED | Player UID=1OEPy6aKlMe0cmo8LieQDvVcsiu6iWAr2PUZdSF5eMI=
10:26:32.593 [Expansion Quests] Quest with ID=6401 is not a a valid achievement or auto start quest. Skip quest for player with UID=1OEPy6aKlMe0cmo8LieQDvVcsiu6iWAr2PUZdSF5eMI=
10:26:32.593 [Expansion Quests] Quest with ID=6701 is not a a valid achievement or auto start quest. Skip quest for player with UID=1OEPy6aKlMe0cmo8LieQDvVcsiu6iWAr2PUZdSF5eMI=
10:26:32.593 [Expansion Quests] Quest with ID=61201 is not a a valid achievement or auto start quest. Skip quest for player with UID=1OEPy6aKlMe0cmo8LieQDvVcsiu6iWAr2PUZdSF5eMI=
10:26:32.593 [Expansion Quests] Quest with ID=5401 is not a a valid achievement or auto start quest. Skip quest for player with UID=1OEPy6aKlMe0cmo8LieQDvVcsiu6iWAr2PUZdSF5eMI=
10:26:32.593 [Expansion Quests] Quest with ID=2202 is not a a valid achievement or auto start quest. Skip quest for player with UID=1OEPy6aKlMe0cmo8LieQDvVcsiu6iWAr2PUZdSF5eMI=
10:26:32.593 [Expansion Quests] Quest with ID=2203 is not a a valid achievement or auto start quest. Skip quest for player with UID=1OEPy6aKlMe0cmo8LieQDvVcsiu6iWAr2PUZdSF5eMI=
10:26:32.593 [Expansion Quests] Quest with ID=2204 is not a a valid achievement or auto start quest. Skip quest for player with UID=1OEPy6aKlMe0cmo8LieQDvVcsiu6iWAr2PUZdSF5eMI=
10:26:32.593 [Expansion Quests] Quest with ID=6301 is not a a valid achievement or auto start quest. Skip quest for player with UID=1OEPy6aKlMe0cmo8LieQDvVcsiu6iWAr2PUZdSF5eMI=
10:26:32.593 [Expansion Quests] Quest with ID=2101 is not a a valid achievement or auto start quest. Skip quest for player with UID=1OEPy6aKlMe0cmo8LieQDvVcsiu6iWAr2PUZdSF5eMI=
10:26:32.593 [Expansion Quests] Quest with ID=61601 is not a a valid achievement or auto start quest. Skip quest for player with UID=1OEPy6aKlMe0cmo8LieQDvVcsiu6iWAr2PUZdSF5eMI=
10:26:32.593 [Expansion Quests] Quest with ID=2102 is not a a valid achievement or auto start quest. Skip quest for player with UID=1OEPy6aKlMe0cmo8LieQDvVcsiu6iWAr2PUZdSF5eMI=
10:26:32.593 [Expansion Quests] Quest with ID=2103 is not a a valid achievement or auto start quest. Skip quest for player with UID=1OEPy6aKlMe0cmo8LieQDvVcsiu6iWAr2PUZdSF5eMI=
10:26:32.593 [Expansion Quests] Quest with ID=2104 is not a a valid achievement or auto start quest. Skip quest for player with UID=1OEPy6aKlMe0cmo8LieQDvVcsiu6iWAr2PUZdSF5eMI=
10:26:32.593 [Expansion Quests] Quest with ID=2105 is not a a valid achievement or auto start quest. Skip quest for player with UID=1OEPy6aKlMe0cmo8LieQDvVcsiu6iWAr2PUZdSF5eMI=
10:26:32.593 [Expansion Quests] Quest with ID=61101 is not a a valid achievement or auto start quest. Skip quest for player with UID=1OEPy6aKlMe0cmo8LieQDvVcsiu6iWAr2PUZdSF5eMI=
10:26:32.593 [Expansion Quests] Quest with ID=6501 is not a a valid achievement or auto start quest. Skip quest for player with UID=1OEPy6aKlMe0cmo8LieQDvVcsiu6iWAr2PUZdSF5eMI=
10:26:32.593 [Expansion Quests] Quest with ID=62001 is not a a valid achievement or auto start quest. Skip quest for player with UID=1OEPy6aKlMe0cmo8LieQDvVcsiu6iWAr2PUZdSF5eMI=
10:26:32.593 [Expansion Quests] Quest with ID=6801 is not a a valid achievement or auto start quest. Skip quest for player with UID=1OEPy6aKlMe0cmo8LieQDvVcsiu6iWAr2PUZdSF5eMI=
10:26:32.593 [Expansion Quests] Quest with ID=5301 is not a a valid achievement or auto start quest. Skip quest for player with UID=1OEPy6aKlMe0cmo8LieQDvVcsiu6iWAr2PUZdSF5eMI=
10:26:32.593 [Expansion Quests] Quest with ID=5302 is not a a valid achievement or auto start quest. Skip quest for player with UID=1OEPy6aKlMe0cmo8LieQDvVcsiu6iWAr2PUZdSF5eMI=
10:26:32.593 [Expansion Quests] Quest with ID=5303 is not a a valid achievement or auto start quest. Skip quest for player with UID=1OEPy6aKlMe0cmo8LieQDvVcsiu6iWAr2PUZdSF5eMI=
10:26:32.593 [Expansion Quests] Quest with ID=5304 is not a a valid achievement or auto start quest. Skip quest for player with UID=1OEPy6aKlMe0cmo8LieQDvVcsiu6iWAr2PUZdSF5eMI=
10:26:32.597 [Expansion Quests] Quest with ID=6201 is not a a valid achievement or auto start quest. Skip quest for player with UID=1OEPy6aKlMe0cmo8LieQDvVcsiu6iWAr2PUZdSF5eMI=
10:26:32.597 [Expansion Quests] Quest with ID=61501 is not a a valid achievement or auto start quest. Skip quest for player with UID=1OEPy6aKlMe0cmo8LieQDvVcsiu6iWAr2PUZdSF5eMI=
10:26:32.597 [Expansion Quests] Quest with ID=61502 is not a a valid achievement or auto start quest. Skip quest for player with UID=1OEPy6aKlMe0cmo8LieQDvVcsiu6iWAr2PUZdSF5eMI=
10:26:32.597 [Expansion Quests] Quest with ID=61001 is not a a valid achievement or auto start quest. Skip quest for player with UID=1OEPy6aKlMe0cmo8LieQDvVcsiu6iWAr2PUZdSF5eMI=
10:26:32.597 [Expansion Quests] Quest with ID=2201 is not a a valid achievement or auto start quest. Skip quest for player with UID=1OEPy6aKlMe0cmo8LieQDvVcsiu6iWAr2PUZdSF5eMI=
10:26:32.597 [Expansion Quests] Quest with ID=1101 is not a a valid achievement or auto start quest. Skip quest for player with UID=1OEPy6aKlMe0cmo8LieQDvVcsiu6iWAr2PUZdSF5eMI=
10:26:32.597 [Expansion Quests] Quest with ID=1102 is not a a valid achievement or auto start quest. Skip quest for player with UID=1OEPy6aKlMe0cmo8LieQDvVcsiu6iWAr2PUZdSF5eMI=
10:26:32.597 [Expansion Quests] Quest with ID=1103 is not a a valid achievement or auto start quest. Skip quest for player with UID=1OEPy6aKlMe0cmo8LieQDvVcsiu6iWAr2PUZdSF5eMI=
10:26:32.597 [Expansion Quests] Quest with ID=1104 is not a a valid achievement or auto start quest. Skip quest for player with UID=1OEPy6aKlMe0cmo8LieQDvVcsiu6iWAr2PUZdSF5eMI=
10:26:32.597 [Expansion Quests] Quest with ID=1105 is not a a valid achievement or auto start quest. Skip quest for player with UID=1OEPy6aKlMe0cmo8LieQDvVcsiu6iWAr2PUZdSF5eMI=
10:26:32.597 [Expansion Quests] Quest with ID=5202 is not a a valid achievement or auto start quest. Skip quest for player with UID=1OEPy6aKlMe0cmo8LieQDvVcsiu6iWAr2PUZdSF5eMI=
10:26:32.597 [Expansion Quests] Quest with ID=5203 is not a a valid achievement or auto start quest. Skip quest for player with UID=1OEPy6aKlMe0cmo8LieQDvVcsiu6iWAr2PUZdSF5eMI=
10:26:32.597 [Expansion Quests] Quest with ID=6101 is not a a valid achievement or auto start quest. Skip quest for player with UID=1OEPy6aKlMe0cmo8LieQDvVcsiu6iWAr2PUZdSF5eMI=
10:26:32.597 [Expansion Quests] Quest with ID=2205 is not a a valid achievement or auto start quest. Skip quest for player with UID=1OEPy6aKlMe0cmo8LieQDvVcsiu6iWAr2PUZdSF5eMI=
10:26:32.597 [Expansion Quests] Quest with ID=61401 is not a a valid achievement or auto start quest. Skip quest for player with UID=1OEPy6aKlMe0cmo8LieQDvVcsiu6iWAr2PUZdSF5eMI=
10:26:32.597 [Expansion Quests] Quest with ID=6601 is not a a valid achievement or auto start quest. Skip quest for player with UID=1OEPy6aKlMe0cmo8LieQDvVcsiu6iWAr2PUZdSF5eMI=
10:26:32.597 [Expansion Quests] Quest with ID=6901 is not a a valid achievement or auto start quest. Skip quest for player with UID=1OEPy6aKlMe0cmo8LieQDvVcsiu6iWAr2PUZdSF5eMI=
10:26:32.597 [Expansion Quests] Quest with ID=5101 is not a a valid achievement or auto start quest. Skip quest for player with UID=1OEPy6aKlMe0cmo8LieQDvVcsiu6iWAr2PUZdSF5eMI=
10:26:32.597 [Expansion Quests] Quest with ID=5102 is not a a valid achievement or auto start quest. Skip quest for player with UID=1OEPy6aKlMe0cmo8LieQDvVcsiu6iWAr2PUZdSF5eMI=
10:26:32.597 [Expansion Quests] Quest with ID=5201 is not a a valid achievement or auto start quest. Skip quest for player with UID=1OEPy6aKlMe0cmo8LieQDvVcsiu6iWAr2PUZdSF5eMI=
10:26:32.597 [Expansion Quests] Quest with ID=61301 is not a a valid achievement or auto start quest. Skip quest for player with UID=1OEPy6aKlMe0cmo8LieQDvVcsiu6iWAr2PUZdSF5eMI=
10:26:32.597 [Expansion Quests] Quest with ID=2301 is not a a valid achievement or auto start quest. Skip quest for player with UID=1OEPy6aKlMe0cmo8LieQDvVcsiu6iWAr2PUZdSF5eMI=
10:26:32.601 [Expansion Quests] Sending 1OEPy6aKlMe0cmo8LieQDvVcsiu6iWAr2PUZdSF5eMI= quest configs to client for player with UID=1OEPy6aKlMe0cmo8LieQDvVcsiu6iWAr2PUZdSF5eMI=
10:26:32.605 [Expansion Quests] Sending player quest data for 21 quests to player with UID=1OEPy6aKlMe0cmo8LieQDvVcsiu6iWAr2PUZdSF5eMI=
10:26:33.449 [Expansion Quests] - LoadGroupQuestData - Got cached group quest data for group with ID=1
10:26:34.339 [Party] Player "Quvio" (id=z63osPRVUnS8pzWmaenLtvu6c2gVxwL4gvA4elWPF5w=) joinded the party "Knight Fallen" (id=1 ownerUID=1OEPy6aKlMe0cmo8LieQDvVcsiu6iWAr2PUZdSF5eMI= ownerName=Survivor)
10:26:34.339 [Expansion Quests] Initialize quest system on the connected client with UID=z63osPRVUnS8pzWmaenLtvu6c2gVxwL4gvA4elWPF5w=
10:26:34.390 [Expansion Quests] Loaded existing player quest data for player with UID=z63osPRVUnS8pzWmaenLtvu6c2gVxwL4gvA4elWPF5w=
10:26:34.390 [Expansion Quests] - LoadGroupQuestData - Got cached group quest data for group with ID=1
10:26:34.390 [Expansion Quests] Check quest initialization for quest with ID=6101 | State=COMPLETED | Player UID=z63osPRVUnS8pzWmaenLtvu6c2gVxwL4gvA4elWPF5w=
10:26:34.390 [Expansion Quests] Check quest initialization for quest with ID=6401 | State=COMPLETED | Player UID=z63osPRVUnS8pzWmaenLtvu6c2gVxwL4gvA4elWPF5w=
10:26:34.390 [Expansion Quests] Check quest initialization for quest with ID=5101 | State=NONE | Player UID=z63osPRVUnS8pzWmaenLtvu6c2gVxwL4gvA4elWPF5w=
10:26:34.390 [Expansion Quests] Check quest initialization for quest with ID=6501 | State=COMPLETED | Player UID=z63osPRVUnS8pzWmaenLtvu6c2gVxwL4gvA4elWPF5w=
10:26:34.390 [Expansion Quests] Check quest initialization for quest with ID=61101 | State=COMPLETED | Player UID=z63osPRVUnS8pzWmaenLtvu6c2gVxwL4gvA4elWPF5w=
10:26:34.390 [Expansion Quests] Check quest initialization for quest with ID=6601 | State=COMPLETED | Player UID=z63osPRVUnS8pzWmaenLtvu6c2gVxwL4gvA4elWPF5w=
10:26:34.390 [Expansion Quests] Check quest initialization for quest with ID=6901 | State=COMPLETED | Player UID=z63osPRVUnS8pzWmaenLtvu6c2gVxwL4gvA4elWPF5w=
10:26:34.394 [Expansion Quests] Check quest initialization for quest with ID=6201 | State=COMPLETED | Player UID=z63osPRVUnS8pzWmaenLtvu6c2gVxwL4gvA4elWPF5w=
10:26:34.394 [Expansion Quests] Check quest initialization for quest with ID=6701 | State=COMPLETED | Player UID=z63osPRVUnS8pzWmaenLtvu6c2gVxwL4gvA4elWPF5w=
10:26:34.394 [Expansion Quests] Check quest initialization for quest with ID=101 | State=COMPLETED | Player UID=z63osPRVUnS8pzWmaenLtvu6c2gVxwL4gvA4elWPF5w=
10:26:34.394 [Expansion Quests] Check quest initialization for quest with ID=6801 | State=COMPLETED | Player UID=z63osPRVUnS8pzWmaenLtvu6c2gVxwL4gvA4elWPF5w=
10:26:34.394 [Expansion Quests] Check quest initialization for quest with ID=61201 | State=STARTED | Player UID=z63osPRVUnS8pzWmaenLtvu6c2gVxwL4gvA4elWPF5w=
10:26:34.394 [Expansion Quests] Create new quest instance for quest with ID=61201 | Player UID=z63osPRVUnS8pzWmaenLtvu6c2gVxwL4gvA4elWPF5w=
10:26:34.394 [Expansion Quests] Check quest initialization for quest with ID=61301 | State=NONE | Player UID=z63osPRVUnS8pzWmaenLtvu6c2gVxwL4gvA4elWPF5w=
10:26:34.394 [Expansion Quests] Check quest initialization for quest with ID=2101 | State=COMPLETED | Player UID=z63osPRVUnS8pzWmaenLtvu6c2gVxwL4gvA4elWPF5w=
10:26:34.394 [Expansion Quests] Check quest initialization for quest with ID=6301 | State=COMPLETED | Player UID=z63osPRVUnS8pzWmaenLtvu6c2gVxwL4gvA4elWPF5w=
10:26:34.394 [Expansion Quests] Check quest initialization for quest with ID=61401 | State=NONE | Player UID=z63osPRVUnS8pzWmaenLtvu6c2gVxwL4gvA4elWPF5w=
10:26:34.394 [Expansion Quests] Check quest initialization for quest with ID=61001 | State=COMPLETED | Player UID=z63osPRVUnS8pzWmaenLtvu6c2gVxwL4gvA4elWPF5w=
10:26:34.394 [Expansion Quests] Check quest initialization for quest with ID=61501 | State=NONE | Player UID=z63osPRVUnS8pzWmaenLtvu6c2gVxwL4gvA4elWPF5w=
10:26:34.394 [Expansion Quests] Check quest initialization for quest with ID=61502 | State=COMPLETED | Player UID=z63osPRVUnS8pzWmaenLtvu6c2gVxwL4gvA4elWPF5w=
10:26:34.394 [Expansion Quests] Quest with ID=6401 is not a a valid achievement or auto start quest. Skip quest for player with UID=z63osPRVUnS8pzWmaenLtvu6c2gVxwL4gvA4elWPF5w=
10:26:34.394 [Expansion Quests] Quest with ID=6701 is not a a valid achievement or auto start quest. Skip quest for player with UID=z63osPRVUnS8pzWmaenLtvu6c2gVxwL4gvA4elWPF5w=
10:26:34.394 [Expansion Quests] Quest with ID=5401 is not a a valid achievement or auto start quest. Skip quest for player with UID=z63osPRVUnS8pzWmaenLtvu6c2gVxwL4gvA4elWPF5w=
10:26:34.394 [Expansion Quests] Quest with ID=2202 is not a a valid achievement or auto start quest. Skip quest for player with UID=z63osPRVUnS8pzWmaenLtvu6c2gVxwL4gvA4elWPF5w=
10:26:34.398 [Expansion Quests] Quest with ID=2203 is not a a valid achievement or auto start quest. Skip quest for player with UID=z63osPRVUnS8pzWmaenLtvu6c2gVxwL4gvA4elWPF5w=
10:26:34.398 [Expansion Quests] Quest with ID=2204 is not a a valid achievement or auto start quest. Skip quest for player with UID=z63osPRVUnS8pzWmaenLtvu6c2gVxwL4gvA4elWPF5w=
10:26:34.398 [Expansion Quests] Quest with ID=6301 is not a a valid achievement or auto start quest. Skip quest for player with UID=z63osPRVUnS8pzWmaenLtvu6c2gVxwL4gvA4elWPF5w=
10:26:34.398 [Expansion Quests] Quest with ID=2101 is not a a valid achievement or auto start quest. Skip quest for player with UID=z63osPRVUnS8pzWmaenLtvu6c2gVxwL4gvA4elWPF5w=
10:26:34.398 [Expansion Quests] Quest with ID=61601 is not a a valid achievement or auto start quest. Skip quest for player with UID=z63osPRVUnS8pzWmaenLtvu6c2gVxwL4gvA4elWPF5w=
10:26:34.398 [Expansion Quests] Quest with ID=2102 is not a a valid achievement or auto start quest. Skip quest for player with UID=z63osPRVUnS8pzWmaenLtvu6c2gVxwL4gvA4elWPF5w=
10:26:34.398 [Expansion Quests] Quest with ID=2103 is not a a valid achievement or auto start quest. Skip quest for player with UID=z63osPRVUnS8pzWmaenLtvu6c2gVxwL4gvA4elWPF5w=
10:26:34.398 [Expansion Quests] Quest with ID=2104 is not a a valid achievement or auto start quest. Skip quest for player with UID=z63osPRVUnS8pzWmaenLtvu6c2gVxwL4gvA4elWPF5w=
10:26:34.398 [Expansion Quests] Quest with ID=2105 is not a a valid achievement or auto start quest. Skip quest for player with UID=z63osPRVUnS8pzWmaenLtvu6c2gVxwL4gvA4elWPF5w=
10:26:34.398 [Expansion Quests] Quest with ID=61101 is not a a valid achievement or auto start quest. Skip quest for player with UID=z63osPRVUnS8pzWmaenLtvu6c2gVxwL4gvA4elWPF5w=
10:26:34.398 [Expansion Quests] Quest with ID=6501 is not a a valid achievement or auto start quest. Skip quest for player with UID=z63osPRVUnS8pzWmaenLtvu6c2gVxwL4gvA4elWPF5w=
10:26:34.398 [Expansion Quests] Quest with ID=62001 is not a a valid achievement or auto start quest. Skip quest for player with UID=z63osPRVUnS8pzWmaenLtvu6c2gVxwL4gvA4elWPF5w=
10:26:34.398 [Expansion Quests] Quest with ID=6801 is not a a valid achievement or auto start quest. Skip quest for player with UID=z63osPRVUnS8pzWmaenLtvu6c2gVxwL4gvA4elWPF5w=
10:26:34.398 [Expansion Quests] Quest with ID=5301 is not a a valid achievement or auto start quest. Skip quest for player with UID=z63osPRVUnS8pzWmaenLtvu6c2gVxwL4gvA4elWPF5w=
10:26:34.398 [Expansion Quests] Quest with ID=5302 is not a a valid achievement or auto start quest. Skip quest for player with UID=z63osPRVUnS8pzWmaenLtvu6c2gVxwL4gvA4elWPF5w=
10:26:34.398 [Expansion Quests] Quest with ID=5303 is not a a valid achievement or auto start quest. Skip quest for player with UID=z63osPRVUnS8pzWmaenLtvu6c2gVxwL4gvA4elWPF5w=
10:26:34.398 [Expansion Quests] Quest with ID=5304 is not a a valid achievement or auto start quest. Skip quest for player with UID=z63osPRVUnS8pzWmaenLtvu6c2gVxwL4gvA4elWPF5w=
10:26:34.398 [Expansion Quests] Quest with ID=6201 is not a a valid achievement or auto start quest. Skip quest for player with UID=z63osPRVUnS8pzWmaenLtvu6c2gVxwL4gvA4elWPF5w=
10:26:34.398 [Expansion Quests] Quest with ID=61501 is not a a valid achievement or auto start quest. Skip quest for player with UID=z63osPRVUnS8pzWmaenLtvu6c2gVxwL4gvA4elWPF5w=
10:26:34.398 [Expansion Quests] Quest with ID=61502 is not a a valid achievement or auto start quest. Skip quest for player with UID=z63osPRVUnS8pzWmaenLtvu6c2gVxwL4gvA4elWPF5w=
10:26:34.398 [Expansion Quests] Quest with ID=61001 is not a a valid achievement or auto start quest. Skip quest for player with UID=z63osPRVUnS8pzWmaenLtvu6c2gVxwL4gvA4elWPF5w=
10:26:34.398 [Expansion Quests] Quest with ID=2201 is not a a valid achievement or auto start quest. Skip quest for player with UID=z63osPRVUnS8pzWmaenLtvu6c2gVxwL4gvA4elWPF5w=
10:26:34.402 [Expansion Quests] Quest with ID=1101 is not a a valid achievement or auto start quest. Skip quest for player with UID=z63osPRVUnS8pzWmaenLtvu6c2gVxwL4gvA4elWPF5w=
10:26:34.402 [Expansion Quests] Quest with ID=1102 is not a a valid achievement or auto start quest. Skip quest for player with UID=z63osPRVUnS8pzWmaenLtvu6c2gVxwL4gvA4elWPF5w=
10:26:34.402 [Expansion Quests] Quest with ID=1103 is not a a valid achievement or auto start quest. Skip quest for player with UID=z63osPRVUnS8pzWmaenLtvu6c2gVxwL4gvA4elWPF5w=
10:26:34.402 [Expansion Quests] Quest with ID=1104 is not a a valid achievement or auto start quest. Skip quest for player with UID=z63osPRVUnS8pzWmaenLtvu6c2gVxwL4gvA4elWPF5w=
10:26:34.402 [Expansion Quests] Quest with ID=1105 is not a a valid achievement or auto start quest. Skip quest for player with UID=z63osPRVUnS8pzWmaenLtvu6c2gVxwL4gvA4elWPF5w=
10:26:34.402 [Expansion Quests] Quest with ID=5202 is not a a valid achievement or auto start quest. Skip quest for player with UID=z63osPRVUnS8pzWmaenLtvu6c2gVxwL4gvA4elWPF5w=
10:26:34.402 [Expansion Quests] Quest with ID=5203 is not a a valid achievement or auto start quest. Skip quest for player with UID=z63osPRVUnS8pzWmaenLtvu6c2gVxwL4gvA4elWPF5w=
10:26:34.402 [Expansion Quests] Quest with ID=6101 is not a a valid achievement or auto start quest. Skip quest for player with UID=z63osPRVUnS8pzWmaenLtvu6c2gVxwL4gvA4elWPF5w=
10:26:34.402 [Expansion Quests] Quest with ID=2205 is not a a valid achievement or auto start quest. Skip quest for player with UID=z63osPRVUnS8pzWmaenLtvu6c2gVxwL4gvA4elWPF5w=
10:26:34.402 [Expansion Quests] Quest with ID=61401 is not a a valid achievement or auto start quest. Skip quest for player with UID=z63osPRVUnS8pzWmaenLtvu6c2gVxwL4gvA4elWPF5w=
10:26:34.402 [Expansion Quests] Quest with ID=6601 is not a a valid achievement or auto start quest. Skip quest for player with UID=z63osPRVUnS8pzWmaenLtvu6c2gVxwL4gvA4elWPF5w=
10:26:34.402 [Expansion Quests] Quest with ID=6901 is not a a valid achievement or auto start quest. Skip quest for player with UID=z63osPRVUnS8pzWmaenLtvu6c2gVxwL4gvA4elWPF5w=
10:26:34.402 [Expansion Quests] Quest with ID=5101 is not a a valid achievement or auto start quest. Skip quest for player with UID=z63osPRVUnS8pzWmaenLtvu6c2gVxwL4gvA4elWPF5w=
10:26:34.402 [Expansion Quests] Quest with ID=5102 is not a a valid achievement or auto start quest. Skip quest for player with UID=z63osPRVUnS8pzWmaenLtvu6c2gVxwL4gvA4elWPF5w=
10:26:34.402 [Expansion Quests] Quest with ID=5201 is not a a valid achievement or auto start quest. Skip quest for player with UID=z63osPRVUnS8pzWmaenLtvu6c2gVxwL4gvA4elWPF5w=
10:26:34.402 [Expansion Quests] Quest with ID=61301 is not a a valid achievement or auto start quest. Skip quest for player with UID=z63osPRVUnS8pzWmaenLtvu6c2gVxwL4gvA4elWPF5w=
10:26:34.402 [Expansion Quests] Quest with ID=2301 is not a a valid achievement or auto start quest. Skip quest for player with UID=z63osPRVUnS8pzWmaenLtvu6c2gVxwL4gvA4elWPF5w=
10:26:34.406 [Expansion Quests] Sending z63osPRVUnS8pzWmaenLtvu6c2gVxwL4gvA4elWPF5w= quest configs to client for player with UID=z63osPRVUnS8pzWmaenLtvu6c2gVxwL4gvA4elWPF5w=
10:26:34.410 [Expansion Quests] Sending player quest data for 19 quests to player with UID=z63osPRVUnS8pzWmaenLtvu6c2gVxwL4gvA4elWPF5w=
10:26:35.328 [Expansion Quests] - LoadGroupQuestData - Got cached group quest data for group with ID=1
10:27:04.992 [AI Object Patrol 00046] Spawning 1 PoliceStation_Tier2 (Raiders) bots at <13837.621094, 20.652657, 13204.589844>
10:27:05.015 [AI Object Patrol 00046] Global patrol count: 1
10:27:07.000 [VehicleEnter] Player "Tonby" (id=1OEPy6aKlMe0cmo8LieQDvVcsiu6iWAr2PUZdSF5eMI=) entered vehicle Резиновая лодка (id=8E876BF44045C3B8D2CAD3AE43EA4C82 pos=<14360.9, 0.69, 13161.3>) as driver
10:28:26.898 [VehicleEngine] Player "Tonby" (id=1OEPy6aKlMe0cmo8LieQDvVcsiu6iWAr2PUZdSF5eMI=) stopped vehicle Резиновая лодка (id=8E876BF44045C3B8D2CAD3AE43EA4C82 pos=<14454.9, 0.74, 12940.4>)
10:28:30.734 [VehicleLeave] Player "Tonby" (id=1OEPy6aKlMe0cmo8LieQDvVcsiu6iWAr2PUZdSF5eMI=) left vehicle Резиновая лодка (id=8E876BF44045C3B8D2CAD3AE43EA4C82 pos=<14450.9, 0.43, 12942.7>)
10:28:34.996 [AI Object Patrol 00046] Despawning 1 PoliceStation_Tier2 (Raiders) bots (spawn position <13837.621094, 20.652657, 13204.589844>, 0/1 deceased)
10:28:34.996 [AI Object Patrol 00046] Global patrol count: 0
10:28:47.867 [VehicleEnter] Player "Tonby" (id=1OEPy6aKlMe0cmo8LieQDvVcsiu6iWAr2PUZdSF5eMI=) entered vehicle PBX (id=C5AF63FE9C422D58CF6F57A907D452BE pos=<14443.8, 0.51, 12944.4>) as driver
10:28:50.410 [VehicleEngine] Player "Tonby" [uid=1OEPy6aKlMe0cmo8LieQDvVcsiu6iWAr2PUZdSF5eMI=] started vehicle PBX (id=C5AF63FE9C422D58CF6F57A907D452BE pos=<14443.843750, 0.854084, 12944.388672>)
10:28:51.640 [VehicleDestroyed] Boat_01_Black (id=8E876BF44045C3B8D2CAD3AE43EA4C82 pos=<14447.4, 0.3, 12946.3>)
10:29:10.898 [VehicleDeleted] Boat_01_Black (id=8E876BF44045C3B8D2CAD3AE43EA4C82 pos=<14453.5, -19.9, 12941.1>)
10:29:56.191 [VehicleLeave] Player "Tonby" (id=1OEPy6aKlMe0cmo8LieQDvVcsiu6iWAr2PUZdSF5eMI=) left vehicle PBX (id=C5AF63FE9C422D58CF6F57A907D452BE pos=<14372.2, 1.03, 12935.9>)
10:31:18.796 [MissionAirdrop] An airdrop is heading towards "Stary Sobor" (pos=<5823.000000, 0.000000, 7764.000000> type=Random_Stary Sobor) with a ExpansionAirdropContainer
10:36:31.652 [AI Object Patrol 00180] Spawning 2 ContaminatedArea_Tier4 (Raiders) bots at <11492.157227, 46.337734, 14471.933594>
10:36:31.691 [AI Object Patrol 00180] Global patrol count: 1
10:36:31.691 [AI Object Patrol 00179] Spawning 1 PoliceStation_Tier2 (Raiders) bots at <11492.643555, 54.291721, 14477.720703>
10:36:31.710 [AI Object Patrol 00179] Global patrol count: 2
10:36:39.402 [AI Patrol 00109] Spawning 1 Novodmitrovsk_Tier2 (Raiders) bots at <11651.515625, 47.200153, 14565.698242>
10:36:39.425 [AI Patrol 00109] Global patrol count: 3
10:37:57.714 [Killfeed] AI Maria (Novodmitrovsk_Tier2) был убит AI Linda (ContaminatedArea_Tier4) с M4-A1 из 35 м расстояние.
10:38:00.351 [AI Patrol 00109] Novodmitrovsk_Tier2 (Raiders) bots were wiped out (spawn position <11651.515625, 47.200153, 14565.698242>, 1/1 deceased)
10:38:00.351 [AI Patrol 00109] Global patrol count: 2
10:38:11.796 [Killfeed] AI Baty (PoliceStation_Tier2) умер от Химическое отравление.
10:38:13.789 [AI Object Patrol 00179] PoliceStation_Tier2 (Raiders) bots were wiped out (spawn position <11492.643555, 54.291721, 14477.720703>, 1/1 deceased)
10:38:13.789 [AI Object Patrol 00179] Global patrol count: 1
10:38:18.605 [AI Object Patrol 00180] Despawning 2 ContaminatedArea_Tier4 (Raiders) bots (spawn position <11492.157227, 46.337734, 14471.933594>, 0/2 deceased)
10:38:18.609 [AI Object Patrol 00180] Global patrol count: 0
10:38:18.789 [AI Object Patrol 00179] Despawning 0 PoliceStation_Tier2 (Raiders) bots (spawn position <11487.761719, 46.641384, 14495.129883>, 1/1 deceased)
10:38:25.355 [AI Patrol 00109] Despawning 0 Novodmitrovsk_Tier2 (Raiders) bots (spawn position <11651.515625, 47.200153, 14565.698242>, 1/1 deceased)
10:38:50.484 [AI Object Patrol 00218] Spawning 2 FirelStation_Tier2 (Raiders) bots at <12179.250000, 93.080994, 13849.334961>
10:38:50.500 [AI Object Patrol 00218] Global patrol count: 1
10:44:10.460 [AI Object Patrol 00218] Despawning 2 FirelStation_Tier2 (Raiders) bots (spawn position <12179.250000, 93.080994, 13849.334961>, 0/2 deceased)
10:44:10.460 [AI Object Patrol 00218] Global patrol count: 0
10:52:28.742 [VehicleEnter] Player "Tonby" (id=1OEPy6aKlMe0cmo8LieQDvVcsiu6iWAr2PUZdSF5eMI=) entered vehicle UH-1H (id=B15A211C0345BCBC0989A2878555663F pos=<11427.3, 91.67, 14717.1>) as pilot
10:52:30.519 [VehicleEngine] Player "Tonby" [uid=1OEPy6aKlMe0cmo8LieQDvVcsiu6iWAr2PUZdSF5eMI=] started vehicle UH-1H (id=B15A211C0345BCBC0989A2878555663F pos=<11427.347656, 91.667938, 14717.090820>)
10:52:42.984 [VehicleEnter] Player "Quvio" (id=z63osPRVUnS8pzWmaenLtvu6c2gVxwL4gvA4elWPF5w=) entered vehicle UH-1H (id=940582B203449CD6091EF88F48EEF040 pos=<11421.1, 92.12, 14721.3>) as pilot
10:52:45.675 [VehicleEngine] Player "Quvio" [uid=z63osPRVUnS8pzWmaenLtvu6c2gVxwL4gvA4elWPF5w=] started vehicle UH-1H (id=940582B203449CD6091EF88F48EEF040 pos=<11421.083984, 92.115402, 14721.323242>)
10:53:03.101 [AI Patrol 00108] Spawning 1 Novodmitrovsk_Tier1 (Raiders) bots at <12032.906250, 45.806103, 14480.387695>
10:53:03.128 [AI Patrol 00108] Global patrol count: 1
10:53:24.988 [AI Patrol 00112] Spawning 1 Novodmitrovsk_Tier2 (Raiders) bots at <11306.556641, 100.502998, 14531.245117>
10:53:25.042 [AI Patrol 00112] Global patrol count: 2
10:53:26.000 [AI Object Patrol 00180] Spawning 2 ContaminatedArea_Tier4 (Raiders) bots at <11492.157227, 46.337734, 14471.933594>
10:53:26.027 [AI Object Patrol 00180] Global patrol count: 3
10:53:26.605 [AI Object Patrol 00048] Spawning 1 WaterPump_Tier0 (Raiders) bots at <12096.406250, 95.166374, 13705.835938>
10:53:26.617 [AI Object Patrol 00048] Global patrol count: 4
10:53:28.179 [AI Object Patrol 00179] Spawning 3 PoliceStation_Tier2 (Raiders) bots at <11487.761719, 46.641384, 14495.129883>
10:53:28.203 [AI Object Patrol 00179] Global patrol count: 5
10:53:30.949 [AI Patrol 00088] Spawning 1 ChernayaPolyana_Tier1 (Raiders) bots at <12129.508789, 97.582283, 13527.415039>
10:53:30.976 [AI Patrol 00088] Global patrol count: 6
10:53:31.945 [VehicleDeleted] Truck_01_Covered_Orange (id=CE35E5834341D4D3C52676B0ED64E458 pos=<11435.5, 90.99, 14745>)
10:53:38.625 [AI Object Patrol 00214] Spawning 2 HospitalStation_Tier2 (Raiders) bots at <11421.225586, 78.353180, 14607.373047>
10:53:38.644 [AI Object Patrol 00214] Global patrol count: 7
10:53:42.746 [AI Patrol 00109] Spawning 1 Novodmitrovsk_Tier2 (Raiders) bots at <11651.515625, 47.200153, 14565.698242>
10:53:42.773 [AI Patrol 00109] Global patrol count: 8
10:54:15.921 [Killfeed] AI Boris (PoliceStation_Tier2) был убит AI Cyril (ContaminatedArea_Tier4) с LE-MAS из 18 м расстояние.
10:54:17.683 [AI Object Patrol 00218] Spawning 1 FirelStation_Tier2 (Raiders) bots at <12179.250000, 93.080994, 13849.334961>
10:54:17.710 [AI Object Patrol 00218] Global patrol count: 9
10:54:38.867 [Killfeed] AI Francis (PoliceStation_Tier2) был убит AI Cyril (ContaminatedArea_Tier4) с LE-MAS из 1 м расстояние.
10:54:41.960 [AI Patrol 00112] Despawning 1 Novodmitrovsk_Tier2 (Raiders) bots (spawn position <11306.556641, 100.502998, 14531.245117>, 0/1 deceased)
10:54:41.960 [AI Patrol 00112] Global patrol count: 8
10:54:43.789 [Killfeed] AI Guo (ContaminatedArea_Tier4) был убит AI Jose (HospitalStation_Tier2) с ADAR 2-15 из 13 м расстояние.
10:54:45.582 [AI Object Patrol 00214] Despawning 2 HospitalStation_Tier2 (Raiders) bots (spawn position <11421.225586, 78.353180, 14607.373047>, 0/2 deceased)
10:54:45.582 [AI Object Patrol 00214] Global patrol count: 7
10:54:49.941 [AI Object Patrol 00180] Despawning 1 ContaminatedArea_Tier4 (Raiders) bots (spawn position <11492.157227, 46.337734, 14471.933594>, 1/2 deceased)
10:54:49.945 [AI Object Patrol 00180] Global patrol count: 6
10:54:50.136 [AI Object Patrol 00179] Despawning 1 PoliceStation_Tier2 (Raiders) bots (spawn position <11487.761719, 46.641384, 14495.129883>, 2/3 deceased)
10:54:50.136 [AI Object Patrol 00179] Global patrol count: 5
10:54:51.683 [AI Patrol 00109] Despawning 1 Novodmitrovsk_Tier2 (Raiders) bots (spawn position <11651.515625, 47.200153, 14565.698242>, 0/1 deceased)
10:54:51.683 [AI Patrol 00109] Global patrol count: 4
10:54:51.992 [AI Patrol 00108] Despawning 1 Novodmitrovsk_Tier1 (Raiders) bots (spawn position <12032.906250, 45.806103, 14480.387695>, 0/1 deceased)
10:54:51.992 [AI Patrol 00108] Global patrol count: 3
10:55:56.785 [AI Object Patrol 00218] Despawning 1 FirelStation_Tier2 (Raiders) bots (spawn position <12179.250000, 93.080994, 13849.334961>, 0/1 deceased)
10:55:56.785 [AI Object Patrol 00218] Global patrol count: 2
10:55:56.914 [AI Object Patrol 00048] Despawning 1 WaterPump_Tier0 (Raiders) bots (spawn position <12096.406250, 95.166374, 13705.835938>, 0/1 deceased)
10:55:56.914 [AI Object Patrol 00048] Global patrol count: 1
10:56:05.933 [Safezone] Player "Quvio" (id=z63osPRVUnS8pzWmaenLtvu6c2gVxwL4gvA4elWPF5w= pos=<12312.4, 491.3, 12531.1>) entered the safezone
10:56:11.949 [AI Patrol 00088] Despawning 1 ChernayaPolyana_Tier1 (Raiders) bots (spawn position <12129.508789, 97.582283, 13527.415039>, 0/1 deceased)
10:56:11.949 [AI Patrol 00088] Global patrol count: 0
10:56:12.214 [AI Patrol 00084] Spawning 1 Krasnostav_Trader (InvincibleObservers) bots at <11932.028320, 140.000000, 12522.101563>
10:56:12.250 [AI Patrol 00084] Global patrol count: 1
10:56:18.750 [AI Patrol 00085] Spawning 1 Krasnostav_Trader (InvincibleObservers) bots at <11934.266602, 140.000000, 12453.620117>
10:56:18.789 [AI Patrol 00085] Global patrol count: 2
10:56:18.820 [Safezone] Player "{1:name}" (id={1:id} pos={1:position}) left the safezone
10:56:25.683 [AI Patrol 00081] Spawning 2 Krasnostav_Trader (Guards) bots at <11918.115234, 141.158157, 12430.497070>
10:56:25.710 [AI Patrol 00081] Global patrol count: 3
10:57:15.988 [Safezone] Player "Quvio" (id=z63osPRVUnS8pzWmaenLtvu6c2gVxwL4gvA4elWPF5w= pos=<12310, 172.47, 12464.9>) entered the safezone
10:57:23.277 [VehicleEngine] Player "Quvio" [uid=z63osPRVUnS8pzWmaenLtvu6c2gVxwL4gvA4elWPF5w=] stopped vehicle UH-1H (id=940582B203449CD6091EF88F48EEF040 pos=<12312.291992, 142.613235, 12563.308594>)
10:57:28.515 [VehicleLeave] Player "Quvio" (id=z63osPRVUnS8pzWmaenLtvu6c2gVxwL4gvA4elWPF5w=) left vehicle UH-1H (id=940582B203449CD6091EF88F48EEF040 pos=<12311.5, 142.63, 12563.5>)
10:57:43.468 [Safezone] Player "{1:name}" (id={1:id} pos={1:position}) left the safezone
10:58:08.531 [Safezone] Player "Tonby" (id=1OEPy6aKlMe0cmo8LieQDvVcsiu6iWAr2PUZdSF5eMI= pos=<12287, 273.57, 12735.2>) entered the safezone
10:58:24.320 [Safezone] Player "{1:name}" (id={1:id} pos={1:position}) left the safezone
10:59:18.835 [Safezone] Player "Tonby" (id=1OEPy6aKlMe0cmo8LieQDvVcsiu6iWAr2PUZdSF5eMI= pos=<12027.5, 465.92, 12884.7>) entered the safezone
10:59:23.128 [AI Patrol 00082] Spawning 1 Krasnostav_Trader (InvincibleObservers) bots at <11799.508789, 140.060669, 12491.357422>
10:59:23.152 [AI Patrol 00082] Global patrol count: 4
10:59:30.605 [VehicleLeave] Player "Tonby" (id=1OEPy6aKlMe0cmo8LieQDvVcsiu6iWAr2PUZdSF5eMI=) left vehicle UH-1H (id=B15A211C0345BCBC0989A2878555663F pos=<11991.2, 461.24, 12661.3>)
10:59:42.828 [Safezone] Player "Quvio" (id=z63osPRVUnS8pzWmaenLtvu6c2gVxwL4gvA4elWPF5w= pos=<11998.8, 140, 12655>) entered the safezone
10:59:59.113 [Safezone] Player "{1:name}" (id={1:id} pos={1:position}) left the safezone
11:00:02.460 [Safezone] Player "{1:name}" (id={1:id} pos={1:position}) left the safezone
11:00:22.820 [Safezone] Player "Quvio" (id=z63osPRVUnS8pzWmaenLtvu6c2gVxwL4gvA4elWPF5w= pos=<12274.5, 140.01, 12689.4>) entered the safezone
11:00:22.820 [Safezone] Player "Tonby" (id=1OEPy6aKlMe0cmo8LieQDvVcsiu6iWAr2PUZdSF5eMI= pos=<12275.4, 140.01, 12690.4>) entered the safezone
11:02:08.031 [Safezone] Player "{1:name}" (id={1:id} pos={1:position}) left the safezone
11:02:16.640 [Safezone] Player "{1:name}" (id={1:id} pos={1:position}) left the safezone
11:02:31.593 [AI Patrol 00084] Despawning 1 Krasnostav_Trader (InvincibleObservers) bots (spawn position <11932.028320, 140.000000, 12522.101563>, 0/1 deceased)
11:02:31.593 [AI Patrol 00084] Global patrol count: 3
11:02:31.617 [AI Patrol 00085] Despawning 1 Krasnostav_Trader (InvincibleObservers) bots (spawn position <11934.266602, 140.000000, 12453.620117>, 0/1 deceased)
11:02:31.621 [AI Patrol 00085] Global patrol count: 2
11:02:36.609 [AI Patrol 00081] Despawning 2 Krasnostav_Trader (Guards) bots (spawn position <11918.115234, 141.158157, 12430.497070>, 0/2 deceased)
11:02:36.609 [AI Patrol 00081] Global patrol count: 1
11:03:02.148 [AI Patrol 00082] Despawning 1 Krasnostav_Trader (InvincibleObservers) bots (spawn position <11799.508789, 140.060669, 12491.357422>, 0/1 deceased)
11:03:02.148 [AI Patrol 00082] Global patrol count: 0
11:04:38.296 [AI Object Patrol 00216] Spawning 2 OilStation_Tier2RR (Raiders) bots at <13581.278320, 34.398186, 13296.399414>
11:04:38.351 [AI Object Patrol 00216] Global patrol count: 1
11:04:51.109 [AI Patrol 00086] Spawning 1 Svetloyarsk_Tier1 (Raiders) bots at <13970.929688, 3.440000, 13535.046875>
11:04:51.140 [AI Patrol 00086] Global patrol count: 2
11:08:30.414 [AI Object Patrol 00216] Despawning 2 OilStation_Tier2RR (Raiders) bots (spawn position <13581.278320, 34.398186, 13296.399414>, 0/2 deceased)
11:08:30.414 [AI Object Patrol 00216] Global patrol count: 1
11:08:32.921 [AI Patrol 00086] Despawning 1 Svetloyarsk_Tier1 (Raiders) bots (spawn position <13970.929688, 3.440000, 13535.046875>, 0/1 deceased)
11:08:32.921 [AI Patrol 00086] Global patrol count: 0
11:12:45.148 [Party] Player "Quvio" (id=z63osPRVUnS8pzWmaenLtvu6c2gVxwL4gvA4elWPF5w=) left the party "Knight Fallen" (id=1 ownerUID=1OEPy6aKlMe0cmo8LieQDvVcsiu6iWAr2PUZdSF5eMI= ownerName=Survivor)
11:12:45.148 [Expansion Quests] Deleted quest with ID=61201 is a of player with UID=z63osPRVUnS8pzWmaenLtvu6c2gVxwL4gvA4elWPF5w=.
11:14:28.011 [AI Object Patrol 00052] Spawning 3 ContaminatedArea_Tier4 (Raiders) bots at <13771.027344, 1.156631, 11159.638672>
11:14:28.046 [AI Object Patrol 00052] Global patrol count: 1
11:14:30.699 [Party] Player "Quvio" (id=z63osPRVUnS8pzWmaenLtvu6c2gVxwL4gvA4elWPF5w=) joinded the party "Knight Fallen" (id=1 ownerUID=1OEPy6aKlMe0cmo8LieQDvVcsiu6iWAr2PUZdSF5eMI= ownerName=Survivor)
11:14:30.699 [Expansion Quests] Initialize quest system on the connected client with UID=z63osPRVUnS8pzWmaenLtvu6c2gVxwL4gvA4elWPF5w=
11:14:30.734 [Expansion Quests] Loaded existing player quest data for player with UID=z63osPRVUnS8pzWmaenLtvu6c2gVxwL4gvA4elWPF5w=
11:14:30.734 [Expansion Quests] - LoadGroupQuestData - Got cached group quest data for group with ID=1
11:14:30.734 [Expansion Quests] Check quest initialization for quest with ID=6901 | State=COMPLETED | Player UID=z63osPRVUnS8pzWmaenLtvu6c2gVxwL4gvA4elWPF5w=
11:14:30.734 [Expansion Quests] Check quest initialization for quest with ID=6401 | State=COMPLETED | Player UID=z63osPRVUnS8pzWmaenLtvu6c2gVxwL4gvA4elWPF5w=
11:14:30.734 [Expansion Quests] Check quest initialization for quest with ID=5101 | State=NONE | Player UID=z63osPRVUnS8pzWmaenLtvu6c2gVxwL4gvA4elWPF5w=
11:14:30.734 [Expansion Quests] Check quest initialization for quest with ID=6501 | State=COMPLETED | Player UID=z63osPRVUnS8pzWmaenLtvu6c2gVxwL4gvA4elWPF5w=
11:14:30.734 [Expansion Quests] Check quest initialization for quest with ID=61101 | State=COMPLETED | Player UID=z63osPRVUnS8pzWmaenLtvu6c2gVxwL4gvA4elWPF5w=
11:14:30.734 [Expansion Quests] Check quest initialization for quest with ID=6601 | State=COMPLETED | Player UID=z63osPRVUnS8pzWmaenLtvu6c2gVxwL4gvA4elWPF5w=
11:14:30.734 [Expansion Quests] Check quest initialization for quest with ID=61301 | State=NONE | Player UID=z63osPRVUnS8pzWmaenLtvu6c2gVxwL4gvA4elWPF5w=
11:14:30.734 [Expansion Quests] Check quest initialization for quest with ID=61401 | State=NONE | Player UID=z63osPRVUnS8pzWmaenLtvu6c2gVxwL4gvA4elWPF5w=
11:14:30.734 [Expansion Quests] Check quest initialization for quest with ID=6701 | State=COMPLETED | Player UID=z63osPRVUnS8pzWmaenLtvu6c2gVxwL4gvA4elWPF5w=
11:14:30.734 [Expansion Quests] Check quest initialization for quest with ID=101 | State=COMPLETED | Player UID=z63osPRVUnS8pzWmaenLtvu6c2gVxwL4gvA4elWPF5w=
11:14:30.734 [Expansion Quests] Check quest initialization for quest with ID=6801 | State=COMPLETED | Player UID=z63osPRVUnS8pzWmaenLtvu6c2gVxwL4gvA4elWPF5w=
11:14:30.734 [Expansion Quests] Check quest initialization for quest with ID=61201 | State=STARTED | Player UID=z63osPRVUnS8pzWmaenLtvu6c2gVxwL4gvA4elWPF5w=
11:14:30.734 [Expansion Quests] Create new quest instance for quest with ID=61201 | Player UID=z63osPRVUnS8pzWmaenLtvu6c2gVxwL4gvA4elWPF5w=
11:14:30.738 [Expansion Quests] Check quest initialization for quest with ID=6101 | State=COMPLETED | Player UID=z63osPRVUnS8pzWmaenLtvu6c2gVxwL4gvA4elWPF5w=
11:14:30.738 [Expansion Quests] Check quest initialization for quest with ID=2101 | State=COMPLETED | Player UID=z63osPRVUnS8pzWmaenLtvu6c2gVxwL4gvA4elWPF5w=
11:14:30.738 [Expansion Quests] Check quest initialization for quest with ID=61501 | State=NONE | Player UID=z63osPRVUnS8pzWmaenLtvu6c2gVxwL4gvA4elWPF5w=
11:14:30.738 [Expansion Quests] Check quest initialization for quest with ID=6201 | State=COMPLETED | Player UID=z63osPRVUnS8pzWmaenLtvu6c2gVxwL4gvA4elWPF5w=
11:14:30.738 [Expansion Quests] Check quest initialization for quest with ID=61001 | State=COMPLETED | Player UID=z63osPRVUnS8pzWmaenLtvu6c2gVxwL4gvA4elWPF5w=
11:14:30.738 [Expansion Quests] Check quest initialization for quest with ID=6301 | State=COMPLETED | Player UID=z63osPRVUnS8pzWmaenLtvu6c2gVxwL4gvA4elWPF5w=
11:14:30.738 [Expansion Quests] Check quest initialization for quest with ID=61502 | State=COMPLETED | Player UID=z63osPRVUnS8pzWmaenLtvu6c2gVxwL4gvA4elWPF5w=
11:14:30.738 [Expansion Quests] Quest with ID=6401 is not a a valid achievement or auto start quest. Skip quest for player with UID=z63osPRVUnS8pzWmaenLtvu6c2gVxwL4gvA4elWPF5w=
11:14:30.738 [Expansion Quests] Quest with ID=6701 is not a a valid achievement or auto start quest. Skip quest for player with UID=z63osPRVUnS8pzWmaenLtvu6c2gVxwL4gvA4elWPF5w=
11:14:30.738 [Expansion Quests] Quest with ID=5401 is not a a valid achievement or auto start quest. Skip quest for player with UID=z63osPRVUnS8pzWmaenLtvu6c2gVxwL4gvA4elWPF5w=
11:14:30.738 [Expansion Quests] Quest with ID=2202 is not a a valid achievement or auto start quest. Skip quest for player with UID=z63osPRVUnS8pzWmaenLtvu6c2gVxwL4gvA4elWPF5w=
11:14:30.738 [Expansion Quests] Quest with ID=2203 is not a a valid achievement or auto start quest. Skip quest for player with UID=z63osPRVUnS8pzWmaenLtvu6c2gVxwL4gvA4elWPF5w=
11:14:30.738 [Expansion Quests] Quest with ID=2204 is not a a valid achievement or auto start quest. Skip quest for player with UID=z63osPRVUnS8pzWmaenLtvu6c2gVxwL4gvA4elWPF5w=
11:14:30.738 [Expansion Quests] Quest with ID=6301 is not a a valid achievement or auto start quest. Skip quest for player with UID=z63osPRVUnS8pzWmaenLtvu6c2gVxwL4gvA4elWPF5w=
11:14:30.738 [Expansion Quests] Quest with ID=2101 is not a a valid achievement or auto start quest. Skip quest for player with UID=z63osPRVUnS8pzWmaenLtvu6c2gVxwL4gvA4elWPF5w=
11:14:30.738 [Expansion Quests] Quest with ID=61601 is not a a valid achievement or auto start quest. Skip quest for player with UID=z63osPRVUnS8pzWmaenLtvu6c2gVxwL4gvA4elWPF5w=
11:14:30.738 [Expansion Quests] Quest with ID=2102 is not a a valid achievement or auto start quest. Skip quest for player with UID=z63osPRVUnS8pzWmaenLtvu6c2gVxwL4gvA4elWPF5w=
11:14:30.738 [Expansion Quests] Quest with ID=2103 is not a a valid achievement or auto start quest. Skip quest for player with UID=z63osPRVUnS8pzWmaenLtvu6c2gVxwL4gvA4elWPF5w=
11:14:30.738 [Expansion Quests] Quest with ID=2104 is not a a valid achievement or auto start quest. Skip quest for player with UID=z63osPRVUnS8pzWmaenLtvu6c2gVxwL4gvA4elWPF5w=
11:14:30.742 [Expansion Quests] Quest with ID=2105 is not a a valid achievement or auto start quest. Skip quest for player with UID=z63osPRVUnS8pzWmaenLtvu6c2gVxwL4gvA4elWPF5w=
11:14:30.742 [Expansion Quests] Quest with ID=61101 is not a a valid achievement or auto start quest. Skip quest for player with UID=z63osPRVUnS8pzWmaenLtvu6c2gVxwL4gvA4elWPF5w=
11:14:30.742 [Expansion Quests] Quest with ID=6501 is not a a valid achievement or auto start quest. Skip quest for player with UID=z63osPRVUnS8pzWmaenLtvu6c2gVxwL4gvA4elWPF5w=
11:14:30.742 [Expansion Quests] Quest with ID=62001 is not a a valid achievement or auto start quest. Skip quest for player with UID=z63osPRVUnS8pzWmaenLtvu6c2gVxwL4gvA4elWPF5w=
11:14:30.742 [Expansion Quests] Quest with ID=6801 is not a a valid achievement or auto start quest. Skip quest for player with UID=z63osPRVUnS8pzWmaenLtvu6c2gVxwL4gvA4elWPF5w=
11:14:30.742 [Expansion Quests] Quest with ID=5301 is not a a valid achievement or auto start quest. Skip quest for player with UID=z63osPRVUnS8pzWmaenLtvu6c2gVxwL4gvA4elWPF5w=
11:14:30.742 [Expansion Quests] Quest with ID=5302 is not a a valid achievement or auto start quest. Skip quest for player with UID=z63osPRVUnS8pzWmaenLtvu6c2gVxwL4gvA4elWPF5w=
11:14:30.742 [Expansion Quests] Quest with ID=5303 is not a a valid achievement or auto start quest. Skip quest for player with UID=z63osPRVUnS8pzWmaenLtvu6c2gVxwL4gvA4elWPF5w=
11:14:30.742 [Expansion Quests] Quest with ID=5304 is not a a valid achievement or auto start quest. Skip quest for player with UID=z63osPRVUnS8pzWmaenLtvu6c2gVxwL4gvA4elWPF5w=
11:14:30.742 [Expansion Quests] Quest with ID=6201 is not a a valid achievement or auto start quest. Skip quest for player with UID=z63osPRVUnS8pzWmaenLtvu6c2gVxwL4gvA4elWPF5w=
11:14:30.742 [Expansion Quests] Quest with ID=61501 is not a a valid achievement or auto start quest. Skip quest for player with UID=z63osPRVUnS8pzWmaenLtvu6c2gVxwL4gvA4elWPF5w=
11:14:30.742 [Expansion Quests] Quest with ID=61502 is not a a valid achievement or auto start quest. Skip quest for player with UID=z63osPRVUnS8pzWmaenLtvu6c2gVxwL4gvA4elWPF5w=
11:14:30.742 [Expansion Quests] Quest with ID=61001 is not a a valid achievement or auto start quest. Skip quest for player with UID=z63osPRVUnS8pzWmaenLtvu6c2gVxwL4gvA4elWPF5w=
11:14:30.742 [Expansion Quests] Quest with ID=2201 is not a a valid achievement or auto start quest. Skip quest for player with UID=z63osPRVUnS8pzWmaenLtvu6c2gVxwL4gvA4elWPF5w=
11:14:30.742 [Expansion Quests] Quest with ID=1101 is not a a valid achievement or auto start quest. Skip quest for player with UID=z63osPRVUnS8pzWmaenLtvu6c2gVxwL4gvA4elWPF5w=
11:14:30.742 [Expansion Quests] Quest with ID=1102 is not a a valid achievement or auto start quest. Skip quest for player with UID=z63osPRVUnS8pzWmaenLtvu6c2gVxwL4gvA4elWPF5w=
11:14:30.742 [Expansion Quests] Quest with ID=1103 is not a a valid achievement or auto start quest. Skip quest for player with UID=z63osPRVUnS8pzWmaenLtvu6c2gVxwL4gvA4elWPF5w=
11:14:30.742 [Expansion Quests] Quest with ID=1104 is not a a valid achievement or auto start quest. Skip quest for player with UID=z63osPRVUnS8pzWmaenLtvu6c2gVxwL4gvA4elWPF5w=
11:14:30.742 [Expansion Quests] Quest with ID=1105 is not a a valid achievement or auto start quest. Skip quest for player with UID=z63osPRVUnS8pzWmaenLtvu6c2gVxwL4gvA4elWPF5w=
11:14:30.742 [Expansion Quests] Quest with ID=5202 is not a a valid achievement or auto start quest. Skip quest for player with UID=z63osPRVUnS8pzWmaenLtvu6c2gVxwL4gvA4elWPF5w=
11:14:30.742 [Expansion Quests] Quest with ID=5203 is not a a valid achievement or auto start quest. Skip quest for player with UID=z63osPRVUnS8pzWmaenLtvu6c2gVxwL4gvA4elWPF5w=
11:14:30.742 [Expansion Quests] Quest with ID=6101 is not a a valid achievement or auto start quest. Skip quest for player with UID=z63osPRVUnS8pzWmaenLtvu6c2gVxwL4gvA4elWPF5w=
11:14:30.742 [Expansion Quests] Quest with ID=2205 is not a a valid achievement or auto start quest. Skip quest for player with UID=z63osPRVUnS8pzWmaenLtvu6c2gVxwL4gvA4elWPF5w=
11:14:30.742 [Expansion Quests] Quest with ID=61401 is not a a valid achievement or auto start quest. Skip quest for player with UID=z63osPRVUnS8pzWmaenLtvu6c2gVxwL4gvA4elWPF5w=
11:14:30.742 [Expansion Quests] Quest with ID=6601 is not a a valid achievement or auto start quest. Skip quest for player with UID=z63osPRVUnS8pzWmaenLtvu6c2gVxwL4gvA4elWPF5w=
11:14:30.742 [Expansion Quests] Quest with ID=6901 is not a a valid achievement or auto start quest. Skip quest for player with UID=z63osPRVUnS8pzWmaenLtvu6c2gVxwL4gvA4elWPF5w=
11:14:30.742 [Expansion Quests] Quest with ID=5101 is not a a valid achievement or auto start quest. Skip quest for player with UID=z63osPRVUnS8pzWmaenLtvu6c2gVxwL4gvA4elWPF5w=
11:14:30.742 [Expansion Quests] Quest with ID=5102 is not a a valid achievement or auto start quest. Skip quest for player with UID=z63osPRVUnS8pzWmaenLtvu6c2gVxwL4gvA4elWPF5w=
11:14:30.742 [Expansion Quests] Quest with ID=5201 is not a a valid achievement or auto start quest. Skip quest for player with UID=z63osPRVUnS8pzWmaenLtvu6c2gVxwL4gvA4elWPF5w=
11:14:30.742 [Expansion Quests] Quest with ID=61301 is not a a valid achievement or auto start quest. Skip quest for player with UID=z63osPRVUnS8pzWmaenLtvu6c2gVxwL4gvA4elWPF5w=
11:14:30.742 [Expansion Quests] Quest with ID=2301 is not a a valid achievement or auto start quest. Skip quest for player with UID=z63osPRVUnS8pzWmaenLtvu6c2gVxwL4gvA4elWPF5w=
11:14:30.750 [Expansion Quests] Sending z63osPRVUnS8pzWmaenLtvu6c2gVxwL4gvA4elWPF5w= quest configs to client for player with UID=z63osPRVUnS8pzWmaenLtvu6c2gVxwL4gvA4elWPF5w=
11:14:30.750 [Expansion Quests] Sending player quest data for 19 quests to player with UID=z63osPRVUnS8pzWmaenLtvu6c2gVxwL4gvA4elWPF5w=
11:14:31.667 [Expansion Quests] - LoadGroupQuestData - Got cached group quest data for group with ID=1
11:14:43.632 [AI Object Patrol 00183] Spawning 2 FirelStation_Tier2 (Raiders) bots at <12828.311523, 5.854812, 9977.139648>
11:14:43.660 [AI Object Patrol 00183] Global patrol count: 2
11:14:46.957 [AI Patrol 00090] Spawning 1 Berezino_Tier1 (Raiders) bots at <13130.199219, 6.000000, 10425.798828>
11:14:46.984 [AI Patrol 00090] Global patrol count: 3
11:15:46.222 [AI Object Patrol 00183] Despawning 2 FirelStation_Tier2 (Raiders) bots (spawn position <12828.311523, 5.854812, 9977.139648>, 0/2 deceased)
11:15:46.222 [AI Object Patrol 00183] Global patrol count: 2
11:19:00.250 [AI Patrol 00090] Despawning 1 Berezino_Tier1 (Raiders) bots (spawn position <13130.199219, 6.000000, 10425.798828>, 0/1 deceased)
11:19:00.250 [AI Patrol 00090] Global patrol count: 1
11:32:00.718 [AI Object Patrol 00052] Despawning 3 ContaminatedArea_Tier4 (Raiders) bots (spawn position <13771.027344, 1.156631, 11159.638672>, 0/3 deceased)
11:32:00.718 [AI Object Patrol 00052] Global patrol count: 0
11:33:33.363 [Party] Player "Quvio" (id=z63osPRVUnS8pzWmaenLtvu6c2gVxwL4gvA4elWPF5w=) left the party "Knight Fallen" (id=1 ownerUID=1OEPy6aKlMe0cmo8LieQDvVcsiu6iWAr2PUZdSF5eMI= ownerName=Survivor)
11:33:33.363 [Expansion Quests] Deleted quest with ID=61201 is a of player with UID=z63osPRVUnS8pzWmaenLtvu6c2gVxwL4gvA4elWPF5w=.
11:33:33.371 [Party] Player "Tonby" (id=1OEPy6aKlMe0cmo8LieQDvVcsiu6iWAr2PUZdSF5eMI=) left the party "Knight Fallen" (id=1 ownerUID=1OEPy6aKlMe0cmo8LieQDvVcsiu6iWAr2PUZdSF5eMI= ownerName=Survivor)
