14:40:52.281 [Expansion Quests] Added objects set for quest ID=5401 from file=q5301
14:40:52.281 [Expansion Quests] Added objects set for quest ID=2202 from file=q2202
14:40:52.281 [Expansion Quests] Added objects set for quest ID=2203 from file=q2203
14:40:52.281 [Expansion Quests] Added objects set for quest ID=2204 from file=q2204
14:40:52.281 [Expansion Quests] Added objects set for quest ID=2101 from file=q2101
14:40:52.281 [Expansion Quests] Added objects set for quest ID=61601 from file=q61601
14:40:52.281 [Expansion Quests] Added objects set for quest ID=2102 from file=q2102
14:40:52.281 [Expansion Quests] Added objects set for quest ID=2103 from file=q2103
14:40:52.281 [Expansion Quests] Added objects set for quest ID=2104 from file=q2104
14:40:52.281 [Expansion Quests] Added objects set for quest ID=2105 from file=q2105
14:40:52.281 [Expansion Quests] Added objects set for quest ID=6501 from file=q6501
14:40:52.281 [Expansion Quests] Added objects set for quest ID=5301 from file=q5301
14:40:52.281 [Expansion Quests] Added objects set for quest ID=5302 from file=q5302
14:40:52.281 [Expansion Quests] Added objects set for quest ID=5303 from file=q5303
14:40:52.281 [Expansion Quests] Added objects set for quest ID=5304 from file=q5304
14:40:52.281 [Expansion Quests] Added objects set for quest ID=61501 from file=q61501
14:40:52.281 [Expansion Quests] Added objects set for quest ID=61502 from file=q61502
14:40:52.281 [Expansion Quests] Added objects set for quest ID=61001 from file=q61001
14:40:52.281 [Expansion Quests] Added objects set for quest ID=2201 from file=q2201
14:40:52.281 [Expansion Quests] Added objects set for quest ID=1101 from file=q1101
14:40:52.281 [Expansion Quests] Added objects set for quest ID=1102 from file=q1102
14:40:52.281 [Expansion Quests] Added objects set for quest ID=1103 from file=q1102
14:40:52.281 [Expansion Quests] Added objects set for quest ID=1104 from file=q1104
14:40:52.281 [Expansion Quests] Added objects set for quest ID=1105 from file=q1105
14:40:52.281 [Expansion Quests] Added objects set for quest ID=5202 from file=q5202
14:40:52.281 [Expansion Quests] Added objects set for quest ID=5203 from file=q5203
14:40:52.281 [Expansion Quests] Added objects set for quest ID=2205 from file=q2205
14:40:52.281 [Expansion Quests] Added objects set for quest ID=6601 from file=q6601
14:40:52.285 [Expansion Quests] Added objects set for quest ID=5101 from file=q5101
14:40:52.285 [Expansion Quests] Added objects set for quest ID=5102 from file=q5102
14:40:52.285 [Expansion Quests] Added objects set for quest ID=5201 from file=q5201
14:42:04.171 [Party] Player "Tonby" (id=1OEPy6aKlMe0cmo8LieQDvVcsiu6iWAr2PUZdSF5eMI=) joinded the party "Knight Fallen" (id=1 ownerUID=1OEPy6aKlMe0cmo8LieQDvVcsiu6iWAr2PUZdSF5eMI= ownerName=Survivor)
14:42:04.171 [Expansion Quests] Initialize quest system on the connected client with UID=1OEPy6aKlMe0cmo8LieQDvVcsiu6iWAr2PUZdSF5eMI=
14:42:04.218 [Expansion Quests] Loaded existing player quest data for player with UID=1OEPy6aKlMe0cmo8LieQDvVcsiu6iWAr2PUZdSF5eMI=
14:42:04.218 [Expansion Quests] Loaded existing group quest data for group with ID=1
14:42:04.218 [Expansion Quests] Check quest initialization for quest with ID=61301 | State=NONE | Player UID=1OEPy6aKlMe0cmo8LieQDvVcsiu6iWAr2PUZdSF5eMI=
14:42:04.218 [Expansion Quests] Check quest initialization for quest with ID=6401 | State=COMPLETED | Player UID=1OEPy6aKlMe0cmo8LieQDvVcsiu6iWAr2PUZdSF5eMI=
14:42:04.218 [Expansion Quests] Check quest initialization for quest with ID=5101 | State=NONE | Player UID=1OEPy6aKlMe0cmo8LieQDvVcsiu6iWAr2PUZdSF5eMI=
14:42:04.218 [Expansion Quests] Check quest initialization for quest with ID=101 | State=COMPLETED | Player UID=1OEPy6aKlMe0cmo8LieQDvVcsiu6iWAr2PUZdSF5eMI=
14:42:04.218 [Expansion Quests] Check quest initialization for quest with ID=61101 | State=COMPLETED | Player UID=1OEPy6aKlMe0cmo8LieQDvVcsiu6iWAr2PUZdSF5eMI=
14:42:04.218 [Expansion Quests] Check quest initialization for quest with ID=6601 | State=COMPLETED | Player UID=1OEPy6aKlMe0cmo8LieQDvVcsiu6iWAr2PUZdSF5eMI=
14:42:04.218 [Expansion Quests] Check quest initialization for quest with ID=6101 | State=COMPLETED | Player UID=1OEPy6aKlMe0cmo8LieQDvVcsiu6iWAr2PUZdSF5eMI=
14:42:04.218 [Expansion Quests] Check quest initialization for quest with ID=6701 | State=COMPLETED | Player UID=1OEPy6aKlMe0cmo8LieQDvVcsiu6iWAr2PUZdSF5eMI=
14:42:04.218 [Expansion Quests] Check quest initialization for quest with ID=1102 | State=NONE | Player UID=1OEPy6aKlMe0cmo8LieQDvVcsiu6iWAr2PUZdSF5eMI=
14:42:04.218 [Expansion Quests] Check quest initialization for quest with ID=1103 | State=NONE | Player UID=1OEPy6aKlMe0cmo8LieQDvVcsiu6iWAr2PUZdSF5eMI=
14:42:04.218 [Expansion Quests] Check quest initialization for quest with ID=6501 | State=COMPLETED | Player UID=1OEPy6aKlMe0cmo8LieQDvVcsiu6iWAr2PUZdSF5eMI=
14:42:04.218 [Expansion Quests] Check quest initialization for quest with ID=6801 | State=COMPLETED | Player UID=1OEPy6aKlMe0cmo8LieQDvVcsiu6iWAr2PUZdSF5eMI=
14:42:04.218 [Expansion Quests] Check quest initialization for quest with ID=1104 | State=NONE | Player UID=1OEPy6aKlMe0cmo8LieQDvVcsiu6iWAr2PUZdSF5eMI=
14:42:04.218 [Expansion Quests] Check quest initialization for quest with ID=1101 | State=NONE | Player UID=1OEPy6aKlMe0cmo8LieQDvVcsiu6iWAr2PUZdSF5eMI=
14:42:04.218 [Expansion Quests] Check quest initialization for quest with ID=6901 | State=COMPLETED | Player UID=1OEPy6aKlMe0cmo8LieQDvVcsiu6iWAr2PUZdSF5eMI=
14:42:04.222 [Expansion Quests] Check quest initialization for quest with ID=2101 | State=COMPLETED | Player UID=1OEPy6aKlMe0cmo8LieQDvVcsiu6iWAr2PUZdSF5eMI=
14:42:04.222 [Expansion Quests] Check quest initialization for quest with ID=61501 | State=NONE | Player UID=1OEPy6aKlMe0cmo8LieQDvVcsiu6iWAr2PUZdSF5eMI=
14:42:04.222 [Expansion Quests] Check quest initialization for quest with ID=6201 | State=COMPLETED | Player UID=1OEPy6aKlMe0cmo8LieQDvVcsiu6iWAr2PUZdSF5eMI=
14:42:04.222 [Expansion Quests] Check quest initialization for quest with ID=61001 | State=COMPLETED | Player UID=1OEPy6aKlMe0cmo8LieQDvVcsiu6iWAr2PUZdSF5eMI=
14:42:04.222 [Expansion Quests] Check quest initialization for quest with ID=6301 | State=COMPLETED | Player UID=1OEPy6aKlMe0cmo8LieQDvVcsiu6iWAr2PUZdSF5eMI=
14:42:04.222 [Expansion Quests] Check quest initialization for quest with ID=61502 | State=COMPLETED | Player UID=1OEPy6aKlMe0cmo8LieQDvVcsiu6iWAr2PUZdSF5eMI=
14:42:04.222 [Expansion Quests] Quest with ID=6401 is not a a valid achievement or auto start quest. Skip quest for player with UID=1OEPy6aKlMe0cmo8LieQDvVcsiu6iWAr2PUZdSF5eMI=
14:42:04.222 [Expansion Quests] Quest with ID=6701 is not a a valid achievement or auto start quest. Skip quest for player with UID=1OEPy6aKlMe0cmo8LieQDvVcsiu6iWAr2PUZdSF5eMI=
14:42:04.222 [Expansion Quests] Quest with ID=61201 is not a a valid achievement or auto start quest. Skip quest for player with UID=1OEPy6aKlMe0cmo8LieQDvVcsiu6iWAr2PUZdSF5eMI=
14:42:04.222 [Expansion Quests] Quest with ID=5401 is not a a valid achievement or auto start quest. Skip quest for player with UID=1OEPy6aKlMe0cmo8LieQDvVcsiu6iWAr2PUZdSF5eMI=
14:42:04.222 [Expansion Quests] Quest with ID=2202 is not a a valid achievement or auto start quest. Skip quest for player with UID=1OEPy6aKlMe0cmo8LieQDvVcsiu6iWAr2PUZdSF5eMI=
14:42:04.222 [Expansion Quests] Quest with ID=2203 is not a a valid achievement or auto start quest. Skip quest for player with UID=1OEPy6aKlMe0cmo8LieQDvVcsiu6iWAr2PUZdSF5eMI=
14:42:04.222 [Expansion Quests] Quest with ID=2204 is not a a valid achievement or auto start quest. Skip quest for player with UID=1OEPy6aKlMe0cmo8LieQDvVcsiu6iWAr2PUZdSF5eMI=
14:42:04.222 [Expansion Quests] Quest with ID=6301 is not a a valid achievement or auto start quest. Skip quest for player with UID=1OEPy6aKlMe0cmo8LieQDvVcsiu6iWAr2PUZdSF5eMI=
14:42:04.222 [Expansion Quests] Quest with ID=2101 is not a a valid achievement or auto start quest. Skip quest for player with UID=1OEPy6aKlMe0cmo8LieQDvVcsiu6iWAr2PUZdSF5eMI=
14:42:04.222 [Expansion Quests] Quest with ID=61601 is not a a valid achievement or auto start quest. Skip quest for player with UID=1OEPy6aKlMe0cmo8LieQDvVcsiu6iWAr2PUZdSF5eMI=
14:42:04.222 [Expansion Quests] Quest with ID=2102 is not a a valid achievement or auto start quest. Skip quest for player with UID=1OEPy6aKlMe0cmo8LieQDvVcsiu6iWAr2PUZdSF5eMI=
14:42:04.222 [Expansion Quests] Quest with ID=2103 is not a a valid achievement or auto start quest. Skip quest for player with UID=1OEPy6aKlMe0cmo8LieQDvVcsiu6iWAr2PUZdSF5eMI=
14:42:04.222 [Expansion Quests] Quest with ID=2104 is not a a valid achievement or auto start quest. Skip quest for player with UID=1OEPy6aKlMe0cmo8LieQDvVcsiu6iWAr2PUZdSF5eMI=
14:42:04.222 [Expansion Quests] Quest with ID=2105 is not a a valid achievement or auto start quest. Skip quest for player with UID=1OEPy6aKlMe0cmo8LieQDvVcsiu6iWAr2PUZdSF5eMI=
14:42:04.222 [Expansion Quests] Quest with ID=61101 is not a a valid achievement or auto start quest. Skip quest for player with UID=1OEPy6aKlMe0cmo8LieQDvVcsiu6iWAr2PUZdSF5eMI=
14:42:04.222 [Expansion Quests] Quest with ID=6501 is not a a valid achievement or auto start quest. Skip quest for player with UID=1OEPy6aKlMe0cmo8LieQDvVcsiu6iWAr2PUZdSF5eMI=
14:42:04.222 [Expansion Quests] Quest with ID=62001 is not a a valid achievement or auto start quest. Skip quest for player with UID=1OEPy6aKlMe0cmo8LieQDvVcsiu6iWAr2PUZdSF5eMI=
14:42:04.222 [Expansion Quests] Quest with ID=6801 is not a a valid achievement or auto start quest. Skip quest for player with UID=1OEPy6aKlMe0cmo8LieQDvVcsiu6iWAr2PUZdSF5eMI=
14:42:04.222 [Expansion Quests] Quest with ID=5301 is not a a valid achievement or auto start quest. Skip quest for player with UID=1OEPy6aKlMe0cmo8LieQDvVcsiu6iWAr2PUZdSF5eMI=
14:42:04.222 [Expansion Quests] Quest with ID=5302 is not a a valid achievement or auto start quest. Skip quest for player with UID=1OEPy6aKlMe0cmo8LieQDvVcsiu6iWAr2PUZdSF5eMI=
14:42:04.222 [Expansion Quests] Quest with ID=5303 is not a a valid achievement or auto start quest. Skip quest for player with UID=1OEPy6aKlMe0cmo8LieQDvVcsiu6iWAr2PUZdSF5eMI=
14:42:04.226 [Expansion Quests] Quest with ID=5304 is not a a valid achievement or auto start quest. Skip quest for player with UID=1OEPy6aKlMe0cmo8LieQDvVcsiu6iWAr2PUZdSF5eMI=
14:42:04.226 [Expansion Quests] Quest with ID=6201 is not a a valid achievement or auto start quest. Skip quest for player with UID=1OEPy6aKlMe0cmo8LieQDvVcsiu6iWAr2PUZdSF5eMI=
14:42:04.226 [Expansion Quests] Quest with ID=61501 is not a a valid achievement or auto start quest. Skip quest for player with UID=1OEPy6aKlMe0cmo8LieQDvVcsiu6iWAr2PUZdSF5eMI=
14:42:04.226 [Expansion Quests] Quest with ID=61502 is not a a valid achievement or auto start quest. Skip quest for player with UID=1OEPy6aKlMe0cmo8LieQDvVcsiu6iWAr2PUZdSF5eMI=
14:42:04.226 [Expansion Quests] Quest with ID=61001 is not a a valid achievement or auto start quest. Skip quest for player with UID=1OEPy6aKlMe0cmo8LieQDvVcsiu6iWAr2PUZdSF5eMI=
14:42:04.226 [Expansion Quests] Quest with ID=2201 is not a a valid achievement or auto start quest. Skip quest for player with UID=1OEPy6aKlMe0cmo8LieQDvVcsiu6iWAr2PUZdSF5eMI=
14:42:04.226 [Expansion Quests] Quest with ID=1101 is not a a valid achievement or auto start quest. Skip quest for player with UID=1OEPy6aKlMe0cmo8LieQDvVcsiu6iWAr2PUZdSF5eMI=
14:42:04.226 [Expansion Quests] Quest with ID=1102 is not a a valid achievement or auto start quest. Skip quest for player with UID=1OEPy6aKlMe0cmo8LieQDvVcsiu6iWAr2PUZdSF5eMI=
14:42:04.226 [Expansion Quests] Quest with ID=1103 is not a a valid achievement or auto start quest. Skip quest for player with UID=1OEPy6aKlMe0cmo8LieQDvVcsiu6iWAr2PUZdSF5eMI=
14:42:04.226 [Expansion Quests] Quest with ID=1104 is not a a valid achievement or auto start quest. Skip quest for player with UID=1OEPy6aKlMe0cmo8LieQDvVcsiu6iWAr2PUZdSF5eMI=
14:42:04.226 [Expansion Quests] Quest with ID=1105 is not a a valid achievement or auto start quest. Skip quest for player with UID=1OEPy6aKlMe0cmo8LieQDvVcsiu6iWAr2PUZdSF5eMI=
14:42:04.226 [Expansion Quests] Quest with ID=5202 is not a a valid achievement or auto start quest. Skip quest for player with UID=1OEPy6aKlMe0cmo8LieQDvVcsiu6iWAr2PUZdSF5eMI=
14:42:04.226 [Expansion Quests] Quest with ID=5203 is not a a valid achievement or auto start quest. Skip quest for player with UID=1OEPy6aKlMe0cmo8LieQDvVcsiu6iWAr2PUZdSF5eMI=
14:42:04.226 [Expansion Quests] Quest with ID=6101 is not a a valid achievement or auto start quest. Skip quest for player with UID=1OEPy6aKlMe0cmo8LieQDvVcsiu6iWAr2PUZdSF5eMI=
14:42:04.226 [Expansion Quests] Quest with ID=2205 is not a a valid achievement or auto start quest. Skip quest for player with UID=1OEPy6aKlMe0cmo8LieQDvVcsiu6iWAr2PUZdSF5eMI=
14:42:04.226 [Expansion Quests] Quest with ID=61401 is not a a valid achievement or auto start quest. Skip quest for player with UID=1OEPy6aKlMe0cmo8LieQDvVcsiu6iWAr2PUZdSF5eMI=
14:42:04.226 [Expansion Quests] Quest with ID=6601 is not a a valid achievement or auto start quest. Skip quest for player with UID=1OEPy6aKlMe0cmo8LieQDvVcsiu6iWAr2PUZdSF5eMI=
14:42:04.226 [Expansion Quests] Quest with ID=6901 is not a a valid achievement or auto start quest. Skip quest for player with UID=1OEPy6aKlMe0cmo8LieQDvVcsiu6iWAr2PUZdSF5eMI=
14:42:04.226 [Expansion Quests] Quest with ID=5101 is not a a valid achievement or auto start quest. Skip quest for player with UID=1OEPy6aKlMe0cmo8LieQDvVcsiu6iWAr2PUZdSF5eMI=
14:42:04.226 [Expansion Quests] Quest with ID=5102 is not a a valid achievement or auto start quest. Skip quest for player with UID=1OEPy6aKlMe0cmo8LieQDvVcsiu6iWAr2PUZdSF5eMI=
14:42:04.226 [Expansion Quests] Quest with ID=5201 is not a a valid achievement or auto start quest. Skip quest for player with UID=1OEPy6aKlMe0cmo8LieQDvVcsiu6iWAr2PUZdSF5eMI=
14:42:04.226 [Expansion Quests] Quest with ID=61301 is not a a valid achievement or auto start quest. Skip quest for player with UID=1OEPy6aKlMe0cmo8LieQDvVcsiu6iWAr2PUZdSF5eMI=
14:42:04.226 [Expansion Quests] Quest with ID=2301 is not a a valid achievement or auto start quest. Skip quest for player with UID=1OEPy6aKlMe0cmo8LieQDvVcsiu6iWAr2PUZdSF5eMI=
14:42:04.230 [Expansion Quests] Sending 1OEPy6aKlMe0cmo8LieQDvVcsiu6iWAr2PUZdSF5eMI= quest configs to client for player with UID=1OEPy6aKlMe0cmo8LieQDvVcsiu6iWAr2PUZdSF5eMI=
14:42:04.234 [Expansion Quests] Sending player quest data for 21 quests to player with UID=1OEPy6aKlMe0cmo8LieQDvVcsiu6iWAr2PUZdSF5eMI=
14:42:04.238 [AI Patrol 00096] Spawning 2 Prigorodki_Tier1 (Raiders) bots at <7363.845703, 16.503000, 2847.331055>
14:42:04.312 [AI Patrol 00096] Global patrol count: 1
14:42:04.312 [AI Patrol 00097] Spawning 1 Chernogorsk_Tier1 (Raiders) bots at <7310.910645, 16.503000, 2772.828857>
14:42:04.324 [AI Patrol 00097] Global patrol count: 2
14:42:05.140 [Expansion Quests] - LoadGroupQuestData - Got cached group quest data for group with ID=1
14:43:05.535 [VehicleEnter] Player "Tonby" (id=1OEPy6aKlMe0cmo8LieQDvVcsiu6iWAr2PUZdSF5eMI=) entered vehicle M1025 (id=68DD299A7040A7A472117899797D3181 pos=<8243.17, 6.55, 3079.11>) as driver
14:43:08.640 [VehicleEngine] Player "Tonby" [uid=1OEPy6aKlMe0cmo8LieQDvVcsiu6iWAr2PUZdSF5eMI=] started vehicle M1025 (id=68DD299A7040A7A472117899797D3181 pos=<8243.169922, 6.551904, 3079.106201>)
14:44:26.949 [AI Object Patrol 00011] Spawning 1 WaterPump_Tier0 (Raiders) bots at <8152.172852, 6.000000, 3217.199463>
14:44:26.964 [AI Object Patrol 00011] Global patrol count: 3
14:45:26.699 [VehicleLeave] Player "Tonby" (id=1OEPy6aKlMe0cmo8LieQDvVcsiu6iWAr2PUZdSF5eMI=) left vehicle M1025 (id=68DD299A7040A7A472117899797D3181 pos=<7767.37, 4.17, 3176.26>)
14:46:31.285 [MissionAirdrop] An airdrop is heading towards "Novy Sobor" (pos=<7436.000000, 0.000000, 7720.000000> type=Random_Novy Sobor) with a ExpansionAirdropContainer_Medical
14:58:57.988 [Killfeed] AI Gabi (Chernogorsk_Tier1) умер разбился с высоты.
14:59:01.652 [AI Patrol 00097] Chernogorsk_Tier1 (Raiders) bots were wiped out (spawn position <7310.910645, 16.503000, 2772.828857>, 1/1 deceased)
14:59:01.652 [AI Patrol 00097] Global patrol count: 2
15:00:57.171 [Killfeed] AI Cyril (WaterPump_Tier0) был убит зараженным.
15:01:01.914 [AI Object Patrol 00011] WaterPump_Tier0 (Raiders) bots were wiped out (spawn position <8152.172852, 6.000000, 3217.199463>, 1/1 deceased)
15:01:01.914 [AI Object Patrol 00011] Global patrol count: 1
15:02:13.843 [AI Object Patrol 00010] Spawning 1 WaterPump_Tier0 (Raiders) bots at <10418.392578, 6.000000, 2221.374512>
15:02:13.855 [AI Object Patrol 00010] Global patrol count: 2
15:02:13.855 [AI Object Patrol 00057] Spawning 1 OilStation_Tier2RR (Raiders) bots at <9519.965820, 5.563455, 2021.786499>
15:02:13.871 [AI Object Patrol 00057] Global patrol count: 3
15:02:13.871 [AI Patrol 00093] Spawning 1 Electro_Tier2 (Raiders) bots at <10601.951172, 5.990000, 2310.309814>
15:02:13.890 [AI Patrol 00093] Global patrol count: 4
15:02:13.890 [AI Patrol 00094] Spawning 1 Electro_Tier1 (Raiders) bots at <10268.156250, 40.502998, 2444.232422>
15:02:13.929 [AI Patrol 00094] Global patrol count: 5
15:02:13.929 [AI Object Patrol 00175] Spawning 3 PoliceStation_Tier2 (Raiders) bots at <10457.143555, 18.467402, 2265.447021>
15:02:13.945 [AI Object Patrol 00175] Global patrol count: 6
15:03:34.265 [AI Object Patrol 00174] Spawning 1 HospitalStation_Tier2 (Raiders) bots at <10301.446289, 12.868741, 2286.737793>
15:03:34.285 [AI Object Patrol 00174] Global patrol count: 7
