20:51:56.171 [Expansion Quests] Added objects set for quest ID=62001 from file=test
20:51:56.171 [Expansion Quests] Added objects set for quest ID=61301 from file=q61301
20:52:41.843 [VehicleDeleted] ExpansionUh1h (id=9CFC93297C46C0E3827C82889FA0C3CD pos=<4531.440918, 290.715454, 6504.847656>)
20:53:01.601 [Party] Player "Survivor" (id=1OEPy6aKlMe0cmo8LieQDvVcsiu6iWAr2PUZdSF5eMI=) joinded the party "Zenith Resolute" (id=0 ownerUID=zc8VdK3LmE4uE8VdKbx2bOGlKghmh6pN2ye-63D6kCk= ownerName=acey)
20:53:01.601 [Expansion Quests] Initialize quest system on the connected client with UID=1OEPy6aKlMe0cmo8LieQDvVcsiu6iWAr2PUZdSF5eMI=
20:53:01.648 [Expansion Quests] Loaded existing player quest data for player with UID=1OEPy6aKlMe0cmo8LieQDvVcsiu6iWAr2PUZdSF5eMI=
20:53:01.656 [Expansion Quests] Loaded existing group quest data for group with ID=0
20:53:01.656 [Expansion Quests] Check quest initialization for quest with ID=6901 | State=COMPLETED | Player UID=1OEPy6aKlMe0cmo8LieQDvVcsiu6iWAr2PUZdSF5eMI=
20:53:01.656 [Expansion Quests] Check quest initialization for quest with ID=61601 | State=NONE | Player UID=1OEPy6aKlMe0cmo8LieQDvVcsiu6iWAr2PUZdSF5eMI=
20:53:01.656 [Expansion Quests] Check quest initialization for quest with ID=61902 | State=NONE | Player UID=1OEPy6aKlMe0cmo8LieQDvVcsiu6iWAr2PUZdSF5eMI=
20:53:01.656 [Expansion Quests] Check quest initialization for quest with ID=6501 | State=COMPLETED | Player UID=1OEPy6aKlMe0cmo8LieQDvVcsiu6iWAr2PUZdSF5eMI=
20:53:01.656 [Expansion Quests] Check quest initialization for quest with ID=8 | State=STARTED | Player UID=1OEPy6aKlMe0cmo8LieQDvVcsiu6iWAr2PUZdSF5eMI=
20:53:01.656 [Expansion Quests] Create new quest instance for quest with ID=8 | Player UID=1OEPy6aKlMe0cmo8LieQDvVcsiu6iWAr2PUZdSF5eMI=
20:53:01.656 [Expansion Quests] Check quest initialization for quest with ID=61001 | State=COMPLETED | Player UID=1OEPy6aKlMe0cmo8LieQDvVcsiu6iWAr2PUZdSF5eMI=
20:53:01.656 [Expansion Quests] Check quest initialization for quest with ID=11 | State=STARTED | Player UID=1OEPy6aKlMe0cmo8LieQDvVcsiu6iWAr2PUZdSF5eMI=
20:53:01.656 [Expansion Quests] Create new quest instance for quest with ID=11 | Player UID=1OEPy6aKlMe0cmo8LieQDvVcsiu6iWAr2PUZdSF5eMI=
20:53:01.656 [Expansion Quests] Check quest initialization for quest with ID=6201 | State=NONE | Player UID=1OEPy6aKlMe0cmo8LieQDvVcsiu6iWAr2PUZdSF5eMI=
20:53:01.656 [Expansion Quests] Check quest initialization for quest with ID=61901 | State=NONE | Player UID=1OEPy6aKlMe0cmo8LieQDvVcsiu6iWAr2PUZdSF5eMI=
20:53:01.656 [Expansion Quests] Check quest initialization for quest with ID=14 | State=COMPLETED | Player UID=1OEPy6aKlMe0cmo8LieQDvVcsiu6iWAr2PUZdSF5eMI=
20:53:01.656 [Expansion Quests] Check quest initialization for quest with ID=9 | State=COMPLETED | Player UID=1OEPy6aKlMe0cmo8LieQDvVcsiu6iWAr2PUZdSF5eMI=
20:53:01.656 [Expansion Quests] Check quest initialization for quest with ID=61701 | State=NONE | Player UID=1OEPy6aKlMe0cmo8LieQDvVcsiu6iWAr2PUZdSF5eMI=
20:53:01.656 [Expansion Quests] Check quest initialization for quest with ID=62001 | State=NONE | Player UID=1OEPy6aKlMe0cmo8LieQDvVcsiu6iWAr2PUZdSF5eMI=
20:53:01.656 [Expansion Quests] Check quest initialization for quest with ID=6101 | State=COMPLETED | Player UID=1OEPy6aKlMe0cmo8LieQDvVcsiu6iWAr2PUZdSF5eMI=
20:53:01.664 [Expansion Quests] Check quest initialization for quest with ID=61301 | State=NONE | Player UID=1OEPy6aKlMe0cmo8LieQDvVcsiu6iWAr2PUZdSF5eMI=
20:53:01.664 [Expansion Quests] Check quest initialization for quest with ID=61401 | State=NONE | Player UID=1OEPy6aKlMe0cmo8LieQDvVcsiu6iWAr2PUZdSF5eMI=
20:53:01.664 [Expansion Quests] Check quest initialization for quest with ID=6202 | State=NONE | Player UID=1OEPy6aKlMe0cmo8LieQDvVcsiu6iWAr2PUZdSF5eMI=
20:53:01.664 [Expansion Quests] Check quest initialization for quest with ID=61801 | State=NONE | Player UID=1OEPy6aKlMe0cmo8LieQDvVcsiu6iWAr2PUZdSF5eMI=
20:53:01.664 [Expansion Quests] Check quest initialization for quest with ID=61501 | State=NONE | Player UID=1OEPy6aKlMe0cmo8LieQDvVcsiu6iWAr2PUZdSF5eMI=
20:53:01.664 [Expansion Quests] Quest with ID=1 is not a a valid achievement or auto start quest. Skip quest for player with UID=1OEPy6aKlMe0cmo8LieQDvVcsiu6iWAr2PUZdSF5eMI=
20:53:01.664 [Expansion Quests] Quest with ID=2 is not a a valid achievement or auto start quest. Skip quest for player with UID=1OEPy6aKlMe0cmo8LieQDvVcsiu6iWAr2PUZdSF5eMI=
20:53:01.664 [Expansion Quests] Quest with ID=3 is not a a valid achievement or auto start quest. Skip quest for player with UID=1OEPy6aKlMe0cmo8LieQDvVcsiu6iWAr2PUZdSF5eMI=
20:53:01.664 [Expansion Quests] Quest with ID=4 is not a a valid achievement or auto start quest. Skip quest for player with UID=1OEPy6aKlMe0cmo8LieQDvVcsiu6iWAr2PUZdSF5eMI=
20:53:01.664 [Expansion Quests] Quest with ID=5 is not a a valid achievement or auto start quest. Skip quest for player with UID=1OEPy6aKlMe0cmo8LieQDvVcsiu6iWAr2PUZdSF5eMI=
20:53:01.664 [Expansion Quests] Quest with ID=6 is not a a valid achievement or auto start quest. Skip quest for player with UID=1OEPy6aKlMe0cmo8LieQDvVcsiu6iWAr2PUZdSF5eMI=
20:53:01.664 [Expansion Quests] Quest with ID=6401 is not a a valid achievement or auto start quest. Skip quest for player with UID=1OEPy6aKlMe0cmo8LieQDvVcsiu6iWAr2PUZdSF5eMI=
20:53:01.664 [Expansion Quests] Quest with ID=301 is not a a valid achievement or auto start quest. Skip quest for player with UID=1OEPy6aKlMe0cmo8LieQDvVcsiu6iWAr2PUZdSF5eMI=
20:53:01.664 [Expansion Quests] Quest with ID=10 is not a a valid achievement or auto start quest. Skip quest for player with UID=1OEPy6aKlMe0cmo8LieQDvVcsiu6iWAr2PUZdSF5eMI=
20:53:01.664 [Expansion Quests] Quest with ID=12 is not a a valid achievement or auto start quest. Skip quest for player with UID=1OEPy6aKlMe0cmo8LieQDvVcsiu6iWAr2PUZdSF5eMI=
20:53:01.664 [Expansion Quests] Quest with ID=13 is not a a valid achievement or auto start quest. Skip quest for player with UID=1OEPy6aKlMe0cmo8LieQDvVcsiu6iWAr2PUZdSF5eMI=
20:53:01.664 [Expansion Quests] Quest with ID=15 is not a a valid achievement or auto start quest. Skip quest for player with UID=1OEPy6aKlMe0cmo8LieQDvVcsiu6iWAr2PUZdSF5eMI=
20:53:01.664 [Expansion Quests] Quest with ID=16 is not a a valid achievement or auto start quest. Skip quest for player with UID=1OEPy6aKlMe0cmo8LieQDvVcsiu6iWAr2PUZdSF5eMI=
20:53:01.664 [Expansion Quests] Quest with ID=17 is not a a valid achievement or auto start quest. Skip quest for player with UID=1OEPy6aKlMe0cmo8LieQDvVcsiu6iWAr2PUZdSF5eMI=
20:53:01.664 [Expansion Quests] Quest with ID=18 is not a a valid achievement or auto start quest. Skip quest for player with UID=1OEPy6aKlMe0cmo8LieQDvVcsiu6iWAr2PUZdSF5eMI=
20:53:01.664 [Expansion Quests] Quest with ID=19 is not a a valid achievement or auto start quest. Skip quest for player with UID=1OEPy6aKlMe0cmo8LieQDvVcsiu6iWAr2PUZdSF5eMI=
20:53:01.664 [Expansion Quests] Quest with ID=20 is not a a valid achievement or auto start quest. Skip quest for player with UID=1OEPy6aKlMe0cmo8LieQDvVcsiu6iWAr2PUZdSF5eMI=
20:53:01.664 [Expansion Quests] Quest with ID=21 is not a a valid achievement or auto start quest. Skip quest for player with UID=1OEPy6aKlMe0cmo8LieQDvVcsiu6iWAr2PUZdSF5eMI=
20:53:01.664 [Expansion Quests] Quest with ID=22 is not a a valid achievement or auto start quest. Skip quest for player with UID=1OEPy6aKlMe0cmo8LieQDvVcsiu6iWAr2PUZdSF5eMI=
20:53:01.664 [Expansion Quests] Quest with ID=23 is not a a valid achievement or auto start quest. Skip quest for player with UID=1OEPy6aKlMe0cmo8LieQDvVcsiu6iWAr2PUZdSF5eMI=
20:53:01.664 [Expansion Quests] Quest with ID=26 is not a a valid achievement or auto start quest. Skip quest for player with UID=1OEPy6aKlMe0cmo8LieQDvVcsiu6iWAr2PUZdSF5eMI=
20:53:01.664 [Expansion Quests] Quest with ID=61701 is not a a valid achievement or auto start quest. Skip quest for player with UID=1OEPy6aKlMe0cmo8LieQDvVcsiu6iWAr2PUZdSF5eMI=
20:53:01.664 [Expansion Quests] Quest with ID=28 is not a a valid achievement or auto start quest. Skip quest for player with UID=1OEPy6aKlMe0cmo8LieQDvVcsiu6iWAr2PUZdSF5eMI=
20:53:01.664 [Expansion Quests] Quest with ID=6301 is not a a valid achievement or auto start quest. Skip quest for player with UID=1OEPy6aKlMe0cmo8LieQDvVcsiu6iWAr2PUZdSF5eMI=
20:53:01.664 [Expansion Quests] Quest with ID=31 is not a a valid achievement or auto start quest. Skip quest for player with UID=1OEPy6aKlMe0cmo8LieQDvVcsiu6iWAr2PUZdSF5eMI=
20:53:01.664 [Expansion Quests] Quest with ID=61601 is not a a valid achievement or auto start quest. Skip quest for player with UID=1OEPy6aKlMe0cmo8LieQDvVcsiu6iWAr2PUZdSF5eMI=
20:53:01.664 [Expansion Quests] Quest with ID=7 is not a a valid achievement or auto start quest. Skip quest for player with UID=1OEPy6aKlMe0cmo8LieQDvVcsiu6iWAr2PUZdSF5eMI=
20:53:01.664 [Expansion Quests] Quest with ID=6701 is not a a valid achievement or auto start quest. Skip quest for player with UID=1OEPy6aKlMe0cmo8LieQDvVcsiu6iWAr2PUZdSF5eMI=
20:53:01.664 [Expansion Quests] Quest with ID=6501 is not a a valid achievement or auto start quest. Skip quest for player with UID=1OEPy6aKlMe0cmo8LieQDvVcsiu6iWAr2PUZdSF5eMI=
20:53:01.664 [Expansion Quests] Quest with ID=62001 is not a a valid achievement or auto start quest. Skip quest for player with UID=1OEPy6aKlMe0cmo8LieQDvVcsiu6iWAr2PUZdSF5eMI=
20:53:01.664 [Expansion Quests] Quest with ID=6801 is not a a valid achievement or auto start quest. Skip quest for player with UID=1OEPy6aKlMe0cmo8LieQDvVcsiu6iWAr2PUZdSF5eMI=
20:53:01.664 [Expansion Quests] Quest with ID=402 is not a a valid achievement or auto start quest. Skip quest for player with UID=1OEPy6aKlMe0cmo8LieQDvVcsiu6iWAr2PUZdSF5eMI=
20:53:01.664 [Expansion Quests] Quest with ID=6201 is not a a valid achievement or auto start quest. Skip quest for player with UID=1OEPy6aKlMe0cmo8LieQDvVcsiu6iWAr2PUZdSF5eMI=
20:53:01.664 [Expansion Quests] Quest with ID=6202 is not a a valid achievement or auto start quest. Skip quest for player with UID=1OEPy6aKlMe0cmo8LieQDvVcsiu6iWAr2PUZdSF5eMI=
20:53:01.664 [Expansion Quests] Quest with ID=61501 is not a a valid achievement or auto start quest. Skip quest for player with UID=1OEPy6aKlMe0cmo8LieQDvVcsiu6iWAr2PUZdSF5eMI=
20:53:01.664 [Expansion Quests] Quest with ID=201 is not a a valid achievement or auto start quest. Skip quest for player with UID=1OEPy6aKlMe0cmo8LieQDvVcsiu6iWAr2PUZdSF5eMI=
20:53:01.664 [Expansion Quests] Quest with ID=202 is not a a valid achievement or auto start quest. Skip quest for player with UID=1OEPy6aKlMe0cmo8LieQDvVcsiu6iWAr2PUZdSF5eMI=
20:53:01.664 [Expansion Quests] Quest with ID=203 is not a a valid achievement or auto start quest. Skip quest for player with UID=1OEPy6aKlMe0cmo8LieQDvVcsiu6iWAr2PUZdSF5eMI=
20:53:01.664 [Expansion Quests] Quest with ID=61901 is not a a valid achievement or auto start quest. Skip quest for player with UID=1OEPy6aKlMe0cmo8LieQDvVcsiu6iWAr2PUZdSF5eMI=
20:53:01.664 [Expansion Quests] Quest with ID=61902 is not a a valid achievement or auto start quest. Skip quest for player with UID=1OEPy6aKlMe0cmo8LieQDvVcsiu6iWAr2PUZdSF5eMI=
20:53:01.664 [Expansion Quests] Quest with ID=6101 is not a a valid achievement or auto start quest. Skip quest for player with UID=1OEPy6aKlMe0cmo8LieQDvVcsiu6iWAr2PUZdSF5eMI=
20:53:01.664 [Expansion Quests] Quest with ID=401 is not a a valid achievement or auto start quest. Skip quest for player with UID=1OEPy6aKlMe0cmo8LieQDvVcsiu6iWAr2PUZdSF5eMI=
20:53:01.664 [Expansion Quests] Quest with ID=29 is not a a valid achievement or auto start quest. Skip quest for player with UID=1OEPy6aKlMe0cmo8LieQDvVcsiu6iWAr2PUZdSF5eMI=
20:53:01.664 [Expansion Quests] Quest with ID=61401 is not a a valid achievement or auto start quest. Skip quest for player with UID=1OEPy6aKlMe0cmo8LieQDvVcsiu6iWAr2PUZdSF5eMI=
20:53:01.664 [Expansion Quests] Quest with ID=6601 is not a a valid achievement or auto start quest. Skip quest for player with UID=1OEPy6aKlMe0cmo8LieQDvVcsiu6iWAr2PUZdSF5eMI=
20:53:01.664 [Expansion Quests] Quest with ID=61301 is not a a valid achievement or auto start quest. Skip quest for player with UID=1OEPy6aKlMe0cmo8LieQDvVcsiu6iWAr2PUZdSF5eMI=
20:53:01.664 [Expansion Quests] Quest with ID=61101 is not a a valid achievement or auto start quest. Skip quest for player with UID=1OEPy6aKlMe0cmo8LieQDvVcsiu6iWAr2PUZdSF5eMI=
20:53:01.664 [Expansion Quests] Quest with ID=101 is not a a valid achievement or auto start quest. Skip quest for player with UID=1OEPy6aKlMe0cmo8LieQDvVcsiu6iWAr2PUZdSF5eMI=
20:53:01.664 [Expansion Quests] Quest with ID=102 is not a a valid achievement or auto start quest. Skip quest for player with UID=1OEPy6aKlMe0cmo8LieQDvVcsiu6iWAr2PUZdSF5eMI=
20:53:01.664 [Expansion Quests] Quest with ID=61801 is not a a valid achievement or auto start quest. Skip quest for player with UID=1OEPy6aKlMe0cmo8LieQDvVcsiu6iWAr2PUZdSF5eMI=
20:53:01.664 [Expansion Quests] Quest with ID=61001 is not a a valid achievement or auto start quest. Skip quest for player with UID=1OEPy6aKlMe0cmo8LieQDvVcsiu6iWAr2PUZdSF5eMI=
20:53:01.664 [Expansion Quests] Quest with ID=6901 is not a a valid achievement or auto start quest. Skip quest for player with UID=1OEPy6aKlMe0cmo8LieQDvVcsiu6iWAr2PUZdSF5eMI=
20:53:01.664 [Expansion Quests] Quest with ID=61201 is not a a valid achievement or auto start quest. Skip quest for player with UID=1OEPy6aKlMe0cmo8LieQDvVcsiu6iWAr2PUZdSF5eMI=
20:53:01.671 [Expansion Quests] Sending 1OEPy6aKlMe0cmo8LieQDvVcsiu6iWAr2PUZdSF5eMI= quest configs to client for player with UID=1OEPy6aKlMe0cmo8LieQDvVcsiu6iWAr2PUZdSF5eMI=
20:53:01.671 [Expansion Quests] Sending player quest data for 19 quests to player with UID=1OEPy6aKlMe0cmo8LieQDvVcsiu6iWAr2PUZdSF5eMI=
20:53:02.570 [Expansion Quests] - LoadGroupQuestData - Got cached group quest data for group with ID=0
20:53:16.648 [AI Patrol 00009] Spawning 1 West bots at <4550.339844, 335.050049, 5595.516113>
20:53:16.671 [AI Patrol 00009] Global patrol count: 1
20:53:17.015 [AI Patrol 00014] Spawning 8 West bots at <4706.656250, 311.256439, 5826.669434>
20:53:17.039 [AI Patrol 00014] Global patrol count: 2
20:53:18.148 [Safezone] Player "Survivor" (id=1OEPy6aKlMe0cmo8LieQDvVcsiu6iWAr2PUZdSF5eMI= pos=<4143.808105, 348.211639, 5911.728516>) Entered the safezone
20:53:24.882 [VehicleDeleted] ExpansionUAZ (id=2174CF4A30407B656D2EE0A72987C544 pos=<3823.868164, 297.237000, 7749.166992>)
20:53:31.843 [Safezone] Player "Survivor" (id=1OEPy6aKlMe0cmo8LieQDvVcsiu6iWAr2PUZdSF5eMI= pos=<4708.311523, 311.414490, 5824.726563>) Left the safezone
20:53:53.320 [Killfeed] AI Keiko (Запад) был убит [Zenit] Survivor с КАС-74У из 4 м расстояние.
20:53:55.304 [Killfeed] AI Hassan (Запад) был убит [Zenit] Survivor с КАС-74У из 5 м расстояние.
20:53:55.679 [Killfeed] AI Linda (Запад) был убит [Zenit] Survivor с КАС-74У из 5 м расстояние.
20:53:56.218 [Killfeed] AI Naomi (Запад) был убит [Zenit] Survivor с КАС-74У из 4 м расстояние.
20:53:59.015 [Killfeed] AI Baty (Запад) был убит [Zenit] Survivor с КАС-74У из 1 м расстояние.
20:54:01.273 [Killfeed] AI Eva (Запад) был убит [Zenit] Survivor с КАС-74У из 5 м расстояние.
20:54:03.265 [Killfeed] AI Elias (Запад) был убит [Zenit] Survivor с КАС-74У из 10 м расстояние.
20:54:04.578 [Killfeed] AI Cyril (Запад) был убит [Zenit] Survivor с КАС-74У из 11 м расстояние.
20:54:08.953 [AI Patrol 00014] West bots were wiped out (spawn position <4706.656250, 311.256439, 5826.669434>, 8/8 deceased)
20:54:08.953 [AI Patrol 00014] Global patrol count: 1
20:54:46.171 [VehicleDeleted] ExpansionUh1h (id=88A26AD3B044620CEA571DB763C19E49 pos=<4556.042480, 287.583893, 6535.571777>)
20:55:40.109 [VehicleDeleted] ExpansionUh1h (id=2EE679378B4B242C4E84A3881500883B pos=<3913.617920, 297.164703, 7735.694336>)
20:57:48.195 [MissionAirdrop] An airdrop is heading towards "Skalisty Island" (pos=<13452.000000, 0.000000, 3112.000000> type=Random_Skalisty Island) with a ExpansionAirdropContainer_Medical
21:17:42.226 [ExplosionDamageSystem] About to explode ExpansionRocket_Ammo from Expansion_LAW_Explosion<a91462b0> at <4856.76, 319.87, 5749.21> EXPLOSION range 12 dropoff 3
21:18:02.585 [ExplosionDamageSystem] About to explode ExpansionRocket_Ammo from Expansion_LAW_Explosion<a9149c10> at <4843.6, 317.22, 5755.17> EXPLOSION range 12 dropoff 3
21:18:32.523 [ExplosionDamageSystem] About to explode ExpansionRocket_Ammo from Expansion_LAW_Explosion<a91475d0> at <4731.43, 308.15, 5908.36> EXPLOSION range 12 dropoff 3
21:18:32.523 [Killfeed] AI Jose (Запад) умер от взрыва M72 LAW.
21:18:33.632 [AI Patrol 00009] West bots were wiped out (spawn position <4550.339844, 335.050049, 5595.516113>, 1/1 deceased)
21:18:33.632 [AI Patrol 00009] Global patrol count: 0
21:41:47.367 [Party] Player "Survivor (2)" (id=zc8VdK3LmE4uE8VdKbx2bOGlKghmh6pN2ye-63D6kCk=) joinded the party "Zenith Resolute" (id=0 ownerUID=zc8VdK3LmE4uE8VdKbx2bOGlKghmh6pN2ye-63D6kCk= ownerName=acey)
21:41:47.367 [Expansion Quests] Initialize quest system on the connected client with UID=zc8VdK3LmE4uE8VdKbx2bOGlKghmh6pN2ye-63D6kCk=
21:41:47.421 [Expansion Quests] Loaded existing player quest data for player with UID=zc8VdK3LmE4uE8VdKbx2bOGlKghmh6pN2ye-63D6kCk=
21:41:47.421 [Expansion Quests] - LoadGroupQuestData - Got cached group quest data for group with ID=0
21:41:47.421 [Expansion Quests] Check quest initialization for quest with ID=6101 | State=COMPLETED | Player UID=zc8VdK3LmE4uE8VdKbx2bOGlKghmh6pN2ye-63D6kCk=
21:41:47.421 [Expansion Quests] Check quest initialization for quest with ID=61601 | State=STARTED | Player UID=zc8VdK3LmE4uE8VdKbx2bOGlKghmh6pN2ye-63D6kCk=
21:41:47.421 [Expansion Quests] Create new quest instance for quest with ID=61601 | Player UID=zc8VdK3LmE4uE8VdKbx2bOGlKghmh6pN2ye-63D6kCk=
21:41:47.429 [Expansion Quests] Check quest initialization for quest with ID=6401 | State=COMPLETED | Player UID=zc8VdK3LmE4uE8VdKbx2bOGlKghmh6pN2ye-63D6kCk=
21:41:47.429 [Expansion Quests] Check quest initialization for quest with ID=6501 | State=COMPLETED | Player UID=zc8VdK3LmE4uE8VdKbx2bOGlKghmh6pN2ye-63D6kCk=
21:41:47.429 [Expansion Quests] Check quest initialization for quest with ID=8 | State=STARTED | Player UID=zc8VdK3LmE4uE8VdKbx2bOGlKghmh6pN2ye-63D6kCk=
21:41:47.429 [Expansion Quests] Create new quest instance for quest with ID=8 | Player UID=zc8VdK3LmE4uE8VdKbx2bOGlKghmh6pN2ye-63D6kCk=
21:41:47.429 [Expansion Quests] Check quest initialization for quest with ID=9 | State=COMPLETED | Player UID=zc8VdK3LmE4uE8VdKbx2bOGlKghmh6pN2ye-63D6kCk=
21:41:47.429 [Expansion Quests] Check quest initialization for quest with ID=11 | State=STARTED | Player UID=zc8VdK3LmE4uE8VdKbx2bOGlKghmh6pN2ye-63D6kCk=
21:41:47.429 [Expansion Quests] Create new quest instance for quest with ID=11 | Player UID=zc8VdK3LmE4uE8VdKbx2bOGlKghmh6pN2ye-63D6kCk=
21:41:47.429 [Expansion Quests] Check quest initialization for quest with ID=6701 | State=COMPLETED | Player UID=zc8VdK3LmE4uE8VdKbx2bOGlKghmh6pN2ye-63D6kCk=
21:41:47.429 [Expansion Quests] Check quest initialization for quest with ID=14 | State=COMPLETED | Player UID=zc8VdK3LmE4uE8VdKbx2bOGlKghmh6pN2ye-63D6kCk=
21:41:47.429 [Expansion Quests] Check quest initialization for quest with ID=61001 | State=COMPLETED | Player UID=zc8VdK3LmE4uE8VdKbx2bOGlKghmh6pN2ye-63D6kCk=
21:41:47.429 [Expansion Quests] Check quest initialization for quest with ID=6801 | State=COMPLETED | Player UID=zc8VdK3LmE4uE8VdKbx2bOGlKghmh6pN2ye-63D6kCk=
21:41:47.429 [Expansion Quests] Check quest initialization for quest with ID=61201 | State=STARTED | Player UID=zc8VdK3LmE4uE8VdKbx2bOGlKghmh6pN2ye-63D6kCk=
21:41:47.429 [Expansion Quests] Create new quest instance for quest with ID=61201 | Player UID=zc8VdK3LmE4uE8VdKbx2bOGlKghmh6pN2ye-63D6kCk=
21:41:47.429 [Expansion Quests] Check quest initialization for quest with ID=6901 | State=COMPLETED | Player UID=zc8VdK3LmE4uE8VdKbx2bOGlKghmh6pN2ye-63D6kCk=
21:41:47.429 [Expansion Quests] Check quest initialization for quest with ID=61301 | State=NONE | Player UID=zc8VdK3LmE4uE8VdKbx2bOGlKghmh6pN2ye-63D6kCk=
21:41:47.429 [Expansion Quests] Check quest initialization for quest with ID=61801 | State=NONE | Player UID=zc8VdK3LmE4uE8VdKbx2bOGlKghmh6pN2ye-63D6kCk=
21:41:47.429 [Expansion Quests] Quest with ID=1 is not a a valid achievement or auto start quest. Skip quest for player with UID=zc8VdK3LmE4uE8VdKbx2bOGlKghmh6pN2ye-63D6kCk=
21:41:47.429 [Expansion Quests] Quest with ID=2 is not a a valid achievement or auto start quest. Skip quest for player with UID=zc8VdK3LmE4uE8VdKbx2bOGlKghmh6pN2ye-63D6kCk=
21:41:47.429 [Expansion Quests] Quest with ID=3 is not a a valid achievement or auto start quest. Skip quest for player with UID=zc8VdK3LmE4uE8VdKbx2bOGlKghmh6pN2ye-63D6kCk=
21:41:47.429 [Expansion Quests] Quest with ID=4 is not a a valid achievement or auto start quest. Skip quest for player with UID=zc8VdK3LmE4uE8VdKbx2bOGlKghmh6pN2ye-63D6kCk=
21:41:47.429 [Expansion Quests] Quest with ID=5 is not a a valid achievement or auto start quest. Skip quest for player with UID=zc8VdK3LmE4uE8VdKbx2bOGlKghmh6pN2ye-63D6kCk=
21:41:47.429 [Expansion Quests] Quest with ID=6 is not a a valid achievement or auto start quest. Skip quest for player with UID=zc8VdK3LmE4uE8VdKbx2bOGlKghmh6pN2ye-63D6kCk=
21:41:47.429 [Expansion Quests] Quest with ID=6401 is not a a valid achievement or auto start quest. Skip quest for player with UID=zc8VdK3LmE4uE8VdKbx2bOGlKghmh6pN2ye-63D6kCk=
21:41:47.429 [Expansion Quests] Quest with ID=301 is not a a valid achievement or auto start quest. Skip quest for player with UID=zc8VdK3LmE4uE8VdKbx2bOGlKghmh6pN2ye-63D6kCk=
21:41:47.429 [Expansion Quests] Quest with ID=10 is not a a valid achievement or auto start quest. Skip quest for player with UID=zc8VdK3LmE4uE8VdKbx2bOGlKghmh6pN2ye-63D6kCk=
21:41:47.429 [Expansion Quests] Quest with ID=12 is not a a valid achievement or auto start quest. Skip quest for player with UID=zc8VdK3LmE4uE8VdKbx2bOGlKghmh6pN2ye-63D6kCk=
21:41:47.429 [Expansion Quests] Quest with ID=13 is not a a valid achievement or auto start quest. Skip quest for player with UID=zc8VdK3LmE4uE8VdKbx2bOGlKghmh6pN2ye-63D6kCk=
21:41:47.429 [Expansion Quests] Quest with ID=15 is not a a valid achievement or auto start quest. Skip quest for player with UID=zc8VdK3LmE4uE8VdKbx2bOGlKghmh6pN2ye-63D6kCk=
21:41:47.429 [Expansion Quests] Quest with ID=16 is not a a valid achievement or auto start quest. Skip quest for player with UID=zc8VdK3LmE4uE8VdKbx2bOGlKghmh6pN2ye-63D6kCk=
21:41:47.429 [Expansion Quests] Quest with ID=17 is not a a valid achievement or auto start quest. Skip quest for player with UID=zc8VdK3LmE4uE8VdKbx2bOGlKghmh6pN2ye-63D6kCk=
21:41:47.429 [Expansion Quests] Quest with ID=18 is not a a valid achievement or auto start quest. Skip quest for player with UID=zc8VdK3LmE4uE8VdKbx2bOGlKghmh6pN2ye-63D6kCk=
21:41:47.429 [Expansion Quests] Quest with ID=19 is not a a valid achievement or auto start quest. Skip quest for player with UID=zc8VdK3LmE4uE8VdKbx2bOGlKghmh6pN2ye-63D6kCk=
21:41:47.429 [Expansion Quests] Quest with ID=20 is not a a valid achievement or auto start quest. Skip quest for player with UID=zc8VdK3LmE4uE8VdKbx2bOGlKghmh6pN2ye-63D6kCk=
21:41:47.429 [Expansion Quests] Quest with ID=21 is not a a valid achievement or auto start quest. Skip quest for player with UID=zc8VdK3LmE4uE8VdKbx2bOGlKghmh6pN2ye-63D6kCk=
21:41:47.429 [Expansion Quests] Quest with ID=22 is not a a valid achievement or auto start quest. Skip quest for player with UID=zc8VdK3LmE4uE8VdKbx2bOGlKghmh6pN2ye-63D6kCk=
21:41:47.429 [Expansion Quests] Quest with ID=23 is not a a valid achievement or auto start quest. Skip quest for player with UID=zc8VdK3LmE4uE8VdKbx2bOGlKghmh6pN2ye-63D6kCk=
21:41:47.429 [Expansion Quests] Quest with ID=26 is not a a valid achievement or auto start quest. Skip quest for player with UID=zc8VdK3LmE4uE8VdKbx2bOGlKghmh6pN2ye-63D6kCk=
21:41:47.429 [Expansion Quests] Quest with ID=61701 is not a a valid achievement or auto start quest. Skip quest for player with UID=zc8VdK3LmE4uE8VdKbx2bOGlKghmh6pN2ye-63D6kCk=
21:41:47.429 [Expansion Quests] Quest with ID=28 is not a a valid achievement or auto start quest. Skip quest for player with UID=zc8VdK3LmE4uE8VdKbx2bOGlKghmh6pN2ye-63D6kCk=
21:41:47.429 [Expansion Quests] Quest with ID=6301 is not a a valid achievement or auto start quest. Skip quest for player with UID=zc8VdK3LmE4uE8VdKbx2bOGlKghmh6pN2ye-63D6kCk=
21:41:47.429 [Expansion Quests] Quest with ID=31 is not a a valid achievement or auto start quest. Skip quest for player with UID=zc8VdK3LmE4uE8VdKbx2bOGlKghmh6pN2ye-63D6kCk=
21:41:47.429 [Expansion Quests] Quest with ID=7 is not a a valid achievement or auto start quest. Skip quest for player with UID=zc8VdK3LmE4uE8VdKbx2bOGlKghmh6pN2ye-63D6kCk=
21:41:47.429 [Expansion Quests] Quest with ID=6701 is not a a valid achievement or auto start quest. Skip quest for player with UID=zc8VdK3LmE4uE8VdKbx2bOGlKghmh6pN2ye-63D6kCk=
21:41:47.429 [Expansion Quests] Quest with ID=6501 is not a a valid achievement or auto start quest. Skip quest for player with UID=zc8VdK3LmE4uE8VdKbx2bOGlKghmh6pN2ye-63D6kCk=
21:41:47.429 [Expansion Quests] Quest with ID=62001 is not a a valid achievement or auto start quest. Skip quest for player with UID=zc8VdK3LmE4uE8VdKbx2bOGlKghmh6pN2ye-63D6kCk=
21:41:47.429 [Expansion Quests] Quest with ID=6801 is not a a valid achievement or auto start quest. Skip quest for player with UID=zc8VdK3LmE4uE8VdKbx2bOGlKghmh6pN2ye-63D6kCk=
21:41:47.429 [Expansion Quests] Quest with ID=402 is not a a valid achievement or auto start quest. Skip quest for player with UID=zc8VdK3LmE4uE8VdKbx2bOGlKghmh6pN2ye-63D6kCk=
21:41:47.429 [Expansion Quests] Quest with ID=6201 is not a a valid achievement or auto start quest. Skip quest for player with UID=zc8VdK3LmE4uE8VdKbx2bOGlKghmh6pN2ye-63D6kCk=
21:41:47.429 [Expansion Quests] Quest with ID=6202 is not a a valid achievement or auto start quest. Skip quest for player with UID=zc8VdK3LmE4uE8VdKbx2bOGlKghmh6pN2ye-63D6kCk=
21:41:47.429 [Expansion Quests] Quest with ID=61501 is not a a valid achievement or auto start quest. Skip quest for player with UID=zc8VdK3LmE4uE8VdKbx2bOGlKghmh6pN2ye-63D6kCk=
21:41:47.429 [Expansion Quests] Quest with ID=201 is not a a valid achievement or auto start quest. Skip quest for player with UID=zc8VdK3LmE4uE8VdKbx2bOGlKghmh6pN2ye-63D6kCk=
21:41:47.429 [Expansion Quests] Quest with ID=202 is not a a valid achievement or auto start quest. Skip quest for player with UID=zc8VdK3LmE4uE8VdKbx2bOGlKghmh6pN2ye-63D6kCk=
21:41:47.429 [Expansion Quests] Quest with ID=203 is not a a valid achievement or auto start quest. Skip quest for player with UID=zc8VdK3LmE4uE8VdKbx2bOGlKghmh6pN2ye-63D6kCk=
21:41:47.429 [Expansion Quests] Quest with ID=61901 is not a a valid achievement or auto start quest. Skip quest for player with UID=zc8VdK3LmE4uE8VdKbx2bOGlKghmh6pN2ye-63D6kCk=
21:41:47.429 [Expansion Quests] Quest with ID=61902 is not a a valid achievement or auto start quest. Skip quest for player with UID=zc8VdK3LmE4uE8VdKbx2bOGlKghmh6pN2ye-63D6kCk=
21:41:47.429 [Expansion Quests] Quest with ID=6101 is not a a valid achievement or auto start quest. Skip quest for player with UID=zc8VdK3LmE4uE8VdKbx2bOGlKghmh6pN2ye-63D6kCk=
21:41:47.429 [Expansion Quests] Quest with ID=401 is not a a valid achievement or auto start quest. Skip quest for player with UID=zc8VdK3LmE4uE8VdKbx2bOGlKghmh6pN2ye-63D6kCk=
21:41:47.429 [Expansion Quests] Quest with ID=29 is not a a valid achievement or auto start quest. Skip quest for player with UID=zc8VdK3LmE4uE8VdKbx2bOGlKghmh6pN2ye-63D6kCk=
21:41:47.429 [Expansion Quests] Quest with ID=61401 is not a a valid achievement or auto start quest. Skip quest for player with UID=zc8VdK3LmE4uE8VdKbx2bOGlKghmh6pN2ye-63D6kCk=
21:41:47.429 [Expansion Quests] Quest with ID=6601 is not a a valid achievement or auto start quest. Skip quest for player with UID=zc8VdK3LmE4uE8VdKbx2bOGlKghmh6pN2ye-63D6kCk=
21:41:47.429 [Expansion Quests] Quest with ID=61301 is not a a valid achievement or auto start quest. Skip quest for player with UID=zc8VdK3LmE4uE8VdKbx2bOGlKghmh6pN2ye-63D6kCk=
21:41:47.429 [Expansion Quests] Quest with ID=61101 is not a a valid achievement or auto start quest. Skip quest for player with UID=zc8VdK3LmE4uE8VdKbx2bOGlKghmh6pN2ye-63D6kCk=
21:41:47.429 [Expansion Quests] Quest with ID=101 is not a a valid achievement or auto start quest. Skip quest for player with UID=zc8VdK3LmE4uE8VdKbx2bOGlKghmh6pN2ye-63D6kCk=
21:41:47.429 [Expansion Quests] Quest with ID=102 is not a a valid achievement or auto start quest. Skip quest for player with UID=zc8VdK3LmE4uE8VdKbx2bOGlKghmh6pN2ye-63D6kCk=
21:41:47.429 [Expansion Quests] Quest with ID=61801 is not a a valid achievement or auto start quest. Skip quest for player with UID=zc8VdK3LmE4uE8VdKbx2bOGlKghmh6pN2ye-63D6kCk=
21:41:47.429 [Expansion Quests] Quest with ID=61001 is not a a valid achievement or auto start quest. Skip quest for player with UID=zc8VdK3LmE4uE8VdKbx2bOGlKghmh6pN2ye-63D6kCk=
21:41:47.429 [Expansion Quests] Quest with ID=6901 is not a a valid achievement or auto start quest. Skip quest for player with UID=zc8VdK3LmE4uE8VdKbx2bOGlKghmh6pN2ye-63D6kCk=
21:41:47.437 [Expansion Quests] Sending zc8VdK3LmE4uE8VdKbx2bOGlKghmh6pN2ye-63D6kCk= quest configs to client for player with UID=zc8VdK3LmE4uE8VdKbx2bOGlKghmh6pN2ye-63D6kCk=
21:41:47.437 [Expansion Quests] Sending player quest data for 15 quests to player with UID=zc8VdK3LmE4uE8VdKbx2bOGlKghmh6pN2ye-63D6kCk=
21:41:48.343 [Expansion Quests] - LoadGroupQuestData - Got cached group quest data for group with ID=0
21:41:49.453 [Party] Player "Survivor (2)" (id=zc8VdK3LmE4uE8VdKbx2bOGlKghmh6pN2ye-63D6kCk=) left the party "Zenith Resolute" (id=0 ownerUID=zc8VdK3LmE4uE8VdKbx2bOGlKghmh6pN2ye-63D6kCk= ownerName=acey)
21:41:49.453 [Expansion Quests] Deleted quest with ID=8 is a of player with UID=zc8VdK3LmE4uE8VdKbx2bOGlKghmh6pN2ye-63D6kCk=.
21:41:49.453 [Expansion Quests] Deleted quest with ID=61601 is a of player with UID=zc8VdK3LmE4uE8VdKbx2bOGlKghmh6pN2ye-63D6kCk=.
21:41:49.453 [Expansion Quests] Deleted quest with ID=11 is a of player with UID=zc8VdK3LmE4uE8VdKbx2bOGlKghmh6pN2ye-63D6kCk=.
21:41:49.453 [Expansion Quests] Deleted quest with ID=61201 is a of player with UID=zc8VdK3LmE4uE8VdKbx2bOGlKghmh6pN2ye-63D6kCk=.
21:43:32.984 [Party] Player "Survivor (2)" (id=zc8VdK3LmE4uE8VdKbx2bOGlKghmh6pN2ye-63D6kCk=) joinded the party "Zenith Resolute" (id=0 ownerUID=zc8VdK3LmE4uE8VdKbx2bOGlKghmh6pN2ye-63D6kCk= ownerName=acey)
21:43:32.984 [Expansion Quests] Initialize quest system on the connected client with UID=zc8VdK3LmE4uE8VdKbx2bOGlKghmh6pN2ye-63D6kCk=
21:43:33.015 [Expansion Quests] Loaded existing player quest data for player with UID=zc8VdK3LmE4uE8VdKbx2bOGlKghmh6pN2ye-63D6kCk=
21:43:33.015 [Expansion Quests] - LoadGroupQuestData - Got cached group quest data for group with ID=0
21:43:33.015 [Expansion Quests] Check quest initialization for quest with ID=6901 | State=COMPLETED | Player UID=zc8VdK3LmE4uE8VdKbx2bOGlKghmh6pN2ye-63D6kCk=
21:43:33.015 [Expansion Quests] Check quest initialization for quest with ID=61601 | State=STARTED | Player UID=zc8VdK3LmE4uE8VdKbx2bOGlKghmh6pN2ye-63D6kCk=
21:43:33.015 [Expansion Quests] Create new quest instance for quest with ID=61601 | Player UID=zc8VdK3LmE4uE8VdKbx2bOGlKghmh6pN2ye-63D6kCk=
21:43:33.015 [Expansion Quests] Check quest initialization for quest with ID=6401 | State=COMPLETED | Player UID=zc8VdK3LmE4uE8VdKbx2bOGlKghmh6pN2ye-63D6kCk=
21:43:33.015 [Expansion Quests] Check quest initialization for quest with ID=6501 | State=COMPLETED | Player UID=zc8VdK3LmE4uE8VdKbx2bOGlKghmh6pN2ye-63D6kCk=
21:43:33.015 [Expansion Quests] Check quest initialization for quest with ID=8 | State=STARTED | Player UID=zc8VdK3LmE4uE8VdKbx2bOGlKghmh6pN2ye-63D6kCk=
21:43:33.015 [Expansion Quests] Create new quest instance for quest with ID=8 | Player UID=zc8VdK3LmE4uE8VdKbx2bOGlKghmh6pN2ye-63D6kCk=
21:43:33.015 [Expansion Quests] Check quest initialization for quest with ID=9 | State=COMPLETED | Player UID=zc8VdK3LmE4uE8VdKbx2bOGlKghmh6pN2ye-63D6kCk=
21:43:33.015 [Expansion Quests] Check quest initialization for quest with ID=11 | State=STARTED | Player UID=zc8VdK3LmE4uE8VdKbx2bOGlKghmh6pN2ye-63D6kCk=
21:43:33.015 [Expansion Quests] Create new quest instance for quest with ID=11 | Player UID=zc8VdK3LmE4uE8VdKbx2bOGlKghmh6pN2ye-63D6kCk=
21:43:33.015 [Expansion Quests] Check quest initialization for quest with ID=6701 | State=COMPLETED | Player UID=zc8VdK3LmE4uE8VdKbx2bOGlKghmh6pN2ye-63D6kCk=
21:43:33.015 [Expansion Quests] Check quest initialization for quest with ID=14 | State=COMPLETED | Player UID=zc8VdK3LmE4uE8VdKbx2bOGlKghmh6pN2ye-63D6kCk=
21:43:33.015 [Expansion Quests] Check quest initialization for quest with ID=61801 | State=NONE | Player UID=zc8VdK3LmE4uE8VdKbx2bOGlKghmh6pN2ye-63D6kCk=
21:43:33.015 [Expansion Quests] Check quest initialization for quest with ID=6801 | State=COMPLETED | Player UID=zc8VdK3LmE4uE8VdKbx2bOGlKghmh6pN2ye-63D6kCk=
21:43:33.023 [Expansion Quests] Check quest initialization for quest with ID=61201 | State=STARTED | Player UID=zc8VdK3LmE4uE8VdKbx2bOGlKghmh6pN2ye-63D6kCk=
21:43:33.023 [Expansion Quests] Create new quest instance for quest with ID=61201 | Player UID=zc8VdK3LmE4uE8VdKbx2bOGlKghmh6pN2ye-63D6kCk=
21:43:33.023 [Expansion Quests] Check quest initialization for quest with ID=6101 | State=COMPLETED | Player UID=zc8VdK3LmE4uE8VdKbx2bOGlKghmh6pN2ye-63D6kCk=
21:43:33.023 [Expansion Quests] Check quest initialization for quest with ID=61301 | State=NONE | Player UID=zc8VdK3LmE4uE8VdKbx2bOGlKghmh6pN2ye-63D6kCk=
21:43:33.023 [Expansion Quests] Check quest initialization for quest with ID=61001 | State=COMPLETED | Player UID=zc8VdK3LmE4uE8VdKbx2bOGlKghmh6pN2ye-63D6kCk=
21:43:33.023 [Expansion Quests] Quest with ID=1 is not a a valid achievement or auto start quest. Skip quest for player with UID=zc8VdK3LmE4uE8VdKbx2bOGlKghmh6pN2ye-63D6kCk=
21:43:33.023 [Expansion Quests] Quest with ID=2 is not a a valid achievement or auto start quest. Skip quest for player with UID=zc8VdK3LmE4uE8VdKbx2bOGlKghmh6pN2ye-63D6kCk=
21:43:33.023 [Expansion Quests] Quest with ID=3 is not a a valid achievement or auto start quest. Skip quest for player with UID=zc8VdK3LmE4uE8VdKbx2bOGlKghmh6pN2ye-63D6kCk=
21:43:33.023 [Expansion Quests] Quest with ID=4 is not a a valid achievement or auto start quest. Skip quest for player with UID=zc8VdK3LmE4uE8VdKbx2bOGlKghmh6pN2ye-63D6kCk=
21:43:33.023 [Expansion Quests] Quest with ID=5 is not a a valid achievement or auto start quest. Skip quest for player with UID=zc8VdK3LmE4uE8VdKbx2bOGlKghmh6pN2ye-63D6kCk=
21:43:33.023 [Expansion Quests] Quest with ID=6 is not a a valid achievement or auto start quest. Skip quest for player with UID=zc8VdK3LmE4uE8VdKbx2bOGlKghmh6pN2ye-63D6kCk=
21:43:33.023 [Expansion Quests] Quest with ID=6401 is not a a valid achievement or auto start quest. Skip quest for player with UID=zc8VdK3LmE4uE8VdKbx2bOGlKghmh6pN2ye-63D6kCk=
21:43:33.023 [Expansion Quests] Quest with ID=301 is not a a valid achievement or auto start quest. Skip quest for player with UID=zc8VdK3LmE4uE8VdKbx2bOGlKghmh6pN2ye-63D6kCk=
21:43:33.023 [Expansion Quests] Quest with ID=10 is not a a valid achievement or auto start quest. Skip quest for player with UID=zc8VdK3LmE4uE8VdKbx2bOGlKghmh6pN2ye-63D6kCk=
21:43:33.023 [Expansion Quests] Quest with ID=12 is not a a valid achievement or auto start quest. Skip quest for player with UID=zc8VdK3LmE4uE8VdKbx2bOGlKghmh6pN2ye-63D6kCk=
21:43:33.023 [Expansion Quests] Quest with ID=13 is not a a valid achievement or auto start quest. Skip quest for player with UID=zc8VdK3LmE4uE8VdKbx2bOGlKghmh6pN2ye-63D6kCk=
21:43:33.023 [Expansion Quests] Quest with ID=15 is not a a valid achievement or auto start quest. Skip quest for player with UID=zc8VdK3LmE4uE8VdKbx2bOGlKghmh6pN2ye-63D6kCk=
21:43:33.023 [Expansion Quests] Quest with ID=16 is not a a valid achievement or auto start quest. Skip quest for player with UID=zc8VdK3LmE4uE8VdKbx2bOGlKghmh6pN2ye-63D6kCk=
21:43:33.023 [Expansion Quests] Quest with ID=17 is not a a valid achievement or auto start quest. Skip quest for player with UID=zc8VdK3LmE4uE8VdKbx2bOGlKghmh6pN2ye-63D6kCk=
21:43:33.023 [Expansion Quests] Quest with ID=18 is not a a valid achievement or auto start quest. Skip quest for player with UID=zc8VdK3LmE4uE8VdKbx2bOGlKghmh6pN2ye-63D6kCk=
21:43:33.023 [Expansion Quests] Quest with ID=19 is not a a valid achievement or auto start quest. Skip quest for player with UID=zc8VdK3LmE4uE8VdKbx2bOGlKghmh6pN2ye-63D6kCk=
21:43:33.023 [Expansion Quests] Quest with ID=20 is not a a valid achievement or auto start quest. Skip quest for player with UID=zc8VdK3LmE4uE8VdKbx2bOGlKghmh6pN2ye-63D6kCk=
21:43:33.023 [Expansion Quests] Quest with ID=21 is not a a valid achievement or auto start quest. Skip quest for player with UID=zc8VdK3LmE4uE8VdKbx2bOGlKghmh6pN2ye-63D6kCk=
21:43:33.023 [Expansion Quests] Quest with ID=22 is not a a valid achievement or auto start quest. Skip quest for player with UID=zc8VdK3LmE4uE8VdKbx2bOGlKghmh6pN2ye-63D6kCk=
21:43:33.023 [Expansion Quests] Quest with ID=23 is not a a valid achievement or auto start quest. Skip quest for player with UID=zc8VdK3LmE4uE8VdKbx2bOGlKghmh6pN2ye-63D6kCk=
21:43:33.023 [Expansion Quests] Quest with ID=26 is not a a valid achievement or auto start quest. Skip quest for player with UID=zc8VdK3LmE4uE8VdKbx2bOGlKghmh6pN2ye-63D6kCk=
21:43:33.023 [Expansion Quests] Quest with ID=61701 is not a a valid achievement or auto start quest. Skip quest for player with UID=zc8VdK3LmE4uE8VdKbx2bOGlKghmh6pN2ye-63D6kCk=
21:43:33.023 [Expansion Quests] Quest with ID=28 is not a a valid achievement or auto start quest. Skip quest for player with UID=zc8VdK3LmE4uE8VdKbx2bOGlKghmh6pN2ye-63D6kCk=
21:43:33.023 [Expansion Quests] Quest with ID=6301 is not a a valid achievement or auto start quest. Skip quest for player with UID=zc8VdK3LmE4uE8VdKbx2bOGlKghmh6pN2ye-63D6kCk=
21:43:33.023 [Expansion Quests] Quest with ID=31 is not a a valid achievement or auto start quest. Skip quest for player with UID=zc8VdK3LmE4uE8VdKbx2bOGlKghmh6pN2ye-63D6kCk=
21:43:33.023 [Expansion Quests] Quest with ID=7 is not a a valid achievement or auto start quest. Skip quest for player with UID=zc8VdK3LmE4uE8VdKbx2bOGlKghmh6pN2ye-63D6kCk=
21:43:33.023 [Expansion Quests] Quest with ID=6701 is not a a valid achievement or auto start quest. Skip quest for player with UID=zc8VdK3LmE4uE8VdKbx2bOGlKghmh6pN2ye-63D6kCk=
21:43:33.023 [Expansion Quests] Quest with ID=6501 is not a a valid achievement or auto start quest. Skip quest for player with UID=zc8VdK3LmE4uE8VdKbx2bOGlKghmh6pN2ye-63D6kCk=
21:43:33.023 [Expansion Quests] Quest with ID=62001 is not a a valid achievement or auto start quest. Skip quest for player with UID=zc8VdK3LmE4uE8VdKbx2bOGlKghmh6pN2ye-63D6kCk=
21:43:33.023 [Expansion Quests] Quest with ID=6801 is not a a valid achievement or auto start quest. Skip quest for player with UID=zc8VdK3LmE4uE8VdKbx2bOGlKghmh6pN2ye-63D6kCk=
21:43:33.023 [Expansion Quests] Quest with ID=402 is not a a valid achievement or auto start quest. Skip quest for player with UID=zc8VdK3LmE4uE8VdKbx2bOGlKghmh6pN2ye-63D6kCk=
21:43:33.023 [Expansion Quests] Quest with ID=6201 is not a a valid achievement or auto start quest. Skip quest for player with UID=zc8VdK3LmE4uE8VdKbx2bOGlKghmh6pN2ye-63D6kCk=
21:43:33.023 [Expansion Quests] Quest with ID=6202 is not a a valid achievement or auto start quest. Skip quest for player with UID=zc8VdK3LmE4uE8VdKbx2bOGlKghmh6pN2ye-63D6kCk=
21:43:33.023 [Expansion Quests] Quest with ID=61501 is not a a valid achievement or auto start quest. Skip quest for player with UID=zc8VdK3LmE4uE8VdKbx2bOGlKghmh6pN2ye-63D6kCk=
21:43:33.023 [Expansion Quests] Quest with ID=201 is not a a valid achievement or auto start quest. Skip quest for player with UID=zc8VdK3LmE4uE8VdKbx2bOGlKghmh6pN2ye-63D6kCk=
21:43:33.023 [Expansion Quests] Quest with ID=202 is not a a valid achievement or auto start quest. Skip quest for player with UID=zc8VdK3LmE4uE8VdKbx2bOGlKghmh6pN2ye-63D6kCk=
21:43:33.023 [Expansion Quests] Quest with ID=203 is not a a valid achievement or auto start quest. Skip quest for player with UID=zc8VdK3LmE4uE8VdKbx2bOGlKghmh6pN2ye-63D6kCk=
21:43:33.023 [Expansion Quests] Quest with ID=61901 is not a a valid achievement or auto start quest. Skip quest for player with UID=zc8VdK3LmE4uE8VdKbx2bOGlKghmh6pN2ye-63D6kCk=
21:43:33.023 [Expansion Quests] Quest with ID=61902 is not a a valid achievement or auto start quest. Skip quest for player with UID=zc8VdK3LmE4uE8VdKbx2bOGlKghmh6pN2ye-63D6kCk=
21:43:33.023 [Expansion Quests] Quest with ID=6101 is not a a valid achievement or auto start quest. Skip quest for player with UID=zc8VdK3LmE4uE8VdKbx2bOGlKghmh6pN2ye-63D6kCk=
21:43:33.023 [Expansion Quests] Quest with ID=401 is not a a valid achievement or auto start quest. Skip quest for player with UID=zc8VdK3LmE4uE8VdKbx2bOGlKghmh6pN2ye-63D6kCk=
21:43:33.023 [Expansion Quests] Quest with ID=29 is not a a valid achievement or auto start quest. Skip quest for player with UID=zc8VdK3LmE4uE8VdKbx2bOGlKghmh6pN2ye-63D6kCk=
21:43:33.023 [Expansion Quests] Quest with ID=61401 is not a a valid achievement or auto start quest. Skip quest for player with UID=zc8VdK3LmE4uE8VdKbx2bOGlKghmh6pN2ye-63D6kCk=
21:43:33.023 [Expansion Quests] Quest with ID=6601 is not a a valid achievement or auto start quest. Skip quest for player with UID=zc8VdK3LmE4uE8VdKbx2bOGlKghmh6pN2ye-63D6kCk=
21:43:33.023 [Expansion Quests] Quest with ID=61301 is not a a valid achievement or auto start quest. Skip quest for player with UID=zc8VdK3LmE4uE8VdKbx2bOGlKghmh6pN2ye-63D6kCk=
21:43:33.023 [Expansion Quests] Quest with ID=61101 is not a a valid achievement or auto start quest. Skip quest for player with UID=zc8VdK3LmE4uE8VdKbx2bOGlKghmh6pN2ye-63D6kCk=
21:43:33.023 [Expansion Quests] Quest with ID=101 is not a a valid achievement or auto start quest. Skip quest for player with UID=zc8VdK3LmE4uE8VdKbx2bOGlKghmh6pN2ye-63D6kCk=
21:43:33.023 [Expansion Quests] Quest with ID=102 is not a a valid achievement or auto start quest. Skip quest for player with UID=zc8VdK3LmE4uE8VdKbx2bOGlKghmh6pN2ye-63D6kCk=
21:43:33.023 [Expansion Quests] Quest with ID=61801 is not a a valid achievement or auto start quest. Skip quest for player with UID=zc8VdK3LmE4uE8VdKbx2bOGlKghmh6pN2ye-63D6kCk=
21:43:33.023 [Expansion Quests] Quest with ID=61001 is not a a valid achievement or auto start quest. Skip quest for player with UID=zc8VdK3LmE4uE8VdKbx2bOGlKghmh6pN2ye-63D6kCk=
21:43:33.023 [Expansion Quests] Quest with ID=6901 is not a a valid achievement or auto start quest. Skip quest for player with UID=zc8VdK3LmE4uE8VdKbx2bOGlKghmh6pN2ye-63D6kCk=
21:43:33.031 [Expansion Quests] Sending zc8VdK3LmE4uE8VdKbx2bOGlKghmh6pN2ye-63D6kCk= quest configs to client for player with UID=zc8VdK3LmE4uE8VdKbx2bOGlKghmh6pN2ye-63D6kCk=
21:43:33.031 [Expansion Quests] Sending player quest data for 15 quests to player with UID=zc8VdK3LmE4uE8VdKbx2bOGlKghmh6pN2ye-63D6kCk=
21:43:33.968 [Expansion Quests] - LoadGroupQuestData - Got cached group quest data for group with ID=0
21:43:38.671 [SpawnSelection] Player "Survivor (2)" (id=zc8VdK3LmE4uE8VdKbx2bOGlKghmh6pN2ye-63D6kCk=) spawned at <10858.413086, 2.911721, 2328.290283>
21:43:43.578 [Party] Player "Survivor (2)" (id=zc8VdK3LmE4uE8VdKbx2bOGlKghmh6pN2ye-63D6kCk=) left the party "Zenith Resolute" (id=0 ownerUID=zc8VdK3LmE4uE8VdKbx2bOGlKghmh6pN2ye-63D6kCk= ownerName=acey)
21:43:43.578 [Expansion Quests] Deleted quest with ID=8 is a of player with UID=zc8VdK3LmE4uE8VdKbx2bOGlKghmh6pN2ye-63D6kCk=.
21:43:43.578 [Expansion Quests] Deleted quest with ID=61601 is a of player with UID=zc8VdK3LmE4uE8VdKbx2bOGlKghmh6pN2ye-63D6kCk=.
21:43:43.578 [Expansion Quests] Deleted quest with ID=11 is a of player with UID=zc8VdK3LmE4uE8VdKbx2bOGlKghmh6pN2ye-63D6kCk=.
21:43:43.578 [Expansion Quests] Deleted quest with ID=61201 is a of player with UID=zc8VdK3LmE4uE8VdKbx2bOGlKghmh6pN2ye-63D6kCk=.
