22:15:04.914 [Safezone] Player "Da da Ya" (id=1OEPy6aKlMe0cmo8LieQDvVcsiu6iWAr2PUZdSF5eMI= pos=<11885.065430, 140.012466, 12482.141602>) Entered the safezone
22:15:04.914 [Expansion Quests] Initialize quest system on the connected client with UID=1OEPy6aKlMe0cmo8LieQDvVcsiu6iWAr2PUZdSF5eMI=
22:15:04.976 [Expansion Quests] Loaded existing player quest data for player with UID=1OEPy6aKlMe0cmo8LieQDvVcsiu6iWAr2PUZdSF5eMI=
22:15:04.976 [Expansion Quests] Check quest initialization for quest with ID=6101 | State=COMPLETED | Player UID=1OEPy6aKlMe0cmo8LieQDvVcsiu6iWAr2PUZdSF5eMI=
22:15:04.976 [Expansion Quests] Check quest initialization for quest with ID=61601 | State=NONE | Player UID=1OEPy6aKlMe0cmo8LieQDvVcsiu6iWAr2PUZdSF5eMI=
22:15:04.976 [Expansion Quests] Check quest initialization for quest with ID=11 | State=STARTED | Player UID=1OEPy6aKlMe0cmo8LieQDvVcsiu6iWAr2PUZdSF5eMI=
22:15:04.976 [Expansion Quests] Create new quest instance for quest with ID=11 | Player UID=1OEPy6aKlMe0cmo8LieQDvVcsiu6iWAr2PUZdSF5eMI=
22:15:04.976 [Expansion Quests] Check quest initialization for quest with ID=6901 | State=COMPLETED | Player UID=1OEPy6aKlMe0cmo8LieQDvVcsiu6iWAr2PUZdSF5eMI=
22:15:04.976 [Expansion Quests] Check quest initialization for quest with ID=8 | State=STARTED | Player UID=1OEPy6aKlMe0cmo8LieQDvVcsiu6iWAr2PUZdSF5eMI=
22:15:04.976 [Expansion Quests] Create new quest instance for quest with ID=8 | Player UID=1OEPy6aKlMe0cmo8LieQDvVcsiu6iWAr2PUZdSF5eMI=
22:15:04.976 [Expansion Quests] Check quest initialization for quest with ID=9 | State=COMPLETED | Player UID=1OEPy6aKlMe0cmo8LieQDvVcsiu6iWAr2PUZdSF5eMI=
22:15:04.976 [Expansion Quests] Check quest initialization for quest with ID=6501 | State=NONE | Player UID=1OEPy6aKlMe0cmo8LieQDvVcsiu6iWAr2PUZdSF5eMI=
22:15:04.976 [Expansion Quests] Check quest initialization for quest with ID=61001 | State=NONE | Player UID=1OEPy6aKlMe0cmo8LieQDvVcsiu6iWAr2PUZdSF5eMI=
22:15:04.976 [Expansion Quests] Check quest initialization for quest with ID=61501 | State=NONE | Player UID=1OEPy6aKlMe0cmo8LieQDvVcsiu6iWAr2PUZdSF5eMI=
22:15:04.976 [Expansion Quests] Check quest initialization for quest with ID=14 | State=COMPLETED | Player UID=1OEPy6aKlMe0cmo8LieQDvVcsiu6iWAr2PUZdSF5eMI=
22:15:04.976 [Expansion Quests] Check quest initialization for quest with ID=61401 | State=NONE | Player UID=1OEPy6aKlMe0cmo8LieQDvVcsiu6iWAr2PUZdSF5eMI=
22:15:04.976 [Expansion Quests] Quest with ID=1 is not a a valid achievement or auto start quest. Skip quest for player with UID=1OEPy6aKlMe0cmo8LieQDvVcsiu6iWAr2PUZdSF5eMI=
22:15:04.976 [Expansion Quests] Quest with ID=2 is not a a valid achievement or auto start quest. Skip quest for player with UID=1OEPy6aKlMe0cmo8LieQDvVcsiu6iWAr2PUZdSF5eMI=
22:15:04.976 [Expansion Quests] Quest with ID=3 is not a a valid achievement or auto start quest. Skip quest for player with UID=1OEPy6aKlMe0cmo8LieQDvVcsiu6iWAr2PUZdSF5eMI=
22:15:04.976 [Expansion Quests] Quest with ID=4 is not a a valid achievement or auto start quest. Skip quest for player with UID=1OEPy6aKlMe0cmo8LieQDvVcsiu6iWAr2PUZdSF5eMI=
22:15:04.976 [Expansion Quests] Quest with ID=5 is not a a valid achievement or auto start quest. Skip quest for player with UID=1OEPy6aKlMe0cmo8LieQDvVcsiu6iWAr2PUZdSF5eMI=
22:15:04.976 [Expansion Quests] Quest with ID=6 is not a a valid achievement or auto start quest. Skip quest for player with UID=1OEPy6aKlMe0cmo8LieQDvVcsiu6iWAr2PUZdSF5eMI=
22:15:04.976 [Expansion Quests] Quest with ID=6401 is not a a valid achievement or auto start quest. Skip quest for player with UID=1OEPy6aKlMe0cmo8LieQDvVcsiu6iWAr2PUZdSF5eMI=
22:15:04.976 [Expansion Quests] Quest with ID=301 is not a a valid achievement or auto start quest. Skip quest for player with UID=1OEPy6aKlMe0cmo8LieQDvVcsiu6iWAr2PUZdSF5eMI=
22:15:04.976 [Expansion Quests] Quest with ID=10 is not a a valid achievement or auto start quest. Skip quest for player with UID=1OEPy6aKlMe0cmo8LieQDvVcsiu6iWAr2PUZdSF5eMI=
22:15:04.976 [Expansion Quests] Quest with ID=12 is not a a valid achievement or auto start quest. Skip quest for player with UID=1OEPy6aKlMe0cmo8LieQDvVcsiu6iWAr2PUZdSF5eMI=
22:15:04.976 [Expansion Quests] Quest with ID=13 is not a a valid achievement or auto start quest. Skip quest for player with UID=1OEPy6aKlMe0cmo8LieQDvVcsiu6iWAr2PUZdSF5eMI=
22:15:04.976 [Expansion Quests] Quest with ID=15 is not a a valid achievement or auto start quest. Skip quest for player with UID=1OEPy6aKlMe0cmo8LieQDvVcsiu6iWAr2PUZdSF5eMI=
22:15:04.976 [Expansion Quests] Quest with ID=16 is not a a valid achievement or auto start quest. Skip quest for player with UID=1OEPy6aKlMe0cmo8LieQDvVcsiu6iWAr2PUZdSF5eMI=
22:15:04.976 [Expansion Quests] Quest with ID=17 is not a a valid achievement or auto start quest. Skip quest for player with UID=1OEPy6aKlMe0cmo8LieQDvVcsiu6iWAr2PUZdSF5eMI=
22:15:04.976 [Expansion Quests] Quest with ID=18 is not a a valid achievement or auto start quest. Skip quest for player with UID=1OEPy6aKlMe0cmo8LieQDvVcsiu6iWAr2PUZdSF5eMI=
22:15:04.976 [Expansion Quests] Quest with ID=19 is not a a valid achievement or auto start quest. Skip quest for player with UID=1OEPy6aKlMe0cmo8LieQDvVcsiu6iWAr2PUZdSF5eMI=
22:15:04.976 [Expansion Quests] Quest with ID=20 is not a a valid achievement or auto start quest. Skip quest for player with UID=1OEPy6aKlMe0cmo8LieQDvVcsiu6iWAr2PUZdSF5eMI=
22:15:04.984 [Expansion Quests] Quest with ID=21 is not a a valid achievement or auto start quest. Skip quest for player with UID=1OEPy6aKlMe0cmo8LieQDvVcsiu6iWAr2PUZdSF5eMI=
22:15:04.984 [Expansion Quests] Quest with ID=22 is not a a valid achievement or auto start quest. Skip quest for player with UID=1OEPy6aKlMe0cmo8LieQDvVcsiu6iWAr2PUZdSF5eMI=
22:15:04.984 [Expansion Quests] Quest with ID=23 is not a a valid achievement or auto start quest. Skip quest for player with UID=1OEPy6aKlMe0cmo8LieQDvVcsiu6iWAr2PUZdSF5eMI=
22:15:04.984 [Expansion Quests] Quest with ID=26 is not a a valid achievement or auto start quest. Skip quest for player with UID=1OEPy6aKlMe0cmo8LieQDvVcsiu6iWAr2PUZdSF5eMI=
22:15:04.984 [Expansion Quests] Quest with ID=28 is not a a valid achievement or auto start quest. Skip quest for player with UID=1OEPy6aKlMe0cmo8LieQDvVcsiu6iWAr2PUZdSF5eMI=
22:15:04.984 [Expansion Quests] Quest with ID=6301 is not a a valid achievement or auto start quest. Skip quest for player with UID=1OEPy6aKlMe0cmo8LieQDvVcsiu6iWAr2PUZdSF5eMI=
22:15:04.984 [Expansion Quests] Quest with ID=31 is not a a valid achievement or auto start quest. Skip quest for player with UID=1OEPy6aKlMe0cmo8LieQDvVcsiu6iWAr2PUZdSF5eMI=
22:15:04.984 [Expansion Quests] Quest with ID=61601 is not a a valid achievement or auto start quest. Skip quest for player with UID=1OEPy6aKlMe0cmo8LieQDvVcsiu6iWAr2PUZdSF5eMI=
22:15:04.984 [Expansion Quests] Quest with ID=7 is not a a valid achievement or auto start quest. Skip quest for player with UID=1OEPy6aKlMe0cmo8LieQDvVcsiu6iWAr2PUZdSF5eMI=
22:15:04.984 [Expansion Quests] Quest with ID=6701 is not a a valid achievement or auto start quest. Skip quest for player with UID=1OEPy6aKlMe0cmo8LieQDvVcsiu6iWAr2PUZdSF5eMI=
22:15:04.984 [Expansion Quests] Quest with ID=6501 is not a a valid achievement or auto start quest. Skip quest for player with UID=1OEPy6aKlMe0cmo8LieQDvVcsiu6iWAr2PUZdSF5eMI=
22:15:04.984 [Expansion Quests] Quest with ID=62001 is not a a valid achievement or auto start quest. Skip quest for player with UID=1OEPy6aKlMe0cmo8LieQDvVcsiu6iWAr2PUZdSF5eMI=
22:15:04.984 [Expansion Quests] Quest with ID=6801 is not a a valid achievement or auto start quest. Skip quest for player with UID=1OEPy6aKlMe0cmo8LieQDvVcsiu6iWAr2PUZdSF5eMI=
22:15:04.984 [Expansion Quests] Quest with ID=402 is not a a valid achievement or auto start quest. Skip quest for player with UID=1OEPy6aKlMe0cmo8LieQDvVcsiu6iWAr2PUZdSF5eMI=
22:15:04.984 [Expansion Quests] Quest with ID=6201 is not a a valid achievement or auto start quest. Skip quest for player with UID=1OEPy6aKlMe0cmo8LieQDvVcsiu6iWAr2PUZdSF5eMI=
22:15:04.984 [Expansion Quests] Quest with ID=6202 is not a a valid achievement or auto start quest. Skip quest for player with UID=1OEPy6aKlMe0cmo8LieQDvVcsiu6iWAr2PUZdSF5eMI=
22:15:04.984 [Expansion Quests] Quest with ID=61501 is not a a valid achievement or auto start quest. Skip quest for player with UID=1OEPy6aKlMe0cmo8LieQDvVcsiu6iWAr2PUZdSF5eMI=
22:15:04.984 [Expansion Quests] Quest with ID=201 is not a a valid achievement or auto start quest. Skip quest for player with UID=1OEPy6aKlMe0cmo8LieQDvVcsiu6iWAr2PUZdSF5eMI=
22:15:04.984 [Expansion Quests] Quest with ID=202 is not a a valid achievement or auto start quest. Skip quest for player with UID=1OEPy6aKlMe0cmo8LieQDvVcsiu6iWAr2PUZdSF5eMI=
22:15:04.984 [Expansion Quests] Quest with ID=203 is not a a valid achievement or auto start quest. Skip quest for player with UID=1OEPy6aKlMe0cmo8LieQDvVcsiu6iWAr2PUZdSF5eMI=
22:15:04.984 [Expansion Quests] Quest with ID=6101 is not a a valid achievement or auto start quest. Skip quest for player with UID=1OEPy6aKlMe0cmo8LieQDvVcsiu6iWAr2PUZdSF5eMI=
22:15:04.984 [Expansion Quests] Quest with ID=401 is not a a valid achievement or auto start quest. Skip quest for player with UID=1OEPy6aKlMe0cmo8LieQDvVcsiu6iWAr2PUZdSF5eMI=
22:15:04.984 [Expansion Quests] Quest with ID=29 is not a a valid achievement or auto start quest. Skip quest for player with UID=1OEPy6aKlMe0cmo8LieQDvVcsiu6iWAr2PUZdSF5eMI=
22:15:04.984 [Expansion Quests] Quest with ID=61401 is not a a valid achievement or auto start quest. Skip quest for player with UID=1OEPy6aKlMe0cmo8LieQDvVcsiu6iWAr2PUZdSF5eMI=
22:15:04.984 [Expansion Quests] Quest with ID=6601 is not a a valid achievement or auto start quest. Skip quest for player with UID=1OEPy6aKlMe0cmo8LieQDvVcsiu6iWAr2PUZdSF5eMI=
22:15:04.984 [Expansion Quests] Quest with ID=61301 is not a a valid achievement or auto start quest. Skip quest for player with UID=1OEPy6aKlMe0cmo8LieQDvVcsiu6iWAr2PUZdSF5eMI=
22:15:04.984 [Expansion Quests] Quest with ID=61101 is not a a valid achievement or auto start quest. Skip quest for player with UID=1OEPy6aKlMe0cmo8LieQDvVcsiu6iWAr2PUZdSF5eMI=
22:15:04.984 [Expansion Quests] Quest with ID=101 is not a a valid achievement or auto start quest. Skip quest for player with UID=1OEPy6aKlMe0cmo8LieQDvVcsiu6iWAr2PUZdSF5eMI=
22:15:04.984 [Expansion Quests] Quest with ID=102 is not a a valid achievement or auto start quest. Skip quest for player with UID=1OEPy6aKlMe0cmo8LieQDvVcsiu6iWAr2PUZdSF5eMI=
22:15:04.984 [Expansion Quests] Quest with ID=61001 is not a a valid achievement or auto start quest. Skip quest for player with UID=1OEPy6aKlMe0cmo8LieQDvVcsiu6iWAr2PUZdSF5eMI=
22:15:04.984 [Expansion Quests] Quest with ID=6901 is not a a valid achievement or auto start quest. Skip quest for player with UID=1OEPy6aKlMe0cmo8LieQDvVcsiu6iWAr2PUZdSF5eMI=
22:15:04.984 [Expansion Quests] Quest with ID=61201 is not a a valid achievement or auto start quest. Skip quest for player with UID=1OEPy6aKlMe0cmo8LieQDvVcsiu6iWAr2PUZdSF5eMI=
22:15:04.984 [Expansion Quests] Sending 1OEPy6aKlMe0cmo8LieQDvVcsiu6iWAr2PUZdSF5eMI= quest configs to client for player with UID=1OEPy6aKlMe0cmo8LieQDvVcsiu6iWAr2PUZdSF5eMI=
22:15:04.984 [Expansion Quests] Sending player quest data for 11 quests to player with UID=1OEPy6aKlMe0cmo8LieQDvVcsiu6iWAr2PUZdSF5eMI=
22:15:04.992 [AI Object Patrol 00037] Spawning 1 Ordinary_Raiders (Raiders) bots at <10989.647461, 226.519730, 12431.438477>
22:15:05.007 [AI Object Patrol 00037] Global patrol count: 1
22:15:05.007 [AI Object Patrol 00039] Spawning 1 PoliceStationScavs_Tier_1 (Raiders) bots at <11061.654297, 226.820267, 12481.018555>
22:15:05.023 [AI Object Patrol 00039] Global patrol count: 2
22:15:05.023 [AI Patrol 00081] Spawning 2 Ordinary_Scavengers_Tier_1(Krasnostav) (Raiders) bots at <11176.867188, 202.371292, 12407.187500>
22:15:05.046 [AI Patrol 00081] Global patrol count: 3
22:18:12.570 [Killfeed] AI Guo (Ordinary_Raiders) был убит AI Mirek (Ordinary_Scavengers_Tier_1(Krasnostav)) с БK-18 из 1 м расстояние.
22:18:12.984 [AI Object Patrol 00037] Ordinary_Raiders (Raiders) bots were wiped out (spawn position <10989.647461, 226.519730, 12431.438477>, 1/1 deceased)
22:18:12.984 [AI Object Patrol 00037] Global patrol count: 2
22:19:42.679 [MissionAirdrop] An airdrop is heading towards "Elektrozavodsk" (pos=<9371.000000, 0.000000, 2229.000000> type=Random_Elektrozavodsk) with a ExpansionAirdropContainer_Basebuilding
22:21:16.070 [Killfeed] AI Mirek (Ordinary_Scavengers_Tier_1(Krasnostav)) был убит AI Gabi (PoliceStationScavs_Tier_1) с Blaze из 3 м расстояние.
22:27:02.046 [AI Object Patrol 00053] Spawning 1 Ordinary_Raiders (Raiders) bots at <12961.843750, 22.293047, 8039.755859>
22:27:02.062 [AI Object Patrol 00053] Global patrol count: 3
22:27:04.664 [Safezone] Player "Da da Ya" (id=1OEPy6aKlMe0cmo8LieQDvVcsiu6iWAr2PUZdSF5eMI= pos=<13099.333984, 3.929431, 8480.778320>) Left the safezone
22:27:10.015 [AI Object Patrol 00032] Spawning 2 PoliceStationScavs_Tier_1 (Raiders) bots at <12925.368164, 5.980000, 10201.684570>
22:27:10.046 [AI Object Patrol 00032] Global patrol count: 4
22:27:10.046 [AI Object Patrol 00031] Spawning 1 Road_Raiders (Raiders) bots at <12974.500977, 6.000000, 10087.222656>
22:27:10.062 [AI Object Patrol 00031] Global patrol count: 5
22:27:10.062 [AI Patrol 00074] Spawning 2 Ordinary_Scavengers_Tier_1(Berezhino) (Raiders) bots at <12277.155273, 12.759038, 9806.405273>
22:27:10.085 [AI Patrol 00074] Global patrol count: 6
22:27:16.093 [AI Object Patrol 00105] Spawning 2 FireStationScavs_Tier1 (Raiders) bots at <12817.335938, 5.983060, 9982.991211>
22:27:16.109 [AI Object Patrol 00105] Global patrol count: 7
22:31:17.226 [Killfeed] AI Niki (Road_Raiders) был убит AI Naomi (PoliceStationScavs_Tier_1) при помощи.
22:31:18.765 [AI Object Patrol 00031] Road_Raiders (Raiders) bots were wiped out (spawn position <12974.500977, 6.000000, 10087.222656>, 1/1 deceased)
22:31:18.765 [AI Object Patrol 00031] Global patrol count: 6
22:32:48.914 [Killfeed] AI Kaito (FireStationScavs_Tier1) был убит AI Naomi (PoliceStationScavs_Tier_1) с БК-133 из 7 м расстояние.
22:35:38.609 [AI Patrol 00081] Despawning 1 Ordinary_Scavengers_Tier_1(Krasnostav) (Raiders) bots (spawn position <11176.867188, 202.371292, 12407.187500>, 1/2 deceased)
22:35:38.609 [AI Patrol 00081] Global patrol count: 5
22:36:53.765 [AI Object Patrol 00039] Despawning 1 PoliceStationScavs_Tier_1 (Raiders) bots (spawn position <11061.654297, 226.820267, 12481.018555>, 0/1 deceased)
22:36:53.765 [AI Object Patrol 00039] Global patrol count: 4
22:37:13.015 [AI Patrol 00074] Despawning 2 Ordinary_Scavengers_Tier_1(Berezhino) (Raiders) bots (spawn position <12277.155273, 12.759038, 9806.405273>, 0/2 deceased)
22:37:13.015 [AI Patrol 00074] Global patrol count: 3
22:37:13.765 [AI Object Patrol 00032] Despawning 2 PoliceStationScavs_Tier_1 (Raiders) bots (spawn position <12925.368164, 5.980000, 10201.684570>, 0/2 deceased)
22:37:13.765 [AI Object Patrol 00032] Global patrol count: 2
22:37:15.046 [AI Object Patrol 00105] Despawning 1 FireStationScavs_Tier1 (Raiders) bots (spawn position <12817.335938, 5.983060, 9982.991211>, 1/2 deceased)
22:37:15.046 [AI Object Patrol 00105] Global patrol count: 1
22:42:13.515 [AI Patrol 00075] Spawning 2 Ordinary_Scavengers_Tier_1(Berezhino) (Raiders) bots at <12995.960938, 5.968442, 9991.167969>
22:42:13.539 [AI Patrol 00075] Global patrol count: 2
22:42:13.585 [AI Object Patrol 00116] Spawning 2 Ordinary_Raiders (Raiders) bots at <12240.147461, 92.832237, 10632.726563>
22:42:13.601 [AI Object Patrol 00116] Global patrol count: 3
22:42:14.312 [AI Object Patrol 00103] Spawning 2 PoliceStationScavs_Tier_1 (Raiders) bots at <12073.149414, 54.116005, 9079.156250>
22:42:14.335 [AI Object Patrol 00103] Global patrol count: 4
22:42:14.375 [AI Object Patrol 00030] Spawning 2 Ordinary_Raiders (Raiders) bots at <11887.905273, 55.229980, 9149.998047>
22:42:14.390 [AI Object Patrol 00030] Global patrol count: 5
22:49:46.992 [Killfeed] AI Frida (Ordinary_Raiders) был убит AI Maria (PoliceStationScavs_Tier_1) с CR-61 Skorpion из 7 м расстояние.
22:49:53.023 [AI Object Patrol 00053] Despawning 1 Ordinary_Raiders (Raiders) bots (spawn position <12961.843750, 22.293047, 8039.755859>, 0/1 deceased)
22:49:53.023 [AI Object Patrol 00053] Global patrol count: 4
22:50:07.164 [Killfeed] AI Boris (Ordinary_Raiders) был убит AI Maria (PoliceStationScavs_Tier_1) с CR-61 Skorpion из 8 м расстояние.
22:50:08.320 [AI Object Patrol 00030] Ordinary_Raiders (Raiders) bots were wiped out (spawn position <11887.905273, 55.229980, 9149.998047>, 2/2 deceased)
22:50:08.320 [AI Object Patrol 00030] Global patrol count: 3
