14:18:13.925 [Expansion Quests] Added objects set for quest ID=5401 from file=q5301
14:18:13.925 [Expansion Quests] Added objects set for quest ID=2202 from file=q2202
14:18:13.925 [Expansion Quests] Added objects set for quest ID=2203 from file=q2203
14:18:13.925 [Expansion Quests] Added objects set for quest ID=2204 from file=q2204
14:18:13.925 [Expansion Quests] Added objects set for quest ID=2101 from file=q2101
14:18:13.925 [Expansion Quests] Added objects set for quest ID=61601 from file=q61601
14:18:13.925 [Expansion Quests] Added objects set for quest ID=2102 from file=q2102
14:18:13.925 [Expansion Quests] Added objects set for quest ID=2103 from file=q2103
14:18:13.925 [Expansion Quests] Added objects set for quest ID=2104 from file=q2104
14:18:13.929 [Expansion Quests] Added objects set for quest ID=2105 from file=q2105
14:18:13.929 [Expansion Quests] Added objects set for quest ID=6501 from file=q6501
14:18:13.929 [Expansion Quests] Added objects set for quest ID=5301 from file=q5301
14:18:13.929 [Expansion Quests] Added objects set for quest ID=5302 from file=q5302
14:18:13.929 [Expansion Quests] Added objects set for quest ID=5303 from file=q5303
14:18:13.929 [Expansion Quests] Added objects set for quest ID=5304 from file=q5304
14:18:13.929 [Expansion Quests] Added objects set for quest ID=61501 from file=q61501
14:18:13.929 [Expansion Quests] Added objects set for quest ID=61502 from file=q61502
14:18:13.929 [Expansion Quests] Added objects set for quest ID=61001 from file=q61001
14:18:13.929 [Expansion Quests] Added objects set for quest ID=2201 from file=q2201
14:18:13.929 [Expansion Quests] Added objects set for quest ID=1101 from file=q1101
14:18:13.929 [Expansion Quests] Added objects set for quest ID=1102 from file=q1102
14:18:13.929 [Expansion Quests] Added objects set for quest ID=1103 from file=q1102
14:18:13.929 [Expansion Quests] Added objects set for quest ID=1104 from file=q1104
14:18:13.929 [Expansion Quests] Added objects set for quest ID=1105 from file=q1105
14:18:13.929 [Expansion Quests] Added objects set for quest ID=5202 from file=q5202
14:18:13.929 [Expansion Quests] Added objects set for quest ID=5203 from file=q5203
14:18:13.929 [Expansion Quests] Added objects set for quest ID=2205 from file=q2205
14:18:13.929 [Expansion Quests] Added objects set for quest ID=6601 from file=q6601
14:18:13.929 [Expansion Quests] Added objects set for quest ID=5101 from file=q5101
14:18:13.929 [Expansion Quests] Added objects set for quest ID=5102 from file=q5102
14:18:13.929 [Expansion Quests] Added objects set for quest ID=5201 from file=q5201
14:21:53.468 [Party] Player "Survivor" (id=1OEPy6aKlMe0cmo8LieQDvVcsiu6iWAr2PUZdSF5eMI=) joinded the party "Knight Fallen" (id=1 ownerUID=1OEPy6aKlMe0cmo8LieQDvVcsiu6iWAr2PUZdSF5eMI= ownerName=Survivor)
14:21:53.468 [Expansion Quests] Initialize quest system on the connected client with UID=1OEPy6aKlMe0cmo8LieQDvVcsiu6iWAr2PUZdSF5eMI=
14:21:53.527 [Expansion Quests] Loaded existing player quest data for player with UID=1OEPy6aKlMe0cmo8LieQDvVcsiu6iWAr2PUZdSF5eMI=
14:21:53.535 [Expansion Quests] Loaded existing group quest data for group with ID=1
14:21:53.535 [Expansion Quests] Check quest initialization for quest with ID=6901 | State=COMPLETED | Player UID=1OEPy6aKlMe0cmo8LieQDvVcsiu6iWAr2PUZdSF5eMI=
14:21:53.535 [Expansion Quests] Check quest initialization for quest with ID=6401 | State=COMPLETED | Player UID=1OEPy6aKlMe0cmo8LieQDvVcsiu6iWAr2PUZdSF5eMI=
14:21:53.535 [Expansion Quests] Check quest initialization for quest with ID=5101 | State=NONE | Player UID=1OEPy6aKlMe0cmo8LieQDvVcsiu6iWAr2PUZdSF5eMI=
14:21:53.535 [Expansion Quests] Check quest initialization for quest with ID=101 | State=COMPLETED | Player UID=1OEPy6aKlMe0cmo8LieQDvVcsiu6iWAr2PUZdSF5eMI=
14:21:53.535 [Expansion Quests] Check quest initialization for quest with ID=61101 | State=COMPLETED | Player UID=1OEPy6aKlMe0cmo8LieQDvVcsiu6iWAr2PUZdSF5eMI=
14:21:53.535 [Expansion Quests] Check quest initialization for quest with ID=6601 | State=COMPLETED | Player UID=1OEPy6aKlMe0cmo8LieQDvVcsiu6iWAr2PUZdSF5eMI=
14:21:53.535 [Expansion Quests] Check quest initialization for quest with ID=61301 | State=NONE | Player UID=1OEPy6aKlMe0cmo8LieQDvVcsiu6iWAr2PUZdSF5eMI=
14:21:53.535 [Expansion Quests] Check quest initialization for quest with ID=6701 | State=COMPLETED | Player UID=1OEPy6aKlMe0cmo8LieQDvVcsiu6iWAr2PUZdSF5eMI=
14:21:53.535 [Expansion Quests] Check quest initialization for quest with ID=1102 | State=NONE | Player UID=1OEPy6aKlMe0cmo8LieQDvVcsiu6iWAr2PUZdSF5eMI=
14:21:53.539 [Expansion Quests] Check quest initialization for quest with ID=1103 | State=NONE | Player UID=1OEPy6aKlMe0cmo8LieQDvVcsiu6iWAr2PUZdSF5eMI=
14:21:53.539 [Expansion Quests] Check quest initialization for quest with ID=6501 | State=COMPLETED | Player UID=1OEPy6aKlMe0cmo8LieQDvVcsiu6iWAr2PUZdSF5eMI=
14:21:53.539 [Expansion Quests] Check quest initialization for quest with ID=6801 | State=COMPLETED | Player UID=1OEPy6aKlMe0cmo8LieQDvVcsiu6iWAr2PUZdSF5eMI=
14:21:53.539 [Expansion Quests] Check quest initialization for quest with ID=1104 | State=NONE | Player UID=1OEPy6aKlMe0cmo8LieQDvVcsiu6iWAr2PUZdSF5eMI=
14:21:53.539 [Expansion Quests] Check quest initialization for quest with ID=1101 | State=NONE | Player UID=1OEPy6aKlMe0cmo8LieQDvVcsiu6iWAr2PUZdSF5eMI=
14:21:53.539 [Expansion Quests] Check quest initialization for quest with ID=6101 | State=COMPLETED | Player UID=1OEPy6aKlMe0cmo8LieQDvVcsiu6iWAr2PUZdSF5eMI=
14:21:53.539 [Expansion Quests] Check quest initialization for quest with ID=2101 | State=COMPLETED | Player UID=1OEPy6aKlMe0cmo8LieQDvVcsiu6iWAr2PUZdSF5eMI=
14:21:53.539 [Expansion Quests] Check quest initialization for quest with ID=61501 | State=NONE | Player UID=1OEPy6aKlMe0cmo8LieQDvVcsiu6iWAr2PUZdSF5eMI=
14:21:53.539 [Expansion Quests] Check quest initialization for quest with ID=6201 | State=COMPLETED | Player UID=1OEPy6aKlMe0cmo8LieQDvVcsiu6iWAr2PUZdSF5eMI=
14:21:53.539 [Expansion Quests] Check quest initialization for quest with ID=61001 | State=COMPLETED | Player UID=1OEPy6aKlMe0cmo8LieQDvVcsiu6iWAr2PUZdSF5eMI=
14:21:53.539 [Expansion Quests] Check quest initialization for quest with ID=6301 | State=COMPLETED | Player UID=1OEPy6aKlMe0cmo8LieQDvVcsiu6iWAr2PUZdSF5eMI=
14:21:53.539 [Expansion Quests] Check quest initialization for quest with ID=61502 | State=COMPLETED | Player UID=1OEPy6aKlMe0cmo8LieQDvVcsiu6iWAr2PUZdSF5eMI=
14:21:53.539 [Expansion Quests] Quest with ID=6401 is not a a valid achievement or auto start quest. Skip quest for player with UID=1OEPy6aKlMe0cmo8LieQDvVcsiu6iWAr2PUZdSF5eMI=
14:21:53.539 [Expansion Quests] Quest with ID=6701 is not a a valid achievement or auto start quest. Skip quest for player with UID=1OEPy6aKlMe0cmo8LieQDvVcsiu6iWAr2PUZdSF5eMI=
14:21:53.539 [Expansion Quests] Quest with ID=61201 is not a a valid achievement or auto start quest. Skip quest for player with UID=1OEPy6aKlMe0cmo8LieQDvVcsiu6iWAr2PUZdSF5eMI=
14:21:53.539 [Expansion Quests] Quest with ID=5401 is not a a valid achievement or auto start quest. Skip quest for player with UID=1OEPy6aKlMe0cmo8LieQDvVcsiu6iWAr2PUZdSF5eMI=
14:21:53.539 [Expansion Quests] Quest with ID=2202 is not a a valid achievement or auto start quest. Skip quest for player with UID=1OEPy6aKlMe0cmo8LieQDvVcsiu6iWAr2PUZdSF5eMI=
14:21:53.539 [Expansion Quests] Quest with ID=2203 is not a a valid achievement or auto start quest. Skip quest for player with UID=1OEPy6aKlMe0cmo8LieQDvVcsiu6iWAr2PUZdSF5eMI=
14:21:53.539 [Expansion Quests] Quest with ID=2204 is not a a valid achievement or auto start quest. Skip quest for player with UID=1OEPy6aKlMe0cmo8LieQDvVcsiu6iWAr2PUZdSF5eMI=
14:21:53.539 [Expansion Quests] Quest with ID=6301 is not a a valid achievement or auto start quest. Skip quest for player with UID=1OEPy6aKlMe0cmo8LieQDvVcsiu6iWAr2PUZdSF5eMI=
14:21:53.539 [Expansion Quests] Quest with ID=2101 is not a a valid achievement or auto start quest. Skip quest for player with UID=1OEPy6aKlMe0cmo8LieQDvVcsiu6iWAr2PUZdSF5eMI=
14:21:53.542 [Expansion Quests] Quest with ID=61601 is not a a valid achievement or auto start quest. Skip quest for player with UID=1OEPy6aKlMe0cmo8LieQDvVcsiu6iWAr2PUZdSF5eMI=
14:21:53.542 [Expansion Quests] Quest with ID=2102 is not a a valid achievement or auto start quest. Skip quest for player with UID=1OEPy6aKlMe0cmo8LieQDvVcsiu6iWAr2PUZdSF5eMI=
14:21:53.542 [Expansion Quests] Quest with ID=2103 is not a a valid achievement or auto start quest. Skip quest for player with UID=1OEPy6aKlMe0cmo8LieQDvVcsiu6iWAr2PUZdSF5eMI=
14:21:53.542 [Expansion Quests] Quest with ID=2104 is not a a valid achievement or auto start quest. Skip quest for player with UID=1OEPy6aKlMe0cmo8LieQDvVcsiu6iWAr2PUZdSF5eMI=
14:21:53.542 [Expansion Quests] Quest with ID=2105 is not a a valid achievement or auto start quest. Skip quest for player with UID=1OEPy6aKlMe0cmo8LieQDvVcsiu6iWAr2PUZdSF5eMI=
14:21:53.542 [Expansion Quests] Quest with ID=61101 is not a a valid achievement or auto start quest. Skip quest for player with UID=1OEPy6aKlMe0cmo8LieQDvVcsiu6iWAr2PUZdSF5eMI=
14:21:53.542 [Expansion Quests] Quest with ID=6501 is not a a valid achievement or auto start quest. Skip quest for player with UID=1OEPy6aKlMe0cmo8LieQDvVcsiu6iWAr2PUZdSF5eMI=
14:21:53.542 [Expansion Quests] Quest with ID=62001 is not a a valid achievement or auto start quest. Skip quest for player with UID=1OEPy6aKlMe0cmo8LieQDvVcsiu6iWAr2PUZdSF5eMI=
14:21:53.542 [Expansion Quests] Quest with ID=6801 is not a a valid achievement or auto start quest. Skip quest for player with UID=1OEPy6aKlMe0cmo8LieQDvVcsiu6iWAr2PUZdSF5eMI=
14:21:53.542 [Expansion Quests] Quest with ID=5301 is not a a valid achievement or auto start quest. Skip quest for player with UID=1OEPy6aKlMe0cmo8LieQDvVcsiu6iWAr2PUZdSF5eMI=
14:21:53.542 [Expansion Quests] Quest with ID=5302 is not a a valid achievement or auto start quest. Skip quest for player with UID=1OEPy6aKlMe0cmo8LieQDvVcsiu6iWAr2PUZdSF5eMI=
14:21:53.542 [Expansion Quests] Quest with ID=5303 is not a a valid achievement or auto start quest. Skip quest for player with UID=1OEPy6aKlMe0cmo8LieQDvVcsiu6iWAr2PUZdSF5eMI=
14:21:53.542 [Expansion Quests] Quest with ID=5304 is not a a valid achievement or auto start quest. Skip quest for player with UID=1OEPy6aKlMe0cmo8LieQDvVcsiu6iWAr2PUZdSF5eMI=
14:21:53.542 [Expansion Quests] Quest with ID=6201 is not a a valid achievement or auto start quest. Skip quest for player with UID=1OEPy6aKlMe0cmo8LieQDvVcsiu6iWAr2PUZdSF5eMI=
14:21:53.542 [Expansion Quests] Quest with ID=61501 is not a a valid achievement or auto start quest. Skip quest for player with UID=1OEPy6aKlMe0cmo8LieQDvVcsiu6iWAr2PUZdSF5eMI=
14:21:53.542 [Expansion Quests] Quest with ID=61502 is not a a valid achievement or auto start quest. Skip quest for player with UID=1OEPy6aKlMe0cmo8LieQDvVcsiu6iWAr2PUZdSF5eMI=
14:21:53.542 [Expansion Quests] Quest with ID=61001 is not a a valid achievement or auto start quest. Skip quest for player with UID=1OEPy6aKlMe0cmo8LieQDvVcsiu6iWAr2PUZdSF5eMI=
14:21:53.542 [Expansion Quests] Quest with ID=2201 is not a a valid achievement or auto start quest. Skip quest for player with UID=1OEPy6aKlMe0cmo8LieQDvVcsiu6iWAr2PUZdSF5eMI=
14:21:53.546 [Expansion Quests] Quest with ID=1101 is not a a valid achievement or auto start quest. Skip quest for player with UID=1OEPy6aKlMe0cmo8LieQDvVcsiu6iWAr2PUZdSF5eMI=
14:21:53.546 [Expansion Quests] Quest with ID=1102 is not a a valid achievement or auto start quest. Skip quest for player with UID=1OEPy6aKlMe0cmo8LieQDvVcsiu6iWAr2PUZdSF5eMI=
14:21:53.546 [Expansion Quests] Quest with ID=1103 is not a a valid achievement or auto start quest. Skip quest for player with UID=1OEPy6aKlMe0cmo8LieQDvVcsiu6iWAr2PUZdSF5eMI=
14:21:53.546 [Expansion Quests] Quest with ID=1104 is not a a valid achievement or auto start quest. Skip quest for player with UID=1OEPy6aKlMe0cmo8LieQDvVcsiu6iWAr2PUZdSF5eMI=
14:21:53.546 [Expansion Quests] Quest with ID=1105 is not a a valid achievement or auto start quest. Skip quest for player with UID=1OEPy6aKlMe0cmo8LieQDvVcsiu6iWAr2PUZdSF5eMI=
14:21:53.546 [Expansion Quests] Quest with ID=5202 is not a a valid achievement or auto start quest. Skip quest for player with UID=1OEPy6aKlMe0cmo8LieQDvVcsiu6iWAr2PUZdSF5eMI=
14:21:53.546 [Expansion Quests] Quest with ID=5203 is not a a valid achievement or auto start quest. Skip quest for player with UID=1OEPy6aKlMe0cmo8LieQDvVcsiu6iWAr2PUZdSF5eMI=
14:21:53.546 [Expansion Quests] Quest with ID=6101 is not a a valid achievement or auto start quest. Skip quest for player with UID=1OEPy6aKlMe0cmo8LieQDvVcsiu6iWAr2PUZdSF5eMI=
14:21:53.546 [Expansion Quests] Quest with ID=2205 is not a a valid achievement or auto start quest. Skip quest for player with UID=1OEPy6aKlMe0cmo8LieQDvVcsiu6iWAr2PUZdSF5eMI=
14:21:53.546 [Expansion Quests] Quest with ID=61401 is not a a valid achievement or auto start quest. Skip quest for player with UID=1OEPy6aKlMe0cmo8LieQDvVcsiu6iWAr2PUZdSF5eMI=
14:21:53.546 [Expansion Quests] Quest with ID=6601 is not a a valid achievement or auto start quest. Skip quest for player with UID=1OEPy6aKlMe0cmo8LieQDvVcsiu6iWAr2PUZdSF5eMI=
14:21:53.546 [Expansion Quests] Quest with ID=6901 is not a a valid achievement or auto start quest. Skip quest for player with UID=1OEPy6aKlMe0cmo8LieQDvVcsiu6iWAr2PUZdSF5eMI=
14:21:53.546 [Expansion Quests] Quest with ID=5101 is not a a valid achievement or auto start quest. Skip quest for player with UID=1OEPy6aKlMe0cmo8LieQDvVcsiu6iWAr2PUZdSF5eMI=
14:21:53.546 [Expansion Quests] Quest with ID=5102 is not a a valid achievement or auto start quest. Skip quest for player with UID=1OEPy6aKlMe0cmo8LieQDvVcsiu6iWAr2PUZdSF5eMI=
14:21:53.546 [Expansion Quests] Quest with ID=5201 is not a a valid achievement or auto start quest. Skip quest for player with UID=1OEPy6aKlMe0cmo8LieQDvVcsiu6iWAr2PUZdSF5eMI=
14:21:53.546 [Expansion Quests] Quest with ID=61301 is not a a valid achievement or auto start quest. Skip quest for player with UID=1OEPy6aKlMe0cmo8LieQDvVcsiu6iWAr2PUZdSF5eMI=
14:21:53.546 [Expansion Quests] Quest with ID=2301 is not a a valid achievement or auto start quest. Skip quest for player with UID=1OEPy6aKlMe0cmo8LieQDvVcsiu6iWAr2PUZdSF5eMI=
14:21:53.550 [Expansion Quests] Sending 1OEPy6aKlMe0cmo8LieQDvVcsiu6iWAr2PUZdSF5eMI= quest configs to client for player with UID=1OEPy6aKlMe0cmo8LieQDvVcsiu6iWAr2PUZdSF5eMI=
14:21:53.550 [Expansion Quests] Sending player quest data for 21 quests to player with UID=1OEPy6aKlMe0cmo8LieQDvVcsiu6iWAr2PUZdSF5eMI=
14:21:53.558 [AI Patrol 00097] Spawning 1 Electro_Tier1 (Raiders) bots at <10252.316406, 40.502998, 2472.298340>
14:21:53.570 [AI Patrol 00097] Global patrol count: 1
14:21:53.574 [AI Object Patrol 00174] Spawning 3 PoliceStation_Tier2 (Raiders) bots at <10462.884766, 6.000000, 2267.685059>
14:21:53.593 [AI Object Patrol 00174] Global patrol count: 2
14:21:54.355 [Expansion Quests] - LoadGroupQuestData - Got cached group quest data for group with ID=1
14:23:12.046 [AI Object Patrol 00010] Spawning 1 WaterPump_Tier0 (Raiders) bots at <10429.372070, 6.000000, 2231.953125>
14:23:12.058 [AI Object Patrol 00010] Global patrol count: 3
14:23:54.828 [MissionAirdrop] An airdrop is heading towards "Novy Sobor" (pos=<7436.000000, 0.000000, 7720.000000> type=Random_Novy Sobor) with a ExpansionAirdropContainer_Basebuilding
14:24:02.804 [Killfeed] AI Naomi (WaterPump_Tier0) был убит AI Kaito (PoliceStation_Tier2) с CR-61 Skorpion из 16 м расстояние.
14:24:05.984 [AI Object Patrol 00010] WaterPump_Tier0 (Raiders) bots were wiped out (spawn position <10429.372070, 6.000000, 2231.953125>, 1/1 deceased)
14:24:05.984 [AI Object Patrol 00010] Global patrol count: 2
14:26:44.406 [Killfeed] AI Taiki (Electro_Tier1) был убит AI Kaito (PoliceStation_Tier2) с CR-61 Skorpion из 4 м расстояние.
14:26:45.085 [AI Patrol 00097] Electro_Tier1 (Raiders) bots were wiped out (spawn position <10252.316406, 40.502998, 2472.298340>, 1/1 deceased)
14:26:45.085 [AI Patrol 00097] Global patrol count: 1
14:28:33.710 [VehicleDeleted] ExpansionUh1h_Green (id=FA054BCD444A8036C3F87E8AB65F7A02 pos=<6013.33, 50.83, 2457.31>)
14:28:54.832 [VehicleDeleted] OffroadHatchback (id=3533FEE8224690459D958C963FC07A5F pos=<4176.3, 338.8, 10725.7>)
14:32:58.597 [AI Object Patrol 00061] Spawning 3 OilStation_Tier2RR (Raiders) bots at <9531.510742, 5.576019, 2004.298340>
14:32:58.617 [AI Object Patrol 00061] Global patrol count: 2
14:33:08.656 [AI Object Patrol 00175] Spawning 1 HospitalStation_Tier2 (Raiders) bots at <10287.059570, 12.744628, 2303.749023>
14:33:08.683 [AI Object Patrol 00175] Global patrol count: 3
14:33:14.140 [AI Object Patrol 00172] Spawning 1 FirelStation_Tier2 (Raiders) bots at <10264.918945, 5.920000, 2163.132324>
14:33:14.164 [AI Object Patrol 00172] Global patrol count: 4
14:33:38.960 [AI Object Patrol 00010] Despawning 0 WaterPump_Tier0 (Raiders) bots (spawn position <10438.301758, 6.000000, 2223.176514>, 1/1 deceased)
14:33:43.320 [VehicleEnter] Player "Survivor" (id=1OEPy6aKlMe0cmo8LieQDvVcsiu6iWAr2PUZdSF5eMI=) entered vehicle Gunter 2 (id=C10132F397451D979DBD45A0901DAF43 pos=<9869.17, 6.1, 2034.87>) as driver
14:33:45.183 [VehicleEngine] Player "Survivor" [uid=1OEPy6aKlMe0cmo8LieQDvVcsiu6iWAr2PUZdSF5eMI=] started vehicle Gunter 2 (id=C10132F397451D979DBD45A0901DAF43 pos=<9869.167969, 6.097982, 2034.874512>)
14:33:53.058 [AI Patrol 00097] Despawning 0 Electro_Tier1 (Raiders) bots (spawn position <10252.316406, 40.502998, 2472.298340>, 1/1 deceased)
14:33:58.859 [AI Patrol 00098] Spawning 1 Electro_Tier1 (Raiders) bots at <10091.571289, 6.000000, 1791.457275>
14:33:58.875 [AI Patrol 00098] Global patrol count: 5
14:34:08.882 [AI Object Patrol 00174] Despawning 3 PoliceStation_Tier2 (Raiders) bots (spawn position <10462.884766, 6.000000, 2267.685059>, 0/3 deceased)
14:34:08.882 [AI Object Patrol 00174] Global patrol count: 4
14:34:11.460 [AI Object Patrol 00062] Spawning 1 WaterPump_Tier0 (Raiders) bots at <9794.417969, 32.233944, 2234.471924>
14:34:11.476 [AI Object Patrol 00062] Global patrol count: 5
14:34:59.605 [AI Object Patrol 00175] Despawning 1 HospitalStation_Tier2 (Raiders) bots (spawn position <10287.059570, 12.744628, 2303.749023>, 0/1 deceased)
14:34:59.605 [AI Object Patrol 00175] Global patrol count: 4
14:35:01.089 [AI Object Patrol 00172] Despawning 1 FirelStation_Tier2 (Raiders) bots (spawn position <10264.918945, 5.920000, 2163.132324>, 0/1 deceased)
14:35:01.089 [AI Object Patrol 00172] Global patrol count: 3
14:35:07.808 [AI Patrol 00098] Despawning 1 Electro_Tier1 (Raiders) bots (spawn position <10091.571289, 6.000000, 1791.457275>, 0/1 deceased)
14:35:07.808 [AI Patrol 00098] Global patrol count: 2
14:35:13.410 [AI Object Patrol 00062] Despawning 1 WaterPump_Tier0 (Raiders) bots (spawn position <9794.417969, 32.233944, 2234.471924>, 0/1 deceased)
14:35:13.410 [AI Object Patrol 00062] Global patrol count: 1
14:35:23.710 [AI Object Patrol 00061] Despawning 3 OilStation_Tier2RR (Raiders) bots (spawn position <9531.510742, 5.576019, 2004.298340>, 0/3 deceased)
14:35:23.710 [AI Object Patrol 00061] Global patrol count: 0
14:35:37.992 [AI Object Patrol 00011] Spawning 1 WaterPump_Tier0 (Raiders) bots at <8147.145020, 6.000000, 3221.827148>
14:35:38.007 [AI Object Patrol 00011] Global patrol count: 1
14:35:52.429 [VehicleLeave] Player "Survivor" (id=1OEPy6aKlMe0cmo8LieQDvVcsiu6iWAr2PUZdSF5eMI=) left vehicle Gunter 2 (id=C10132F397451D979DBD45A0901DAF43 pos=<8294.63, 9.86, 3042.92>)
14:36:26.914 [VehicleDestroyed] Hatchback_02_BanditKitty (id=C10132F397451D979DBD45A0901DAF43 pos=<8294.49, 9.7, 3043.06>)
