20:20:32.007 [Party] Player "Survivor" (id=1OEPy6aKlMe0cmo8LieQDvVcsiu6iWAr2PUZdSF5eMI=) joinded the party "Falcon Resolute" (id=1 ownerUID=z63osPRVUnS8pzWmaenLtvu6c2gVxwL4gvA4elWPF5w= ownerName=Survivor (2))
20:20:32.007 [Expansion Quests] Initialize quest system on the connected client with UID=1OEPy6aKlMe0cmo8LieQDvVcsiu6iWAr2PUZdSF5eMI=
20:20:32.085 [Expansion Quests] Loaded existing player quest data for player with UID=1OEPy6aKlMe0cmo8LieQDvVcsiu6iWAr2PUZdSF5eMI=
20:20:32.085 [Expansion Quests] Loaded existing group quest data for group with ID=1
20:20:32.085 [Expansion Quests] Sending 1OEPy6aKlMe0cmo8LieQDvVcsiu6iWAr2PUZdSF5eMI= quest configs to client for player with UID=1OEPy6aKlMe0cmo8LieQDvVcsiu6iWAr2PUZdSF5eMI=
20:20:32.085 [Expansion Quests] Sending player quest data for 0 quests to player with UID=1OEPy6aKlMe0cmo8LieQDvVcsiu6iWAr2PUZdSF5eMI=
20:20:32.992 [Expansion Quests] - LoadGroupQuestData - Got cached group quest data for group with ID=1
20:20:53.679 [AI Object Patrol 00000] Spawning 3 West bots at <1743.026733, 291.796539, 7801.329590>
20:20:53.703 [AI Object Patrol 00000] Global patrol count: 1
20:21:07.312 [AI Patrol 00148] Spawning 2 Myshkibo_Tier2 (Raiders) bots at <2090.105713, 258.662933, 7267.192383>
20:21:07.437 [AI Patrol 00148] Global patrol count: 2
20:21:27.484 [AI Object Patrol 00166] Spawning 1 WaterPump_Tier0 (Raiders) bots at <2539.759277, 303.451019, 6354.345215>
20:21:27.492 [AI Object Patrol 00166] Global patrol count: 3
20:21:44.085 [AI Patrol 00113] Spawning 1 Zelenogorsk_Tier3 (Raiders) bots at <2446.249756, 190.239700, 5260.265625>
20:21:44.109 [AI Patrol 00113] Global patrol count: 4
20:21:44.109 [AI Patrol 00112] Spawning 1 Zelenogorsk_Tier2 (Raiders) bots at <2314.449219, 187.120651, 5159.449707>
20:21:44.125 [AI Patrol 00112] Global patrol count: 5
20:21:44.125 [AI Object Patrol 00160] Spawning 1 WaterPump_Tier0 (Raiders) bots at <609.330994, 141.468094, 5293.011230>
20:21:44.140 [AI Object Patrol 00160] Global patrol count: 6
20:22:02.218 [AI Object Patrol 00001] Spawning 2 West bots at <3119.239746, 275.919373, 4420.249023>
20:22:02.242 [AI Object Patrol 00001] Global patrol count: 7
20:22:02.242 [AI Patrol 00111] Spawning 1 Drozhino_Tier2RR (Raiders) bots at <3525.978516, 249.025452, 4945.320313>
20:22:02.265 [AI Patrol 00111] Global patrol count: 8
20:22:12.484 [AI Patrol 00114] Spawning 2 Zelenogorsk_Tier2 (Raiders) bots at <2969.109375, 215.070053, 5158.433105>
20:22:12.507 [AI Patrol 00114] Global patrol count: 9
20:22:40.679 [AI Object Patrol 00013] Spawning 1 PoliceStation_Tier2 (Raiders) bots at <2721.169678, 206.675125, 5376.214844>
20:22:40.742 [AI Object Patrol 00013] Global patrol count: 10
20:22:40.984 [AI Object Patrol 00059] Spawning 1 WaterPump_Tier0 (Raiders) bots at <2711.743896, 205.196732, 5310.983398>
20:22:41.000 [AI Object Patrol 00059] Global patrol count: 11
20:22:41.156 [AI Object Patrol 00012] Spawning 2 FirelStation_Tier2 (Raiders) bots at <2574.444092, 196.016006, 5081.150879>
20:22:41.179 [AI Object Patrol 00012] Global patrol count: 12
20:22:58.046 [AI Object Patrol 00066] Spawning 1 WaterPump_Tier0 (Raiders) bots at <3352.684570, 183.325455, 3925.742920>
20:22:58.054 [AI Object Patrol 00066] Global patrol count: 13
20:23:07.375 [AI Object Patrol 00051] Spawning 3 West bots at <2174.813232, 96.983139, 3422.015381>
20:23:07.398 [AI Object Patrol 00051] Global patrol count: 14
20:23:09.421 [AI Object Patrol 00050] Spawning 2 HospitalStation_Tier2 (Raiders) bots at <2160.335693, 91.096222, 3344.028076>
20:23:09.437 [AI Object Patrol 00050] Global patrol count: 15
20:23:12.515 [AI Patrol 00104] Spawning 2 Pavlovo_Tier2 (Raiders) bots at <1733.784790, 144.006531, 3911.593262>
20:23:12.531 [AI Patrol 00104] Global patrol count: 16
20:23:18.304 [AI Object Patrol 00069] Spawning 1 WaterPump_Tier0 (Raiders) bots at <1917.826660, 6.085795, 2235.720703>
20:23:18.312 [AI Object Patrol 00069] Global patrol count: 17
20:23:19.000 [AI Object Patrol 00067] Spawning 2 OilStation_Tier2RR (Raiders) bots at <1139.418701, 5.907235, 2420.084473>
20:23:19.015 [AI Object Patrol 00067] Global patrol count: 18
20:23:21.117 [AI Object Patrol 00049] Spawning 2 West bots at <1964.286133, 125.124016, 3450.026123>
20:23:21.132 [AI Object Patrol 00049] Global patrol count: 19
20:23:27.945 [Safezone] Player "Survivor" (id=1OEPy6aKlMe0cmo8LieQDvVcsiu6iWAr2PUZdSF5eMI= pos=<1744.204590, 17.967417, 2353.539063>) Entered the safezone
20:23:41.406 [Safezone] Player "Survivor" (id=1OEPy6aKlMe0cmo8LieQDvVcsiu6iWAr2PUZdSF5eMI= pos=<1920.149536, 6.074460, 2198.929932>) Left the safezone
20:23:57.070 [AI Object Patrol 00002] Spawning 1 PoliceStation_Tier1 (Raiders) bots at <3582.244385, 6.042965, 2420.097900>
20:23:57.148 [AI Object Patrol 00002] Global patrol count: 20
20:23:58.304 [AI Object Patrol 00003] Spawning 1 WaterPump_Tier0 (Raiders) bots at <3660.100586, 6.920070, 2481.050537>
20:23:58.320 [AI Object Patrol 00003] Global patrol count: 21
20:24:05.101 [Killfeed] AI Oliver (WaterPump_Tier0) был убит.
20:24:07.890 [AI Object Patrol 00009] Spawning 1 WaterPump_Tier0 (Raiders) bots at <10410.779297, 6.000000, 2209.971680>
20:24:07.898 [AI Object Patrol 00009] Global patrol count: 22
20:24:07.898 [AI Object Patrol 00062] Spawning 2 FirelStation_Tier2 (Raiders) bots at <10270.625000, 6.641933, 2158.515869>
20:24:07.921 [AI Object Patrol 00062] Global patrol count: 23
20:24:07.921 [AI Object Patrol 00063] Spawning 2 HospitalStation_Tier2 (Raiders) bots at <10267.416016, 12.134802, 2278.464600>
20:24:07.937 [AI Object Patrol 00063] Global patrol count: 24
20:24:07.937 [AI Object Patrol 00068] Spawning 1 PoliceStation_Tier2 (Raiders) bots at <10466.764648, 6.000000, 2267.945313>
20:24:07.945 [AI Object Patrol 00068] Global patrol count: 25
20:24:07.945 [AI Patrol 00080] Spawning 1 Electro_Tier1 (Raiders) bots at <10284.766602, 40.502998, 2434.881348>
20:24:07.960 [AI Patrol 00080] Global patrol count: 26
20:24:08.921 [AI Object Patrol 00059] WaterPump_Tier0 (Raiders) bots were wiped out (spawn position <2711.743896, 205.196732, 5310.983398>, 1/1 deceased)
20:24:08.921 [AI Object Patrol 00059] Global patrol count: 25
20:24:17.796 [AI Patrol 00081] Spawning 1 Electro_Tier1 (Raiders) bots at <10028.071289, 6.000000, 1857.292480>
20:24:17.812 [AI Patrol 00081] Global patrol count: 26
20:24:18.070 [AI Object Patrol 00053] Spawning 1 WaterPump_Tier0 (Raiders) bots at <9787.158203, 30.828266, 2224.359863>
20:24:18.078 [AI Object Patrol 00053] Global patrol count: 27
20:24:28.867 [AI Object Patrol 00052] Spawning 2 OilStation_Tier2RR (Raiders) bots at <9513.485352, 5.548218, 2004.441772>
20:24:28.882 [AI Object Patrol 00052] Global patrol count: 28
20:24:35.257 [Killfeed] AI Lewis (HospitalStation_Tier2) умер от Химическое отравление.
20:25:00.304 [Killfeed] AI Irena (Zelenogorsk_Tier2) был убит AI Guo (FirelStation_Tier2) при помощи.
20:25:10.937 [Killfeed] AI Linda (HospitalStation_Tier2) умер от Химическое отравление.
20:25:13.335 [MissionAirdrop] An airdrop is heading towards "Skalisty Island" (pos=<13452.000000, 0.000000, 3112.000000> type=Random_Skalisty Island) with a ExpansionAirdropContainer_Medical
20:25:14.070 [AI Object Patrol 00050] HospitalStation_Tier2 (Raiders) bots were wiped out (spawn position <2160.335693, 91.096222, 3344.028076>, 2/2 deceased)
20:25:14.070 [AI Object Patrol 00050] Global patrol count: 27
20:25:14.609 [AI Patrol 00079] Spawning 1 Electro_Tier2 (Raiders) bots at <10538.103516, 6.000000, 2302.237793>
20:25:14.625 [AI Patrol 00079] Global patrol count: 28
20:25:17.945 [AI Object Patrol 00011] Spawning 1 WaterPump_Tier0 (Raiders) bots at <12044.826172, 5.997462, 3578.418213>
20:25:17.953 [AI Object Patrol 00011] Global patrol count: 29
20:25:18.156 [AI Object Patrol 00054] Spawning 2 PoliceStation_Tier1 (Raiders) bots at <12065.390625, 5.830406, 3592.888184>
20:25:18.171 [AI Object Patrol 00054] Global patrol count: 30
20:25:33.578 [AI Object Patrol 00159] Spawning 1 WaterPump_Tier0 (Raiders) bots at <12860.866211, 171.600464, 4431.947266>
20:25:33.585 [AI Object Patrol 00159] Global patrol count: 31
20:25:34.890 [AI Patrol 00078] Spawning 2 MysKrutoy_Tier2RR (Raiders) bots at <13363.322266, 6.688279, 4147.600586>
20:25:34.921 [AI Patrol 00078] Global patrol count: 32
20:25:50.671 [Killfeed] AI Keiko (WaterPump_Tier0) был убит AI Eva (PoliceStation_Tier1) с Mlock-91 из 9 м расстояние.
20:25:54.273 [AI Object Patrol 00011] WaterPump_Tier0 (Raiders) bots were wiped out (spawn position <12044.826172, 5.997462, 3578.418213>, 1/1 deceased)
20:25:54.273 [AI Object Patrol 00011] Global patrol count: 31
20:25:58.242 [AI Object Patrol 00021] Spawning 1 WaterPump_Tier0 (Raiders) bots at <13404.647461, 5.805270, 6285.658203>
20:25:58.250 [AI Object Patrol 00021] Global patrol count: 32
20:25:58.617 [AI Object Patrol 00055] Spawning 1 OilStation_Tier2RR (Raiders) bots at <13359.042969, 5.236910, 6625.311523>
20:25:58.632 [AI Object Patrol 00055] Global patrol count: 33
20:26:10.546 [Killfeed] AI Boris (WaterPump_Tier0) был убит AI Maria (Запад) с AUR A1 из 2 м расстояние.
20:26:10.890 [AI Object Patrol 00066] WaterPump_Tier0 (Raiders) bots were wiped out (spawn position <3352.684570, 183.325455, 3925.742920>, 1/1 deceased)
20:26:10.890 [AI Object Patrol 00066] Global patrol count: 32
20:26:31.078 [Killfeed] AI Oliver (Electro_Tier1) был убит AI Quinn (HospitalStation_Tier2) с CR-75 из 1 м расстояние.
20:26:33.687 [AI Patrol 00080] Electro_Tier1 (Raiders) bots were wiped out (spawn position <10284.766602, 40.502998, 2434.881348>, 1/1 deceased)
20:26:33.687 [AI Patrol 00080] Global patrol count: 31
20:26:48.875 [AI Object Patrol 00056] Spawning 1 WaterPump_Tier0 (Raiders) bots at <12970.011719, 22.574190, 8033.514160>
20:26:48.882 [AI Object Patrol 00056] Global patrol count: 32
20:26:49.976 [Killfeed] AI Cyril (HospitalStation_Tier2) был убит AI Manua (FirelStation_Tier2) с КАС-74У из 2 м расстояние.
20:26:49.976 [AI Patrol 00142] Spawning 1 Nizhneye_Tier1 (Raiders) bots at <12939.449219, 21.503000, 8147.283203>
20:26:49.984 [AI Patrol 00142] Global patrol count: 33
20:26:55.507 [Killfeed] AI Maria (PoliceStation_Tier2) был убит AI Manua (FirelStation_Tier2) с КАС-74У из 4 м расстояние.
20:26:56.601 [AI Object Patrol 00068] PoliceStation_Tier2 (Raiders) bots were wiped out (spawn position <10466.764648, 6.000000, 2267.945313>, 1/1 deceased)
20:26:56.601 [AI Object Patrol 00068] Global patrol count: 32
20:26:59.851 [Killfeed] AI Guo (FirelStation_Tier2) был убит AI Taiki (Zelenogorsk_Tier3) при помощи.
20:27:07.984 [AI Object Patrol 00172] Spawning 1 PoliceStation_Tier2 (Raiders) bots at <12069.388672, 54.137794, 9081.962891>
20:27:08.000 [AI Object Patrol 00172] Global patrol count: 33
20:27:08.625 [AI Patrol 00076] Spawning 1 Berezino_Tier1 (Raiders) bots at <12335.946289, 14.586599, 9503.259766>
20:27:08.632 [AI Patrol 00076] Global patrol count: 34
20:27:09.039 [AI Object Patrol 00064] Spawning 1 HospitalStation_Tier2 (Raiders) bots at <11937.493164, 60.730518, 9088.038086>
20:27:09.054 [AI Object Patrol 00064] Global patrol count: 35
20:27:10.062 [AI Object Patrol 00030] Spawning 1 WaterPump_Tier0 (Raiders) bots at <11902.358398, 53.998932, 9143.441406>
20:27:10.070 [AI Object Patrol 00030] Global patrol count: 36
20:27:10.070 [AI Patrol 00075] Spawning 1 Berezhino_Tier1 (Raiders) bots at <12592.030273, 6.720994, 9730.983398>
20:27:10.078 [AI Patrol 00075] Global patrol count: 37
20:27:11.070 [Killfeed] AI Denis (Zelenogorsk_Tier2) был убит AI Taiki (Zelenogorsk_Tier3) при помощи.
20:27:11.140 [AI Object Patrol 00031] Spawning 3 OilStation_Tier2RR (Raiders) bots at <12979.967773, 6.000000, 10073.090820>
20:27:11.156 [AI Object Patrol 00031] Global patrol count: 38
20:27:11.156 [AI Object Patrol 00175] Spawning 1 FirelStation_Tier2 (Raiders) bots at <12798.223633, 6.128668, 9983.620117>
20:27:11.164 [AI Object Patrol 00175] Global patrol count: 39
20:27:11.164 [AI Object Patrol 00032] Spawning 1 PoliceStation_Tier1 (Raiders) bots at <12924.262695, 14.320295, 10176.623047>
20:27:11.179 [AI Object Patrol 00032] Global patrol count: 40
20:27:11.179 [AI Patrol 00077] Spawning 1 Berezino_Tier1 (Raiders) bots at <12042.211914, 16.208265, 9682.271484>
20:27:11.187 [AI Patrol 00077] Global patrol count: 41
20:27:13.437 [AI Patrol 00114] Zelenogorsk_Tier2 (Raiders) bots were wiped out (spawn position <2969.109375, 215.070053, 5158.433105>, 2/2 deceased)
20:27:13.437 [AI Patrol 00114] Global patrol count: 40
20:27:15.640 [AI Patrol 00074] Spawning 1 Berezino_Tier1 (Raiders) bots at <13108.818359, 5.990000, 10347.131836>
20:27:15.648 [AI Patrol 00074] Global patrol count: 41
20:27:21.664 [AI Object Patrol 00176] Spawning 1 WaterPump_Tier0 (Raiders) bots at <12269.703125, 92.750000, 10637.814453>
20:27:21.671 [AI Object Patrol 00176] Global patrol count: 42
20:27:23.390 [Killfeed] AI Helga (WaterPump_Tier0) был убит AI Jose (Electro_Tier1) с CR-527 из 3 м расстояние.
20:27:23.664 [AI Object Patrol 00009] WaterPump_Tier0 (Raiders) bots were wiped out (spawn position <10410.779297, 6.000000, 2209.971680>, 1/1 deceased)
20:27:23.664 [AI Object Patrol 00009] Global patrol count: 41
20:27:46.546 [Killfeed] AI Manua (FirelStation_Tier2) был убит AI Irena (Electro_Tier2) с КАС-74У из 7 м расстояние.
20:27:55.500 [AI Object Patrol 00046] Spawning 3 West bots at <13558.163086, 1.745569, 11075.763672>
20:27:55.515 [AI Object Patrol 00046] Global patrol count: 42
20:27:57.804 [AI Object Patrol 00177] Spawning 1 WaterPump_Tier0 (Raiders) bots at <12329.776367, 105.089806, 10945.872070>
20:27:57.804 [AI Object Patrol 00177] Global patrol count: 43
20:28:02.515 [AI Object Patrol 00177] Despawning WaterPump_Tier0 (Raiders) patrol (spawn position <12329.776367, 105.089806, 10945.872070>)
20:28:02.515 [AI Object Patrol 00177] Global patrol count: 42
20:28:02.828 [AI Object Patrol 00172] Despawning PoliceStation_Tier2 (Raiders) patrol (spawn position <12069.388672, 54.137794, 9081.962891>)
20:28:02.828 [AI Object Patrol 00172] Global patrol count: 41
20:28:03.320 [AI Patrol 00077] Despawning Berezino_Tier1 (Raiders) patrol (spawn position <12042.211914, 16.208265, 9682.271484>)
20:28:03.320 [AI Patrol 00077] Global patrol count: 40
20:28:03.320 [AI Patrol 00113] Despawning Zelenogorsk_Tier3 (Raiders) patrol (spawn position <2446.249756, 190.239700, 5260.265625>)
20:28:03.320 [AI Patrol 00113] Global patrol count: 39
20:28:03.390 [AI Object Patrol 00175] Despawning FirelStation_Tier2 (Raiders) patrol (spawn position <12798.223633, 6.128668, 9983.620117>)
20:28:03.390 [AI Object Patrol 00175] Global patrol count: 38
20:28:03.460 [AI Patrol 00075] Despawning Berezhino_Tier1 (Raiders) patrol (spawn position <12592.030273, 6.720994, 9730.983398>)
20:28:03.460 [AI Patrol 00075] Global patrol count: 37
20:28:03.507 [AI Patrol 00079] Despawning Electro_Tier2 (Raiders) patrol (spawn position <10538.103516, 6.000000, 2302.237793>)
20:28:03.507 [AI Patrol 00079] Global patrol count: 36
20:28:03.531 [AI Patrol 00078] Despawning MysKrutoy_Tier2RR (Raiders) patrol (spawn position <13363.322266, 6.688279, 4147.600586>)
20:28:03.531 [AI Patrol 00078] Global patrol count: 35
20:28:03.539 [AI Patrol 00104] Despawning Pavlovo_Tier2 (Raiders) patrol (spawn position <1733.784790, 144.006531, 3911.593262>)
20:28:03.539 [AI Patrol 00104] Global patrol count: 34
20:28:03.546 [AI Patrol 00112] Despawning Zelenogorsk_Tier2 (Raiders) patrol (spawn position <2314.449219, 187.120651, 5159.449707>)
20:28:03.546 [AI Patrol 00112] Global patrol count: 33
20:28:03.562 [AI Patrol 00074] Despawning Berezino_Tier1 (Raiders) patrol (spawn position <13108.818359, 5.990000, 10347.131836>)
20:28:03.562 [AI Patrol 00074] Global patrol count: 32
20:28:03.609 [AI Patrol 00076] Despawning Berezino_Tier1 (Raiders) patrol (spawn position <12335.946289, 14.586599, 9503.259766>)
20:28:03.609 [AI Patrol 00076] Global patrol count: 31
20:28:03.609 [AI Patrol 00111] Despawning Drozhino_Tier2RR (Raiders) patrol (spawn position <3525.978516, 249.025452, 4945.320313>)
20:28:03.609 [AI Patrol 00111] Global patrol count: 30
20:28:03.617 [AI Object Patrol 00056] Despawning WaterPump_Tier0 (Raiders) patrol (spawn position <12970.011719, 22.574190, 8033.514160>)
20:28:03.617 [AI Object Patrol 00056] Global patrol count: 29
20:28:03.617 [AI Object Patrol 00055] Despawning OilStation_Tier2RR (Raiders) patrol (spawn position <13359.042969, 5.236910, 6625.311523>)
20:28:03.617 [AI Object Patrol 00055] Global patrol count: 28
20:28:03.617 [AI Object Patrol 00000] Despawning West patrol (spawn position <1743.026733, 291.796539, 7801.329590>)
20:28:03.617 [AI Object Patrol 00000] Global patrol count: 27
20:28:03.617 [AI Object Patrol 00031] Despawning OilStation_Tier2RR (Raiders) patrol (spawn position <12979.967773, 6.000000, 10073.090820>)
20:28:03.617 [AI Object Patrol 00031] Global patrol count: 26
20:28:03.617 [AI Object Patrol 00013] Despawning PoliceStation_Tier2 (Raiders) patrol (spawn position <2721.169678, 206.675125, 5376.214844>)
20:28:03.617 [AI Object Patrol 00013] Global patrol count: 25
20:28:03.617 [AI Object Patrol 00052] Despawning OilStation_Tier2RR (Raiders) patrol (spawn position <9513.485352, 5.548218, 2004.441772>)
20:28:03.617 [AI Object Patrol 00052] Global patrol count: 24
20:28:03.695 [AI Patrol 00142] Despawning Nizhneye_Tier1 (Raiders) patrol (spawn position <12939.449219, 21.503000, 8147.283203>)
20:28:03.695 [AI Patrol 00142] Global patrol count: 23
20:28:03.921 [AI Object Patrol 00046] Despawning West patrol (spawn position <13558.163086, 1.745569, 11075.763672>)
20:28:03.921 [AI Object Patrol 00046] Global patrol count: 22
20:28:03.921 [AI Object Patrol 00053] Despawning WaterPump_Tier0 (Raiders) patrol (spawn position <9787.158203, 30.828266, 2224.359863>)
20:28:03.921 [AI Object Patrol 00053] Global patrol count: 21
20:28:03.921 [AI Object Patrol 00054] Despawning PoliceStation_Tier1 (Raiders) patrol (spawn position <12065.390625, 5.830406, 3592.888184>)
20:28:03.921 [AI Object Patrol 00054] Global patrol count: 20
20:28:04.054 [AI Object Patrol 00032] Despawning PoliceStation_Tier1 (Raiders) patrol (spawn position <12924.262695, 14.320295, 10176.623047>)
20:28:04.054 [AI Object Patrol 00032] Global patrol count: 19
20:28:04.054 [AI Object Patrol 00012] Despawning FirelStation_Tier2 (Raiders) patrol (spawn position <2574.444092, 196.016006, 5081.150879>)
20:28:04.054 [AI Object Patrol 00012] Global patrol count: 18
20:28:04.054 [AI Object Patrol 00049] Despawning West patrol (spawn position <1964.286133, 125.124016, 3450.026123>)
20:28:04.054 [AI Object Patrol 00049] Global patrol count: 17
20:28:04.054 [AI Object Patrol 00001] Despawning West patrol (spawn position <3119.239746, 275.919373, 4420.249023>)
20:28:04.054 [AI Object Patrol 00001] Global patrol count: 16
20:28:04.085 [AI Patrol 00081] Despawning Electro_Tier1 (Raiders) patrol (spawn position <10028.071289, 6.000000, 1857.292480>)
20:28:04.085 [AI Patrol 00081] Global patrol count: 15
20:28:04.234 [AI Object Patrol 00051] Despawning West patrol (spawn position <2174.813232, 96.983139, 3422.015381>)
20:28:04.234 [AI Object Patrol 00051] Global patrol count: 14
20:28:04.234 [AI Object Patrol 00002] Despawning PoliceStation_Tier1 (Raiders) patrol (spawn position <3582.244385, 6.042965, 2420.097900>)
20:28:04.234 [AI Object Patrol 00002] Global patrol count: 13
20:28:04.234 [AI Object Patrol 00062] Despawning FirelStation_Tier2 (Raiders) patrol (spawn position <10270.625000, 6.641933, 2158.515869>)
20:28:04.234 [AI Object Patrol 00062] Global patrol count: 12
20:28:04.242 [AI Object Patrol 00030] Despawning WaterPump_Tier0 (Raiders) patrol (spawn position <11902.358398, 53.998932, 9143.441406>)
20:28:04.242 [AI Object Patrol 00030] Global patrol count: 11
20:28:04.250 [AI Patrol 00148] Despawning Myshkibo_Tier2 (Raiders) patrol (spawn position <2090.105713, 258.662933, 7267.192383>)
20:28:04.250 [AI Patrol 00148] Global patrol count: 10
20:28:04.367 [AI Object Patrol 00003] Despawning WaterPump_Tier0 (Raiders) patrol (spawn position <3660.100586, 6.920070, 2481.050537>)
20:28:04.367 [AI Object Patrol 00003] Global patrol count: 9
20:28:04.585 [AI Object Patrol 00021] Despawning WaterPump_Tier0 (Raiders) patrol (spawn position <13404.647461, 5.805270, 6285.658203>)
20:28:04.585 [AI Object Patrol 00021] Global patrol count: 8
20:28:04.734 [AI Object Patrol 00064] Despawning HospitalStation_Tier2 (Raiders) patrol (spawn position <11937.493164, 60.730518, 9088.038086>)
20:28:04.734 [AI Object Patrol 00064] Global patrol count: 7
20:28:04.890 [AI Object Patrol 00166] Despawning WaterPump_Tier0 (Raiders) patrol (spawn position <2539.759277, 303.451019, 6354.345215>)
20:28:04.890 [AI Object Patrol 00166] Global patrol count: 6
20:28:04.937 [AI Object Patrol 00063] Despawning HospitalStation_Tier2 (Raiders) patrol (spawn position <10267.416016, 12.134802, 2278.464600>)
20:28:04.937 [AI Object Patrol 00063] Global patrol count: 5
20:28:05.562 [AI Object Patrol 00067] Despawning OilStation_Tier2RR (Raiders) patrol (spawn position <1139.418701, 5.907235, 2420.084473>)
20:28:05.562 [AI Object Patrol 00067] Global patrol count: 4
20:28:05.687 [AI Object Patrol 00160] Despawning WaterPump_Tier0 (Raiders) patrol (spawn position <609.330994, 141.468094, 5293.011230>)
20:28:05.687 [AI Object Patrol 00160] Global patrol count: 3
20:28:05.734 [AI Object Patrol 00159] Despawning WaterPump_Tier0 (Raiders) patrol (spawn position <12860.866211, 171.600464, 4431.947266>)
20:28:05.734 [AI Object Patrol 00159] Global patrol count: 2
20:28:06.921 [AI Object Patrol 00176] Despawning WaterPump_Tier0 (Raiders) patrol (spawn position <12269.703125, 92.750000, 10637.814453>)
20:28:06.921 [AI Object Patrol 00176] Global patrol count: 1
20:28:07.054 [AI Object Patrol 00069] Despawning WaterPump_Tier0 (Raiders) patrol (spawn position <1917.826660, 6.085795, 2235.720703>)
20:28:07.054 [AI Object Patrol 00069] Global patrol count: 0
20:28:10.382 [AI Object Patrol 00047] Spawning 2 West bots at <13788.125000, -11.194866, 11104.582031>
20:28:10.398 [AI Object Patrol 00047] Global patrol count: 1
20:28:10.398 [AI Object Patrol 00048] Spawning 3 West bots at <13804.670898, -7.659656, 11088.471680>
20:28:10.406 [AI Object Patrol 00048] Global patrol count: 2
20:28:15.281 [AI Patrol 00071] Spawning 1 Rify_Tier1 (Raiders) bots at <13558.029297, 32.681892, 11738.373047>
20:28:15.312 [AI Patrol 00071] Global patrol count: 3
20:28:47.609 [AI Object Patrol 00060] Spawning 1 WaterPump_Tier0 (Raiders) bots at <7560.730957, 211.865479, 13471.011719>
20:28:47.617 [AI Object Patrol 00060] Global patrol count: 4
20:28:47.617 [AI Object Patrol 00036] Spawning 1 WaterPump_Tier0 (Raiders) bots at <8598.370117, 194.604568, 11923.585938>
20:28:47.617 [AI Object Patrol 00036] Global patrol count: 5
20:28:56.843 [AI Object Patrol 00178] Spawning 1 WaterPump_Tier0 (Raiders) bots at <8185.723633, 182.902710, 11585.634766>
20:28:56.851 [AI Object Patrol 00178] Global patrol count: 6
20:29:00.984 [AI Object Patrol 00035] Spawning 1 FirelStation_Tier2 (Raiders) bots at <7639.314941, 119.494446, 12636.596680>
20:29:01.000 [AI Object Patrol 00035] Global patrol count: 7
20:29:01.117 [AI Object Patrol 00061] Spawning 2 PoliceStation_Tier2 (Raiders) bots at <7734.308594, 118.510002, 12625.807617>
20:29:01.132 [AI Object Patrol 00061] Global patrol count: 8
20:29:17.265 [AI Patrol 00116] Spawning 1 Severograd_Tier3 (Raiders) bots at <8229.967773, 109.785851, 12731.450195>
20:29:17.281 [AI Patrol 00116] Global patrol count: 9
20:29:22.664 [AI Object Patrol 00187] Spawning 2 OilStation_Tier2RR (Raiders) bots at <7454.069824, 122.028923, 12659.458008>
20:29:22.679 [AI Object Patrol 00187] Global patrol count: 10
20:30:00.242 [AI Patrol 00133] Spawning 3 MilitaryTisy_Tier4R (East) bots at <1463.186157, 457.745270, 14100.889648>
20:30:00.265 [AI Patrol 00133] Global patrol count: 11
20:30:00.265 [AI Patrol 00128] Spawning 1 MilitaryTisy_Tier3 (Raiders) bots at <1423.261597, 447.293610, 13673.684570>
20:30:00.320 [AI Patrol 00128] Global patrol count: 12
20:30:00.320 [AI Patrol 00130] Spawning 1 MilitaryTisy_Tier3 (Raiders) bots at <1416.948120, 461.403381, 14418.133789>
20:30:00.367 [AI Patrol 00130] Global patrol count: 13
20:30:00.367 [AI Patrol 00131] Spawning 2 MilitaryTisy_Tier4N (East) bots at <1602.309204, 452.561066, 14409.427734>
20:30:00.437 [AI Patrol 00131] Global patrol count: 14
20:30:28.359 [AI Patrol 00132] Spawning 2 MilitaryTisy_Tier4N (East) bots at <1900.580688, 434.474213, 13840.418945>
20:30:28.382 [AI Patrol 00132] Global patrol count: 15
20:30:54.546 [AI Patrol 00129] Spawning 1 MilitaryTisy_Tier3 (Raiders) bots at <649.092102, 499.820892, 13657.982422>
20:30:54.554 [AI Patrol 00129] Global patrol count: 16
20:32:46.843 [Killfeed] AI Guo (MilitaryTisy_Tier3) был убит AI Peter (MilitaryTisy_Tier4R) с КА-101 из 8 м расстояние.
20:32:47.539 [AI Patrol 00121] Spawning 3 GrozovyPereval_Tier4 (Raiders) bots at <3307.112305, 332.631958, 15223.930664>
20:32:47.562 [AI Patrol 00121] Global patrol count: 17
20:32:48.328 [AI Patrol 00128] MilitaryTisy_Tier3 (Raiders) bots were wiped out (spawn position <1423.261597, 447.293610, 13673.684570>, 1/1 deceased)
20:32:48.328 [AI Patrol 00128] Global patrol count: 16
20:34:25.226 [Killfeed] AI Kaito (OilStation_Tier2RR) был убит AI Francis (PoliceStation_Tier2) при помощи.
20:34:35.179 [Killfeed] AI Seth (MilitaryTisy_Tier3) был убит AI Peter (MilitaryTisy_Tier4R) при помощи.
20:34:38.921 [AI Patrol 00130] MilitaryTisy_Tier3 (Raiders) bots were wiped out (spawn position <1416.948120, 461.403381, 14418.133789>, 1/1 deceased)
20:34:38.921 [AI Patrol 00130] Global patrol count: 15
20:34:51.320 [Party] Player "Survivor" (id=1OEPy6aKlMe0cmo8LieQDvVcsiu6iWAr2PUZdSF5eMI=) left the party "Falcon Resolute" (id=1 ownerUID=z63osPRVUnS8pzWmaenLtvu6c2gVxwL4gvA4elWPF5w= ownerName=Survivor (2))
