15:37:53.382 [Expansion Quests] Added objects set for quest ID=5401 from file=q5301
15:37:53.410 [Expansion Quests] Added objects set for quest ID=2202 from file=q2202
15:37:53.410 [Expansion Quests] Added objects set for quest ID=2203 from file=q2203
15:37:53.410 [Expansion Quests] Added objects set for quest ID=2204 from file=q2204
15:37:53.410 [Expansion Quests] Added objects set for quest ID=2101 from file=q2101
15:37:53.410 [Expansion Quests] Added objects set for quest ID=61601 from file=q61601
15:37:53.410 [Expansion Quests] Added objects set for quest ID=2102 from file=q2102
15:37:53.410 [Expansion Quests] Added objects set for quest ID=2103 from file=q2103
15:37:53.410 [Expansion Quests] Added objects set for quest ID=2104 from file=q2104
15:37:53.414 [Expansion Quests] Added objects set for quest ID=2105 from file=q2105
15:37:53.414 [Expansion Quests] Added objects set for quest ID=6501 from file=q6501
15:37:53.414 [Expansion Quests] Added objects set for quest ID=5301 from file=q5301
15:37:53.414 [Expansion Quests] Added objects set for quest ID=5302 from file=q5302
15:37:53.414 [Expansion Quests] Added objects set for quest ID=5303 from file=q5303
15:37:53.414 [Expansion Quests] Added objects set for quest ID=5304 from file=q5304
15:37:53.414 [Expansion Quests] Added objects set for quest ID=61501 from file=q61501
15:37:53.414 [Expansion Quests] Added objects set for quest ID=61502 from file=q61502
15:37:53.414 [Expansion Quests] Added objects set for quest ID=61001 from file=q61001
15:37:53.414 [Expansion Quests] Added objects set for quest ID=2201 from file=q2201
15:37:53.414 [Expansion Quests] Added objects set for quest ID=1101 from file=q1101
15:37:53.414 [Expansion Quests] Added objects set for quest ID=1102 from file=q1102
15:37:53.414 [Expansion Quests] Added objects set for quest ID=1103 from file=q1102
15:37:53.414 [Expansion Quests] Added objects set for quest ID=1104 from file=q1104
15:37:53.414 [Expansion Quests] Added objects set for quest ID=1105 from file=q1105
15:37:53.414 [Expansion Quests] Added objects set for quest ID=5202 from file=q5202
15:37:53.414 [Expansion Quests] Added objects set for quest ID=5203 from file=q5203
15:37:53.414 [Expansion Quests] Added objects set for quest ID=2205 from file=q2205
15:37:53.414 [Expansion Quests] Added objects set for quest ID=6601 from file=q6601
15:37:53.414 [Expansion Quests] Added objects set for quest ID=5101 from file=q5101
15:37:53.414 [Expansion Quests] Added objects set for quest ID=5102 from file=q5102
15:37:53.414 [Expansion Quests] Added objects set for quest ID=5201 from file=q5201
15:40:04.800 [Party] Player "Tonby" (id=1OEPy6aKlMe0cmo8LieQDvVcsiu6iWAr2PUZdSF5eMI=) joinded the party "Knight Fallen" (id=1 ownerUID=1OEPy6aKlMe0cmo8LieQDvVcsiu6iWAr2PUZdSF5eMI= ownerName=Survivor)
15:40:04.804 [Expansion Quests] Initialize quest system on the connected client with UID=1OEPy6aKlMe0cmo8LieQDvVcsiu6iWAr2PUZdSF5eMI=
15:40:04.890 [Expansion Quests] Loaded existing player quest data for player with UID=1OEPy6aKlMe0cmo8LieQDvVcsiu6iWAr2PUZdSF5eMI=
15:40:04.914 [Expansion Quests] Loaded existing group quest data for group with ID=1
15:40:04.914 [Expansion Quests] Check quest initialization for quest with ID=6901 | State=COMPLETED | Player UID=1OEPy6aKlMe0cmo8LieQDvVcsiu6iWAr2PUZdSF5eMI=
15:40:04.917 [Expansion Quests] Check quest initialization for quest with ID=6401 | State=COMPLETED | Player UID=1OEPy6aKlMe0cmo8LieQDvVcsiu6iWAr2PUZdSF5eMI=
15:40:04.917 [Expansion Quests] Check quest initialization for quest with ID=5101 | State=NONE | Player UID=1OEPy6aKlMe0cmo8LieQDvVcsiu6iWAr2PUZdSF5eMI=
15:40:04.917 [Expansion Quests] Check quest initialization for quest with ID=101 | State=COMPLETED | Player UID=1OEPy6aKlMe0cmo8LieQDvVcsiu6iWAr2PUZdSF5eMI=
15:40:04.917 [Expansion Quests] Check quest initialization for quest with ID=61101 | State=COMPLETED | Player UID=1OEPy6aKlMe0cmo8LieQDvVcsiu6iWAr2PUZdSF5eMI=
15:40:04.917 [Expansion Quests] Check quest initialization for quest with ID=6601 | State=COMPLETED | Player UID=1OEPy6aKlMe0cmo8LieQDvVcsiu6iWAr2PUZdSF5eMI=
15:40:04.917 [Expansion Quests] Check quest initialization for quest with ID=61301 | State=NONE | Player UID=1OEPy6aKlMe0cmo8LieQDvVcsiu6iWAr2PUZdSF5eMI=
15:40:04.917 [Expansion Quests] Check quest initialization for quest with ID=6701 | State=COMPLETED | Player UID=1OEPy6aKlMe0cmo8LieQDvVcsiu6iWAr2PUZdSF5eMI=
15:40:04.917 [Expansion Quests] Check quest initialization for quest with ID=1102 | State=NONE | Player UID=1OEPy6aKlMe0cmo8LieQDvVcsiu6iWAr2PUZdSF5eMI=
15:40:04.917 [Expansion Quests] Check quest initialization for quest with ID=1103 | State=NONE | Player UID=1OEPy6aKlMe0cmo8LieQDvVcsiu6iWAr2PUZdSF5eMI=
15:40:04.917 [Expansion Quests] Check quest initialization for quest with ID=6501 | State=COMPLETED | Player UID=1OEPy6aKlMe0cmo8LieQDvVcsiu6iWAr2PUZdSF5eMI=
15:40:04.917 [Expansion Quests] Check quest initialization for quest with ID=6801 | State=COMPLETED | Player UID=1OEPy6aKlMe0cmo8LieQDvVcsiu6iWAr2PUZdSF5eMI=
15:40:04.917 [Expansion Quests] Check quest initialization for quest with ID=1104 | State=NONE | Player UID=1OEPy6aKlMe0cmo8LieQDvVcsiu6iWAr2PUZdSF5eMI=
15:40:04.917 [Expansion Quests] Check quest initialization for quest with ID=1101 | State=NONE | Player UID=1OEPy6aKlMe0cmo8LieQDvVcsiu6iWAr2PUZdSF5eMI=
15:40:04.917 [Expansion Quests] Check quest initialization for quest with ID=6101 | State=COMPLETED | Player UID=1OEPy6aKlMe0cmo8LieQDvVcsiu6iWAr2PUZdSF5eMI=
15:40:04.917 [Expansion Quests] Check quest initialization for quest with ID=2101 | State=COMPLETED | Player UID=1OEPy6aKlMe0cmo8LieQDvVcsiu6iWAr2PUZdSF5eMI=
15:40:04.917 [Expansion Quests] Check quest initialization for quest with ID=61501 | State=NONE | Player UID=1OEPy6aKlMe0cmo8LieQDvVcsiu6iWAr2PUZdSF5eMI=
15:40:04.917 [Expansion Quests] Check quest initialization for quest with ID=6201 | State=COMPLETED | Player UID=1OEPy6aKlMe0cmo8LieQDvVcsiu6iWAr2PUZdSF5eMI=
15:40:04.917 [Expansion Quests] Check quest initialization for quest with ID=61001 | State=COMPLETED | Player UID=1OEPy6aKlMe0cmo8LieQDvVcsiu6iWAr2PUZdSF5eMI=
15:40:04.917 [Expansion Quests] Check quest initialization for quest with ID=6301 | State=COMPLETED | Player UID=1OEPy6aKlMe0cmo8LieQDvVcsiu6iWAr2PUZdSF5eMI=
15:40:04.917 [Expansion Quests] Check quest initialization for quest with ID=61502 | State=COMPLETED | Player UID=1OEPy6aKlMe0cmo8LieQDvVcsiu6iWAr2PUZdSF5eMI=
15:40:04.921 [Expansion Quests] Quest with ID=6401 is not a a valid achievement or auto start quest. Skip quest for player with UID=1OEPy6aKlMe0cmo8LieQDvVcsiu6iWAr2PUZdSF5eMI=
15:40:04.921 [Expansion Quests] Quest with ID=6701 is not a a valid achievement or auto start quest. Skip quest for player with UID=1OEPy6aKlMe0cmo8LieQDvVcsiu6iWAr2PUZdSF5eMI=
15:40:04.921 [Expansion Quests] Quest with ID=61201 is not a a valid achievement or auto start quest. Skip quest for player with UID=1OEPy6aKlMe0cmo8LieQDvVcsiu6iWAr2PUZdSF5eMI=
15:40:04.921 [Expansion Quests] Quest with ID=5401 is not a a valid achievement or auto start quest. Skip quest for player with UID=1OEPy6aKlMe0cmo8LieQDvVcsiu6iWAr2PUZdSF5eMI=
15:40:04.921 [Expansion Quests] Quest with ID=2202 is not a a valid achievement or auto start quest. Skip quest for player with UID=1OEPy6aKlMe0cmo8LieQDvVcsiu6iWAr2PUZdSF5eMI=
15:40:04.921 [Expansion Quests] Quest with ID=2203 is not a a valid achievement or auto start quest. Skip quest for player with UID=1OEPy6aKlMe0cmo8LieQDvVcsiu6iWAr2PUZdSF5eMI=
15:40:04.921 [Expansion Quests] Quest with ID=2204 is not a a valid achievement or auto start quest. Skip quest for player with UID=1OEPy6aKlMe0cmo8LieQDvVcsiu6iWAr2PUZdSF5eMI=
15:40:04.921 [Expansion Quests] Quest with ID=6301 is not a a valid achievement or auto start quest. Skip quest for player with UID=1OEPy6aKlMe0cmo8LieQDvVcsiu6iWAr2PUZdSF5eMI=
15:40:04.921 [Expansion Quests] Quest with ID=2101 is not a a valid achievement or auto start quest. Skip quest for player with UID=1OEPy6aKlMe0cmo8LieQDvVcsiu6iWAr2PUZdSF5eMI=
15:40:04.921 [Expansion Quests] Quest with ID=61601 is not a a valid achievement or auto start quest. Skip quest for player with UID=1OEPy6aKlMe0cmo8LieQDvVcsiu6iWAr2PUZdSF5eMI=
15:40:04.921 [Expansion Quests] Quest with ID=2102 is not a a valid achievement or auto start quest. Skip quest for player with UID=1OEPy6aKlMe0cmo8LieQDvVcsiu6iWAr2PUZdSF5eMI=
15:40:04.921 [Expansion Quests] Quest with ID=2103 is not a a valid achievement or auto start quest. Skip quest for player with UID=1OEPy6aKlMe0cmo8LieQDvVcsiu6iWAr2PUZdSF5eMI=
15:40:04.921 [Expansion Quests] Quest with ID=2104 is not a a valid achievement or auto start quest. Skip quest for player with UID=1OEPy6aKlMe0cmo8LieQDvVcsiu6iWAr2PUZdSF5eMI=
15:40:04.921 [Expansion Quests] Quest with ID=2105 is not a a valid achievement or auto start quest. Skip quest for player with UID=1OEPy6aKlMe0cmo8LieQDvVcsiu6iWAr2PUZdSF5eMI=
15:40:04.921 [Expansion Quests] Quest with ID=61101 is not a a valid achievement or auto start quest. Skip quest for player with UID=1OEPy6aKlMe0cmo8LieQDvVcsiu6iWAr2PUZdSF5eMI=
15:40:04.921 [Expansion Quests] Quest with ID=6501 is not a a valid achievement or auto start quest. Skip quest for player with UID=1OEPy6aKlMe0cmo8LieQDvVcsiu6iWAr2PUZdSF5eMI=
15:40:04.921 [Expansion Quests] Quest with ID=62001 is not a a valid achievement or auto start quest. Skip quest for player with UID=1OEPy6aKlMe0cmo8LieQDvVcsiu6iWAr2PUZdSF5eMI=
15:40:04.921 [Expansion Quests] Quest with ID=6801 is not a a valid achievement or auto start quest. Skip quest for player with UID=1OEPy6aKlMe0cmo8LieQDvVcsiu6iWAr2PUZdSF5eMI=
15:40:04.921 [Expansion Quests] Quest with ID=5301 is not a a valid achievement or auto start quest. Skip quest for player with UID=1OEPy6aKlMe0cmo8LieQDvVcsiu6iWAr2PUZdSF5eMI=
15:40:04.921 [Expansion Quests] Quest with ID=5302 is not a a valid achievement or auto start quest. Skip quest for player with UID=1OEPy6aKlMe0cmo8LieQDvVcsiu6iWAr2PUZdSF5eMI=
15:40:04.921 [Expansion Quests] Quest with ID=5303 is not a a valid achievement or auto start quest. Skip quest for player with UID=1OEPy6aKlMe0cmo8LieQDvVcsiu6iWAr2PUZdSF5eMI=
15:40:04.921 [Expansion Quests] Quest with ID=5304 is not a a valid achievement or auto start quest. Skip quest for player with UID=1OEPy6aKlMe0cmo8LieQDvVcsiu6iWAr2PUZdSF5eMI=
15:40:04.921 [Expansion Quests] Quest with ID=6201 is not a a valid achievement or auto start quest. Skip quest for player with UID=1OEPy6aKlMe0cmo8LieQDvVcsiu6iWAr2PUZdSF5eMI=
15:40:04.921 [Expansion Quests] Quest with ID=61501 is not a a valid achievement or auto start quest. Skip quest for player with UID=1OEPy6aKlMe0cmo8LieQDvVcsiu6iWAr2PUZdSF5eMI=
15:40:04.921 [Expansion Quests] Quest with ID=61502 is not a a valid achievement or auto start quest. Skip quest for player with UID=1OEPy6aKlMe0cmo8LieQDvVcsiu6iWAr2PUZdSF5eMI=
15:40:04.921 [Expansion Quests] Quest with ID=61001 is not a a valid achievement or auto start quest. Skip quest for player with UID=1OEPy6aKlMe0cmo8LieQDvVcsiu6iWAr2PUZdSF5eMI=
15:40:04.921 [Expansion Quests] Quest with ID=2201 is not a a valid achievement or auto start quest. Skip quest for player with UID=1OEPy6aKlMe0cmo8LieQDvVcsiu6iWAr2PUZdSF5eMI=
15:40:04.921 [Expansion Quests] Quest with ID=1101 is not a a valid achievement or auto start quest. Skip quest for player with UID=1OEPy6aKlMe0cmo8LieQDvVcsiu6iWAr2PUZdSF5eMI=
15:40:04.921 [Expansion Quests] Quest with ID=1102 is not a a valid achievement or auto start quest. Skip quest for player with UID=1OEPy6aKlMe0cmo8LieQDvVcsiu6iWAr2PUZdSF5eMI=
15:40:04.921 [Expansion Quests] Quest with ID=1103 is not a a valid achievement or auto start quest. Skip quest for player with UID=1OEPy6aKlMe0cmo8LieQDvVcsiu6iWAr2PUZdSF5eMI=
15:40:04.921 [Expansion Quests] Quest with ID=1104 is not a a valid achievement or auto start quest. Skip quest for player with UID=1OEPy6aKlMe0cmo8LieQDvVcsiu6iWAr2PUZdSF5eMI=
15:40:04.925 [Expansion Quests] Quest with ID=1105 is not a a valid achievement or auto start quest. Skip quest for player with UID=1OEPy6aKlMe0cmo8LieQDvVcsiu6iWAr2PUZdSF5eMI=
15:40:04.925 [Expansion Quests] Quest with ID=5202 is not a a valid achievement or auto start quest. Skip quest for player with UID=1OEPy6aKlMe0cmo8LieQDvVcsiu6iWAr2PUZdSF5eMI=
15:40:04.925 [Expansion Quests] Quest with ID=5203 is not a a valid achievement or auto start quest. Skip quest for player with UID=1OEPy6aKlMe0cmo8LieQDvVcsiu6iWAr2PUZdSF5eMI=
15:40:04.925 [Expansion Quests] Quest with ID=6101 is not a a valid achievement or auto start quest. Skip quest for player with UID=1OEPy6aKlMe0cmo8LieQDvVcsiu6iWAr2PUZdSF5eMI=
15:40:04.925 [Expansion Quests] Quest with ID=2205 is not a a valid achievement or auto start quest. Skip quest for player with UID=1OEPy6aKlMe0cmo8LieQDvVcsiu6iWAr2PUZdSF5eMI=
15:40:04.925 [Expansion Quests] Quest with ID=61401 is not a a valid achievement or auto start quest. Skip quest for player with UID=1OEPy6aKlMe0cmo8LieQDvVcsiu6iWAr2PUZdSF5eMI=
15:40:04.925 [Expansion Quests] Quest with ID=6601 is not a a valid achievement or auto start quest. Skip quest for player with UID=1OEPy6aKlMe0cmo8LieQDvVcsiu6iWAr2PUZdSF5eMI=
15:40:04.925 [Expansion Quests] Quest with ID=6901 is not a a valid achievement or auto start quest. Skip quest for player with UID=1OEPy6aKlMe0cmo8LieQDvVcsiu6iWAr2PUZdSF5eMI=
15:40:04.925 [Expansion Quests] Quest with ID=5101 is not a a valid achievement or auto start quest. Skip quest for player with UID=1OEPy6aKlMe0cmo8LieQDvVcsiu6iWAr2PUZdSF5eMI=
15:40:04.925 [Expansion Quests] Quest with ID=5102 is not a a valid achievement or auto start quest. Skip quest for player with UID=1OEPy6aKlMe0cmo8LieQDvVcsiu6iWAr2PUZdSF5eMI=
15:40:04.925 [Expansion Quests] Quest with ID=5201 is not a a valid achievement or auto start quest. Skip quest for player with UID=1OEPy6aKlMe0cmo8LieQDvVcsiu6iWAr2PUZdSF5eMI=
15:40:04.925 [Expansion Quests] Quest with ID=61301 is not a a valid achievement or auto start quest. Skip quest for player with UID=1OEPy6aKlMe0cmo8LieQDvVcsiu6iWAr2PUZdSF5eMI=
15:40:04.925 [Expansion Quests] Quest with ID=2301 is not a a valid achievement or auto start quest. Skip quest for player with UID=1OEPy6aKlMe0cmo8LieQDvVcsiu6iWAr2PUZdSF5eMI=
15:40:04.929 [Expansion Quests] Sending 1OEPy6aKlMe0cmo8LieQDvVcsiu6iWAr2PUZdSF5eMI= quest configs to client for player with UID=1OEPy6aKlMe0cmo8LieQDvVcsiu6iWAr2PUZdSF5eMI=
15:40:04.929 [Expansion Quests] Sending player quest data for 21 quests to player with UID=1OEPy6aKlMe0cmo8LieQDvVcsiu6iWAr2PUZdSF5eMI=
15:40:05.750 [Expansion Quests] - LoadGroupQuestData - Got cached group quest data for group with ID=1
15:44:06.000 [MissionAirdrop] An airdrop is heading towards "Novodmitrovsk" (pos=<11125.000000, 0.000000, 14040.000000> type=Random_Novodmitrovsk) with a ExpansionAirdropContainer_Medical
15:44:56.308 [AI Object Patrol 00009] Spawning 2 PoliceStation_Tier1 (Raiders) bots at <6187.888672, 26.587692, 2932.805908>
15:44:56.406 [AI Object Patrol 00009] Global patrol count: 1
15:44:56.410 [AI Patrol 00099] Spawning 1 Novoselki_Tier1 (Raiders) bots at <6144.192871, 96.502998, 3164.145508>
15:44:56.429 [AI Patrol 00099] Global patrol count: 2
15:44:56.429 [AI Patrol 00104] Spawning 1 Vysotovo_Tier1 (Raiders) bots at <5866.871582, 121.502998, 2763.137451>
15:44:56.445 [AI Patrol 00104] Global patrol count: 3
15:44:56.445 [AI Patrol 00103] Spawning 1 Vysotovo_Tier1 (Raiders) bots at <5935.751953, 97.502998, 2729.155518>
15:44:56.468 [AI Patrol 00103] Global patrol count: 4
15:44:56.468 [AI Object Patrol 00183] Spawning 1 OilStation_Tier2RR (Raiders) bots at <6887.708008, 7.202487, 3101.669678>
15:44:56.480 [AI Object Patrol 00183] Global patrol count: 5
15:48:39.687 [AI Patrol 00094] Spawning 2 Prigorodki_Tier1 (Raiders) bots at <7429.603516, 16.503000, 2867.004395>
15:48:39.714 [AI Patrol 00094] Global patrol count: 6
15:48:39.714 [AI Patrol 00100] Spawning 1 Dubovo_Tier1 (Raiders) bots at <6610.748047, 103.502998, 3534.964844>
15:48:39.738 [AI Patrol 00100] Global patrol count: 7
15:48:39.738 [AI Patrol 00101] Spawning 1 Dubovo_Tier1 (Raiders) bots at <6665.312012, 100.502998, 3593.460938>
15:48:39.765 [AI Patrol 00101] Global patrol count: 8
15:48:39.765 [AI Patrol 00095] Spawning 1 Chernogorsk_Tier1 (Raiders) bots at <7350.020020, 16.503000, 2876.548096>
15:48:39.781 [AI Patrol 00095] Global patrol count: 9
15:48:39.781 [AI Patrol 00098] Spawning 1 Novoselki_Tier1 (Raiders) bots at <6201.674316, 69.502998, 3323.936279>
15:48:39.796 [AI Patrol 00098] Global patrol count: 10
15:48:39.851 [AI Patrol 00106] Spawning 2 Komarovo_Tier1 (Raiders) bots at <6497.078613, 6.000000, 2536.062988>
15:48:39.941 [AI Patrol 00106] Global patrol count: 11
15:48:39.941 [AI Patrol 00097] Spawning 1 Chernogorsk_Tier1 (Raiders) bots at <6512.591309, 6.000000, 2456.670654>
15:48:39.968 [AI Patrol 00097] Global patrol count: 12
15:48:39.976 [AI Object Patrol 00176] Spawning 1 FirelStation_Tier2 (Raiders) bots at <6256.841797, 9.097906, 2739.187744>
15:48:40.003 [AI Object Patrol 00176] Global patrol count: 13
15:48:40.074 [AI Object Patrol 00006] Spawning 1 WaterPump_Tier0 (Raiders) bots at <6513.445313, 19.830425, 2312.670898>
15:48:40.085 [AI Object Patrol 00006] Global patrol count: 14
15:48:40.316 [AI Patrol 00096] Spawning 1 Chernogorsk_Tier1 (Raiders) bots at <6497.181152, 8.140146, 2364.919678>
15:48:40.375 [AI Patrol 00096] Global patrol count: 15
15:48:40.511 [AI Object Patrol 00047] Spawning 2 ContaminatedArea_Tier4 (Raiders) bots at <6578.493652, 7.182809, 2325.180908>
15:48:40.539 [AI Object Patrol 00047] Global patrol count: 16
15:49:09.027 [Killfeed] AI Oliver (Vysotovo_Tier1) был убит AI Frida (PoliceStation_Tier1) при помощи.
15:49:11.203 [AI Patrol 00103] Vysotovo_Tier1 (Raiders) bots were wiped out (spawn position <5935.751953, 97.502998, 2729.155518>, 1/1 deceased)
15:49:11.203 [AI Patrol 00103] Global patrol count: 15
15:49:30.496 [Party] Player "Tonby" (id=1OEPy6aKlMe0cmo8LieQDvVcsiu6iWAr2PUZdSF5eMI=) left the party "Knight Fallen" (id=1 ownerUID=1OEPy6aKlMe0cmo8LieQDvVcsiu6iWAr2PUZdSF5eMI= ownerName=Survivor)
