22:23:28.093 [Expansion Quests] Initialize quest system on the connected client with UID=1OEPy6aKlMe0cmo8LieQDvVcsiu6iWAr2PUZdSF5eMI=
22:23:28.109 [Expansion Quests] Loaded existing player quest data for player with UID=1OEPy6aKlMe0cmo8LieQDvVcsiu6iWAr2PUZdSF5eMI=
22:23:28.109 [Expansion Quests] Check quest initialization for quest with ID=8 | State=STARTED | Player UID=1OEPy6aKlMe0cmo8LieQDvVcsiu6iWAr2PUZdSF5eMI=
22:23:28.109 [Expansion Quests] Create new quest instance for quest with ID=8 | Player UID=1OEPy6aKlMe0cmo8LieQDvVcsiu6iWAr2PUZdSF5eMI=
22:23:28.109 [Expansion Quests] Check quest initialization for quest with ID=9 | State=STARTED | Player UID=1OEPy6aKlMe0cmo8LieQDvVcsiu6iWAr2PUZdSF5eMI=
22:23:28.109 [Expansion Quests] Create new quest instance for quest with ID=9 | Player UID=1OEPy6aKlMe0cmo8LieQDvVcsiu6iWAr2PUZdSF5eMI=
22:23:28.109 [Expansion Quests] Check quest initialization for quest with ID=11 | State=STARTED | Player UID=1OEPy6aKlMe0cmo8LieQDvVcsiu6iWAr2PUZdSF5eMI=
22:23:28.109 [Expansion Quests] Create new quest instance for quest with ID=11 | Player UID=1OEPy6aKlMe0cmo8LieQDvVcsiu6iWAr2PUZdSF5eMI=
22:23:28.109 [Expansion Quests] Check quest initialization for quest with ID=14 | State=COMPLETED | Player UID=1OEPy6aKlMe0cmo8LieQDvVcsiu6iWAr2PUZdSF5eMI=
22:23:28.109 [Expansion Quests] Quest with ID=1 is not a a valid achievement or auto start quest. Skip quest for player with UID=1OEPy6aKlMe0cmo8LieQDvVcsiu6iWAr2PUZdSF5eMI=
22:23:28.109 [Expansion Quests] Quest with ID=2 is not a a valid achievement or auto start quest. Skip quest for player with UID=1OEPy6aKlMe0cmo8LieQDvVcsiu6iWAr2PUZdSF5eMI=
22:23:28.109 [Expansion Quests] Quest with ID=3 is not a a valid achievement or auto start quest. Skip quest for player with UID=1OEPy6aKlMe0cmo8LieQDvVcsiu6iWAr2PUZdSF5eMI=
22:23:28.109 [Expansion Quests] Quest with ID=4 is not a a valid achievement or auto start quest. Skip quest for player with UID=1OEPy6aKlMe0cmo8LieQDvVcsiu6iWAr2PUZdSF5eMI=
22:23:28.109 [Expansion Quests] Quest with ID=5 is not a a valid achievement or auto start quest. Skip quest for player with UID=1OEPy6aKlMe0cmo8LieQDvVcsiu6iWAr2PUZdSF5eMI=
22:23:28.109 [Expansion Quests] Quest with ID=6 is not a a valid achievement or auto start quest. Skip quest for player with UID=1OEPy6aKlMe0cmo8LieQDvVcsiu6iWAr2PUZdSF5eMI=
22:23:28.109 [Expansion Quests] Quest with ID=7 is not a a valid achievement or auto start quest. Skip quest for player with UID=1OEPy6aKlMe0cmo8LieQDvVcsiu6iWAr2PUZdSF5eMI=
22:23:28.109 [Expansion Quests] Quest with ID=10 is not a a valid achievement or auto start quest. Skip quest for player with UID=1OEPy6aKlMe0cmo8LieQDvVcsiu6iWAr2PUZdSF5eMI=
22:23:28.109 [Expansion Quests] Quest with ID=12 is not a a valid achievement or auto start quest. Skip quest for player with UID=1OEPy6aKlMe0cmo8LieQDvVcsiu6iWAr2PUZdSF5eMI=
22:23:28.109 [Expansion Quests] Quest with ID=13 is not a a valid achievement or auto start quest. Skip quest for player with UID=1OEPy6aKlMe0cmo8LieQDvVcsiu6iWAr2PUZdSF5eMI=
22:23:28.109 [Expansion Quests] Quest with ID=15 is not a a valid achievement or auto start quest. Skip quest for player with UID=1OEPy6aKlMe0cmo8LieQDvVcsiu6iWAr2PUZdSF5eMI=
22:23:28.109 [Expansion Quests] Quest with ID=16 is not a a valid achievement or auto start quest. Skip quest for player with UID=1OEPy6aKlMe0cmo8LieQDvVcsiu6iWAr2PUZdSF5eMI=
22:23:28.109 [Expansion Quests] Quest with ID=17 is not a a valid achievement or auto start quest. Skip quest for player with UID=1OEPy6aKlMe0cmo8LieQDvVcsiu6iWAr2PUZdSF5eMI=
22:23:28.109 [Expansion Quests] Quest with ID=18 is not a a valid achievement or auto start quest. Skip quest for player with UID=1OEPy6aKlMe0cmo8LieQDvVcsiu6iWAr2PUZdSF5eMI=
22:23:28.109 [Expansion Quests] Quest with ID=19 is not a a valid achievement or auto start quest. Skip quest for player with UID=1OEPy6aKlMe0cmo8LieQDvVcsiu6iWAr2PUZdSF5eMI=
22:23:28.109 [Expansion Quests] Quest with ID=20 is not a a valid achievement or auto start quest. Skip quest for player with UID=1OEPy6aKlMe0cmo8LieQDvVcsiu6iWAr2PUZdSF5eMI=
22:23:28.109 [Expansion Quests] Quest with ID=21 is not a a valid achievement or auto start quest. Skip quest for player with UID=1OEPy6aKlMe0cmo8LieQDvVcsiu6iWAr2PUZdSF5eMI=
22:23:28.109 [Expansion Quests] Quest with ID=22 is not a a valid achievement or auto start quest. Skip quest for player with UID=1OEPy6aKlMe0cmo8LieQDvVcsiu6iWAr2PUZdSF5eMI=
22:23:28.117 [Expansion Quests] Quest with ID=23 is not a a valid achievement or auto start quest. Skip quest for player with UID=1OEPy6aKlMe0cmo8LieQDvVcsiu6iWAr2PUZdSF5eMI=
22:23:28.117 [Expansion Quests] Quest with ID=24 is not a a valid achievement or auto start quest. Skip quest for player with UID=1OEPy6aKlMe0cmo8LieQDvVcsiu6iWAr2PUZdSF5eMI=
22:23:28.117 [Expansion Quests] Sending 1OEPy6aKlMe0cmo8LieQDvVcsiu6iWAr2PUZdSF5eMI= quest configs to client for player with UID=1OEPy6aKlMe0cmo8LieQDvVcsiu6iWAr2PUZdSF5eMI=
22:23:28.117 [Expansion Quests] Sending player quest data for 4 quests to player with UID=1OEPy6aKlMe0cmo8LieQDvVcsiu6iWAr2PUZdSF5eMI=
22:23:28.117 [AI Object Patrol] Spawning 2 PoliceStationScavs_Tier_1 bots at <6633.093262, 13.969685, 2586.646240>
22:23:28.125 [AI Object Patrol] Spawning 1 Ordinary_Civilian bots at <6515.262207, 6.533941, 2307.472656>
22:23:28.140 [AI Object Patrol] Spawning 3 FireStationScavs_Tier1 bots at <6262.113281, 8.619924, 2721.123047>
22:23:28.156 [AI Patrol] Spawning 1 Ordinary_Scavengers_Tier_1(Cherno_Med) bots at <6505.375488, 9.292056, 2713.458008>
22:23:28.164 [AI Patrol] Spawning 2 Ordinary_Scavengers_Tier_2(Hotel_Cherno) bots at <6604.188477, 6.648893, 2310.223877>
22:23:35.695 [AI Patrol] Spawning 1 Ordinary_Scavengers_Tier_1(Cherno_Exit) bots at <6603.157227, 14.064628, 3004.636475>
22:23:36.757 [AI Patrol] Spawning 1 Ordinary_Scavengers_Tier_1(Vysotovo) bots at <5485.962402, 59.479610, 2541.495850>
22:23:42.757 [AI Patrol] Spawning 1 Ordinary_Scavengers_Tier_1(Vysotovo) bots at <5934.920898, 69.456215, 2643.755859>
22:23:43.554 [AI Patrol] Spawning 1 Ordinary_Scavengers_Tier_1(Cherno_Oil) bots at <5872.409180, 9.029879, 2192.572754>
22:23:51.835 [AI Object Patrol] Spawning 1 PoliceStationScavs_Tier_1 bots at <6202.298340, 32.781120, 2920.927002>
22:24:03.085 [AI Object Patrol] Spawning 2 West bots at <6504.000000, 9.234666, 2749.000000>
22:24:24.546 [Killfeed] AI Gabi (PoliceStationScavs_Tier_1) был убит Da da Ya с КАС-74У из 2 м расстояние.
22:24:37.960 [Killfeed] AI Irena (Запад) был убит Da da Ya с КАС-74У из 7 м расстояние.
22:24:39.312 [Killfeed] AI Baty (Запад) был убит Da da Ya с КАС-74У из 8 м расстояние.
22:24:43.039 [AI Object Patrol] West bots were wiped out (spawn position <6504.000000, 9.234666, 2749.000000>, 2/2 deceased)
22:24:58.093 [Killfeed] AI Quinn (Ordinary_Scavengers_Tier_1(Cherno_Exit)) был убит Da da Ya с КАС-74У из 2 м расстояние.
22:24:58.265 [AI Patrol] Ordinary_Scavengers_Tier_1(Cherno_Exit) bots were wiped out (spawn position <6603.157227, 14.064628, 3004.636475>, 1/1 deceased)
22:25:10.539 [Expansion Quests] Deleted quest with ID=8 is a of player with UID=1OEPy6aKlMe0cmo8LieQDvVcsiu6iWAr2PUZdSF5eMI=.
22:25:10.539 [Expansion Quests] Deleted quest with ID=9 is a of player with UID=1OEPy6aKlMe0cmo8LieQDvVcsiu6iWAr2PUZdSF5eMI=.
22:25:10.539 [Expansion Quests] Deleted quest with ID=11 is a of player with UID=1OEPy6aKlMe0cmo8LieQDvVcsiu6iWAr2PUZdSF5eMI=.
22:25:45.554 [Killfeed] AI Lewis (PoliceStationScavs_Tier_1) был убит AI Keiko (FireStationScavs_Tier1) голыми руками.
22:25:46.835 [AI Object Patrol] PoliceStationScavs_Tier_1 bots were wiped out (spawn position <6202.298340, 32.781120, 2920.927002>, 1/1 deceased)
22:28:04.648 [Killfeed] AI Keiko (FireStationScavs_Tier1) умер от Химическое отравление.
22:28:07.664 [MissionAirdrop] An airdrop is heading towards "Elektrozavodsk" (pos=<9371.000000, 0.000000, 2229.000000> type=Random_Elektrozavodsk) with a ExpansionAirdropContainer_Military
22:28:19.851 [Killfeed] AI Rolf (FireStationScavs_Tier1) умер от Химическое отравление.
22:30:15.015 [Killfeed] AI Niki (PoliceStationScavs_Tier_1) умер от Химическое отравление.
22:30:18.742 [AI Object Patrol] PoliceStationScavs_Tier_1 bots were wiped out (spawn position <6633.093262, 13.969685, 2586.646240>, 2/2 deceased)
