17:52:21.007 [Party] Player "Survivor" (id=1OEPy6aKlMe0cmo8LieQDvVcsiu6iWAr2PUZdSF5eMI=) joinded the party "Falcon Resolute" (id=1 ownerUID=z63osPRVUnS8pzWmaenLtvu6c2gVxwL4gvA4elWPF5w= ownerName=Survivor (2))
17:52:21.007 [Expansion Quests] Initialize quest system on the connected client with UID=1OEPy6aKlMe0cmo8LieQDvVcsiu6iWAr2PUZdSF5eMI=
17:52:21.058 [Expansion Quests] Loaded existing player quest data for player with UID=1OEPy6aKlMe0cmo8LieQDvVcsiu6iWAr2PUZdSF5eMI=
17:52:21.058 [Expansion Quests] Loaded existing group quest data for group with ID=1
17:52:21.058 [Expansion Quests] Check quest initialization for quest with ID=101 | State=COMPLETED | Player UID=1OEPy6aKlMe0cmo8LieQDvVcsiu6iWAr2PUZdSF5eMI=
17:52:21.062 [Expansion Quests] Quest with ID=6101 is not a a valid achievement or auto start quest. Skip quest for player with UID=1OEPy6aKlMe0cmo8LieQDvVcsiu6iWAr2PUZdSF5eMI=
17:52:21.062 [Expansion Quests] Quest with ID=6201 is not a a valid achievement or auto start quest. Skip quest for player with UID=1OEPy6aKlMe0cmo8LieQDvVcsiu6iWAr2PUZdSF5eMI=
17:52:21.062 [Expansion Quests] Quest with ID=6301 is not a a valid achievement or auto start quest. Skip quest for player with UID=1OEPy6aKlMe0cmo8LieQDvVcsiu6iWAr2PUZdSF5eMI=
17:52:21.066 [Expansion Quests] Quest with ID=6401 is not a a valid achievement or auto start quest. Skip quest for player with UID=1OEPy6aKlMe0cmo8LieQDvVcsiu6iWAr2PUZdSF5eMI=
17:52:21.066 [Expansion Quests] Sending 1OEPy6aKlMe0cmo8LieQDvVcsiu6iWAr2PUZdSF5eMI= quest configs to client for player with UID=1OEPy6aKlMe0cmo8LieQDvVcsiu6iWAr2PUZdSF5eMI=
17:52:21.066 [Expansion Quests] Sending player quest data for 1 quests to player with UID=1OEPy6aKlMe0cmo8LieQDvVcsiu6iWAr2PUZdSF5eMI=
17:52:21.066 [AI Object Patrol 00038] Spawning 1 WaterPump_Tier0 (Raiders) bots at <10993.828125, 226.439957, 12425.915039>
17:52:21.078 [AI Object Patrol 00038] Global patrol count: 1
17:52:21.078 [AI Object Patrol 00041] Spawning 1 PoliceStation_Tier1 (Raiders) bots at <11067.031250, 226.709366, 12480.257813>
17:52:21.089 [AI Object Patrol 00041] Global patrol count: 2
17:52:21.089 [AI Patrol 00071] Spawning 1 Krasnostav_Trader (Guards) bots at <11744.187500, 140.000839, 12600.628906>
17:52:21.101 [AI Patrol 00071] Global patrol count: 3
17:52:21.101 [AI Patrol 00073] Spawning 1 Krasnostav_Trader (InvincibleObservers) bots at <11919.220703, 141.727097, 12406.250000>
17:52:21.144 [AI Patrol 00073] Global patrol count: 4
17:52:21.144 [AI Patrol 00074] Spawning 2 Krasnostav_Trader (InvincibleObservers) bots at <11951.384766, 142.064331, 12386.399414>
17:52:21.164 [AI Patrol 00074] Global patrol count: 5
17:52:21.164 [AI Patrol 00078] Spawning 2 Krasnostav_Tier1 (Raiders) bots at <11073.699219, 203.548996, 12246.005859>
17:52:21.187 [AI Patrol 00078] Global patrol count: 6
17:52:21.187 [AI Patrol 00072] Spawning 2 Krasnostav_Trader (InvincibleObservers) bots at <11760.466797, 141.069244, 12408.113281>
17:52:21.199 [AI Patrol 00072] Global patrol count: 7
17:52:21.199 [AI Patrol 00077] Spawning 1 ChernayaPolyana_Tier1 (Raiders) bots at <12154.455078, 99.403152, 13500.150391>
17:52:21.214 [AI Patrol 00077] Global patrol count: 8
17:52:21.992 [Expansion Quests] - LoadGroupQuestData - Got cached group quest data for group with ID=1
17:52:27.109 [Safezone] Player "Survivor" (id=1OEPy6aKlMe0cmo8LieQDvVcsiu6iWAr2PUZdSF5eMI= pos=<11761.118164, 140.089554, 12653.041992>) Entered the safezone
17:53:31.070 [Safezone] Player "Survivor" (id=1OEPy6aKlMe0cmo8LieQDvVcsiu6iWAr2PUZdSF5eMI= pos=<11665.875977, 142.258530, 12686.101563>) Left the safezone
