11:30:27.265 [Expansion Quests] Added objects set for quest ID=5401 from file=q5301
11:30:27.265 [Expansion Quests] Added objects set for quest ID=2202 from file=q2202
11:30:27.265 [Expansion Quests] Added objects set for quest ID=2203 from file=q2203
11:30:27.265 [Expansion Quests] Added objects set for quest ID=2204 from file=q2204
11:30:27.269 [Expansion Quests] Added objects set for quest ID=2101 from file=q2101
11:30:27.269 [Expansion Quests] Added objects set for quest ID=61601 from file=q61601
11:30:27.269 [Expansion Quests] Added objects set for quest ID=2102 from file=q2102
11:30:27.269 [Expansion Quests] Added objects set for quest ID=2103 from file=q2103
11:30:27.269 [Expansion Quests] Added objects set for quest ID=2104 from file=q2104
11:30:27.269 [Expansion Quests] Added objects set for quest ID=2105 from file=q2105
11:30:27.269 [Expansion Quests] Added objects set for quest ID=6501 from file=q6501
11:30:27.269 [Expansion Quests] Added objects set for quest ID=5301 from file=q5301
11:30:27.269 [Expansion Quests] Added objects set for quest ID=5302 from file=q5302
11:30:27.269 [Expansion Quests] Added objects set for quest ID=5303 from file=q5303
11:30:27.269 [Expansion Quests] Added objects set for quest ID=5304 from file=q5304
11:30:27.269 [Expansion Quests] Added objects set for quest ID=61501 from file=q61501
11:30:27.269 [Expansion Quests] Added objects set for quest ID=61502 from file=q61502
11:30:27.269 [Expansion Quests] Added objects set for quest ID=61001 from file=q61001
11:30:27.269 [Expansion Quests] Added objects set for quest ID=2201 from file=q2201
11:30:27.269 [Expansion Quests] Added objects set for quest ID=1101 from file=q1101
11:30:27.269 [Expansion Quests] Added objects set for quest ID=1102 from file=q1102
11:30:27.269 [Expansion Quests] Added objects set for quest ID=1103 from file=q1102
11:30:27.269 [Expansion Quests] Added objects set for quest ID=1104 from file=q1104
11:30:27.269 [Expansion Quests] Added objects set for quest ID=1105 from file=q1105
11:30:27.269 [Expansion Quests] Added objects set for quest ID=5202 from file=q5202
11:30:27.269 [Expansion Quests] Added objects set for quest ID=5203 from file=q5203
11:30:27.269 [Expansion Quests] Added objects set for quest ID=2205 from file=q2205
11:30:27.273 [Expansion Quests] Added objects set for quest ID=6601 from file=q6601
11:30:27.273 [Expansion Quests] Added objects set for quest ID=5101 from file=q5101
11:30:27.273 [Expansion Quests] Added objects set for quest ID=5102 from file=q5102
11:30:27.273 [Expansion Quests] Added objects set for quest ID=5201 from file=q5201
11:31:28.980 [Expansion Quests] Initialize quest system on the connected client with UID=1OEPy6aKlMe0cmo8LieQDvVcsiu6iWAr2PUZdSF5eMI=
11:31:29.027 [Expansion Quests] Loaded existing player quest data for player with UID=1OEPy6aKlMe0cmo8LieQDvVcsiu6iWAr2PUZdSF5eMI=
11:31:29.027 [Expansion Quests] Check quest initialization for quest with ID=101 | State=STARTED | Player UID=1OEPy6aKlMe0cmo8LieQDvVcsiu6iWAr2PUZdSF5eMI=
11:31:29.027 [Expansion Quests] Create new quest instance for quest with ID=101 | Player UID=1OEPy6aKlMe0cmo8LieQDvVcsiu6iWAr2PUZdSF5eMI=
11:31:29.027 [Expansion Quests] Quest with ID=6401 is not a a valid achievement or auto start quest. Skip quest for player with UID=1OEPy6aKlMe0cmo8LieQDvVcsiu6iWAr2PUZdSF5eMI=
11:31:29.027 [Expansion Quests] Quest with ID=6701 is not a a valid achievement or auto start quest. Skip quest for player with UID=1OEPy6aKlMe0cmo8LieQDvVcsiu6iWAr2PUZdSF5eMI=
11:31:29.027 [Expansion Quests] Quest with ID=61201 is not a a valid achievement or auto start quest. Skip quest for player with UID=1OEPy6aKlMe0cmo8LieQDvVcsiu6iWAr2PUZdSF5eMI=
11:31:29.027 [Expansion Quests] Quest with ID=5401 is not a a valid achievement or auto start quest. Skip quest for player with UID=1OEPy6aKlMe0cmo8LieQDvVcsiu6iWAr2PUZdSF5eMI=
11:31:29.027 [Expansion Quests] Quest with ID=2202 is not a a valid achievement or auto start quest. Skip quest for player with UID=1OEPy6aKlMe0cmo8LieQDvVcsiu6iWAr2PUZdSF5eMI=
11:31:29.027 [Expansion Quests] Quest with ID=2203 is not a a valid achievement or auto start quest. Skip quest for player with UID=1OEPy6aKlMe0cmo8LieQDvVcsiu6iWAr2PUZdSF5eMI=
11:31:29.027 [Expansion Quests] Quest with ID=2204 is not a a valid achievement or auto start quest. Skip quest for player with UID=1OEPy6aKlMe0cmo8LieQDvVcsiu6iWAr2PUZdSF5eMI=
11:31:29.031 [Expansion Quests] Quest with ID=6301 is not a a valid achievement or auto start quest. Skip quest for player with UID=1OEPy6aKlMe0cmo8LieQDvVcsiu6iWAr2PUZdSF5eMI=
11:31:29.031 [Expansion Quests] Quest with ID=2101 is not a a valid achievement or auto start quest. Skip quest for player with UID=1OEPy6aKlMe0cmo8LieQDvVcsiu6iWAr2PUZdSF5eMI=
11:31:29.031 [Expansion Quests] Quest with ID=61601 is not a a valid achievement or auto start quest. Skip quest for player with UID=1OEPy6aKlMe0cmo8LieQDvVcsiu6iWAr2PUZdSF5eMI=
11:31:29.031 [Expansion Quests] Quest with ID=2102 is not a a valid achievement or auto start quest. Skip quest for player with UID=1OEPy6aKlMe0cmo8LieQDvVcsiu6iWAr2PUZdSF5eMI=
11:31:29.031 [Expansion Quests] Quest with ID=2103 is not a a valid achievement or auto start quest. Skip quest for player with UID=1OEPy6aKlMe0cmo8LieQDvVcsiu6iWAr2PUZdSF5eMI=
11:31:29.031 [Expansion Quests] Quest with ID=2104 is not a a valid achievement or auto start quest. Skip quest for player with UID=1OEPy6aKlMe0cmo8LieQDvVcsiu6iWAr2PUZdSF5eMI=
11:31:29.031 [Expansion Quests] Quest with ID=2105 is not a a valid achievement or auto start quest. Skip quest for player with UID=1OEPy6aKlMe0cmo8LieQDvVcsiu6iWAr2PUZdSF5eMI=
11:31:29.031 [Expansion Quests] Quest with ID=61101 is not a a valid achievement or auto start quest. Skip quest for player with UID=1OEPy6aKlMe0cmo8LieQDvVcsiu6iWAr2PUZdSF5eMI=
11:31:29.031 [Expansion Quests] Quest with ID=6501 is not a a valid achievement or auto start quest. Skip quest for player with UID=1OEPy6aKlMe0cmo8LieQDvVcsiu6iWAr2PUZdSF5eMI=
11:31:29.031 [Expansion Quests] Quest with ID=62001 is not a a valid achievement or auto start quest. Skip quest for player with UID=1OEPy6aKlMe0cmo8LieQDvVcsiu6iWAr2PUZdSF5eMI=
11:31:29.031 [Expansion Quests] Quest with ID=6801 is not a a valid achievement or auto start quest. Skip quest for player with UID=1OEPy6aKlMe0cmo8LieQDvVcsiu6iWAr2PUZdSF5eMI=
11:31:29.031 [Expansion Quests] Quest with ID=5301 is not a a valid achievement or auto start quest. Skip quest for player with UID=1OEPy6aKlMe0cmo8LieQDvVcsiu6iWAr2PUZdSF5eMI=
11:31:29.031 [Expansion Quests] Quest with ID=5302 is not a a valid achievement or auto start quest. Skip quest for player with UID=1OEPy6aKlMe0cmo8LieQDvVcsiu6iWAr2PUZdSF5eMI=
11:31:29.031 [Expansion Quests] Quest with ID=5303 is not a a valid achievement or auto start quest. Skip quest for player with UID=1OEPy6aKlMe0cmo8LieQDvVcsiu6iWAr2PUZdSF5eMI=
11:31:29.031 [Expansion Quests] Quest with ID=5304 is not a a valid achievement or auto start quest. Skip quest for player with UID=1OEPy6aKlMe0cmo8LieQDvVcsiu6iWAr2PUZdSF5eMI=
11:31:29.031 [Expansion Quests] Quest with ID=6201 is not a a valid achievement or auto start quest. Skip quest for player with UID=1OEPy6aKlMe0cmo8LieQDvVcsiu6iWAr2PUZdSF5eMI=
11:31:29.031 [Expansion Quests] Quest with ID=61501 is not a a valid achievement or auto start quest. Skip quest for player with UID=1OEPy6aKlMe0cmo8LieQDvVcsiu6iWAr2PUZdSF5eMI=
11:31:29.031 [Expansion Quests] Quest with ID=61502 is not a a valid achievement or auto start quest. Skip quest for player with UID=1OEPy6aKlMe0cmo8LieQDvVcsiu6iWAr2PUZdSF5eMI=
11:31:29.031 [Expansion Quests] Quest with ID=61001 is not a a valid achievement or auto start quest. Skip quest for player with UID=1OEPy6aKlMe0cmo8LieQDvVcsiu6iWAr2PUZdSF5eMI=
11:31:29.031 [Expansion Quests] Quest with ID=2201 is not a a valid achievement or auto start quest. Skip quest for player with UID=1OEPy6aKlMe0cmo8LieQDvVcsiu6iWAr2PUZdSF5eMI=
11:31:29.031 [Expansion Quests] Quest with ID=1101 is not a a valid achievement or auto start quest. Skip quest for player with UID=1OEPy6aKlMe0cmo8LieQDvVcsiu6iWAr2PUZdSF5eMI=
11:31:29.031 [Expansion Quests] Quest with ID=1102 is not a a valid achievement or auto start quest. Skip quest for player with UID=1OEPy6aKlMe0cmo8LieQDvVcsiu6iWAr2PUZdSF5eMI=
11:31:29.031 [Expansion Quests] Quest with ID=1103 is not a a valid achievement or auto start quest. Skip quest for player with UID=1OEPy6aKlMe0cmo8LieQDvVcsiu6iWAr2PUZdSF5eMI=
11:31:29.031 [Expansion Quests] Quest with ID=1104 is not a a valid achievement or auto start quest. Skip quest for player with UID=1OEPy6aKlMe0cmo8LieQDvVcsiu6iWAr2PUZdSF5eMI=
11:31:29.031 [Expansion Quests] Quest with ID=1105 is not a a valid achievement or auto start quest. Skip quest for player with UID=1OEPy6aKlMe0cmo8LieQDvVcsiu6iWAr2PUZdSF5eMI=
11:31:29.031 [Expansion Quests] Quest with ID=5202 is not a a valid achievement or auto start quest. Skip quest for player with UID=1OEPy6aKlMe0cmo8LieQDvVcsiu6iWAr2PUZdSF5eMI=
11:31:29.031 [Expansion Quests] Quest with ID=5203 is not a a valid achievement or auto start quest. Skip quest for player with UID=1OEPy6aKlMe0cmo8LieQDvVcsiu6iWAr2PUZdSF5eMI=
11:31:29.035 [Expansion Quests] Quest with ID=6101 is not a a valid achievement or auto start quest. Skip quest for player with UID=1OEPy6aKlMe0cmo8LieQDvVcsiu6iWAr2PUZdSF5eMI=
11:31:29.035 [Expansion Quests] Quest with ID=2205 is not a a valid achievement or auto start quest. Skip quest for player with UID=1OEPy6aKlMe0cmo8LieQDvVcsiu6iWAr2PUZdSF5eMI=
11:31:29.035 [Expansion Quests] Quest with ID=61401 is not a a valid achievement or auto start quest. Skip quest for player with UID=1OEPy6aKlMe0cmo8LieQDvVcsiu6iWAr2PUZdSF5eMI=
11:31:29.035 [Expansion Quests] Quest with ID=6601 is not a a valid achievement or auto start quest. Skip quest for player with UID=1OEPy6aKlMe0cmo8LieQDvVcsiu6iWAr2PUZdSF5eMI=
11:31:29.035 [Expansion Quests] Quest with ID=6901 is not a a valid achievement or auto start quest. Skip quest for player with UID=1OEPy6aKlMe0cmo8LieQDvVcsiu6iWAr2PUZdSF5eMI=
11:31:29.035 [Expansion Quests] Quest with ID=5101 is not a a valid achievement or auto start quest. Skip quest for player with UID=1OEPy6aKlMe0cmo8LieQDvVcsiu6iWAr2PUZdSF5eMI=
11:31:29.035 [Expansion Quests] Quest with ID=5102 is not a a valid achievement or auto start quest. Skip quest for player with UID=1OEPy6aKlMe0cmo8LieQDvVcsiu6iWAr2PUZdSF5eMI=
11:31:29.035 [Expansion Quests] Quest with ID=5201 is not a a valid achievement or auto start quest. Skip quest for player with UID=1OEPy6aKlMe0cmo8LieQDvVcsiu6iWAr2PUZdSF5eMI=
11:31:29.035 [Expansion Quests] Quest with ID=61301 is not a a valid achievement or auto start quest. Skip quest for player with UID=1OEPy6aKlMe0cmo8LieQDvVcsiu6iWAr2PUZdSF5eMI=
11:31:29.035 [Expansion Quests] Quest with ID=2301 is not a a valid achievement or auto start quest. Skip quest for player with UID=1OEPy6aKlMe0cmo8LieQDvVcsiu6iWAr2PUZdSF5eMI=
11:31:29.035 [Expansion Quests] Sending 1OEPy6aKlMe0cmo8LieQDvVcsiu6iWAr2PUZdSF5eMI= quest configs to client for player with UID=1OEPy6aKlMe0cmo8LieQDvVcsiu6iWAr2PUZdSF5eMI=
11:31:29.035 [Expansion Quests] Sending player quest data for 1 quests to player with UID=1OEPy6aKlMe0cmo8LieQDvVcsiu6iWAr2PUZdSF5eMI=
11:31:29.460 [Expansion Quests] Added new objective data for type=TRAVEL | Key=1OEPy6aKlMe0cmo8LieQDvVcsiu6iWAr2PUZdSF5eMI= | ID=101
11:31:29.460 [Expansion Quests] Updated and saved persistent player quest data for player with UID=1OEPy6aKlMe0cmo8LieQDvVcsiu6iWAr2PUZdSF5eMI= | Quest ID=101
11:31:44.300 [AI Patrol 00087] Spawning 1 GM_Trader (InvincibleObservers) bots at <3624.044434, 402.602997, 6032.179688>
11:31:44.363 [AI Patrol 00087] Global patrol count: 1
11:31:44.398 [Safezone] Player "Tonby" (id=1OEPy6aKlMe0cmo8LieQDvVcsiu6iWAr2PUZdSF5eMI= pos=<3750.15, 403.02, 5964.32>) entered the safezone
11:32:11.320 [Expansion Quests] Spawned objects from set for quest ID=5201 from file=$mission:expansion\quests\\objects\q5201.map
11:32:11.324 [Expansion Quests] Added new objective data for type=TRAVEL | Key=1OEPy6aKlMe0cmo8LieQDvVcsiu6iWAr2PUZdSF5eMI= | ID=1201
11:32:11.324 [Expansion Quests] Added new objective data for type=TREASUREHUNT | Key=1OEPy6aKlMe0cmo8LieQDvVcsiu6iWAr2PUZdSF5eMI= | ID=1301
11:32:11.324 [Expansion Quests] Updated and saved persistent player quest data for player with UID=1OEPy6aKlMe0cmo8LieQDvVcsiu6iWAr2PUZdSF5eMI= | Quest ID=5201
11:32:11.324 [Expansion Quests] Created new quest instance with instance key=1OEPy6aKlMe0cmo8LieQDvVcsiu6iWAr2PUZdSF5eMI= for quest with ID=5201
11:32:11.730 [Expansion Quests] Added new objective data for type=TRAVEL | Key=1OEPy6aKlMe0cmo8LieQDvVcsiu6iWAr2PUZdSF5eMI= | ID=1201
11:32:11.730 [Expansion Quests] Added new objective data for type=TREASUREHUNT | Key=1OEPy6aKlMe0cmo8LieQDvVcsiu6iWAr2PUZdSF5eMI= | ID=1301
11:32:11.730 [Expansion Quests] Updated and saved persistent player quest data for player with UID=1OEPy6aKlMe0cmo8LieQDvVcsiu6iWAr2PUZdSF5eMI= | Quest ID=5201
11:32:25.054 [AI Object Patrol 00177] Spawning 1 BH_RoadRaiders (Mercenaries) bots at <10422.823242, 6.002902, 2473.479248>
11:32:25.078 [AI Object Patrol 00177] Global patrol count: 2
11:32:25.078 [AI Object Patrol 00179] Spawning 1 BH_RoadRaiders (Mercenaries) bots at <10425.472656, 6.000998, 2471.779297>
11:32:25.101 [AI Object Patrol 00179] Global patrol count: 3
11:32:25.101 [AI Object Patrol 00178] Spawning 1 BH_RoadRaiders (Mercenaries) bots at <10424.966797, 6.000998, 2474.214111>
11:32:25.121 [AI Object Patrol 00178] Global patrol count: 4
11:32:25.121 [AI Object Patrol 00182] Spawning 1 BH_RoadRaiders (Mercenaries) bots at <10430.734375, 6.165279, 2461.787109>
11:32:25.144 [AI Object Patrol 00182] Global patrol count: 5
11:32:25.144 [AI Object Patrol 00183] Spawning 1 BH_RoadRaiders (Mercenaries) bots at <10419.280273, 6.894603, 2461.662109>
11:32:25.167 [AI Object Patrol 00183] Global patrol count: 6
11:32:25.167 [AI Object Patrol 00180] Spawning 1 BH_RoadRaiders (Mercenaries) bots at <10425.358398, 6.000998, 2473.759521>
11:32:25.187 [AI Object Patrol 00180] Global patrol count: 7
11:32:25.187 [AI Object Patrol 00181] Spawning 1 BH_RoadRaiders (Mercenaries) bots at <10419.188477, 6.007748, 2473.514160>
11:32:25.210 [AI Object Patrol 00181] Global patrol count: 8
11:32:37.753 [Safezone] Player "{1:name}" (id={1:id} pos={1:position}) left the safezone
11:33:24.730 [AI Patrol 00087] Despawning 1 GM_Trader (InvincibleObservers) bots (spawn position <3624.044434, 402.602997, 6032.179688>, 0/1 deceased)
11:33:24.730 [AI Patrol 00087] Global patrol count: 7
11:34:59.785 [Killfeed] AI Niki (BH_RoadRaiders) умер от потери крови.
11:35:01.855 [AI Object Patrol 00183] BH_RoadRaiders (Mercenaries) bots were wiped out (spawn position <10419.280273, 6.894603, 2461.662109>, 1/1 deceased)
11:35:01.855 [AI Object Patrol 00183] Global patrol count: 6
11:36:13.898 [MissionAirdrop] An airdrop is heading towards "Skalisty Island" (pos=<13452.000000, 0.000000, 3112.000000> type=Random_Skalisty Island) with a ExpansionAirdropContainer_Military
11:38:00.152 [Expansion Quests] Deleted quest with ID=5201 is a of player with UID=1OEPy6aKlMe0cmo8LieQDvVcsiu6iWAr2PUZdSF5eMI=.
11:38:00.152 [Expansion Quests] Deleted quest with ID=101 is a of player with UID=1OEPy6aKlMe0cmo8LieQDvVcsiu6iWAr2PUZdSF5eMI=.
11:38:00.167 [AI Object Patrol 00177] Despawning 1 BH_RoadRaiders (Mercenaries) bots (spawn position <10422.823242, 6.002902, 2473.479248>, 0/1 deceased)
11:38:00.167 [AI Object Patrol 00177] Global patrol count: 5
11:38:00.167 [AI Object Patrol 00178] Despawning 1 BH_RoadRaiders (Mercenaries) bots (spawn position <10424.966797, 6.000998, 2474.214111>, 0/1 deceased)
11:38:00.167 [AI Object Patrol 00178] Global patrol count: 4
11:38:00.167 [AI Object Patrol 00179] Despawning 1 BH_RoadRaiders (Mercenaries) bots (spawn position <10425.472656, 6.000998, 2471.779297>, 0/1 deceased)
11:38:00.167 [AI Object Patrol 00179] Global patrol count: 3
11:38:00.167 [AI Object Patrol 00180] Despawning 1 BH_RoadRaiders (Mercenaries) bots (spawn position <10425.358398, 6.000998, 2473.759521>, 0/1 deceased)
11:38:00.167 [AI Object Patrol 00180] Global patrol count: 2
11:38:00.167 [AI Object Patrol 00181] Despawning 1 BH_RoadRaiders (Mercenaries) bots (spawn position <10419.188477, 6.007748, 2473.514160>, 0/1 deceased)
11:38:00.167 [AI Object Patrol 00181] Global patrol count: 1
11:38:00.167 [AI Object Patrol 00182] Despawning 1 BH_RoadRaiders (Mercenaries) bots (spawn position <10430.734375, 6.165279, 2461.787109>, 0/1 deceased)
11:38:00.167 [AI Object Patrol 00182] Global patrol count: 0
11:38:00.167 [AI Object Patrol 00183] Despawning 0 BH_RoadRaiders (Mercenaries) bots (spawn position <10417.426758, 6.173999, 2461.418213>, 1/1 deceased)
