15:38:21.652 [Safezone] Player "Da da Ya" (id=1OEPy6aKlMe0cmo8LieQDvVcsiu6iWAr2PUZdSF5eMI= pos=<3705.266846, 402.012451, 5987.004395>) Entered the safezone
15:38:21.683 [Expansion Quests] Initialize quest system on the connected client with UID=1OEPy6aKlMe0cmo8LieQDvVcsiu6iWAr2PUZdSF5eMI=
15:38:21.871 [Expansion Quests] Loaded existing player quest data for player with UID=1OEPy6aKlMe0cmo8LieQDvVcsiu6iWAr2PUZdSF5eMI=
15:38:21.871 [Expansion Quests] Check quest initialization for quest with ID=22 | State=COMPLETED | Player UID=1OEPy6aKlMe0cmo8LieQDvVcsiu6iWAr2PUZdSF5eMI=
15:38:21.871 [Expansion Quests] Check quest initialization for quest with ID=8 | State=STARTED | Player UID=1OEPy6aKlMe0cmo8LieQDvVcsiu6iWAr2PUZdSF5eMI=
15:38:21.871 [Expansion Quests] Create new quest instance for quest with ID=8 | Player UID=1OEPy6aKlMe0cmo8LieQDvVcsiu6iWAr2PUZdSF5eMI=
15:38:21.871 [Expansion Quests] Check quest initialization for quest with ID=9 | State=STARTED | Player UID=1OEPy6aKlMe0cmo8LieQDvVcsiu6iWAr2PUZdSF5eMI=
15:38:21.871 [Expansion Quests] Create new quest instance for quest with ID=9 | Player UID=1OEPy6aKlMe0cmo8LieQDvVcsiu6iWAr2PUZdSF5eMI=
15:38:21.871 [Expansion Quests] Check quest initialization for quest with ID=11 | State=STARTED | Player UID=1OEPy6aKlMe0cmo8LieQDvVcsiu6iWAr2PUZdSF5eMI=
15:38:21.875 [Expansion Quests] Create new quest instance for quest with ID=11 | Player UID=1OEPy6aKlMe0cmo8LieQDvVcsiu6iWAr2PUZdSF5eMI=
15:38:21.875 [Expansion Quests] Check quest initialization for quest with ID=28 | State=NONE | Player UID=1OEPy6aKlMe0cmo8LieQDvVcsiu6iWAr2PUZdSF5eMI=
15:38:21.875 [Expansion Quests] Check quest initialization for quest with ID=29 | State=NONE | Player UID=1OEPy6aKlMe0cmo8LieQDvVcsiu6iWAr2PUZdSF5eMI=
15:38:21.875 [Expansion Quests] Check quest initialization for quest with ID=14 | State=COMPLETED | Player UID=1OEPy6aKlMe0cmo8LieQDvVcsiu6iWAr2PUZdSF5eMI=
15:38:21.875 [Expansion Quests] Check quest initialization for quest with ID=31 | State=NONE | Player UID=1OEPy6aKlMe0cmo8LieQDvVcsiu6iWAr2PUZdSF5eMI=
15:38:21.875 [Expansion Quests] Quest with ID=1 is not a a valid achievement or auto start quest. Skip quest for player with UID=1OEPy6aKlMe0cmo8LieQDvVcsiu6iWAr2PUZdSF5eMI=
15:38:21.875 [Expansion Quests] Quest with ID=2 is not a a valid achievement or auto start quest. Skip quest for player with UID=1OEPy6aKlMe0cmo8LieQDvVcsiu6iWAr2PUZdSF5eMI=
15:38:21.875 [Expansion Quests] Quest with ID=3 is not a a valid achievement or auto start quest. Skip quest for player with UID=1OEPy6aKlMe0cmo8LieQDvVcsiu6iWAr2PUZdSF5eMI=
15:38:21.875 [Expansion Quests] Quest with ID=4 is not a a valid achievement or auto start quest. Skip quest for player with UID=1OEPy6aKlMe0cmo8LieQDvVcsiu6iWAr2PUZdSF5eMI=
15:38:21.875 [Expansion Quests] Quest with ID=5 is not a a valid achievement or auto start quest. Skip quest for player with UID=1OEPy6aKlMe0cmo8LieQDvVcsiu6iWAr2PUZdSF5eMI=
15:38:21.875 [Expansion Quests] Quest with ID=6 is not a a valid achievement or auto start quest. Skip quest for player with UID=1OEPy6aKlMe0cmo8LieQDvVcsiu6iWAr2PUZdSF5eMI=
15:38:21.875 [Expansion Quests] Quest with ID=7 is not a a valid achievement or auto start quest. Skip quest for player with UID=1OEPy6aKlMe0cmo8LieQDvVcsiu6iWAr2PUZdSF5eMI=
15:38:21.875 [Expansion Quests] Quest with ID=10 is not a a valid achievement or auto start quest. Skip quest for player with UID=1OEPy6aKlMe0cmo8LieQDvVcsiu6iWAr2PUZdSF5eMI=
15:38:21.875 [Expansion Quests] Quest with ID=12 is not a a valid achievement or auto start quest. Skip quest for player with UID=1OEPy6aKlMe0cmo8LieQDvVcsiu6iWAr2PUZdSF5eMI=
15:38:21.875 [Expansion Quests] Quest with ID=13 is not a a valid achievement or auto start quest. Skip quest for player with UID=1OEPy6aKlMe0cmo8LieQDvVcsiu6iWAr2PUZdSF5eMI=
15:38:21.875 [Expansion Quests] Quest with ID=15 is not a a valid achievement or auto start quest. Skip quest for player with UID=1OEPy6aKlMe0cmo8LieQDvVcsiu6iWAr2PUZdSF5eMI=
15:38:21.875 [Expansion Quests] Quest with ID=16 is not a a valid achievement or auto start quest. Skip quest for player with UID=1OEPy6aKlMe0cmo8LieQDvVcsiu6iWAr2PUZdSF5eMI=
15:38:21.875 [Expansion Quests] Quest with ID=17 is not a a valid achievement or auto start quest. Skip quest for player with UID=1OEPy6aKlMe0cmo8LieQDvVcsiu6iWAr2PUZdSF5eMI=
15:38:21.875 [Expansion Quests] Quest with ID=18 is not a a valid achievement or auto start quest. Skip quest for player with UID=1OEPy6aKlMe0cmo8LieQDvVcsiu6iWAr2PUZdSF5eMI=
15:38:21.878 [Expansion Quests] Quest with ID=19 is not a a valid achievement or auto start quest. Skip quest for player with UID=1OEPy6aKlMe0cmo8LieQDvVcsiu6iWAr2PUZdSF5eMI=
15:38:21.878 [Expansion Quests] Quest with ID=20 is not a a valid achievement or auto start quest. Skip quest for player with UID=1OEPy6aKlMe0cmo8LieQDvVcsiu6iWAr2PUZdSF5eMI=
15:38:21.878 [Expansion Quests] Quest with ID=21 is not a a valid achievement or auto start quest. Skip quest for player with UID=1OEPy6aKlMe0cmo8LieQDvVcsiu6iWAr2PUZdSF5eMI=
15:38:21.878 [Expansion Quests] Quest with ID=22 is not a a valid achievement or auto start quest. Skip quest for player with UID=1OEPy6aKlMe0cmo8LieQDvVcsiu6iWAr2PUZdSF5eMI=
15:38:21.878 [Expansion Quests] Quest with ID=23 is not a a valid achievement or auto start quest. Skip quest for player with UID=1OEPy6aKlMe0cmo8LieQDvVcsiu6iWAr2PUZdSF5eMI=
15:38:21.878 [Expansion Quests] Quest with ID=26 is not a a valid achievement or auto start quest. Skip quest for player with UID=1OEPy6aKlMe0cmo8LieQDvVcsiu6iWAr2PUZdSF5eMI=
15:38:21.878 [Expansion Quests] Quest with ID=28 is not a a valid achievement or auto start quest. Skip quest for player with UID=1OEPy6aKlMe0cmo8LieQDvVcsiu6iWAr2PUZdSF5eMI=
15:38:21.878 [Expansion Quests] Quest with ID=29 is not a a valid achievement or auto start quest. Skip quest for player with UID=1OEPy6aKlMe0cmo8LieQDvVcsiu6iWAr2PUZdSF5eMI=
15:38:21.878 [Expansion Quests] Quest with ID=31 is not a a valid achievement or auto start quest. Skip quest for player with UID=1OEPy6aKlMe0cmo8LieQDvVcsiu6iWAr2PUZdSF5eMI=
15:38:21.878 [Expansion Quests] Sending 1OEPy6aKlMe0cmo8LieQDvVcsiu6iWAr2PUZdSF5eMI= quest configs to client for player with UID=1OEPy6aKlMe0cmo8LieQDvVcsiu6iWAr2PUZdSF5eMI=
15:38:21.878 [Expansion Quests] Sending player quest data for 8 quests to player with UID=1OEPy6aKlMe0cmo8LieQDvVcsiu6iWAr2PUZdSF5eMI=
15:40:46.683 [MissionAirdrop] An airdrop is heading towards "Skalisty Island" (pos=<13452.000000, 0.000000, 3112.000000> type=Random_Skalisty Island) with a ExpansionAirdropContainer_Military
16:18:59.015 [VehicleEnter] Player Da da Ya [uid=1OEPy6aKlMe0cmo8LieQDvVcsiu6iWAr2PUZdSF5eMI=] entered vehicle Ada 4x4 (id=051B9B16F340DA0C1782F497DBFF9B22 pos=<3733.517334, 402.298859, 6002.845215>) as driver
16:19:01.550 [VehicleEngine] Player Da da Ya [uid=1OEPy6aKlMe0cmo8LieQDvVcsiu6iWAr2PUZdSF5eMI=] started vehicle Ada 4x4 (id=051B9B16F340DA0C1782F497DBFF9B22 pos=<3733.517578, 402.298859, 6002.845215>)
16:19:54.937 [Safezone] Player "Da da Ya" (id=1OEPy6aKlMe0cmo8LieQDvVcsiu6iWAr2PUZdSF5eMI= pos=<3258.762695, 352.866272, 6475.136230>) Left the safezone
16:20:10.500 [VehicleLeave] Player Da da Ya [uid=1OEPy6aKlMe0cmo8LieQDvVcsiu6iWAr2PUZdSF5eMI=] left vehicle Ada 4x4 (id=051B9B16F340DA0C1782F497DBFF9B22 pos=<3109.993164, 362.478180, 6620.299805>)
16:21:50.363 [VehicleEnter] Player Da da Ya [uid=1OEPy6aKlMe0cmo8LieQDvVcsiu6iWAr2PUZdSF5eMI=] entered vehicle Olga 24 (id=76C91117A544D73896BECE85A54C0F19 pos=<3109.725098, 362.443756, 6614.843750>) as driver
16:21:53.562 [VehicleLeave] Player Da da Ya [uid=1OEPy6aKlMe0cmo8LieQDvVcsiu6iWAr2PUZdSF5eMI=] left vehicle Olga 24 (id=76C91117A544D73896BECE85A54C0F19 pos=<3109.725098, 362.443787, 6614.843750>)
16:22:03.726 [VehicleEnter] Player Da da Ya [uid=1OEPy6aKlMe0cmo8LieQDvVcsiu6iWAr2PUZdSF5eMI=] entered vehicle Olga 24 (id=76C91117A544D73896BECE85A54C0F19 pos=<3109.725098, 362.443787, 6614.843750>) as driver
16:22:07.058 [VehicleEngine] Player Da da Ya [uid=1OEPy6aKlMe0cmo8LieQDvVcsiu6iWAr2PUZdSF5eMI=] started vehicle Olga 24 (id=76C91117A544D73896BECE85A54C0F19 pos=<3109.725098, 362.443756, 6614.843262>)
16:22:12.664 [VehicleLeave] Player Da da Ya [uid=1OEPy6aKlMe0cmo8LieQDvVcsiu6iWAr2PUZdSF5eMI=] left vehicle Olga 24 (id=76C91117A544D73896BECE85A54C0F19 pos=<3109.572754, 362.448822, 6614.110840>)
16:23:10.808 [VehicleEnter] Player Da da Ya [uid=1OEPy6aKlMe0cmo8LieQDvVcsiu6iWAr2PUZdSF5eMI=] entered vehicle Ada 4x4 (id=051B9B16F340DA0C1782F497DBFF9B22 pos=<3109.993164, 362.480469, 6620.298828>) as driver
16:23:12.562 [VehicleLeave] Player Da da Ya [uid=1OEPy6aKlMe0cmo8LieQDvVcsiu6iWAr2PUZdSF5eMI=] left vehicle Ada 4x4 (id=051B9B16F340DA0C1782F497DBFF9B22 pos=<3109.993164, 362.480499, 6620.298828>)
16:23:23.742 [VehicleEnter] Player Da da Ya [uid=1OEPy6aKlMe0cmo8LieQDvVcsiu6iWAr2PUZdSF5eMI=] entered vehicle Ada 4x4 (id=051B9B16F340DA0C1782F497DBFF9B22 pos=<3109.993164, 362.480469, 6620.298828>) as driver
16:23:26.207 [VehicleEngine] Player Da da Ya [uid=1OEPy6aKlMe0cmo8LieQDvVcsiu6iWAr2PUZdSF5eMI=] started vehicle Ada 4x4 (id=051B9B16F340DA0C1782F497DBFF9B22 pos=<3109.993164, 362.480469, 6620.298828>)
16:23:45.074 [VehicleDeleted] CivilianSedan_Wine (id=76C91117A544D73896BECE85A54C0F19 pos=<3109.572754, 362.448853, 6614.110840>)
16:23:56.453 [AI Object Patrol 00089] Spawning 1 Ordinary_Civilian (Civilian) bots at <1991.328125, 250.046738, 7307.824219>
16:23:56.468 [AI Object Patrol 00089] Global patrol count: 1
16:24:20.718 [AI Patrol 00064] Spawning 2 Ordinary_Scavengers_Tier_1(Zelenogorsk) (Raiders) bots at <2593.729736, 204.966080, 5414.343262>
16:24:20.742 [AI Patrol 00064] Global patrol count: 2
16:24:22.199 [AI Patrol 00065] Spawning 1 Ordinary_Scavengers_Tier_2(Zelenogorsk) (Raiders) bots at <2612.452637, 202.056122, 5394.051758>
16:24:22.226 [AI Patrol 00065] Global patrol count: 3
16:24:25.000 [AI Object Patrol 00009] Spawning 1 PoliceStationScavs_Tier_1 (Raiders) bots at <2730.398193, 213.219894, 5373.806152>
16:24:25.015 [AI Object Patrol 00009] Global patrol count: 4
16:24:34.000 [AI Object Patrol 00084] Spawning 2 Ordinary_Civilian (Civilian) bots at <2715.814453, 204.885406, 5292.602539>
16:24:34.011 [AI Object Patrol 00084] Global patrol count: 5
16:24:44.105 [AI Patrol 00063] Spawning 1 Ordinary_Scavengers_Tier_2(Zelenogorsk) (Raiders) bots at <2742.443848, 200.207748, 5187.384277>
16:24:44.128 [AI Patrol 00063] Global patrol count: 6
16:24:51.554 [AI Object Patrol 00008] Spawning 2 FireStationScavs_Tier1 (Raiders) bots at <2586.393311, 195.018494, 5087.915527>
16:24:51.570 [AI Object Patrol 00008] Global patrol count: 7
16:24:59.433 [AI Object Patrol 00116] Spawning 1 Ordinary_Civilian (Civilian) bots at <2550.454834, 306.304474, 6369.231934>
16:24:59.445 [AI Object Patrol 00116] Global patrol count: 8
16:25:04.113 [Killfeed] AI Eva (Ordinary_Scavengers_Tier_2(Zelenogorsk)) был убит.
16:25:06.792 [AI Patrol 00065] Ordinary_Scavengers_Tier_2(Zelenogorsk) (Raiders) bots were wiped out (spawn position <2612.452637, 202.056122, 5394.051758>, 1/1 deceased)
16:25:06.792 [AI Patrol 00065] Global patrol count: 7
16:26:34.273 [VehicleLeave] Player Da da Ya [uid=1OEPy6aKlMe0cmo8LieQDvVcsiu6iWAr2PUZdSF5eMI=] left vehicle Ada 4x4 (id=051B9B16F340DA0C1782F497DBFF9B22 pos=<2537.856201, 194.345840, 5019.452148>)
16:27:15.144 [Killfeed] AI Irena (FireStationScavs_Tier1) был убит AI Helga (Ordinary_Scavengers_Tier_2(Zelenogorsk)) с USG-45 из 1 м расстояние.
16:28:21.578 [Killfeed] AI Peter (FireStationScavs_Tier1) был убит AI Baty (Ordinary_Scavengers_Tier_1(Zelenogorsk)) с БК-43 из 8 м расстояние.
16:28:22.382 [AI Object Patrol 00008] FireStationScavs_Tier1 (Raiders) bots were wiped out (spawn position <2586.393311, 195.018494, 5087.915527>, 2/2 deceased)
16:28:22.382 [AI Object Patrol 00008] Global patrol count: 6
16:30:48.191 [VehicleDestroyed] Truck_01_Covered (id=E8A3078AA54C2A492060DEB30729D3A6 pos=<4176.448242, 338.752167, 10725.624023>)
16:31:37.894 [Killfeed] AI Helga (Ordinary_Scavengers_Tier_2(Zelenogorsk)) был убит AI Judy (PoliceStationScavs_Tier_1) с Blaze из 3 м расстояние.
16:31:42.511 [AI Patrol 00063] Ordinary_Scavengers_Tier_2(Zelenogorsk) (Raiders) bots were wiped out (spawn position <2742.443848, 200.207748, 5187.384277>, 1/1 deceased)
16:31:42.511 [AI Patrol 00063] Global patrol count: 5
16:31:49.832 [VehicleDeleted] OffroadHatchback_White (id=051B9B16F340DA0C1782F497DBFF9B22 pos=<2537.856201, 194.345840, 5019.452148>)
16:32:16.296 [Killfeed] AI Guo (Ordinary_Civilian) был убит AI Judy (PoliceStationScavs_Tier_1) с Blaze из 1 м расстояние.
16:32:56.988 [Killfeed] AI Rolf (Ordinary_Civilian) был убит Da da Ya с Benelli M4 из 9 м расстояние.
16:33:01.605 [AI Object Patrol 00084] Ordinary_Civilian (Civilian) bots were wiped out (spawn position <2715.814453, 204.885406, 5292.602539>, 2/2 deceased)
16:33:01.605 [AI Object Patrol 00084] Global patrol count: 4
16:33:47.332 [Killfeed] AI Gabi (Ordinary_Scavengers_Tier_1(Zelenogorsk)) был убит AI Judy (PoliceStationScavs_Tier_1) с Blaze из 7 м расстояние.
16:34:25.683 [AI Object Patrol 00089] Despawning 1 Ordinary_Civilian (Civilian) bots (spawn position <1991.328125, 250.046738, 7307.824219>, 0/1 deceased)
16:34:25.683 [AI Object Patrol 00089] Global patrol count: 3
16:35:58.382 [AI Object Patrol 00116] Despawning 1 Ordinary_Civilian (Civilian) bots (spawn position <2550.454834, 306.304474, 6369.231934>, 0/1 deceased)
16:35:58.382 [AI Object Patrol 00116] Global patrol count: 2
16:36:45.753 [VehicleDeleted] Truck_01_Covered (id=E8A3078AA54C2A492060DEB30729D3A6 pos=<4176.448242, 338.752167, 10725.624023>)
17:12:15.960 [MissionAirdrop] An airdrop is heading towards "Balota" (pos=<5043.000000, 0.000000, 2505.000000> type=Random_Balota) with a ExpansionAirdropContainer
17:16:03.167 [Killfeed] AI Judy (PoliceStationScavs_Tier_1) был убит AI Baty (Ordinary_Scavengers_Tier_1(Zelenogorsk)) с Витязь-СН ПП19-01 из 3 м расстояние.
17:16:07.628 [AI Object Patrol 00009] PoliceStationScavs_Tier_1 (Raiders) bots were wiped out (spawn position <2730.398193, 213.219894, 5373.806152>, 1/1 deceased)
17:16:07.628 [AI Object Patrol 00009] Global patrol count: 1
17:42:50.378 [Expansion Quests] Deleted quest with ID=8 is a of player with UID=1OEPy6aKlMe0cmo8LieQDvVcsiu6iWAr2PUZdSF5eMI=.
17:42:50.378 [Expansion Quests] Deleted quest with ID=9 is a of player with UID=1OEPy6aKlMe0cmo8LieQDvVcsiu6iWAr2PUZdSF5eMI=.
17:42:50.382 [Expansion Quests] Deleted quest with ID=11 is a of player with UID=1OEPy6aKlMe0cmo8LieQDvVcsiu6iWAr2PUZdSF5eMI=.
