22:34:12.351 [Expansion Quests] Added objects set for quest ID=61001 from file=q61001
22:34:12.351 [Expansion Quests] Added objects set for quest ID=5201 from file=q5201
22:34:12.351 [Expansion Quests] Added objects set for quest ID=5202 from file=q5202
22:34:12.351 [Expansion Quests] Added objects set for quest ID=5203 from file=q5203
22:34:12.351 [Expansion Quests] Added objects set for quest ID=2201 from file=q2201
22:34:12.351 [Expansion Quests] Added objects set for quest ID=2202 from file=q2202
22:34:12.351 [Expansion Quests] Added objects set for quest ID=2203 from file=q2203
22:34:12.351 [Expansion Quests] Added objects set for quest ID=2204 from file=q2204
22:34:12.351 [Expansion Quests] Added objects set for quest ID=2205 from file=q2205
22:34:12.351 [Expansion Quests] Added objects set for quest ID=2101 from file=q2101
22:34:12.351 [Expansion Quests] Added objects set for quest ID=61601 from file=q61601
22:34:12.351 [Expansion Quests] Added objects set for quest ID=2102 from file=q2102
22:34:12.351 [Expansion Quests] Added objects set for quest ID=2103 from file=q2103
22:34:12.351 [Expansion Quests] Added objects set for quest ID=2104 from file=q2104
22:34:12.351 [Expansion Quests] Added objects set for quest ID=5101 from file=q5101
22:34:12.351 [Expansion Quests] Added objects set for quest ID=5102 from file=q5102
22:34:12.351 [Expansion Quests] Added objects set for quest ID=6601 from file=q6601
22:34:12.351 [Expansion Quests] Added objects set for quest ID=6501 from file=q6501
22:34:12.351 [Expansion Quests] Added objects set for quest ID=5301 from file=q5301
22:34:12.351 [Expansion Quests] Added objects set for quest ID=5302 from file=q5302
22:34:12.351 [Expansion Quests] Added objects set for quest ID=5303 from file=q5303
22:34:12.351 [Expansion Quests] Added objects set for quest ID=5304 from file=q5304
22:34:12.351 [Expansion Quests] Added objects set for quest ID=2105 from file=q2105
22:34:12.351 [Expansion Quests] Added objects set for quest ID=61501 from file=q61501
22:34:12.351 [Expansion Quests] Added objects set for quest ID=61502 from file=q61502
22:34:43.578 [VehicleDeleted] Hatchback_02 (id=373A00406A46E0A55F86CB8ACA7FBF56 pos=<13187.9, 6.67, 7170.66>)
22:34:59.882 [Party] Player "Survivor" (id=1OEPy6aKlMe0cmo8LieQDvVcsiu6iWAr2PUZdSF5eMI=) joinded the party "Knight Fallen" (id=1 ownerUID=1OEPy6aKlMe0cmo8LieQDvVcsiu6iWAr2PUZdSF5eMI= ownerName=Survivor)
22:34:59.882 [Expansion Quests] Initialize quest system on the connected client with UID=1OEPy6aKlMe0cmo8LieQDvVcsiu6iWAr2PUZdSF5eMI=
22:34:59.921 [Expansion Quests] Loaded existing player quest data for player with UID=1OEPy6aKlMe0cmo8LieQDvVcsiu6iWAr2PUZdSF5eMI=
22:34:59.921 [Expansion Quests] Loaded existing group quest data for group with ID=1
22:34:59.921 [Expansion Quests] Check quest initialization for quest with ID=6101 | State=COMPLETED | Player UID=1OEPy6aKlMe0cmo8LieQDvVcsiu6iWAr2PUZdSF5eMI=
22:34:59.921 [Expansion Quests] Check quest initialization for quest with ID=6401 | State=COMPLETED | Player UID=1OEPy6aKlMe0cmo8LieQDvVcsiu6iWAr2PUZdSF5eMI=
22:34:59.921 [Expansion Quests] Check quest initialization for quest with ID=5101 | State=NONE | Player UID=1OEPy6aKlMe0cmo8LieQDvVcsiu6iWAr2PUZdSF5eMI=
22:34:59.921 [Expansion Quests] Check quest initialization for quest with ID=101 | State=COMPLETED | Player UID=1OEPy6aKlMe0cmo8LieQDvVcsiu6iWAr2PUZdSF5eMI=
22:34:59.921 [Expansion Quests] Check quest initialization for quest with ID=61101 | State=COMPLETED | Player UID=1OEPy6aKlMe0cmo8LieQDvVcsiu6iWAr2PUZdSF5eMI=
22:34:59.921 [Expansion Quests] Check quest initialization for quest with ID=6601 | State=COMPLETED | Player UID=1OEPy6aKlMe0cmo8LieQDvVcsiu6iWAr2PUZdSF5eMI=
22:34:59.921 [Expansion Quests] Check quest initialization for quest with ID=6901 | State=COMPLETED | Player UID=1OEPy6aKlMe0cmo8LieQDvVcsiu6iWAr2PUZdSF5eMI=
22:34:59.921 [Expansion Quests] Check quest initialization for quest with ID=6701 | State=COMPLETED | Player UID=1OEPy6aKlMe0cmo8LieQDvVcsiu6iWAr2PUZdSF5eMI=
22:34:59.921 [Expansion Quests] Check quest initialization for quest with ID=6501 | State=COMPLETED | Player UID=1OEPy6aKlMe0cmo8LieQDvVcsiu6iWAr2PUZdSF5eMI=
22:34:59.929 [Expansion Quests] Check quest initialization for quest with ID=6801 | State=COMPLETED | Player UID=1OEPy6aKlMe0cmo8LieQDvVcsiu6iWAr2PUZdSF5eMI=
22:34:59.929 [Expansion Quests] Check quest initialization for quest with ID=61301 | State=NONE | Player UID=1OEPy6aKlMe0cmo8LieQDvVcsiu6iWAr2PUZdSF5eMI=
22:34:59.929 [Expansion Quests] Check quest initialization for quest with ID=2101 | State=COMPLETED | Player UID=1OEPy6aKlMe0cmo8LieQDvVcsiu6iWAr2PUZdSF5eMI=
22:34:59.929 [Expansion Quests] Check quest initialization for quest with ID=61501 | State=NONE | Player UID=1OEPy6aKlMe0cmo8LieQDvVcsiu6iWAr2PUZdSF5eMI=
22:34:59.929 [Expansion Quests] Check quest initialization for quest with ID=6201 | State=COMPLETED | Player UID=1OEPy6aKlMe0cmo8LieQDvVcsiu6iWAr2PUZdSF5eMI=
22:34:59.929 [Expansion Quests] Check quest initialization for quest with ID=61001 | State=COMPLETED | Player UID=1OEPy6aKlMe0cmo8LieQDvVcsiu6iWAr2PUZdSF5eMI=
22:34:59.929 [Expansion Quests] Check quest initialization for quest with ID=6301 | State=COMPLETED | Player UID=1OEPy6aKlMe0cmo8LieQDvVcsiu6iWAr2PUZdSF5eMI=
22:34:59.929 [Expansion Quests] Check quest initialization for quest with ID=61502 | State=COMPLETED | Player UID=1OEPy6aKlMe0cmo8LieQDvVcsiu6iWAr2PUZdSF5eMI=
22:34:59.929 [Expansion Quests] Quest with ID=6401 is not a a valid achievement or auto start quest. Skip quest for player with UID=1OEPy6aKlMe0cmo8LieQDvVcsiu6iWAr2PUZdSF5eMI=
22:34:59.929 [Expansion Quests] Quest with ID=61101 is not a a valid achievement or auto start quest. Skip quest for player with UID=1OEPy6aKlMe0cmo8LieQDvVcsiu6iWAr2PUZdSF5eMI=
22:34:59.929 [Expansion Quests] Quest with ID=61001 is not a a valid achievement or auto start quest. Skip quest for player with UID=1OEPy6aKlMe0cmo8LieQDvVcsiu6iWAr2PUZdSF5eMI=
22:34:59.929 [Expansion Quests] Quest with ID=61301 is not a a valid achievement or auto start quest. Skip quest for player with UID=1OEPy6aKlMe0cmo8LieQDvVcsiu6iWAr2PUZdSF5eMI=
22:34:59.929 [Expansion Quests] Quest with ID=61401 is not a a valid achievement or auto start quest. Skip quest for player with UID=1OEPy6aKlMe0cmo8LieQDvVcsiu6iWAr2PUZdSF5eMI=
22:34:59.929 [Expansion Quests] Quest with ID=6701 is not a a valid achievement or auto start quest. Skip quest for player with UID=1OEPy6aKlMe0cmo8LieQDvVcsiu6iWAr2PUZdSF5eMI=
22:34:59.929 [Expansion Quests] Quest with ID=5201 is not a a valid achievement or auto start quest. Skip quest for player with UID=1OEPy6aKlMe0cmo8LieQDvVcsiu6iWAr2PUZdSF5eMI=
22:34:59.929 [Expansion Quests] Quest with ID=5202 is not a a valid achievement or auto start quest. Skip quest for player with UID=1OEPy6aKlMe0cmo8LieQDvVcsiu6iWAr2PUZdSF5eMI=
22:34:59.929 [Expansion Quests] Quest with ID=5203 is not a a valid achievement or auto start quest. Skip quest for player with UID=1OEPy6aKlMe0cmo8LieQDvVcsiu6iWAr2PUZdSF5eMI=
22:34:59.929 [Expansion Quests] Quest with ID=6101 is not a a valid achievement or auto start quest. Skip quest for player with UID=1OEPy6aKlMe0cmo8LieQDvVcsiu6iWAr2PUZdSF5eMI=
22:34:59.929 [Expansion Quests] Quest with ID=6801 is not a a valid achievement or auto start quest. Skip quest for player with UID=1OEPy6aKlMe0cmo8LieQDvVcsiu6iWAr2PUZdSF5eMI=
22:34:59.929 [Expansion Quests] Quest with ID=6301 is not a a valid achievement or auto start quest. Skip quest for player with UID=1OEPy6aKlMe0cmo8LieQDvVcsiu6iWAr2PUZdSF5eMI=
22:34:59.929 [Expansion Quests] Quest with ID=2201 is not a a valid achievement or auto start quest. Skip quest for player with UID=1OEPy6aKlMe0cmo8LieQDvVcsiu6iWAr2PUZdSF5eMI=
22:34:59.929 [Expansion Quests] Quest with ID=2202 is not a a valid achievement or auto start quest. Skip quest for player with UID=1OEPy6aKlMe0cmo8LieQDvVcsiu6iWAr2PUZdSF5eMI=
22:34:59.929 [Expansion Quests] Quest with ID=2203 is not a a valid achievement or auto start quest. Skip quest for player with UID=1OEPy6aKlMe0cmo8LieQDvVcsiu6iWAr2PUZdSF5eMI=
22:34:59.929 [Expansion Quests] Quest with ID=2204 is not a a valid achievement or auto start quest. Skip quest for player with UID=1OEPy6aKlMe0cmo8LieQDvVcsiu6iWAr2PUZdSF5eMI=
22:34:59.929 [Expansion Quests] Quest with ID=2205 is not a a valid achievement or auto start quest. Skip quest for player with UID=1OEPy6aKlMe0cmo8LieQDvVcsiu6iWAr2PUZdSF5eMI=
22:34:59.929 [Expansion Quests] Quest with ID=2101 is not a a valid achievement or auto start quest. Skip quest for player with UID=1OEPy6aKlMe0cmo8LieQDvVcsiu6iWAr2PUZdSF5eMI=
22:34:59.929 [Expansion Quests] Quest with ID=61601 is not a a valid achievement or auto start quest. Skip quest for player with UID=1OEPy6aKlMe0cmo8LieQDvVcsiu6iWAr2PUZdSF5eMI=
22:34:59.929 [Expansion Quests] Quest with ID=6901 is not a a valid achievement or auto start quest. Skip quest for player with UID=1OEPy6aKlMe0cmo8LieQDvVcsiu6iWAr2PUZdSF5eMI=
22:34:59.929 [Expansion Quests] Quest with ID=2102 is not a a valid achievement or auto start quest. Skip quest for player with UID=1OEPy6aKlMe0cmo8LieQDvVcsiu6iWAr2PUZdSF5eMI=
22:34:59.929 [Expansion Quests] Quest with ID=2103 is not a a valid achievement or auto start quest. Skip quest for player with UID=1OEPy6aKlMe0cmo8LieQDvVcsiu6iWAr2PUZdSF5eMI=
22:34:59.929 [Expansion Quests] Quest with ID=2104 is not a a valid achievement or auto start quest. Skip quest for player with UID=1OEPy6aKlMe0cmo8LieQDvVcsiu6iWAr2PUZdSF5eMI=
22:34:59.929 [Expansion Quests] Quest with ID=6201 is not a a valid achievement or auto start quest. Skip quest for player with UID=1OEPy6aKlMe0cmo8LieQDvVcsiu6iWAr2PUZdSF5eMI=
22:34:59.929 [Expansion Quests] Quest with ID=5101 is not a a valid achievement or auto start quest. Skip quest for player with UID=1OEPy6aKlMe0cmo8LieQDvVcsiu6iWAr2PUZdSF5eMI=
22:34:59.929 [Expansion Quests] Quest with ID=5102 is not a a valid achievement or auto start quest. Skip quest for player with UID=1OEPy6aKlMe0cmo8LieQDvVcsiu6iWAr2PUZdSF5eMI=
22:34:59.929 [Expansion Quests] Quest with ID=6601 is not a a valid achievement or auto start quest. Skip quest for player with UID=1OEPy6aKlMe0cmo8LieQDvVcsiu6iWAr2PUZdSF5eMI=
22:34:59.929 [Expansion Quests] Quest with ID=6501 is not a a valid achievement or auto start quest. Skip quest for player with UID=1OEPy6aKlMe0cmo8LieQDvVcsiu6iWAr2PUZdSF5eMI=
22:34:59.929 [Expansion Quests] Quest with ID=62001 is not a a valid achievement or auto start quest. Skip quest for player with UID=1OEPy6aKlMe0cmo8LieQDvVcsiu6iWAr2PUZdSF5eMI=
22:34:59.929 [Expansion Quests] Quest with ID=61201 is not a a valid achievement or auto start quest. Skip quest for player with UID=1OEPy6aKlMe0cmo8LieQDvVcsiu6iWAr2PUZdSF5eMI=
22:34:59.929 [Expansion Quests] Quest with ID=5301 is not a a valid achievement or auto start quest. Skip quest for player with UID=1OEPy6aKlMe0cmo8LieQDvVcsiu6iWAr2PUZdSF5eMI=
22:34:59.929 [Expansion Quests] Quest with ID=5302 is not a a valid achievement or auto start quest. Skip quest for player with UID=1OEPy6aKlMe0cmo8LieQDvVcsiu6iWAr2PUZdSF5eMI=
22:34:59.929 [Expansion Quests] Quest with ID=5303 is not a a valid achievement or auto start quest. Skip quest for player with UID=1OEPy6aKlMe0cmo8LieQDvVcsiu6iWAr2PUZdSF5eMI=
22:34:59.929 [Expansion Quests] Quest with ID=5304 is not a a valid achievement or auto start quest. Skip quest for player with UID=1OEPy6aKlMe0cmo8LieQDvVcsiu6iWAr2PUZdSF5eMI=
22:34:59.929 [Expansion Quests] Quest with ID=2105 is not a a valid achievement or auto start quest. Skip quest for player with UID=1OEPy6aKlMe0cmo8LieQDvVcsiu6iWAr2PUZdSF5eMI=
22:34:59.929 [Expansion Quests] Quest with ID=61501 is not a a valid achievement or auto start quest. Skip quest for player with UID=1OEPy6aKlMe0cmo8LieQDvVcsiu6iWAr2PUZdSF5eMI=
22:34:59.929 [Expansion Quests] Quest with ID=61502 is not a a valid achievement or auto start quest. Skip quest for player with UID=1OEPy6aKlMe0cmo8LieQDvVcsiu6iWAr2PUZdSF5eMI=
22:34:59.937 [Expansion Quests] Sending 1OEPy6aKlMe0cmo8LieQDvVcsiu6iWAr2PUZdSF5eMI= quest configs to client for player with UID=1OEPy6aKlMe0cmo8LieQDvVcsiu6iWAr2PUZdSF5eMI=
22:34:59.937 [Expansion Quests] Sending player quest data for 17 quests to player with UID=1OEPy6aKlMe0cmo8LieQDvVcsiu6iWAr2PUZdSF5eMI=
22:34:59.945 [AI Object Patrol 00059] Spawning 3 OilStation_Tier2RR (Raiders) bots at <13379.919922, 4.260107, 6595.269043>
22:34:59.960 [AI Object Patrol 00059] Global patrol count: 1
22:35:00.843 [Expansion Quests] - LoadGroupQuestData - Got cached group quest data for group with ID=1
22:39:10.156 [VehicleEnter] Player "Survivor" (id=1OEPy6aKlMe0cmo8LieQDvVcsiu6iWAr2PUZdSF5eMI=) entered vehicle Gunter 2 (id=7842D22E1A41C3E43E1D44A29656D24B pos=<13189.4, 6.07, 7168.13>) as driver
22:39:11.820 [VehicleEngine] Player "Survivor" [uid=1OEPy6aKlMe0cmo8LieQDvVcsiu6iWAr2PUZdSF5eMI=] started vehicle Gunter 2 (id=7842D22E1A41C3E43E1D44A29656D24B pos=<13189.396484, 6.069440, 7168.134277>)
22:39:31.859 [AI Object Patrol 00022] Spawning 1 WaterPump_Tier0 (Raiders) bots at <13397.896484, 5.918619, 6264.352539>
22:39:31.875 [AI Object Patrol 00022] Global patrol count: 2
22:39:45.406 [MissionAirdrop] An airdrop is heading towards "Myshkinko" (pos=<2036.000000, 0.000000, 7491.000000> type=Random_Myshkinko) with a ExpansionAirdropContainer_Military
22:40:45.531 [VehicleLeave] Player "Survivor" (id=1OEPy6aKlMe0cmo8LieQDvVcsiu6iWAr2PUZdSF5eMI=) left vehicle Gunter 2 (id=7842D22E1A41C3E43E1D44A29656D24B pos=<13187.4, 6.03, 7170.37>)
22:41:18.093 [VehicleEnter] Player "Survivor" (id=1OEPy6aKlMe0cmo8LieQDvVcsiu6iWAr2PUZdSF5eMI=) entered vehicle Gunter 2 (id=7842D22E1A41C3E43E1D44A29656D24B pos=<13187.4, 6.03, 7170.37>) as driver
22:41:24.414 [VehicleEngine] Player "Survivor" [uid=1OEPy6aKlMe0cmo8LieQDvVcsiu6iWAr2PUZdSF5eMI=] started vehicle Gunter 2 (id=7842D22E1A41C3E43E1D44A29656D24B pos=<13187.419922, 6.034104, 7170.368652>)
22:42:06.289 [VehicleLeave] Player "Survivor" (id=1OEPy6aKlMe0cmo8LieQDvVcsiu6iWAr2PUZdSF5eMI=) left vehicle Gunter 2 (id=7842D22E1A41C3E43E1D44A29656D24B pos=<13271.3, 5.98, 6987.35>)
22:43:20.390 [VehicleEnter] Player "Survivor" (id=1OEPy6aKlMe0cmo8LieQDvVcsiu6iWAr2PUZdSF5eMI=) entered vehicle Gunter 2 (id=20955E76AE46CF7ADEB54A80DD1C5AB3 pos=<13249, 5.93, 7057.47>) as passenger
22:43:22.351 [VehicleEnter] Player "Survivor" (id=1OEPy6aKlMe0cmo8LieQDvVcsiu6iWAr2PUZdSF5eMI=) switched seats in vehicle Gunter 2 (id=20955E76AE46CF7ADEB54A80DD1C5AB3 pos=<13249, 5.93, 7057.47>) to driver
22:43:26.414 [VehicleEngine] Player "Survivor" [uid=1OEPy6aKlMe0cmo8LieQDvVcsiu6iWAr2PUZdSF5eMI=] started vehicle Gunter 2 (id=20955E76AE46CF7ADEB54A80DD1C5AB3 pos=<13249.019531, 5.933477, 7057.467285>)
22:43:48.875 [VehicleLeave] Player "Survivor" (id=1OEPy6aKlMe0cmo8LieQDvVcsiu6iWAr2PUZdSF5eMI=) left vehicle Gunter 2 (id=20955E76AE46CF7ADEB54A80DD1C5AB3 pos=<13200.8, 6.3, 7154.02>)
22:43:53.695 [VehicleDeleted] Hatchback_02_Black (id=7842D22E1A41C3E43E1D44A29656D24B pos=<13271.3, 5.98, 6987.35>)
22:43:53.695 [VehicleDeleted] Hatchback_02_Black (id=61F56C9F814B539253FA489D1C148C83 pos=<13246.5, 5.93, 7057.1>)
22:43:53.695 [VehicleDeleted] Hatchback_02_Blue (id=17FEA16AB7485D55BA5EE09ACB34333B pos=<13244.1, 5.93, 7056.18>)
22:43:53.695 [VehicleDeleted] Hatchback_02_Black (id=96497DD4CB49401DBAD540B4127AB43F pos=<13241.7, 5.94, 7055.3>)
22:43:53.695 [VehicleDeleted] Hatchback_02 (id=B1446D6D9B456FEE7CD336922BA9475D pos=<13239.1, 5.94, 7054.85>)
22:44:42.210 [VehicleDeleted] Hatchback_02 (id=20955E76AE46CF7ADEB54A80DD1C5AB3 pos=<13200.8, 6.3, 7154.02>)
22:45:06.039 [VehicleEnter] Player "Survivor" (id=1OEPy6aKlMe0cmo8LieQDvVcsiu6iWAr2PUZdSF5eMI=) entered vehicle Gunter 2 (id=DBFEC7F22E4DC48C8EDBF4B2CE27098F pos=<13278.1, 5.97, 6984.48>) as driver
22:45:07.156 [VehicleEngine] Player "Survivor" [uid=1OEPy6aKlMe0cmo8LieQDvVcsiu6iWAr2PUZdSF5eMI=] started vehicle Gunter 2 (id=DBFEC7F22E4DC48C8EDBF4B2CE27098F pos=<13278.101563, 5.972983, 6984.477051>)
22:45:30.757 [VehicleLeave] Player "Survivor" (id=1OEPy6aKlMe0cmo8LieQDvVcsiu6iWAr2PUZdSF5eMI=) left vehicle Gunter 2 (id=DBFEC7F22E4DC48C8EDBF4B2CE27098F pos=<13201.7, 6.48, 7155.88>)
22:45:58.820 [VehicleAttachments] Player "Survivor" (id=1OEPy6aKlMe0cmo8LieQDvVcsiu6iWAr2PUZdSF5eMI=) detached Капот Gunter 2 (type=Hatchback_02_Hood) from vehicle Gunter 2 (id=907F8467A344883159CCF4A17D4091CE pos=<13280.3, 5.97, 6983.28>)
22:46:07.054 [VehicleEnter] Player "Survivor" (id=1OEPy6aKlMe0cmo8LieQDvVcsiu6iWAr2PUZdSF5eMI=) entered vehicle Gunter 2 (id=907F8467A344883159CCF4A17D4091CE pos=<13280.3, 5.97, 6983.28>) as driver
22:46:08.195 [VehicleDeleted] Hatchback_02 (id=DBFEC7F22E4DC48C8EDBF4B2CE27098F pos=<13201.7, 6.45, 7155.87>)
22:46:09.140 [VehicleEngine] Player "Survivor" [uid=1OEPy6aKlMe0cmo8LieQDvVcsiu6iWAr2PUZdSF5eMI=] started vehicle Gunter 2 (id=907F8467A344883159CCF4A17D4091CE pos=<13280.342773, 5.966470, 6983.284668>)
22:46:59.968 [VehicleLeave] Player "Survivor" (id=1OEPy6aKlMe0cmo8LieQDvVcsiu6iWAr2PUZdSF5eMI=) left vehicle Gunter 2 (id=907F8467A344883159CCF4A17D4091CE pos=<13200.6, 6.3, 7154>)
22:47:28.898 [VehicleDeleted] Hatchback_02 (id=907F8467A344883159CCF4A17D4091CE pos=<13200.6, 6.3, 7154>)
22:47:39.343 [VehicleEnter] Player "Survivor" (id=1OEPy6aKlMe0cmo8LieQDvVcsiu6iWAr2PUZdSF5eMI=) entered vehicle Gunter 2 (id=7ED39EB6E84235D16B1D0D9180A05124 pos=<13279.3, 5.99, 6981.84>) as driver
22:47:41.289 [VehicleEngine] Player "Survivor" [uid=1OEPy6aKlMe0cmo8LieQDvVcsiu6iWAr2PUZdSF5eMI=] started vehicle Gunter 2 (id=7ED39EB6E84235D16B1D0D9180A05124 pos=<13279.251953, 5.987543, 6981.843750>)
22:48:50.226 [VehicleLeave] Player "Survivor" (id=1OEPy6aKlMe0cmo8LieQDvVcsiu6iWAr2PUZdSF5eMI=) left vehicle Gunter 2 (id=7ED39EB6E84235D16B1D0D9180A05124 pos=<13200.8, 6.3, 7154.11>)
22:49:35.226 [VehicleAttachments] Player "Survivor" (id=1OEPy6aKlMe0cmo8LieQDvVcsiu6iWAr2PUZdSF5eMI=) detached Капот Gunter 2 (type=Hatchback_02_Hood) from vehicle Gunter 2 (id=7ED39EB6E84235D16B1D0D9180A05124 pos=<13200.8, 6.3, 7154.11>)
22:49:52.695 [VehicleEnter] Player "Survivor" (id=1OEPy6aKlMe0cmo8LieQDvVcsiu6iWAr2PUZdSF5eMI=) entered vehicle Gunter 2 (id=7ED39EB6E84235D16B1D0D9180A05124 pos=<13200.8, 6.3, 7154.11>) as driver
22:50:00.617 [VehicleEngine] Player "Survivor" [uid=1OEPy6aKlMe0cmo8LieQDvVcsiu6iWAr2PUZdSF5eMI=] started vehicle Gunter 2 (id=7ED39EB6E84235D16B1D0D9180A05124 pos=<13201.875977, 6.414696, 7140.333496>)
22:51:23.984 [VehicleLeave] Player "Survivor" (id=1OEPy6aKlMe0cmo8LieQDvVcsiu6iWAr2PUZdSF5eMI=) left vehicle Gunter 2 (id=7ED39EB6E84235D16B1D0D9180A05124 pos=<13199.6, 6.3, 7153.49>)
22:54:04.429 [AI Patrol 00093] Spawning 2 Prigorodki_Tier1 (Raiders) bots at <7295.080566, 16.503000, 2868.819580>
22:54:04.492 [AI Patrol 00093] Global patrol count: 3
22:54:04.492 [AI Object Patrol 00184] Spawning 2 West bots at <7331.011719, 9.335834, 2930.688477>
22:54:04.507 [AI Object Patrol 00184] Global patrol count: 4
22:54:12.539 [VehicleDeleted] Hatchback_02 (id=7ED39EB6E84235D16B1D0D9180A05124 pos=<13199.6, 6.3, 7153.49>)
22:55:26.726 [VehicleEnter] Player "Survivor" (id=1OEPy6aKlMe0cmo8LieQDvVcsiu6iWAr2PUZdSF5eMI=) entered vehicle Gunter 2 (id=517F8E2008435CB16D7499A18387D9C7 pos=<6916.99, 38.02, 3421.92>) as driver
22:55:29.234 [VehicleEngine] Player "Survivor" [uid=1OEPy6aKlMe0cmo8LieQDvVcsiu6iWAr2PUZdSF5eMI=] started vehicle Gunter 2 (id=517F8E2008435CB16D7499A18387D9C7 pos=<6917.012695, 38.022839, 3421.918701>)
22:55:31.890 [VehicleLeave] Player "Survivor" (id=1OEPy6aKlMe0cmo8LieQDvVcsiu6iWAr2PUZdSF5eMI=) left vehicle Gunter 2 (id=517F8E2008435CB16D7499A18387D9C7 pos=<6917.04, 38.02, 3421.92>)
22:56:29.125 [VehicleEnter] Player "Survivor" (id=1OEPy6aKlMe0cmo8LieQDvVcsiu6iWAr2PUZdSF5eMI=) entered vehicle Gunter 2 (id=517F8E2008435CB16D7499A18387D9C7 pos=<6917.06, 38.02, 3421.91>) as driver
22:56:30.054 [VehicleEngine] Player "Survivor" [uid=1OEPy6aKlMe0cmo8LieQDvVcsiu6iWAr2PUZdSF5eMI=] started vehicle Gunter 2 (id=517F8E2008435CB16D7499A18387D9C7 pos=<6917.066406, 38.022766, 3421.907959>)
22:56:32.929 [VehicleEngine] Player "Survivor" [uid=1OEPy6aKlMe0cmo8LieQDvVcsiu6iWAr2PUZdSF5eMI=] stopped vehicle Gunter 2 (id=517F8E2008435CB16D7499A18387D9C7 pos=<6917.090332, 38.022308, 3421.896484>)
22:56:35.421 [VehicleLeave] Player "Survivor" (id=1OEPy6aKlMe0cmo8LieQDvVcsiu6iWAr2PUZdSF5eMI=) left vehicle Gunter 2 (id=517F8E2008435CB16D7499A18387D9C7 pos=<6917.11, 38.02, 3421.89>)
22:56:52.007 [Killfeed] AI Maria (Prigorodki_Tier1) был убит AI Elias (Запад) с БК-43 из 8 м расстояние.
22:56:57.492 [Killfeed] AI Naomi (Prigorodki_Tier1) умер от потери крови.
22:57:00.914 [AI Patrol 00093] Prigorodki_Tier1 (Raiders) bots were wiped out (spawn position <7295.080566, 16.503000, 2868.819580>, 2/2 deceased)
22:57:00.914 [AI Patrol 00093] Global patrol count: 3
22:57:38.421 [VehicleDestroyed] Hatchback_02 (id=517F8E2008435CB16D7499A18387D9C7 pos=<6917.17, 37.98, 3421.88>)
22:58:58.546 [VehicleDestroyed] Hatchback_02_Blue (id=B9B7FF14B2492442E7DCE1AFB3E648C5 pos=<12045.5, 5.73, 3596.87>)
22:59:07.515 [VehicleEnter] Player "Survivor" (id=1OEPy6aKlMe0cmo8LieQDvVcsiu6iWAr2PUZdSF5eMI=) entered vehicle Gunter 2 (id=B9B7FF14B2492442E7DCE1AFB3E648C5 pos=<12045.5, 5.73, 3596.87>) as driver
22:59:08.812 [VehicleEngine] Player "Survivor" [uid=1OEPy6aKlMe0cmo8LieQDvVcsiu6iWAr2PUZdSF5eMI=] started vehicle Gunter 2 (id=B9B7FF14B2492442E7DCE1AFB3E648C5 pos=<12045.452148, 5.729594, 3596.872314>)
22:59:11.726 [VehicleLeave] Player "Survivor" (id=1OEPy6aKlMe0cmo8LieQDvVcsiu6iWAr2PUZdSF5eMI=) left vehicle Gunter 2 (id=B9B7FF14B2492442E7DCE1AFB3E648C5 pos=<12045.5, 5.73, 3596.88>)
23:02:38.773 [Party] Player "Survivor" (id=1OEPy6aKlMe0cmo8LieQDvVcsiu6iWAr2PUZdSF5eMI=) left the party "Knight Fallen" (id=1 ownerUID=1OEPy6aKlMe0cmo8LieQDvVcsiu6iWAr2PUZdSF5eMI= ownerName=Survivor)
