15:08:57.164 [Safezone] Player "Da da Ya" (id=1OEPy6aKlMe0cmo8LieQDvVcsiu6iWAr2PUZdSF5eMI= pos=<11845.387695, 140.605072, 12472.034180>) Entered the safezone
15:08:57.164 [Party] Player "Da da Ya" (id=1OEPy6aKlMe0cmo8LieQDvVcsiu6iWAr2PUZdSF5eMI=) joinded the party "Zenith Resolute" (id=0 ownerUID=zc8VdK3LmE4uE8VdKbx2bOGlKghmh6pN2ye-63D6kCk= ownerName=acey)
15:08:57.164 [Expansion Quests] Initialize quest system on the connected client with UID=1OEPy6aKlMe0cmo8LieQDvVcsiu6iWAr2PUZdSF5eMI=
15:08:57.234 [Expansion Quests] Loaded existing player quest data for player with UID=1OEPy6aKlMe0cmo8LieQDvVcsiu6iWAr2PUZdSF5eMI=
15:08:57.234 [Expansion Quests] Loaded existing group quest data for group with ID=0
15:08:57.234 [Expansion Quests] Check quest initialization for quest with ID=6901 | State=COMPLETED | Player UID=1OEPy6aKlMe0cmo8LieQDvVcsiu6iWAr2PUZdSF5eMI=
15:08:57.234 [Expansion Quests] Check quest initialization for quest with ID=61601 | State=NONE | Player UID=1OEPy6aKlMe0cmo8LieQDvVcsiu6iWAr2PUZdSF5eMI=
15:08:57.234 [Expansion Quests] Check quest initialization for quest with ID=61902 | State=NONE | Player UID=1OEPy6aKlMe0cmo8LieQDvVcsiu6iWAr2PUZdSF5eMI=
15:08:57.234 [Expansion Quests] Check quest initialization for quest with ID=6501 | State=COMPLETED | Player UID=1OEPy6aKlMe0cmo8LieQDvVcsiu6iWAr2PUZdSF5eMI=
15:08:57.234 [Expansion Quests] Check quest initialization for quest with ID=8 | State=STARTED | Player UID=1OEPy6aKlMe0cmo8LieQDvVcsiu6iWAr2PUZdSF5eMI=
15:08:57.234 [Expansion Quests] Create new quest instance for quest with ID=8 | Player UID=1OEPy6aKlMe0cmo8LieQDvVcsiu6iWAr2PUZdSF5eMI=
15:08:57.234 [Expansion Quests] Check quest initialization for quest with ID=61001 | State=COMPLETED | Player UID=1OEPy6aKlMe0cmo8LieQDvVcsiu6iWAr2PUZdSF5eMI=
15:08:57.234 [Expansion Quests] Check quest initialization for quest with ID=11 | State=STARTED | Player UID=1OEPy6aKlMe0cmo8LieQDvVcsiu6iWAr2PUZdSF5eMI=
15:08:57.234 [Expansion Quests] Create new quest instance for quest with ID=11 | Player UID=1OEPy6aKlMe0cmo8LieQDvVcsiu6iWAr2PUZdSF5eMI=
15:08:57.234 [Expansion Quests] Check quest initialization for quest with ID=6201 | State=NONE | Player UID=1OEPy6aKlMe0cmo8LieQDvVcsiu6iWAr2PUZdSF5eMI=
15:08:57.234 [Expansion Quests] Check quest initialization for quest with ID=61901 | State=NONE | Player UID=1OEPy6aKlMe0cmo8LieQDvVcsiu6iWAr2PUZdSF5eMI=
15:08:57.238 [Expansion Quests] Check quest initialization for quest with ID=14 | State=COMPLETED | Player UID=1OEPy6aKlMe0cmo8LieQDvVcsiu6iWAr2PUZdSF5eMI=
15:08:57.238 [Expansion Quests] Check quest initialization for quest with ID=9 | State=COMPLETED | Player UID=1OEPy6aKlMe0cmo8LieQDvVcsiu6iWAr2PUZdSF5eMI=
15:08:57.238 [Expansion Quests] Check quest initialization for quest with ID=61701 | State=NONE | Player UID=1OEPy6aKlMe0cmo8LieQDvVcsiu6iWAr2PUZdSF5eMI=
15:08:57.238 [Expansion Quests] Check quest initialization for quest with ID=6101 | State=COMPLETED | Player UID=1OEPy6aKlMe0cmo8LieQDvVcsiu6iWAr2PUZdSF5eMI=
15:08:57.238 [Expansion Quests] Check quest initialization for quest with ID=61401 | State=NONE | Player UID=1OEPy6aKlMe0cmo8LieQDvVcsiu6iWAr2PUZdSF5eMI=
15:08:57.238 [Expansion Quests] Check quest initialization for quest with ID=6202 | State=NONE | Player UID=1OEPy6aKlMe0cmo8LieQDvVcsiu6iWAr2PUZdSF5eMI=
15:08:57.238 [Expansion Quests] Check quest initialization for quest with ID=61801 | State=NONE | Player UID=1OEPy6aKlMe0cmo8LieQDvVcsiu6iWAr2PUZdSF5eMI=
15:08:57.238 [Expansion Quests] Check quest initialization for quest with ID=61501 | State=NONE | Player UID=1OEPy6aKlMe0cmo8LieQDvVcsiu6iWAr2PUZdSF5eMI=
15:08:57.238 [Expansion Quests] Quest with ID=1 is not a a valid achievement or auto start quest. Skip quest for player with UID=1OEPy6aKlMe0cmo8LieQDvVcsiu6iWAr2PUZdSF5eMI=
15:08:57.238 [Expansion Quests] Quest with ID=2 is not a a valid achievement or auto start quest. Skip quest for player with UID=1OEPy6aKlMe0cmo8LieQDvVcsiu6iWAr2PUZdSF5eMI=
15:08:57.238 [Expansion Quests] Quest with ID=3 is not a a valid achievement or auto start quest. Skip quest for player with UID=1OEPy6aKlMe0cmo8LieQDvVcsiu6iWAr2PUZdSF5eMI=
15:08:57.238 [Expansion Quests] Quest with ID=4 is not a a valid achievement or auto start quest. Skip quest for player with UID=1OEPy6aKlMe0cmo8LieQDvVcsiu6iWAr2PUZdSF5eMI=
15:08:57.238 [Expansion Quests] Quest with ID=5 is not a a valid achievement or auto start quest. Skip quest for player with UID=1OEPy6aKlMe0cmo8LieQDvVcsiu6iWAr2PUZdSF5eMI=
15:08:57.238 [Expansion Quests] Quest with ID=6 is not a a valid achievement or auto start quest. Skip quest for player with UID=1OEPy6aKlMe0cmo8LieQDvVcsiu6iWAr2PUZdSF5eMI=
15:08:57.238 [Expansion Quests] Quest with ID=6401 is not a a valid achievement or auto start quest. Skip quest for player with UID=1OEPy6aKlMe0cmo8LieQDvVcsiu6iWAr2PUZdSF5eMI=
15:08:57.238 [Expansion Quests] Quest with ID=301 is not a a valid achievement or auto start quest. Skip quest for player with UID=1OEPy6aKlMe0cmo8LieQDvVcsiu6iWAr2PUZdSF5eMI=
15:08:57.238 [Expansion Quests] Quest with ID=10 is not a a valid achievement or auto start quest. Skip quest for player with UID=1OEPy6aKlMe0cmo8LieQDvVcsiu6iWAr2PUZdSF5eMI=
15:08:57.238 [Expansion Quests] Quest with ID=12 is not a a valid achievement or auto start quest. Skip quest for player with UID=1OEPy6aKlMe0cmo8LieQDvVcsiu6iWAr2PUZdSF5eMI=
15:08:57.238 [Expansion Quests] Quest with ID=13 is not a a valid achievement or auto start quest. Skip quest for player with UID=1OEPy6aKlMe0cmo8LieQDvVcsiu6iWAr2PUZdSF5eMI=
15:08:57.238 [Expansion Quests] Quest with ID=15 is not a a valid achievement or auto start quest. Skip quest for player with UID=1OEPy6aKlMe0cmo8LieQDvVcsiu6iWAr2PUZdSF5eMI=
15:08:57.238 [Expansion Quests] Quest with ID=16 is not a a valid achievement or auto start quest. Skip quest for player with UID=1OEPy6aKlMe0cmo8LieQDvVcsiu6iWAr2PUZdSF5eMI=
15:08:57.238 [Expansion Quests] Quest with ID=17 is not a a valid achievement or auto start quest. Skip quest for player with UID=1OEPy6aKlMe0cmo8LieQDvVcsiu6iWAr2PUZdSF5eMI=
15:08:57.238 [Expansion Quests] Quest with ID=18 is not a a valid achievement or auto start quest. Skip quest for player with UID=1OEPy6aKlMe0cmo8LieQDvVcsiu6iWAr2PUZdSF5eMI=
15:08:57.238 [Expansion Quests] Quest with ID=19 is not a a valid achievement or auto start quest. Skip quest for player with UID=1OEPy6aKlMe0cmo8LieQDvVcsiu6iWAr2PUZdSF5eMI=
15:08:57.238 [Expansion Quests] Quest with ID=20 is not a a valid achievement or auto start quest. Skip quest for player with UID=1OEPy6aKlMe0cmo8LieQDvVcsiu6iWAr2PUZdSF5eMI=
15:08:57.238 [Expansion Quests] Quest with ID=21 is not a a valid achievement or auto start quest. Skip quest for player with UID=1OEPy6aKlMe0cmo8LieQDvVcsiu6iWAr2PUZdSF5eMI=
15:08:57.238 [Expansion Quests] Quest with ID=22 is not a a valid achievement or auto start quest. Skip quest for player with UID=1OEPy6aKlMe0cmo8LieQDvVcsiu6iWAr2PUZdSF5eMI=
15:08:57.238 [Expansion Quests] Quest with ID=23 is not a a valid achievement or auto start quest. Skip quest for player with UID=1OEPy6aKlMe0cmo8LieQDvVcsiu6iWAr2PUZdSF5eMI=
15:08:57.238 [Expansion Quests] Quest with ID=26 is not a a valid achievement or auto start quest. Skip quest for player with UID=1OEPy6aKlMe0cmo8LieQDvVcsiu6iWAr2PUZdSF5eMI=
15:08:57.238 [Expansion Quests] Quest with ID=61701 is not a a valid achievement or auto start quest. Skip quest for player with UID=1OEPy6aKlMe0cmo8LieQDvVcsiu6iWAr2PUZdSF5eMI=
15:08:57.238 [Expansion Quests] Quest with ID=28 is not a a valid achievement or auto start quest. Skip quest for player with UID=1OEPy6aKlMe0cmo8LieQDvVcsiu6iWAr2PUZdSF5eMI=
15:08:57.238 [Expansion Quests] Quest with ID=6301 is not a a valid achievement or auto start quest. Skip quest for player with UID=1OEPy6aKlMe0cmo8LieQDvVcsiu6iWAr2PUZdSF5eMI=
15:08:57.238 [Expansion Quests] Quest with ID=31 is not a a valid achievement or auto start quest. Skip quest for player with UID=1OEPy6aKlMe0cmo8LieQDvVcsiu6iWAr2PUZdSF5eMI=
15:08:57.238 [Expansion Quests] Quest with ID=61601 is not a a valid achievement or auto start quest. Skip quest for player with UID=1OEPy6aKlMe0cmo8LieQDvVcsiu6iWAr2PUZdSF5eMI=
15:08:57.242 [Expansion Quests] Quest with ID=7 is not a a valid achievement or auto start quest. Skip quest for player with UID=1OEPy6aKlMe0cmo8LieQDvVcsiu6iWAr2PUZdSF5eMI=
15:08:57.242 [Expansion Quests] Quest with ID=6701 is not a a valid achievement or auto start quest. Skip quest for player with UID=1OEPy6aKlMe0cmo8LieQDvVcsiu6iWAr2PUZdSF5eMI=
15:08:57.242 [Expansion Quests] Quest with ID=6501 is not a a valid achievement or auto start quest. Skip quest for player with UID=1OEPy6aKlMe0cmo8LieQDvVcsiu6iWAr2PUZdSF5eMI=
15:08:57.242 [Expansion Quests] Quest with ID=62001 is not a a valid achievement or auto start quest. Skip quest for player with UID=1OEPy6aKlMe0cmo8LieQDvVcsiu6iWAr2PUZdSF5eMI=
15:08:57.242 [Expansion Quests] Quest with ID=6801 is not a a valid achievement or auto start quest. Skip quest for player with UID=1OEPy6aKlMe0cmo8LieQDvVcsiu6iWAr2PUZdSF5eMI=
15:08:57.242 [Expansion Quests] Quest with ID=402 is not a a valid achievement or auto start quest. Skip quest for player with UID=1OEPy6aKlMe0cmo8LieQDvVcsiu6iWAr2PUZdSF5eMI=
15:08:57.242 [Expansion Quests] Quest with ID=6201 is not a a valid achievement or auto start quest. Skip quest for player with UID=1OEPy6aKlMe0cmo8LieQDvVcsiu6iWAr2PUZdSF5eMI=
15:08:57.242 [Expansion Quests] Quest with ID=6202 is not a a valid achievement or auto start quest. Skip quest for player with UID=1OEPy6aKlMe0cmo8LieQDvVcsiu6iWAr2PUZdSF5eMI=
15:08:57.242 [Expansion Quests] Quest with ID=61501 is not a a valid achievement or auto start quest. Skip quest for player with UID=1OEPy6aKlMe0cmo8LieQDvVcsiu6iWAr2PUZdSF5eMI=
15:08:57.242 [Expansion Quests] Quest with ID=201 is not a a valid achievement or auto start quest. Skip quest for player with UID=1OEPy6aKlMe0cmo8LieQDvVcsiu6iWAr2PUZdSF5eMI=
15:08:57.242 [Expansion Quests] Quest with ID=202 is not a a valid achievement or auto start quest. Skip quest for player with UID=1OEPy6aKlMe0cmo8LieQDvVcsiu6iWAr2PUZdSF5eMI=
15:08:57.242 [Expansion Quests] Quest with ID=203 is not a a valid achievement or auto start quest. Skip quest for player with UID=1OEPy6aKlMe0cmo8LieQDvVcsiu6iWAr2PUZdSF5eMI=
15:08:57.242 [Expansion Quests] Quest with ID=61901 is not a a valid achievement or auto start quest. Skip quest for player with UID=1OEPy6aKlMe0cmo8LieQDvVcsiu6iWAr2PUZdSF5eMI=
15:08:57.242 [Expansion Quests] Quest with ID=61902 is not a a valid achievement or auto start quest. Skip quest for player with UID=1OEPy6aKlMe0cmo8LieQDvVcsiu6iWAr2PUZdSF5eMI=
15:08:57.242 [Expansion Quests] Quest with ID=6101 is not a a valid achievement or auto start quest. Skip quest for player with UID=1OEPy6aKlMe0cmo8LieQDvVcsiu6iWAr2PUZdSF5eMI=
15:08:57.242 [Expansion Quests] Quest with ID=401 is not a a valid achievement or auto start quest. Skip quest for player with UID=1OEPy6aKlMe0cmo8LieQDvVcsiu6iWAr2PUZdSF5eMI=
15:08:57.242 [Expansion Quests] Quest with ID=29 is not a a valid achievement or auto start quest. Skip quest for player with UID=1OEPy6aKlMe0cmo8LieQDvVcsiu6iWAr2PUZdSF5eMI=
15:08:57.242 [Expansion Quests] Quest with ID=61401 is not a a valid achievement or auto start quest. Skip quest for player with UID=1OEPy6aKlMe0cmo8LieQDvVcsiu6iWAr2PUZdSF5eMI=
15:08:57.242 [Expansion Quests] Quest with ID=6601 is not a a valid achievement or auto start quest. Skip quest for player with UID=1OEPy6aKlMe0cmo8LieQDvVcsiu6iWAr2PUZdSF5eMI=
15:08:57.242 [Expansion Quests] Quest with ID=61301 is not a a valid achievement or auto start quest. Skip quest for player with UID=1OEPy6aKlMe0cmo8LieQDvVcsiu6iWAr2PUZdSF5eMI=
15:08:57.242 [Expansion Quests] Quest with ID=61101 is not a a valid achievement or auto start quest. Skip quest for player with UID=1OEPy6aKlMe0cmo8LieQDvVcsiu6iWAr2PUZdSF5eMI=
15:08:57.242 [Expansion Quests] Quest with ID=101 is not a a valid achievement or auto start quest. Skip quest for player with UID=1OEPy6aKlMe0cmo8LieQDvVcsiu6iWAr2PUZdSF5eMI=
15:08:57.242 [Expansion Quests] Quest with ID=102 is not a a valid achievement or auto start quest. Skip quest for player with UID=1OEPy6aKlMe0cmo8LieQDvVcsiu6iWAr2PUZdSF5eMI=
15:08:57.261 [Expansion Quests] Quest with ID=61801 is not a a valid achievement or auto start quest. Skip quest for player with UID=1OEPy6aKlMe0cmo8LieQDvVcsiu6iWAr2PUZdSF5eMI=
15:08:57.261 [Expansion Quests] Quest with ID=61001 is not a a valid achievement or auto start quest. Skip quest for player with UID=1OEPy6aKlMe0cmo8LieQDvVcsiu6iWAr2PUZdSF5eMI=
15:08:57.261 [Expansion Quests] Quest with ID=6901 is not a a valid achievement or auto start quest. Skip quest for player with UID=1OEPy6aKlMe0cmo8LieQDvVcsiu6iWAr2PUZdSF5eMI=
15:08:57.261 [Expansion Quests] Quest with ID=61201 is not a a valid achievement or auto start quest. Skip quest for player with UID=1OEPy6aKlMe0cmo8LieQDvVcsiu6iWAr2PUZdSF5eMI=
15:08:57.265 [Expansion Quests] Sending 1OEPy6aKlMe0cmo8LieQDvVcsiu6iWAr2PUZdSF5eMI= quest configs to client for player with UID=1OEPy6aKlMe0cmo8LieQDvVcsiu6iWAr2PUZdSF5eMI=
15:08:57.265 [Expansion Quests] Sending player quest data for 17 quests to player with UID=1OEPy6aKlMe0cmo8LieQDvVcsiu6iWAr2PUZdSF5eMI=
15:08:57.332 [AI Object Patrol 00037] Spawning 1 Ordinary_Raiders (Raiders) bots at <11006.236328, 223.814819, 12398.166992>
15:08:57.343 [AI Object Patrol 00037] Global patrol count: 1
15:08:57.343 [AI Object Patrol 00039] Spawning 2 PoliceStationScavs_Tier_1 (Raiders) bots at <11066.162109, 226.734711, 12477.269531>
15:08:57.359 [AI Object Patrol 00039] Global patrol count: 2
15:08:57.359 [AI Patrol 00085] Spawning 1 Ordinary_Scavengers_Tier_1(Krasnostav) (Raiders) bots at <11199.536133, 202.429916, 12404.386719>
15:08:57.378 [AI Patrol 00085] Global patrol count: 3
15:08:58.312 [Expansion Quests] - LoadGroupQuestData - Got cached group quest data for group with ID=0
15:09:39.050 [Safezone] Player "acey" (id=zc8VdK3LmE4uE8VdKbx2bOGlKghmh6pN2ye-63D6kCk= pos=<11845.302734, 140.605072, 12463.443359>) Entered the safezone
15:09:39.050 [Party] Player "acey" (id=zc8VdK3LmE4uE8VdKbx2bOGlKghmh6pN2ye-63D6kCk=) joinded the party "Zenith Resolute" (id=0 ownerUID=zc8VdK3LmE4uE8VdKbx2bOGlKghmh6pN2ye-63D6kCk= ownerName=acey)
15:09:39.050 [Expansion Quests] Initialize quest system on the connected client with UID=zc8VdK3LmE4uE8VdKbx2bOGlKghmh6pN2ye-63D6kCk=
15:09:39.414 [Expansion Quests] Loaded existing player quest data for player with UID=zc8VdK3LmE4uE8VdKbx2bOGlKghmh6pN2ye-63D6kCk=
15:09:39.414 [Expansion Quests] - LoadGroupQuestData - Got cached group quest data for group with ID=0
15:09:39.414 [Expansion Quests] Check quest initialization for quest with ID=6101 | State=COMPLETED | Player UID=zc8VdK3LmE4uE8VdKbx2bOGlKghmh6pN2ye-63D6kCk=
15:09:39.414 [Expansion Quests] Check quest initialization for quest with ID=61601 | State=NONE | Player UID=zc8VdK3LmE4uE8VdKbx2bOGlKghmh6pN2ye-63D6kCk=
15:09:39.414 [Expansion Quests] Check quest initialization for quest with ID=6401 | State=COMPLETED | Player UID=zc8VdK3LmE4uE8VdKbx2bOGlKghmh6pN2ye-63D6kCk=
15:09:39.414 [Expansion Quests] Check quest initialization for quest with ID=6501 | State=COMPLETED | Player UID=zc8VdK3LmE4uE8VdKbx2bOGlKghmh6pN2ye-63D6kCk=
15:09:39.417 [Expansion Quests] Check quest initialization for quest with ID=6901 | State=COMPLETED | Player UID=zc8VdK3LmE4uE8VdKbx2bOGlKghmh6pN2ye-63D6kCk=
15:09:39.417 [Expansion Quests] Check quest initialization for quest with ID=8 | State=STARTED | Player UID=zc8VdK3LmE4uE8VdKbx2bOGlKghmh6pN2ye-63D6kCk=
15:09:39.417 [Expansion Quests] Create new quest instance for quest with ID=8 | Player UID=zc8VdK3LmE4uE8VdKbx2bOGlKghmh6pN2ye-63D6kCk=
15:09:39.417 [Expansion Quests] Check quest initialization for quest with ID=9 | State=COMPLETED | Player UID=zc8VdK3LmE4uE8VdKbx2bOGlKghmh6pN2ye-63D6kCk=
15:09:39.417 [Expansion Quests] Check quest initialization for quest with ID=11 | State=STARTED | Player UID=zc8VdK3LmE4uE8VdKbx2bOGlKghmh6pN2ye-63D6kCk=
15:09:39.417 [Expansion Quests] Create new quest instance for quest with ID=11 | Player UID=zc8VdK3LmE4uE8VdKbx2bOGlKghmh6pN2ye-63D6kCk=
15:09:39.417 [Expansion Quests] Check quest initialization for quest with ID=61001 | State=COMPLETED | Player UID=zc8VdK3LmE4uE8VdKbx2bOGlKghmh6pN2ye-63D6kCk=
15:09:39.417 [Expansion Quests] Check quest initialization for quest with ID=6701 | State=COMPLETED | Player UID=zc8VdK3LmE4uE8VdKbx2bOGlKghmh6pN2ye-63D6kCk=
15:09:39.417 [Expansion Quests] Check quest initialization for quest with ID=14 | State=COMPLETED | Player UID=zc8VdK3LmE4uE8VdKbx2bOGlKghmh6pN2ye-63D6kCk=
15:09:39.417 [Expansion Quests] Quest with ID=1 is not a a valid achievement or auto start quest. Skip quest for player with UID=zc8VdK3LmE4uE8VdKbx2bOGlKghmh6pN2ye-63D6kCk=
15:09:39.417 [Expansion Quests] Quest with ID=2 is not a a valid achievement or auto start quest. Skip quest for player with UID=zc8VdK3LmE4uE8VdKbx2bOGlKghmh6pN2ye-63D6kCk=
15:09:39.417 [Expansion Quests] Quest with ID=3 is not a a valid achievement or auto start quest. Skip quest for player with UID=zc8VdK3LmE4uE8VdKbx2bOGlKghmh6pN2ye-63D6kCk=
15:09:39.417 [Expansion Quests] Quest with ID=4 is not a a valid achievement or auto start quest. Skip quest for player with UID=zc8VdK3LmE4uE8VdKbx2bOGlKghmh6pN2ye-63D6kCk=
15:09:39.417 [Expansion Quests] Quest with ID=5 is not a a valid achievement or auto start quest. Skip quest for player with UID=zc8VdK3LmE4uE8VdKbx2bOGlKghmh6pN2ye-63D6kCk=
15:09:39.417 [Expansion Quests] Quest with ID=6 is not a a valid achievement or auto start quest. Skip quest for player with UID=zc8VdK3LmE4uE8VdKbx2bOGlKghmh6pN2ye-63D6kCk=
15:09:39.417 [Expansion Quests] Quest with ID=6401 is not a a valid achievement or auto start quest. Skip quest for player with UID=zc8VdK3LmE4uE8VdKbx2bOGlKghmh6pN2ye-63D6kCk=
15:09:39.417 [Expansion Quests] Quest with ID=301 is not a a valid achievement or auto start quest. Skip quest for player with UID=zc8VdK3LmE4uE8VdKbx2bOGlKghmh6pN2ye-63D6kCk=
15:09:39.417 [Expansion Quests] Quest with ID=10 is not a a valid achievement or auto start quest. Skip quest for player with UID=zc8VdK3LmE4uE8VdKbx2bOGlKghmh6pN2ye-63D6kCk=
15:09:39.417 [Expansion Quests] Quest with ID=12 is not a a valid achievement or auto start quest. Skip quest for player with UID=zc8VdK3LmE4uE8VdKbx2bOGlKghmh6pN2ye-63D6kCk=
15:09:39.417 [Expansion Quests] Quest with ID=13 is not a a valid achievement or auto start quest. Skip quest for player with UID=zc8VdK3LmE4uE8VdKbx2bOGlKghmh6pN2ye-63D6kCk=
15:09:39.421 [Expansion Quests] Quest with ID=15 is not a a valid achievement or auto start quest. Skip quest for player with UID=zc8VdK3LmE4uE8VdKbx2bOGlKghmh6pN2ye-63D6kCk=
15:09:39.421 [Expansion Quests] Quest with ID=16 is not a a valid achievement or auto start quest. Skip quest for player with UID=zc8VdK3LmE4uE8VdKbx2bOGlKghmh6pN2ye-63D6kCk=
15:09:39.421 [Expansion Quests] Quest with ID=17 is not a a valid achievement or auto start quest. Skip quest for player with UID=zc8VdK3LmE4uE8VdKbx2bOGlKghmh6pN2ye-63D6kCk=
15:09:39.421 [Expansion Quests] Quest with ID=18 is not a a valid achievement or auto start quest. Skip quest for player with UID=zc8VdK3LmE4uE8VdKbx2bOGlKghmh6pN2ye-63D6kCk=
15:09:39.421 [Expansion Quests] Quest with ID=19 is not a a valid achievement or auto start quest. Skip quest for player with UID=zc8VdK3LmE4uE8VdKbx2bOGlKghmh6pN2ye-63D6kCk=
15:09:39.421 [Expansion Quests] Quest with ID=20 is not a a valid achievement or auto start quest. Skip quest for player with UID=zc8VdK3LmE4uE8VdKbx2bOGlKghmh6pN2ye-63D6kCk=
15:09:39.421 [Expansion Quests] Quest with ID=21 is not a a valid achievement or auto start quest. Skip quest for player with UID=zc8VdK3LmE4uE8VdKbx2bOGlKghmh6pN2ye-63D6kCk=
15:09:39.421 [Expansion Quests] Quest with ID=22 is not a a valid achievement or auto start quest. Skip quest for player with UID=zc8VdK3LmE4uE8VdKbx2bOGlKghmh6pN2ye-63D6kCk=
15:09:39.421 [Expansion Quests] Quest with ID=23 is not a a valid achievement or auto start quest. Skip quest for player with UID=zc8VdK3LmE4uE8VdKbx2bOGlKghmh6pN2ye-63D6kCk=
15:09:39.421 [Expansion Quests] Quest with ID=26 is not a a valid achievement or auto start quest. Skip quest for player with UID=zc8VdK3LmE4uE8VdKbx2bOGlKghmh6pN2ye-63D6kCk=
15:09:39.421 [Expansion Quests] Quest with ID=61701 is not a a valid achievement or auto start quest. Skip quest for player with UID=zc8VdK3LmE4uE8VdKbx2bOGlKghmh6pN2ye-63D6kCk=
15:09:39.433 [Expansion Quests] Quest with ID=28 is not a a valid achievement or auto start quest. Skip quest for player with UID=zc8VdK3LmE4uE8VdKbx2bOGlKghmh6pN2ye-63D6kCk=
15:09:39.433 [Expansion Quests] Quest with ID=6301 is not a a valid achievement or auto start quest. Skip quest for player with UID=zc8VdK3LmE4uE8VdKbx2bOGlKghmh6pN2ye-63D6kCk=
15:09:39.433 [Expansion Quests] Quest with ID=31 is not a a valid achievement or auto start quest. Skip quest for player with UID=zc8VdK3LmE4uE8VdKbx2bOGlKghmh6pN2ye-63D6kCk=
15:09:39.433 [Expansion Quests] Quest with ID=61601 is not a a valid achievement or auto start quest. Skip quest for player with UID=zc8VdK3LmE4uE8VdKbx2bOGlKghmh6pN2ye-63D6kCk=
15:09:39.437 [Expansion Quests] Quest with ID=7 is not a a valid achievement or auto start quest. Skip quest for player with UID=zc8VdK3LmE4uE8VdKbx2bOGlKghmh6pN2ye-63D6kCk=
15:09:39.437 [Expansion Quests] Quest with ID=6701 is not a a valid achievement or auto start quest. Skip quest for player with UID=zc8VdK3LmE4uE8VdKbx2bOGlKghmh6pN2ye-63D6kCk=
15:09:39.437 [Expansion Quests] Quest with ID=6501 is not a a valid achievement or auto start quest. Skip quest for player with UID=zc8VdK3LmE4uE8VdKbx2bOGlKghmh6pN2ye-63D6kCk=
15:09:39.437 [Expansion Quests] Quest with ID=62001 is not a a valid achievement or auto start quest. Skip quest for player with UID=zc8VdK3LmE4uE8VdKbx2bOGlKghmh6pN2ye-63D6kCk=
15:09:39.437 [Expansion Quests] Quest with ID=6801 is not a a valid achievement or auto start quest. Skip quest for player with UID=zc8VdK3LmE4uE8VdKbx2bOGlKghmh6pN2ye-63D6kCk=
15:09:39.437 [Expansion Quests] Quest with ID=402 is not a a valid achievement or auto start quest. Skip quest for player with UID=zc8VdK3LmE4uE8VdKbx2bOGlKghmh6pN2ye-63D6kCk=
15:09:39.437 [Expansion Quests] Quest with ID=6201 is not a a valid achievement or auto start quest. Skip quest for player with UID=zc8VdK3LmE4uE8VdKbx2bOGlKghmh6pN2ye-63D6kCk=
15:09:39.437 [Expansion Quests] Quest with ID=6202 is not a a valid achievement or auto start quest. Skip quest for player with UID=zc8VdK3LmE4uE8VdKbx2bOGlKghmh6pN2ye-63D6kCk=
15:09:39.437 [Expansion Quests] Quest with ID=61501 is not a a valid achievement or auto start quest. Skip quest for player with UID=zc8VdK3LmE4uE8VdKbx2bOGlKghmh6pN2ye-63D6kCk=
15:09:39.437 [Expansion Quests] Quest with ID=201 is not a a valid achievement or auto start quest. Skip quest for player with UID=zc8VdK3LmE4uE8VdKbx2bOGlKghmh6pN2ye-63D6kCk=
15:09:39.437 [Expansion Quests] Quest with ID=202 is not a a valid achievement or auto start quest. Skip quest for player with UID=zc8VdK3LmE4uE8VdKbx2bOGlKghmh6pN2ye-63D6kCk=
15:09:39.437 [Expansion Quests] Quest with ID=203 is not a a valid achievement or auto start quest. Skip quest for player with UID=zc8VdK3LmE4uE8VdKbx2bOGlKghmh6pN2ye-63D6kCk=
15:09:39.437 [Expansion Quests] Quest with ID=61901 is not a a valid achievement or auto start quest. Skip quest for player with UID=zc8VdK3LmE4uE8VdKbx2bOGlKghmh6pN2ye-63D6kCk=
15:09:39.437 [Expansion Quests] Quest with ID=61902 is not a a valid achievement or auto start quest. Skip quest for player with UID=zc8VdK3LmE4uE8VdKbx2bOGlKghmh6pN2ye-63D6kCk=
15:09:39.437 [Expansion Quests] Quest with ID=6101 is not a a valid achievement or auto start quest. Skip quest for player with UID=zc8VdK3LmE4uE8VdKbx2bOGlKghmh6pN2ye-63D6kCk=
15:09:39.437 [Expansion Quests] Quest with ID=401 is not a a valid achievement or auto start quest. Skip quest for player with UID=zc8VdK3LmE4uE8VdKbx2bOGlKghmh6pN2ye-63D6kCk=
15:09:39.437 [Expansion Quests] Quest with ID=29 is not a a valid achievement or auto start quest. Skip quest for player with UID=zc8VdK3LmE4uE8VdKbx2bOGlKghmh6pN2ye-63D6kCk=
15:09:39.437 [Expansion Quests] Quest with ID=61401 is not a a valid achievement or auto start quest. Skip quest for player with UID=zc8VdK3LmE4uE8VdKbx2bOGlKghmh6pN2ye-63D6kCk=
15:09:39.437 [Expansion Quests] Quest with ID=6601 is not a a valid achievement or auto start quest. Skip quest for player with UID=zc8VdK3LmE4uE8VdKbx2bOGlKghmh6pN2ye-63D6kCk=
15:09:39.437 [Expansion Quests] Quest with ID=61301 is not a a valid achievement or auto start quest. Skip quest for player with UID=zc8VdK3LmE4uE8VdKbx2bOGlKghmh6pN2ye-63D6kCk=
15:09:39.437 [Expansion Quests] Quest with ID=61101 is not a a valid achievement or auto start quest. Skip quest for player with UID=zc8VdK3LmE4uE8VdKbx2bOGlKghmh6pN2ye-63D6kCk=
15:09:39.437 [Expansion Quests] Quest with ID=101 is not a a valid achievement or auto start quest. Skip quest for player with UID=zc8VdK3LmE4uE8VdKbx2bOGlKghmh6pN2ye-63D6kCk=
15:09:39.437 [Expansion Quests] Quest with ID=102 is not a a valid achievement or auto start quest. Skip quest for player with UID=zc8VdK3LmE4uE8VdKbx2bOGlKghmh6pN2ye-63D6kCk=
15:09:39.437 [Expansion Quests] Quest with ID=61801 is not a a valid achievement or auto start quest. Skip quest for player with UID=zc8VdK3LmE4uE8VdKbx2bOGlKghmh6pN2ye-63D6kCk=
15:09:39.437 [Expansion Quests] Quest with ID=61001 is not a a valid achievement or auto start quest. Skip quest for player with UID=zc8VdK3LmE4uE8VdKbx2bOGlKghmh6pN2ye-63D6kCk=
15:09:39.437 [Expansion Quests] Quest with ID=6901 is not a a valid achievement or auto start quest. Skip quest for player with UID=zc8VdK3LmE4uE8VdKbx2bOGlKghmh6pN2ye-63D6kCk=
15:09:39.437 [Expansion Quests] Quest with ID=61201 is not a a valid achievement or auto start quest. Skip quest for player with UID=zc8VdK3LmE4uE8VdKbx2bOGlKghmh6pN2ye-63D6kCk=
15:09:39.441 [Expansion Quests] Sending zc8VdK3LmE4uE8VdKbx2bOGlKghmh6pN2ye-63D6kCk= quest configs to client for player with UID=zc8VdK3LmE4uE8VdKbx2bOGlKghmh6pN2ye-63D6kCk=
15:09:39.441 [Expansion Quests] Sending player quest data for 11 quests to player with UID=zc8VdK3LmE4uE8VdKbx2bOGlKghmh6pN2ye-63D6kCk=
15:09:40.136 [Expansion Quests] - LoadGroupQuestData - Got cached group quest data for group with ID=0
15:10:21.890 [Killfeed] AI Denis (PoliceStationScavs_Tier_1) был убит AI Rolf (Ordinary_Scavengers_Tier_1(Krasnostav)) с DT11 из 3 м расстояние.
15:10:32.097 [Safezone] Player "acey" (id=zc8VdK3LmE4uE8VdKbx2bOGlKghmh6pN2ye-63D6kCk= pos=<11679.284180, 146.862656, 12465.470703>) Left the safezone
15:10:33.855 [Safezone] Player "Da da Ya" (id=1OEPy6aKlMe0cmo8LieQDvVcsiu6iWAr2PUZdSF5eMI= pos=<11673.932617, 147.492111, 12460.380859>) Left the safezone
15:10:34.937 [Killfeed] AI Helga (PoliceStationScavs_Tier_1) был убит AI Rolf (Ordinary_Scavengers_Tier_1(Krasnostav)) с DT11 из 1 м расстояние.
15:10:38.867 [AI Object Patrol 00039] PoliceStationScavs_Tier_1 (Raiders) bots were wiped out (spawn position <11066.162109, 226.734711, 12477.269531>, 2/2 deceased)
15:10:38.867 [AI Object Patrol 00039] Global patrol count: 2
15:13:39.082 [MissionAirdrop] An airdrop is heading towards "Skalisty Island" (pos=<13452.000000, 0.000000, 3112.000000> type=Random_Skalisty Island) with a ExpansionAirdropContainer_Military
15:18:16.378 [Killfeed] AI Gabi (Ordinary_Raiders) был убит [Zenit] Da da Ya с M14 Springfield из 31 м расстояние.
15:18:19.445 [AI Object Patrol 00037] Ordinary_Raiders (Raiders) bots were wiped out (spawn position <11006.236328, 223.814819, 12398.166992>, 1/1 deceased)
15:18:19.445 [AI Object Patrol 00037] Global patrol count: 1
15:26:13.199 [Safezone] Player "Da da Ya" (id=1OEPy6aKlMe0cmo8LieQDvVcsiu6iWAr2PUZdSF5eMI= pos=<11731.193359, 141.104767, 12500.633789>) Entered the safezone
15:26:16.218 [Safezone] Player "acey" (id=zc8VdK3LmE4uE8VdKbx2bOGlKghmh6pN2ye-63D6kCk= pos=<11741.206055, 140.724319, 12487.499023>) Entered the safezone
15:28:10.011 [Expansion Quests] Added new objective data for type=TREASUREHUNT | Key=zc8VdK3LmE4uE8VdKbx2bOGlKghmh6pN2ye-63D6kCk= | ID=1401
15:28:10.011 [Expansion Quests] Added new objective data for type=COLLECT | Key=zc8VdK3LmE4uE8VdKbx2bOGlKghmh6pN2ye-63D6kCk= | ID=1301
15:28:10.062 [Expansion Quests] Updated and saved persistent player quest data for player with UID=zc8VdK3LmE4uE8VdKbx2bOGlKghmh6pN2ye-63D6kCk= | Quest ID=61601
15:28:10.062 [Expansion Quests] Created new quest instance with instance key=zc8VdK3LmE4uE8VdKbx2bOGlKghmh6pN2ye-63D6kCk= for quest with ID=61601
15:28:14.820 [Expansion Quests] Added new objective data for type=TRAVEL | Key=zc8VdK3LmE4uE8VdKbx2bOGlKghmh6pN2ye-63D6kCk= | ID=1301
15:28:14.820 [Expansion Quests] Added new objective data for type=TRAVEL | Key=zc8VdK3LmE4uE8VdKbx2bOGlKghmh6pN2ye-63D6kCk= | ID=1302
15:28:14.820 [Expansion Quests] Added new objective data for type=TRAVEL | Key=zc8VdK3LmE4uE8VdKbx2bOGlKghmh6pN2ye-63D6kCk= | ID=1303
15:28:14.820 [Expansion Quests] Added new objective data for type=DELIVERY | Key=zc8VdK3LmE4uE8VdKbx2bOGlKghmh6pN2ye-63D6kCk= | ID=401
15:28:14.820 [Expansion Quests] Updated and saved persistent player quest data for player with UID=zc8VdK3LmE4uE8VdKbx2bOGlKghmh6pN2ye-63D6kCk= | Quest ID=61801
15:28:14.843 [Expansion Quests] Created new quest instance with instance key=zc8VdK3LmE4uE8VdKbx2bOGlKghmh6pN2ye-63D6kCk= for quest with ID=61801
15:28:15.312 [Expansion Quests] Added new objective data for type=TRAVEL | Key=zc8VdK3LmE4uE8VdKbx2bOGlKghmh6pN2ye-63D6kCk= | ID=1301
15:28:15.312 [Expansion Quests] Added new objective data for type=TRAVEL | Key=zc8VdK3LmE4uE8VdKbx2bOGlKghmh6pN2ye-63D6kCk= | ID=1302
15:28:15.312 [Expansion Quests] Added new objective data for type=TRAVEL | Key=zc8VdK3LmE4uE8VdKbx2bOGlKghmh6pN2ye-63D6kCk= | ID=1303
15:28:15.312 [Expansion Quests] Added new objective data for type=DELIVERY | Key=zc8VdK3LmE4uE8VdKbx2bOGlKghmh6pN2ye-63D6kCk= | ID=401
15:28:15.316 [Expansion Quests] Updated and saved persistent player quest data for player with UID=zc8VdK3LmE4uE8VdKbx2bOGlKghmh6pN2ye-63D6kCk= | Quest ID=61801
15:28:18.636 [Expansion Quests] Added new objective data for type=AICAMP | Key=zc8VdK3LmE4uE8VdKbx2bOGlKghmh6pN2ye-63D6kCk= | ID=801
15:28:18.636 [Expansion Quests] Updated and saved persistent player quest data for player with UID=zc8VdK3LmE4uE8VdKbx2bOGlKghmh6pN2ye-63D6kCk= | Quest ID=61301
15:28:18.636 [Expansion Quests] Created new quest instance with instance key=zc8VdK3LmE4uE8VdKbx2bOGlKghmh6pN2ye-63D6kCk= for quest with ID=61301
15:28:19.414 [AI Patrol 00125] Spawning 1 Raider (Civilian) bots at <11662.000000, 142.279999, 12675.000000>
15:28:19.445 [AI Patrol 00125] Global patrol count: 2
15:29:14.683 [AI Patrol 00085] Despawning 1 Ordinary_Scavengers_Tier_1(Krasnostav) (Raiders) bots (spawn position <11199.536133, 202.429916, 12404.386719>, 0/1 deceased)
15:29:14.683 [AI Patrol 00085] Global patrol count: 1
15:29:19.761 [AI Patrol 00125] Despawning 1 Raider (Civilian) bots (spawn position <11662.000000, 142.279999, 12675.000000>, 0/1 deceased)
15:29:19.761 [AI Patrol 00125] Global patrol count: 0
15:29:19.769 [Expansion Quests] Updated and saved persistent player quest data for player with UID=zc8VdK3LmE4uE8VdKbx2bOGlKghmh6pN2ye-63D6kCk= | Quest ID=61301
15:29:19.769 [Expansion Quests] Player with UID=zc8VdK3LmE4uE8VdKbx2bOGlKghmh6pN2ye-63D6kCk= has cancelled quest with ID=61301. State=STARTED
