10:42:32.468 [Expansion Quests] Initialize quest system on the connected client with UID=1OEPy6aKlMe0cmo8LieQDvVcsiu6iWAr2PUZdSF5eMI=
10:42:32.535 [Expansion Quests] Loaded existing player quest data for player with UID=1OEPy6aKlMe0cmo8LieQDvVcsiu6iWAr2PUZdSF5eMI=
10:42:32.535 [Expansion Quests] Check quest initialization for quest with ID=102 | State=NONE | Player UID=1OEPy6aKlMe0cmo8LieQDvVcsiu6iWAr2PUZdSF5eMI=
10:42:32.535 [Expansion Quests] Check quest initialization for quest with ID=20 | State=NONE | Player UID=1OEPy6aKlMe0cmo8LieQDvVcsiu6iWAr2PUZdSF5eMI=
10:42:32.535 [Expansion Quests] Check quest initialization for quest with ID=101 | State=NONE | Player UID=1OEPy6aKlMe0cmo8LieQDvVcsiu6iWAr2PUZdSF5eMI=
10:42:32.535 [Expansion Quests] Check quest initialization for quest with ID=22 | State=COMPLETED | Player UID=1OEPy6aKlMe0cmo8LieQDvVcsiu6iWAr2PUZdSF5eMI=
10:42:32.535 [Expansion Quests] Check quest initialization for quest with ID=23 | State=NONE | Player UID=1OEPy6aKlMe0cmo8LieQDvVcsiu6iWAr2PUZdSF5eMI=
10:42:32.535 [Expansion Quests] Check quest initialization for quest with ID=8 | State=STARTED | Player UID=1OEPy6aKlMe0cmo8LieQDvVcsiu6iWAr2PUZdSF5eMI=
10:42:32.535 [Expansion Quests] Create new quest instance for quest with ID=8 | Player UID=1OEPy6aKlMe0cmo8LieQDvVcsiu6iWAr2PUZdSF5eMI=
10:42:32.535 [Expansion Quests] Check quest initialization for quest with ID=9 | State=STARTED | Player UID=1OEPy6aKlMe0cmo8LieQDvVcsiu6iWAr2PUZdSF5eMI=
10:42:32.535 [Expansion Quests] Create new quest instance for quest with ID=9 | Player UID=1OEPy6aKlMe0cmo8LieQDvVcsiu6iWAr2PUZdSF5eMI=
10:42:32.535 [Expansion Quests] Check quest initialization for quest with ID=11 | State=STARTED | Player UID=1OEPy6aKlMe0cmo8LieQDvVcsiu6iWAr2PUZdSF5eMI=
10:42:32.535 [Expansion Quests] Create new quest instance for quest with ID=11 | Player UID=1OEPy6aKlMe0cmo8LieQDvVcsiu6iWAr2PUZdSF5eMI=
10:42:32.535 [Expansion Quests] Check quest initialization for quest with ID=28 | State=NONE | Player UID=1OEPy6aKlMe0cmo8LieQDvVcsiu6iWAr2PUZdSF5eMI=
10:42:32.535 [Expansion Quests] Check quest initialization for quest with ID=14 | State=COMPLETED | Player UID=1OEPy6aKlMe0cmo8LieQDvVcsiu6iWAr2PUZdSF5eMI=
10:42:32.535 [Expansion Quests] Check quest initialization for quest with ID=31 | State=NONE | Player UID=1OEPy6aKlMe0cmo8LieQDvVcsiu6iWAr2PUZdSF5eMI=
10:42:32.535 [Expansion Quests] Quest with ID=1 is not a a valid achievement or auto start quest. Skip quest for player with UID=1OEPy6aKlMe0cmo8LieQDvVcsiu6iWAr2PUZdSF5eMI=
10:42:32.535 [Expansion Quests] Quest with ID=2 is not a a valid achievement or auto start quest. Skip quest for player with UID=1OEPy6aKlMe0cmo8LieQDvVcsiu6iWAr2PUZdSF5eMI=
10:42:32.535 [Expansion Quests] Quest with ID=3 is not a a valid achievement or auto start quest. Skip quest for player with UID=1OEPy6aKlMe0cmo8LieQDvVcsiu6iWAr2PUZdSF5eMI=
10:42:32.535 [Expansion Quests] Quest with ID=4 is not a a valid achievement or auto start quest. Skip quest for player with UID=1OEPy6aKlMe0cmo8LieQDvVcsiu6iWAr2PUZdSF5eMI=
10:42:32.535 [Expansion Quests] Quest with ID=5 is not a a valid achievement or auto start quest. Skip quest for player with UID=1OEPy6aKlMe0cmo8LieQDvVcsiu6iWAr2PUZdSF5eMI=
10:42:32.535 [Expansion Quests] Quest with ID=6 is not a a valid achievement or auto start quest. Skip quest for player with UID=1OEPy6aKlMe0cmo8LieQDvVcsiu6iWAr2PUZdSF5eMI=
10:42:32.535 [Expansion Quests] Quest with ID=7 is not a a valid achievement or auto start quest. Skip quest for player with UID=1OEPy6aKlMe0cmo8LieQDvVcsiu6iWAr2PUZdSF5eMI=
10:42:32.535 [Expansion Quests] Quest with ID=10 is not a a valid achievement or auto start quest. Skip quest for player with UID=1OEPy6aKlMe0cmo8LieQDvVcsiu6iWAr2PUZdSF5eMI=
10:42:32.535 [Expansion Quests] Quest with ID=12 is not a a valid achievement or auto start quest. Skip quest for player with UID=1OEPy6aKlMe0cmo8LieQDvVcsiu6iWAr2PUZdSF5eMI=
10:42:32.535 [Expansion Quests] Quest with ID=13 is not a a valid achievement or auto start quest. Skip quest for player with UID=1OEPy6aKlMe0cmo8LieQDvVcsiu6iWAr2PUZdSF5eMI=
10:42:32.535 [Expansion Quests] Quest with ID=15 is not a a valid achievement or auto start quest. Skip quest for player with UID=1OEPy6aKlMe0cmo8LieQDvVcsiu6iWAr2PUZdSF5eMI=
10:42:32.539 [Expansion Quests] Quest with ID=16 is not a a valid achievement or auto start quest. Skip quest for player with UID=1OEPy6aKlMe0cmo8LieQDvVcsiu6iWAr2PUZdSF5eMI=
10:42:32.539 [Expansion Quests] Quest with ID=17 is not a a valid achievement or auto start quest. Skip quest for player with UID=1OEPy6aKlMe0cmo8LieQDvVcsiu6iWAr2PUZdSF5eMI=
10:42:32.539 [Expansion Quests] Quest with ID=18 is not a a valid achievement or auto start quest. Skip quest for player with UID=1OEPy6aKlMe0cmo8LieQDvVcsiu6iWAr2PUZdSF5eMI=
10:42:32.539 [Expansion Quests] Quest with ID=19 is not a a valid achievement or auto start quest. Skip quest for player with UID=1OEPy6aKlMe0cmo8LieQDvVcsiu6iWAr2PUZdSF5eMI=
10:42:32.539 [Expansion Quests] Quest with ID=20 is not a a valid achievement or auto start quest. Skip quest for player with UID=1OEPy6aKlMe0cmo8LieQDvVcsiu6iWAr2PUZdSF5eMI=
10:42:32.539 [Expansion Quests] Quest with ID=21 is not a a valid achievement or auto start quest. Skip quest for player with UID=1OEPy6aKlMe0cmo8LieQDvVcsiu6iWAr2PUZdSF5eMI=
10:42:32.539 [Expansion Quests] Quest with ID=22 is not a a valid achievement or auto start quest. Skip quest for player with UID=1OEPy6aKlMe0cmo8LieQDvVcsiu6iWAr2PUZdSF5eMI=
10:42:32.539 [Expansion Quests] Quest with ID=23 is not a a valid achievement or auto start quest. Skip quest for player with UID=1OEPy6aKlMe0cmo8LieQDvVcsiu6iWAr2PUZdSF5eMI=
10:42:32.539 [Expansion Quests] Quest with ID=26 is not a a valid achievement or auto start quest. Skip quest for player with UID=1OEPy6aKlMe0cmo8LieQDvVcsiu6iWAr2PUZdSF5eMI=
10:42:32.539 [Expansion Quests] Quest with ID=28 is not a a valid achievement or auto start quest. Skip quest for player with UID=1OEPy6aKlMe0cmo8LieQDvVcsiu6iWAr2PUZdSF5eMI=
10:42:32.539 [Expansion Quests] Quest with ID=29 is not a a valid achievement or auto start quest. Skip quest for player with UID=1OEPy6aKlMe0cmo8LieQDvVcsiu6iWAr2PUZdSF5eMI=
10:42:32.539 [Expansion Quests] Quest with ID=31 is not a a valid achievement or auto start quest. Skip quest for player with UID=1OEPy6aKlMe0cmo8LieQDvVcsiu6iWAr2PUZdSF5eMI=
10:42:32.539 [Expansion Quests] Quest with ID=101 is not a a valid achievement or auto start quest. Skip quest for player with UID=1OEPy6aKlMe0cmo8LieQDvVcsiu6iWAr2PUZdSF5eMI=
10:42:32.539 [Expansion Quests] Quest with ID=102 is not a a valid achievement or auto start quest. Skip quest for player with UID=1OEPy6aKlMe0cmo8LieQDvVcsiu6iWAr2PUZdSF5eMI=
10:42:32.539 [Expansion Quests] Sending 1OEPy6aKlMe0cmo8LieQDvVcsiu6iWAr2PUZdSF5eMI= quest configs to client for player with UID=1OEPy6aKlMe0cmo8LieQDvVcsiu6iWAr2PUZdSF5eMI=
10:42:32.539 [Expansion Quests] Sending player quest data for 11 quests to player with UID=1OEPy6aKlMe0cmo8LieQDvVcsiu6iWAr2PUZdSF5eMI=
10:42:32.542 [AI Patrol 00056] Spawning 1 Ordinary_Scavengers_Tier_1(Cherno_Oil) (Raiders) bots at <5887.427734, 9.010000, 2202.242432>
10:42:32.558 [AI Patrol 00056] Global patrol count: 1
10:42:32.558 [AI Patrol 00055] Spawning 1 Ordinary_Scavengers_Tier_1(Vysotovo) (Raiders) bots at <5906.040527, 70.546204, 2645.056396>
10:42:32.578 [AI Patrol 00055] Global patrol count: 2
10:42:32.578 [AI Patrol 00054] Spawning 1 Ordinary_Scavengers_Tier_1(Vysotovo) (Raiders) bots at <5499.408691, 62.793049, 2558.791016>
10:42:32.597 [AI Patrol 00054] Global patrol count: 3
10:42:32.597 [AI Patrol 00059] Spawning 1 Ordinary_Scavengers_Tier_1(Cherno_Exit) (Raiders) bots at <6598.827637, 14.298528, 2984.402588>
10:42:32.644 [AI Patrol 00059] Global patrol count: 4
10:42:43.402 [AI Patrol 00057] Spawning 1 Ordinary_Scavengers_Tier_1(Cherno_Med) (Raiders) bots at <6510.603516, 9.306969, 2706.497559>
10:42:43.425 [AI Patrol 00057] Global patrol count: 5
10:42:43.800 [AI Object Patrol 00004] Spawning 2 PoliceStationScavs_Tier_1 (Raiders) bots at <6633.093262, 13.969685, 2586.646240>
10:42:43.828 [AI Object Patrol 00004] Global patrol count: 6
10:42:44.679 [AI Patrol 00058] Spawning 2 Ordinary_Scavengers_Tier_2(Hotel_Cherno) (Raiders) bots at <6610.524902, 6.812118, 2312.592041>
10:42:44.699 [AI Patrol 00058] Global patrol count: 7
10:42:44.867 [AI Object Patrol 00047] Spawning 2 FireStationScavs_Tier1 (Raiders) bots at <6262.113281, 8.619924, 2721.123047>
10:42:44.882 [AI Object Patrol 00047] Global patrol count: 8
10:42:44.929 [AI Object Patrol 00080] Spawning 1 PoliceStationScavs_Tier_1 (Raiders) bots at <6202.298340, 32.781120, 2920.927002>
10:42:44.953 [AI Object Patrol 00080] Global patrol count: 9
10:42:45.542 [AI Object Patrol 00048] Spawning 2 Ordinary_Civilian (Civilian) bots at <6515.262207, 6.533941, 2307.472656>
10:42:45.558 [AI Object Patrol 00048] Global patrol count: 10
10:43:09.781 [Killfeed] AI Frida (Ordinary_Scavengers_Tier_1(Vysotovo)) был убит Da da Ya с КАС-74У из 2 м расстояние.
10:43:11.921 [AI Patrol 00055] Ordinary_Scavengers_Tier_1(Vysotovo) (Raiders) bots were wiped out (spawn position <5906.040527, 70.546204, 2645.056396>, 1/1 deceased)
10:43:11.921 [AI Patrol 00055] Global patrol count: 9
10:44:07.121 [Killfeed] AI Jose (Ordinary_Scavengers_Tier_1(Cherno_Exit)) был убит AI Judy (Ordinary_Scavengers_Tier_1(Cherno_Med)) с Blaze из 3 м расстояние.
10:44:12.105 [AI Patrol 00059] Ordinary_Scavengers_Tier_1(Cherno_Exit) (Raiders) bots were wiped out (spawn position <6598.827637, 14.298528, 2984.402588>, 1/1 deceased)
10:44:12.105 [AI Patrol 00059] Global patrol count: 8
10:45:22.886 [Killfeed] AI Judy (Ordinary_Scavengers_Tier_1(Cherno_Med)) был убит AI Lewis (PoliceStationScavs_Tier_1) при помощи.
10:45:26.335 [AI Patrol 00057] Ordinary_Scavengers_Tier_1(Cherno_Med) (Raiders) bots were wiped out (spawn position <6510.603516, 9.306969, 2706.497559>, 1/1 deceased)
10:45:26.335 [AI Patrol 00057] Global patrol count: 7
10:45:26.789 [Killfeed] AI Hassan (Ordinary_Civilian) был убит AI Lewis (PoliceStationScavs_Tier_1) при помощи.
10:46:08.187 [Killfeed] AI Irena (FireStationScavs_Tier1) был убит AI Baty (PoliceStationScavs_Tier_1) при помощи.
10:46:42.722 [Killfeed] AI Eva (Ordinary_Civilian) был убит AI Lewis (PoliceStationScavs_Tier_1) с Blaze из 2 м расстояние.
10:46:47.464 [AI Object Patrol 00048] Ordinary_Civilian (Civilian) bots were wiped out (spawn position <6515.262207, 6.533941, 2307.472656>, 2/2 deceased)
10:46:47.464 [AI Object Patrol 00048] Global patrol count: 6
10:47:01.136 [MissionAirdrop] An airdrop is heading towards "Stary Sobor" (pos=<5823.000000, 0.000000, 7764.000000> type=Random_Stary Sobor) with a ExpansionAirdropContainer_Basebuilding
10:47:01.656 [Killfeed] AI Denis (FireStationScavs_Tier1) был убит AI Lewis (PoliceStationScavs_Tier_1) с Blaze из 3 м расстояние.
10:47:02.777 [AI Object Patrol 00047] FireStationScavs_Tier1 (Raiders) bots were wiped out (spawn position <6262.113281, 8.619924, 2721.123047>, 2/2 deceased)
10:47:02.777 [AI Object Patrol 00047] Global patrol count: 5
10:48:22.894 [Killfeed] AI Linda (Ordinary_Scavengers_Tier_1(Cherno_Oil)) был убит Da da Ya с КАС-74У из 3 м расстояние.
10:48:26.367 [AI Patrol 00056] Ordinary_Scavengers_Tier_1(Cherno_Oil) (Raiders) bots were wiped out (spawn position <5887.427734, 9.010000, 2202.242432>, 1/1 deceased)
10:48:26.367 [AI Patrol 00056] Global patrol count: 4
