19:07:02.109 [Safezone] Player "Da da Ya" (id=1OEPy6aKlMe0cmo8LieQDvVcsiu6iWAr2PUZdSF5eMI= pos=<3700.465088, 402.012421, 5984.194824>) Entered the safezone
19:07:02.109 [Expansion Quests] Initialize quest system on the connected client with UID=1OEPy6aKlMe0cmo8LieQDvVcsiu6iWAr2PUZdSF5eMI=
19:07:02.148 [Expansion Quests] Loaded existing player quest data for player with UID=1OEPy6aKlMe0cmo8LieQDvVcsiu6iWAr2PUZdSF5eMI=
19:07:02.148 [Expansion Quests] Check quest initialization for quest with ID=30 | State=NONE | Player UID=1OEPy6aKlMe0cmo8LieQDvVcsiu6iWAr2PUZdSF5eMI=
19:07:02.148 [Expansion Quests] Check quest initialization for quest with ID=22 | State=COMPLETED | Player UID=1OEPy6aKlMe0cmo8LieQDvVcsiu6iWAr2PUZdSF5eMI=
19:07:02.148 [Expansion Quests] Check quest initialization for quest with ID=8 | State=STARTED | Player UID=1OEPy6aKlMe0cmo8LieQDvVcsiu6iWAr2PUZdSF5eMI=
19:07:02.148 [Expansion Quests] Create new quest instance for quest with ID=8 | Player UID=1OEPy6aKlMe0cmo8LieQDvVcsiu6iWAr2PUZdSF5eMI=
19:07:02.148 [Expansion Quests] Check quest initialization for quest with ID=9 | State=STARTED | Player UID=1OEPy6aKlMe0cmo8LieQDvVcsiu6iWAr2PUZdSF5eMI=
19:07:02.148 [Expansion Quests] Create new quest instance for quest with ID=9 | Player UID=1OEPy6aKlMe0cmo8LieQDvVcsiu6iWAr2PUZdSF5eMI=
19:07:02.148 [Expansion Quests] Check quest initialization for quest with ID=11 | State=STARTED | Player UID=1OEPy6aKlMe0cmo8LieQDvVcsiu6iWAr2PUZdSF5eMI=
19:07:02.148 [Expansion Quests] Create new quest instance for quest with ID=11 | Player UID=1OEPy6aKlMe0cmo8LieQDvVcsiu6iWAr2PUZdSF5eMI=
19:07:02.148 [Expansion Quests] Check quest initialization for quest with ID=28 | State=NONE | Player UID=1OEPy6aKlMe0cmo8LieQDvVcsiu6iWAr2PUZdSF5eMI=
19:07:02.148 [Expansion Quests] Check quest initialization for quest with ID=29 | State=NONE | Player UID=1OEPy6aKlMe0cmo8LieQDvVcsiu6iWAr2PUZdSF5eMI=
19:07:02.148 [Expansion Quests] Check quest initialization for quest with ID=14 | State=COMPLETED | Player UID=1OEPy6aKlMe0cmo8LieQDvVcsiu6iWAr2PUZdSF5eMI=
19:07:02.148 [Expansion Quests] Check quest initialization for quest with ID=31 | State=NONE | Player UID=1OEPy6aKlMe0cmo8LieQDvVcsiu6iWAr2PUZdSF5eMI=
19:07:02.148 [Expansion Quests] Quest with ID=1 is not a a valid achievement or auto start quest. Skip quest for player with UID=1OEPy6aKlMe0cmo8LieQDvVcsiu6iWAr2PUZdSF5eMI=
19:07:02.148 [Expansion Quests] Quest with ID=2 is not a a valid achievement or auto start quest. Skip quest for player with UID=1OEPy6aKlMe0cmo8LieQDvVcsiu6iWAr2PUZdSF5eMI=
19:07:02.156 [Expansion Quests] Quest with ID=3 is not a a valid achievement or auto start quest. Skip quest for player with UID=1OEPy6aKlMe0cmo8LieQDvVcsiu6iWAr2PUZdSF5eMI=
19:07:02.156 [Expansion Quests] Quest with ID=4 is not a a valid achievement or auto start quest. Skip quest for player with UID=1OEPy6aKlMe0cmo8LieQDvVcsiu6iWAr2PUZdSF5eMI=
19:07:02.156 [Expansion Quests] Quest with ID=5 is not a a valid achievement or auto start quest. Skip quest for player with UID=1OEPy6aKlMe0cmo8LieQDvVcsiu6iWAr2PUZdSF5eMI=
19:07:02.156 [Expansion Quests] Quest with ID=6 is not a a valid achievement or auto start quest. Skip quest for player with UID=1OEPy6aKlMe0cmo8LieQDvVcsiu6iWAr2PUZdSF5eMI=
19:07:02.156 [Expansion Quests] Quest with ID=7 is not a a valid achievement or auto start quest. Skip quest for player with UID=1OEPy6aKlMe0cmo8LieQDvVcsiu6iWAr2PUZdSF5eMI=
19:07:02.156 [Expansion Quests] Quest with ID=10 is not a a valid achievement or auto start quest. Skip quest for player with UID=1OEPy6aKlMe0cmo8LieQDvVcsiu6iWAr2PUZdSF5eMI=
19:07:02.156 [Expansion Quests] Quest with ID=12 is not a a valid achievement or auto start quest. Skip quest for player with UID=1OEPy6aKlMe0cmo8LieQDvVcsiu6iWAr2PUZdSF5eMI=
19:07:02.156 [Expansion Quests] Quest with ID=13 is not a a valid achievement or auto start quest. Skip quest for player with UID=1OEPy6aKlMe0cmo8LieQDvVcsiu6iWAr2PUZdSF5eMI=
19:07:02.156 [Expansion Quests] Quest with ID=15 is not a a valid achievement or auto start quest. Skip quest for player with UID=1OEPy6aKlMe0cmo8LieQDvVcsiu6iWAr2PUZdSF5eMI=
19:07:02.156 [Expansion Quests] Quest with ID=16 is not a a valid achievement or auto start quest. Skip quest for player with UID=1OEPy6aKlMe0cmo8LieQDvVcsiu6iWAr2PUZdSF5eMI=
19:07:02.156 [Expansion Quests] Quest with ID=17 is not a a valid achievement or auto start quest. Skip quest for player with UID=1OEPy6aKlMe0cmo8LieQDvVcsiu6iWAr2PUZdSF5eMI=
19:07:02.156 [Expansion Quests] Quest with ID=18 is not a a valid achievement or auto start quest. Skip quest for player with UID=1OEPy6aKlMe0cmo8LieQDvVcsiu6iWAr2PUZdSF5eMI=
19:07:02.156 [Expansion Quests] Quest with ID=19 is not a a valid achievement or auto start quest. Skip quest for player with UID=1OEPy6aKlMe0cmo8LieQDvVcsiu6iWAr2PUZdSF5eMI=
19:07:02.156 [Expansion Quests] Quest with ID=20 is not a a valid achievement or auto start quest. Skip quest for player with UID=1OEPy6aKlMe0cmo8LieQDvVcsiu6iWAr2PUZdSF5eMI=
19:07:02.156 [Expansion Quests] Quest with ID=21 is not a a valid achievement or auto start quest. Skip quest for player with UID=1OEPy6aKlMe0cmo8LieQDvVcsiu6iWAr2PUZdSF5eMI=
19:07:02.156 [Expansion Quests] Quest with ID=22 is not a a valid achievement or auto start quest. Skip quest for player with UID=1OEPy6aKlMe0cmo8LieQDvVcsiu6iWAr2PUZdSF5eMI=
19:07:02.156 [Expansion Quests] Quest with ID=23 is not a a valid achievement or auto start quest. Skip quest for player with UID=1OEPy6aKlMe0cmo8LieQDvVcsiu6iWAr2PUZdSF5eMI=
19:07:02.156 [Expansion Quests] Quest with ID=28 is not a a valid achievement or auto start quest. Skip quest for player with UID=1OEPy6aKlMe0cmo8LieQDvVcsiu6iWAr2PUZdSF5eMI=
19:07:02.156 [Expansion Quests] Quest with ID=29 is not a a valid achievement or auto start quest. Skip quest for player with UID=1OEPy6aKlMe0cmo8LieQDvVcsiu6iWAr2PUZdSF5eMI=
19:07:02.156 [Expansion Quests] Quest with ID=30 is not a a valid achievement or auto start quest. Skip quest for player with UID=1OEPy6aKlMe0cmo8LieQDvVcsiu6iWAr2PUZdSF5eMI=
19:07:02.156 [Expansion Quests] Quest with ID=31 is not a a valid achievement or auto start quest. Skip quest for player with UID=1OEPy6aKlMe0cmo8LieQDvVcsiu6iWAr2PUZdSF5eMI=
19:07:02.156 [Expansion Quests] Sending 1OEPy6aKlMe0cmo8LieQDvVcsiu6iWAr2PUZdSF5eMI= quest configs to client for player with UID=1OEPy6aKlMe0cmo8LieQDvVcsiu6iWAr2PUZdSF5eMI=
19:07:02.156 [Expansion Quests] Sending player quest data for 9 quests to player with UID=1OEPy6aKlMe0cmo8LieQDvVcsiu6iWAr2PUZdSF5eMI=
19:07:25.531 [AI Object Patrol 00009] Spawning 1 PoliceStationScavs_Tier_1 (Raiders) bots at <2730.398193, 213.219894, 5373.806152>
19:07:25.562 [AI Object Patrol 00009] Global patrol count: 1
19:07:29.250 [AI Patrol 00064] Spawning 2 Ordinary_Scavengers_Tier_1(Zelenogorsk) (Raiders) bots at <2615.046875, 203.480759, 5403.738281>
19:07:29.273 [AI Patrol 00064] Global patrol count: 2
19:07:30.679 [AI Patrol 00065] Spawning 1 Ordinary_Scavengers_Tier_2(Zelenogorsk) (Raiders) bots at <2602.931152, 201.079803, 5384.286133>
19:07:30.695 [AI Patrol 00065] Global patrol count: 3
19:07:30.695 [AI Object Patrol 00081] Spawning 2 Ordinary_Civilian (Civilian) bots at <2715.814453, 204.885406, 5292.602539>
19:07:30.710 [AI Object Patrol 00081] Global patrol count: 4
19:07:33.554 [AI Patrol 00063] Spawning 2 Ordinary_Scavengers_Tier_2(Zelenogorsk) (Raiders) bots at <2752.885498, 201.431717, 5208.229004>
19:07:33.578 [AI Patrol 00063] Global patrol count: 5
19:07:43.171 [Safezone] Player "Da da Ya" (id=1OEPy6aKlMe0cmo8LieQDvVcsiu6iWAr2PUZdSF5eMI= pos=<3192.686035, 296.706787, 6092.190430>) Left the safezone
19:08:10.640 [Killfeed] AI Eva (Ordinary_Scavengers_Tier_2(Zelenogorsk)) был убит AI Gabi (Ordinary_Scavengers_Tier_1(Zelenogorsk)) с БК-43 из 2 м расстояние.
19:08:12.312 [AI Patrol 00065] Ordinary_Scavengers_Tier_2(Zelenogorsk) (Raiders) bots were wiped out (spawn position <2602.931152, 201.079803, 5384.286133>, 1/1 deceased)
19:08:12.312 [AI Patrol 00065] Global patrol count: 4
19:10:07.664 [Killfeed] AI Frida (PoliceStationScavs_Tier_1) был убит AI Gabi (Ordinary_Scavengers_Tier_1(Zelenogorsk)) голыми руками.
19:10:08.140 [AI Object Patrol 00009] PoliceStationScavs_Tier_1 (Raiders) bots were wiped out (spawn position <2730.398193, 213.219894, 5373.806152>, 1/1 deceased)
19:10:08.140 [AI Object Patrol 00009] Global patrol count: 3
19:11:18.984 [Killfeed] AI Kaito (Ordinary_Scavengers_Tier_1(Zelenogorsk)) был убит AI Judy (Ordinary_Civilian) с БК-133 из 7 м расстояние.
19:11:47.195 [MissionAirdrop] An airdrop is heading towards "Myshkinko" (pos=<2036.000000, 0.000000, 7491.000000> type=Random_Myshkinko) with a ExpansionAirdropContainer_Basebuilding
19:12:12.359 [Killfeed] AI Judy (Ordinary_Civilian) был убит AI Baty (Ordinary_Scavengers_Tier_2(Zelenogorsk)) с БK-18 из 5 м расстояние.
19:12:23.335 [Killfeed] AI Baty (Ordinary_Scavengers_Tier_2(Zelenogorsk)) был убит AI Maria (Ordinary_Civilian) при помощи.
19:13:09.921 [Killfeed] AI Gabi (Ordinary_Scavengers_Tier_1(Zelenogorsk)) был убит AI Guo (Ordinary_Scavengers_Tier_2(Zelenogorsk)) голыми руками.
19:13:12.359 [AI Patrol 00064] Ordinary_Scavengers_Tier_1(Zelenogorsk) (Raiders) bots were wiped out (spawn position <2615.046875, 203.480759, 5403.738281>, 2/2 deceased)
19:13:12.359 [AI Patrol 00064] Global patrol count: 2
19:13:33.570 [Killfeed] AI Guo (Ordinary_Scavengers_Tier_2(Zelenogorsk)) был убит AI Maria (Ordinary_Civilian) с БK-18 из 11 м расстояние.
19:13:37.320 [AI Patrol 00063] Ordinary_Scavengers_Tier_2(Zelenogorsk) (Raiders) bots were wiped out (spawn position <2752.885498, 201.431717, 5208.229004>, 2/2 deceased)
19:13:37.320 [AI Patrol 00063] Global patrol count: 1
19:15:36.171 [Killfeed] AI Maria (Ordinary_Civilian) умер от потери крови.
19:15:40.929 [AI Object Patrol 00081] Ordinary_Civilian (Civilian) bots were wiped out (spawn position <2715.814453, 204.885406, 5292.602539>, 2/2 deceased)
19:15:40.929 [AI Object Patrol 00081] Global patrol count: 0
19:16:47.226 [VehicleDeleted] Offroad_02 (id=827EDD552647CD04A2347484E925C789 pos=<4176.360840, 338.710480, 10725.790039>)
19:16:55.875 [Safezone] Player "Da da Ya" (id=1OEPy6aKlMe0cmo8LieQDvVcsiu6iWAr2PUZdSF5eMI= pos=<3768.270264, 401.591766, 6011.539551>) Entered the safezone
19:17:07.882 [AI Object Patrol 00111] Spawning 1 Ordinary_Civilian (Civilian) bots at <2550.454834, 306.304474, 6369.231934>
19:17:07.898 [AI Object Patrol 00111] Global patrol count: 1
19:17:17.351 [Safezone] Player "Da da Ya" (id=1OEPy6aKlMe0cmo8LieQDvVcsiu6iWAr2PUZdSF5eMI= pos=<3192.726807, 296.706818, 6090.986328>) Left the safezone
19:17:22.156 [Expansion Quests] Deleted quest with ID=8 is a of player with UID=1OEPy6aKlMe0cmo8LieQDvVcsiu6iWAr2PUZdSF5eMI=.
19:17:22.156 [Expansion Quests] Deleted quest with ID=9 is a of player with UID=1OEPy6aKlMe0cmo8LieQDvVcsiu6iWAr2PUZdSF5eMI=.
19:17:22.156 [Expansion Quests] Deleted quest with ID=11 is a of player with UID=1OEPy6aKlMe0cmo8LieQDvVcsiu6iWAr2PUZdSF5eMI=.
