10:20:54.648 [AI Object Patrol] Generating default Object Patrol config for chernarusplus
10:20:54.652 [AI Patrol] Generating default Patrol config for chernarusplus
10:23:34.761 [Expansion Quests] - InitQuestSystemClient - Created new persistent player quest data for player UID: 1OEPy6aKlMe0cmo8LieQDvVcsiu6iWAr2PUZdSF5eMI=
10:27:18.234 [MissionAirdrop] An airdrop is heading towards "Elektrozavodsk" (pos=<9371.000000, 0.000000, 2229.000000> type=Random_Elektrozavodsk) with a ExpansionAirdropContainer
10:27:33.843 [VehicleDestroyed] Sedan_02_Red (id=78A3C405094A0971D8512092A477B00D pos=<0.000000, 0.000000, 0.000000>)
10:27:33.843 [VehicleDestroyed] OffroadHatchback_White (id=35B6FCE41E4789A075208BAC6D873B6B pos=<0.000000, 0.000000, 0.000000>)
10:27:33.871 [VehicleDestroyed] CivilianSedan_Wine (id=E565DA870C4F009B66A93A9364B6AD6A pos=<0.000000, 0.000000, 0.000000>)
10:27:33.871 [VehicleDestroyed] CivilianSedan (id=6B8011C583444131B9473781DB6B5963 pos=<0.000000, 0.000000, 0.000000>)
10:27:33.871 [VehicleDestroyed] CivilianSedan (id=E9D716CEB94038EE158DCB8F4FEB8495 pos=<0.000000, 0.000000, 0.000000>)
10:27:33.871 [VehicleDestroyed] Hatchback_02 (id=6C4CB9EBCA46A1A03745E1B97B2A53A1 pos=<0.000000, 0.000000, 0.000000>)
10:27:33.871 [VehicleDestroyed] Hatchback_02 (id=85E0DCDA65461DB673C953A743EBBE7F pos=<0.000000, 0.000000, 0.000000>)
10:27:33.871 [VehicleDestroyed] Hatchback_02 (id=30139CB9394C079F2C27C68853770AF9 pos=<0.000000, 0.000000, 0.000000>)
10:27:33.871 [VehicleDestroyed] Hatchback_02_Black (id=60ECC05C8B4EAC8D2D9A5DA84A61F479 pos=<0.000000, 0.000000, 0.000000>)
10:27:33.871 [VehicleDestroyed] Hatchback_02_Blue (id=AC41704A2B421D6DFA9FF8BD74397EB5 pos=<0.000000, 0.000000, 0.000000>)
10:27:33.871 [VehicleDestroyed] Offroad_02 (id=16BA7B08BB4873BF6C1608B365B71BEC pos=<0.000000, 0.000000, 0.000000>)
10:27:33.871 [VehicleDestroyed] OffroadHatchback_Blue (id=4545DC78724FB839DF55F3ACDEB9757B pos=<0.000000, 0.000000, 0.000000>)
10:27:33.871 [VehicleDestroyed] Sedan_02_Grey (id=BC650988064707D2FAC5F68FB6E48C5E pos=<0.000000, 0.000000, 0.000000>)
10:27:33.871 [VehicleDestroyed] Sedan_02 (id=C7E80502F645275E798DFDAE2D9A05EA pos=<0.000000, 0.000000, 0.000000>)
10:27:33.871 [VehicleDestroyed] Sedan_02_Red (id=07538A668A4E263765749F824107BBCA pos=<0.000000, 0.000000, 0.000000>)
10:27:33.875 [VehicleDestroyed] Sedan_02_Red (id=781EB128ED486069071C6EB5DB343DF5 pos=<0.000000, 0.000000, 0.000000>)
10:27:33.890 [VehicleDestroyed] Hatchback_02_Blue (id=56BF0D89414D697892735CA847934ABC pos=<0.000000, 0.000000, 0.000000>)
10:27:33.898 [VehicleDestroyed] OffroadHatchback_Blue (id=4100B90BB1433BAE6EBD7F971B4BA372 pos=<0.000000, 0.000000, 0.000000>)
10:27:33.929 [VehicleDestroyed] CivilianSedan_Black (id=64ABA730354626A3C27598982009333A pos=<0.000000, 0.000000, 0.000000>)
10:27:33.929 [VehicleDestroyed] CivilianSedan_Wine (id=4D76873F0E45839EDF4958A773621BAD pos=<0.000000, 0.000000, 0.000000>)
10:27:33.929 [VehicleDestroyed] CivilianSedan_Black (id=EA3A2F5D5F419A4EB17FCC8E24E6B1D5 pos=<0.000000, 0.000000, 0.000000>)
10:27:33.929 [VehicleDestroyed] CivilianSedan (id=8E826078734661EBC0C878A80EFFDF38 pos=<0.000000, 0.000000, 0.000000>)
10:27:33.933 [VehicleDestroyed] Hatchback_02 (id=06D2BFFB724A310CA99D10B4B0EE3772 pos=<0.000000, 0.000000, 0.000000>)
10:27:33.933 [VehicleDestroyed] Hatchback_02_Blue (id=270A5CFC1C4F9A92F2D35E83B693E82A pos=<0.000000, 0.000000, 0.000000>)
10:27:33.933 [VehicleDestroyed] Offroad_02 (id=096C51FDAA4A4E863BDCBFBE300C85B9 pos=<0.000000, 0.000000, 0.000000>)
10:27:33.933 [VehicleDestroyed] Offroad_02 (id=34D152BE19401A47B6799B896EC23B76 pos=<0.000000, 0.000000, 0.000000>)
10:27:33.933 [VehicleDestroyed] OffroadHatchback_Blue (id=818EA3CEFC4A61763BC32C82C5E0ED0C pos=<0.000000, 0.000000, 0.000000>)
10:27:33.933 [VehicleDestroyed] OffroadHatchback_White (id=5F14888CC349768B11EB9F87C610FA2B pos=<0.000000, 0.000000, 0.000000>)
10:27:33.933 [VehicleDestroyed] OffroadHatchback_Blue (id=B906D97EAA43387B82399380857F2106 pos=<0.000000, 0.000000, 0.000000>)
10:27:33.933 [VehicleDestroyed] OffroadHatchback (id=B77BCDB7964362DC817A2096CA9930CD pos=<0.000000, 0.000000, 0.000000>)
10:27:33.933 [VehicleDestroyed] OffroadHatchback_Blue (id=D00084111347A06DC8CD96815774ED2A pos=<0.000000, 0.000000, 0.000000>)
10:27:33.933 [VehicleDestroyed] Sedan_02_Grey (id=4DA64FEAF445D745639E8E95D730A967 pos=<0.000000, 0.000000, 0.000000>)
10:27:33.933 [VehicleDestroyed] Sedan_02 (id=00D45B36D0470BD392C30A9A70F9B6A3 pos=<0.000000, 0.000000, 0.000000>)
10:27:33.933 [VehicleDestroyed] CivilianSedan_Wine (id=B49E3510064E5B40970AA89A5071B7D6 pos=<0.000000, 0.000000, 0.000000>)
10:27:33.933 [VehicleDestroyed] Sedan_02 (id=E03EAF466646EC57B923FF8280E2D6A3 pos=<0.000000, 0.000000, 0.000000>)
10:27:58.328 [VehicleDestroyed] Truck_01_Covered_Blue (id=D17A51DC394378DE7478999711D71753 pos=<0.000000, 0.000000, 0.000000>)
10:27:58.351 [VehicleDestroyed] Truck_01_Covered (id=8112D3726F4130011738148FBB5C3679 pos=<0.000000, 0.000000, 0.000000>)
10:27:58.359 [VehicleDestroyed] Truck_01_Covered (id=2BAFEA9E2A4CC085E60EC58404ADB81B pos=<0.000000, 0.000000, 0.000000>)
10:27:58.363 [VehicleDestroyed] Truck_01_Covered_Blue (id=99AC8146184AF913BD1DADA2B9E567A3 pos=<0.000000, 0.000000, 0.000000>)
10:27:58.371 [VehicleDestroyed] Truck_01_Covered_Orange (id=24CCABF4AC4778483953A5B6DEEF14EF pos=<0.000000, 0.000000, 0.000000>)
10:27:58.371 [VehicleDestroyed] Truck_01_Covered_Orange (id=C37027798D43819EDE0C0F82B3F4D924 pos=<0.000000, 0.000000, 0.000000>)
10:27:58.382 [VehicleDestroyed] Truck_01_Covered_Blue (id=511BA498424457BA26F40997B188417F pos=<0.000000, 0.000000, 0.000000>)
10:27:58.382 [VehicleDestroyed] Truck_01_Covered_Orange (id=79681D99484E1C087A20B28D2B81D212 pos=<0.000000, 0.000000, 0.000000>)
10:29:09.535 [Safezone] Player "Da da Ya" (id=1OEPy6aKlMe0cmo8LieQDvVcsiu6iWAr2PUZdSF5eMI= pos=<12101.786133, 139.831207, 12574.333984>) Entered the safezone
10:31:27.726 [AI Patrol] Spawning 3 West bots at <4528.678711, 324.341766, 5648.797852>
10:31:42.074 [Expansion Quests] - CompleteQuest - Player with UID 1OEPy6aKlMe0cmo8LieQDvVcsiu6iWAr2PUZdSF5eMI= has completed quest 14
10:31:43.839 [AI Patrol] Spawning 2 West bots at <4082.676514, 362.382141, 5847.946777>
10:33:29.488 [Safezone] Player "Da da Ya" (id=1OEPy6aKlMe0cmo8LieQDvVcsiu6iWAr2PUZdSF5eMI= pos=<4432.331055, 339.104095, 10187.876953>) Left the safezone
10:33:37.277 [AI Object Patrol] Spawning 2 West bots at <4121.494141, 339.000000, 10414.854492>
10:33:42.550 [VehicleDeleted] CivilianSedan_Black (id=64ABA730354626A3C27598982009333A pos=<0.000000, 0.000000, 0.000000>)
10:33:42.550 [VehicleDeleted] CivilianSedan_Wine (id=4D76873F0E45839EDF4958A773621BAD pos=<0.000000, 0.000000, 0.000000>)
10:33:42.558 [VehicleDeleted] CivilianSedan_Wine (id=E565DA870C4F009B66A93A9364B6AD6A pos=<0.000000, 0.000000, 0.000000>)
10:33:42.558 [VehicleDeleted] CivilianSedan (id=6B8011C583444131B9473781DB6B5963 pos=<0.000000, 0.000000, 0.000000>)
10:33:42.558 [VehicleDeleted] CivilianSedan (id=E9D716CEB94038EE158DCB8F4FEB8495 pos=<0.000000, 0.000000, 0.000000>)
10:33:42.558 [VehicleDeleted] CivilianSedan_Black (id=EA3A2F5D5F419A4EB17FCC8E24E6B1D5 pos=<0.000000, 0.000000, 0.000000>)
10:33:42.558 [VehicleDeleted] CivilianSedan (id=8E826078734661EBC0C878A80EFFDF38 pos=<0.000000, 0.000000, 0.000000>)
10:33:42.558 [VehicleDeleted] Hatchback_02 (id=6C4CB9EBCA46A1A03745E1B97B2A53A1 pos=<0.000000, 0.000000, 0.000000>)
10:33:42.558 [VehicleDeleted] Hatchback_02_Blue (id=56BF0D89414D697892735CA847934ABC pos=<0.000000, 0.000000, 0.000000>)
10:33:42.562 [VehicleDeleted] Hatchback_02 (id=85E0DCDA65461DB673C953A743EBBE7F pos=<0.000000, 0.000000, 0.000000>)
10:33:42.562 [VehicleDeleted] Hatchback_02 (id=30139CB9394C079F2C27C68853770AF9 pos=<0.000000, 0.000000, 0.000000>)
10:33:42.562 [VehicleDeleted] Hatchback_02_Black (id=60ECC05C8B4EAC8D2D9A5DA84A61F479 pos=<0.000000, 0.000000, 0.000000>)
10:33:42.562 [VehicleDeleted] Hatchback_02_Blue (id=AC41704A2B421D6DFA9FF8BD74397EB5 pos=<0.000000, 0.000000, 0.000000>)
10:33:42.562 [VehicleDeleted] Hatchback_02 (id=06D2BFFB724A310CA99D10B4B0EE3772 pos=<0.000000, 0.000000, 0.000000>)
10:33:42.566 [VehicleDeleted] Hatchback_02_Blue (id=270A5CFC1C4F9A92F2D35E83B693E82A pos=<0.000000, 0.000000, 0.000000>)
10:33:42.566 [VehicleDeleted] Offroad_02 (id=096C51FDAA4A4E863BDCBFBE300C85B9 pos=<0.000000, 0.000000, 0.000000>)
10:33:42.566 [VehicleDeleted] Offroad_02 (id=34D152BE19401A47B6799B896EC23B76 pos=<0.000000, 0.000000, 0.000000>)
10:33:42.566 [VehicleDeleted] Offroad_02 (id=16BA7B08BB4873BF6C1608B365B71BEC pos=<0.000000, 0.000000, 0.000000>)
10:33:42.570 [VehicleDeleted] OffroadHatchback_White (id=35B6FCE41E4789A075208BAC6D873B6B pos=<0.000000, 0.000000, 0.000000>)
10:33:42.570 [VehicleDeleted] OffroadHatchback_Blue (id=818EA3CEFC4A61763BC32C82C5E0ED0C pos=<0.000000, 0.000000, 0.000000>)
10:33:42.570 [VehicleDeleted] OffroadHatchback_Blue (id=4100B90BB1433BAE6EBD7F971B4BA372 pos=<0.000000, 0.000000, 0.000000>)
10:33:42.570 [VehicleDeleted] OffroadHatchback_White (id=5F14888CC349768B11EB9F87C610FA2B pos=<0.000000, 0.000000, 0.000000>)
10:33:42.570 [VehicleDeleted] OffroadHatchback_Blue (id=B906D97EAA43387B82399380857F2106 pos=<0.000000, 0.000000, 0.000000>)
10:33:42.570 [VehicleDeleted] OffroadHatchback (id=B77BCDB7964362DC817A2096CA9930CD pos=<0.000000, 0.000000, 0.000000>)
10:33:42.570 [VehicleDeleted] OffroadHatchback_Blue (id=D00084111347A06DC8CD96815774ED2A pos=<0.000000, 0.000000, 0.000000>)
10:33:42.570 [VehicleDeleted] OffroadHatchback_Blue (id=4545DC78724FB839DF55F3ACDEB9757B pos=<0.000000, 0.000000, 0.000000>)
10:33:42.574 [VehicleDeleted] Sedan_02_Grey (id=BC650988064707D2FAC5F68FB6E48C5E pos=<0.000000, 0.000000, 0.000000>)
10:33:42.574 [VehicleDeleted] Sedan_02_Red (id=781EB128ED486069071C6EB5DB343DF5 pos=<0.000000, 0.000000, 0.000000>)
10:33:42.574 [VehicleDeleted] Sedan_02_Grey (id=4DA64FEAF445D745639E8E95D730A967 pos=<0.000000, 0.000000, 0.000000>)
10:33:42.574 [VehicleDeleted] Sedan_02 (id=C7E80502F645275E798DFDAE2D9A05EA pos=<0.000000, 0.000000, 0.000000>)
10:33:42.574 [VehicleDeleted] Sedan_02_Red (id=07538A668A4E263765749F824107BBCA pos=<0.000000, 0.000000, 0.000000>)
10:33:42.574 [VehicleDeleted] Sedan_02 (id=00D45B36D0470BD392C30A9A70F9B6A3 pos=<0.000000, 0.000000, 0.000000>)
10:33:42.578 [VehicleDeleted] Sedan_02_Red (id=78A3C405094A0971D8512092A477B00D pos=<0.000000, 0.000000, 0.000000>)
10:33:42.578 [VehicleDeleted] CivilianSedan_Wine (id=B49E3510064E5B40970AA89A5071B7D6 pos=<0.000000, 0.000000, 0.000000>)
10:33:42.578 [VehicleDeleted] Sedan_02 (id=E03EAF466646EC57B923FF8280E2D6A3 pos=<0.000000, 0.000000, 0.000000>)
10:34:09.679 [VehicleDeleted] Truck_01_Covered (id=8112D3726F4130011738148FBB5C3679 pos=<0.000000, 0.000000, 0.000000>)
10:34:09.679 [VehicleDeleted] Truck_01_Covered_Blue (id=511BA498424457BA26F40997B188417F pos=<0.000000, 0.000000, 0.000000>)
10:34:09.695 [VehicleDeleted] Truck_01_Covered_Orange (id=79681D99484E1C087A20B28D2B81D212 pos=<0.000000, 0.000000, 0.000000>)
10:34:09.699 [VehicleDeleted] Truck_01_Covered_Blue (id=99AC8146184AF913BD1DADA2B9E567A3 pos=<0.000000, 0.000000, 0.000000>)
10:34:09.699 [VehicleDeleted] Truck_01_Covered_Orange (id=24CCABF4AC4778483953A5B6DEEF14EF pos=<0.000000, 0.000000, 0.000000>)
10:34:09.699 [VehicleDeleted] Truck_01_Covered_Blue (id=D17A51DC394378DE7478999711D71753 pos=<0.000000, 0.000000, 0.000000>)
10:34:09.699 [VehicleDeleted] Truck_01_Covered_Orange (id=C37027798D43819EDE0C0F82B3F4D924 pos=<0.000000, 0.000000, 0.000000>)
10:34:09.699 [VehicleDeleted] Truck_01_Covered (id=2BAFEA9E2A4CC085E60EC58404ADB81B pos=<0.000000, 0.000000, 0.000000>)
10:35:56.617 [Killfeed] AI Maria (Запад) был убит AI Helga (Наёмники) с M4-A1 из 106 м расстояние.
10:36:03.339 [Killfeed] AI Denis (Запад) был убит AI Baty (Наёмники) с M4-A1 из 207 м расстояние.
10:36:08.238 [AI Object Patrol] West bots were wiped out (spawn position <4121.494141, 339.000000, 10414.854492>, 2/2 deceased)
10:37:57.468 [Killfeed] AI Frida (Наёмники) умер от потери крови.
10:38:10.593 [Killfeed] AI Quinn (Наёмники) умер от потери крови.
10:38:11.671 [Killfeed] AI Helga (Наёмники) умер от Химическое отравление.
10:39:16.460 [Killfeed] AI Keiko (Наёмники) был убит Da da Ya с КА-101 из 104 м расстояние.
10:40:17.699 [Killfeed] AI Baty (Наёмники) был убит Da da Ya с M4-A1 из 3 м расстояние.
