15:43:45.160 [Party] Player "Survivor" (id=1OEPy6aKlMe0cmo8LieQDvVcsiu6iWAr2PUZdSF5eMI=) joinded the party "Falcon Resolute" (id=1 ownerUID=z63osPRVUnS8pzWmaenLtvu6c2gVxwL4gvA4elWPF5w= ownerName=Survivor (2))
15:43:45.160 [Expansion Quests] Initialize quest system on the connected client with UID=1OEPy6aKlMe0cmo8LieQDvVcsiu6iWAr2PUZdSF5eMI=
15:43:45.234 [Expansion Quests] Loaded existing player quest data for player with UID=1OEPy6aKlMe0cmo8LieQDvVcsiu6iWAr2PUZdSF5eMI=
15:43:45.238 [Expansion Quests] Loaded existing group quest data for group with ID=1
15:43:45.238 [Expansion Quests] Sending 1OEPy6aKlMe0cmo8LieQDvVcsiu6iWAr2PUZdSF5eMI= quest configs to client for player with UID=1OEPy6aKlMe0cmo8LieQDvVcsiu6iWAr2PUZdSF5eMI=
15:43:45.246 [Expansion Quests] Sending player quest data for 0 quests to player with UID=1OEPy6aKlMe0cmo8LieQDvVcsiu6iWAr2PUZdSF5eMI=
15:43:45.250 [AI Object Patrol 00142] Spawning 1 WaterPump_Tier0 (Raiders) bots at <13501.041992, 18.692007, 14044.284180>
15:43:45.269 [AI Object Patrol 00142] Global patrol count: 1
15:43:46.148 [Expansion Quests] - LoadGroupQuestData - Got cached group quest data for group with ID=1
15:45:01.617 [MissionAirdrop] An airdrop is heading towards "Zelenogorsk" (pos=<2351.000000, 0.000000, 5393.000000> type=Random_Zelenogorsk) with a ExpansionAirdropContainer_Military
15:46:09.117 [AI Patrol 00098] Spawning 1 Novodmitrovsk_Tier2 (Raiders) bots at <11021.506836, 75.502998, 14468.125977>
15:46:09.167 [AI Patrol 00098] Global patrol count: 2
15:46:09.171 [AI Object Patrol 00042] Spawning 1 WaterPump_Tier0 (Raiders) bots at <10747.748047, 54.837330, 14373.849609>
15:46:09.187 [AI Object Patrol 00042] Global patrol count: 3
15:46:09.187 [AI Object Patrol 00046] Spawning 1 WaterPump_Tier0 (Raiders) bots at <12118.985352, 96.182991, 13721.846680>
15:46:09.195 [AI Object Patrol 00046] Global patrol count: 4
15:46:09.195 [AI Patrol 00099] Spawning 1 Novodmitrovsk_Tier2 (Raiders) bots at <10925.300781, 67.502998, 14272.106445>
15:46:09.218 [AI Patrol 00099] Global patrol count: 5
15:46:09.218 [AI Object Patrol 00141] Spawning 2 FirelStation_Tier2 (Raiders) bots at <12192.018555, 92.521782, 13879.717773>
15:46:09.242 [AI Object Patrol 00141] Global patrol count: 6
15:49:45.574 [Party] Player "Survivor" (id=1OEPy6aKlMe0cmo8LieQDvVcsiu6iWAr2PUZdSF5eMI=) left the party "Falcon Resolute" (id=1 ownerUID=z63osPRVUnS8pzWmaenLtvu6c2gVxwL4gvA4elWPF5w= ownerName=Survivor (2))
