14:36:35.058 [Expansion Quests] - InitQuestSystemClient - Loaded existing player quest data for player with UID: 1OEPy6aKlMe0cmo8LieQDvVcsiu6iWAr2PUZdSF5eMI=
14:36:35.062 [Expansion Quests] - Create new quest instance for quest: 8 - Player UID: 1OEPy6aKlMe0cmo8LieQDvVcsiu6iWAr2PUZdSF5eMI=
14:36:35.062 [Expansion Quests] - Create new quest instance for quest: 9 - Player UID: 1OEPy6aKlMe0cmo8LieQDvVcsiu6iWAr2PUZdSF5eMI=
14:36:35.062 [Expansion Quests] - Create new quest instance for quest: 11 - Player UID: 1OEPy6aKlMe0cmo8LieQDvVcsiu6iWAr2PUZdSF5eMI=
14:41:20.656 [MissionAirdrop] An airdrop is heading towards "Stary Sobor" (pos=<5823.000000, 0.000000, 7764.000000> type=Random_Stary Sobor) with a ExpansionAirdropContainer_Medical
14:42:19.621 [AI Object Patrol] Spawning 3 West bots at <13752.000000, -0.052666, 11164.000000>
14:42:19.703 [AI Object Patrol] Spawning 2 West bots at <13684.000000, -0.090720, 11073.000000>
14:42:21.644 [AI Object Patrol] Spawning 1 West bots at <13881.000000, -1.292053, 11172.000000>
14:43:50.414 [AI Patrol] Spawning 1 Raiders bots at <8728.413086, 139.882904, 13510.397461>
14:47:12.035 [AI Patrol] Spawning 3 East bots at <1791.998657, 294.066010, 3103.016846>
14:47:12.093 [AI Patrol] Spawning 2 East bots at <1575.543213, 295.407990, 3068.697998>
14:47:14.265 [Killfeed] AI Linda (Восток) умер разбился с высоты.
14:47:18.894 [Killfeed] AI Gabi (Восток) умер разбился с высоты.
14:47:19.617 [Killfeed] AI Eva (Восток) умер разбился с высоты.
14:47:19.765 [Killfeed] AI Baty (Восток) умер разбился с высоты.
14:47:19.781 [Killfeed] AI Keiko (Восток) умер разбился с высоты.
14:47:21.265 [AI Patrol] East bots were wiped out (spawn position <1575.543213, 295.407990, 3068.697998>, 2/2 deceased)
14:47:22.050 [AI Patrol] East bots were wiped out (spawn position <1791.998657, 294.066010, 3103.016846>, 3/3 deceased)
14:50:09.402 [Safezone] Player "Da da Ya" (id=1OEPy6aKlMe0cmo8LieQDvVcsiu6iWAr2PUZdSF5eMI= pos=<1785.032104, 6.217270, 2148.335449>) Entered the safezone
14:50:33.902 [Safezone] Player "Da da Ya" (id=1OEPy6aKlMe0cmo8LieQDvVcsiu6iWAr2PUZdSF5eMI= pos=<420.399017, 80.241852, 4201.614746>) Left the safezone
14:52:37.414 [AI Object Patrol] Despawning 2 West bots (spawn position <13684.000000, -0.090720, 11073.000000>, 0/2 deceased)
14:52:41.812 [AI Object Patrol] Despawning 3 West bots (spawn position <13752.000000, -0.052666, 11164.000000>, 0/3 deceased)
14:52:41.812 [AI Object Patrol] Despawning 1 West bots (spawn position <13881.000000, -1.292053, 11172.000000>, 0/1 deceased)
14:55:26.746 [AI Patrol] Despawning 1 Raiders bots (spawn position <8728.413086, 139.882904, 13510.397461>, 0/1 deceased)
