15:53:31.382 [Party] Player "Tonby" (id=1OEPy6aKlMe0cmo8LieQDvVcsiu6iWAr2PUZdSF5eMI=) joinded the party "Spartan Dark" (id=0 ownerUID=1OEPy6aKlMe0cmo8LieQDvVcsiu6iWAr2PUZdSF5eMI= ownerName=Tonby)
15:53:31.382 [Expansion Quests] Initialize quest system on the connected client with UID=1OEPy6aKlMe0cmo8LieQDvVcsiu6iWAr2PUZdSF5eMI=
15:53:31.421 [Expansion Quests] Loaded existing player quest data for player with UID=1OEPy6aKlMe0cmo8LieQDvVcsiu6iWAr2PUZdSF5eMI=
15:53:31.421 [Expansion Quests] Loaded existing group quest data for group with ID=0
15:53:31.421 [Expansion Quests] Sending 1OEPy6aKlMe0cmo8LieQDvVcsiu6iWAr2PUZdSF5eMI= quest configs to client for player with UID=1OEPy6aKlMe0cmo8LieQDvVcsiu6iWAr2PUZdSF5eMI=
15:53:31.421 [Expansion Quests] Sending player quest data for 0 quests to player with UID=1OEPy6aKlMe0cmo8LieQDvVcsiu6iWAr2PUZdSF5eMI=
15:53:32.339 [Expansion Quests] - LoadGroupQuestData - Got cached group quest data for group with ID=0
15:58:01.515 [MissionAirdrop] An airdrop is heading towards "Al Falludiyah" (pos=<1966.145020, 0.000000, 3851.378418> type=Random_AlFalludiyah) with a ExpansionAirdropContainer_Military
16:03:36.812 [ExplosionDamageSystem] About to explode ARBomb_Ammo from ARBomb<3ffca470> at <8625.83, 442.44, 3911.84> EXPLOSION range 60 dropoff 15
16:03:36.812 [ExplosionDamageSystem] About to explode ARBomb_Ammo from ARBomb<3ffca470> at <8625.83, 442.44, 3911.84> EXPLOSION range 60 dropoff 15
16:03:37.023 [ExplosionDamageSystem] About to explode ARBomb_Ammo from ARBomb<3ffcbc90> at <8548.91, 440.46, 3802.42> EXPLOSION range 60 dropoff 15
16:03:37.023 [ExplosionDamageSystem] About to explode ARBomb_Ammo from ARBomb<3ffcbc90> at <8548.91, 440.46, 3802.42> EXPLOSION range 60 dropoff 15
16:03:37.585 [ExplosionDamageSystem] About to explode ARBomb_Ammo from ARBomb<3ffcb080> at <8637.04, 437.5, 3872.26> EXPLOSION range 60 dropoff 15
16:03:37.589 [ExplosionDamageSystem] About to explode ARBomb_Ammo from ARBomb<3ffcb080> at <8637.04, 437.5, 3872.26> EXPLOSION range 60 dropoff 15
16:03:38.484 [ExplosionDamageSystem] About to explode ARBomb_Ammo from ARBomb<3ffcb080> at <8642.57, 437.55, 3821.34> EXPLOSION range 60 dropoff 15
16:03:38.484 [ExplosionDamageSystem] About to explode ARBomb_Ammo from ARBomb<3ffcb080> at <8642.57, 437.55, 3821.34> EXPLOSION range 60 dropoff 15
16:03:39.074 [ExplosionDamageSystem] About to explode ARBomb_Ammo from ARBomb<3ffca470> at <8642.18, 437.58, 3879.97> EXPLOSION range 60 dropoff 15
16:03:39.074 [ExplosionDamageSystem] About to explode ARBomb_Ammo from ARBomb<3ffca470> at <8642.18, 437.58, 3879.97> EXPLOSION range 60 dropoff 15
16:03:39.550 [ExplosionDamageSystem] About to explode ARBomb_Ammo from ARBomb<3ffcb080> at <8556.68, 452.09, 3881.71> EXPLOSION range 60 dropoff 15
16:03:39.550 [ExplosionDamageSystem] About to explode ARBomb_Ammo from ARBomb<3ffcb080> at <8556.68, 452.09, 3881.71> EXPLOSION range 60 dropoff 15
16:03:40.304 [ExplosionDamageSystem] About to explode ARBomb_Ammo from ARBomb<3ffca470> at <8681.1, 437.64, 3864.48> EXPLOSION range 60 dropoff 15
16:03:40.308 [ExplosionDamageSystem] About to explode ARBomb_Ammo from ARBomb<3ffca470> at <8681.1, 437.64, 3864.48> EXPLOSION range 60 dropoff 15
16:03:40.562 [ExplosionDamageSystem] About to explode ARBomb_Ammo from ARBomb<3ffcd4b0> at <8546.06, 454.07, 3886.95> EXPLOSION range 60 dropoff 15
16:03:40.562 [ExplosionDamageSystem] About to explode ARBomb_Ammo from ARBomb<3ffcd4b0> at <8546.06, 454.07, 3886.95> EXPLOSION range 60 dropoff 15
16:03:41.031 [ExplosionDamageSystem] About to explode ARBomb_Ammo from ARBomb<3ffcb080> at <8559.59, 452.96, 3890.74> EXPLOSION range 60 dropoff 15
16:03:41.031 [ExplosionDamageSystem] About to explode ARBomb_Ammo from ARBomb<3ffcb080> at <8559.59, 452.96, 3890.74> EXPLOSION range 60 dropoff 15
16:03:41.660 [ExplosionDamageSystem] About to explode ARBomb_Ammo from ARBomb<3ffcbc90> at <8622.1, 444.94, 3919.87> EXPLOSION range 60 dropoff 15
16:03:41.664 [ExplosionDamageSystem] About to explode ARBomb_Ammo from ARBomb<3ffcbc90> at <8622.1, 444.94, 3919.87> EXPLOSION range 60 dropoff 15
16:03:42.046 [ExplosionDamageSystem] About to explode ARBomb_Ammo from ARBomb<3ffca470> at <8613.63, 437.71, 3840.63> EXPLOSION range 60 dropoff 15
16:03:42.050 [ExplosionDamageSystem] About to explode ARBomb_Ammo from ARBomb<3ffca470> at <8613.63, 437.71, 3840.63> EXPLOSION range 60 dropoff 15
16:03:42.320 [ExplosionDamageSystem] About to explode ARBomb_Ammo from ARBomb<3ffcb080> at <8543.16, 440.5, 3815.11> EXPLOSION range 60 dropoff 15
16:03:42.324 [ExplosionDamageSystem] About to explode ARBomb_Ammo from ARBomb<3ffcb080> at <8543.16, 440.5, 3815.11> EXPLOSION range 60 dropoff 15
16:03:42.988 [ExplosionDamageSystem] About to explode ARBomb_Ammo from ARBomb<3ffcb080> at <8573.2, 453.17, 3921.56> EXPLOSION range 60 dropoff 15
16:03:42.988 [ExplosionDamageSystem] About to explode ARBomb_Ammo from ARBomb<3ffcb080> at <8573.2, 453.17, 3921.56> EXPLOSION range 60 dropoff 15
16:03:43.808 [ExplosionDamageSystem] About to explode ARBomb_Ammo from ARBomb<3ffcb080> at <8537.84, 454.75, 3880.82> EXPLOSION range 60 dropoff 15
16:03:43.808 [ExplosionDamageSystem] About to explode ARBomb_Ammo from ARBomb<3ffcb080> at <8537.84, 454.75, 3880.82> EXPLOSION range 60 dropoff 15
16:03:44.648 [ExplosionDamageSystem] About to explode ARBomb_Ammo from ARBomb<3ffcd4b0> at <8677.4, 437.44, 3844.27> EXPLOSION range 60 dropoff 15
16:03:44.648 [ExplosionDamageSystem] About to explode ARBomb_Ammo from ARBomb<3ffcd4b0> at <8677.4, 437.44, 3844.27> EXPLOSION range 60 dropoff 15
16:03:45.507 [ExplosionDamageSystem] About to explode ARBomb_Ammo from ARBomb<3ffcc8a0> at <8683.29, 438.22, 3867.84> EXPLOSION range 60 dropoff 15
16:03:45.511 [ExplosionDamageSystem] About to explode ARBomb_Ammo from ARBomb<3ffcc8a0> at <8683.29, 438.22, 3867.84> EXPLOSION range 60 dropoff 15
16:03:45.875 [ExplosionDamageSystem] About to explode ARBomb_Ammo from ARBomb<3ffcb080> at <8621.38, 437.74, 3779.17> EXPLOSION range 60 dropoff 15
16:03:45.878 [ExplosionDamageSystem] About to explode ARBomb_Ammo from ARBomb<3ffcb080> at <8621.38, 437.74, 3779.17> EXPLOSION range 60 dropoff 15
16:03:45.882 [ExplosionDamageSystem] About to explode LandFuelFeed_Ammo from Land_FuelStation_Feed<55e1fc10> at <8631.42, 438.44, 3766.58> EXPLOSION range 20 dropoff 5
16:03:45.882 [ExplosionDamageSystem] About to explode LandFuelFeed_Ammo from Land_FuelStation_Feed<55e1fc10> at <8631.42, 438.44, 3766.58> EXPLOSION range 20 dropoff 5
16:03:45.882 [ExplosionDamageSystem] About to explode LandFuelFeed_Ammo from Land_FuelStation_Feed<55e24490> at <8628.35, 438.37, 3760.13> EXPLOSION range 20 dropoff 5
16:03:45.882 [ExplosionDamageSystem] About to explode LandFuelFeed_Ammo from Land_FuelStation_Feed<55e24490> at <8628.35, 438.37, 3760.13> EXPLOSION range 20 dropoff 5
16:03:45.882 [ExplosionDamageSystem] About to explode LandFuelFeed_Ammo from Land_FuelStation_Feed<55e23b80> at <8630.48, 438.41, 3759.74> EXPLOSION range 20 dropoff 5
16:03:45.882 [ExplosionDamageSystem] About to explode LandFuelFeed_Ammo from Land_FuelStation_Feed<55e23b80> at <8630.48, 438.41, 3759.74> EXPLOSION range 20 dropoff 5
16:03:45.882 [ExplosionDamageSystem] About to explode LandFuelFeed_Ammo from Land_FuelStation_Feed<55e20520> at <8627.41, 438.38, 3753.26> EXPLOSION range 20 dropoff 5
16:03:45.882 [ExplosionDamageSystem] About to explode LandFuelFeed_Ammo from Land_FuelStation_Feed<55e20520> at <8627.41, 438.38, 3753.26> EXPLOSION range 20 dropoff 5
16:03:45.882 [ExplosionDamageSystem] About to explode LandFuelFeed_Ammo from Land_FuelStation_Feed<55e22050> at <8629.18, 438.41, 3752.86> EXPLOSION range 20 dropoff 5
16:03:45.882 [ExplosionDamageSystem] About to explode LandFuelFeed_Ammo from Land_FuelStation_Feed<55e22050> at <8629.18, 438.41, 3752.86> EXPLOSION range 20 dropoff 5
16:03:46.875 [ExplosionDamageSystem] About to explode ARBomb_Ammo from ARBomb<3ffcc8a0> at <8588.35, 439.1, 3867.54> EXPLOSION range 60 dropoff 15
16:03:46.875 [ExplosionDamageSystem] About to explode ARBomb_Ammo from ARBomb<3ffcc8a0> at <8588.35, 439.1, 3867.54> EXPLOSION range 60 dropoff 15
16:03:47.617 [ExplosionDamageSystem] About to explode ARBomb_Ammo from ARBomb<3ffcbc90> at <8608.15, 447.97, 3916.99> EXPLOSION range 60 dropoff 15
16:03:47.621 [ExplosionDamageSystem] About to explode ARBomb_Ammo from ARBomb<3ffcbc90> at <8608.15, 447.97, 3916.99> EXPLOSION range 60 dropoff 15
16:03:47.859 [ExplosionDamageSystem] About to explode ARBomb_Ammo from ARBomb<3ffcd4b0> at <8679.28, 437.49, 3846.92> EXPLOSION range 60 dropoff 15
16:03:47.859 [ExplosionDamageSystem] About to explode ARBomb_Ammo from ARBomb<3ffcd4b0> at <8679.28, 437.49, 3846.92> EXPLOSION range 60 dropoff 15
16:03:48.105 [ExplosionDamageSystem] About to explode ARBomb_Ammo from ARBomb<3ffcbc90> at <8547.6, 440.39, 3824.37> EXPLOSION range 60 dropoff 15
16:03:48.105 [ExplosionDamageSystem] About to explode ARBomb_Ammo from ARBomb<3ffcbc90> at <8547.6, 440.39, 3824.37> EXPLOSION range 60 dropoff 15
16:03:48.800 [ExplosionDamageSystem] About to explode ARBomb_Ammo from ARBomb<3ffcc8a0> at <8604.5, 439.68, 3882.9> EXPLOSION range 60 dropoff 15
16:03:48.800 [ExplosionDamageSystem] About to explode ARBomb_Ammo from ARBomb<3ffcc8a0> at <8604.5, 439.68, 3882.9> EXPLOSION range 60 dropoff 15
16:03:49.187 [ExplosionDamageSystem] About to explode ARBomb_Ammo from ARBomb<3ffca470> at <8662.38, 439.08, 3898.34> EXPLOSION range 60 dropoff 15
16:03:49.187 [ExplosionDamageSystem] About to explode ARBomb_Ammo from ARBomb<3ffca470> at <8662.38, 439.08, 3898.34> EXPLOSION range 60 dropoff 15
16:03:49.589 [ExplosionDamageSystem] About to explode ARBomb_Ammo from ARBomb<3ffcbc90> at <8574.24, 439.86, 3808.19> EXPLOSION range 60 dropoff 15
16:03:49.589 [ExplosionDamageSystem] About to explode ARBomb_Ammo from ARBomb<3ffcbc90> at <8574.24, 439.86, 3808.19> EXPLOSION range 60 dropoff 15
16:03:50.367 [ExplosionDamageSystem] About to explode ARBomb_Ammo from ARBomb<3ffcd4b0> at <8573.72, 439.79, 3797.91> EXPLOSION range 60 dropoff 15
16:03:50.367 [ExplosionDamageSystem] About to explode ARBomb_Ammo from ARBomb<3ffcd4b0> at <8573.72, 439.79, 3797.91> EXPLOSION range 60 dropoff 15
16:03:50.890 [ExplosionDamageSystem] About to explode ARBomb_Ammo from ARBomb<3ffcc8a0> at <8583.5, 450.01, 3894.63> EXPLOSION range 60 dropoff 15
16:03:50.894 [ExplosionDamageSystem] About to explode ARBomb_Ammo from ARBomb<3ffcc8a0> at <8583.5, 450.01, 3894.63> EXPLOSION range 60 dropoff 15
16:03:51.718 [ExplosionDamageSystem] About to explode ARBomb_Ammo from ARBomb<3ffca470> at <8547.3, 453.59, 3879.26> EXPLOSION range 60 dropoff 15
16:03:51.718 [ExplosionDamageSystem] About to explode ARBomb_Ammo from ARBomb<3ffca470> at <8547.3, 453.59, 3879.26> EXPLOSION range 60 dropoff 15
16:03:52.707 [ExplosionDamageSystem] About to explode ARBomb_Ammo from ARBomb<3ffcd4b0> at <8550.27, 453.78, 3889.36> EXPLOSION range 60 dropoff 15
16:03:52.707 [ExplosionDamageSystem] About to explode ARBomb_Ammo from ARBomb<3ffcd4b0> at <8550.27, 453.78, 3889.36> EXPLOSION range 60 dropoff 15
16:03:53.605 [ExplosionDamageSystem] About to explode ARBomb_Ammo from ARBomb<3ffcc8a0> at <8614.89, 437.66, 3846.17> EXPLOSION range 60 dropoff 15
16:03:53.609 [ExplosionDamageSystem] About to explode ARBomb_Ammo from ARBomb<3ffcc8a0> at <8614.89, 437.66, 3846.17> EXPLOSION range 60 dropoff 15
16:13:24.187 [ExplosionDamageSystem] About to explode ARBomb_Ammo from ARBomb<3ffc1fc0> at <5100.5, 145.43, 6015.78> EXPLOSION range 60 dropoff 15
16:13:24.187 [ExplosionDamageSystem] About to explode ARBomb_Ammo from ARBomb<3ffc1fc0> at <5100.5, 145.43, 6015.78> EXPLOSION range 60 dropoff 15
16:13:25.121 [ExplosionDamageSystem] About to explode ARBomb_Ammo from ARBomb<3ffc1fc0> at <5129.31, 146.56, 6118.62> EXPLOSION range 60 dropoff 15
16:13:25.125 [ExplosionDamageSystem] About to explode ARBomb_Ammo from ARBomb<3ffc1fc0> at <5129.31, 146.56, 6118.62> EXPLOSION range 60 dropoff 15
16:13:25.984 [ExplosionDamageSystem] About to explode ARBomb_Ammo from ARBomb<270534d0> at <5100, 145.54, 6076.64> EXPLOSION range 60 dropoff 15
16:13:25.984 [ExplosionDamageSystem] About to explode ARBomb_Ammo from ARBomb<270534d0> at <5100, 145.54, 6076.64> EXPLOSION range 60 dropoff 15
16:13:26.457 [ExplosionDamageSystem] About to explode ARBomb_Ammo from ARBomb<270534d0> at <5121.22, 145.44, 6013.31> EXPLOSION range 60 dropoff 15
16:13:26.460 [ExplosionDamageSystem] About to explode ARBomb_Ammo from ARBomb<270534d0> at <5121.22, 145.44, 6013.31> EXPLOSION range 60 dropoff 15
16:13:26.949 [ExplosionDamageSystem] About to explode ARBomb_Ammo from ARBomb<27054cf0> at <5172.61, 145.43, 6111.79> EXPLOSION range 60 dropoff 15
16:13:26.949 [ExplosionDamageSystem] About to explode ARBomb_Ammo from ARBomb<27054cf0> at <5172.61, 145.43, 6111.79> EXPLOSION range 60 dropoff 15
16:13:27.679 [ExplosionDamageSystem] About to explode ARBomb_Ammo from ARBomb<270534d0> at <5130.16, 146.46, 6109.68> EXPLOSION range 60 dropoff 15
16:13:27.683 [ExplosionDamageSystem] About to explode ARBomb_Ammo from ARBomb<270534d0> at <5130.16, 146.46, 6109.68> EXPLOSION range 60 dropoff 15
16:13:28.324 [ExplosionDamageSystem] About to explode ARBomb_Ammo from ARBomb<270534d0> at <5111.83, 150.61, 6136.46> EXPLOSION range 60 dropoff 15
16:13:28.324 [ExplosionDamageSystem] About to explode ARBomb_Ammo from ARBomb<270534d0> at <5111.83, 150.61, 6136.46> EXPLOSION range 60 dropoff 15
16:13:28.871 [ExplosionDamageSystem] About to explode ARBomb_Ammo from ARBomb<27054cf0> at <5183.17, 145.43, 6052.16> EXPLOSION range 60 dropoff 15
16:13:28.875 [ExplosionDamageSystem] About to explode ARBomb_Ammo from ARBomb<27054cf0> at <5183.17, 145.43, 6052.16> EXPLOSION range 60 dropoff 15
16:13:29.683 [ExplosionDamageSystem] About to explode ARBomb_Ammo from ARBomb<27054cf0> at <5146.61, 145.45, 6050.59> EXPLOSION range 60 dropoff 15
16:13:29.683 [ExplosionDamageSystem] About to explode ARBomb_Ammo from ARBomb<27054cf0> at <5146.61, 145.45, 6050.59> EXPLOSION range 60 dropoff 15
16:13:30.390 [ExplosionDamageSystem] About to explode ARBomb_Ammo from ARBomb<270534d0> at <5085.46, 145.64, 6032.46> EXPLOSION range 60 dropoff 15
16:13:30.390 [ExplosionDamageSystem] About to explode ARBomb_Ammo from ARBomb<270534d0> at <5085.46, 145.64, 6032.46> EXPLOSION range 60 dropoff 15
16:13:31.320 [ExplosionDamageSystem] About to explode ARBomb_Ammo from ARBomb<27054cf0> at <5167.5, 145.31, 6123.78> EXPLOSION range 60 dropoff 15
16:13:31.324 [ExplosionDamageSystem] About to explode ARBomb_Ammo from ARBomb<27054cf0> at <5167.5, 145.31, 6123.78> EXPLOSION range 60 dropoff 15
16:13:31.843 [ExplosionDamageSystem] About to explode ARBomb_Ammo from ARBomb<27054cf0> at <5070.75, 146.65, 6047.49> EXPLOSION range 60 dropoff 15
16:13:31.843 [ExplosionDamageSystem] About to explode ARBomb_Ammo from ARBomb<27054cf0> at <5070.75, 146.65, 6047.49> EXPLOSION range 60 dropoff 15
16:13:32.285 [ExplosionDamageSystem] About to explode ARBomb_Ammo from ARBomb<270534d0> at <5157.68, 149.34, 6148.72> EXPLOSION range 60 dropoff 15
16:13:32.285 [ExplosionDamageSystem] About to explode ARBomb_Ammo from ARBomb<270534d0> at <5157.68, 149.34, 6148.72> EXPLOSION range 60 dropoff 15
16:13:32.593 [ExplosionDamageSystem] About to explode ARBomb_Ammo from ARBomb<270534d0> at <5131.55, 145.44, 6081.62> EXPLOSION range 60 dropoff 15
16:13:32.593 [ExplosionDamageSystem] About to explode ARBomb_Ammo from ARBomb<270534d0> at <5131.55, 145.44, 6081.62> EXPLOSION range 60 dropoff 15
16:13:33.480 [ExplosionDamageSystem] About to explode ARBomb_Ammo from ARBomb<270534d0> at <5175.87, 145.46, 6133.63> EXPLOSION range 60 dropoff 15
16:13:33.480 [ExplosionDamageSystem] About to explode ARBomb_Ammo from ARBomb<270534d0> at <5175.87, 145.46, 6133.63> EXPLOSION range 60 dropoff 15
16:13:33.687 [ExplosionDamageSystem] About to explode ARBomb_Ammo from ARBomb<27054cf0> at <5204.66, 145.43, 6067.86> EXPLOSION range 60 dropoff 15
16:13:33.687 [ExplosionDamageSystem] About to explode ARBomb_Ammo from ARBomb<27054cf0> at <5204.66, 145.43, 6067.86> EXPLOSION range 60 dropoff 15
16:13:34.121 [ExplosionDamageSystem] About to explode ARBomb_Ammo from ARBomb<27054cf0> at <5195.14, 145.22, 6033.36> EXPLOSION range 60 dropoff 15
16:13:34.121 [ExplosionDamageSystem] About to explode ARBomb_Ammo from ARBomb<27054cf0> at <5195.14, 145.22, 6033.36> EXPLOSION range 60 dropoff 15
16:13:35.035 [ExplosionDamageSystem] About to explode ARBomb_Ammo from ARBomb<270534d0> at <5169, 144.91, 6016.58> EXPLOSION range 60 dropoff 15
16:13:35.035 [ExplosionDamageSystem] About to explode ARBomb_Ammo from ARBomb<270534d0> at <5169, 144.91, 6016.58> EXPLOSION range 60 dropoff 15
16:13:35.796 [ExplosionDamageSystem] About to explode ARBomb_Ammo from ARBomb<27054cf0> at <5100.33, 145.64, 6080.22> EXPLOSION range 60 dropoff 15
16:13:35.796 [ExplosionDamageSystem] About to explode ARBomb_Ammo from ARBomb<27054cf0> at <5100.33, 145.64, 6080.22> EXPLOSION range 60 dropoff 15
16:13:36.218 [ExplosionDamageSystem] About to explode ARBomb_Ammo from ARBomb<27054cf0> at <5108.67, 145.46, 6004.58> EXPLOSION range 60 dropoff 15
16:13:36.218 [ExplosionDamageSystem] About to explode ARBomb_Ammo from ARBomb<27054cf0> at <5108.67, 145.46, 6004.58> EXPLOSION range 60 dropoff 15
16:13:36.644 [ExplosionDamageSystem] About to explode ARBomb_Ammo from ARBomb<270534d0> at <5205.79, 144.96, 6117.86> EXPLOSION range 60 dropoff 15
16:13:36.644 [ExplosionDamageSystem] About to explode ARBomb_Ammo from ARBomb<270534d0> at <5205.79, 144.96, 6117.86> EXPLOSION range 60 dropoff 15
16:13:37.292 [ExplosionDamageSystem] About to explode ARBomb_Ammo from ARBomb<270534d0> at <5078.72, 146.42, 6083.88> EXPLOSION range 60 dropoff 15
16:13:37.292 [ExplosionDamageSystem] About to explode ARBomb_Ammo from ARBomb<270534d0> at <5078.72, 146.42, 6083.88> EXPLOSION range 60 dropoff 15
16:13:37.492 [ExplosionDamageSystem] About to explode ARBomb_Ammo from ARBomb<27054cf0> at <5150.39, 145.52, 6112.91> EXPLOSION range 60 dropoff 15
16:13:37.496 [ExplosionDamageSystem] About to explode ARBomb_Ammo from ARBomb<27054cf0> at <5150.39, 145.52, 6112.91> EXPLOSION range 60 dropoff 15
16:13:38.027 [ExplosionDamageSystem] About to explode ARBomb_Ammo from ARBomb<270534d0> at <5080.12, 146.05, 6031.8> EXPLOSION range 60 dropoff 15
16:13:38.027 [ExplosionDamageSystem] About to explode ARBomb_Ammo from ARBomb<270534d0> at <5080.12, 146.05, 6031.8> EXPLOSION range 60 dropoff 15
16:13:38.636 [ExplosionDamageSystem] About to explode ARBomb_Ammo from ARBomb<270534d0> at <5100.26, 145.43, 6010.86> EXPLOSION range 60 dropoff 15
16:13:38.636 [ExplosionDamageSystem] About to explode ARBomb_Ammo from ARBomb<270534d0> at <5100.26, 145.43, 6010.86> EXPLOSION range 60 dropoff 15
16:13:39.613 [ExplosionDamageSystem] About to explode ARBomb_Ammo from ARBomb<270534d0> at <5067.51, 146.51, 6064.86> EXPLOSION range 60 dropoff 15
16:13:39.613 [ExplosionDamageSystem] About to explode ARBomb_Ammo from ARBomb<270534d0> at <5067.51, 146.51, 6064.86> EXPLOSION range 60 dropoff 15
16:13:40.554 [ExplosionDamageSystem] About to explode ARBomb_Ammo from ARBomb<270534d0> at <5132.66, 145.44, 6049.9> EXPLOSION range 60 dropoff 15
16:13:40.554 [ExplosionDamageSystem] About to explode ARBomb_Ammo from ARBomb<270534d0> at <5132.66, 145.44, 6049.9> EXPLOSION range 60 dropoff 15
16:13:40.832 [ExplosionDamageSystem] About to explode ARBomb_Ammo from ARBomb<270534d0> at <5121.51, 146.62, 6105.18> EXPLOSION range 60 dropoff 15
16:13:40.832 [ExplosionDamageSystem] About to explode ARBomb_Ammo from ARBomb<270534d0> at <5121.51, 146.62, 6105.18> EXPLOSION range 60 dropoff 15
16:13:41.636 [ExplosionDamageSystem] About to explode ARBomb_Ammo from ARBomb<270534d0> at <5126.56, 146.76, 6122.67> EXPLOSION range 60 dropoff 15
16:13:41.636 [ExplosionDamageSystem] About to explode ARBomb_Ammo from ARBomb<270534d0> at <5126.56, 146.76, 6122.67> EXPLOSION range 60 dropoff 15
16:13:42.238 [ExplosionDamageSystem] About to explode ARBomb_Ammo from ARBomb<270534d0> at <5163.35, 145.35, 6032.94> EXPLOSION range 60 dropoff 15
16:13:42.238 [ExplosionDamageSystem] About to explode ARBomb_Ammo from ARBomb<270534d0> at <5163.35, 145.35, 6032.94> EXPLOSION range 60 dropoff 15
16:23:50.636 [ExplosionDamageSystem] About to explode ARBomb_Ammo from ARBomb<d7011e0> at <3030.78, 60.47, 9866.78> EXPLOSION range 60 dropoff 15
16:23:50.636 [ExplosionDamageSystem] About to explode ARBomb_Ammo from ARBomb<d7011e0> at <3030.78, 60.47, 9866.78> EXPLOSION range 60 dropoff 15
16:23:51.269 [ExplosionDamageSystem] About to explode ARBomb_Ammo from ARBomb<d7011e0> at <3071.03, 60.46, 9886.12> EXPLOSION range 60 dropoff 15
16:23:51.269 [ExplosionDamageSystem] About to explode ARBomb_Ammo from ARBomb<d7011e0> at <3071.03, 60.46, 9886.12> EXPLOSION range 60 dropoff 15
16:23:51.937 [ExplosionDamageSystem] About to explode ARBomb_Ammo from ARBomb<d7011e0> at <2988.33, 60.23, 9880.29> EXPLOSION range 60 dropoff 15
16:23:51.941 [ExplosionDamageSystem] About to explode ARBomb_Ammo from ARBomb<d7011e0> at <2988.33, 60.23, 9880.29> EXPLOSION range 60 dropoff 15
16:23:52.687 [ExplosionDamageSystem] About to explode ARBomb_Ammo from ARBomb<d7011e0> at <3020.57, 60.47, 9884.8> EXPLOSION range 60 dropoff 15
16:23:52.687 [ExplosionDamageSystem] About to explode ARBomb_Ammo from ARBomb<d7011e0> at <3020.57, 60.47, 9884.8> EXPLOSION range 60 dropoff 15
16:23:53.523 [ExplosionDamageSystem] About to explode ARBomb_Ammo from ARBomb<d7011e0> at <2983.11, 62.73, 9942.6> EXPLOSION range 60 dropoff 15
16:23:53.523 [ExplosionDamageSystem] About to explode ARBomb_Ammo from ARBomb<d7011e0> at <2983.11, 62.73, 9942.6> EXPLOSION range 60 dropoff 15
16:23:53.761 [ExplosionDamageSystem] About to explode ARBomb_Ammo from ARBomb<d70aeb0> at <3062.49, 60.48, 9934.72> EXPLOSION range 60 dropoff 15
16:23:53.765 [ExplosionDamageSystem] About to explode ARBomb_Ammo from ARBomb<d70aeb0> at <3062.49, 60.48, 9934.72> EXPLOSION range 60 dropoff 15
16:23:54.152 [ExplosionDamageSystem] About to explode ARBomb_Ammo from ARBomb<d7011e0> at <2996.21, 61.09, 9921.87> EXPLOSION range 60 dropoff 15
16:23:54.156 [ExplosionDamageSystem] About to explode ARBomb_Ammo from ARBomb<d7011e0> at <2996.21, 61.09, 9921.87> EXPLOSION range 60 dropoff 15
16:23:55.113 [ExplosionDamageSystem] About to explode ARBomb_Ammo from ARBomb<d7011e0> at <3063.24, 60.47, 9922.69> EXPLOSION range 60 dropoff 15
16:23:55.117 [ExplosionDamageSystem] About to explode ARBomb_Ammo from ARBomb<d7011e0> at <3063.24, 60.47, 9922.69> EXPLOSION range 60 dropoff 15
16:23:55.652 [ExplosionDamageSystem] About to explode ARBomb_Ammo from ARBomb<d7011e0> at <3021.88, 63.11, 9962.73> EXPLOSION range 60 dropoff 15
16:23:55.656 [ExplosionDamageSystem] About to explode ARBomb_Ammo from ARBomb<d7011e0> at <3021.88, 63.11, 9962.73> EXPLOSION range 60 dropoff 15
16:23:55.855 [ExplosionDamageSystem] About to explode ARBomb_Ammo from ARBomb<d70aeb0> at <2998.02, 60.47, 9851.67> EXPLOSION range 60 dropoff 15
16:23:55.859 [ExplosionDamageSystem] About to explode ARBomb_Ammo from ARBomb<d70aeb0> at <2998.02, 60.47, 9851.67> EXPLOSION range 60 dropoff 15
16:23:56.367 [ExplosionDamageSystem] About to explode ARBomb_Ammo from ARBomb<d7011e0> at <3076.07, 60.32, 9850.89> EXPLOSION range 60 dropoff 15
16:23:56.371 [ExplosionDamageSystem] About to explode ARBomb_Ammo from ARBomb<d7011e0> at <3076.07, 60.32, 9850.89> EXPLOSION range 60 dropoff 15
16:23:56.375 [ExplosionDamageSystem] About to explode LandFuelFeed_Ammo from Land_FuelStation_Feed<620a9ef0> at <3080.98, 61.52, 9847.65> EXPLOSION range 20 dropoff 5
16:23:56.375 [ExplosionDamageSystem] About to explode LandFuelFeed_Ammo from Land_FuelStation_Feed<620a9ef0> at <3080.98, 61.52, 9847.65> EXPLOSION range 20 dropoff 5
16:23:56.757 [ExplosionDamageSystem] About to explode ARBomb_Ammo from ARBomb<d7011e0> at <3091.24, 60.44, 9836.66> EXPLOSION range 60 dropoff 15
16:23:56.761 [ExplosionDamageSystem] About to explode ARBomb_Ammo from ARBomb<d7011e0> at <3091.24, 60.44, 9836.66> EXPLOSION range 60 dropoff 15
16:23:56.761 [ExplosionDamageSystem] About to explode LandFuelFeed_Ammo from Land_FuelStation_Feed<620ac330> at <3094.26, 61.55, 9851.3> EXPLOSION range 20 dropoff 5
16:23:56.765 [ExplosionDamageSystem] About to explode LandFuelFeed_Ammo from Land_FuelStation_Feed<620ac330> at <3094.26, 61.55, 9851.3> EXPLOSION range 20 dropoff 5
16:23:57.558 [ExplosionDamageSystem] About to explode ARBomb_Ammo from ARBomb<d7011e0> at <2991, 60.33, 9869.64> EXPLOSION range 60 dropoff 15
16:23:57.558 [ExplosionDamageSystem] About to explode ARBomb_Ammo from ARBomb<d7011e0> at <2991, 60.33, 9869.64> EXPLOSION range 60 dropoff 15
16:23:58.144 [ExplosionDamageSystem] About to explode ARBomb_Ammo from ARBomb<d7011e0> at <3111.61, 60.43, 9888.08> EXPLOSION range 60 dropoff 15
16:23:58.148 [ExplosionDamageSystem] About to explode ARBomb_Ammo from ARBomb<d7011e0> at <3111.61, 60.43, 9888.08> EXPLOSION range 60 dropoff 15
16:23:58.753 [ExplosionDamageSystem] About to explode ARBomb_Ammo from ARBomb<d7011e0> at <3040.17, 60.48, 9920.68> EXPLOSION range 60 dropoff 15
16:23:58.757 [ExplosionDamageSystem] About to explode ARBomb_Ammo from ARBomb<d7011e0> at <3040.17, 60.48, 9920.68> EXPLOSION range 60 dropoff 15
16:23:59.449 [ExplosionDamageSystem] About to explode ARBomb_Ammo from ARBomb<d7011e0> at <3066.84, 60.47, 9876.02> EXPLOSION range 60 dropoff 15
16:23:59.449 [ExplosionDamageSystem] About to explode ARBomb_Ammo from ARBomb<d7011e0> at <3066.84, 60.47, 9876.02> EXPLOSION range 60 dropoff 15
16:23:59.453 [ExplosionDamageSystem] About to explode LandFuelFeed_Ammo from Land_FuelStation_Feed<620a71a0> at <3087.7, 61.56, 9849.44> EXPLOSION range 20 dropoff 5
16:23:59.453 [ExplosionDamageSystem] About to explode LandFuelFeed_Ammo from Land_FuelStation_Feed<620a71a0> at <3087.7, 61.56, 9849.44> EXPLOSION range 20 dropoff 5
16:23:59.957 [ExplosionDamageSystem] About to explode ARBomb_Ammo from ARBomb<d7011e0> at <3006.84, 60.48, 9848.57> EXPLOSION range 60 dropoff 15
16:23:59.957 [ExplosionDamageSystem] About to explode ARBomb_Ammo from ARBomb<d7011e0> at <3006.84, 60.48, 9848.57> EXPLOSION range 60 dropoff 15
16:24:00.378 [ExplosionDamageSystem] About to explode ARBomb_Ammo from ARBomb<d7011e0> at <3054.83, 63.77, 9967.14> EXPLOSION range 60 dropoff 15
16:24:00.378 [ExplosionDamageSystem] About to explode ARBomb_Ammo from ARBomb<d7011e0> at <3054.83, 63.77, 9967.14> EXPLOSION range 60 dropoff 15
16:24:00.691 [ExplosionDamageSystem] About to explode ARBomb_Ammo from ARBomb<d7011e0> at <2994.68, 60.47, 9855.47> EXPLOSION range 60 dropoff 15
16:24:00.695 [ExplosionDamageSystem] About to explode ARBomb_Ammo from ARBomb<d7011e0> at <2994.68, 60.47, 9855.47> EXPLOSION range 60 dropoff 15
16:24:01.527 [ExplosionDamageSystem] About to explode ARBomb_Ammo from ARBomb<d7011e0> at <3055.75, 60.47, 9887.48> EXPLOSION range 60 dropoff 15
16:24:01.531 [ExplosionDamageSystem] About to explode ARBomb_Ammo from ARBomb<d7011e0> at <3055.75, 60.47, 9887.48> EXPLOSION range 60 dropoff 15
16:24:02.207 [ExplosionDamageSystem] About to explode ARBomb_Ammo from ARBomb<d7011e0> at <3030.16, 60.47, 9914.26> EXPLOSION range 60 dropoff 15
16:24:02.210 [ExplosionDamageSystem] About to explode ARBomb_Ammo from ARBomb<d7011e0> at <3030.16, 60.47, 9914.26> EXPLOSION range 60 dropoff 15
16:24:02.675 [ExplosionDamageSystem] About to explode ARBomb_Ammo from ARBomb<d7011e0> at <2985.97, 62.64, 9945.01> EXPLOSION range 60 dropoff 15
16:24:02.675 [ExplosionDamageSystem] About to explode ARBomb_Ammo from ARBomb<d7011e0> at <2985.97, 62.64, 9945.01> EXPLOSION range 60 dropoff 15
16:24:03.410 [ExplosionDamageSystem] About to explode ARBomb_Ammo from ARBomb<d7011e0> at <3025.81, 60.47, 9907.66> EXPLOSION range 60 dropoff 15
16:24:03.414 [ExplosionDamageSystem] About to explode ARBomb_Ammo from ARBomb<d7011e0> at <3025.81, 60.47, 9907.66> EXPLOSION range 60 dropoff 15
16:24:04.339 [ExplosionDamageSystem] About to explode ARBomb_Ammo from ARBomb<d7011e0> at <3081.75, 60.5, 9828.57> EXPLOSION range 60 dropoff 15
16:24:04.339 [ExplosionDamageSystem] About to explode ARBomb_Ammo from ARBomb<d7011e0> at <3081.75, 60.5, 9828.57> EXPLOSION range 60 dropoff 15
16:24:05.113 [ExplosionDamageSystem] About to explode ARBomb_Ammo from ARBomb<d7011e0> at <3029.74, 60.47, 9910.93> EXPLOSION range 60 dropoff 15
16:24:05.113 [ExplosionDamageSystem] About to explode ARBomb_Ammo from ARBomb<d7011e0> at <3029.74, 60.47, 9910.93> EXPLOSION range 60 dropoff 15
16:24:06.046 [ExplosionDamageSystem] About to explode ARBomb_Ammo from ARBomb<d7011e0> at <3124.03, 60.4, 9900.17> EXPLOSION range 60 dropoff 15
16:24:06.046 [ExplosionDamageSystem] About to explode ARBomb_Ammo from ARBomb<d7011e0> at <3124.03, 60.4, 9900.17> EXPLOSION range 60 dropoff 15
16:24:06.300 [ExplosionDamageSystem] About to explode ARBomb_Ammo from ARBomb<d7011e0> at <3034.97, 61.99, 9820.69> EXPLOSION range 60 dropoff 15
16:24:06.304 [ExplosionDamageSystem] About to explode ARBomb_Ammo from ARBomb<d7011e0> at <3034.97, 61.99, 9820.69> EXPLOSION range 60 dropoff 15
16:24:06.531 [ExplosionDamageSystem] About to explode ARBomb_Ammo from ARBomb<d70aeb0> at <3023.18, 60.47, 9865.82> EXPLOSION range 60 dropoff 15
16:24:06.535 [ExplosionDamageSystem] About to explode ARBomb_Ammo from ARBomb<d70aeb0> at <3023.18, 60.47, 9865.82> EXPLOSION range 60 dropoff 15
16:24:06.867 [ExplosionDamageSystem] About to explode ARBomb_Ammo from ARBomb<d7011e0> at <3070.74, 62.85, 9966.15> EXPLOSION range 60 dropoff 15
16:24:06.871 [ExplosionDamageSystem] About to explode ARBomb_Ammo from ARBomb<d7011e0> at <3070.74, 62.85, 9966.15> EXPLOSION range 60 dropoff 15
16:33:51.636 [ExplosionDamageSystem] About to explode ARBomb_Ammo from ARBomb<3ffbbf40> at <8373.45, 296.12, 1895.44> EXPLOSION range 60 dropoff 15
16:33:51.640 [ExplosionDamageSystem] About to explode ARBomb_Ammo from ARBomb<3ffbbf40> at <8373.45, 296.12, 1895.44> EXPLOSION range 60 dropoff 15
16:33:52.257 [ExplosionDamageSystem] About to explode ARBomb_Ammo from ARBomb<3ffbbf40> at <8380.95, 295.9, 1854.52> EXPLOSION range 60 dropoff 15
16:33:52.261 [ExplosionDamageSystem] About to explode ARBomb_Ammo from ARBomb<3ffbbf40> at <8380.95, 295.9, 1854.52> EXPLOSION range 60 dropoff 15
16:33:52.714 [ExplosionDamageSystem] About to explode ARBomb_Ammo from ARBomb<3ffbcb50> at <8379.03, 296.07, 1942.68> EXPLOSION range 60 dropoff 15
16:33:52.718 [ExplosionDamageSystem] About to explode ARBomb_Ammo from ARBomb<3ffbcb50> at <8379.03, 296.07, 1942.68> EXPLOSION range 60 dropoff 15
16:33:52.718 [VehicleDestroyed] ExpansionUAZCargo_Black (id=176FD5AFD64C5F289917F1AAAC2F5C04 pos=<8384.32, 296.05, 1931.87>)
16:33:53.679 [ExplosionDamageSystem] About to explode ARBomb_Ammo from ARBomb<3ffbbf40> at <8324.1, 296.18, 1799.82> EXPLOSION range 60 dropoff 15
16:33:53.679 [ExplosionDamageSystem] About to explode ARBomb_Ammo from ARBomb<3ffbbf40> at <8324.1, 296.18, 1799.82> EXPLOSION range 60 dropoff 15
16:33:54.328 [ExplosionDamageSystem] About to explode ARBomb_Ammo from ARBomb<3ffbcb50> at <8331.44, 296.07, 1883.45> EXPLOSION range 60 dropoff 15
16:33:54.328 [ExplosionDamageSystem] About to explode ARBomb_Ammo from ARBomb<3ffbcb50> at <8331.44, 296.07, 1883.45> EXPLOSION range 60 dropoff 15
16:33:54.972 [ExplosionDamageSystem] About to explode ARBomb_Ammo from ARBomb<3ffbbf40> at <8355.29, 296.09, 1877.45> EXPLOSION range 60 dropoff 15
16:33:54.972 [ExplosionDamageSystem] About to explode ARBomb_Ammo from ARBomb<3ffbbf40> at <8355.29, 296.09, 1877.45> EXPLOSION range 60 dropoff 15
16:33:55.546 [ExplosionDamageSystem] About to explode ARBomb_Ammo from ARBomb<3ffbbf40> at <8326.57, 296.07, 1882.3> EXPLOSION range 60 dropoff 15
16:33:55.550 [ExplosionDamageSystem] About to explode ARBomb_Ammo from ARBomb<3ffbbf40> at <8326.57, 296.07, 1882.3> EXPLOSION range 60 dropoff 15
16:33:56.421 [ExplosionDamageSystem] About to explode ARBomb_Ammo from ARBomb<3ffbbf40> at <8307.52, 296.06, 1819.55> EXPLOSION range 60 dropoff 15
16:33:56.421 [ExplosionDamageSystem] About to explode ARBomb_Ammo from ARBomb<3ffbbf40> at <8307.52, 296.06, 1819.55> EXPLOSION range 60 dropoff 15
16:33:57.351 [ExplosionDamageSystem] About to explode ARBomb_Ammo from ARBomb<3ffbbf40> at <8428.21, 296.07, 1887.15> EXPLOSION range 60 dropoff 15
16:33:57.355 [ExplosionDamageSystem] About to explode ARBomb_Ammo from ARBomb<3ffbbf40> at <8428.21, 296.07, 1887.15> EXPLOSION range 60 dropoff 15
16:33:57.898 [ExplosionDamageSystem] About to explode ARBomb_Ammo from ARBomb<3ffbbf40> at <8333.22, 296.07, 1946.99> EXPLOSION range 60 dropoff 15
16:33:57.898 [ExplosionDamageSystem] About to explode ARBomb_Ammo from ARBomb<3ffbbf40> at <8333.22, 296.07, 1946.99> EXPLOSION range 60 dropoff 15
16:33:58.437 [ExplosionDamageSystem] About to explode ARBomb_Ammo from ARBomb<3ffbbf40> at <8373.3, 296.08, 1865.77> EXPLOSION range 60 dropoff 15
16:33:58.441 [ExplosionDamageSystem] About to explode ARBomb_Ammo from ARBomb<3ffbbf40> at <8373.3, 296.08, 1865.77> EXPLOSION range 60 dropoff 15
16:33:58.804 [ExplosionDamageSystem] About to explode ARBomb_Ammo from ARBomb<3ffbbf40> at <8329.77, 296.07, 1894.9> EXPLOSION range 60 dropoff 15
16:33:58.804 [ExplosionDamageSystem] About to explode ARBomb_Ammo from ARBomb<3ffbbf40> at <8329.77, 296.07, 1894.9> EXPLOSION range 60 dropoff 15
16:33:59.777 [ExplosionDamageSystem] About to explode ARBomb_Ammo from ARBomb<3ffbbf40> at <8279.31, 296.07, 1889.6> EXPLOSION range 60 dropoff 15
16:33:59.777 [ExplosionDamageSystem] About to explode ARBomb_Ammo from ARBomb<3ffbbf40> at <8279.31, 296.07, 1889.6> EXPLOSION range 60 dropoff 15
16:34:00.398 [ExplosionDamageSystem] About to explode ARBomb_Ammo from ARBomb<3ffbcb50> at <8312.36, 296.03, 1815.55> EXPLOSION range 60 dropoff 15
16:34:00.402 [ExplosionDamageSystem] About to explode ARBomb_Ammo from ARBomb<3ffbcb50> at <8312.36, 296.03, 1815.55> EXPLOSION range 60 dropoff 15
16:34:01.289 [ExplosionDamageSystem] About to explode ARBomb_Ammo from ARBomb<3ffbbf40> at <8394.95, 296.11, 1913.94> EXPLOSION range 60 dropoff 15
16:34:01.289 [ExplosionDamageSystem] About to explode ARBomb_Ammo from ARBomb<3ffbbf40> at <8394.95, 296.11, 1913.94> EXPLOSION range 60 dropoff 15
16:34:01.808 [ExplosionDamageSystem] About to explode ARBomb_Ammo from ARBomb<3ffbbf40> at <8388.78, 296.12, 1890.89> EXPLOSION range 60 dropoff 15
16:34:01.808 [ExplosionDamageSystem] About to explode ARBomb_Ammo from ARBomb<3ffbbf40> at <8388.78, 296.12, 1890.89> EXPLOSION range 60 dropoff 15
16:34:01.816 [ExplosionDamageSystem] About to explode ClaymoreMine_Ammo from ClaymoreMine<24152cd0> at <8395.35, 297.14, 1885.75> EXPLOSION range 30 dropoff 10
16:34:01.816 [ExplosionDamageSystem] About to explode ClaymoreMine_Secondary_Ammo from ClaymoreMine<24152cd0> at <8395.35, 297.14, 1885.75> EXPLOSION range 4 dropoff 1
16:34:01.816 [ExplosionDamageSystem] About to explode ClaymoreMine_Ammo from ClaymoreMine<24152cd0> at <8395.35, 297.14, 1885.75> EXPLOSION range 30 dropoff 10
16:34:01.816 [ExplosionDamageSystem] About to explode ClaymoreMine_Secondary_Ammo from ClaymoreMine<24152cd0> at <8395.35, 297.14, 1885.75> EXPLOSION range 4 dropoff 1
16:34:02.167 [ExplosionDamageSystem] About to explode ARBomb_Ammo from ARBomb<3ffbcb50> at <8364.84, 297.91, 1806.89> EXPLOSION range 60 dropoff 15
16:34:02.167 [ExplosionDamageSystem] About to explode ARBomb_Ammo from ARBomb<3ffbcb50> at <8364.84, 297.91, 1806.89> EXPLOSION range 60 dropoff 15
16:38:59.976 [VehicleDeleted] ExpansionUAZCargo_Black (id=176FD5AFD64C5F289917F1AAAC2F5C04 pos=<8384.32, 296.05, 1931.87>)
