[COT 2024-10-28 17:22:35] 76561199072190350: Activated Community Online Tools [guid=1OEPy6aKlMe0cmo8LieQDvVcsiu6iWAr2PUZdSF5eMI=]
[COT 2024-10-28 17:22:36] 76561199072190350: Set GodMode To true [guid=1OEPy6aKlMe0cmo8LieQDvVcsiu6iWAr2PUZdSF5eMI=]
[COT 2024-10-28 17:22:38] 76561199072190350: Date 2024/9/19 6:0
[COT 2024-10-28 17:23:16] 76561199072190350: Teleported 76561199072190350 to position <11881.358398, 140.000000, 12462.339844>
[COT 2024-10-28 17:23:35] 76561199072190350: Teleported 76561199072190350 to position <11415.505859, 89.173630, 14599.655273>
[COT 2024-10-28 17:25:18] 76561199072190350: Teleported 76561199072190350 to position <11874.650391, 140.000000, 12468.850586>
[COT 2024-10-28 17:26:30] 76561199072190350: Spawned Entity M1A SOCOM (Expansion_M1A<308bdd30>, 100, 250, 15, 0) at <11849.414063, 140.605072, 12474.207031>
[COT 2024-10-28 17:26:44] 76561199072190350: Spawned Entity M14 Springfield (Expansion_M14_Base<308bf750>, 100, 175, 15, 0) at <11849.229492, 140.605087, 12474.323242>
[COT 2024-10-28 17:27:26] 76561199072190350: Spawned Entity Магазин M14 на 10 пат. (Mag_Expansion_M14_10Rnd<34ed53a0>, 10, 100, 15, 0) at <11850.795898, 140.605087, 12475.158203>
[COT 2024-10-28 17:42:30] 76561199072190350: Teleported 76561199072190350 to position <13544.304688, 8.129537, 13904.493164>
[COT 2024-10-28 17:43:18] 76561199072190350: Teleported 76561199072190350 to position <14194.680664, 128.607147, 14903.098633>
[COT 2024-10-28 17:44:06] 76561199072190350: Teleported 76561199072190350 to position <11604.146484, 158.669189, 10644.043945>
[COT 2024-10-28 17:45:12] 76561199072190350: Teleported 76561199072190350 to position <9701.289063, 160.827362, 13131.519531>
[COT 2024-10-28 17:45:56] 76561199072190350: Teleported 76561199072190350 to position <9936.489258, 157.733353, 10384.774414>
[COT 2024-10-28 17:51:16] 76561199072190350: Spawned Entity Ada 4x4 (OffroadHatchback_White<1a028e40>, 100, 1000, 15, 0) at <10079.610352, 152.346832, 10342.905273>
[COT 2024-10-28 17:51:28] 76561199072190350: Set UnlimitedAmmo To true [guid=1OEPy6aKlMe0cmo8LieQDvVcsiu6iWAr2PUZdSF5eMI=]
[COT 2024-10-28 17:52:56] 76561199072190350: Teleported 76561199072190350 to position <10706.182617, 142.716095, 10782.111328>
[COT 2024-10-28 17:53:31] 76561199072190350: Spawned Entity Бык (Animal_BosTaurus<e7375210>, 100, -1, 15, 0) at <10766.372070, 159.004044, 10914.144531>
[COT 2024-10-28 17:53:38] 76561199072190350: Spawned Entity Козел (Animal_CapraHircus<e736e8e0>, 100, -1, 15, 0) at <10766.703125, 159.181580, 10915.599609>
[COT 2024-10-28 17:53:45] 76561199072190350: Spawned Entity Самец косули (Animal_CapreolusCapreolus<e7381ae0>, 100, -1, 15, 0) at <10767.854492, 159.275345, 10916.016602>
[COT 2024-10-28 17:53:51] 76561199072190350: Spawned Entity Баран (Animal_OvisAries<e738da20>, 100, -1, 15, 0) at <10766.505859, 159.593948, 10918.929688>
[COT 2024-10-28 17:53:58] 76561199072190350: Spawned Entity Рыжая лисица (Animal_VulpesVulpes<e738e3b0>, 100, -1, 15, 0) at <10766.743164, 160.134445, 10923.582031>
[COT 2024-10-28 17:54:10] 76561199072190350: Spawned Entity Свинья (Animal_SusDomesticus<e7387a80>, 100, -1, 15, 0) at <10790.663086, 164.447693, 10961.609375>
[COT 2024-10-28 17:54:14] 76561199072190350: Spawned Entity Северный олень (Animal_RangiferTarandusF<e738ed40>, 100, -1, 15, 0) at <10786.624023, 164.455383, 10964.410156>
[COT 2024-10-28 17:54:17] 76561199072190350: Spawned Entity Северный олень (Animal_RangiferTarandus<e7394ce0>, 100, -1, 15, 0) at <10784.861328, 164.169724, 10961.616211>
[COT 2024-10-28 17:54:19] 76561199072190350: Spawned Entity Овца (Animal_OvisAriesF<e73926a0>, 100, -1, 15, 0) at <10784.267578, 163.919983, 10958.543945>
[COT 2024-10-28 17:54:21] 76561199072190350: Spawned Entity Баран (Animal_OvisAries<e7395670>, 100, -1, 15, 0) at <10784.774414, 163.851654, 10957.255859>
[COT 2024-10-28 17:54:23] 76561199072190350: Spawned Entity Дикий Заяц (Animal_LepusEuropaeus<e7390060>, 100, -1, 15, 0) at <10785.812500, 163.852982, 10956.598633>
[COT 2024-10-28 17:55:43] 76561199072190350: Spawned Entity Волк (Animal_CanisLupus<e7374880>, 100, -1, 15, 0) at <10809.552734, 170.892410, 11021.788086>
[COT 2024-10-28 17:55:49] 76561199072190350: Spawned Entity Олень (Animal_CervusElaphus<301ebde0>, 100, -1, 15, 0) at <10809.731445, 170.939392, 11021.871094>
[COT 2024-10-28 17:55:59] 76561199072190350: Spawned Entity Бурый медведь (Animal_UrsusArctos<301f9040>, 100, -1, 15, 0) at <10810.317383, 171.093994, 11022.142578>
[COT 2024-10-28 17:56:44] 76561199072190350: Spawned Entity Бурый медведь (Animal_UrsusArctos<301facf0>, 100, -1, 15, 0) at <10814.598633, 174.658875, 11065.121094>
[COT 2024-10-28 17:56:54] 76561199072190350: Spawned Entity КАС-74У (AKS74U<f94db30>, 100, 250, 15, 0) at <10815.417969, 174.644943, 11064.789063>
