[COT 2025-01-29 11:53:44] 76561199072190350: Activated Community Online Tools [guid=1OEPy6aKlMe0cmo8LieQDvVcsiu6iWAr2PUZdSF5eMI=]
[COT 2025-01-29 11:53:45] 76561199072190350: Set GodMode To true [guid=1OEPy6aKlMe0cmo8LieQDvVcsiu6iWAr2PUZdSF5eMI=]
[COT 2025-01-29 11:54:24] 76561199072190350: ESP: ESP updating
[COT 2025-01-29 11:54:48] 76561199072190350: Teleported 76561199072190350 to position <5176.751953, 145.385605, 6072.511230>
[COT 2025-01-29 11:55:42] 76561199072190350: Entered the Free Camera
[COT 2025-01-29 12:00:10] 76561199072190350: Left the Free Camera
[COT 2025-01-29 12:04:09] 76561199072190350: Spawned Entity Балаклава  (Balaclava3Holes_Green<5f7fade0>, 225, 100, 15, 0) at <6341.593750, 314.870667, 6389.248535>
[COT 2025-01-29 12:08:47] 76561199072190350: Spawned Entity ВПО-136 "Вепрь-КМ" (TF_VPO136_Base<6fa49110>, 225, 300, 15, 0) at <6342.889648, 314.923737, 6387.290039>
[COT 2025-01-29 12:10:04] 76561199072190350: Spawned Entity Бронежилет (PlateCarrierVest<700fcce0>, 225, 225, 15, 0) at <6329.456543, 314.225983, 6376.631348>
[COT 2025-01-29 12:15:43] 76561199072190350: Spawned Entity Балаклава  (Balaclava3Holes_Black<7010f980>, 225, 100, 15, 0) at <6392.648438, 310.505585, 6395.452637>
[COT 2025-01-29 12:16:04] 76561199072190350: Spawned Entity КА-M (AKM_Base<6fa5b070>, 225, 300, 15, 0) at <6393.921387, 311.017181, 6391.754395>
[COT 2025-01-29 12:16:47] 76561199072190350: Spawned Entity Бандана (Bandana_BlackPattern<70887c40>, 225, 25, 15, 0) at <6396.089844, 309.487000, 6398.297852>
[COT 2025-01-29 12:16:57] 76561199072190350: Spawned Entity Шемаг (Shemag_Brown<742b85f0>, 225, 100, 15, 0) at <6393.036621, 309.886047, 6398.560547>
[COT 2025-01-29 12:18:34] 76561199072190350: Spawned Entity Штурмовой шлем (GorkaHelmet<742bbfc0>, 225, 100, 15, 0) at <6389.927246, 310.895752, 6394.947754>
[COT 2025-01-29 12:19:24] 76561199072190350: Spawned Entity КА-M (AKM_Base<6fa5a360>, 225, 300, 15, 0) at <6388.472168, 310.911041, 6395.725098>
[COT 2025-01-29 12:19:51] 76561199072190350: Spawned Entity Магазин AK 7,62x39 30 пат. (TF_Mag_AKM_30Rnd<742ce0d0>, 30, 100, 15, 0) at <6385.643555, 311.877747, 6392.351074>
[COT 2025-01-29 12:19:59] 76561199072190350: Spawned Entity Деревянный приклад КА (AK_WoodBttstck<72b93d60>, 30, 300, 15, 0) at <6385.747070, 311.953735, 6392.410156>
[COT 2025-01-29 12:20:01] 76561199072190350: Spawned Entity Деревянное цевьё КА (AK_WoodHndgrd<72b97730>, 30, 200, 15, 0) at <6385.819336, 312.007111, 6392.452148>
[COT 2025-01-29 12:21:03] 76561199072190350: Spawned Entity AKM (TF_AKM_Base<6fa5d7a0>, 500, 300, 15, 0) at <6383.263184, 312.121368, 6392.862793>
[COT 2025-01-29 12:21:26] 76561199072190350: Spawned Entity Магазин AK 7,62x39 30 пат. (TF_Mag_AKM_30Rnd<72b98e50>, 30, 100, 15, 0) at <6385.635254, 312.643158, 6387.589844>
[COT 2025-01-29 12:21:33] 76561199072190350: Spawned Entity Деревянный приклад КА (AK_WoodBttstck<72b999e0>, 30, 300, 15, 0) at <6386.082520, 312.502106, 6388.232910>
[COT 2025-01-29 12:21:35] 76561199072190350: Spawned Entity Деревянное цевьё КА (AK_WoodHndgrd<72b5cea0>, 30, 200, 15, 0) at <6386.060059, 312.570496, 6388.253906>
[COT 2025-01-29 12:24:59] 76561199072190350: Spawned Entity АЕК-999 Барсук (TF_AEK999<6fa64d30>, 30, 250, 15, 0) at <6393.064941, 309.672516, 6399.693848>
[COT 2025-01-29 12:27:12] 76561199072190350: Spawned Entity ПКМ (TF_PKM<6fa71120>, 30, 250, 15, 0) at <6391.687500, 310.820404, 6394.315918>
[COT 2025-01-29 12:27:27] 76561199072190350: Spawned Entity ПКП Печенег (TF_PKP<6fa35790>, 30, 250, 15, 0) at <6389.368164, 311.580444, 6391.391602>
[COT 2025-01-29 12:27:37] 76561199072190350: Spawned Entity ПКМ (TF_PKM<6fa33060>, 30, 250, 15, 0) at <6389.403320, 311.947052, 6389.227539>
[COT 2025-01-29 12:30:58] 76561199072190350: Spawned Entity Деревянный приклад ПК (TF_PKM_WoodBttstck<7716ff60>, 30, 250, 15, 0) at <6387.370605, 312.114136, 6389.566895>
[COT 2025-01-29 12:34:10] 76561199072190350: Spawned Entity Нарукавная повязка (Armband_ColorBase<77176770>, 30, 100, 15, 0) at <6392.908203, 311.259216, 6391.018555>
[COT 2025-01-29 12:34:25] 76561199072190350: Spawned Entity Нарукавная повязка (Armband_ColorBase<77178a20>, 30, 100, 15, 0) at <6394.206543, 310.852264, 6392.480957>
[COT 2025-01-29 12:35:43] 76561199072190350: Storm 1, 0.7, 25
[COT 2025-01-29 12:35:43] 76561199072190350: Overcast 0.656528, 0, 240
[COT 2025-01-29 12:35:43] 76561199072190350: Rain 0, 0, 240
[COT 2025-01-29 12:35:43] 76561199072190350: Snow 0, 0, 240
[COT 2025-01-29 12:35:43] 76561199072190350: Fog 0, 0, 240
[COT 2025-01-29 12:35:43] 76561199072190350: DynamicFog 0, 0, 0
[COT 2025-01-29 12:35:43] 76561199072190350: WindMagnitude 4.40321, 0, 240
[COT 2025-01-29 12:35:43] 76561199072190350: WindDirection 3.83591, 0, 240
[COT 2025-01-29 12:35:43] 76561199072190350: WindFunction 0.768627, 0.802231, 4.99985
[COT 2025-01-29 12:35:44] 76561199072190350: Overcast 0, 0, 240
[COT 2025-01-29 12:35:44] 76561199072190350: Rain 0, 0, 240
[COT 2025-01-29 12:35:44] 76561199072190350: Snow 0, 0, 240
[COT 2025-01-29 12:35:44] 76561199072190350: Fog 0, 0, 240
[COT 2025-01-29 12:35:44] 76561199072190350: DynamicFog 0, 0, 0
[COT 2025-01-29 12:35:44] 76561199072190350: WindMagnitude 0, 0, 240
[COT 2025-01-29 12:35:44] 76561199072190350: WindDirection 0, 0, 240
[COT 2025-01-29 12:35:44] 76561199072190350: WindFunction 0, 1, 30
[COT 2025-01-29 12:35:44] 76561199072190350: Date 2011/7/2 6:0
[COT 2025-01-29 12:35:46] 76561199072190350: Entered the Free Camera
