[COT 2025-01-15 07:51:21] 76561199072190350: Activated Community Online Tools [guid=1OEPy6aKlMe0cmo8LieQDvVcsiu6iWAr2PUZdSF5eMI=]
[COT 2025-01-15 07:51:22] 76561199072190350: Set GodMode To true [guid=1OEPy6aKlMe0cmo8LieQDvVcsiu6iWAr2PUZdSF5eMI=]
[COT 2025-01-15 07:51:34] 76561199072190350: Entered the Free Camera
[COT 2025-01-15 08:00:10] 76561199072190350: Left the Free Camera
[COT 2025-01-15 08:00:19] 76561199072190350: Entered the Free Camera
[COT 2025-01-15 08:00:46] 76561199072190350: Left the Free Camera
[COT 2025-01-15 08:01:07] 76561199072190350: Spawned Entity Комплект для баррикадирования окон (BF_WindowBarricadeKit<e7c7f150>, 100, 100, 15, 0) at <12071.679688, 122.871574, 11996.240234>
[COT 2025-01-15 08:01:13] 76561199072190350: Spawned Entity Веревка (Rope<e7ca10c0>, 100, 200, 15, 0) at <12071.037109, 122.871574, 11997.816406>
[COT 2025-01-15 08:01:13] 76561199072190350: Spawned Entity Веревка (Rope<e7ca4a90>, 100, 200, 15, 0) at <12071.014648, 122.903053, 11997.806641>
[COT 2025-01-15 08:01:13] 76561199072190350: Spawned Entity Веревка (Rope<e7ca1c50>, 100, 200, 15, 0) at <12070.996094, 122.934532, 11997.796875>
[COT 2025-01-15 08:01:21] 76561199072190350: Spawned Entity Короткая палка (WoodenStick<e7ca61b0>, 5, 50, 15, 0) at <12070.981445, 122.966011, 11997.784180>
[COT 2025-01-15 08:01:21] 76561199072190350: Spawned Entity Короткая палка (WoodenStick<e7ca6d40>, 5, 50, 15, 0) at <12070.950195, 123.020988, 11997.767578>
[COT 2025-01-15 08:01:21] 76561199072190350: Spawned Entity Короткая палка (WoodenStick<e7ca8ff0>, 5, 50, 15, 0) at <12070.908203, 123.091568, 11997.745117>
[COT 2025-01-15 08:01:21] 76561199072190350: Spawned Entity Короткая палка (WoodenStick<e7caa710>, 5, 50, 15, 0) at <12070.866211, 123.164368, 11997.721680>
[COT 2025-01-15 08:01:22] 76561199072190350: Spawned Entity Короткая палка (WoodenStick<e7cab2a0>, 5, 50, 15, 0) at <12070.867188, 123.163635, 11997.721680>
[COT 2025-01-15 08:02:02] 76561199072190350: Entered the Free Camera
[COT 2025-01-15 08:02:14] 76561199072190350: Left the Free Camera
[COT 2025-01-15 08:02:40] 76561199072190350: Spawned Entity METAL HATCH (BF_WindowBarricade<61338a40>, 5, 100, 15, 0) at <11433.104492, 330.613342, 11364.319336>
[COT 2025-01-15 08:02:43] 76561199072190350: Spawned Entity METAL HATCH (BF_WindowBarricade<6134e810>, 5, 100, 15, 0) at <11438.612305, 329.864716, 11360.377930>
[COT 2025-01-15 08:02:44] 76561199072190350: Spawned Entity METAL HATCH (BF_WindowBarricade<6ef89f00>, 5, 100, 15, 0) at <11438.607422, 329.863922, 11360.379883>
[COT 2025-01-15 08:02:49] 76561199072190350: Spawned Entity Комплект для баррикадирования окон (BF_WindowBarricadeKit<e88b1a30>, 5, 100, 15, 0) at <11439.276367, 329.967255, 11360.448242>
[COT 2025-01-15 08:04:08] 76561199072190350: Entered the Free Camera
[COT 2025-01-15 08:04:40] 76561199072190350: Left the Free Camera
[COT 2025-01-15 08:04:45] 76561199072190350: Spawned Entity Комплект для баррикадирования окон (BF_WindowBarricadeKit<e8a68a50>, 5, 100, 15, 0) at <8747.483398, 223.706970, 11594.225586>
[COT 2025-01-15 08:07:08] 76561199072190350: Deactivated Community Online Tools [guid=1OEPy6aKlMe0cmo8LieQDvVcsiu6iWAr2PUZdSF5eMI=]
[COT 2025-01-15 08:07:10] 76561199072190350: Activated Community Online Tools [guid=1OEPy6aKlMe0cmo8LieQDvVcsiu6iWAr2PUZdSF5eMI=]
[COT 2025-01-15 08:07:39] 76561199072190350: Teleported 76561199072190350 to position <4002.481934, 229.787796, 4783.591797>
[COT 2025-01-15 08:09:27] 76561199072190350: Spawned Entity Яблоко (Apple<c3573b20>, 125, 10, 15, 1) at <3981.955078, 229.840271, 4739.715332>
