[COT 2024-09-08 09:05:15] 76561199072190350: Activated Community Online Tools [guid=1OEPy6aKlMe0cmo8LieQDvVcsiu6iWAr2PUZdSF5eMI=]
[COT 2024-09-08 09:08:08] 76561199072190350: Set GodMode To true [guid=1OEPy6aKlMe0cmo8LieQDvVcsiu6iWAr2PUZdSF5eMI=]
[COT 2024-09-08 09:08:11] 76561199072190350: Set UnlimitedStamina To true [guid=1OEPy6aKlMe0cmo8LieQDvVcsiu6iWAr2PUZdSF5eMI=]
[COT 2024-09-08 09:08:12] 76561199072190350: Set UnlimitedAmmo To true [guid=1OEPy6aKlMe0cmo8LieQDvVcsiu6iWAr2PUZdSF5eMI=]
[COT 2024-09-08 09:10:44] 76561199072190350: Spawned Entity КА-101 (AK101<c536e300>, 100, 300, 0) at <12365.578125, 137.494217, 13116.798828>
[COT 2024-09-08 09:13:26] 76561199072190350: Spawned Entity M70 Tundra (Winchester70_Base<80e2a270>, 100, 200, 0) at <11841.654297, 140.605072, 12468.487305>
[COT 2024-09-08 09:14:00] 76561199072190350: Spawned Entity Sporter 22 (Ruger1022_Base<c53a2700>, 100, 200, 0) at <11844.620117, 140.605072, 12468.528320>
[COT 2024-09-08 09:14:02] 76561199072190350: Spawned Entity Магазин Sporter 22, 30 пат. (Mag_Ruger1022_30Rnd<e02d1aa0>, 30, 100, 0) at <11844.482422, 140.686554, 12468.547852>
[COT 2024-09-08 09:14:04] 76561199072190350: Spawned Entity Патроны .22 LR (Ammo_22<e02d0f10>, 50, 100, 0) at <11844.391602, 140.740219, 12468.561523>
[COT 2024-09-08 09:15:05] 76561199072190350: Teleported 1OEPy6aKlMe0cmo8LieQDvVcsiu6iWAr2PUZdSF5eMI= to (Svetloyarsk, <13987.824219, 27.549475, 13263.273438>)
[COT 2024-09-08 09:17:47] 76561199072190350: Spawned Entity Пачка гривневых банкнот (ExpansionBanknoteHryvnia<e04d6d30>, 50000, 100, 0) at <14365.534180, 3.307534, 13236.466797>
[COT 2024-09-08 09:17:48] 76561199072190350: Spawned Entity Пачка гривневых банкнот (ExpansionBanknoteHryvnia<e04d4a80>, 50000, 100, 0) at <14365.523438, 3.322256, 13236.450195>
[COT 2024-09-08 09:17:48] 76561199072190350: Spawned Entity Пачка гривневых банкнот (ExpansionBanknoteHryvnia<e04d5610>, 50000, 100, 0) at <14365.511719, 3.340855, 13236.429688>
[COT 2024-09-08 09:23:36] 76561199072190350: Spawned Entity Автомобильный аккумулятор (CarBattery<e2fb26f0>, 50, 200, 0) at <14352.689453, 3.317583, 13215.881836>
[COT 2024-09-08 09:24:32] 76561199072190350: Spawned Entity Батарея на 9 В (Battery9V<e2fb60c0>, 50, 20, 0) at <14353.858398, 3.317896, 13215.241211>
[COT 2024-09-08 09:24:40] 76561199072190350: Spawned Entity Аккумулятор для грузовика (TruckBattery<e2faf8b0>, 50, 240, 0) at <14353.892578, 3.371430, 13215.261719>
[COT 2024-09-08 09:27:48] 76561199072190350: Teleported 1OEPy6aKlMe0cmo8LieQDvVcsiu6iWAr2PUZdSF5eMI= to (Airfield Krasno, <12099.113281, 139.807037, 12573.880859>)
[COT 2024-09-08 09:27:59] 76561199072190350: Teleported 1OEPy6aKlMe0cmo8LieQDvVcsiu6iWAr2PUZdSF5eMI= to (Airfield Krasno, <12100.314453, 139.730911, 12572.454102>)
[COT 2024-09-08 09:28:44] 76561199072190350: Spawned vehicle M1025 (Offroad_02) at <12501.547852, 131.152466, 13145.818359>
[COT 2024-09-08 09:29:52] 76561199072190350: Date 2024/9/19 12:0
[COT 2024-09-08 09:30:19] 76561199072190350: Set GodMode To false [guid=1OEPy6aKlMe0cmo8LieQDvVcsiu6iWAr2PUZdSF5eMI=]
[COT 2024-09-08 09:30:20] 76561199072190350: Set GodMode To true [guid=1OEPy6aKlMe0cmo8LieQDvVcsiu6iWAr2PUZdSF5eMI=]
[COT 2024-09-08 09:30:43] 76561199072190350: Set GodMode To false [guid=1OEPy6aKlMe0cmo8LieQDvVcsiu6iWAr2PUZdSF5eMI=]
[COT 2024-09-08 09:30:43] 76561199072190350: Set GodMode To true [guid=1OEPy6aKlMe0cmo8LieQDvVcsiu6iWAr2PUZdSF5eMI=]
[COT 2024-09-08 09:34:03] 76561199072190350: Set GodMode To false [guid=1OEPy6aKlMe0cmo8LieQDvVcsiu6iWAr2PUZdSF5eMI=]
