[COT 2024-12-13 12:49:46] 76561199072190350: Activated Community Online Tools [guid=1OEPy6aKlMe0cmo8LieQDvVcsiu6iWAr2PUZdSF5eMI=]
[COT 2024-12-13 12:49:47] 76561199072190350: Set GodMode To true [guid=1OEPy6aKlMe0cmo8LieQDvVcsiu6iWAr2PUZdSF5eMI=]
[COT 2024-12-13 12:51:37] 76561199072190350: Set Reputation To 1111610 [guid=1OEPy6aKlMe0cmo8LieQDvVcsiu6iWAr2PUZdSF5eMI=]
[COT 2024-12-13 12:52:53] 76561199072190350: Spawned Entity M16-A2 (AD_M16A2<3bb5760>, 100, 200, 15, 0) at <3704.636230, 402.000061, 5991.254883>
[COT 2024-12-13 12:53:23] 76561199072190350: Spawned Entity M16A4 (Expansion_M16<3bb98b0>, 100, 250, 15, 0) at <3704.182861, 402.000000, 5991.876953>
[COT 2024-12-13 12:53:46] 76561199072190350: Spawned Entity M1A SOCOM (Expansion_M1A<3bba5c0>, 100, 250, 15, 0) at <3704.441895, 402.000000, 5992.175293>
[COT 2024-12-13 12:55:23] 76561199072190350: Spawned Entity DT11 (Expansion_DT11<3bb8ba0>, 100, 250, 15, 0) at <3704.431641, 402.145111, 5992.086914>
[COT 2024-12-13 12:55:25] 76561199072190350: Spawned Entity Benelli M4 (Expansion_BenelliM4<3bbbfe0>, 100, 100, 15, 0) at <3704.400879, 402.250305, 5992.011230>
[COT 2024-12-13 12:55:26] 76561199072190350: Spawned Entity MPX (Expansion_MPX<3bbda00>, 100, 175, 15, 0) at <3704.385010, 402.306702, 5991.968262>
[COT 2024-12-13 12:55:30] 76561199072190350: Spawned Entity MP7 (CZ61_Base<3bbb2d0>, 100, 175, 15, 0) at <3704.376221, 402.423920, 5991.891113>
[COT 2024-12-13 12:55:31] 76561199072190350: Spawned Entity ПП-91 Кедр (Expansion_Kedr_Base<3bbe710>, 100, 100, 15, 0) at <3704.321045, 402.715332, 5991.696289>
[COT 2024-12-13 12:55:32] 76561199072190350: Spawned Entity Витязь-СН ПП19-01 (Expansion_Vityaz_Base<3bc0130>, 100, 200, 15, 0) at <3704.306641, 402.764191, 5991.665527>
[COT 2024-12-13 12:55:33] 76561199072190350: Spawned Entity AWM (Expansion_AWM<3bbf420>, 100, 200, 15, 0) at <3704.284668, 402.858246, 5991.597168>
[COT 2024-12-13 12:59:39] 76561199072190350: Spawned Entity Магазин DMR, 10 пат. (Mag_M14_10Rnd<23aaf8e0>, 10, 100, 15, 0) at <3723.311035, 401.689667, 6006.583496>
[COT 2024-12-13 12:59:40] 76561199072190350: Spawned Entity Магазин DMR, 20 пат. (Mag_M14_20Rnd<23aacaa0>, 20, 100, 15, 0) at <3723.253418, 401.755280, 6006.583496>
[COT 2024-12-13 12:59:42] 76561199072190350: Spawned Entity Магазин M14 на 10 пат. (Mag_Expansion_M14_10Rnd<23aae1c0>, 10, 100, 15, 0) at <3723.177246, 401.827728, 6006.580566>
[COT 2024-12-13 12:59:43] 76561199072190350: Spawned Entity Магазин M14 на 20 пат. (Mag_Expansion_M14_20Rnd<26382870>, 20, 100, 15, 0) at <3723.086182, 401.925903, 6006.581543>
[COT 2024-12-13 13:01:37] 76561199072190350: Spawned Entity G36C (Expansion_G36<a74c1dd0>, 20, 200, 15, 0) at <3713.489990, 402.000000, 5995.651855>
[COT 2024-12-13 13:03:03] 76561199072190350: Spawned Entity M79 (M79<1b1a3320>, 20, 200, 15, 0) at <3709.659668, 402.000000, 5994.364258>
[COT 2024-12-13 13:49:47] 76561199072190350: Spawned Entity 10 Round Clip (Mag_CLIP9x19_10Rnd<2c3101c0>, 10, 100, 15, 0) at <3701.640869, 402.000000, 5990.971680>
[COT 2024-12-13 15:17:20] 76561199072190350: Spawned Entity Leupold 3.5-10x40 Mark 4 Scope (AD_LeupoldMk4<b95fcb90>, 40, 50, 15, 0) at <3701.601563, 402.000000, 5987.444336>
[COT 2024-12-13 15:18:44] 76561199072190350: Spawned Entity Dedal DHF 5-20x56 (AD_DHF5<c0af02e0>, 100, 100, 15, 0) at <3701.550049, 402.091461, 5987.487793>
[COT 2024-12-13 15:19:20] 76561199072190350: Spawned Entity Прицел MRS (AD_MRS<c0aedeb0>, 100, 100, 15, 0) at <3701.484863, 402.179535, 5987.447266>
[COT 2024-12-13 15:19:39] 76561199072190350: Spawned Entity Прицел NF ATACR 7-35x56 (AD_NFATACR<c0af3320>, 100, 100, 15, 0) at <3701.469482, 402.215393, 5987.534668>
[COT 2024-12-13 15:20:22] 76561199072190350: Spawned Entity Прицел NF ATACR 1-8x24 (AD_NFATACR_1_8<c0afc3e0>, 100, 100, 15, 0) at <3701.411133, 402.312225, 5987.571777>
[COT 2024-12-13 15:20:26] 76561199072190350: Spawned Entity Прицел NF ATACR 7-35x56 (AD_NFATACR<c0b090f0>, 100, 100, 15, 0) at <3701.832031, 402.000000, 5987.661621>
[COT 2024-12-13 15:20:55] 76561199072190350: Spawned Entity ОКП-7 (AD_OKP7<c0b0e560>, 100, 100, 15, 0) at <3701.854736, 402.000000, 5988.400391>
[COT 2024-12-13 15:22:40] 76561199072190350: Spawned Entity Пилад 4x32 (AD_Pilad<b6aed880>, 100, 100, 15, 0) at <3701.787354, 402.099121, 5988.381836>
