[COT 2024-09-09 15:13:41] 76561199072190350: Activated Community Online Tools [guid=1OEPy6aKlMe0cmo8LieQDvVcsiu6iWAr2PUZdSF5eMI=]
[COT 2024-09-09 15:13:46] 76561199072190350: Set GodMode To true [guid=1OEPy6aKlMe0cmo8LieQDvVcsiu6iWAr2PUZdSF5eMI=]
[COT 2024-09-09 15:13:59] 76561199072190350: Spawned Entity Бочка (Barrel_Green<aed95190>, 200000, 1300, 512) at <11884.297852, 140.018036, 12447.425781>
[COT 2024-09-09 15:14:19] 76561199072190350: Spawned Entity Деревянный ящик (WoodenCrate<aeda6710>, 200000, 400, 0) at <11887.355469, 140.024277, 12446.016602>
[COT 2024-09-09 15:15:08] 76561199072190350: Spawned Entity Деревянный ящик (WoodenCrate<aeda4460>, 200000, 400, 0) at <11886.209961, 140.020218, 12445.247070>
[COT 2024-09-09 15:16:18] 76561199072190350: Deleted Entity Barrel_Green:28234 at <11884.297852, 140.009232, 12447.425781>
[COT 2024-09-09 15:16:32] 76561199072190350: Set Invisibility To 1 [guid=1OEPy6aKlMe0cmo8LieQDvVcsiu6iWAr2PUZdSF5eMI=]
[COT 2024-09-09 15:16:33] 76561199072190350: Set cannot be targeted by AI to false [guid=1OEPy6aKlMe0cmo8LieQDvVcsiu6iWAr2PUZdSF5eMI=]
[COT 2024-09-09 15:16:34] 76561199072190350: Set Invisibility To 0 [guid=1OEPy6aKlMe0cmo8LieQDvVcsiu6iWAr2PUZdSF5eMI=]
[COT 2024-09-09 15:16:35] 76561199072190350: Set cannot be targeted by AI to true [guid=1OEPy6aKlMe0cmo8LieQDvVcsiu6iWAr2PUZdSF5eMI=]
[COT 2024-09-09 15:16:36] 76561199072190350: Set UnlimitedStamina To true [guid=1OEPy6aKlMe0cmo8LieQDvVcsiu6iWAr2PUZdSF5eMI=]
[COT 2024-09-09 15:16:37] 76561199072190350: Set remove collision to true [guid=1OEPy6aKlMe0cmo8LieQDvVcsiu6iWAr2PUZdSF5eMI=]
[COT 2024-09-09 15:16:39] 76561199072190350: Set UnlimitedAmmo To true [guid=1OEPy6aKlMe0cmo8LieQDvVcsiu6iWAr2PUZdSF5eMI=]
[COT 2024-09-09 15:16:51] 76561199072190350: Date 2024/9/20 12:0
[COT 2024-09-09 15:17:46] 76561199072190350: Teleported [guid=1OEPy6aKlMe0cmo8LieQDvVcsiu6iWAr2PUZdSF5eMI=] to <51998.000000, 336.000000, 9793.000000>
[COT 2024-09-09 15:18:11] 76561199072190350: Teleported [guid=1OEPy6aKlMe0cmo8LieQDvVcsiu6iWAr2PUZdSF5eMI=] to <5199.000000, 336.000000, 9793.000000>
[COT 2024-09-09 15:18:24] 76561199072190350: Teleported [guid=1OEPy6aKlMe0cmo8LieQDvVcsiu6iWAr2PUZdSF5eMI=] to <5199.000000, 340.000000, 9793.000000>
[COT 2024-09-09 15:20:22] 76561199072190350: ESP: ESP updating
[COT 2024-09-09 15:20:48] 76561199072190350: ESP: Clearing ESP
[COT 2024-09-09 15:20:49] 76561199072190350: ESP: ESP updating
[COT 2024-09-09 15:22:01] 76561199072190350: Teleported to position <5168.546387, 338.585052, 9809.747070>
[COT 2024-09-09 15:22:37] 76561199072190350: Teleported [guid=1OEPy6aKlMe0cmo8LieQDvVcsiu6iWAr2PUZdSF5eMI=] to <5276.470215, 338.605988, 9843.089844>
[COT 2024-09-09 15:24:05] 76561199072190350: Teleported [guid=1OEPy6aKlMe0cmo8LieQDvVcsiu6iWAr2PUZdSF5eMI=] to <8588.000000, 332.346008, 13439.000000>
[COT 2024-09-09 15:24:39] 76561199072190350: Teleported [guid=1OEPy6aKlMe0cmo8LieQDvVcsiu6iWAr2PUZdSF5eMI=] to <8588.000000, 150.345993, 13439.000000>
[COT 2024-09-09 15:26:03] 76561199072190350: Teleported [guid=1OEPy6aKlMe0cmo8LieQDvVcsiu6iWAr2PUZdSF5eMI=] to <1583.000000, 350.346008, 2961.000000>
[COT 2024-09-09 15:26:29] 76561199072190350: Teleported [guid=1OEPy6aKlMe0cmo8LieQDvVcsiu6iWAr2PUZdSF5eMI=] to <1583.000000, 150.345993, 2961.000000>
[COT 2024-09-09 15:27:03] 76561199072190350: Teleported [guid=1OEPy6aKlMe0cmo8LieQDvVcsiu6iWAr2PUZdSF5eMI=] to <1583.000000, 100.346001, 2961.000000>
[COT 2024-09-09 15:30:31] 76561199072190350: Teleported [guid=1OEPy6aKlMe0cmo8LieQDvVcsiu6iWAr2PUZdSF5eMI=] to <9963.639648, 64.604500, 10969.150391>
[COT 2024-09-09 15:30:56] 76561199072190350: Teleported [guid=1OEPy6aKlMe0cmo8LieQDvVcsiu6iWAr2PUZdSF5eMI=] to <9963.639648, 100.604500, 10969.200195>
[COT 2024-09-09 15:30:59] 76561199072190350: Teleported [guid=1OEPy6aKlMe0cmo8LieQDvVcsiu6iWAr2PUZdSF5eMI=] to <9963.639648, 120.604500, 10969.200195>
[COT 2024-09-09 15:31:30] 76561199072190350: Teleported [guid=1OEPy6aKlMe0cmo8LieQDvVcsiu6iWAr2PUZdSF5eMI=] to <9969.709961, 20.604500, 10965.400391>
[COT 2024-09-09 15:31:34] 76561199072190350: Teleported [guid=1OEPy6aKlMe0cmo8LieQDvVcsiu6iWAr2PUZdSF5eMI=] to <9969.709961, 200.604507, 10965.400391>
[COT 2024-09-09 15:33:21] 76561199072190350: Set Invisibility To 1 [guid=1OEPy6aKlMe0cmo8LieQDvVcsiu6iWAr2PUZdSF5eMI=]
[COT 2024-09-09 15:35:56] 76561199072190350: Teleported [guid=1OEPy6aKlMe0cmo8LieQDvVcsiu6iWAr2PUZdSF5eMI=] to <5189.000000, 336.966003, 9793.000000>
[COT 2024-09-09 15:36:59] 76561199072190350: Teleported [guid=1OEPy6aKlMe0cmo8LieQDvVcsiu6iWAr2PUZdSF5eMI=] to <4211.000000, 337.140015, 6080.000000>
[COT 2024-09-09 15:38:02] 76561199072190350: Teleported [guid=1OEPy6aKlMe0cmo8LieQDvVcsiu6iWAr2PUZdSF5eMI=] to <4508.000000, 303.609985, 6230.000000>
[COT 2024-09-09 15:38:32] 76561199072190350: Spectating AI eAI_SurvivorM_Oliver<cb044980>
[COT 2024-09-09 15:38:34] 76561199072190350: Stopped spectating
[COT 2024-09-09 15:38:40] 76561199072190350: Spectating AI eAI_SurvivorM_Peter<c0049030>
[COT 2024-09-09 15:38:42] 76561199072190350: Stopped spectating
[COT 2024-09-09 15:39:17] 76561199072190350: Spawned Entity ИЖ-70 (MakarovIJ70_Base<e719ab90>, 100, 100, 0) at <4509.340820, 305.248871, 5881.659180>
[COT 2024-09-09 15:42:54] 76561199072190350: Set Invisibility To 0 [guid=1OEPy6aKlMe0cmo8LieQDvVcsiu6iWAr2PUZdSF5eMI=]
[COT 2024-09-09 15:42:59] 76561199072190350: Set Invisibility To 1 [guid=1OEPy6aKlMe0cmo8LieQDvVcsiu6iWAr2PUZdSF5eMI=]
[COT 2024-09-09 15:43:08] 76561199072190350: Set remove collision to false [guid=1OEPy6aKlMe0cmo8LieQDvVcsiu6iWAr2PUZdSF5eMI=]
[COT 2024-09-09 15:44:23] 76561199072190350: Spawned Entity Короткая палка (WoodenStick<e9294c70>, 5, 50, 0) at <4487.419434, 295.272797, 6463.528320>
[COT 2024-09-09 15:44:23] 76561199072190350: Spawned Entity Короткая палка (WoodenStick<e928fb80>, 5, 50, 0) at <4487.355957, 295.344635, 6463.488770>
[COT 2024-09-09 15:44:31] 76561199072190350: Spawned Entity Веревка (Rope<e92940e0>, 5, 200, 0) at <4487.304199, 295.399933, 6463.459961>
[COT 2024-09-09 15:45:06] 76561199072190350: Teleported 1OEPy6aKlMe0cmo8LieQDvVcsiu6iWAr2PUZdSF5eMI= to (Airfield Krasno, <12100.639648, 139.789551, 12573.553711>)
[COT 2024-09-09 15:46:23] 76561199072190350: Set GodMode To false [guid=1OEPy6aKlMe0cmo8LieQDvVcsiu6iWAr2PUZdSF5eMI=]
[COT 2024-09-09 15:46:24] 76561199072190350: Set Invisibility To 0 [guid=1OEPy6aKlMe0cmo8LieQDvVcsiu6iWAr2PUZdSF5eMI=]
[COT 2024-09-09 15:46:24] 76561199072190350: Set cannot be targeted by AI to false [guid=1OEPy6aKlMe0cmo8LieQDvVcsiu6iWAr2PUZdSF5eMI=]
[COT 2024-09-09 15:46:25] 76561199072190350: Set UnlimitedStamina To false [guid=1OEPy6aKlMe0cmo8LieQDvVcsiu6iWAr2PUZdSF5eMI=]
[COT 2024-09-09 15:46:25] 76561199072190350: Set UnlimitedAmmo To false [guid=1OEPy6aKlMe0cmo8LieQDvVcsiu6iWAr2PUZdSF5eMI=]
