[COT 2024-12-10 15:42:26] 76561199072190350: Activated Community Online Tools [guid=1OEPy6aKlMe0cmo8LieQDvVcsiu6iWAr2PUZdSF5eMI=]
[COT 2024-12-10 15:42:29] 76561199072190350: Set GodMode To true [guid=1OEPy6aKlMe0cmo8LieQDvVcsiu6iWAr2PUZdSF5eMI=]
[COT 2024-12-10 15:48:43] 76561199072190350: Spawned Entity Olga 24 (CivilianSedan_Black<8be67ea0>, 100, 1000, 15, 0) at <4570.825195, 302.831207, 5893.517578>
[COT 2024-12-10 15:50:07] 76561199072190350: Spawned Entity UH-1H (ExpansionUh1h<8be62680>, 100, 7500, 15, 0) at <4580.580566, 302.841614, 5894.002930>
[COT 2024-12-10 15:50:40] 76561199072190350: Set GodMode To false [guid=1OEPy6aKlMe0cmo8LieQDvVcsiu6iWAr2PUZdSF5eMI=]
[COT 2024-12-10 15:50:41] 76561199072190350: Set GodMode To true [guid=1OEPy6aKlMe0cmo8LieQDvVcsiu6iWAr2PUZdSF5eMI=]
[COT 2024-12-10 15:51:54] 76561199072190350: Spawned Entity UH-1H (ExpansionUh1h<8be67ea0>, 100, 7500, 15, 0) at <4556.070313, 287.486023, 6535.407715>
[COT 2024-12-10 15:54:40] 76561199072190350: Spawned Entity UH-1H (ExpansionUh1h<8be72ee0>, 100, 7500, 15, 0) at <3932.486816, 302.817719, 7221.599609>
[COT 2024-12-10 15:57:07] 76561199072190350: Spawned Entity G36C (Expansion_G36<ab38d160>, 100, 200, 15, 0) at <3955.642822, 302.426086, 7191.976074>
[COT 2024-12-10 16:05:44] 76561199072190350: Spawned Entity УАЗ 469 (ExpansionUAZ<b2259c70>, 100, 1000, 15, 0) at <3842.107666, 296.536377, 7723.059570>
[COT 2024-12-10 16:07:49] 76561199072190350: Spectating AI eAI_SurvivorF_Helga<b0581020>
[COT 2024-12-10 16:07:53] 76561199072190350: Stopped spectating
[COT 2024-12-10 16:12:33] 76561199072190350: Activated Community Online Tools [guid=1OEPy6aKlMe0cmo8LieQDvVcsiu6iWAr2PUZdSF5eMI=]
[COT 2024-12-10 16:12:33] 76561199072190350: Set GodMode To true [guid=1OEPy6aKlMe0cmo8LieQDvVcsiu6iWAr2PUZdSF5eMI=]
[COT 2024-12-10 16:13:00] 76561199072190350: ESP: Viewing ESP
[COT 2024-12-10 16:35:49] 76561199072190350: Spawned Entity Мотоциклетный шлем (MotoHelmet_Grey<adc68a70>, 100, 60, 15, 0) at <4317.134766, 324.391113, 5655.815918>
[COT 2024-12-10 16:36:38] 76561199072190350: Spawned Entity Мотоциклетный шлем (DarkMotoHelmet_YellowScarred<adc6cfd0>, 100, 60, 15, 0) at <4316.958008, 324.473999, 5655.790527>
[COT 2024-12-10 16:45:32] 76561199072190350: Spawned Entity БK-18 (Izh18_Base<ae3aea20>, 100, 200, 15, 0) at <4313.982422, 324.676056, 5658.234863>
[COT 2024-12-10 16:45:36] 76561199072190350: Spawned Entity БK-12 (Izh18Shotgun_Base<ae3b3580>, 100, 300, 15, 0) at <4314.022949, 324.729645, 5658.158691>
[COT 2024-12-10 16:45:41] 76561199072190350: Spawned Entity Обрез БК-43 (SawedoffIzh43Shotgun<a6f46120>, 100, 300, 15, 0) at <4310.232910, 325.074371, 5658.908691>
[COT 2024-12-10 16:45:43] 76561199072190350: Spawned Entity БК-43 (Izh43Shotgun<a6f45410>, 100, 300, 15, 0) at <4310.390625, 325.172852, 5658.800781>
[COT 2024-12-10 16:45:44] 76561199072190350: Spawned Entity БK-12 (Izh18Shotgun_Base<ae3add90>, 100, 300, 15, 0) at <4310.550781, 325.273712, 5658.689941>
[COT 2024-12-10 16:45:46] 76561199072190350: Spawned Entity Обрез БK-12 (SawedoffIzh18Shotgun<ae3b0340>, 100, 300, 15, 0) at <4310.585449, 325.294647, 5658.665039>
[COT 2024-12-10 16:47:08] 76561199072190350: Spawned Entity Blaze (B95<a6f4af80>, 100, 250, 15, 0) at <4310.204102, 325.066742, 5659.591309>
[COT 2024-12-10 16:47:55] 76561199072190350: Spawned Entity Витязь-СН ПП19-01 (Expansion_Vityaz_Base<a6f49560>, 100, 200, 15, 0) at <4310.255371, 325.173157, 5659.537109>
[COT 2024-12-10 16:48:39] 76561199072190350: Deactivated Community Online Tools [guid=1OEPy6aKlMe0cmo8LieQDvVcsiu6iWAr2PUZdSF5eMI=]
[COT 2024-12-10 16:48:41] 76561199072190350: Activated Community Online Tools [guid=1OEPy6aKlMe0cmo8LieQDvVcsiu6iWAr2PUZdSF5eMI=]
[COT 2024-12-10 16:48:41] 76561199072190350: Set GodMode To false [guid=1OEPy6aKlMe0cmo8LieQDvVcsiu6iWAr2PUZdSF5eMI=]
[COT 2024-12-10 16:48:42] 76561199072190350: Set GodMode To true [guid=1OEPy6aKlMe0cmo8LieQDvVcsiu6iWAr2PUZdSF5eMI=]
[COT 2024-12-10 16:49:03] 76561199072190350: ESP: Clearing ESP
[COT 2024-12-10 16:49:04] 76561199072190350: ESP: Viewing ESP
