[COT 2024-12-12 16:48:16] 76561199072190350: Activated Community Online Tools [guid=1OEPy6aKlMe0cmo8LieQDvVcsiu6iWAr2PUZdSF5eMI=]
[COT 2024-12-12 16:48:18] 76561199072190350: Set GodMode To true [guid=1OEPy6aKlMe0cmo8LieQDvVcsiu6iWAr2PUZdSF5eMI=]
[COT 2024-12-12 16:49:13] 76561199072190350: Teleported 76561199072190350 to position <13326.776367, 15.500880, 2778.975098>
[COT 2024-12-12 16:49:57] 76561199072190350: Overcast 0, 0, 240
[COT 2024-12-12 16:49:57] 76561199072190350: Rain 0, 0, 240
[COT 2024-12-12 16:49:57] 76561199072190350: Snow 0, 0, 240
[COT 2024-12-12 16:49:57] 76561199072190350: Fog 0, 0, 240
[COT 2024-12-12 16:49:57] 76561199072190350: DynamicFog 0, 0, 0
[COT 2024-12-12 16:49:57] 76561199072190350: WindMagnitude 0, 0, 240
[COT 2024-12-12 16:49:57] 76561199072190350: WindDirection 0, 0, 240
[COT 2024-12-12 16:49:57] 76561199072190350: WindFunction 0, 1, 30
[COT 2024-12-12 16:50:19] 76561199072190350: Date 2017/6/25 8:42
[COT 2024-12-12 16:50:23] 76561199072190350: Date 2017/6/14 8:42
[COT 2024-12-12 16:50:25] 76561199072190350: Date 2017/6/10 8:42
[COT 2024-12-12 16:50:28] 76561199072190350: Date 2017/2/10 8:42
[COT 2024-12-12 16:50:31] 76561199072190350: Date 2017/2/14 8:42
[COT 2024-12-12 16:50:34] 76561199072190350: Date 2017/3/16 8:42
[COT 2024-12-12 16:50:37] 76561199072190350: Date 2017/1/16 8:42
[COT 2024-12-12 16:50:43] 76561199072190350: Date 2017/1/2 8:42
[COT 2024-12-12 16:50:47] 76561199072190350: Date 2017/1/2 10:42
[COT 2024-12-12 16:50:59] 76561199072190350: Date 2017/1/1 10:42
[COT 2024-12-12 16:51:06] 76561199072190350: Date 2017/1/1 6:0
[COT 2024-12-12 16:51:08] 76561199072190350: Date 2017/1/1 12:0
[COT 2024-12-12 16:51:12] 76561199072190350: Date 2017/1/1 18:0
[COT 2024-12-12 16:51:15] 76561199072190350: Date 2017/1/1 12:0
[COT 2024-12-12 16:51:16] 76561199072190350: Overcast 0, 0, 240
[COT 2024-12-12 16:51:16] 76561199072190350: Rain 0, 0, 240
[COT 2024-12-12 16:51:16] 76561199072190350: Snow 0, 0, 240
[COT 2024-12-12 16:51:16] 76561199072190350: Fog 0, 0, 240
[COT 2024-12-12 16:51:16] 76561199072190350: DynamicFog 0, 0, 0
[COT 2024-12-12 16:51:16] 76561199072190350: WindMagnitude 0, 0, 240
[COT 2024-12-12 16:51:16] 76561199072190350: WindDirection 0, 0, 240
[COT 2024-12-12 16:51:16] 76561199072190350: WindFunction 0, 1, 30
[COT 2024-12-12 16:51:17] 76561199072190350: Storm 1, 0.7, 25
[COT 2024-12-12 16:51:17] 76561199072190350: Overcast 0.510284, 0, 240
[COT 2024-12-12 16:51:17] 76561199072190350: Rain 0, 0, 240
[COT 2024-12-12 16:51:17] 76561199072190350: Snow 0, 0, 240
[COT 2024-12-12 16:51:17] 76561199072190350: Fog 0, 0, 240
[COT 2024-12-12 16:51:17] 76561199072190350: DynamicFog 0, 0, 0
[COT 2024-12-12 16:51:17] 76561199072190350: WindMagnitude 2.49947, 0, 240
[COT 2024-12-12 16:51:17] 76561199072190350: WindDirection 3.66017, 0, 240
[COT 2024-12-12 16:51:17] 76561199072190350: WindFunction 0.779614, 0.834349, 5.52812
[COT 2024-12-12 16:51:18] 76561199072190350: Storm 1, 0.7, 25
[COT 2024-12-12 16:51:18] 76561199072190350: Overcast 0.639279, 0, 240
[COT 2024-12-12 16:51:18] 76561199072190350: RainThreshold 0.5, 1, 120
[COT 2024-12-12 16:51:18] 76561199072190350: Rain 0.894436, 0, 240
[COT 2024-12-12 16:51:18] 76561199072190350: Snow 0, 0, 240
[COT 2024-12-12 16:51:18] 76561199072190350: Fog 0.437607, 0, 240
[COT 2024-12-12 16:51:18] 76561199072190350: DynamicFog 0, 0, 0
[COT 2024-12-12 16:51:18] 76561199072190350: WindMagnitude 10.7425, 0, 240
[COT 2024-12-12 16:51:18] 76561199072190350: WindDirection 4.50476, 0, 240
[COT 2024-12-12 16:51:18] 76561199072190350: WindFunction 0.304233, 0.960654, 22.1088
[COT 2024-12-12 16:51:18] 76561199072190350: Storm 1, 0.7, 25
[COT 2024-12-12 16:51:18] 76561199072190350: Overcast 0.672378, 0, 240
[COT 2024-12-12 16:51:18] 76561199072190350: SnowfallThreshold 0.5, 1, 120
[COT 2024-12-12 16:51:18] 76561199072190350: Rain 0, 0, 240
[COT 2024-12-12 16:51:18] 76561199072190350: Snow 0.97055, 0, 240
[COT 2024-12-12 16:51:18] 76561199072190350: SnowfallThreshold 0.5, 1, 120
[COT 2024-12-12 16:51:18] 76561199072190350: Fog 0.32088, 0, 240
[COT 2024-12-12 16:51:18] 76561199072190350: DynamicFog 0, 0, 0
[COT 2024-12-12 16:51:18] 76561199072190350: WindMagnitude 18.5675, 0, 240
[COT 2024-12-12 16:51:18] 76561199072190350: WindDirection 4.81347, 0, 240
[COT 2024-12-12 16:51:18] 76561199072190350: WindFunction 0.0949248, 0.803114, 12.1696
[COT 2024-12-12 16:51:19] 76561199072190350: Storm 1, 0.7, 25
[COT 2024-12-12 16:51:19] 76561199072190350: Overcast 0.752095, 0, 240
[COT 2024-12-12 16:51:19] 76561199072190350: Rain 0.570589, 0, 240
[COT 2024-12-12 16:51:19] 76561199072190350: Snow 0, 0, 240
[COT 2024-12-12 16:51:19] 76561199072190350: Fog 0.163346, 0, 240
[COT 2024-12-12 16:51:19] 76561199072190350: DynamicFog 0, 0, 0
[COT 2024-12-12 16:51:19] 76561199072190350: WindMagnitude 0.472427, 0, 240
[COT 2024-12-12 16:51:19] 76561199072190350: WindDirection 1.40684, 0, 240
[COT 2024-12-12 16:51:19] 76561199072190350: WindFunction 0.171972, 0.486687, 23.1132
[COT 2024-12-12 16:51:30] 76561199072190350: Storm 1, 0.7, 25
[COT 2024-12-12 16:51:30] 76561199072190350: Overcast 0.642227, 0, 240
[COT 2024-12-12 16:51:30] 76561199072190350: SnowfallThreshold 0.5, 1, 120
[COT 2024-12-12 16:51:30] 76561199072190350: Rain 0, 0, 240
[COT 2024-12-12 16:51:30] 76561199072190350: Snow 0.511032, 0, 240
[COT 2024-12-12 16:51:30] 76561199072190350: SnowfallThreshold 0.5, 1, 120
[COT 2024-12-12 16:51:30] 76561199072190350: Fog 0.164859, 0, 240
[COT 2024-12-12 16:51:30] 76561199072190350: DynamicFog 0, 0, 0
[COT 2024-12-12 16:51:30] 76561199072190350: WindMagnitude 1.73833, 0, 240
[COT 2024-12-12 16:51:30] 76561199072190350: WindDirection 0.329529, 0, 240
[COT 2024-12-12 16:51:30] 76561199072190350: WindFunction 0.491153, 0.500734, 7.30613
[COT 2024-12-12 16:51:33] 76561199072190350: Storm 1, 0.7, 25
[COT 2024-12-12 16:51:33] 76561199072190350: Overcast 0.586626, 0, 240
[COT 2024-12-12 16:51:33] 76561199072190350: RainThreshold 0.5, 1, 120
[COT 2024-12-12 16:51:33] 76561199072190350: Rain 0.989944, 0, 240
[COT 2024-12-12 16:51:33] 76561199072190350: Snow 0, 0, 240
[COT 2024-12-12 16:51:33] 76561199072190350: Fog 0.116147, 0, 240
[COT 2024-12-12 16:51:33] 76561199072190350: DynamicFog 0, 0, 0
[COT 2024-12-12 16:51:33] 76561199072190350: WindMagnitude 3.72814, 0, 240
[COT 2024-12-12 16:51:33] 76561199072190350: WindDirection 2.97942, 0, 240
[COT 2024-12-12 16:51:33] 76561199072190350: WindFunction 0.736204, 0.837288, 21.9651
[COT 2024-12-12 16:51:36] 76561199072190350: Storm 1, 0.7, 25
[COT 2024-12-12 16:51:36] 76561199072190350: Overcast 0.565868, 0, 240
[COT 2024-12-12 16:51:36] 76561199072190350: Rain 0, 0, 240
[COT 2024-12-12 16:51:36] 76561199072190350: Snow 0, 0, 240
[COT 2024-12-12 16:51:36] 76561199072190350: Fog 0, 0, 240
[COT 2024-12-12 16:51:36] 76561199072190350: DynamicFog 0, 0, 0
[COT 2024-12-12 16:51:36] 76561199072190350: WindMagnitude 9.97162, 0, 240
[COT 2024-12-12 16:51:36] 76561199072190350: WindDirection 1.07799, 0, 240
[COT 2024-12-12 16:51:36] 76561199072190350: WindFunction 0.609442, 0.921417, 13.8615
[COT 2024-12-12 16:51:36] 76561199072190350: Storm 1, 0.7, 25
[COT 2024-12-12 16:51:36] 76561199072190350: Overcast 0.613212, 0, 240
[COT 2024-12-12 16:51:36] 76561199072190350: RainThreshold 0.5, 1, 120
[COT 2024-12-12 16:51:36] 76561199072190350: Rain 0.577746, 0, 240
[COT 2024-12-12 16:51:36] 76561199072190350: Snow 0, 0, 240
[COT 2024-12-12 16:51:36] 76561199072190350: Fog 0.147255, 0, 240
[COT 2024-12-12 16:51:36] 76561199072190350: DynamicFog 0, 0, 0
[COT 2024-12-12 16:51:36] 76561199072190350: WindMagnitude 18.8562, 0, 240
[COT 2024-12-12 16:51:36] 76561199072190350: WindDirection 3.95187, 0, 240
[COT 2024-12-12 16:51:36] 76561199072190350: WindFunction 0.728147, 0.976172, 10.0006
[COT 2024-12-12 16:51:37] 76561199072190350: Storm 1, 0.7, 25
[COT 2024-12-12 16:51:37] 76561199072190350: Overcast 0.606767, 0, 240
[COT 2024-12-12 16:51:37] 76561199072190350: Rain 0, 0, 240
[COT 2024-12-12 16:51:37] 76561199072190350: Snow 0, 0, 240
[COT 2024-12-12 16:51:37] 76561199072190350: Fog 0, 0, 240
[COT 2024-12-12 16:51:37] 76561199072190350: DynamicFog 0, 0, 0
[COT 2024-12-12 16:51:37] 76561199072190350: WindMagnitude 11.9315, 0, 240
[COT 2024-12-12 16:51:37] 76561199072190350: WindDirection 0.341772, 0, 240
[COT 2024-12-12 16:51:37] 76561199072190350: WindFunction 0.545134, 0.576479, 5.66729
[COT 2024-12-12 16:51:37] 76561199072190350: Storm 1, 0.7, 25
[COT 2024-12-12 16:51:37] 76561199072190350: Overcast 0.579308, 0, 240
[COT 2024-12-12 16:51:37] 76561199072190350: Rain 0, 0, 240
[COT 2024-12-12 16:51:37] 76561199072190350: Snow 0, 0, 240
[COT 2024-12-12 16:51:37] 76561199072190350: Fog 0, 0, 240
[COT 2024-12-12 16:51:37] 76561199072190350: DynamicFog 0, 0, 0
[COT 2024-12-12 16:51:37] 76561199072190350: WindMagnitude 6.10736, 0, 240
[COT 2024-12-12 16:51:37] 76561199072190350: WindDirection 0.124805, 0, 240
[COT 2024-12-12 16:51:37] 76561199072190350: WindFunction 0.750389, 0.870323, 24.2448
[COT 2024-12-12 16:51:38] 76561199072190350: Overcast 0, 0, 240
[COT 2024-12-12 16:51:38] 76561199072190350: Rain 0, 0, 240
[COT 2024-12-12 16:51:38] 76561199072190350: Snow 0, 0, 240
[COT 2024-12-12 16:51:38] 76561199072190350: Fog 0, 0, 240
[COT 2024-12-12 16:51:38] 76561199072190350: DynamicFog 0, 0, 0
[COT 2024-12-12 16:51:38] 76561199072190350: WindMagnitude 0, 0, 240
[COT 2024-12-12 16:51:38] 76561199072190350: WindDirection 0, 0, 240
[COT 2024-12-12 16:51:38] 76561199072190350: WindFunction 0, 1, 30
[COT 2024-12-12 16:52:21] 76561199072190350: Entered the Free Camera
[COT 2024-12-12 16:53:38] 76561199072190350: Left the Free Camera
