[COT 2025-01-29 12:45:08] 76561199072190350: Activated Community Online Tools [guid=1OEPy6aKlMe0cmo8LieQDvVcsiu6iWAr2PUZdSF5eMI=]
[COT 2025-01-29 12:45:08] 76561199072190350: Set GodMode To true [guid=1OEPy6aKlMe0cmo8LieQDvVcsiu6iWAr2PUZdSF5eMI=]
[COT 2025-01-29 12:45:13] 76561199072190350: Entered the Free Camera
[COT 2025-01-29 12:45:33] 76561199072190350: Left the Free Camera
[COT 2025-01-29 12:51:20] 76561199072190350: Spawned Entity Камуфляжный шлем (BallisticHelmet_Desert<6581e9e0>, 100, 75, 15, 0) at <6600.849609, 304.652222, 7028.582031>
[COT 2025-01-29 12:51:25] 76561199072190350: Spawned Entity Армейские штаны (USMCPants_Desert<65820100>, 100, 160, 15, 0) at <6600.933594, 304.827362, 7028.804688>
[COT 2025-01-29 12:51:27] 76561199072190350: Spawned Entity Армейская куртка (USMCJacket_Desert<6581d2c0>, 100, 180, 15, 0) at <6601.037598, 305.044983, 7029.081543>
[COT 2025-01-29 12:51:30] 76561199072190350: Spawned Entity Боевой рюкзак (TortillaBag<65821820>, 100, 180, 15, 0) at <6601.145996, 305.271729, 7029.369629>
[COT 2025-01-29 12:51:45] 76561199072190350: Spawned Entity Тактические перчатки (TacticalGloves_ColorBase<658223b0>, 100, 165, 15, 0) at <6600.750000, 304.650696, 7028.560547>
[COT 2025-01-29 12:51:59] 76561199072190350: Spawned Entity Штурмовые ботинки (MilitaryBoots_Beige<65820c90>, 100, 180, 15, 0) at <6600.774902, 304.651733, 7028.612305>
[COT 2025-01-29 12:52:15] 76561199072190350: Spawned Entity M16-A2 (M16A2_Base<5fbc8460>, 100, 200, 15, 0) at <6600.790039, 304.643890, 7028.051758>
[COT 2025-01-29 12:52:23] 76561199072190350: Entered the Free Camera
[COT 2025-01-29 12:52:31] 76561199072190350: Left the Free Camera
[COT 2025-01-29 12:54:57] 76561199072190350: Spawned Entity Выживший (eAI_SurvivorM_Boris<68dcb020>, 100, 100, 15, 0) at <6602.680176, 304.663666, 7028.730469>
[COT 2025-01-29 12:56:13] 76561199072190350: Set UnlimitedAmmo To true [guid=1OEPy6aKlMe0cmo8LieQDvVcsiu6iWAr2PUZdSF5eMI=]
[COT 2025-01-29 12:56:24] 76561199072190350: Spawned Entity КА-74 (AK74<5fbcb8a0>, 100, 250, 15, 0) at <6603.056152, 301.840088, 7021.429199>
[COT 2025-01-29 12:56:56] 76561199072190350: Spawned Entity Выживший (eAI_SurvivorM_Mirek<68a34b60>, 100, 100, 15, 0) at <6600.198730, 301.837097, 7018.505859>
[COT 2025-01-29 12:57:23] 76561199072190350: Spawned Entity Выживший (eAI_SurvivorM_Elias<686c4020>, 100, 100, 15, 0) at <6604.468750, 301.937592, 7021.830566>
[COT 2025-01-29 12:57:43] 76561199072190350: Spawned Entity Выживший (eAI_SurvivorM_Francis<65d2e020>, 100, 100, 15, 0) at <6608.070313, 301.842499, 7022.855957>
[COT 2025-01-29 12:58:06] 76561199072190350: Spawned Entity Выживший (eAI_SurvivorM_Guo<689d3020>, 100, 100, 15, 0) at <6605.670898, 301.843109, 7021.071777>
[COT 2025-01-29 12:58:17] 76561199072190350: Spawned Entity Выживший (eAI_SurvivorM_Hassan<6827b010>, 100, 100, 15, 0) at <6600.910156, 301.836792, 7019.836426>
[COT 2025-01-29 12:58:42] 76561199072190350: Spawned Entity Выживший (eAI_SurvivorM_Indar<66445010>, 100, 100, 15, 0) at <6599.377930, 301.834015, 7020.354492>
[COT 2025-01-29 12:58:54] 76561199072190350: Spawned Entity Выживший (eAI_SurvivorM_Indar<681537f0>, 100, 100, 15, 0) at <6595.535156, 301.832123, 7017.532715>
[COT 2025-01-29 12:59:10] 76561199072190350: Spawned Entity Выживший (eAI_SurvivorM_Jose<65e9e2b0>, 100, 100, 15, 0) at <6595.684570, 301.827362, 7021.504883>
[COT 2025-01-29 12:59:28] 76561199072190350: Spawned Entity Выживший (eAI_SurvivorM_Kaito<5b23a030>, 100, 100, 15, 0) at <6591.647949, 301.830994, 7026.508789>
[COT 2025-01-29 12:59:38] 76561199072190350: Spawned Entity Выживший (eAI_SurvivorM_Lewis<68e12010>, 100, 100, 15, 0) at <6592.910645, 301.829346, 7028.303223>
[COT 2025-01-29 13:01:03] 76561199072190350: Spawned Entity Выживший (eAI_SurvivorM_Manua<687e3810>, 100, 100, 15, 0) at <6594.400391, 301.822052, 7029.148926>
[COT 2025-01-29 13:02:40] 76561199072190350: Spawned Entity Выживший (eAI_SurvivorM_Manua<6bd66010>, 100, 100, 15, 0) at <6583.356934, 301.822418, 7029.251953>
[COT 2025-01-29 13:03:13] 76561199072190350: Spawned Entity Выживший (eAI_SurvivorM_Niki<69e37020>, 100, 100, 15, 0) at <6584.823730, 301.822968, 7030.371582>
[COT 2025-01-29 13:03:14] 76561199072190350: Spawned Entity Выживший (eAI_SurvivorM_Niki<6c10c010>, 100, 100, 15, 0) at <6584.554688, 303.008301, 7030.198730>
