[COT 2024-10-29 15:56:42] 76561199072190350: Activated Community Online Tools [guid=1OEPy6aKlMe0cmo8LieQDvVcsiu6iWAr2PUZdSF5eMI=]
[COT 2024-10-29 15:56:44] 76561199072190350: Set GodMode To true [guid=1OEPy6aKlMe0cmo8LieQDvVcsiu6iWAr2PUZdSF5eMI=]
[COT 2024-10-29 15:59:44] 76561199072190350: Spawned Entity Зараженный (ZombieMaleBase<33505ae0>, 20, 5, 15, 0) at <13382.144531, 4.257509, 6588.463379>
[COT 2024-10-29 15:59:54] 76561199072190350: Date 2024/9/20 6:0
[COT 2024-10-29 15:59:54] 76561199072190350: Date 2024/9/21 12:0
[COT 2024-10-29 16:00:09] 76561199072190350: Spawned Entity testing AKM (AKM_Base<354bfc90>, 20, 300, 15, 0) at <13400.139648, 4.296665, 6592.171387>
[COT 2024-10-29 16:00:20] 76561199072190350: Spawned Entity Волк (Animal_CanisLupus<33503e30>, 20, 300, 15, 0) at <13400.332031, 4.272828, 6596.795898>
[COT 2024-10-29 16:00:26] 76561199072190350: Spawned Entity Дикий Заяц (Animal_LepusEuropaeus<3350b0f0>, 20, 300, 15, 0) at <13408.177734, 4.259974, 6604.974121>
[COT 2024-10-29 16:00:33] 76561199072190350: Spawned Entity Зараженный (ZmbM_PolicemanFat_Base<3350e0c0>, 20, 300, 15, 0) at <13414.250977, 4.210266, 6593.160156>
[COT 2024-10-29 16:00:52] 76561199072190350: Spawned Entity Зараженный (ZmbM_PolicemanSpecForce_Base<3350ba80>, 20, 300, 15, 0) at <13410.362305, 4.259039, 6604.188965>
[COT 2024-10-29 16:01:03] 76561199072190350: Spawned Entity Зараженный (ZmbM_HunterOld_Base<3350c410>, 20, 300, 15, 0) at <13409.495117, 4.260018, 6606.078613>
[COT 2024-10-29 16:01:13] 76561199072190350: Spawned Entity Зараженный (ZmbF_DoctorSkinny_Base<33507790>, 20, 300, 15, 0) at <13408.656250, 4.265536, 6612.980957>
[COT 2024-10-29 16:01:14] 76561199072190350: Spawned Entity Зараженный (ZmbF_NurseFat_Base<33511a20>, 20, 300, 15, 0) at <13408.660156, 4.265532, 6612.976563>
[COT 2024-10-29 16:01:16] 76561199072190350: Spawned Entity Зараженный (ZmbF_NurseFat_Base<3350ea50>, 20, 300, 15, 0) at <13408.706055, 4.308486, 6612.822266>
[COT 2024-10-29 16:01:28] 76561199072190350: Spawned Entity Зараженный (ZmbF_ParamedicNormal_Base<335123b0>, 20, 300, 15, 0) at <13406.099609, 4.276214, 6619.152344>
[COT 2024-10-29 16:01:38] 76561199072190350: Spawned Entity Зараженный (ZmbM_SkaterYoung_LT_Base<3350f3e0>, 20, 300, 15, 0) at <13406.371094, 4.275485, 6618.791016>
[COT 2024-10-29 16:01:47] 76561199072190350: Spawned Entity Зараженный (ZmbF_ShortSkirt_LT_Base<3350fd70>, 20, 300, 15, 0) at <13407.845703, 4.281840, 6619.391113>
[COT 2024-10-29 16:01:56] 76561199072190350: Spawned Entity Бурый медведь (Animal_UrsusArctos<33512d40>, 20, 300, 15, 0) at <13407.616211, 4.284475, 6620.209961>
[COT 2024-10-29 16:03:27] 76561199072190350: Teleported 76561199072190350 to position <11124.469727, 130.924408, 7000.829590>
[COT 2024-10-29 16:03:54] 76561199072190350: Set GodMode To false [guid=1OEPy6aKlMe0cmo8LieQDvVcsiu6iWAr2PUZdSF5eMI=]
[COT 2024-10-29 16:03:55] 76561199072190350: Set GodMode To true [guid=1OEPy6aKlMe0cmo8LieQDvVcsiu6iWAr2PUZdSF5eMI=]
