[COT 2025-01-26 10:41:27] 76561199072190350: Activated Community Online Tools [guid=1OEPy6aKlMe0cmo8LieQDvVcsiu6iWAr2PUZdSF5eMI=]
[COT 2025-01-26 10:41:28] 76561199072190350: Set GodMode To true [guid=1OEPy6aKlMe0cmo8LieQDvVcsiu6iWAr2PUZdSF5eMI=]
[COT 2025-01-26 10:42:13] 76561199072190350: Spawned Entity  (Wreck_Mi8<51fac930>, 50, -1, 15, 0) at <8389.793945, 8.469269, 3151.247559>
[COT 2025-01-26 10:42:18] 76561199072190350: Spawned Entity  (Wreck_Mi8_Crashed<51fadc50>, 50, -1, 15, 0) at <8372.052734, 7.230175, 3145.701172>
[COT 2025-01-26 10:42:24] 76561199072190350: Spawned Entity  (House<53e4c150>, 50, -1, 15, 0) at <8315.280273, 10.664536, 3050.128662>
[COT 2025-01-26 10:42:39] 76561199072190350: Entered the Free Camera
[COT 2025-01-26 10:42:48] 76561199072190350: Spawned Entity  (House<54103050>, 50, -1, 15, 0) at <8227.507813, 0.872635, 2446.591064>
[COT 2025-01-26 10:44:02] 76561199072190350: Left the Free Camera
[COT 2025-01-26 10:44:55] 76561199072190350: Teleported [guid=z63osPRVUnS8pzWmaenLtvu6c2gVxwL4gvA4elWPF5w=] to <8313.360352, 10.563354, 3044.730225>
[COT 2025-01-26 10:45:00] 76561199072190350: Set GodMode To true [guid=z63osPRVUnS8pzWmaenLtvu6c2gVxwL4gvA4elWPF5w=]
[COT 2025-01-26 10:45:01] 76561199072190350: Set UnlimitedAmmo To true [guid=z63osPRVUnS8pzWmaenLtvu6c2gVxwL4gvA4elWPF5w=]
[COT 2025-01-26 10:45:02] 76561199072190350: Set UnlimitedStamina To true [guid=z63osPRVUnS8pzWmaenLtvu6c2gVxwL4gvA4elWPF5w=]
[COT 2025-01-26 10:45:06] 76561199072190350: Healed [guid=z63osPRVUnS8pzWmaenLtvu6c2gVxwL4gvA4elWPF5w=]
[COT 2025-01-26 10:45:24] 76561199072190350: Set UnlimitedAmmo To true [guid=1OEPy6aKlMe0cmo8LieQDvVcsiu6iWAr2PUZdSF5eMI=]
[COT 2025-01-26 10:45:52] 76561199072190350: Spawned Entity G36C (Expansion_G36<6a148950>, 100, 200, 15, 0) at <8309.247070, 10.400471, 3043.119629>
[COT 2025-01-26 10:46:00] 76561199072190350: Spawned Entity G36C (Expansion_G36<6a146f30>, 100, 200, 15, 0) at <8309.114258, 10.396471, 3043.034180>
[COT 2025-01-26 10:46:33] 76561199072190350: Spawned Entity Gunter 2 (Hatchback_02_Black<6d072d40>, 100, 1000, 15, 0) at <8305.875000, 10.271109, 3043.970947>
[COT 2025-01-26 10:59:27] 76561199072190350: Activated Community Online Tools [guid=1OEPy6aKlMe0cmo8LieQDvVcsiu6iWAr2PUZdSF5eMI=]
[COT 2025-01-26 10:59:27] 76561199072190350: Set GodMode To true [guid=1OEPy6aKlMe0cmo8LieQDvVcsiu6iWAr2PUZdSF5eMI=]
[COT 2025-01-26 10:59:42] 76561199072190350: Teleported to <6608.293457, 6.012469, 2386.815186> [guid=z63osPRVUnS8pzWmaenLtvu6c2gVxwL4gvA4elWPF5w=]
[COT 2025-01-26 11:00:12] 76561199072190350: Set UnlimitedAmmo To true [guid=1OEPy6aKlMe0cmo8LieQDvVcsiu6iWAr2PUZdSF5eMI=]
[COT 2025-01-26 11:01:34] 76561199072190350: Spawned Entity Стандартный глушитель (M4_Suppressor<a26f86a0>, 100, 12, 15, 0) at <6576.218262, 7.220349, 2308.575439>
[COT 2025-01-26 11:01:34] 76561199072190350: Spawned Entity Стандартный глушитель (M4_Suppressor<a26f7b10>, 100, 12, 15, 0) at <6576.238281, 7.233940, 2308.573242>
[COT 2025-01-26 11:02:38] 76561199072190350: Updated roles [guid=z63osPRVUnS8pzWmaenLtvu6c2gVxwL4gvA4elWPF5w=]
[COT 2025-01-26 11:02:57] 76561199072190350: Set GodMode To false [guid=z63osPRVUnS8pzWmaenLtvu6c2gVxwL4gvA4elWPF5w=]
[COT 2025-01-26 11:02:59] 76561199072190350: Set GodMode To false [guid=z63osPRVUnS8pzWmaenLtvu6c2gVxwL4gvA4elWPF5w=]
[COT 2025-01-26 11:03:04] 76561199072190350: Deactivated Community Online Tools [guid=1OEPy6aKlMe0cmo8LieQDvVcsiu6iWAr2PUZdSF5eMI=]
[COT 2025-01-26 11:03:05] 76561199072190350: Activated Community Online Tools [guid=1OEPy6aKlMe0cmo8LieQDvVcsiu6iWAr2PUZdSF5eMI=]
[COT 2025-01-26 11:03:13] 76561199072190350: Set GodMode To true [guid=z63osPRVUnS8pzWmaenLtvu6c2gVxwL4gvA4elWPF5w=]
[COT 2025-01-26 11:03:20] 76561199344883194: Activated Community Online Tools [guid=z63osPRVUnS8pzWmaenLtvu6c2gVxwL4gvA4elWPF5w=]
[COT 2025-01-26 11:05:56] 76561199072190350: Spawned Entity Транзитный автобус (ExpansionBus<86597170>, 100, 5000, 15, 0) at <6173.486328, 12.312789, 2294.520508>
[COT 2025-01-26 11:08:13] 76561199072190350: Spawned Entity Транзитный автобус (ExpansionBus<c23ec650>, 150, 5000, 15, 0) at <5552.035156, 63.099655, 2505.831787>
[COT 2025-01-26 11:09:12] 76561199072190350: Spawned Entity Merlin (ExpansionMerlin<c2407ef0>, 100, 10000, 15, 0) at <5535.541992, 62.620472, 2517.210205>
[COT 2025-01-26 11:09:32] 76561199072190350: Date 2017/9/19 6:0
[COT 2025-01-26 11:13:38] 76561199072190350: Spawned Entity Гирокоптер (ExpansionBigGyrocopter<4ae5cf0>, 100, 2750, 15, 0) at <6217.956055, 59.575966, 3201.816162>
[COT 2025-01-26 11:14:30] 76561199072190350: Spawned Entity Гирокоптер (ExpansionBigGyrocopter<4f3d1360>, 100, 2750, 15, 0) at <6220.671875, 59.575966, 3235.982422>
[COT 2025-01-26 11:18:28] 76561199072190350: Spawned Entity UH-1H (ExpansionUh1h<c2415b40>, 100, 7500, 15, 0) at <6953.441406, 322.003265, 5804.987305>
[COT 2025-01-26 11:18:31] 76561199072190350: Spawned Entity UH-1H (ExpansionUh1h<a9613070>, 100, 7500, 15, 0) at <6944.425293, 322.340210, 5802.562012>
[COT 2025-01-26 11:24:04] 76561199072190350: Spawned Entity AWM (Expansion_AWM<3efeed0>, 5, 200, 15, 0) at <4810.532715, 339.181915, 9880.629883>
[COT 2025-01-26 11:24:09] 76561199072190350: Set GodMode To false [guid=z63osPRVUnS8pzWmaenLtvu6c2gVxwL4gvA4elWPF5w=]
[COT 2025-01-26 11:25:24] 76561199072190350: Set GodMode To true [guid=z63osPRVUnS8pzWmaenLtvu6c2gVxwL4gvA4elWPF5w=]
[COT 2025-01-26 11:25:28] 76561199072190350: Healed [guid=z63osPRVUnS8pzWmaenLtvu6c2gVxwL4gvA4elWPF5w=]
[COT 2025-01-26 11:26:04] 76561199072190350: Set GodMode To false [guid=z63osPRVUnS8pzWmaenLtvu6c2gVxwL4gvA4elWPF5w=]
[COT 2025-01-26 11:26:13] 76561199072190350: Spawned Entity РПГ-7 (ExpansionRPG7<8cf9abc0>, 100, 200, 15, 0) at <4813.491699, 339.164764, 9871.367188>
[COT 2025-01-26 11:26:19] 76561199072190350: Spawned Entity Снаряд РПГ-7 (Ammunition_Base<8e9a6640>, 1, 100, 15, 0) at <4812.820801, 339.164948, 9871.769531>
[COT 2025-01-26 11:26:19] 76561199072190350: Spawned Entity Снаряд РПГ-7 (Ammunition_Base<8e9aa010>, 1, 100, 15, 0) at <4812.832520, 339.238708, 9871.673828>
[COT 2025-01-26 11:26:19] 76561199072190350: Spawned Entity Снаряд РПГ-7 (Ammunition_Base<1da4c00>, 1, 100, 15, 0) at <4812.844727, 339.312469, 9871.578125>
[COT 2025-01-26 11:26:20] 76561199072190350: Spawned Entity Снаряд РПГ-7 (Ammunition_Base<1dbec40>, 1, 100, 15, 0) at <4812.856934, 339.386230, 9871.481445>
[COT 2025-01-26 11:26:20] 76561199072190350: Spawned Entity Снаряд РПГ-7 (Ammunition_Base<1dc5450>, 1, 100, 15, 0) at <4812.868652, 339.456787, 9871.387695>
[COT 2025-01-26 11:26:20] 76561199072190350: Spawned Entity Снаряд РПГ-7 (Ammunition_Base<1dc2610>, 1, 100, 15, 0) at <4812.882813, 339.527344, 9871.294922>
[COT 2025-01-26 11:29:05] 76561199344883194: Teleported 76561199344883194 to position <4799.237793, 339.000000, 10029.124023>
[COT 2025-01-26 11:29:05] 76561199344883194: Teleported 76561199344883194 to position <4799.237793, 339.000000, 10029.124023>
[COT 2025-01-26 11:29:49] 76561199072190350: Spawned Entity Olga 24 (CivilianSedan<a9613070>, 1, 1000, 15, 0) at <4824.567383, 339.165009, 9876.555664>
[COT 2025-01-26 11:30:18] 76561199072190350: Spawned Entity РПГ-7 (ExpansionRPG7<8cfcdc50>, 1, 200, 15, 0) at <4811.501465, 339.184418, 9869.579102>
[COT 2025-01-26 11:30:53] 76561199072190350: Set GodMode To true [guid=z63osPRVUnS8pzWmaenLtvu6c2gVxwL4gvA4elWPF5w=]
[COT 2025-01-26 11:31:13] 76561199072190350: Spawned Entity Снаряд РПГ-7 (Ammunition_Base<d537f950>, 1, 100, 15, 0) at <4813.949707, 340.353394, 9872.586914>
[COT 2025-01-26 11:31:13] 76561199072190350: Spawned Entity Снаряд РПГ-7 (Ammunition_Base<d537edc0>, 1, 100, 15, 0) at <4813.744629, 340.449341, 9872.804688>
[COT 2025-01-26 11:31:13] 76561199072190350: Spawned Entity Снаряд РПГ-7 (Ammunition_Base<d5384a40>, 1, 100, 15, 0) at <4813.791992, 340.427155, 9872.754883>
[COT 2025-01-26 11:31:13] 76561199072190350: Spawned Entity Снаряд РПГ-7 (Ammunition_Base<d5388fa0>, 1, 100, 15, 0) at <4813.791992, 340.427155, 9872.754883>
[COT 2025-01-26 11:31:13] 76561199072190350: Spawned Entity Снаряд РПГ-7 (Ammunition_Base<d5386160>, 1, 100, 15, 0) at <4813.716309, 340.462433, 9872.834961>
[COT 2025-01-26 11:31:13] 76561199072190350: Spawned Entity Снаряд РПГ-7 (Ammunition_Base<d538ec20>, 1, 100, 15, 0) at <4813.647461, 340.494781, 9872.909180>
[COT 2025-01-26 11:31:14] 76561199072190350: Spawned Entity Снаряд РПГ-7 (Ammunition_Base<d538c970>, 1, 100, 15, 0) at <4813.647461, 340.494781, 9872.909180>
[COT 2025-01-26 11:31:14] 76561199072190350: Spawned Entity Снаряд РПГ-7 (Ammunition_Base<d5398270>, 1, 100, 15, 0) at <4813.647461, 340.494781, 9872.909180>
[COT 2025-01-26 11:32:22] 76561199072190350: Spawned Entity testing AKM (AKM_Base<f29a30>, 1, 300, 15, 0) at <4811.747559, 339.164825, 9872.514648>
[COT 2025-01-26 11:32:39] 76561199344883194: Set UnlimitedAmmo To true [guid=z63osPRVUnS8pzWmaenLtvu6c2gVxwL4gvA4elWPF5w=]
[COT 2025-01-26 11:34:07] 76561199072190350: Teleported 76561199344883194 to position <13420.121094, 5.761861, 6031.254395>
[COT 2025-01-26 11:34:09] 76561199072190350: Teleported 76561199072190350 to position <13429.003906, 5.832388, 6043.096680>
[COT 2025-01-26 11:34:27] 76561199072190350: Spawned Entity Ada 4x4 (OffroadHatchback<a961e0b0>, 100, 1000, 15, 0) at <13430.563477, 5.765278, 6030.990723>
[COT 2025-01-26 11:36:01] 76561199072190350: Spawned Entity Стейк из волчатины (WolfSteakMeat<d4ae40a0>, 150, 50, 15, 1) at <13430.627930, 4.117485, 6609.456055>
[COT 2025-01-26 11:36:01] 76561199072190350: Spawned Entity Стейк из волчатины (WolfSteakMeat<d4ae1260>, 150, 50, 15, 1) at <13430.568359, 4.207244, 6609.432129>
[COT 2025-01-26 11:36:23] 76561199072190350: Spawned Entity Стейк из говядины (CowSteakMeat<e7754b90>, 500, 50, 15, 1) at <13396.890625, 4.260005, 6613.620117>
[COT 2025-01-26 11:38:53] 76561199072190350: Healed [guid=1OEPy6aKlMe0cmo8LieQDvVcsiu6iWAr2PUZdSF5eMI=]
[COT 2025-01-26 11:38:55] 76561199072190350: Healed [guid=z63osPRVUnS8pzWmaenLtvu6c2gVxwL4gvA4elWPF5w=]
[COT 2025-01-26 11:40:48] 76561199072190350: Set GodMode To false [guid=z63osPRVUnS8pzWmaenLtvu6c2gVxwL4gvA4elWPF5w=]
[COT 2025-01-26 11:43:42] 76561199072190350: Date 2017/9/18 6:0
[COT 2025-01-26 11:43:44] 76561199072190350: Date 2017/9/19 0:0
[COT 2025-01-26 11:43:44] 76561199072190350: Storm 1, 0.7, 25
[COT 2025-01-26 11:43:44] 76561199072190350: Overcast 0.532549, 0, 240
[COT 2025-01-26 11:43:44] 76561199072190350: RainThreshold 0.5, 1, 120
[COT 2025-01-26 11:43:44] 76561199072190350: Rain 0.965545, 0, 240
[COT 2025-01-26 11:43:44] 76561199072190350: Snow 0, 0, 240
[COT 2025-01-26 11:43:44] 76561199072190350: Fog 0.606641, 0, 240
[COT 2025-01-26 11:43:44] 76561199072190350: DynamicFog 0, 0, 0
[COT 2025-01-26 11:43:44] 76561199072190350: WindMagnitude 3.65307, 0, 240
[COT 2025-01-26 11:43:44] 76561199072190350: WindDirection 0.704478, 0, 240
[COT 2025-01-26 11:43:44] 76561199072190350: WindFunction 0.229304, 0.319434, 8.50276
[COT 2025-01-26 11:43:45] 76561199072190350: Storm 1, 0.7, 25
[COT 2025-01-26 11:43:45] 76561199072190350: Overcast 0.553246, 0, 240
[COT 2025-01-26 11:43:45] 76561199072190350: SnowfallThreshold 0.5, 1, 120
[COT 2025-01-26 11:43:45] 76561199072190350: Rain 0, 0, 240
[COT 2025-01-26 11:43:45] 76561199072190350: Snow 0.951613, 0, 240
[COT 2025-01-26 11:43:45] 76561199072190350: SnowfallThreshold 0.5, 1, 120
[COT 2025-01-26 11:43:45] 76561199072190350: Fog 0.418079, 0, 240
[COT 2025-01-26 11:43:45] 76561199072190350: DynamicFog 0, 0, 0
[COT 2025-01-26 11:43:45] 76561199072190350: WindMagnitude 19.1009, 0, 240
[COT 2025-01-26 11:43:45] 76561199072190350: WindDirection 3.23971, 0, 240
[COT 2025-01-26 11:43:45] 76561199072190350: WindFunction 0.00187994, 0.641838, 26.3753
[COT 2025-01-26 11:45:51] 76561199072190350: Spawned Entity FN Five-seveN (TF_FiveSeven<fdaab4a0>, 100, 150, 15, 0) at <11460.720703, 68.941307, 6586.247559>
[COT 2025-01-26 11:46:38] 76561199344883194: Set GodMode To true [guid=z63osPRVUnS8pzWmaenLtvu6c2gVxwL4gvA4elWPF5w=]
[COT 2025-01-26 11:46:43] 76561199344883194: Healed [guid=z63osPRVUnS8pzWmaenLtvu6c2gVxwL4gvA4elWPF5w=]
[COT 2025-01-26 11:46:44] 76561199344883194: Healed [guid=z63osPRVUnS8pzWmaenLtvu6c2gVxwL4gvA4elWPF5w=]
[COT 2025-01-26 11:46:46] 76561199344883194: Set GodMode To false [guid=z63osPRVUnS8pzWmaenLtvu6c2gVxwL4gvA4elWPF5w=]
[COT 2025-01-26 11:50:54] 76561199072190350: Overcast 0, 0, 240
[COT 2025-01-26 11:50:54] 76561199072190350: Rain 0, 0, 240
[COT 2025-01-26 11:50:54] 76561199072190350: Snow 0, 0, 240
[COT 2025-01-26 11:50:54] 76561199072190350: Fog 0, 0, 240
[COT 2025-01-26 11:50:54] 76561199072190350: DynamicFog 0, 0, 0
[COT 2025-01-26 11:50:54] 76561199072190350: WindMagnitude 0, 0, 240
[COT 2025-01-26 11:50:54] 76561199072190350: WindDirection 0, 0, 240
[COT 2025-01-26 11:50:54] 76561199072190350: WindFunction 0, 1, 30
[COT 2025-01-26 11:50:55] 76561199072190350: Storm 1, 0.7, 25
[COT 2025-01-26 11:50:55] 76561199072190350: Overcast 0.504681, 0, 240
[COT 2025-01-26 11:50:55] 76561199072190350: Rain 0, 0, 240
[COT 2025-01-26 11:50:55] 76561199072190350: Snow 0, 0, 240
[COT 2025-01-26 11:50:55] 76561199072190350: Fog 0, 0, 240
[COT 2025-01-26 11:50:55] 76561199072190350: DynamicFog 0, 0, 0
[COT 2025-01-26 11:50:55] 76561199072190350: WindMagnitude 1.8366, 0, 240
[COT 2025-01-26 11:50:55] 76561199072190350: WindDirection 2.01478, 0, 240
[COT 2025-01-26 11:50:55] 76561199072190350: WindFunction 0.102371, 0.502711, 14.3165
[COT 2025-01-26 11:50:57] 76561199072190350: Overcast 0, 0, 240
[COT 2025-01-26 11:50:57] 76561199072190350: Rain 0, 0, 240
[COT 2025-01-26 11:50:57] 76561199072190350: Snow 0, 0, 240
[COT 2025-01-26 11:50:57] 76561199072190350: Fog 0, 0, 240
[COT 2025-01-26 11:50:57] 76561199072190350: DynamicFog 0, 0, 0
[COT 2025-01-26 11:50:57] 76561199072190350: WindMagnitude 0, 0, 240
[COT 2025-01-26 11:50:57] 76561199072190350: WindDirection 0, 0, 240
[COT 2025-01-26 11:50:57] 76561199072190350: WindFunction 0, 1, 30
[COT 2025-01-26 11:50:58] 76561199072190350: Storm 1, 0.7, 25
[COT 2025-01-26 11:50:58] 76561199072190350: Overcast 0.564647, 0, 240
[COT 2025-01-26 11:50:58] 76561199072190350: Rain 0, 0, 240
[COT 2025-01-26 11:50:58] 76561199072190350: Snow 0, 0, 240
[COT 2025-01-26 11:50:58] 76561199072190350: Fog 0, 0, 240
[COT 2025-01-26 11:50:58] 76561199072190350: DynamicFog 0, 0, 0
[COT 2025-01-26 11:50:58] 76561199072190350: WindMagnitude 17.1227, 0, 240
[COT 2025-01-26 11:50:58] 76561199072190350: WindDirection 3.66241, 0, 240
[COT 2025-01-26 11:50:58] 76561199072190350: WindFunction 0.448891, 0.612557, 5.67644
[COT 2025-01-26 11:50:59] 76561199072190350: Date 2017/9/18 6:0
[COT 2025-01-26 11:51:00] 76561199072190350: Overcast 0, 0, 240
[COT 2025-01-26 11:51:00] 76561199072190350: Rain 0, 0, 240
[COT 2025-01-26 11:51:00] 76561199072190350: Snow 0, 0, 240
[COT 2025-01-26 11:51:00] 76561199072190350: Fog 0, 0, 240
[COT 2025-01-26 11:51:00] 76561199072190350: DynamicFog 0, 0, 0
[COT 2025-01-26 11:51:00] 76561199072190350: WindMagnitude 0, 0, 240
[COT 2025-01-26 11:51:00] 76561199072190350: WindDirection 0, 0, 240
[COT 2025-01-26 11:51:00] 76561199072190350: WindFunction 0, 1, 30
[COT 2025-01-26 11:51:58] 76561199072190350: Spawned Entity Mh-6 Little Bird (ExpansionMh6<a9615c80>, 100, 5000, 15, 0) at <10578.658203, 224.584518, 8347.629883>
[COT 2025-01-26 11:57:40] 76561199072190350: Spawned Entity Gunter 2 (Hatchback_02_Blue<a96238d0>, 100, 1000, 15, 0) at <12145.396484, 30.510962, 9698.204102>
[COT 2025-01-26 11:57:42] 76561199072190350: Spawned Entity Sarka 120 (Sedan_02_Grey<a96264e0>, 100, 1000, 15, 0) at <12145.396484, 30.510962, 9698.204102>
[COT 2025-01-26 11:57:48] 76561199072190350: Spawned Entity Sarka 120 (Sedan_02_Grey<a961e0b0>, 100, 1000, 15, 0) at <12147.002930, 30.510967, 9700.412109>
[COT 2025-01-26 11:57:49] 76561199072190350: Spawned Entity Sarka 120 (Sedan_02_Grey<a9631520>, 100, 1000, 15, 0) at <12148.683594, 30.715399, 9699.663086>
[COT 2025-01-26 11:57:52] 76561199072190350: Spawned Entity Крытый M3S (Truck_01_Covered_Blue<a9634130>, 100, 1500, 15, 0) at <12147.002930, 30.510967, 9700.412109>
[COT 2025-01-26 11:57:56] 76561199072190350: Spawned Entity Крытый M3S (Truck_01_Covered_Blue<a962bd00>, 100, 1500, 15, 0) at <12149.160156, 30.510963, 9699.916016>
[COT 2025-01-26 11:57:56] 76561199072190350: Spawned Entity Крытый M3S (Truck_01_Covered_Blue<a9636d40>, 100, 1500, 15, 0) at <12149.160156, 30.510963, 9699.916016>
[COT 2025-01-26 11:58:02] 76561199072190350: Spawned Entity Крытый M3S (Truck_01_Covered_Blue<a962e910>, 100, 1500, 15, 0) at <12148.072266, 30.510967, 9698.865234>
[COT 2025-01-26 11:58:02] 76561199072190350: Spawned Entity Крытый M3S (Truck_01_Covered_Blue<a9639950>, 100, 1500, 15, 0) at <12148.072266, 30.510967, 9698.865234>
[COT 2025-01-26 11:58:02] 76561199072190350: Spawned Entity Крытый M3S (Truck_01_Covered_Blue<a963f170>, 100, 1500, 15, 0) at <12150.498047, 30.887165, 9697.413086>
[COT 2025-01-26 11:58:03] 76561199072190350: Spawned Entity Крытый M3S (Truck_01_Covered_Blue<a9644990>, 100, 1500, 15, 0) at <12151.157227, 30.989548, 9697.017578>
[COT 2025-01-26 11:58:03] 76561199072190350: Spawned Entity Крытый M3S (Truck_01_Covered_Blue<a963c560>, 100, 1500, 15, 0) at <12151.122070, 30.984026, 9697.038086>
[COT 2025-01-26 11:58:22] 76561199344883194: Spawned Entity Sarka 120 (Sedan_02_Red<a9615c80>, 100, 1000, 15, 0) at <12144.847656, 30.510958, 9697.096680>
[COT 2025-01-26 11:58:22] 76561199344883194: Spawned Entity Sarka 120 (Sedan_02_Red<a962bd00>, 100, 1000, 15, 0) at <12144.847656, 30.510958, 9697.096680>
[COT 2025-01-26 11:58:22] 76561199344883194: Spawned Entity Sarka 120 (Sedan_02_Red<a96264e0>, 100, 1000, 15, 0) at <12144.847656, 30.510958, 9697.096680>
[COT 2025-01-26 11:58:25] 76561199344883194: Spawned Entity Sarka 120 (Sedan_02_Red<a96238d0>, 100, 1000, 15, 0) at <12144.847656, 30.510958, 9697.096680>
[COT 2025-01-26 11:58:25] 76561199344883194: Spawned Entity Sarka 120 (Sedan_02_Red<a9634130>, 100, 1000, 15, 0) at <12144.847656, 30.510958, 9697.096680>
[COT 2025-01-26 11:58:28] 76561199344883194: Spawned Entity Sarka 120 (Sedan_02_Red<a961e0b0>, 100, 1000, 15, 0) at <12144.847656, 30.510958, 9697.096680>
[COT 2025-01-26 11:58:28] 76561199344883194: Spawned Entity Sarka 120 (Sedan_02_Red<a9636d40>, 100, 1000, 15, 0) at <12145.683594, 30.574877, 9697.031250>
[COT 2025-01-26 11:58:28] 76561199344883194: Spawned Entity Sarka 120 (Sedan_02_Red<a9631520>, 100, 1000, 15, 0) at <12144.847656, 30.510958, 9697.096680>
[COT 2025-01-26 11:58:29] 76561199344883194: Spawned Entity Sarka 120 (Sedan_02_Red<a962e910>, 100, 1000, 15, 0) at <12144.847656, 30.510958, 9697.096680>
[COT 2025-01-26 11:58:29] 76561199344883194: Spawned Entity Sarka 120 (Sedan_02_Red<a963f170>, 100, 1000, 15, 0) at <12144.847656, 30.510958, 9697.096680>
[COT 2025-01-26 11:58:29] 76561199344883194: Spawned Entity Sarka 120 (Sedan_02_Red<a9641d80>, 100, 1000, 15, 0) at <12144.847656, 30.510958, 9697.096680>
[COT 2025-01-26 11:58:29] 76561199344883194: Spawned Entity Sarka 120 (Sedan_02_Red<a963c560>, 100, 1000, 15, 0) at <12144.847656, 30.510958, 9697.096680>
[COT 2025-01-26 11:58:29] 76561199344883194: Spawned Entity Sarka 120 (Sedan_02_Red<a9639950>, 100, 1000, 15, 0) at <12144.847656, 30.510958, 9697.096680>
[COT 2025-01-26 11:58:29] 76561199344883194: Spawned Entity Sarka 120 (Sedan_02_Red<a96475a0>, 100, 1000, 15, 0) at <12144.847656, 30.510958, 9697.096680>
[COT 2025-01-26 11:58:30] 76561199344883194: Spawned Entity Sarka 120 (Sedan_02_Red<a964a1b0>, 100, 1000, 15, 0) at <12144.847656, 30.510958, 9697.096680>
