[COT 2024-11-02 10:40:29] 76561199072190350: Activated Community Online Tools [guid=1OEPy6aKlMe0cmo8LieQDvVcsiu6iWAr2PUZdSF5eMI=]
[COT 2024-11-02 10:40:30] 76561199072190350: Set GodMode To true [guid=1OEPy6aKlMe0cmo8LieQDvVcsiu6iWAr2PUZdSF5eMI=]
[COT 2024-11-02 10:42:20] 76561199072190350: Set GodMode To false [guid=1OEPy6aKlMe0cmo8LieQDvVcsiu6iWAr2PUZdSF5eMI=]
[COT 2024-11-02 10:42:21] 76561199072190350: Set GodMode To true [guid=1OEPy6aKlMe0cmo8LieQDvVcsiu6iWAr2PUZdSF5eMI=]
[COT 2024-11-02 10:49:51] 76561199072190350: Spawned Entity Зарядное устройство (BatteryCharger<a754ccb0>, 4, 90, 15, 0) at <11931.162109, 140.000015, 12606.867188>
[COT 2024-11-02 10:50:23] 76561199072190350: Spawned Entity Pack of Merkur Cigarettes (CigarettePack_Merkur<a755f950>, 20, 25, 15, 0) at <11930.291016, 140.000000, 12607.314453>
[COT 2024-11-02 10:52:14] 76561199072190350: Spawned Entity Disassembled Trumpet (ItemBase<a7750f90>, 20000, 100, 15, 0) at <11932.395508, 140.000000, 12606.713867>
[COT 2024-11-02 10:55:28] 76561199072190350: Spawned Entity Брюки (SlacksPants_White<a78fd2b0>, 100, 100, 15, 0) at <11930.061523, 140.000000, 12607.314453>
[COT 2024-11-02 10:55:41] 76561199072190350: Spawned Entity Рабочие ботинки (WorkingBoots_Brown<a78fde40>, 100, 130, 15, 0) at <11930.149414, 140.000000, 12607.368164>
[COT 2024-11-02 10:55:56] 76561199072190350: Spawned Entity Бушлат (WoolCoat_GreyCheck<a79e8170>, 100, 140, 15, 0) at <11929.830078, 140.000000, 12607.336914>
[COT 2024-11-02 10:56:25] 76561199072190350: Storm 1, 0.7, 25
[COT 2024-11-02 10:56:25] 76561199072190350: Overcast 0.607108, 0, 240
[COT 2024-11-02 10:56:25] 76561199072190350: Rain 0, 0, 240
[COT 2024-11-02 10:56:25] 76561199072190350: Snow 0, 0, 240
[COT 2024-11-02 10:56:25] 76561199072190350: Fog 0, 0, 240
[COT 2024-11-02 10:56:25] 76561199072190350: DynamicFog 0, 0, 0
[COT 2024-11-02 10:56:25] 76561199072190350: WindMagnitude 19.5654, 0, 240
[COT 2024-11-02 10:56:25] 76561199072190350: WindDirection 3.45547, 0, 240
[COT 2024-11-02 10:56:25] 76561199072190350: WindFunction 0.13538, 0.756211, 0.246284
[COT 2024-11-02 10:56:25] 76561199072190350: Overcast 0, 0, 240
[COT 2024-11-02 10:56:25] 76561199072190350: Rain 0, 0, 240
[COT 2024-11-02 10:56:25] 76561199072190350: Snow 0, 0, 240
[COT 2024-11-02 10:56:25] 76561199072190350: Fog 0, 0, 240
[COT 2024-11-02 10:56:25] 76561199072190350: DynamicFog 0, 0, 0
[COT 2024-11-02 10:56:25] 76561199072190350: WindMagnitude 0, 0, 240
[COT 2024-11-02 10:56:25] 76561199072190350: WindDirection 0, 0, 240
[COT 2024-11-02 10:56:25] 76561199072190350: WindFunction 0, 1, 30
[COT 2024-11-02 10:56:26] 76561199072190350: Date 2024/9/19 12:0
[COT 2024-11-02 11:01:47] 76561199072190350: Teleported 76561199072190350 to position <1623.017822, 7.826725, 2243.529053>
[COT 2024-11-02 11:08:00] 76561199072190350: Spawned Entity Francis (ExpansionQuestNPCAIFrancis<ac7ba020>, 100, 100, 15, 0) at <1746.282593, 9.948693, 2208.726807>
[COT 2024-11-02 11:08:18] 76561199072190350: Spawned Entity Peter (ExpansionQuestNPCAIPeter<9b9aa010>, 100, 100, 15, 0) at <1743.282837, 9.469904, 2213.070801>
[COT 2024-11-02 11:08:31] 76561199072190350: Spawned Entity Quinn (ExpansionQuestNPCAIQuinn<c9a29020>, 100, 100, 15, 0) at <1745.395142, 9.469903, 2209.314209>
