[COT 2025-01-24 11:34:25] 76561199072190350: Activated Community Online Tools [guid=1OEPy6aKlMe0cmo8LieQDvVcsiu6iWAr2PUZdSF5eMI=]
[COT 2025-01-24 11:34:25] 76561199072190350: Entered the Free Camera
[COT 2025-01-24 11:40:13] 76561199072190350: Set GodMode To true [guid=1OEPy6aKlMe0cmo8LieQDvVcsiu6iWAr2PUZdSF5eMI=]
[COT 2025-01-24 11:58:11] 76561199072190350: Left the Free Camera
[COT 2025-01-24 11:58:18] 76561199072190350: Set GodMode To false [guid=1OEPy6aKlMe0cmo8LieQDvVcsiu6iWAr2PUZdSF5eMI=]
[COT 2025-01-24 11:58:18] 76561199072190350: Set GodMode To true [guid=1OEPy6aKlMe0cmo8LieQDvVcsiu6iWAr2PUZdSF5eMI=]
[COT 2025-01-24 11:58:27] 76561199072190350: Set Invisibility To 1 [guid=1OEPy6aKlMe0cmo8LieQDvVcsiu6iWAr2PUZdSF5eMI=]
[COT 2025-01-24 11:58:27] 76561199072190350: Set Invisibility To 0 [guid=1OEPy6aKlMe0cmo8LieQDvVcsiu6iWAr2PUZdSF5eMI=]
[COT 2025-01-24 11:58:29] 76561199072190350: Set UnlimitedAmmo To true [guid=1OEPy6aKlMe0cmo8LieQDvVcsiu6iWAr2PUZdSF5eMI=]
[COT 2025-01-24 12:05:00] 76561199072190350: Spawned Entity Mh-6 Little Bird (ExpansionMh6<8ba58ac0>, 100, 5000, 15, 0) at <11634.183594, 30.131563, 14290.342773>
[COT 2025-01-24 12:05:56] 76561199072190350: Set GodMode To false [guid=1OEPy6aKlMe0cmo8LieQDvVcsiu6iWAr2PUZdSF5eMI=]
[COT 2025-01-24 12:07:49] 76561199072190350: Spawned Entity Merlin (ExpansionMerlin<8ba63b00>, 100, 10000, 15, 0) at <12052.557617, 140.000000, 12541.166992>
[COT 2025-01-24 12:09:36] 76561199072190350: Set GodMode To true [guid=1OEPy6aKlMe0cmo8LieQDvVcsiu6iWAr2PUZdSF5eMI=]
[COT 2025-01-24 12:10:38] 76561199072190350: Spawned Entity UH-1H (ExpansionUh1h<8ba5e2e0>, 100, 7500, 15, 0) at <12686.975586, 143.552277, 12389.397461>
[COT 2025-01-24 12:11:05] 76561199072190350: Set GodMode To false [guid=1OEPy6aKlMe0cmo8LieQDvVcsiu6iWAr2PUZdSF5eMI=]
[COT 2025-01-24 12:11:24] 76561199072190350: Set GodMode To true [guid=1OEPy6aKlMe0cmo8LieQDvVcsiu6iWAr2PUZdSF5eMI=]
[COT 2025-01-24 12:22:41] 76561199072190350: ESP: Viewing ESP
[COT 2025-01-24 12:23:01] 76561199072190350: Entered the Free Camera
[COT 2025-01-24 12:25:00] 76561199072190350: Left the Free Camera
[COT 2025-01-24 12:31:19] 76561199072190350: Activated Community Online Tools [guid=1OEPy6aKlMe0cmo8LieQDvVcsiu6iWAr2PUZdSF5eMI=]
[COT 2025-01-24 12:31:20] 76561199072190350: Set GodMode To true [guid=1OEPy6aKlMe0cmo8LieQDvVcsiu6iWAr2PUZdSF5eMI=]
[COT 2025-01-24 12:31:32] 76561199072190350: Entered the Free Camera
[COT 2025-01-24 12:32:14] 76561199072190350: Left the Free Camera
[COT 2025-01-24 12:32:35] 76561199072190350: Entered the Free Camera
