[COT 2024-12-09 18:09:38] 76561199072190350: Activated Community Online Tools [guid=1OEPy6aKlMe0cmo8LieQDvVcsiu6iWAr2PUZdSF5eMI=]
[COT 2024-12-09 18:09:40] 76561199072190350: Set GodMode To true [guid=1OEPy6aKlMe0cmo8LieQDvVcsiu6iWAr2PUZdSF5eMI=]
[COT 2024-12-09 18:09:58] 76561199072190350: Overcast 0, 0, 240
[COT 2024-12-09 18:09:58] 76561199072190350: Rain 0, 0, 240
[COT 2024-12-09 18:09:58] 76561199072190350: Snow 0, 0, 240
[COT 2024-12-09 18:09:58] 76561199072190350: Fog 0, 0, 240
[COT 2024-12-09 18:09:58] 76561199072190350: DynamicFog 0, 0, 0
[COT 2024-12-09 18:09:58] 76561199072190350: WindMagnitude 0, 0, 240
[COT 2024-12-09 18:09:58] 76561199072190350: WindDirection 0, 0, 240
[COT 2024-12-09 18:09:58] 76561199072190350: WindFunction 0, 1, 30
[COT 2024-12-09 18:09:59] 76561199072190350: Date 2024/9/19 6:0
[COT 2024-12-09 18:10:53] 76561199072190350: Set GodMode To false [guid=1OEPy6aKlMe0cmo8LieQDvVcsiu6iWAr2PUZdSF5eMI=]
[COT 2024-12-09 18:10:54] 76561199072190350: Set GodMode To true [guid=1OEPy6aKlMe0cmo8LieQDvVcsiu6iWAr2PUZdSF5eMI=]
[COT 2024-12-09 18:10:54] 76561199072190350: Set GodMode To false [guid=1OEPy6aKlMe0cmo8LieQDvVcsiu6iWAr2PUZdSF5eMI=]
[COT 2024-12-09 18:10:55] 76561199072190350: Set GodMode To true [guid=1OEPy6aKlMe0cmo8LieQDvVcsiu6iWAr2PUZdSF5eMI=]
[COT 2024-12-09 18:11:03] 76561199072190350: Spawned Entity КА-101 (AK101<13c5d1b0>, 100, 300, 15, 0) at <4537.335449, 302.991364, 5909.511719>
[COT 2024-12-09 18:13:36] 76561199072190350: Activated Community Online Tools [guid=1OEPy6aKlMe0cmo8LieQDvVcsiu6iWAr2PUZdSF5eMI=]
[COT 2024-12-09 18:13:37] 76561199072190350: Set GodMode To true [guid=1OEPy6aKlMe0cmo8LieQDvVcsiu6iWAr2PUZdSF5eMI=]
[COT 2024-12-09 18:17:54] 76561199072190350: Spawned Entity Пилотка (PilotkaCap<20677800>, 100, 80, 15, 0) at <4538.424316, 302.880096, 5911.846191>
[COT 2024-12-09 18:34:30] 76561199072190350: Spawned Entity КАС-74У (AKS74U<daaf8d80>, 8, 250, 15, 0) at <4539.294434, 302.919495, 5909.290527>
[COT 2024-12-09 18:34:52] 76561199072190350: Spawned Entity Магазин КА-74, 30 пат. (Mag_AK74_30Rnd<2fa34550>, 30, 100, 15, 0) at <4536.726074, 303.036743, 5908.906738>
[COT 2024-12-09 18:34:54] 76561199072190350: Spawned Entity Магазин КА-74, 45 пат. (Mag_AK74_45Rnd<2fa31710>, 45, 100, 15, 0) at <4536.819824, 303.082520, 5908.934570>
[COT 2024-12-09 18:38:45] 76561199072190350: Spawned Entity Обрез Мосин 91/30 (SawedoffMosin9130_Base<dab0fb40>, 45, 250, 15, 0) at <4536.468750, 303.074341, 5907.993164>
[COT 2024-12-09 18:48:51] 76561199072190350: Spawned Entity СК 59/66 (SKS_Base<e0672130>, 30, 300, 15, 0) at <4535.327637, 303.172089, 5906.403809>
