[COT 2024-12-12 17:36:13] 76561199072190350: Activated Community Online Tools [guid=1OEPy6aKlMe0cmo8LieQDvVcsiu6iWAr2PUZdSF5eMI=]
[COT 2024-12-12 17:36:14] 76561199072190350: Set GodMode To true [guid=1OEPy6aKlMe0cmo8LieQDvVcsiu6iWAr2PUZdSF5eMI=]
[COT 2024-12-12 17:36:17] 76561199072190350: Overcast 0, 0, 240
[COT 2024-12-12 17:36:17] 76561199072190350: Rain 0, 0, 240
[COT 2024-12-12 17:36:17] 76561199072190350: Snow 0, 0, 240
[COT 2024-12-12 17:36:17] 76561199072190350: Fog 0, 0, 240
[COT 2024-12-12 17:36:17] 76561199072190350: DynamicFog 0, 0, 0
[COT 2024-12-12 17:36:17] 76561199072190350: WindMagnitude 0, 0, 240
[COT 2024-12-12 17:36:17] 76561199072190350: WindDirection 0, 0, 240
[COT 2024-12-12 17:36:17] 76561199072190350: WindFunction 0, 1, 30
[COT 2024-12-12 17:36:17] 76561199072190350: Storm 1, 0.7, 25
[COT 2024-12-12 17:36:17] 76561199072190350: Overcast 0.53532, 0, 240
[COT 2024-12-12 17:36:17] 76561199072190350: Rain 0, 0, 240
[COT 2024-12-12 17:36:17] 76561199072190350: Snow 0, 0, 240
[COT 2024-12-12 17:36:17] 76561199072190350: Fog 0, 0, 240
[COT 2024-12-12 17:36:17] 76561199072190350: DynamicFog 0, 0, 0
[COT 2024-12-12 17:36:17] 76561199072190350: WindMagnitude 0.765404, 0, 240
[COT 2024-12-12 17:36:17] 76561199072190350: WindDirection 1.13394, 0, 240
[COT 2024-12-12 17:36:17] 76561199072190350: WindFunction 0.505435, 0.616553, 17.7947
[COT 2024-12-12 17:36:19] 76561199072190350: Overcast 0, 0, 240
[COT 2024-12-12 17:36:19] 76561199072190350: Rain 0, 0, 240
[COT 2024-12-12 17:36:19] 76561199072190350: Snow 0, 0, 240
[COT 2024-12-12 17:36:19] 76561199072190350: Fog 0, 0, 240
[COT 2024-12-12 17:36:19] 76561199072190350: DynamicFog 0, 0, 0
[COT 2024-12-12 17:36:19] 76561199072190350: WindMagnitude 0, 0, 240
[COT 2024-12-12 17:36:19] 76561199072190350: WindDirection 0, 0, 240
[COT 2024-12-12 17:36:19] 76561199072190350: WindFunction 0, 1, 30
[COT 2024-12-12 17:36:28] 76561199072190350: Date 2017/1/20 8:17
[COT 2024-12-12 17:36:33] 76561199072190350: Date 2017/1/20 6:0
[COT 2024-12-12 17:36:35] 76561199072190350: Date 2017/1/20 12:0
[COT 2024-12-12 17:37:28] 76561199072190350: Spawned Entity Шапка-ушанка (Ushanka_Blue<16349a60>, 100, 120, 15, 0) at <11978.668945, 6.578295, 3482.276367>
[COT 2024-12-12 17:37:34] 76561199072190350: Spawned Entity Телогрейка (QuiltedJacket_Black<1634eb50>, 100, 120, 15, 0) at <11978.925781, 6.751412, 3482.291504>
[COT 2024-12-12 17:37:51] 76561199072190350: Spawned Entity Балаклава  (Balaclava3Holes_Black<163651c0>, 100, 100, 15, 0) at <11976.929688, 6.564141, 3480.963135>
[COT 2024-12-12 17:38:16] 76561199072190350: Spawned Entity ИЖ-70 (MakarovIJ70_Base<5f70310>, 15, 100, 15, 0) at <11977.298828, 6.562133, 3480.438721>
[COT 2024-12-12 17:38:19] 76561199072190350: Spawned Entity Магазин ИЖ-70, 12 пат. (Mag_IJ70_8Rnd<25f34a70>, 12, 100, 15, 0) at <11977.314453, 6.630400, 3480.478516>
[COT 2024-12-12 17:38:19] 76561199072190350: Spawned Entity Магазин ИЖ-70, 12 пат. (Mag_IJ70_8Rnd<25f36d20>, 12, 100, 15, 0) at <11977.329102, 6.692952, 3480.514893>
[COT 2024-12-12 17:38:19] 76561199072190350: Spawned Entity Магазин ИЖ-70, 12 пат. (Mag_IJ70_8Rnd<25f378b0>, 12, 100, 15, 0) at <11977.342773, 6.755505, 3480.551514>
[COT 2024-12-12 17:39:08] 76561199072190350: Set GodMode To false [guid=1OEPy6aKlMe0cmo8LieQDvVcsiu6iWAr2PUZdSF5eMI=]
[COT 2024-12-12 17:44:20] 76561199072190350: Deactivated Community Online Tools [guid=1OEPy6aKlMe0cmo8LieQDvVcsiu6iWAr2PUZdSF5eMI=]
[COT 2024-12-12 17:47:44] 76561199072190350: Activated Community Online Tools [guid=1OEPy6aKlMe0cmo8LieQDvVcsiu6iWAr2PUZdSF5eMI=]
[COT 2024-12-12 17:55:43] 76561199072190350: Spawned Entity Патроны 9x19 мм (Ammo_9x19<357558e0>, 25, 100, 15, 0) at <13392.630859, 7.508687, 4276.219727>
