[COT 2025-01-28 12:06:05] 76561199072190350: Activated Community Online Tools [guid=1OEPy6aKlMe0cmo8LieQDvVcsiu6iWAr2PUZdSF5eMI=]
[COT 2025-01-28 12:06:05] 76561199072190350: Set GodMode To true [guid=1OEPy6aKlMe0cmo8LieQDvVcsiu6iWAr2PUZdSF5eMI=]
[COT 2025-01-28 12:06:46] 76561199072190350: Teleported 76561199072190350 to position <6041.813965, 301.000000, 7777.991699>
[COT 2025-01-28 12:06:49] 76561199072190350: Entered the Free Camera
[COT 2025-01-28 12:08:28] 76561199072190350: Teleported 76561199072190350 to position <3472.233398, 192.729996, 13041.591797>
[COT 2025-01-28 12:08:31] 76561199072190350: Left the Free Camera
[COT 2025-01-28 12:08:33] 76561199072190350: Entered the Free Camera
[COT 2025-01-28 12:10:26] 76561199072190350: Teleported 76561199072190350 to position <5764.169922, 190.004456, 13092.961914>
[COT 2025-01-28 12:10:38] 76561199072190350: Teleported 76561199072190350 to position <7876.481445, 343.549988, 14704.425781>
[COT 2025-01-28 12:10:41] 76561199072190350: Left the Free Camera
[COT 2025-01-28 12:10:43] 76561199072190350: Entered the Free Camera
[COT 2025-01-28 12:12:47] 76561199072190350: Teleported 76561199072190350 to position <6687.791992, 59.992825, 3636.191650>
[COT 2025-01-28 12:12:50] 76561199072190350: Left the Free Camera
[COT 2025-01-28 12:12:52] 76561199072190350: Entered the Free Camera
[COT 2025-01-28 12:14:06] 76561199072190350: Teleported 76561199072190350 to position <6116.382813, 53.401257, 3234.433594>
[COT 2025-01-28 12:14:07] 76561199072190350: Left the Free Camera
[COT 2025-01-28 12:14:08] 76561199072190350: Entered the Free Camera
[COT 2025-01-28 12:15:13] 76561199072190350: Teleported 76561199072190350 to position <5713.021484, 78.541130, 2565.916504>
[COT 2025-01-28 12:15:15] 76561199072190350: Left the Free Camera
[COT 2025-01-28 12:15:16] 76561199072190350: Entered the Free Camera
[COT 2025-01-28 12:16:40] 76561199072190350: Teleported 76561199072190350 to position <1632.494141, 451.730011, 14180.567383>
[COT 2025-01-28 12:16:42] 76561199072190350: Left the Free Camera
[COT 2025-01-28 12:16:44] 76561199072190350: Entered the Free Camera
[COT 2025-01-28 12:18:42] 76561199072190350: Teleported 76561199072190350 to position <1502.326416, 440.410004, 13619.780273>
[COT 2025-01-28 12:18:43] 76561199072190350: Left the Free Camera
[COT 2025-01-28 12:18:44] 76561199072190350: Entered the Free Camera
[COT 2025-01-28 12:19:11] 76561199072190350: Teleported 76561199072190350 to position <7939.141602, 338.502289, 14640.858398>
[COT 2025-01-28 12:19:13] 76561199072190350: Left the Free Camera
[COT 2025-01-28 12:19:14] 76561199072190350: Entered the Free Camera
[COT 2025-01-28 12:21:06] 76561199072190350: Teleported 76561199072190350 to position <11910.192383, 140.000000, 12510.959961>
[COT 2025-01-28 12:21:08] 76561199072190350: Left the Free Camera
[COT 2025-01-28 12:21:11] 76561199072190350: Entered the Free Camera
[COT 2025-01-28 12:21:13] 76561199072190350: Left the Free Camera
