[COT 2024-10-26 15:20:14] 76561199072190350: Activated Community Online Tools [guid=1OEPy6aKlMe0cmo8LieQDvVcsiu6iWAr2PUZdSF5eMI=]
[COT 2024-10-26 15:20:15] 76561199072190350: Set GodMode To true [guid=1OEPy6aKlMe0cmo8LieQDvVcsiu6iWAr2PUZdSF5eMI=]
[COT 2024-10-26 15:20:19] 76561199072190350: Teleported 1OEPy6aKlMe0cmo8LieQDvVcsiu6iWAr2PUZdSF5eMI= to (Airfield Krasno, <12099.125000, 139.905807, 12575.733398>)
[COT 2024-10-26 15:20:33] 76561199072190350: Storm 1, 0.7, 25
[COT 2024-10-26 15:20:33] 76561199072190350: Overcast 0.610679, 0, 240
[COT 2024-10-26 15:20:33] 76561199072190350: Rain 0, 0, 240
[COT 2024-10-26 15:20:33] 76561199072190350: Snow 0, 0, 240
[COT 2024-10-26 15:20:33] 76561199072190350: Fog 0, 0, 240
[COT 2024-10-26 15:20:33] 76561199072190350: DynamicFog 0, 0, 0
[COT 2024-10-26 15:20:33] 76561199072190350: WindMagnitude 6.4864, 0, 240
[COT 2024-10-26 15:20:33] 76561199072190350: WindDirection 2.19199, 0, 240
[COT 2024-10-26 15:20:33] 76561199072190350: WindFunction 0.251204, 0.601482, 5.7973
[COT 2024-10-26 15:20:34] 76561199072190350: Overcast 0, 0, 240
[COT 2024-10-26 15:20:34] 76561199072190350: Rain 0, 0, 240
[COT 2024-10-26 15:20:34] 76561199072190350: Snow 0, 0, 240
[COT 2024-10-26 15:20:34] 76561199072190350: Fog 0, 0, 240
[COT 2024-10-26 15:20:34] 76561199072190350: DynamicFog 0, 0, 0
[COT 2024-10-26 15:20:34] 76561199072190350: WindMagnitude 0, 0, 240
[COT 2024-10-26 15:20:34] 76561199072190350: WindDirection 0, 0, 240
[COT 2024-10-26 15:20:34] 76561199072190350: WindFunction 0, 1, 30
[COT 2024-10-26 15:20:36] 76561199072190350: Date 2024/9/19 12:0
